================================================================
== Design Size Report
================================================================

* Instructions per Function for each Compilation Phase
+-----------------+-------------+-----------------+-----------------+----------------------+---------------+
| Function        | Location    | Compile/Link    | Unroll/Inline   | Performance/Pipeline | Optimizations |
+-----------------+-------------+-----------------+-----------------+----------------------+---------------+
| + RNI           | RNI.cpp:15  | 8,603           | 1,115           | 704                  | 754           |
|    input_layer  | RNI.cpp:88  |   881           |   101           |                      |               |
|    inner_layer  | RNI.cpp:115 | 5,256 (4 calls) |   696 (4 calls) | 440 (4 calls)        | 448 (4 calls) |
|    output_layer | RNI.cpp:148 | 1,392           |   125           |                      |               |
+-----------------+-------------+-----------------+-----------------+----------------------+---------------+

* Description of Compilation Phases
+----------------------+------------------------------------------------------------+
| Compilation Phase    | Description                                                |
+----------------------+------------------------------------------------------------+
| Compile/Link         | All functions are compiled and linked into a single design |
| Unroll/Inline        | After user unroll and inline pragmas are applied           |
| Performance/Pipeline | After performance and pipeline pragmas are applied         |
| Optimizations        | After high level synthesis optimizations                   |
+----------------------+------------------------------------------------------------+

* Design Size Message Settings
+---------------------------------------------+--------+------------------------------------------------------------------+
| Message Setting                             | Value  | Description                                                      |
+---------------------------------------------+--------+------------------------------------------------------------------+
| config_compile -design_size_maximum_warning | 100000 | Show a warning when total design instructions exceeds this value |
+---------------------------------------------+--------+------------------------------------------------------------------+


