

================================================================
== Vitis HLS Report for 'inner_layer_1_Pipeline_WEIGHTS_LOOP_1'
================================================================
* Date:           Tue Oct 29 15:19:20 2024

* Version:        2023.1.1 (Build 3869133 on Jun 15 2023)
* Project:        RNI
* Solution:       solution1 (Vivado IP Flow Target)
* Product family: zynq
* Target device:  xc7z020-clg400-1


================================================================
== Performance Estimates
================================================================
+ Timing: 
    * Summary: 
    +--------+----------+----------+------------+
    |  Clock |  Target  | Estimated| Uncertainty|
    +--------+----------+----------+------------+
    |ap_clk  |  10.00 ns|  6.084 ns|     2.70 ns|
    +--------+----------+----------+------------+

+ Latency: 
    * Summary: 
    +---------+---------+-----------+----------+-----+--------+---------+
    |  Latency (cycles) |  Latency (absolute)  |   Interval   | Pipeline|
    |   min   |   max   |    min    |    max   | min |   max  |   Type  |
    +---------+---------+-----------+----------+-----+--------+---------+
    |        2|   196607|  20.000 ns|  1.966 ms|    2|  196607|       no|
    +---------+---------+-----------+----------+-----+--------+---------+

    + Detail: 
        * Instance: 
        N/A

        * Loop: 
        +------------------+---------+---------+----------+-----------+-----------+-----------+----------+
        |                  |  Latency (cycles) | Iteration|  Initiation Interval  |    Trip   |          |
        |     Loop Name    |   min   |   max   |  Latency |  achieved |   target  |   Count   | Pipelined|
        +------------------+---------+---------+----------+-----------+-----------+-----------+----------+
        |- WEIGHTS_LOOP_1  |        0|   196605|         4|          3|          1|  0 ~ 65535|       yes|
        +------------------+---------+---------+----------+-----------+-----------+-----------+----------+



================================================================
== Utilization Estimates
================================================================
* Summary: 
+-----------------+---------+-----+--------+-------+-----+
|       Name      | BRAM_18K| DSP |   FF   |  LUT  | URAM|
+-----------------+---------+-----+--------+-------+-----+
|DSP              |        -|    -|       -|      -|    -|
|Expression       |        -|    -|       0|    217|    -|
|FIFO             |        -|    -|       -|      -|    -|
|Instance         |        -|    -|       -|      -|    -|
|Memory           |        8|    -|       0|      0|    -|
|Multiplexer      |        -|    -|       -|     65|    -|
|Register         |        -|    -|     181|      -|    -|
+-----------------+---------+-----+--------+-------+-----+
|Total            |        8|    0|     181|    282|    0|
+-----------------+---------+-----+--------+-------+-----+
|Available        |      280|  220|  106400|  53200|    0|
+-----------------+---------+-----+--------+-------+-----+
|Utilization (%)  |        2|    0|      ~0|     ~0|    0|
+-----------------+---------+-----+--------+-------+-----+

+ Detail: 
    * Instance: 
    N/A

    * DSP: 
    N/A

    * Memory: 
    +-----------+---------------------------------------------------------+---------+---+----+-----+-------+-----+------+-------------+
    |   Memory  |                          Module                         | BRAM_18K| FF| LUT| URAM| Words | Bits| Banks| W*Bits*Banks|
    +-----------+---------------------------------------------------------+---------+---+----+-----+-------+-----+------+-------------+
    |WEIGHTS_U  |input_layer_Pipeline_WEIGHTS_LOOP_0_WEIGHTS_ROM_AUTO_1R  |        8|  0|   0|    0|  11328|    8|     1|        90624|
    +-----------+---------------------------------------------------------+---------+---+----+-----+-------+-----+------+-------------+
    |Total      |                                                         |        8|  0|   0|    0|  11328|    8|     1|        90624|
    +-----------+---------------------------------------------------------+---------+---+----+-----+-------+-----+------+-------------+

    * FIFO: 
    N/A

    * Expression: 
    +-----------------------+----------+----+---+----+------------+------------+
    |     Variable Name     | Operation| DSP| FF| LUT| Bitwidth P0| Bitwidth P1|
    +-----------------------+----------+----+---+----+------------+------------+
    |add_ln88_fu_153_p2     |         +|   0|  0|  71|          64|           1|
    |add_ln93_fu_175_p2     |         +|   0|  0|  23|          16|          16|
    |add_ln94_fu_181_p2     |         +|   0|  0|  20|          15|          15|
    |sub_ln90_fu_143_p2     |         -|   0|  0|  15|           8|           8|
    |icmp_ln88_fu_134_p2    |      icmp|   0|  0|  71|          64|          64|
    |select_ln94_fu_195_p3  |    select|   0|  0|  15|           1|           1|
    |ap_enable_pp0          |       xor|   0|  0|   2|           1|           2|
    +-----------------------+----------+----+---+----+------------+------------+
    |Total                  |          |   0|  0| 217|         169|         107|
    +-----------------------+----------+----+---+----+------------+------------+

    * Multiplexer: 
    +-----------------------------+----+-----------+-----+-----------+
    |             Name            | LUT| Input Size| Bits| Total Bits|
    +-----------------------------+----+-----------+-----+-----------+
    |ap_NS_fsm                    |  20|          4|    1|          4|
    |ap_done_int                  |   9|          2|    1|          2|
    |ap_enable_reg_pp0_iter0      |   9|          2|    1|          2|
    |ap_enable_reg_pp0_iter0_reg  |   9|          2|    1|          2|
    |ap_enable_reg_pp0_iter1      |   9|          2|    1|          2|
    |weight_index_fu_48           |   9|          2|   64|        128|
    +-----------------------------+----+-----------+-----+-----------+
    |Total                        |  65|         14|   69|        140|
    +-----------------------------+----+-----------+-----+-----------+

    * Register: 
    +-------------------------------+----+----+-----+-----------+
    |              Name             | FF | LUT| Bits| Const Bits|
    +-------------------------------+----+----+-----+-----------+
    |NEURONS_MEMBRANE_addr_reg_235  |   8|   0|    8|          0|
    |ap_CS_fsm                      |   3|   0|    3|          0|
    |ap_done_reg                    |   1|   0|    1|          0|
    |ap_enable_reg_pp0_iter0_reg    |   1|   0|    1|          0|
    |ap_enable_reg_pp0_iter1        |   1|   0|    1|          0|
    |icmp_ln88_reg_240              |   1|   0|    1|          0|
    |neuron_state_reg_249           |   1|   0|    1|          0|
    |select_ln94_reg_258            |  15|   0|   15|          0|
    |weight_index_5_reg_229         |  64|   0|   64|          0|
    |weight_index_fu_48             |  64|   0|   64|          0|
    |zext_ln85_cast_reg_224         |   8|   0|   64|         56|
    |zext_ln88_1_cast_reg_219       |  14|   0|   64|         50|
    +-------------------------------+----+----+-----+-----------+
    |Total                          | 181|   0|  287|        106|
    +-------------------------------+----+----+-----+-----------+



================================================================
== Interface
================================================================
* Summary: 
+---------------------------+-----+-----+------------+---------------------------------------+--------------+
|         RTL Ports         | Dir | Bits|  Protocol  |             Source Object             |    C Type    |
+---------------------------+-----+-----+------------+---------------------------------------+--------------+
|ap_clk                     |   in|    1|  ap_ctrl_hs|  inner_layer_1_Pipeline_WEIGHTS_LOOP_1|  return value|
|ap_rst                     |   in|    1|  ap_ctrl_hs|  inner_layer_1_Pipeline_WEIGHTS_LOOP_1|  return value|
|ap_start                   |   in|    1|  ap_ctrl_hs|  inner_layer_1_Pipeline_WEIGHTS_LOOP_1|  return value|
|ap_done                    |  out|    1|  ap_ctrl_hs|  inner_layer_1_Pipeline_WEIGHTS_LOOP_1|  return value|
|ap_idle                    |  out|    1|  ap_ctrl_hs|  inner_layer_1_Pipeline_WEIGHTS_LOOP_1|  return value|
|ap_ready                   |  out|    1|  ap_ctrl_hs|  inner_layer_1_Pipeline_WEIGHTS_LOOP_1|  return value|
|zext_ln88                  |   in|   14|     ap_none|                              zext_ln88|        scalar|
|zext_ln85                  |   in|    8|     ap_none|                              zext_ln85|        scalar|
|zext_ln88_1                |   in|   14|     ap_none|                            zext_ln88_1|        scalar|
|trunc_ln                   |   in|    8|     ap_none|                               trunc_ln|        scalar|
|NEURONS_STATE_address0     |  out|    8|   ap_memory|                          NEURONS_STATE|         array|
|NEURONS_STATE_ce0          |  out|    1|   ap_memory|                          NEURONS_STATE|         array|
|NEURONS_STATE_q0           |   in|    1|   ap_memory|                          NEURONS_STATE|         array|
|NEURONS_MEMBRANE_address0  |  out|    8|   ap_memory|                       NEURONS_MEMBRANE|         array|
|NEURONS_MEMBRANE_ce0       |  out|    1|   ap_memory|                       NEURONS_MEMBRANE|         array|
|NEURONS_MEMBRANE_we0       |  out|    1|   ap_memory|                       NEURONS_MEMBRANE|         array|
|NEURONS_MEMBRANE_d0        |  out|   16|   ap_memory|                       NEURONS_MEMBRANE|         array|
|NEURONS_MEMBRANE_q0        |   in|   16|   ap_memory|                       NEURONS_MEMBRANE|         array|
+---------------------------+-----+-----+------------+---------------------------------------+--------------+

