

================================================================
== Vitis HLS Report for 'inner_layer'
================================================================
* Date:           Wed Apr  3 19:21:03 2024

* Version:        2023.1.1 (Build 3869133 on Jun 15 2023)
* Project:        RNI
* Solution:       solution1 (Vivado IP Flow Target)
* Product family: zynq
* Target device:  xc7z020-clg400-1


================================================================
== Performance Estimates
================================================================
+ Timing: 
    * Summary: 
    +--------+----------+----------+------------+
    |  Clock |  Target  | Estimated| Uncertainty|
    +--------+----------+----------+------------+
    |ap_clk  |  10.00 ns|  6.020 ns|     2.70 ns|
    +--------+----------+----------+------------+

+ Latency: 
    * Summary: 
    +---------+-------------+-----------+-------------+-----+-------------+---------+
    |    Latency (cycles)   |    Latency (absolute)   |      Interval     | Pipeline|
    |   min   |     max     |    min    |     max     | min |     max     |   Type  |
    +---------+-------------+-----------+-------------+-----+-------------+---------+
    |        6|  12885098496|  60.000 ns|  128.851 sec|    6|  12885098496|       no|
    +---------+-------------+-----------+-------------+-----+-------------+---------+

    + Detail: 
        * Instance: 
        +----------------------------------------------------------+-----------------------------------------------+---------+---------+-----------+----------+-----+--------+---------+
        |                                                          |                                               |  Latency (cycles) |  Latency (absolute)  |   Interval   | Pipeline|
        |                         Instance                         |                     Module                    |   min   |   max   |    min    |    max   | min |   max  |   Type  |
        +----------------------------------------------------------+-----------------------------------------------+---------+---------+-----------+----------+-----+--------+---------+
        |grp_inner_layer_Pipeline_WEIGHTS_LOOP_fu_154              |inner_layer_Pipeline_WEIGHTS_LOOP              |        2|   196607|  20.000 ns|  1.966 ms|    2|  196607|       no|
        |grp_inner_layer_Pipeline_NEURONS_STATE_RESET_LOOP_fu_171  |inner_layer_Pipeline_NEURONS_STATE_RESET_LOOP  |        2|    65537|  20.000 ns|  0.655 ms|    2|   65537|       no|
        +----------------------------------------------------------+-----------------------------------------------+---------+---------+-----------+----------+-----+--------+---------+

        * Loop: 
        +----------------+---------+-------------+------------+-----------+-----------+-----------+----------+
        |                |    Latency (cycles)   |  Iteration |  Initiation Interval  |    Trip   |          |
        |    Loop Name   |   min   |     max     |   Latency  |  achieved |   target  |   Count   | Pipelined|
        +----------------+---------+-------------+------------+-----------+-----------+-----------+----------+
        |- NEURONS_LOOP  |        0|  12885032955|  8 ~ 196613|          -|          -|  0 ~ 65535|        no|
        +----------------+---------+-------------+------------+-----------+-----------+-----------+----------+



================================================================
== Utilization Estimates
================================================================
* Summary: 
+-----------------+---------+-----+--------+-------+-----+
|       Name      | BRAM_18K| DSP |   FF   |  LUT  | URAM|
+-----------------+---------+-----+--------+-------+-----+
|DSP              |        -|    -|       -|      -|    -|
|Expression       |        -|    -|       0|    237|    -|
|FIFO             |        -|    -|       -|      -|    -|
|Instance         |       16|    -|     188|    297|    -|
|Memory           |        1|    -|      27|      1|    -|
|Multiplexer      |        -|    -|       -|    209|    -|
|Register         |        -|    -|     171|      -|    -|
+-----------------+---------+-----+--------+-------+-----+
|Total            |       17|    0|     386|    744|    0|
+-----------------+---------+-----+--------+-------+-----+
|Available        |      280|  220|  106400|  53200|    0|
+-----------------+---------+-----+--------+-------+-----+
|Utilization (%)  |        6|    0|      ~0|      1|    0|
+-----------------+---------+-----+--------+-------+-----+

+ Detail: 
    * Instance: 
    +----------------------------------------------------------+-----------------------------------------------+---------+----+-----+-----+-----+
    |                         Instance                         |                     Module                    | BRAM_18K| DSP|  FF | LUT | URAM|
    +----------------------------------------------------------+-----------------------------------------------+---------+----+-----+-----+-----+
    |grp_inner_layer_Pipeline_NEURONS_STATE_RESET_LOOP_fu_171  |inner_layer_Pipeline_NEURONS_STATE_RESET_LOOP  |        0|   0|   11|   55|    0|
    |grp_inner_layer_Pipeline_WEIGHTS_LOOP_fu_154              |inner_layer_Pipeline_WEIGHTS_LOOP              |       16|   0|  177|  242|    0|
    +----------------------------------------------------------+-----------------------------------------------+---------+----+-----+-----+-----+
    |Total                                                     |                                               |       16|   0|  188|  297|    0|
    +----------------------------------------------------------+-----------------------------------------------+---------+----+-----+-----+-----+

    * DSP: 
    N/A

    * Memory: 
    +-----------------+---------------------------------------+---------+----+----+-----+------+-----+------+-------------+
    |      Memory     |                 Module                | BRAM_18K| FF | LUT| URAM| Words| Bits| Banks| W*Bits*Banks|
    +-----------------+---------------------------------------+---------+----+----+-----+------+-----+------+-------------+
    |NEURONS_INDEX_U  |inner_layer_NEURONS_INDEX_ROM_AUTO_1R  |        0|  27|   1|    0|     7|    9|     1|           63|
    |WEIGHTS_INDEX_U  |inner_layer_WEIGHTS_INDEX_ROM_AUTO_1R  |        1|   0|   0|    0|   425|   15|     1|         6375|
    +-----------------+---------------------------------------+---------+----+----+-----+------+-----+------+-------------+
    |Total            |                                       |        1|  27|   1|    0|   432|   24|     2|         6438|
    +-----------------+---------------------------------------+---------+----+----+-----+------+-----+------+-------------+

    * FIFO: 
    N/A

    * Expression: 
    +----------------------+----------+----+---+----+------------+------------+
    |     Variable Name    | Operation| DSP| FF| LUT| Bitwidth P0| Bitwidth P1|
    +----------------------+----------+----+---+----+------------+------------+
    |add_i_i213_fu_236_p2  |         +|   0|  0|  14|           9|           1|
    |add_i_i244_fu_188_p2  |         +|   0|  0|  11|           3|           1|
    |add_ln117_fu_284_p2   |         +|   0|  0|  71|          64|           1|
    |add_ln136_fu_278_p2   |         +|   0|  0|  15|           8|           7|
    |add_ln140_fu_272_p2   |         +|   0|  0|  15|           8|           8|
    |sub_i_i184_fu_199_p2  |         +|   0|  0|  10|           2|           2|
    |icmp_ln117_fu_231_p2  |      icmp|   0|  0|  71|          64|          64|
    |icmp_ln128_fu_252_p2  |      icmp|   0|  0|  15|           8|           7|
    |icmp_ln138_fu_266_p2  |      icmp|   0|  0|  15|           8|           1|
    +----------------------+----------+----+---+----+------------+------------+
    |Total                 |          |   0|  0| 237|         174|          92|
    +----------------------+----------+----+---+----+------------+------------+

    * Multiplexer: 
    +---------------------------+----+-----------+-----+-----------+
    |            Name           | LUT| Input Size| Bits| Total Bits|
    +---------------------------+----+-----------+-----+-----------+
    |NEURONS_MEMBRANE_address0  |  20|          4|    9|         36|
    |NEURONS_MEMBRANE_ce0       |  14|          3|    1|          3|
    |NEURONS_MEMBRANE_d0        |  25|          5|    8|         40|
    |NEURONS_MEMBRANE_we0       |  14|          3|    1|          3|
    |NEURONS_STATE_address0     |  20|          4|    9|         36|
    |NEURONS_STATE_ce0          |  20|          4|    1|          4|
    |NEURONS_STATE_d0           |  14|          3|    1|          3|
    |NEURONS_STATE_we0          |  14|          3|    1|          3|
    |ap_NS_fsm                  |  59|         11|    1|         11|
    |neuron_index_1_fu_54       |   9|          2|   64|        128|
    +---------------------------+----+-----------+-----+-----------+
    |Total                      | 209|         42|   96|        267|
    +---------------------------+----+-----------+-----+-----------+

    * Register: 
    +-----------------------------------------------------------------------+----+----+-----+-----------+
    |                                  Name                                 | FF | LUT| Bits| Const Bits|
    +-----------------------------------------------------------------------+----+----+-----+-----------+
    |NEURONS_MEMBRANE_addr_reg_368                                          |   9|   0|    9|          0|
    |NEURONS_MEMBRANE_load_reg_373                                          |   8|   0|    8|          0|
    |WEIGHTS_INDEX_load_reg_358                                             |  15|   0|   15|          0|
    |ap_CS_fsm                                                              |  10|   0|   10|          0|
    |grp_inner_layer_Pipeline_NEURONS_STATE_RESET_LOOP_fu_171_ap_start_reg  |   1|   0|    1|          0|
    |grp_inner_layer_Pipeline_WEIGHTS_LOOP_fu_154_ap_start_reg              |   1|   0|    1|          0|
    |icmp_ln128_reg_379                                                     |   1|   0|    1|          0|
    |icmp_ln138_reg_387                                                     |   1|   0|    1|          0|
    |neuron_index_1_fu_54                                                   |  64|   0|   64|          0|
    |neuron_index_reg_316                                                   |   9|   0|    9|          0|
    |neuron_state_index_reg_326                                             |   9|   0|    9|          0|
    |tmp_reg_383                                                            |   1|   0|    1|          0|
    |trunc_ln117_reg_335                                                    |   9|   0|    9|          0|
    |trunc_ln119_reg_363                                                    |   9|   0|    9|          0|
    |weight_index_reg_353                                                   |  15|   0|   15|          0|
    |zext_ln117_1_reg_321                                                   |   9|   0|   64|         55|
    +-----------------------------------------------------------------------+----+----+-----+-----------+
    |Total                                                                  | 171|   0|  226|         55|
    +-----------------------------------------------------------------------+----+----+-----+-----------+



================================================================
== Interface
================================================================
* Summary: 
+---------------------------+-----+-----+------------+------------------+--------------+
|         RTL Ports         | Dir | Bits|  Protocol  |   Source Object  |    C Type    |
+---------------------------+-----+-----+------------+------------------+--------------+
|ap_clk                     |   in|    1|  ap_ctrl_hs|       inner_layer|  return value|
|ap_rst                     |   in|    1|  ap_ctrl_hs|       inner_layer|  return value|
|ap_start                   |   in|    1|  ap_ctrl_hs|       inner_layer|  return value|
|ap_done                    |  out|    1|  ap_ctrl_hs|       inner_layer|  return value|
|ap_idle                    |  out|    1|  ap_ctrl_hs|       inner_layer|  return value|
|ap_ready                   |  out|    1|  ap_ctrl_hs|       inner_layer|  return value|
|layer_index_val            |   in|    3|     ap_none|   layer_index_val|        scalar|
|NEURONS_STATE_address0     |  out|    9|   ap_memory|     NEURONS_STATE|         array|
|NEURONS_STATE_ce0          |  out|    1|   ap_memory|     NEURONS_STATE|         array|
|NEURONS_STATE_we0          |  out|    1|   ap_memory|     NEURONS_STATE|         array|
|NEURONS_STATE_d0           |  out|    1|   ap_memory|     NEURONS_STATE|         array|
|NEURONS_STATE_q0           |   in|    1|   ap_memory|     NEURONS_STATE|         array|
|NEURONS_MEMBRANE_address0  |  out|    9|   ap_memory|  NEURONS_MEMBRANE|         array|
|NEURONS_MEMBRANE_ce0       |  out|    1|   ap_memory|  NEURONS_MEMBRANE|         array|
|NEURONS_MEMBRANE_we0       |  out|    1|   ap_memory|  NEURONS_MEMBRANE|         array|
|NEURONS_MEMBRANE_d0        |  out|    8|   ap_memory|  NEURONS_MEMBRANE|         array|
|NEURONS_MEMBRANE_q0        |   in|    8|   ap_memory|  NEURONS_MEMBRANE|         array|
+---------------------------+-----+-----+------------+------------------+--------------+

