

================================================================
== Vitis HLS Report for 'inner_layer_3'
================================================================
* Date:           Tue Nov 26 16:00:55 2024

* Version:        2023.1.1 (Build 3869133 on Jun 15 2023)
* Project:        RNI
* Solution:       solution1 (Vivado IP Flow Target)
* Product family: zynq
* Target device:  xc7z020-clg400-1


================================================================
== Performance Estimates
================================================================
+ Timing: 
    * Summary: 
    +--------+----------+----------+------------+
    |  Clock |  Target  | Estimated| Uncertainty|
    +--------+----------+----------+------------+
    |ap_clk  |  10.00 ns|  6.309 ns|     2.70 ns|
    +--------+----------+----------+------------+

+ Latency: 
    * Summary: 
    +---------+---------+----------+-----------+-----+---------+---------+
    |  Latency (cycles) |  Latency (absolute)  |    Interval   | Pipeline|
    |   min   |   max   |    min   |    max    | min |   max   |   Type  |
    +---------+---------+----------+-----------+-----+---------+---------+
    |      244|  4194484|  2.440 us|  41.945 ms|  244|  4194484|       no|
    +---------+---------+----------+-----------+-----+---------+---------+

    + Detail: 
        * Instance: 
        +------------------------------------------------------------+-------------------------------------------------+---------+---------+-----------+----------+-----+--------+---------+
        |                                                            |                                                 |  Latency (cycles) |  Latency (absolute)  |   Interval   | Pipeline|
        |                          Instance                          |                      Module                     |   min   |   max   |    min    |    max   | min |   max  |   Type  |
        +------------------------------------------------------------+-------------------------------------------------+---------+---------+-----------+----------+-----+--------+---------+
        |grp_inner_layer_3_Pipeline_NEURONS_STATE_RESET_LOOP_fu_132  |inner_layer_3_Pipeline_NEURONS_STATE_RESET_LOOP  |       34|       34|   0.340 us|  0.340 us|   34|      34|       no|
        |grp_inner_layer_3_Pipeline_WEIGHTS_LOOP_3_fu_138            |inner_layer_3_Pipeline_WEIGHTS_LOOP_3            |        2|   262142|  20.000 ns|  2.621 ms|    2|  262142|       no|
        +------------------------------------------------------------+-------------------------------------------------+---------+---------+-----------+----------+-----+--------+---------+

        * Loop: 
        +------------------+---------+---------+-------------+-----------+-----------+------+----------+
        |                  |  Latency (cycles) |  Iteration  |  Initiation Interval  | Trip |          |
        |     Loop Name    |   min   |   max   |   Latency   |  achieved |   target  | Count| Pipelined|
        +------------------+---------+---------+-------------+-----------+-----------+------+----------+
        |- NEURONS_LOOP_3  |      208|  4194448|  13 ~ 262153|          -|          -|    16|        no|
        +------------------+---------+---------+-------------+-----------+-----------+------+----------+



================================================================
== Utilization Estimates
================================================================
* Summary: 
+-----------------+---------+-----+--------+-------+-----+
|       Name      | BRAM_18K| DSP |   FF   |  LUT  | URAM|
+-----------------+---------+-----+--------+-------+-----+
|DSP              |        -|    -|       -|      -|    -|
|Expression       |        -|    -|       0|    200|    -|
|FIFO             |        -|    -|       -|      -|    -|
|Instance         |        8|    1|     195|    372|    -|
|Memory           |        2|    -|       0|      0|    -|
|Multiplexer      |        -|    -|       -|    221|    -|
|Register         |        -|    -|     176|      -|    -|
+-----------------+---------+-----+--------+-------+-----+
|Total            |       10|    1|     371|    793|    0|
+-----------------+---------+-----+--------+-------+-----+
|Available        |      280|  220|  106400|  53200|    0|
+-----------------+---------+-----+--------+-------+-----+
|Utilization (%)  |        3|   ~0|      ~0|      1|    0|
+-----------------+---------+-----+--------+-------+-----+

+ Detail: 
    * Instance: 
    +------------------------------------------------------------+-------------------------------------------------+---------+----+-----+-----+-----+
    |                          Instance                          |                      Module                     | BRAM_18K| DSP|  FF | LUT | URAM|
    +------------------------------------------------------------+-------------------------------------------------+---------+----+-----+-----+-----+
    |grp_inner_layer_3_Pipeline_NEURONS_STATE_RESET_LOOP_fu_132  |inner_layer_3_Pipeline_NEURONS_STATE_RESET_LOOP  |        0|   0|    9|   55|    0|
    |grp_inner_layer_3_Pipeline_WEIGHTS_LOOP_3_fu_138            |inner_layer_3_Pipeline_WEIGHTS_LOOP_3            |        8|   0|  186|  311|    0|
    |mul_16s_17ns_33_1_1_U89                                     |mul_16s_17ns_33_1_1                              |        0|   1|    0|    6|    0|
    +------------------------------------------------------------+-------------------------------------------------+---------+----+-----+-----+-----+
    |Total                                                       |                                                 |        8|   1|  195|  372|    0|
    +------------------------------------------------------------+-------------------------------------------------+---------+----+-----+-----+-----+

    * DSP: 
    N/A

    * Memory: 
    +-----------------+---------------------------------------+---------+---+----+-----+------+-----+------+-------------+
    |      Memory     |                 Module                | BRAM_18K| FF| LUT| URAM| Words| Bits| Banks| W*Bits*Banks|
    +-----------------+---------------------------------------+---------+---+----+-----+------+-----+------+-------------+
    |BIASES_U         |input_layer_BIASES_ROM_AUTO_1R         |        1|  0|   0|    0|   243|    8|     1|         1944|
    |WEIGHTS_INDEX_U  |input_layer_WEIGHTS_INDEX_ROM_AUTO_1R  |        1|  0|   0|    0|   244|   14|     1|         3416|
    +-----------------+---------------------------------------+---------+---+----+-----+------+-----+------+-------------+
    |Total            |                                       |        2|  0|   0|    0|   487|   22|     2|         5360|
    +-----------------+---------------------------------------+---------+---+----+-----+------+-----+------+-------------+

    * FIFO: 
    N/A

    * Expression: 
    +-----------------------------+----------+----+---+----+------------+------------+
    |        Variable Name        | Operation| DSP| FF| LUT| Bitwidth P0| Bitwidth P1|
    +-----------------------------+----------+----+---+----+------------+------------+
    |add_i_i156_fu_435_p2         |         +|   0|  0|  14|           6|           1|
    |add_ln131_1_fu_391_p2        |         +|   0|  0|  23|          16|          16|
    |add_ln131_fu_377_p2          |         +|   0|  0|  24|          17|          17|
    |leaked_membrane_3_fu_231_p2  |         +|   0|  0|  23|          16|          16|
    |and_ln131_1_fu_423_p2        |       and|   0|  0|   2|           1|           1|
    |and_ln131_fu_411_p2          |       and|   0|  0|   2|           1|           1|
    |and_ln171_10_fu_341_p2       |       and|   0|  0|   2|           1|           1|
    |and_ln171_6_fu_290_p2        |       and|   0|  0|   2|           1|           1|
    |and_ln171_7_fu_295_p2        |       and|   0|  0|   2|           1|           1|
    |and_ln171_8_fu_317_p2        |       and|   0|  0|   2|           1|           1|
    |and_ln171_9_fu_323_p2        |       and|   0|  0|   2|           1|           1|
    |and_ln171_fu_250_p2          |       and|   0|  0|   2|           1|           1|
    |icmp_ln128_fu_162_p2         |      icmp|   0|  0|  14|           6|           6|
    |icmp_ln178_fu_454_p2         |      icmp|   0|  0|  23|          16|           7|
    |or_ln171_2_fu_354_p2         |        or|   0|  0|   2|           1|           1|
    |or_ln171_4_fu_260_p2         |        or|   0|  0|   2|           1|           1|
    |or_ln171_5_fu_329_p2         |        or|   0|  0|   2|           1|           1|
    |or_ln171_6_fu_284_p2         |        or|   0|  0|   2|           1|           1|
    |or_ln171_fu_306_p2           |        or|   0|  0|   2|           1|           1|
    |leaked_membrane_4_fu_360_p3  |    select|   0|  0|  16|           1|          16|
    |select_ln171_fu_346_p3       |    select|   0|  0|  17|           1|          15|
    |xor_ln131_1_fu_417_p2        |       xor|   0|  0|   2|           1|           2|
    |xor_ln131_2_fu_429_p2        |       xor|   0|  0|   2|           1|           1|
    |xor_ln131_fu_405_p2          |       xor|   0|  0|   2|           1|           2|
    |xor_ln171_10_fu_335_p2       |       xor|   0|  0|   2|           1|           2|
    |xor_ln171_11_fu_278_p2       |       xor|   0|  0|   2|           1|           2|
    |xor_ln171_6_fu_300_p2        |       xor|   0|  0|   2|           1|           2|
    |xor_ln171_7_fu_312_p2        |       xor|   0|  0|   2|           1|           2|
    |xor_ln171_8_fu_255_p2        |       xor|   0|  0|   2|           1|           2|
    |xor_ln171_9_fu_266_p2        |       xor|   0|  0|   2|           1|           1|
    |xor_ln171_fu_244_p2          |       xor|   0|  0|   2|           1|           2|
    +-----------------------------+----------+----+---+----+------------+------------+
    |Total                        |          |   0|  0| 200|         102|         125|
    +-----------------------------+----------+----+---+----+------------+------------+

    * Multiplexer: 
    +---------------------------+----+-----------+-----+-----------+
    |            Name           | LUT| Input Size| Bits| Total Bits|
    +---------------------------+----+-----------+-----+-----------+
    |NEURONS_MEMBRANE_address0  |  20|          4|    8|         32|
    |NEURONS_MEMBRANE_ce0       |  14|          3|    1|          3|
    |NEURONS_MEMBRANE_d0        |  31|          6|   16|         96|
    |NEURONS_MEMBRANE_we0       |  14|          3|    1|          3|
    |NEURONS_STATE_address0     |  20|          4|    8|         32|
    |NEURONS_STATE_ce0          |  20|          4|    1|          4|
    |NEURONS_STATE_d0           |  14|          3|    1|          3|
    |NEURONS_STATE_we0          |  14|          3|    1|          3|
    |ap_NS_fsm                  |  65|         14|    1|         14|
    |neuron_index_fu_60         |   9|          2|    6|         12|
    +---------------------------+----+-----------+-----+-----------+
    |Total                      | 221|         46|   44|        202|
    +---------------------------+----+-----------+-----+-----------+

    * Register: 
    +-------------------------------------------------------------------------+----+----+-----+-----------+
    |                                   Name                                  | FF | LUT| Bits| Const Bits|
    +-------------------------------------------------------------------------+----+----+-----+-----------+
    |BIASES_load_reg_539                                                      |   8|   0|    8|          0|
    |NEURONS_MEMBRANE_addr_reg_484                                            |   8|   0|    8|          0|
    |NEURONS_MEMBRANE_load_reg_489                                            |  16|   0|   16|          0|
    |WEIGHTS_INDEX_load_reg_577                                               |  14|   0|   14|          0|
    |add_i_i156_reg_562                                                       |   6|   0|    6|          0|
    |and_ln131_1_reg_549                                                      |   1|   0|    1|          0|
    |and_ln131_reg_545                                                        |   1|   0|    1|          0|
    |ap_CS_fsm                                                                |  13|   0|   13|          0|
    |grp_inner_layer_3_Pipeline_NEURONS_STATE_RESET_LOOP_fu_132_ap_start_reg  |   1|   0|    1|          0|
    |grp_inner_layer_3_Pipeline_WEIGHTS_LOOP_3_fu_138_ap_start_reg            |   1|   0|    1|          0|
    |icmp_ln178_reg_587                                                       |   1|   0|    1|          0|
    |leaked_membrane_4_reg_533                                                |  16|   0|   16|          0|
    |leaked_membrane_reg_505                                                  |  16|   0|   16|          0|
    |mul_ln171_reg_494                                                        |  33|   0|   33|          0|
    |neuron_index_fu_60                                                       |   6|   0|    6|          0|
    |tmp_10_reg_510                                                           |   1|   0|    1|          0|
    |tmp_11_reg_516                                                           |   1|   0|    1|          0|
    |tmp_13_reg_521                                                           |   1|   0|    1|          0|
    |tmp_reg_499                                                              |   1|   0|    1|          0|
    |trunc_ln133_reg_582                                                      |   8|   0|    8|          0|
    |weight_index_reg_572                                                     |  14|   0|   14|          0|
    |xor_ln131_2_reg_553                                                      |   1|   0|    1|          0|
    |zext_ln128_reg_477                                                       |   8|   0|   64|         56|
    +-------------------------------------------------------------------------+----+----+-----+-----------+
    |Total                                                                    | 176|   0|  232|         56|
    +-------------------------------------------------------------------------+----+----+-----+-----------+



================================================================
== Interface
================================================================
* Summary: 
+---------------------------+-----+-----+------------+------------------+--------------+
|         RTL Ports         | Dir | Bits|  Protocol  |   Source Object  |    C Type    |
+---------------------------+-----+-----+------------+------------------+--------------+
|ap_clk                     |   in|    1|  ap_ctrl_hs|     inner_layer_3|  return value|
|ap_rst                     |   in|    1|  ap_ctrl_hs|     inner_layer_3|  return value|
|ap_start                   |   in|    1|  ap_ctrl_hs|     inner_layer_3|  return value|
|ap_done                    |  out|    1|  ap_ctrl_hs|     inner_layer_3|  return value|
|ap_idle                    |  out|    1|  ap_ctrl_hs|     inner_layer_3|  return value|
|ap_ready                   |  out|    1|  ap_ctrl_hs|     inner_layer_3|  return value|
|NEURONS_STATE_address0     |  out|    8|   ap_memory|     NEURONS_STATE|         array|
|NEURONS_STATE_ce0          |  out|    1|   ap_memory|     NEURONS_STATE|         array|
|NEURONS_STATE_we0          |  out|    1|   ap_memory|     NEURONS_STATE|         array|
|NEURONS_STATE_d0           |  out|    1|   ap_memory|     NEURONS_STATE|         array|
|NEURONS_STATE_q0           |   in|    1|   ap_memory|     NEURONS_STATE|         array|
|NEURONS_MEMBRANE_address0  |  out|    8|   ap_memory|  NEURONS_MEMBRANE|         array|
|NEURONS_MEMBRANE_ce0       |  out|    1|   ap_memory|  NEURONS_MEMBRANE|         array|
|NEURONS_MEMBRANE_we0       |  out|    1|   ap_memory|  NEURONS_MEMBRANE|         array|
|NEURONS_MEMBRANE_d0        |  out|   16|   ap_memory|  NEURONS_MEMBRANE|         array|
|NEURONS_MEMBRANE_q0        |   in|   16|   ap_memory|  NEURONS_MEMBRANE|         array|
+---------------------------+-----+-----+------------+------------------+--------------+

