

================================================================
== Vitis HLS Report for 'input_layer'
================================================================
* Date:           Mon Oct 28 19:19:51 2024

* Version:        2023.1.1 (Build 3869133 on Jun 15 2023)
* Project:        RNI
* Solution:       solution1 (Vivado IP Flow Target)
* Product family: zynq
* Target device:  xc7z020-clg400-1


================================================================
== Performance Estimates
================================================================
+ Timing: 
    * Summary: 
    +--------+----------+----------+------------+
    |  Clock |  Target  | Estimated| Uncertainty|
    +--------+----------+----------+------------+
    |ap_clk  |  10.00 ns|  7.215 ns|     2.70 ns|
    +--------+----------+----------+------------+

+ Latency: 
    * Summary: 
    +---------+---------+-----------+-----------+------+---------+---------+
    |  Latency (cycles) |   Latency (absolute)  |    Interval    | Pipeline|
    |   min   |   max   |    min    |    max    |  min |   max   |   Type  |
    +---------+---------+-----------+-----------+------+---------+---------+
    |     7425|  8396673|  74.250 us|  83.967 ms|  7425|  8396673|       no|
    +---------+---------+-----------+-----------+------+---------+---------+

    + Detail: 
        * Instance: 
        +--------------------------------------------------+---------------------------------------+---------+---------+-----------+----------+-----+-------+---------+
        |                                                  |                                       |  Latency (cycles) |  Latency (absolute)  |   Interval  | Pipeline|
        |                     Instance                     |                 Module                |   min   |   max   |    min    |    max   | min |  max  |   Type  |
        +--------------------------------------------------+---------------------------------------+---------+---------+-----------+----------+-----+-------+---------+
        |grp_input_layer_Pipeline_NEURON_LEAK_LOOP_fu_162  |input_layer_Pipeline_NEURON_LEAK_LOOP  |       52|       52|   0.520 us|  0.520 us|   52|     52|       no|
        |grp_input_layer_Pipeline_WEIGHTS_LOOP_0_fu_179    |input_layer_Pipeline_WEIGHTS_LOOP_0    |        2|    65540|  20.000 ns|  0.655 ms|    2|  65540|       no|
        +--------------------------------------------------+---------------------------------------+---------+---------+-----------+----------+-----+-------+---------+

        * Loop: 
        +------------------+---------+---------+------------+-----------+-----------+------+----------+
        |                  |  Latency (cycles) |  Iteration |  Initiation Interval  | Trip |          |
        |     Loop Name    |   min   |   max   |   Latency  |  achieved |   target  | Count| Pipelined|
        +------------------+---------+---------+------------+-----------+-----------+------+----------+
        |- NEURONS_LOOP_0  |     7424|  8396672|  58 ~ 65599|          -|          -|   128|        no|
        +------------------+---------+---------+------------+-----------+-----------+------+----------+



================================================================
== Utilization Estimates
================================================================
* Summary: 
+-----------------+---------+-----+--------+-------+-----+
|       Name      | BRAM_18K| DSP |   FF   |  LUT  | URAM|
+-----------------+---------+-----+--------+-------+-----+
|DSP              |        -|    -|       -|      -|    -|
|Expression       |        -|    -|       0|     75|    -|
|FIFO             |        -|    -|       -|      -|    -|
|Instance         |        8|    1|    3057|   2302|    -|
|Memory           |        -|    -|       -|      -|    -|
|Multiplexer      |        -|    -|       -|    118|    -|
|Register         |        -|    -|     111|      -|    -|
+-----------------+---------+-----+--------+-------+-----+
|Total            |        8|    1|    3168|   2495|    0|
+-----------------+---------+-----+--------+-------+-----+
|Available        |      280|  220|  106400|  53200|    0|
+-----------------+---------+-----+--------+-------+-----+
|Utilization (%)  |        2|   ~0|       2|      4|    0|
+-----------------+---------+-----+--------+-------+-----+

+ Detail: 
    * Instance: 
    +--------------------------------------------------+---------------------------------------+---------+----+------+------+-----+
    |                     Instance                     |                 Module                | BRAM_18K| DSP|  FF  |  LUT | URAM|
    +--------------------------------------------------+---------------------------------------+---------+----+------+------+-----+
    |grp_input_layer_Pipeline_NEURON_LEAK_LOOP_fu_162  |input_layer_Pipeline_NEURON_LEAK_LOOP  |        0|   0|  2886|  2037|    0|
    |grp_input_layer_Pipeline_WEIGHTS_LOOP_0_fu_179    |input_layer_Pipeline_WEIGHTS_LOOP_0    |        8|   1|   171|   265|    0|
    +--------------------------------------------------+---------------------------------------+---------+----+------+------+-----+
    |Total                                             |                                       |        8|   1|  3057|  2302|    0|
    +--------------------------------------------------+---------------------------------------+---------+----+------+------+-----+

    * DSP: 
    N/A

    * Memory: 
    N/A

    * FIFO: 
    N/A

    * Expression: 
    +----------------------+----------+----+---+----+------------+------------+
    |     Variable Name    | Operation| DSP| FF| LUT| Bitwidth P0| Bitwidth P1|
    +----------------------+----------+----+---+----+------------+------------+
    |add_i_i53_fu_227_p2   |         +|   0|  0|  15|           8|           1|
    |add_ln64_fu_209_p2    |         +|   0|  0|  15|           8|           1|
    |icmp_ln178_fu_264_p2  |      icmp|   0|  0|  14|           9|           1|
    |icmp_ln64_fu_203_p2   |      icmp|   0|  0|  14|           8|           9|
    |icmp_ln68_fu_243_p2   |      icmp|   0|  0|  17|          14|          14|
    +----------------------+----------+----+---+----+------------+------------+
    |Total                 |          |   0|  0|  75|          47|          26|
    +----------------------+----------+----+---+----+------------+------------+

    * Multiplexer: 
    +-----------------------------------------+----+-----------+-----+-----------+
    |                   Name                  | LUT| Input Size| Bits| Total Bits|
    +-----------------------------------------+----+-----------+-----+-----------+
    |NEURONS_MEMBRANE_address0                |  14|          3|    8|         24|
    |NEURONS_MEMBRANE_d0                      |  20|          4|   16|         64|
    |ap_NS_fsm                                |  48|          9|    1|          9|
    |ap_phi_mux_empty_54_phi_fu_156_p4        |   9|          2|   16|         32|
    |empty_54_reg_153                         |   9|          2|   16|         32|
    |grp_exp_core_32_32_66_s_fu_373_ap_start  |   9|          2|    1|          2|
    |neuron_index_fu_64                       |   9|          2|    8|         16|
    +-----------------------------------------+----+-----------+-----+-----------+
    |Total                                    | 118|         24|   66|        179|
    +-----------------------------------------+----+-----------+-----+-----------+

    * Register: 
    +---------------------------------------------------------------+----+----+-----+-----------+
    |                              Name                             | FF | LUT| Bits| Const Bits|
    +---------------------------------------------------------------+----+----+-----+-----------+
    |NEURONS_MEMBRANE_addr_reg_327                                  |   8|   0|    8|          0|
    |NEURONS_MEMBRANE_load_reg_337                                  |  16|   0|   16|          0|
    |WEIGHTS_INDEX_load_reg_360                                     |  14|   0|   14|          0|
    |add_ln64_reg_316                                               |   8|   0|    8|          0|
    |ap_CS_fsm                                                      |   8|   0|    8|          0|
    |empty_54_reg_153                                               |  16|   0|   16|          0|
    |empty_reg_332                                                  |   7|   0|    7|          0|
    |grp_input_layer_Pipeline_NEURON_LEAK_LOOP_fu_162_ap_start_reg  |   1|   0|    1|          0|
    |grp_input_layer_Pipeline_WEIGHTS_LOOP_0_fu_179_ap_start_reg    |   1|   0|    1|          0|
    |icmp_ln178_reg_369                                             |   1|   0|    1|          0|
    |icmp_ln68_reg_365                                              |   1|   0|    1|          0|
    |neuron_index_fu_64                                             |   8|   0|    8|          0|
    |weight_index_reg_355                                           |  14|   0|   14|          0|
    |zext_ln64_reg_321                                              |   8|   0|   64|         56|
    +---------------------------------------------------------------+----+----+-----+-----------+
    |Total                                                          | 111|   0|  167|         56|
    +---------------------------------------------------------------+----+----+-----+-----------+



================================================================
== Interface
================================================================
* Summary: 
+----------------------------------------+-----+-----+------------+------------------+--------------+
|                RTL Ports               | Dir | Bits|  Protocol  |   Source Object  |    C Type    |
+----------------------------------------+-----+-----+------------+------------------+--------------+
|ap_clk                                  |   in|    1|  ap_ctrl_hs|       input_layer|  return value|
|ap_rst                                  |   in|    1|  ap_ctrl_hs|       input_layer|  return value|
|ap_start                                |   in|    1|  ap_ctrl_hs|       input_layer|  return value|
|ap_done                                 |  out|    1|  ap_ctrl_hs|       input_layer|  return value|
|ap_idle                                 |  out|    1|  ap_ctrl_hs|       input_layer|  return value|
|ap_ready                                |  out|    1|  ap_ctrl_hs|       input_layer|  return value|
|grp_exp_core_32_32_66_s_fu_778_p_din1   |  out|   35|  ap_ctrl_hs|       input_layer|  return value|
|grp_exp_core_32_32_66_s_fu_778_p_dout0  |   in|   31|  ap_ctrl_hs|       input_layer|  return value|
|grp_exp_core_32_32_66_s_fu_778_p_start  |  out|    1|  ap_ctrl_hs|       input_layer|  return value|
|grp_exp_core_32_32_66_s_fu_778_p_ready  |   in|    1|  ap_ctrl_hs|       input_layer|  return value|
|grp_exp_core_32_32_66_s_fu_778_p_done   |   in|    1|  ap_ctrl_hs|       input_layer|  return value|
|grp_exp_core_32_32_66_s_fu_778_p_idle   |   in|    1|  ap_ctrl_hs|       input_layer|  return value|
|p_read                                  |   in|   16|     ap_none|            p_read|        scalar|
|p_read1                                 |   in|   16|     ap_none|           p_read1|        scalar|
|p_read2                                 |   in|   16|     ap_none|           p_read2|        scalar|
|p_read3                                 |   in|   16|     ap_none|           p_read3|        scalar|
|NEURONS_MEMBRANE_address0               |  out|    8|   ap_memory|  NEURONS_MEMBRANE|         array|
|NEURONS_MEMBRANE_ce0                    |  out|    1|   ap_memory|  NEURONS_MEMBRANE|         array|
|NEURONS_MEMBRANE_we0                    |  out|    1|   ap_memory|  NEURONS_MEMBRANE|         array|
|NEURONS_MEMBRANE_d0                     |  out|   16|   ap_memory|  NEURONS_MEMBRANE|         array|
|NEURONS_MEMBRANE_q0                     |   in|   16|   ap_memory|  NEURONS_MEMBRANE|         array|
|WEIGHTS_INDEX_address0                  |  out|    8|   ap_memory|     WEIGHTS_INDEX|         array|
|WEIGHTS_INDEX_ce0                       |  out|    1|   ap_memory|     WEIGHTS_INDEX|         array|
|WEIGHTS_INDEX_q0                        |   in|   14|   ap_memory|     WEIGHTS_INDEX|         array|
|WEIGHTS_INDEX_address1                  |  out|    8|   ap_memory|     WEIGHTS_INDEX|         array|
|WEIGHTS_INDEX_ce1                       |  out|    1|   ap_memory|     WEIGHTS_INDEX|         array|
|WEIGHTS_INDEX_q1                        |   in|   14|   ap_memory|     WEIGHTS_INDEX|         array|
|NEURONS_STATE_address0                  |  out|    8|   ap_memory|     NEURONS_STATE|         array|
|NEURONS_STATE_ce0                       |  out|    1|   ap_memory|     NEURONS_STATE|         array|
|NEURONS_STATE_we0                       |  out|    1|   ap_memory|     NEURONS_STATE|         array|
|NEURONS_STATE_d0                        |  out|    1|   ap_memory|     NEURONS_STATE|         array|
+----------------------------------------+-----+-----+------------+------------------+--------------+

