

================================================================
== Vitis HLS Report for 'output_stream_dispatch_Pipeline_VITIS_LOOP_220_2'
================================================================
* Date:           Tue Oct 29 15:19:22 2024

* Version:        2023.1.1 (Build 3869133 on Jun 15 2023)
* Project:        RNI
* Solution:       solution1 (Vivado IP Flow Target)
* Product family: zynq
* Target device:  xc7z020-clg400-1


================================================================
== Performance Estimates
================================================================
+ Timing: 
    * Summary: 
    +--------+----------+----------+------------+
    |  Clock |  Target  | Estimated| Uncertainty|
    +--------+----------+----------+------------+
    |ap_clk  |  10.00 ns|  6.012 ns|     2.70 ns|
    +--------+----------+----------+------------+

+ Latency: 
    * Summary: 
    +---------+---------+----------+----------+-----+-----+---------+
    |  Latency (cycles) |  Latency (absolute) |  Interval | Pipeline|
    |   min   |   max   |    min   |    max   | min | max |   Type  |
    +---------+---------+----------+----------+-----+-----+---------+
    |       10|       10|  0.100 us|  0.100 us|   10|   10|       no|
    +---------+---------+----------+----------+-----+-----+---------+

    + Detail: 
        * Instance: 
        N/A

        * Loop: 
        +--------------------+---------+---------+----------+-----------+-----------+------+----------+
        |                    |  Latency (cycles) | Iteration|  Initiation Interval  | Trip |          |
        |      Loop Name     |   min   |   max   |  Latency |  achieved |   target  | Count| Pipelined|
        +--------------------+---------+---------+----------+-----------+-----------+------+----------+
        |- VITIS_LOOP_220_2  |        8|        8|         3|          2|          1|     4|       yes|
        +--------------------+---------+---------+----------+-----------+-----------+------+----------+



================================================================
== Utilization Estimates
================================================================
* Summary: 
+-----------------+---------+-----+--------+-------+-----+
|       Name      | BRAM_18K| DSP |   FF   |  LUT  | URAM|
+-----------------+---------+-----+--------+-------+-----+
|DSP              |        -|    -|       -|      -|    -|
|Expression       |        -|    -|       0|     56|    -|
|FIFO             |        -|    -|       -|      -|    -|
|Instance         |        -|    -|       -|      -|    -|
|Memory           |        -|    -|       -|      -|    -|
|Multiplexer      |        -|    -|       -|    189|    -|
|Register         |        -|    -|      73|      -|    -|
+-----------------+---------+-----+--------+-------+-----+
|Total            |        0|    0|      73|    245|    0|
+-----------------+---------+-----+--------+-------+-----+
|Available        |      280|  220|  106400|  53200|    0|
+-----------------+---------+-----+--------+-------+-----+
|Utilization (%)  |        0|    0|      ~0|     ~0|    0|
+-----------------+---------+-----+--------+-------+-----+

+ Detail: 
    * Instance: 
    N/A

    * DSP: 
    N/A

    * Memory: 
    N/A

    * FIFO: 
    N/A

    * Expression: 
    +---------------------------+----------+----+---+----+------------+------------+
    |       Variable Name       | Operation| DSP| FF| LUT| Bitwidth P0| Bitwidth P1|
    +---------------------------+----------+----+---+----+------------+------------+
    |add_ln220_fu_485_p2        |         +|   0|  0|  13|           5|           1|
    |add_ln227_fu_465_p2        |         +|   0|  0|  13|           5|           4|
    |ap_block_pp0_stage0_01001  |       and|   0|  0|   2|           1|           1|
    |icmp_ln220_fu_438_p2       |      icmp|   0|  0|  13|           5|           5|
    |icmp_ln223_fu_459_p2       |      icmp|   0|  0|  13|           5|           5|
    |ap_enable_pp0              |       xor|   0|  0|   2|           1|           2|
    +---------------------------+----------+----+---+----+------------+------------+
    |Total                      |          |   0|  0|  56|          22|          18|
    +---------------------------+----------+----+---+----+------------+------------+

    * Multiplexer: 
    +-----------------------------+----+-----------+-----+-----------+
    |             Name            | LUT| Input Size| Bits| Total Bits|
    +-----------------------------+----+-----------+-----+-----------+
    |ap_NS_fsm                    |  14|          3|    1|          3|
    |ap_done_int                  |   9|          2|    1|          2|
    |ap_enable_reg_pp0_iter0      |   9|          2|    1|          2|
    |ap_enable_reg_pp0_iter0_reg  |   9|          2|    1|          2|
    |ap_enable_reg_pp0_iter1      |   9|          2|    1|          2|
    |ap_sig_allocacmp_i_1         |   9|          2|    5|         10|
    |i_fu_114                     |   9|          2|    5|         10|
    |out_pkts_data_address0       |  14|          3|    8|         24|
    |out_pkts_data_d0             |  14|          3|   32|         96|
    |out_pkts_dest_address0       |  14|          3|    8|         24|
    |out_pkts_id_address0         |  14|          3|    8|         24|
    |out_pkts_keep_address0       |  14|          3|    8|         24|
    |out_pkts_last_address0       |  14|          3|    8|         24|
    |out_pkts_strb_address0       |  14|          3|    8|         24|
    |out_pkts_user_address0       |  14|          3|    8|         24|
    |out_stream_TDATA_blk_n       |   9|          2|    1|          2|
    +-----------------------------+----+-----------+-----+-----------+
    |Total                        | 189|         41|  104|        297|
    +-----------------------------+----+-----------+-----+-----------+

    * Register: 
    +------------------------------+---+----+-----+-----------+
    |             Name             | FF| LUT| Bits| Const Bits|
    +------------------------------+---+----+-----+-----------+
    |ap_CS_fsm                     |  2|   0|    2|          0|
    |ap_done_reg                   |  1|   0|    1|          0|
    |ap_enable_reg_pp0_iter0_reg   |  1|   0|    1|          0|
    |ap_enable_reg_pp0_iter1       |  1|   0|    1|          0|
    |i_1_reg_502                   |  5|   0|    5|          0|
    |i_fu_114                      |  5|   0|    5|          0|
    |icmp_ln220_reg_507            |  1|   0|    1|          0|
    |out_pkts_data_addr_1_reg_511  |  8|   0|    8|          0|
    |out_pkts_dest_addr_1_reg_541  |  8|   0|    8|          0|
    |out_pkts_id_addr_1_reg_536    |  8|   0|    8|          0|
    |out_pkts_keep_addr_1_reg_516  |  8|   0|    8|          0|
    |out_pkts_last_addr_1_reg_531  |  8|   0|    8|          0|
    |out_pkts_strb_addr_1_reg_521  |  8|   0|    8|          0|
    |out_pkts_user_addr_1_reg_526  |  8|   0|    8|          0|
    |zext_ln227_1_reg_554          |  1|   0|   32|         31|
    +------------------------------+---+----+-----+-----------+
    |Total                         | 73|   0|  104|         31|
    +------------------------------+---+----+-----+-----------+



================================================================
== Interface
================================================================
* Summary: 
+------------------------+-----+-----+------------+--------------------------------------------------+--------------+
|        RTL Ports       | Dir | Bits|  Protocol  |                   Source Object                  |    C Type    |
+------------------------+-----+-----+------------+--------------------------------------------------+--------------+
|ap_clk                  |   in|    1|  ap_ctrl_hs|  output_stream_dispatch_Pipeline_VITIS_LOOP_220_2|  return value|
|ap_rst                  |   in|    1|  ap_ctrl_hs|  output_stream_dispatch_Pipeline_VITIS_LOOP_220_2|  return value|
|ap_start                |   in|    1|  ap_ctrl_hs|  output_stream_dispatch_Pipeline_VITIS_LOOP_220_2|  return value|
|ap_done                 |  out|    1|  ap_ctrl_hs|  output_stream_dispatch_Pipeline_VITIS_LOOP_220_2|  return value|
|ap_idle                 |  out|    1|  ap_ctrl_hs|  output_stream_dispatch_Pipeline_VITIS_LOOP_220_2|  return value|
|ap_ready                |  out|    1|  ap_ctrl_hs|  output_stream_dispatch_Pipeline_VITIS_LOOP_220_2|  return value|
|out_stream_TREADY       |   in|    1|        axis|                               out_stream_V_data_V|       pointer|
|out_stream_TDATA        |  out|   32|        axis|                               out_stream_V_data_V|       pointer|
|out_pkts_dest_address0  |  out|    8|   ap_memory|                                     out_pkts_dest|         array|
|out_pkts_dest_ce0       |  out|    1|   ap_memory|                                     out_pkts_dest|         array|
|out_pkts_dest_we0       |  out|    1|   ap_memory|                                     out_pkts_dest|         array|
|out_pkts_dest_d0        |  out|    6|   ap_memory|                                     out_pkts_dest|         array|
|out_pkts_dest_q0        |   in|    6|   ap_memory|                                     out_pkts_dest|         array|
|out_pkts_dest_address1  |  out|    8|   ap_memory|                                     out_pkts_dest|         array|
|out_pkts_dest_ce1       |  out|    1|   ap_memory|                                     out_pkts_dest|         array|
|out_pkts_dest_we1       |  out|    1|   ap_memory|                                     out_pkts_dest|         array|
|out_pkts_dest_d1        |  out|    6|   ap_memory|                                     out_pkts_dest|         array|
|out_pkts_id_address0    |  out|    8|   ap_memory|                                       out_pkts_id|         array|
|out_pkts_id_ce0         |  out|    1|   ap_memory|                                       out_pkts_id|         array|
|out_pkts_id_we0         |  out|    1|   ap_memory|                                       out_pkts_id|         array|
|out_pkts_id_d0          |  out|    5|   ap_memory|                                       out_pkts_id|         array|
|out_pkts_id_q0          |   in|    5|   ap_memory|                                       out_pkts_id|         array|
|out_pkts_id_address1    |  out|    8|   ap_memory|                                       out_pkts_id|         array|
|out_pkts_id_ce1         |  out|    1|   ap_memory|                                       out_pkts_id|         array|
|out_pkts_id_we1         |  out|    1|   ap_memory|                                       out_pkts_id|         array|
|out_pkts_id_d1          |  out|    5|   ap_memory|                                       out_pkts_id|         array|
|out_pkts_last_address0  |  out|    8|   ap_memory|                                     out_pkts_last|         array|
|out_pkts_last_ce0       |  out|    1|   ap_memory|                                     out_pkts_last|         array|
|out_pkts_last_we0       |  out|    1|   ap_memory|                                     out_pkts_last|         array|
|out_pkts_last_d0        |  out|    1|   ap_memory|                                     out_pkts_last|         array|
|out_pkts_last_q0        |   in|    1|   ap_memory|                                     out_pkts_last|         array|
|out_pkts_last_address1  |  out|    8|   ap_memory|                                     out_pkts_last|         array|
|out_pkts_last_ce1       |  out|    1|   ap_memory|                                     out_pkts_last|         array|
|out_pkts_last_we1       |  out|    1|   ap_memory|                                     out_pkts_last|         array|
|out_pkts_last_d1        |  out|    1|   ap_memory|                                     out_pkts_last|         array|
|out_pkts_user_address0  |  out|    8|   ap_memory|                                     out_pkts_user|         array|
|out_pkts_user_ce0       |  out|    1|   ap_memory|                                     out_pkts_user|         array|
|out_pkts_user_we0       |  out|    1|   ap_memory|                                     out_pkts_user|         array|
|out_pkts_user_d0        |  out|    2|   ap_memory|                                     out_pkts_user|         array|
|out_pkts_user_q0        |   in|    2|   ap_memory|                                     out_pkts_user|         array|
|out_pkts_user_address1  |  out|    8|   ap_memory|                                     out_pkts_user|         array|
|out_pkts_user_ce1       |  out|    1|   ap_memory|                                     out_pkts_user|         array|
|out_pkts_user_we1       |  out|    1|   ap_memory|                                     out_pkts_user|         array|
|out_pkts_user_d1        |  out|    2|   ap_memory|                                     out_pkts_user|         array|
|out_pkts_strb_address0  |  out|    8|   ap_memory|                                     out_pkts_strb|         array|
|out_pkts_strb_ce0       |  out|    1|   ap_memory|                                     out_pkts_strb|         array|
|out_pkts_strb_we0       |  out|    1|   ap_memory|                                     out_pkts_strb|         array|
|out_pkts_strb_d0        |  out|    4|   ap_memory|                                     out_pkts_strb|         array|
|out_pkts_strb_q0        |   in|    4|   ap_memory|                                     out_pkts_strb|         array|
|out_pkts_strb_address1  |  out|    8|   ap_memory|                                     out_pkts_strb|         array|
|out_pkts_strb_ce1       |  out|    1|   ap_memory|                                     out_pkts_strb|         array|
|out_pkts_strb_we1       |  out|    1|   ap_memory|                                     out_pkts_strb|         array|
|out_pkts_strb_d1        |  out|    4|   ap_memory|                                     out_pkts_strb|         array|
|out_pkts_keep_address0  |  out|    8|   ap_memory|                                     out_pkts_keep|         array|
|out_pkts_keep_ce0       |  out|    1|   ap_memory|                                     out_pkts_keep|         array|
|out_pkts_keep_we0       |  out|    1|   ap_memory|                                     out_pkts_keep|         array|
|out_pkts_keep_d0        |  out|    4|   ap_memory|                                     out_pkts_keep|         array|
|out_pkts_keep_q0        |   in|    4|   ap_memory|                                     out_pkts_keep|         array|
|out_pkts_keep_address1  |  out|    8|   ap_memory|                                     out_pkts_keep|         array|
|out_pkts_keep_ce1       |  out|    1|   ap_memory|                                     out_pkts_keep|         array|
|out_pkts_keep_we1       |  out|    1|   ap_memory|                                     out_pkts_keep|         array|
|out_pkts_keep_d1        |  out|    4|   ap_memory|                                     out_pkts_keep|         array|
|out_pkts_data_address0  |  out|    8|   ap_memory|                                     out_pkts_data|         array|
|out_pkts_data_ce0       |  out|    1|   ap_memory|                                     out_pkts_data|         array|
|out_pkts_data_we0       |  out|    1|   ap_memory|                                     out_pkts_data|         array|
|out_pkts_data_d0        |  out|   32|   ap_memory|                                     out_pkts_data|         array|
|out_stream_TVALID       |  out|    1|        axis|                               out_stream_V_dest_V|       pointer|
|out_stream_TDEST        |  out|    6|        axis|                               out_stream_V_dest_V|       pointer|
|out_stream_TKEEP        |  out|    4|        axis|                               out_stream_V_keep_V|       pointer|
|out_stream_TSTRB        |  out|    4|        axis|                               out_stream_V_strb_V|       pointer|
|out_stream_TUSER        |  out|    2|        axis|                               out_stream_V_user_V|       pointer|
|out_stream_TLAST        |  out|    1|        axis|                               out_stream_V_last_V|       pointer|
|out_stream_TID          |  out|    5|        axis|                                 out_stream_V_id_V|       pointer|
|in_pkts_keep_0_0_val    |   in|    4|     ap_none|                              in_pkts_keep_0_0_val|        scalar|
|in_pkts_strb_0_0_val    |   in|    4|     ap_none|                              in_pkts_strb_0_0_val|        scalar|
|in_pkts_user_0_0_val    |   in|    2|     ap_none|                              in_pkts_user_0_0_val|        scalar|
|in_pkts_last_0_0_val    |   in|    1|     ap_none|                              in_pkts_last_0_0_val|        scalar|
|in_pkts_id_0_0_val      |   in|    5|     ap_none|                                in_pkts_id_0_0_val|        scalar|
|in_pkts_dest_0_0_val    |   in|    6|     ap_none|                              in_pkts_dest_0_0_val|        scalar|
|in_pkts_data_0_3_val    |   in|   32|     ap_none|                              in_pkts_data_0_3_val|        scalar|
|in_pkts_keep_0_3_val    |   in|    4|     ap_none|                              in_pkts_keep_0_3_val|        scalar|
|in_pkts_strb_0_3_val    |   in|    4|     ap_none|                              in_pkts_strb_0_3_val|        scalar|
|in_pkts_user_0_3_val    |   in|    2|     ap_none|                              in_pkts_user_0_3_val|        scalar|
|in_pkts_last_0_3_val    |   in|    1|     ap_none|                              in_pkts_last_0_3_val|        scalar|
|in_pkts_id_0_3_val      |   in|    5|     ap_none|                                in_pkts_id_0_3_val|        scalar|
|in_pkts_dest_0_3_val    |   in|    6|     ap_none|                              in_pkts_dest_0_3_val|        scalar|
|NEURONS_STATE_address0  |  out|    8|   ap_memory|                                     NEURONS_STATE|         array|
|NEURONS_STATE_ce0       |  out|    1|   ap_memory|                                     NEURONS_STATE|         array|
|NEURONS_STATE_q0        |   in|    1|   ap_memory|                                     NEURONS_STATE|         array|
+------------------------+-----+-----+------------+--------------------------------------------------+--------------+

