

================================================================
== Vitis HLS Report for 'output_layer'
================================================================
* Date:           Tue Oct 29 15:19:22 2024

* Version:        2023.1.1 (Build 3869133 on Jun 15 2023)
* Project:        RNI
* Solution:       solution1 (Vivado IP Flow Target)
* Product family: zynq
* Target device:  xc7z020-clg400-1


================================================================
== Performance Estimates
================================================================
+ Timing: 
    * Summary: 
    +--------+----------+----------+------------+
    |  Clock |  Target  | Estimated| Uncertainty|
    +--------+----------+----------+------------+
    |ap_clk  |  10.00 ns|  6.084 ns|     2.70 ns|
    +--------+----------+----------+------------+

+ Latency: 
    * Summary: 
    +---------+---------+----------+----------+-----+--------+---------+
    |  Latency (cycles) |  Latency (absolute) |   Interval   | Pipeline|
    |   min   |   max   |    min   |    max   | min |   max  |   Type  |
    +---------+---------+----------+----------+-----+--------+---------+
    |       52|   786472|  0.520 us|  7.865 ms|   52|  786472|       no|
    +---------+---------+----------+----------+-----+--------+---------+

    + Detail: 
        * Instance: 
        +----------------------------------------------------------+------------------------------------------------+---------+---------+-----------+----------+-----+--------+---------+
        |                                                          |                                                |  Latency (cycles) |  Latency (absolute)  |   Interval   | Pipeline|
        |                         Instance                         |                     Module                     |   min   |   max   |    min    |    max   | min |   max  |   Type  |
        +----------------------------------------------------------+------------------------------------------------+---------+---------+-----------+----------+-----+--------+---------+
        |grp_output_layer_Pipeline_NEURONS_STATE_RESET_LOOP_fu_91  |output_layer_Pipeline_NEURONS_STATE_RESET_LOOP  |       18|       18|   0.180 us|  0.180 us|   18|      18|       no|
        |grp_output_layer_Pipeline_WEIGHTS_LOOP_4_fu_97            |output_layer_Pipeline_WEIGHTS_LOOP_4            |        2|   196607|  20.000 ns|  1.966 ms|    2|  196607|       no|
        +----------------------------------------------------------+------------------------------------------------+---------+---------+-----------+----------+-----+--------+---------+

        * Loop: 
        +------------------+---------+---------+------------+-----------+-----------+------+----------+
        |                  |  Latency (cycles) |  Iteration |  Initiation Interval  | Trip |          |
        |     Loop Name    |   min   |   max   |   Latency  |  achieved |   target  | Count| Pipelined|
        +------------------+---------+---------+------------+-----------+-----------+------+----------+
        |- NEURONS_LOOP_4  |       32|   786452|  8 ~ 196613|          -|          -|     4|        no|
        +------------------+---------+---------+------------+-----------+-----------+------+----------+



================================================================
== Utilization Estimates
================================================================
* Summary: 
+-----------------+---------+-----+--------+-------+-----+
|       Name      | BRAM_18K| DSP |   FF   |  LUT  | URAM|
+-----------------+---------+-----+--------+-------+-----+
|DSP              |        -|    -|       -|      -|    -|
|Expression       |        -|    -|       0|     49|    -|
|FIFO             |        -|    -|       -|      -|    -|
|Instance         |        8|    -|     189|    338|    -|
|Memory           |        -|    -|       -|      -|    -|
|Multiplexer      |        -|    -|       -|    187|    -|
|Register         |        -|    -|      73|      -|    -|
+-----------------+---------+-----+--------+-------+-----+
|Total            |        8|    0|     262|    574|    0|
+-----------------+---------+-----+--------+-------+-----+
|Available        |      280|  220|  106400|  53200|    0|
+-----------------+---------+-----+--------+-------+-----+
|Utilization (%)  |        2|    0|      ~0|      1|    0|
+-----------------+---------+-----+--------+-------+-----+

+ Detail: 
    * Instance: 
    +----------------------------------------------------------+------------------------------------------------+---------+----+-----+-----+-----+
    |                         Instance                         |                     Module                     | BRAM_18K| DSP|  FF | LUT | URAM|
    +----------------------------------------------------------+------------------------------------------------+---------+----+-----+-----+-----+
    |grp_output_layer_Pipeline_NEURONS_STATE_RESET_LOOP_fu_91  |output_layer_Pipeline_NEURONS_STATE_RESET_LOOP  |        0|   0|    8|   55|    0|
    |grp_output_layer_Pipeline_WEIGHTS_LOOP_4_fu_97            |output_layer_Pipeline_WEIGHTS_LOOP_4            |        8|   0|  181|  283|    0|
    +----------------------------------------------------------+------------------------------------------------+---------+----+-----+-----+-----+
    |Total                                                     |                                                |        8|   0|  189|  338|    0|
    +----------------------------------------------------------+------------------------------------------------+---------+----+-----+-----+-----+

    * DSP: 
    N/A

    * Memory: 
    N/A

    * FIFO: 
    N/A

    * Expression: 
    +----------------------+----------+----+---+----+------------+------------+
    |     Variable Name    | Operation| DSP| FF| LUT| Bitwidth P0| Bitwidth P1|
    +----------------------+----------+----+---+----+------------+------------+
    |add_i_i162_fu_137_p2  |         +|   0|  0|  13|           5|           1|
    |icmp_ln160_fu_121_p2  |      icmp|   0|  0|  13|           5|           5|
    |icmp_ln194_fu_157_p2  |      icmp|   0|  0|  23|          16|           1|
    +----------------------+----------+----+---+----+------------+------------+
    |Total                 |          |   0|  0|  49|          26|           7|
    +----------------------+----------+----+---+----+------------+------------+

    * Multiplexer: 
    +---------------------------+----+-----------+-----+-----------+
    |            Name           | LUT| Input Size| Bits| Total Bits|
    +---------------------------+----+-----------+-----+-----------+
    |NEURONS_MEMBRANE_address0  |  20|          4|    8|         32|
    |NEURONS_MEMBRANE_ce0       |  14|          3|    1|          3|
    |NEURONS_MEMBRANE_d0        |  14|          3|   16|         48|
    |NEURONS_MEMBRANE_we0       |  14|          3|    1|          3|
    |NEURONS_STATE_address0     |  20|          4|    8|         32|
    |NEURONS_STATE_ce0          |  20|          4|    1|          4|
    |NEURONS_STATE_d0           |  14|          3|    1|          3|
    |NEURONS_STATE_we0          |  14|          3|    1|          3|
    |ap_NS_fsm                  |  48|          9|    1|          9|
    |neuron_index_fu_34         |   9|          2|    5|         10|
    +---------------------------+----+-----------+-----+-----------+
    |Total                      | 187|         38|   43|        147|
    +---------------------------+----+-----------+-----+-----------+

    * Register: 
    +-----------------------------------------------------------------------+----+----+-----+-----------+
    |                                  Name                                 | FF | LUT| Bits| Const Bits|
    +-----------------------------------------------------------------------+----+----+-----+-----------+
    |NEURONS_MEMBRANE_addr_reg_185                                          |   8|   0|    8|          0|
    |WEIGHTS_INDEX_load_reg_210                                             |  14|   0|   14|          0|
    |add_i_i162_reg_195                                                     |   5|   0|    5|          0|
    |ap_CS_fsm                                                              |   8|   0|    8|          0|
    |grp_output_layer_Pipeline_NEURONS_STATE_RESET_LOOP_fu_91_ap_start_reg  |   1|   0|    1|          0|
    |grp_output_layer_Pipeline_WEIGHTS_LOOP_4_fu_97_ap_start_reg            |   1|   0|    1|          0|
    |icmp_ln194_reg_220                                                     |   1|   0|    1|          0|
    |neuron_index_fu_34                                                     |   5|   0|    5|          0|
    |trunc_ln163_reg_215                                                    |   8|   0|    8|          0|
    |weight_index_reg_205                                                   |  14|   0|   14|          0|
    |zext_ln160_reg_180                                                     |   8|   0|   64|         56|
    +-----------------------------------------------------------------------+----+----+-----+-----------+
    |Total                                                                  |  73|   0|  129|         56|
    +-----------------------------------------------------------------------+----+----+-----+-----------+



================================================================
== Interface
================================================================
* Summary: 
+---------------------------+-----+-----+------------+------------------+--------------+
|         RTL Ports         | Dir | Bits|  Protocol  |   Source Object  |    C Type    |
+---------------------------+-----+-----+------------+------------------+--------------+
|ap_clk                     |   in|    1|  ap_ctrl_hs|      output_layer|  return value|
|ap_rst                     |   in|    1|  ap_ctrl_hs|      output_layer|  return value|
|ap_start                   |   in|    1|  ap_ctrl_hs|      output_layer|  return value|
|ap_done                    |  out|    1|  ap_ctrl_hs|      output_layer|  return value|
|ap_idle                    |  out|    1|  ap_ctrl_hs|      output_layer|  return value|
|ap_ready                   |  out|    1|  ap_ctrl_hs|      output_layer|  return value|
|NEURONS_STATE_address0     |  out|    8|   ap_memory|     NEURONS_STATE|         array|
|NEURONS_STATE_ce0          |  out|    1|   ap_memory|     NEURONS_STATE|         array|
|NEURONS_STATE_we0          |  out|    1|   ap_memory|     NEURONS_STATE|         array|
|NEURONS_STATE_d0           |  out|    1|   ap_memory|     NEURONS_STATE|         array|
|NEURONS_STATE_q0           |   in|    1|   ap_memory|     NEURONS_STATE|         array|
|NEURONS_MEMBRANE_address0  |  out|    8|   ap_memory|  NEURONS_MEMBRANE|         array|
|NEURONS_MEMBRANE_ce0       |  out|    1|   ap_memory|  NEURONS_MEMBRANE|         array|
|NEURONS_MEMBRANE_we0       |  out|    1|   ap_memory|  NEURONS_MEMBRANE|         array|
|NEURONS_MEMBRANE_d0        |  out|   16|   ap_memory|  NEURONS_MEMBRANE|         array|
|NEURONS_MEMBRANE_q0        |   in|   16|   ap_memory|  NEURONS_MEMBRANE|         array|
|WEIGHTS_INDEX_address0     |  out|    8|   ap_memory|     WEIGHTS_INDEX|         array|
|WEIGHTS_INDEX_ce0          |  out|    1|   ap_memory|     WEIGHTS_INDEX|         array|
|WEIGHTS_INDEX_q0           |   in|   14|   ap_memory|     WEIGHTS_INDEX|         array|
|WEIGHTS_INDEX_address1     |  out|    8|   ap_memory|     WEIGHTS_INDEX|         array|
|WEIGHTS_INDEX_ce1          |  out|    1|   ap_memory|     WEIGHTS_INDEX|         array|
|WEIGHTS_INDEX_q1           |   in|   14|   ap_memory|     WEIGHTS_INDEX|         array|
+---------------------------+-----+-----+------------+------------------+--------------+

