

================================================================
== Vitis HLS Report for 'RNI_Pipeline_VITIS_LOOP_54_1'
================================================================
* Date:           Tue Nov 26 16:00:53 2024

* Version:        2023.1.1 (Build 3869133 on Jun 15 2023)
* Project:        RNI
* Solution:       solution1 (Vivado IP Flow Target)
* Product family: zynq
* Target device:  xc7z020-clg400-1


================================================================
== Performance Estimates
================================================================
+ Timing: 
    * Summary: 
    +--------+----------+----------+------------+
    |  Clock |  Target  | Estimated| Uncertainty|
    +--------+----------+----------+------------+
    |ap_clk  |  10.00 ns|  3.238 ns|     2.70 ns|
    +--------+----------+----------+------------+

+ Latency: 
    * Summary: 
    +---------+---------+-----------+-----------+-----+-----+---------+
    |  Latency (cycles) |   Latency (absolute)  |  Interval | Pipeline|
    |   min   |   max   |    min    |    max    | min | max |   Type  |
    +---------+---------+-----------+-----------+-----+-----+---------+
    |        6|        6|  60.000 ns|  60.000 ns|    6|    6|       no|
    +---------+---------+-----------+-----------+-----+-----+---------+

    + Detail: 
        * Instance: 
        N/A

        * Loop: 
        +-------------------+---------+---------+----------+-----------+-----------+------+----------+
        |                   |  Latency (cycles) | Iteration|  Initiation Interval  | Trip |          |
        |     Loop Name     |   min   |   max   |  Latency |  achieved |   target  | Count| Pipelined|
        +-------------------+---------+---------+----------+-----------+-----------+------+----------+
        |- VITIS_LOOP_54_1  |        4|        4|         1|          1|          1|     4|       yes|
        +-------------------+---------+---------+----------+-----------+-----------+------+----------+



================================================================
== Utilization Estimates
================================================================
* Summary: 
+-----------------+---------+-----+--------+-------+-----+
|       Name      | BRAM_18K| DSP |   FF   |  LUT  | URAM|
+-----------------+---------+-----+--------+-------+-----+
|DSP              |        -|    -|       -|      -|    -|
|Expression       |        -|    -|       0|     28|    -|
|FIFO             |        -|    -|       -|      -|    -|
|Instance         |        -|    -|       -|      -|    -|
|Memory           |        -|    -|       -|      -|    -|
|Multiplexer      |        -|    -|       -|    180|    -|
|Register         |        -|    -|     177|      -|    -|
+-----------------+---------+-----+--------+-------+-----+
|Total            |        0|    0|     177|    208|    0|
+-----------------+---------+-----+--------+-------+-----+
|Available        |      280|  220|  106400|  53200|    0|
+-----------------+---------+-----+--------+-------+-----+
|Utilization (%)  |        0|    0|      ~0|     ~0|    0|
+-----------------+---------+-----+--------+-------+-----+

+ Detail: 
    * Instance: 
    N/A

    * DSP: 
    N/A

    * Memory: 
    N/A

    * FIFO: 
    N/A

    * Expression: 
    +----------------------------------+----------+----+---+----+------------+------------+
    |           Variable Name          | Operation| DSP| FF| LUT| Bitwidth P0| Bitwidth P1|
    +----------------------------------+----------+----+---+----+------------+------------+
    |add_ln54_fu_528_p2                |         +|   0|  0|  11|           3|           1|
    |ap_condition_307                  |       and|   0|  0|   2|           1|           1|
    |icmp_ln54_fu_522_p2               |      icmp|   0|  0|  13|           3|           4|
    |ap_block_state1_pp0_stage0_iter0  |        or|   0|  0|   2|           1|           1|
    +----------------------------------+----------+----+---+----+------------+------------+
    |Total                             |          |   0|  0|  28|           8|           7|
    +----------------------------------+----------+----+---+----+------------+------------+

    * Multiplexer: 
    +-------------------------+----+-----------+-----+-----------+
    |           Name          | LUT| Input Size| Bits| Total Bits|
    +-------------------------+----+-----------+-----+-----------+
    |ap_done_int              |   9|          2|    1|          2|
    |ap_sig_allocacmp_i_1     |   9|          2|    3|          6|
    |i_fu_146                 |   9|          2|    3|          6|
    |in_pkts_data_1_1_fu_202  |   9|          2|   32|         64|
    |in_pkts_data_1_2_fu_206  |   9|          2|   32|         64|
    |in_pkts_data_1_3_fu_210  |   9|          2|   32|         64|
    |in_pkts_data_1_fu_198    |   9|          2|   32|         64|
    |in_pkts_dest_0_1_fu_194  |   9|          2|    6|         12|
    |in_pkts_dest_0_fu_190    |   9|          2|    6|         12|
    |in_pkts_id_0_1_fu_186    |   9|          2|    5|         10|
    |in_pkts_id_0_fu_182      |   9|          2|    5|         10|
    |in_pkts_keep_0_1_fu_154  |   9|          2|    4|          8|
    |in_pkts_keep_0_fu_150    |   9|          2|    4|          8|
    |in_pkts_last_0_1_fu_178  |   9|          2|    1|          2|
    |in_pkts_last_0_fu_174    |   9|          2|    1|          2|
    |in_pkts_strb_0_1_fu_162  |   9|          2|    4|          8|
    |in_pkts_strb_0_fu_158    |   9|          2|    4|          8|
    |in_pkts_user_0_1_fu_170  |   9|          2|    2|          4|
    |in_pkts_user_0_fu_166    |   9|          2|    2|          4|
    |in_stream_TDATA_blk_n    |   9|          2|    1|          2|
    +-------------------------+----+-----------+-----+-----------+
    |Total                    | 180|         40|  180|        360|
    +-------------------------+----+-----------+-----+-----------+

    * Register: 
    +-------------------------+----+----+-----+-----------+
    |           Name          | FF | LUT| Bits| Const Bits|
    +-------------------------+----+----+-----+-----------+
    |ap_CS_fsm                |   1|   0|    1|          0|
    |ap_done_reg              |   1|   0|    1|          0|
    |i_fu_146                 |   3|   0|    3|          0|
    |in_pkts_data_1_1_fu_202  |  32|   0|   32|          0|
    |in_pkts_data_1_2_fu_206  |  32|   0|   32|          0|
    |in_pkts_data_1_3_fu_210  |  32|   0|   32|          0|
    |in_pkts_data_1_fu_198    |  32|   0|   32|          0|
    |in_pkts_dest_0_1_fu_194  |   6|   0|    6|          0|
    |in_pkts_dest_0_fu_190    |   6|   0|    6|          0|
    |in_pkts_id_0_1_fu_186    |   5|   0|    5|          0|
    |in_pkts_id_0_fu_182      |   5|   0|    5|          0|
    |in_pkts_keep_0_1_fu_154  |   4|   0|    4|          0|
    |in_pkts_keep_0_fu_150    |   4|   0|    4|          0|
    |in_pkts_last_0_1_fu_178  |   1|   0|    1|          0|
    |in_pkts_last_0_fu_174    |   1|   0|    1|          0|
    |in_pkts_strb_0_1_fu_162  |   4|   0|    4|          0|
    |in_pkts_strb_0_fu_158    |   4|   0|    4|          0|
    |in_pkts_user_0_1_fu_170  |   2|   0|    2|          0|
    |in_pkts_user_0_fu_166    |   2|   0|    2|          0|
    +-------------------------+----+----+-----+-----------+
    |Total                    | 177|   0|  177|          0|
    +-------------------------+----+----+-----+-----------+



================================================================
== Interface
================================================================
* Summary: 
+-----------------------------+-----+-----+------------+------------------------------+--------------+
|          RTL Ports          | Dir | Bits|  Protocol  |         Source Object        |    C Type    |
+-----------------------------+-----+-----+------------+------------------------------+--------------+
|ap_clk                       |   in|    1|  ap_ctrl_hs|  RNI_Pipeline_VITIS_LOOP_54_1|  return value|
|ap_rst                       |   in|    1|  ap_ctrl_hs|  RNI_Pipeline_VITIS_LOOP_54_1|  return value|
|ap_start                     |   in|    1|  ap_ctrl_hs|  RNI_Pipeline_VITIS_LOOP_54_1|  return value|
|ap_done                      |  out|    1|  ap_ctrl_hs|  RNI_Pipeline_VITIS_LOOP_54_1|  return value|
|ap_idle                      |  out|    1|  ap_ctrl_hs|  RNI_Pipeline_VITIS_LOOP_54_1|  return value|
|ap_ready                     |  out|    1|  ap_ctrl_hs|  RNI_Pipeline_VITIS_LOOP_54_1|  return value|
|in_stream_TVALID             |   in|    1|        axis|            in_stream_V_data_V|       pointer|
|in_stream_TDATA              |   in|   32|        axis|            in_stream_V_data_V|       pointer|
|in_pkts_data_3_08            |   in|   32|     ap_none|             in_pkts_data_3_08|        scalar|
|in_pkts_data_2_07            |   in|   32|     ap_none|             in_pkts_data_2_07|        scalar|
|in_pkts_data_1_06            |   in|   32|     ap_none|             in_pkts_data_1_06|        scalar|
|in_pkts_data_0_05            |   in|   32|     ap_none|             in_pkts_data_0_05|        scalar|
|in_pkts_dest_3_0118          |   in|    6|     ap_none|           in_pkts_dest_3_0118|        scalar|
|in_pkts_dest_0_0117          |   in|    6|     ap_none|           in_pkts_dest_0_0117|        scalar|
|in_pkts_id_3_0116            |   in|    5|     ap_none|             in_pkts_id_3_0116|        scalar|
|in_pkts_id_0_0115            |   in|    5|     ap_none|             in_pkts_id_0_0115|        scalar|
|in_pkts_last_0_0113          |   in|    1|     ap_none|           in_pkts_last_0_0113|        scalar|
|in_pkts_user_3_0112          |   in|    2|     ap_none|           in_pkts_user_3_0112|        scalar|
|in_pkts_user_0_0111          |   in|    2|     ap_none|           in_pkts_user_0_0111|        scalar|
|in_pkts_strb_3_0110          |   in|    4|     ap_none|           in_pkts_strb_3_0110|        scalar|
|in_pkts_strb_0_0109          |   in|    4|     ap_none|           in_pkts_strb_0_0109|        scalar|
|in_pkts_keep_3_0108          |   in|    4|     ap_none|           in_pkts_keep_3_0108|        scalar|
|in_pkts_keep_0_0107          |   in|    4|     ap_none|           in_pkts_keep_0_0107|        scalar|
|in_stream_TREADY             |  out|    1|        axis|            in_stream_V_dest_V|       pointer|
|in_stream_TDEST              |   in|    6|        axis|            in_stream_V_dest_V|       pointer|
|in_stream_TKEEP              |   in|    4|        axis|            in_stream_V_keep_V|       pointer|
|in_stream_TSTRB              |   in|    4|        axis|            in_stream_V_strb_V|       pointer|
|in_stream_TUSER              |   in|    2|        axis|            in_stream_V_user_V|       pointer|
|in_stream_TLAST              |   in|    1|        axis|            in_stream_V_last_V|       pointer|
|in_stream_TID                |   in|    5|        axis|              in_stream_V_id_V|       pointer|
|in_pkts_data_3_1_out         |  out|   32|      ap_vld|          in_pkts_data_3_1_out|       pointer|
|in_pkts_data_3_1_out_ap_vld  |  out|    1|      ap_vld|          in_pkts_data_3_1_out|       pointer|
|in_pkts_data_2_1_out         |  out|   32|      ap_vld|          in_pkts_data_2_1_out|       pointer|
|in_pkts_data_2_1_out_ap_vld  |  out|    1|      ap_vld|          in_pkts_data_2_1_out|       pointer|
|in_pkts_data_1_1_out         |  out|   32|      ap_vld|          in_pkts_data_1_1_out|       pointer|
|in_pkts_data_1_1_out_ap_vld  |  out|    1|      ap_vld|          in_pkts_data_1_1_out|       pointer|
|in_pkts_data_0_1_out         |  out|   32|      ap_vld|          in_pkts_data_0_1_out|       pointer|
|in_pkts_data_0_1_out_ap_vld  |  out|    1|      ap_vld|          in_pkts_data_0_1_out|       pointer|
|in_pkts_dest_3_1_out         |  out|    6|      ap_vld|          in_pkts_dest_3_1_out|       pointer|
|in_pkts_dest_3_1_out_ap_vld  |  out|    1|      ap_vld|          in_pkts_dest_3_1_out|       pointer|
|in_pkts_dest_0_1_out         |  out|    6|      ap_vld|          in_pkts_dest_0_1_out|       pointer|
|in_pkts_dest_0_1_out_ap_vld  |  out|    1|      ap_vld|          in_pkts_dest_0_1_out|       pointer|
|in_pkts_id_3_1_out           |  out|    5|      ap_vld|            in_pkts_id_3_1_out|       pointer|
|in_pkts_id_3_1_out_ap_vld    |  out|    1|      ap_vld|            in_pkts_id_3_1_out|       pointer|
|in_pkts_id_0_1_out           |  out|    5|      ap_vld|            in_pkts_id_0_1_out|       pointer|
|in_pkts_id_0_1_out_ap_vld    |  out|    1|      ap_vld|            in_pkts_id_0_1_out|       pointer|
|in_pkts_last_3_1_out         |  out|    1|      ap_vld|          in_pkts_last_3_1_out|       pointer|
|in_pkts_last_3_1_out_ap_vld  |  out|    1|      ap_vld|          in_pkts_last_3_1_out|       pointer|
|in_pkts_last_0_1_out         |  out|    1|      ap_vld|          in_pkts_last_0_1_out|       pointer|
|in_pkts_last_0_1_out_ap_vld  |  out|    1|      ap_vld|          in_pkts_last_0_1_out|       pointer|
|in_pkts_user_3_1_out         |  out|    2|      ap_vld|          in_pkts_user_3_1_out|       pointer|
|in_pkts_user_3_1_out_ap_vld  |  out|    1|      ap_vld|          in_pkts_user_3_1_out|       pointer|
|in_pkts_user_0_1_out         |  out|    2|      ap_vld|          in_pkts_user_0_1_out|       pointer|
|in_pkts_user_0_1_out_ap_vld  |  out|    1|      ap_vld|          in_pkts_user_0_1_out|       pointer|
|in_pkts_strb_3_1_out         |  out|    4|      ap_vld|          in_pkts_strb_3_1_out|       pointer|
|in_pkts_strb_3_1_out_ap_vld  |  out|    1|      ap_vld|          in_pkts_strb_3_1_out|       pointer|
|in_pkts_strb_0_1_out         |  out|    4|      ap_vld|          in_pkts_strb_0_1_out|       pointer|
|in_pkts_strb_0_1_out_ap_vld  |  out|    1|      ap_vld|          in_pkts_strb_0_1_out|       pointer|
|in_pkts_keep_3_1_out         |  out|    4|      ap_vld|          in_pkts_keep_3_1_out|       pointer|
|in_pkts_keep_3_1_out_ap_vld  |  out|    1|      ap_vld|          in_pkts_keep_3_1_out|       pointer|
|in_pkts_keep_0_1_out         |  out|    4|      ap_vld|          in_pkts_keep_0_1_out|       pointer|
|in_pkts_keep_0_1_out_ap_vld  |  out|    1|      ap_vld|          in_pkts_keep_0_1_out|       pointer|
+-----------------------------+-----+-----+------------+------------------------------+--------------+

