

================================================================
== Vitis HLS Report for 'RNI_Pipeline_VITIS_LOOP_27_2'
================================================================
* Date:           Mon Oct 28 16:02:33 2024

* Version:        2023.1.1 (Build 3869133 on Jun 15 2023)
* Project:        RNI
* Solution:       solution1 (Vivado IP Flow Target)
* Product family: zynq
* Target device:  xc7z020-clg400-1


================================================================
== Performance Estimates
================================================================
+ Timing: 
    * Summary: 
    +--------+----------+----------+------------+
    |  Clock |  Target  | Estimated| Uncertainty|
    +--------+----------+----------+------------+
    |ap_clk  |  10.00 ns|  4.368 ns|     2.70 ns|
    +--------+----------+----------+------------+

+ Latency: 
    * Summary: 
    +---------+---------+-----------+-----------+-----+-----+---------+
    |  Latency (cycles) |   Latency (absolute)  |  Interval | Pipeline|
    |   min   |   max   |    min    |    max    | min | max |   Type  |
    +---------+---------+-----------+-----------+-----+-----+---------+
    |        6|        6|  60.000 ns|  60.000 ns|    6|    6|       no|
    +---------+---------+-----------+-----------+-----+-----+---------+

    + Detail: 
        * Instance: 
        N/A

        * Loop: 
        +-------------------+---------+---------+----------+-----------+-----------+------+----------+
        |                   |  Latency (cycles) | Iteration|  Initiation Interval  | Trip |          |
        |     Loop Name     |   min   |   max   |  Latency |  achieved |   target  | Count| Pipelined|
        +-------------------+---------+---------+----------+-----------+-----------+------+----------+
        |- VITIS_LOOP_27_2  |        4|        4|         1|          1|          1|     4|       yes|
        +-------------------+---------+---------+----------+-----------+-----------+------+----------+



================================================================
== Utilization Estimates
================================================================
* Summary: 
+-----------------+---------+-----+--------+-------+-----+
|       Name      | BRAM_18K| DSP |   FF   |  LUT  | URAM|
+-----------------+---------+-----+--------+-------+-----+
|DSP              |        -|    -|       -|      -|    -|
|Expression       |        -|    -|       0|     59|    -|
|FIFO             |        -|    -|       -|      -|    -|
|Instance         |        -|    -|       -|      -|    -|
|Memory           |        -|    -|       -|      -|    -|
|Multiplexer      |        -|    -|       -|    180|    -|
|Register         |        -|    -|     156|      -|    -|
+-----------------+---------+-----+--------+-------+-----+
|Total            |        0|    0|     156|    239|    0|
+-----------------+---------+-----+--------+-------+-----+
|Available        |      280|  220|  106400|  53200|    0|
+-----------------+---------+-----+--------+-------+-----+
|Utilization (%)  |        0|    0|      ~0|     ~0|    0|
+-----------------+---------+-----+--------+-------+-----+

+ Detail: 
    * Instance: 
    N/A

    * DSP: 
    N/A

    * Memory: 
    N/A

    * FIFO: 
    N/A

    * Expression: 
    +----------------------------------+----------+----+---+----+------------+------------+
    |           Variable Name          | Operation| DSP| FF| LUT| Bitwidth P0| Bitwidth P1|
    +----------------------------------+----------+----+---+----+------------+------------+
    |add_ln27_fu_398_p2                |         +|   0|  0|  11|           3|           1|
    |ap_condition_306                  |       and|   0|  0|   2|           1|           1|
    |icmp_ln27_fu_392_p2               |      icmp|   0|  0|  13|           3|           4|
    |icmp_ln28_fu_465_p2               |      icmp|   0|  0|  10|           2|           1|
    |ap_block_state1_pp0_stage0_iter0  |        or|   0|  0|   2|           1|           1|
    |select_ln28_1_fu_479_p3           |    select|   0|  0|   4|           1|           4|
    |select_ln28_2_fu_487_p3           |    select|   0|  0|   2|           1|           2|
    |select_ln28_3_fu_511_p3           |    select|   0|  0|   5|           1|           5|
    |select_ln28_4_fu_519_p3           |    select|   0|  0|   6|           1|           6|
    |select_ln28_fu_471_p3             |    select|   0|  0|   4|           1|           4|
    +----------------------------------+----------+----+---+----+------------+------------+
    |Total                             |          |   0|  0|  59|          15|          29|
    +----------------------------------+----------+----+---+----+------------+------------+

    * Multiplexer: 
    +---------------------------------------+----+-----------+-----+-----------+
    |                  Name                 | LUT| Input Size| Bits| Total Bits|
    +---------------------------------------+----+-----------+-----+-----------+
    |ap_done_int                            |   9|          2|    1|          2|
    |ap_sig_allocacmp_i_2                   |   9|          2|    3|          6|
    |ap_sig_allocacmp_out_pkts_dest_load_1  |   9|          2|    6|         12|
    |ap_sig_allocacmp_out_pkts_id_load_1    |   9|          2|    5|         10|
    |ap_sig_allocacmp_out_pkts_keep_load_1  |   9|          2|    4|          8|
    |ap_sig_allocacmp_out_pkts_strb_load_1  |   9|          2|    4|          8|
    |ap_sig_allocacmp_out_pkts_user_load_1  |   9|          2|    2|          4|
    |i_fu_126                               |   9|          2|    3|          6|
    |in_pkts_data_1_1_fu_162                |   9|          2|   32|         64|
    |in_pkts_data_1_2_fu_166                |   9|          2|   32|         64|
    |in_pkts_data_1_3_fu_170                |   9|          2|   32|         64|
    |in_pkts_data_1_fu_158                  |   9|          2|   32|         64|
    |in_pkts_last_0_1_fu_154                |   9|          2|    1|          2|
    |in_pkts_last_0_fu_150                  |   9|          2|    1|          2|
    |in_stream_TDATA_blk_n                  |   9|          2|    1|          2|
    |out_pkts_dest_fu_146                   |   9|          2|    6|         12|
    |out_pkts_id_fu_142                     |   9|          2|    5|         10|
    |out_pkts_keep_fu_130                   |   9|          2|    4|          8|
    |out_pkts_strb_fu_134                   |   9|          2|    4|          8|
    |out_pkts_user_fu_138                   |   9|          2|    2|          4|
    +---------------------------------------+----+-----------+-----+-----------+
    |Total                                  | 180|         40|  180|        360|
    +---------------------------------------+----+-----------+-----+-----------+

    * Register: 
    +-------------------------+----+----+-----+-----------+
    |           Name          | FF | LUT| Bits| Const Bits|
    +-------------------------+----+----+-----+-----------+
    |ap_CS_fsm                |   1|   0|    1|          0|
    |ap_done_reg              |   1|   0|    1|          0|
    |i_fu_126                 |   3|   0|    3|          0|
    |in_pkts_data_1_1_fu_162  |  32|   0|   32|          0|
    |in_pkts_data_1_2_fu_166  |  32|   0|   32|          0|
    |in_pkts_data_1_3_fu_170  |  32|   0|   32|          0|
    |in_pkts_data_1_fu_158    |  32|   0|   32|          0|
    |in_pkts_last_0_1_fu_154  |   1|   0|    1|          0|
    |in_pkts_last_0_fu_150    |   1|   0|    1|          0|
    |out_pkts_dest_fu_146     |   6|   0|    6|          0|
    |out_pkts_id_fu_142       |   5|   0|    5|          0|
    |out_pkts_keep_fu_130     |   4|   0|    4|          0|
    |out_pkts_strb_fu_134     |   4|   0|    4|          0|
    |out_pkts_user_fu_138     |   2|   0|    2|          0|
    +-------------------------+----+----+-----+-----------+
    |Total                    | 156|   0|  156|          0|
    +-------------------------+----+----+-----+-----------+



================================================================
== Interface
================================================================
* Summary: 
+-----------------------------+-----+-----+------------+------------------------------+--------------+
|          RTL Ports          | Dir | Bits|  Protocol  |         Source Object        |    C Type    |
+-----------------------------+-----+-----+------------+------------------------------+--------------+
|ap_clk                       |   in|    1|  ap_ctrl_hs|  RNI_Pipeline_VITIS_LOOP_27_2|  return value|
|ap_rst                       |   in|    1|  ap_ctrl_hs|  RNI_Pipeline_VITIS_LOOP_27_2|  return value|
|ap_start                     |   in|    1|  ap_ctrl_hs|  RNI_Pipeline_VITIS_LOOP_27_2|  return value|
|ap_done                      |  out|    1|  ap_ctrl_hs|  RNI_Pipeline_VITIS_LOOP_27_2|  return value|
|ap_idle                      |  out|    1|  ap_ctrl_hs|  RNI_Pipeline_VITIS_LOOP_27_2|  return value|
|ap_ready                     |  out|    1|  ap_ctrl_hs|  RNI_Pipeline_VITIS_LOOP_27_2|  return value|
|in_stream_TVALID             |   in|    1|        axis|            in_stream_V_data_V|       pointer|
|in_stream_TDATA              |   in|   32|        axis|            in_stream_V_data_V|       pointer|
|in_pkts_data_3_08            |   in|   32|     ap_none|             in_pkts_data_3_08|        scalar|
|in_pkts_data_2_07            |   in|   32|     ap_none|             in_pkts_data_2_07|        scalar|
|in_pkts_data_1_06            |   in|   32|     ap_none|             in_pkts_data_1_06|        scalar|
|in_pkts_data_0_05            |   in|   32|     ap_none|             in_pkts_data_0_05|        scalar|
|in_pkts_dest_0_0102          |   in|    6|     ap_none|           in_pkts_dest_0_0102|        scalar|
|in_pkts_id_0_0101            |   in|    5|     ap_none|             in_pkts_id_0_0101|        scalar|
|in_pkts_last_0_099           |   in|    1|     ap_none|            in_pkts_last_0_099|        scalar|
|in_pkts_user_0_098           |   in|    2|     ap_none|            in_pkts_user_0_098|        scalar|
|in_pkts_strb_0_097           |   in|    4|     ap_none|            in_pkts_strb_0_097|        scalar|
|in_pkts_keep_0_096           |   in|    4|     ap_none|            in_pkts_keep_0_096|        scalar|
|in_stream_TREADY             |  out|    1|        axis|            in_stream_V_dest_V|       pointer|
|in_stream_TDEST              |   in|    6|        axis|            in_stream_V_dest_V|       pointer|
|in_stream_TKEEP              |   in|    4|        axis|            in_stream_V_keep_V|       pointer|
|in_stream_TSTRB              |   in|    4|        axis|            in_stream_V_strb_V|       pointer|
|in_stream_TUSER              |   in|    2|        axis|            in_stream_V_user_V|       pointer|
|in_stream_TLAST              |   in|    1|        axis|            in_stream_V_last_V|       pointer|
|in_stream_TID                |   in|    5|        axis|              in_stream_V_id_V|       pointer|
|in_pkts_data_3_1_out         |  out|   32|      ap_vld|          in_pkts_data_3_1_out|       pointer|
|in_pkts_data_3_1_out_ap_vld  |  out|    1|      ap_vld|          in_pkts_data_3_1_out|       pointer|
|in_pkts_data_2_1_out         |  out|   32|      ap_vld|          in_pkts_data_2_1_out|       pointer|
|in_pkts_data_2_1_out_ap_vld  |  out|    1|      ap_vld|          in_pkts_data_2_1_out|       pointer|
|in_pkts_data_1_1_out         |  out|   32|      ap_vld|          in_pkts_data_1_1_out|       pointer|
|in_pkts_data_1_1_out_ap_vld  |  out|    1|      ap_vld|          in_pkts_data_1_1_out|       pointer|
|in_pkts_data_0_1_out         |  out|   32|      ap_vld|          in_pkts_data_0_1_out|       pointer|
|in_pkts_data_0_1_out_ap_vld  |  out|    1|      ap_vld|          in_pkts_data_0_1_out|       pointer|
|out_pkts_dest_out            |  out|    6|      ap_vld|             out_pkts_dest_out|       pointer|
|out_pkts_dest_out_ap_vld     |  out|    1|      ap_vld|             out_pkts_dest_out|       pointer|
|out_pkts_id_out              |  out|    5|      ap_vld|               out_pkts_id_out|       pointer|
|out_pkts_id_out_ap_vld       |  out|    1|      ap_vld|               out_pkts_id_out|       pointer|
|in_pkts_last_3_1_out         |  out|    1|      ap_vld|          in_pkts_last_3_1_out|       pointer|
|in_pkts_last_3_1_out_ap_vld  |  out|    1|      ap_vld|          in_pkts_last_3_1_out|       pointer|
|out_pkts_last_out            |  out|    1|      ap_vld|             out_pkts_last_out|       pointer|
|out_pkts_last_out_ap_vld     |  out|    1|      ap_vld|             out_pkts_last_out|       pointer|
|out_pkts_user_out            |  out|    2|      ap_vld|             out_pkts_user_out|       pointer|
|out_pkts_user_out_ap_vld     |  out|    1|      ap_vld|             out_pkts_user_out|       pointer|
|out_pkts_strb_out            |  out|    4|      ap_vld|             out_pkts_strb_out|       pointer|
|out_pkts_strb_out_ap_vld     |  out|    1|      ap_vld|             out_pkts_strb_out|       pointer|
|out_pkts_keep_out            |  out|    4|      ap_vld|             out_pkts_keep_out|       pointer|
|out_pkts_keep_out_ap_vld     |  out|    1|      ap_vld|             out_pkts_keep_out|       pointer|
+-----------------------------+-----+-----+------------+------------------------------+--------------+

