

================================================================
== Vitis HLS Report for 'RNI_Pipeline_VITIS_LOOP_39_3'
================================================================
* Date:           Wed Jun 26 20:09:50 2024

* Version:        2023.1.1 (Build 3869133 on Jun 15 2023)
* Project:        RNI
* Solution:       solution1 (Vivado IP Flow Target)
* Product family: zynq
* Target device:  xc7z020-clg400-1


================================================================
== Performance Estimates
================================================================
+ Timing: 
    * Summary: 
    +--------+----------+----------+------------+
    |  Clock |  Target  | Estimated| Uncertainty|
    +--------+----------+----------+------------+
    |ap_clk  |  10.00 ns|  4.057 ns|     2.70 ns|
    +--------+----------+----------+------------+

+ Latency: 
    * Summary: 
    +---------+---------+----------+----------+-----+-----+---------+
    |  Latency (cycles) |  Latency (absolute) |  Interval | Pipeline|
    |   min   |   max   |    min   |    max   | min | max |   Type  |
    +---------+---------+----------+----------+-----+-----+---------+
    |       10|       10|  0.100 us|  0.100 us|   10|   10|       no|
    +---------+---------+----------+----------+-----+-----+---------+

    + Detail: 
        * Instance: 
        N/A

        * Loop: 
        +-------------------+---------+---------+----------+-----------+-----------+------+----------+
        |                   |  Latency (cycles) | Iteration|  Initiation Interval  | Trip |          |
        |     Loop Name     |   min   |   max   |  Latency |  achieved |   target  | Count| Pipelined|
        +-------------------+---------+---------+----------+-----------+-----------+------+----------+
        |- VITIS_LOOP_39_3  |        8|        8|         1|          1|          1|     8|       yes|
        +-------------------+---------+---------+----------+-----------+-----------+------+----------+



================================================================
== Utilization Estimates
================================================================
* Summary: 
+-----------------+---------+-----+--------+-------+-----+
|       Name      | BRAM_18K| DSP |   FF   |  LUT  | URAM|
+-----------------+---------+-----+--------+-------+-----+
|DSP              |        -|    -|       -|      -|    -|
|Expression       |        -|    -|       0|     26|    -|
|FIFO             |        -|    -|       -|      -|    -|
|Instance         |        -|    -|       -|      -|    -|
|Memory           |        -|    -|       -|      -|    -|
|Multiplexer      |        -|    -|       -|     27|    -|
|Register         |        -|    -|       6|      -|    -|
+-----------------+---------+-----+--------+-------+-----+
|Total            |        0|    0|       6|     53|    0|
+-----------------+---------+-----+--------+-------+-----+
|Available        |      280|  220|  106400|  53200|    0|
+-----------------+---------+-----+--------+-------+-----+
|Utilization (%)  |        0|    0|      ~0|     ~0|    0|
+-----------------+---------+-----+--------+-------+-----+

+ Detail: 
    * Instance: 
    N/A

    * DSP: 
    N/A

    * Memory: 
    N/A

    * FIFO: 
    N/A

    * Expression: 
    +--------------------+----------+----+---+----+------------+------------+
    |    Variable Name   | Operation| DSP| FF| LUT| Bitwidth P0| Bitwidth P1|
    +--------------------+----------+----+---+----+------------+------------+
    |add_ln39_fu_62_p2   |         +|   0|  0|  13|           4|           1|
    |icmp_ln39_fu_56_p2  |      icmp|   0|  0|  13|           4|           5|
    +--------------------+----------+----+---+----+------------+------------+
    |Total               |          |   0|  0|  26|           8|           6|
    +--------------------+----------+----+---+----+------------+------------+

    * Multiplexer: 
    +--------------------+----+-----------+-----+-----------+
    |        Name        | LUT| Input Size| Bits| Total Bits|
    +--------------------+----+-----------+-----+-----------+
    |ap_done_int         |   9|          2|    1|          2|
    |ap_sig_allocacmp_i  |   9|          2|    4|          8|
    |i_1_fu_30           |   9|          2|    4|          8|
    +--------------------+----+-----------+-----+-----------+
    |Total               |  27|          6|    9|         18|
    +--------------------+----+-----------+-----+-----------+

    * Register: 
    +-------------+---+----+-----+-----------+
    |     Name    | FF| LUT| Bits| Const Bits|
    +-------------+---+----+-----+-----------+
    |ap_CS_fsm    |  1|   0|    1|          0|
    |ap_done_reg  |  1|   0|    1|          0|
    |i_1_fu_30    |  4|   0|    4|          0|
    +-------------+---+----+-----+-----------+
    |Total        |  6|   0|    6|          0|
    +-------------+---+----+-----+-----------+



================================================================
== Interface
================================================================
* Summary: 
+----------------------+-----+-----+------------+------------------------------+--------------+
|       RTL Ports      | Dir | Bits|  Protocol  |         Source Object        |    C Type    |
+----------------------+-----+-----+------------+------------------------------+--------------+
|ap_clk                |   in|    1|  ap_ctrl_hs|  RNI_Pipeline_VITIS_LOOP_39_3|  return value|
|ap_rst                |   in|    1|  ap_ctrl_hs|  RNI_Pipeline_VITIS_LOOP_39_3|  return value|
|ap_start              |   in|    1|  ap_ctrl_hs|  RNI_Pipeline_VITIS_LOOP_39_3|  return value|
|ap_done               |  out|    1|  ap_ctrl_hs|  RNI_Pipeline_VITIS_LOOP_39_3|  return value|
|ap_idle               |  out|    1|  ap_ctrl_hs|  RNI_Pipeline_VITIS_LOOP_39_3|  return value|
|ap_ready              |  out|    1|  ap_ctrl_hs|  RNI_Pipeline_VITIS_LOOP_39_3|  return value|
|output_list_address0  |  out|    3|   ap_memory|                   output_list|         array|
|output_list_ce0       |  out|    1|   ap_memory|                   output_list|         array|
|output_list_we0       |  out|    1|   ap_memory|                   output_list|         array|
|output_list_d0        |  out|    1|   ap_memory|                   output_list|         array|
+----------------------+-----+-----+------------+------------------------------+--------------+

