

================================================================
== Vitis HLS Report for 'RNI_Pipeline_WEIGHTS_LOOP6'
================================================================
* Date:           Wed Jun 26 20:09:51 2024

* Version:        2023.1.1 (Build 3869133 on Jun 15 2023)
* Project:        RNI
* Solution:       solution1 (Vivado IP Flow Target)
* Product family: zynq
* Target device:  xc7z020-clg400-1


================================================================
== Performance Estimates
================================================================
+ Timing: 
    * Summary: 
    +--------+----------+----------+------------+
    |  Clock |  Target  | Estimated| Uncertainty|
    +--------+----------+----------+------------+
    |ap_clk  |  10.00 ns|  6.020 ns|     2.70 ns|
    +--------+----------+----------+------------+

+ Latency: 
    * Summary: 
    +---------+---------+-----------+----------+-----+--------+---------+
    |  Latency (cycles) |  Latency (absolute)  |   Interval   | Pipeline|
    |   min   |   max   |    min    |    max   | min |   max  |   Type  |
    +---------+---------+-----------+----------+-----+--------+---------+
    |        2|   196607|  20.000 ns|  1.966 ms|    2|  196607|       no|
    +---------+---------+-----------+----------+-----+--------+---------+

    + Detail: 
        * Instance: 
        N/A

        * Loop: 
        +----------------+---------+---------+----------+-----------+-----------+-----------+----------+
        |                |  Latency (cycles) | Iteration|  Initiation Interval  |    Trip   |          |
        |    Loop Name   |   min   |   max   |  Latency |  achieved |   target  |   Count   | Pipelined|
        +----------------+---------+---------+----------+-----------+-----------+-----------+----------+
        |- WEIGHTS_LOOP  |        0|   196605|         4|          3|          1|  0 ~ 65535|       yes|
        +----------------+---------+---------+----------+-----------+-----------+-----------+----------+



================================================================
== Utilization Estimates
================================================================
* Summary: 
+-----------------+---------+-----+--------+-------+-----+
|       Name      | BRAM_18K| DSP |   FF   |  LUT  | URAM|
+-----------------+---------+-----+--------+-------+-----+
|DSP              |        -|    -|       -|      -|    -|
|Expression       |        -|    -|       0|    185|    -|
|FIFO             |        -|    -|       -|      -|    -|
|Instance         |        -|    -|       -|      -|    -|
|Memory           |        -|    -|       -|      -|    -|
|Multiplexer      |        -|    -|       -|     65|    -|
|Register         |        -|    -|     185|      -|    -|
+-----------------+---------+-----+--------+-------+-----+
|Total            |        0|    0|     185|    250|    0|
+-----------------+---------+-----+--------+-------+-----+
|Available        |      280|  220|  106400|  53200|    0|
+-----------------+---------+-----+--------+-------+-----+
|Utilization (%)  |        0|    0|      ~0|     ~0|    0|
+-----------------+---------+-----+--------+-------+-----+

+ Detail: 
    * Instance: 
    N/A

    * DSP: 
    N/A

    * Memory: 
    N/A

    * FIFO: 
    N/A

    * Expression: 
    +----------------------+----------+----+---+----+------------+------------+
    |     Variable Name    | Operation| DSP| FF| LUT| Bitwidth P0| Bitwidth P1|
    +----------------------+----------+----+---+----+------------+------------+
    |add_ln170_fu_155_p2   |         +|   0|  0|  71|          64|           1|
    |add_ln172_fu_139_p2   |         +|   0|  0|   9|           9|           8|
    |add_ln174_fu_169_p2   |         +|   0|  0|  23|          16|          16|
    |sub_ln172_fu_145_p2   |         -|   0|  0|   9|           9|           9|
    |icmp_ln170_fu_130_p2  |      icmp|   0|  0|  71|          64|          64|
    |ap_enable_pp0         |       xor|   0|  0|   2|           1|           2|
    +----------------------+----------+----+---+----+------------+------------+
    |Total                 |          |   0|  0| 185|         163|         100|
    +----------------------+----------+----+---+----+------------+------------+

    * Multiplexer: 
    +-----------------------------+----+-----------+-----+-----------+
    |             Name            | LUT| Input Size| Bits| Total Bits|
    +-----------------------------+----+-----------+-----+-----------+
    |ap_NS_fsm                    |  20|          4|    1|          4|
    |ap_done_int                  |   9|          2|    1|          2|
    |ap_enable_reg_pp0_iter0      |   9|          2|    1|          2|
    |ap_enable_reg_pp0_iter0_reg  |   9|          2|    1|          2|
    |ap_enable_reg_pp0_iter1      |   9|          2|    1|          2|
    |weight_index_fu_44           |   9|          2|   64|        128|
    +-----------------------------+----+-----------+-----+-----------+
    |Total                        |  65|         14|   69|        140|
    +-----------------------------+----+-----------+-----+-----------+

    * Register: 
    +-------------------------------+----+----+-----+-----------+
    |              Name             | FF | LUT| Bits| Const Bits|
    +-------------------------------+----+----+-----+-----------+
    |NEURONS_MEMBRANE_addr_reg_203  |   9|   0|    9|          0|
    |add_ln174_reg_226              |  16|   0|   16|          0|
    |ap_CS_fsm                      |   3|   0|    3|          0|
    |ap_done_reg                    |   1|   0|    1|          0|
    |ap_enable_reg_pp0_iter0_reg    |   1|   0|    1|          0|
    |ap_enable_reg_pp0_iter1        |   1|   0|    1|          0|
    |icmp_ln170_reg_208             |   1|   0|    1|          0|
    |neuron_state_reg_217           |   1|   0|    1|          0|
    |weight_index_2_reg_197         |  64|   0|   64|          0|
    |weight_index_fu_44             |  64|   0|   64|          0|
    |zext_ln166_cast_reg_192        |   9|   0|   64|         55|
    |zext_ln170_1_cast_reg_187      |  15|   0|   64|         49|
    +-------------------------------+----+----+-----+-----------+
    |Total                          | 185|   0|  289|        104|
    +-------------------------------+----+----+-----+-----------+



================================================================
== Interface
================================================================
* Summary: 
+---------------------------+-----+-----+------------+----------------------------+--------------+
|         RTL Ports         | Dir | Bits|  Protocol  |        Source Object       |    C Type    |
+---------------------------+-----+-----+------------+----------------------------+--------------+
|ap_clk                     |   in|    1|  ap_ctrl_hs|  RNI_Pipeline_WEIGHTS_LOOP6|  return value|
|ap_rst                     |   in|    1|  ap_ctrl_hs|  RNI_Pipeline_WEIGHTS_LOOP6|  return value|
|ap_start                   |   in|    1|  ap_ctrl_hs|  RNI_Pipeline_WEIGHTS_LOOP6|  return value|
|ap_done                    |  out|    1|  ap_ctrl_hs|  RNI_Pipeline_WEIGHTS_LOOP6|  return value|
|ap_idle                    |  out|    1|  ap_ctrl_hs|  RNI_Pipeline_WEIGHTS_LOOP6|  return value|
|ap_ready                   |  out|    1|  ap_ctrl_hs|  RNI_Pipeline_WEIGHTS_LOOP6|  return value|
|zext_ln170                 |   in|   15|     ap_none|                  zext_ln170|        scalar|
|zext_ln166                 |   in|    9|     ap_none|                  zext_ln166|        scalar|
|zext_ln170_1               |   in|   15|     ap_none|                zext_ln170_1|        scalar|
|trunc_ln13                 |   in|    9|     ap_none|                  trunc_ln13|        scalar|
|NEURONS_STATE_address0     |  out|    9|   ap_memory|               NEURONS_STATE|         array|
|NEURONS_STATE_ce0          |  out|    1|   ap_memory|               NEURONS_STATE|         array|
|NEURONS_STATE_q0           |   in|    1|   ap_memory|               NEURONS_STATE|         array|
|WEIGHTS_address0           |  out|   15|   ap_memory|                     WEIGHTS|         array|
|WEIGHTS_ce0                |  out|    1|   ap_memory|                     WEIGHTS|         array|
|WEIGHTS_q0                 |   in|    8|   ap_memory|                     WEIGHTS|         array|
|NEURONS_MEMBRANE_address0  |  out|    9|   ap_memory|            NEURONS_MEMBRANE|         array|
|NEURONS_MEMBRANE_ce0       |  out|    1|   ap_memory|            NEURONS_MEMBRANE|         array|
|NEURONS_MEMBRANE_we0       |  out|    1|   ap_memory|            NEURONS_MEMBRANE|         array|
|NEURONS_MEMBRANE_d0        |  out|   16|   ap_memory|            NEURONS_MEMBRANE|         array|
|NEURONS_MEMBRANE_q0        |   in|   16|   ap_memory|            NEURONS_MEMBRANE|         array|
+---------------------------+-----+-----+------------+----------------------------+--------------+

