

================================================================
== Vitis HLS Report for 'inner_layer_1_Pipeline_NEURONS_STATE_RESET_LOOP'
================================================================
* Date:           Mon Oct 28 19:19:45 2024

* Version:        2023.1.1 (Build 3869133 on Jun 15 2023)
* Project:        RNI
* Solution:       solution1 (Vivado IP Flow Target)
* Product family: zynq
* Target device:  xc7z020-clg400-1


================================================================
== Performance Estimates
================================================================
+ Timing: 
    * Summary: 
    +--------+----------+----------+------------+
    |  Clock |  Target  | Estimated| Uncertainty|
    +--------+----------+----------+------------+
    |ap_clk  |  10.00 ns|  4.237 ns|     2.70 ns|
    +--------+----------+----------+------------+

+ Latency: 
    * Summary: 
    +---------+---------+----------+----------+-----+-----+---------+
    |  Latency (cycles) |  Latency (absolute) |  Interval | Pipeline|
    |   min   |   max   |    min   |    max   | min | max |   Type  |
    +---------+---------+----------+----------+-----+-----+---------+
    |      130|      130|  1.300 us|  1.300 us|  130|  130|       no|
    +---------+---------+----------+----------+-----+-----+---------+

    + Detail: 
        * Instance: 
        N/A

        * Loop: 
        +----------------------------+---------+---------+----------+-----------+-----------+------+----------+
        |                            |  Latency (cycles) | Iteration|  Initiation Interval  | Trip |          |
        |          Loop Name         |   min   |   max   |  Latency |  achieved |   target  | Count| Pipelined|
        +----------------------------+---------+---------+----------+-----------+-----------+------+----------+
        |- NEURONS_STATE_RESET_LOOP  |      128|      128|         1|          1|          1|   128|       yes|
        +----------------------------+---------+---------+----------+-----------+-----------+------+----------+

============================================================
+ Verbose Summary: Synthesis Manager
============================================================
InlineROM: 1
ExposeGlobal: 0
============================================================
+ Verbose Summary: CDFG Model
============================================================
IsTopModel: 0
ResetActiveHigh: 1
IsCombinational: 0
IsDatapathOnly: 0
HasWiredReturn: 1
HasMFsm: 2
HasVarLatency: 1
IsPipeline: 0
IsRtlPipelined: 0
IsInstanceOverlapped: 0
IsDontTouch: 0
HasImplIP: 0
IsGatedGlobalClock: 0

+ Individual pipeline summary: 
  * Pipeline-0: initiation interval (II) = 1, depth = 1


============================================================
+ Verbose Summary: Schedule
============================================================
* Number of FSM states : 1
* Pipeline : 1
  Pipeline-0 : II = 1, D = 1, States = { 1 }
* Dataflow Pipeline: 0

* FSM state transitions: 
1 --> 

* FSM state operations: 

State 1 <SV = 0> <Delay = 4.23>
ST_1 : Operation 4 [1/1] (0.00ns)   --->   "%neuron_state_index = alloca i32 1"   --->   Operation 4 'alloca' 'neuron_state_index' <Predicate = true> <Delay = 0.00>
ST_1 : Operation 5 [1/1] (1.58ns)   --->   "%store_ln0 = store i8 0, i8 %neuron_state_index"   --->   Operation 5 'store' 'store_ln0' <Predicate = true> <Delay = 1.58>
ST_1 : Operation 6 [1/1] (0.00ns)   --->   "%br_ln0 = br void %for.inc.i291"   --->   Operation 6 'br' 'br_ln0' <Predicate = true> <Delay = 0.00>
ST_1 : Operation 7 [1/1] (0.00ns)   --->   "%neuron_state_index_5 = load i8 %neuron_state_index" [src/RNI.cpp:188->src/RNI.cpp:97]   --->   Operation 7 'load' 'neuron_state_index_5' <Predicate = true> <Delay = 0.00>
ST_1 : Operation 8 [1/1] (0.00ns)   --->   "%specpipeline_ln0 = specpipeline void @_ssdm_op_SpecPipeline, i32 4294967295, i32 0, i32 1, i32 0, void @p_str"   --->   Operation 8 'specpipeline' 'specpipeline_ln0' <Predicate = true> <Delay = 0.00>
ST_1 : Operation 9 [1/1] (1.91ns)   --->   "%icmp_ln188 = icmp_eq  i8 %neuron_state_index_5, i8 128" [src/RNI.cpp:188->src/RNI.cpp:97]   --->   Operation 9 'icmp' 'icmp_ln188' <Predicate = true> <Delay = 1.91> <CoreInst = "Cmp">   --->   Core 9 'Cmp' <Latency = 0> <II = 1> <Delay = 1.91> <FuncUnit> <Opcode : 'icmp'> <InPorts = 2> <OutPorts = 1>
ST_1 : Operation 10 [1/1] (0.00ns)   --->   "%speclooptripcount_ln0 = speclooptripcount void @_ssdm_op_SpecLoopTripCount, i64 128, i64 128, i64 128"   --->   Operation 10 'speclooptripcount' 'speclooptripcount_ln0' <Predicate = true> <Delay = 0.00>
ST_1 : Operation 11 [1/1] (1.91ns)   --->   "%add_ln188 = add i8 %neuron_state_index_5, i8 1" [src/RNI.cpp:188->src/RNI.cpp:97]   --->   Operation 11 'add' 'add_ln188' <Predicate = true> <Delay = 1.91> <CoreInst = "Adder">   --->   Core 1 'Adder' <Latency = 0> <II = 1> <Delay = 1.91> <FuncUnit> <Opcode : 'add' 'sub'> <InPorts = 2> <OutPorts = 1>
ST_1 : Operation 12 [1/1] (0.00ns)   --->   "%br_ln188 = br i1 %icmp_ln188, void %for.inc.i291.split, void %_Z19reset_neuron_states6ap_intILi16EE.exit.exitStub" [src/RNI.cpp:188->src/RNI.cpp:97]   --->   Operation 12 'br' 'br_ln188' <Predicate = true> <Delay = 0.00>
ST_1 : Operation 13 [1/1] (0.00ns)   --->   "%neuron_state_index_cast = zext i8 %neuron_state_index_5" [src/RNI.cpp:188->src/RNI.cpp:97]   --->   Operation 13 'zext' 'neuron_state_index_cast' <Predicate = (!icmp_ln188)> <Delay = 0.00>
ST_1 : Operation 14 [1/1] (0.00ns)   --->   "%specloopname_ln188 = specloopname void @_ssdm_op_SpecLoopName, void @empty_13" [src/RNI.cpp:188->src/RNI.cpp:97]   --->   Operation 14 'specloopname' 'specloopname_ln188' <Predicate = (!icmp_ln188)> <Delay = 0.00>
ST_1 : Operation 15 [1/1] (0.00ns)   --->   "%NEURONS_STATE_addr = getelementptr i1 %NEURONS_STATE, i64 0, i64 %neuron_state_index_cast" [src/RNI.cpp:190->src/RNI.cpp:97]   --->   Operation 15 'getelementptr' 'NEURONS_STATE_addr' <Predicate = (!icmp_ln188)> <Delay = 0.00>
ST_1 : Operation 16 [1/1] (2.32ns)   --->   "%store_ln190 = store i1 0, i8 %NEURONS_STATE_addr" [src/RNI.cpp:190->src/RNI.cpp:97]   --->   Operation 16 'store' 'store_ln190' <Predicate = (!icmp_ln188)> <Delay = 2.32> <CoreInst = "RAM">   --->   Core 82 'RAM' <Latency = 1> <II = 1> <Delay = 2.32> <Storage> <Opcode : 'load' 'store'> <Ports = 2> <Width = 1> <Depth = 244> <RAM>
ST_1 : Operation 17 [1/1] (1.58ns)   --->   "%store_ln188 = store i8 %add_ln188, i8 %neuron_state_index" [src/RNI.cpp:188->src/RNI.cpp:97]   --->   Operation 17 'store' 'store_ln188' <Predicate = (!icmp_ln188)> <Delay = 1.58>
ST_1 : Operation 18 [1/1] (0.00ns)   --->   "%br_ln188 = br void %for.inc.i291" [src/RNI.cpp:188->src/RNI.cpp:97]   --->   Operation 18 'br' 'br_ln188' <Predicate = (!icmp_ln188)> <Delay = 0.00>
ST_1 : Operation 19 [1/1] (0.00ns)   --->   "%ret_ln0 = ret"   --->   Operation 19 'ret' 'ret_ln0' <Predicate = (icmp_ln188)> <Delay = 0.00>


============================================================
+ Verbose Summary: Timing violations
============================================================
Target clock period: 10.000ns, clock uncertainty: 2.700ns.

 <State 1>: 4.237ns
The critical path consists of the following:
	'alloca' operation ('neuron_state_index') [2]  (0.000 ns)
	'load' operation ('neuron_state_index', src/RNI.cpp:188->src/RNI.cpp:97) on local variable 'neuron_state_index' [6]  (0.000 ns)
	'add' operation ('add_ln188', src/RNI.cpp:188->src/RNI.cpp:97) [10]  (1.915 ns)
	'store' operation ('store_ln188', src/RNI.cpp:188->src/RNI.cpp:97) of variable 'add_ln188', src/RNI.cpp:188->src/RNI.cpp:97 on local variable 'neuron_state_index' [17]  (1.588 ns)
	blocking operation 0.734 ns on control path)


============================================================
+ Verbose Summary: Binding
============================================================
N/A
* FSMD analyzer results:
  - Output states:
 - Input state : 
  - Chain level:
	State 1


============================================================
+ Verbose Summary: Datapath Resource usage 
============================================================
N/A
