

================================================================
== Vitis HLS Report for 'inner_layer_1_Pipeline_WEIGHTS_LOOP_1'
================================================================
* Date:           Mon Oct 28 19:19:45 2024

* Version:        2023.1.1 (Build 3869133 on Jun 15 2023)
* Project:        RNI
* Solution:       solution1 (Vivado IP Flow Target)
* Product family: zynq
* Target device:  xc7z020-clg400-1


================================================================
== Performance Estimates
================================================================
+ Timing: 
    * Summary: 
    +--------+----------+----------+------------+
    |  Clock |  Target  | Estimated| Uncertainty|
    +--------+----------+----------+------------+
    |ap_clk  |  10.00 ns|  5.331 ns|     2.70 ns|
    +--------+----------+----------+------------+

+ Latency: 
    * Summary: 
    +---------+---------+-----------+----------+-----+--------+---------+
    |  Latency (cycles) |  Latency (absolute)  |   Interval   | Pipeline|
    |   min   |   max   |    min    |    max   | min |   max  |   Type  |
    +---------+---------+-----------+----------+-----+--------+---------+
    |        2|   262142|  20.000 ns|  2.621 ms|    2|  262142|       no|
    +---------+---------+-----------+----------+-----+--------+---------+

    + Detail: 
        * Instance: 
        N/A

        * Loop: 
        +------------------+---------+---------+----------+-----------+-----------+-----------+----------+
        |                  |  Latency (cycles) | Iteration|  Initiation Interval  |    Trip   |          |
        |     Loop Name    |   min   |   max   |  Latency |  achieved |   target  |   Count   | Pipelined|
        +------------------+---------+---------+----------+-----------+-----------+-----------+----------+
        |- WEIGHTS_LOOP_1  |        0|   262140|         5|          4|          1|  0 ~ 65535|       yes|
        +------------------+---------+---------+----------+-----------+-----------+-----------+----------+

============================================================
+ Verbose Summary: Synthesis Manager
============================================================
InlineROM: 1
ExposeGlobal: 0
============================================================
+ Verbose Summary: CDFG Model
============================================================
IsTopModel: 0
ResetActiveHigh: 1
IsCombinational: 0
IsDatapathOnly: 0
HasWiredReturn: 1
HasMFsm: 2
HasVarLatency: 1
IsPipeline: 0
IsRtlPipelined: 0
IsInstanceOverlapped: 0
IsDontTouch: 0
HasImplIP: 0
IsGatedGlobalClock: 0

+ Individual pipeline summary: 
  * Pipeline-0: initiation interval (II) = 4, depth = 6


============================================================
+ Verbose Summary: Schedule
============================================================
* Number of FSM states : 6
* Pipeline : 1
  Pipeline-0 : II = 4, D = 6, States = { 1 2 3 4 5 6 }
* Dataflow Pipeline: 0

* FSM state transitions: 
1 --> 2 
2 --> 3 
3 --> 4 
4 --> 5 
5 --> 6 
6 --> 

* FSM state operations: 

State 1 <SV = 0> <Delay = 1.58>
ST_1 : Operation 8 [1/1] (0.00ns)   --->   "%weight_index = alloca i32 1"   --->   Operation 8 'alloca' 'weight_index' <Predicate = true> <Delay = 0.00>
ST_1 : Operation 9 [1/1] (0.00ns)   --->   "%trunc_ln_read = read i8 @_ssdm_op_Read.ap_auto.i8, i8 %trunc_ln"   --->   Operation 9 'read' 'trunc_ln_read' <Predicate = true> <Delay = 0.00>
ST_1 : Operation 10 [1/1] (0.00ns)   --->   "%zext_ln86_1_read = read i14 @_ssdm_op_Read.ap_auto.i14, i14 %zext_ln86_1"   --->   Operation 10 'read' 'zext_ln86_1_read' <Predicate = true> <Delay = 0.00>
ST_1 : Operation 11 [1/1] (0.00ns)   --->   "%zext_ln83_read = read i8 @_ssdm_op_Read.ap_auto.i8, i8 %zext_ln83"   --->   Operation 11 'read' 'zext_ln83_read' <Predicate = true> <Delay = 0.00>
ST_1 : Operation 12 [1/1] (0.00ns)   --->   "%zext_ln86_read = read i14 @_ssdm_op_Read.ap_auto.i14, i14 %zext_ln86"   --->   Operation 12 'read' 'zext_ln86_read' <Predicate = true> <Delay = 0.00>
ST_1 : Operation 13 [1/1] (0.00ns)   --->   "%zext_ln86_1_cast = zext i14 %zext_ln86_1_read"   --->   Operation 13 'zext' 'zext_ln86_1_cast' <Predicate = true> <Delay = 0.00>
ST_1 : Operation 14 [1/1] (0.00ns)   --->   "%zext_ln83_cast = zext i8 %zext_ln83_read"   --->   Operation 14 'zext' 'zext_ln83_cast' <Predicate = true> <Delay = 0.00>
ST_1 : Operation 15 [1/1] (0.00ns)   --->   "%zext_ln86_cast = zext i14 %zext_ln86_read"   --->   Operation 15 'zext' 'zext_ln86_cast' <Predicate = true> <Delay = 0.00>
ST_1 : Operation 16 [1/1] (1.58ns)   --->   "%store_ln0 = store i64 %zext_ln86_cast, i64 %weight_index"   --->   Operation 16 'store' 'store_ln0' <Predicate = true> <Delay = 1.58>
ST_1 : Operation 17 [1/1] (0.00ns)   --->   "%br_ln0 = br void %for.body13"   --->   Operation 17 'br' 'br_ln0' <Predicate = true> <Delay = 0.00>

State 2 <SV = 1> <Delay = 4.23>
ST_2 : Operation 18 [1/1] (0.00ns)   --->   "%weight_index_5 = load i64 %weight_index" [src/RNI.cpp:88]   --->   Operation 18 'load' 'weight_index_5' <Predicate = true> <Delay = 0.00>
ST_2 : Operation 19 [1/1] (0.00ns)   --->   "%NEURONS_MEMBRANE_addr = getelementptr i16 %NEURONS_MEMBRANE, i64 0, i64 %zext_ln83_cast"   --->   Operation 19 'getelementptr' 'NEURONS_MEMBRANE_addr' <Predicate = true> <Delay = 0.00>
ST_2 : Operation 20 [1/1] (0.00ns)   --->   "%specpipeline_ln0 = specpipeline void @_ssdm_op_SpecPipeline, i32 4294967295, i32 0, i32 1, i32 0, void @p_str"   --->   Operation 20 'specpipeline' 'specpipeline_ln0' <Predicate = true> <Delay = 0.00>
ST_2 : Operation 21 [1/1] (3.52ns)   --->   "%icmp_ln86 = icmp_slt  i64 %weight_index_5, i64 %zext_ln86_1_cast" [src/RNI.cpp:86]   --->   Operation 21 'icmp' 'icmp_ln86' <Predicate = true> <Delay = 3.52> <CoreInst = "Cmp">   --->   Core 9 'Cmp' <Latency = 0> <II = 1> <Delay = 3.52> <FuncUnit> <Opcode : 'icmp'> <InPorts = 2> <OutPorts = 1>
ST_2 : Operation 22 [1/1] (0.00ns)   --->   "%br_ln86 = br i1 %icmp_ln86, void %for.inc39.loopexit.exitStub, void %for.body13.split" [src/RNI.cpp:86]   --->   Operation 22 'br' 'br_ln86' <Predicate = true> <Delay = 0.00>
ST_2 : Operation 23 [1/1] (0.00ns)   --->   "%trunc_ln88 = trunc i64 %weight_index_5" [src/RNI.cpp:88]   --->   Operation 23 'trunc' 'trunc_ln88' <Predicate = (icmp_ln86)> <Delay = 0.00>
ST_2 : Operation 24 [1/1] (1.91ns)   --->   "%sub_ln88 = sub i8 %trunc_ln88, i8 %trunc_ln_read" [src/RNI.cpp:88]   --->   Operation 24 'sub' 'sub_ln88' <Predicate = (icmp_ln86)> <Delay = 1.91> <CoreInst = "Adder">   --->   Core 1 'Adder' <Latency = 0> <II = 1> <Delay = 1.91> <FuncUnit> <Opcode : 'add' 'sub'> <InPorts = 2> <OutPorts = 1>
ST_2 : Operation 25 [1/1] (0.00ns)   --->   "%zext_ln88 = zext i8 %sub_ln88" [src/RNI.cpp:88]   --->   Operation 25 'zext' 'zext_ln88' <Predicate = (icmp_ln86)> <Delay = 0.00>
ST_2 : Operation 26 [1/1] (0.00ns)   --->   "%NEURONS_STATE_addr = getelementptr i1 %NEURONS_STATE, i64 0, i64 %zext_ln88" [src/RNI.cpp:88]   --->   Operation 26 'getelementptr' 'NEURONS_STATE_addr' <Predicate = (icmp_ln86)> <Delay = 0.00>
ST_2 : Operation 27 [2/2] (2.32ns)   --->   "%neuron_state = load i8 %NEURONS_STATE_addr" [src/RNI.cpp:88]   --->   Operation 27 'load' 'neuron_state' <Predicate = (icmp_ln86)> <Delay = 2.32> <CoreInst = "RAM">   --->   Core 82 'RAM' <Latency = 1> <II = 1> <Delay = 2.32> <Storage> <Opcode : 'load' 'store'> <Ports = 2> <Width = 1> <Depth = 244> <RAM>
ST_2 : Operation 49 [1/1] (0.00ns)   --->   "%ret_ln0 = ret"   --->   Operation 49 'ret' 'ret_ln0' <Predicate = (!icmp_ln86)> <Delay = 0.00>

State 3 <SV = 2> <Delay = 5.10>
ST_3 : Operation 28 [1/2] (2.32ns)   --->   "%neuron_state = load i8 %NEURONS_STATE_addr" [src/RNI.cpp:88]   --->   Operation 28 'load' 'neuron_state' <Predicate = (icmp_ln86)> <Delay = 2.32> <CoreInst = "RAM">   --->   Core 82 'RAM' <Latency = 1> <II = 1> <Delay = 2.32> <Storage> <Opcode : 'load' 'store'> <Ports = 2> <Width = 1> <Depth = 244> <RAM>
ST_3 : Operation 29 [2/2] (3.25ns)   --->   "%NEURONS_MEMBRANE_load = load i8 %NEURONS_MEMBRANE_addr" [src/RNI.cpp:90]   --->   Operation 29 'load' 'NEURONS_MEMBRANE_load' <Predicate = (icmp_ln86)> <Delay = 3.25> <CoreInst = "RAM">   --->   Core 82 'RAM' <Latency = 1> <II = 1> <Delay = 3.25> <Storage> <Opcode : 'load' 'store'> <Ports = 2> <Width = 16> <Depth = 244> <RAM>
ST_3 : Operation 30 [1/1] (0.00ns)   --->   "%WEIGHTS_addr = getelementptr i8 %WEIGHTS, i64 0, i64 %weight_index_5" [src/RNI.cpp:90]   --->   Operation 30 'getelementptr' 'WEIGHTS_addr' <Predicate = (icmp_ln86 & neuron_state)> <Delay = 0.00>
ST_3 : Operation 31 [2/2] (3.25ns)   --->   "%WEIGHTS_load = load i14 %WEIGHTS_addr" [src/RNI.cpp:90]   --->   Operation 31 'load' 'WEIGHTS_load' <Predicate = (icmp_ln86 & neuron_state)> <Delay = 3.25> <CoreInst = "ROM">   --->   Core 95 'ROM' <Latency = 1> <II = 1> <Delay = 3.25> <Storage> <Opcode : 'load'> <Ports = 0> <Width = 8> <Depth = 11328> <ROM>
ST_3 : Operation 32 [1/1] (3.52ns)   --->   "%add_ln86 = add i64 %weight_index_5, i64 1" [src/RNI.cpp:86]   --->   Operation 32 'add' 'add_ln86' <Predicate = (icmp_ln86)> <Delay = 3.52> <CoreInst = "Adder">   --->   Core 1 'Adder' <Latency = 0> <II = 1> <Delay = 3.52> <FuncUnit> <Opcode : 'add' 'sub'> <InPorts = 2> <OutPorts = 1>
ST_3 : Operation 33 [1/1] (1.58ns)   --->   "%store_ln86 = store i64 %add_ln86, i64 %weight_index" [src/RNI.cpp:86]   --->   Operation 33 'store' 'store_ln86' <Predicate = (icmp_ln86)> <Delay = 1.58>
ST_3 : Operation 34 [1/1] (0.00ns)   --->   "%br_ln86 = br void %for.body13" [src/RNI.cpp:86]   --->   Operation 34 'br' 'br_ln86' <Predicate = (icmp_ln86)> <Delay = 0.00>

State 4 <SV = 3> <Delay = 5.33>
ST_4 : Operation 35 [1/1] (0.00ns)   --->   "%speclooptripcount_ln86 = speclooptripcount void @_ssdm_op_SpecLoopTripCount, i64 0, i64 65535, i64 32767" [src/RNI.cpp:86]   --->   Operation 35 'speclooptripcount' 'speclooptripcount_ln86' <Predicate = (icmp_ln86)> <Delay = 0.00>
ST_4 : Operation 36 [1/1] (0.00ns)   --->   "%specloopname_ln86 = specloopname void @_ssdm_op_SpecLoopName, void @empty_6" [src/RNI.cpp:86]   --->   Operation 36 'specloopname' 'specloopname_ln86' <Predicate = (icmp_ln86)> <Delay = 0.00>
ST_4 : Operation 37 [1/2] (3.25ns)   --->   "%NEURONS_MEMBRANE_load = load i8 %NEURONS_MEMBRANE_addr" [src/RNI.cpp:90]   --->   Operation 37 'load' 'NEURONS_MEMBRANE_load' <Predicate = (icmp_ln86)> <Delay = 3.25> <CoreInst = "RAM">   --->   Core 82 'RAM' <Latency = 1> <II = 1> <Delay = 3.25> <Storage> <Opcode : 'load' 'store'> <Ports = 2> <Width = 16> <Depth = 244> <RAM>
ST_4 : Operation 38 [1/1] (1.58ns)   --->   "%br_ln89 = br i1 %neuron_state, void %if.end, void %if.then" [src/RNI.cpp:89]   --->   Operation 38 'br' 'br_ln89' <Predicate = (icmp_ln86)> <Delay = 1.58>
ST_4 : Operation 39 [1/2] (3.25ns)   --->   "%WEIGHTS_load = load i14 %WEIGHTS_addr" [src/RNI.cpp:90]   --->   Operation 39 'load' 'WEIGHTS_load' <Predicate = (icmp_ln86 & neuron_state)> <Delay = 3.25> <CoreInst = "ROM">   --->   Core 95 'ROM' <Latency = 1> <II = 1> <Delay = 3.25> <Storage> <Opcode : 'load'> <Ports = 0> <Width = 8> <Depth = 11328> <ROM>
ST_4 : Operation 40 [1/1] (0.00ns)   --->   "%sext_ln90 = sext i8 %WEIGHTS_load" [src/RNI.cpp:90]   --->   Operation 40 'sext' 'sext_ln90' <Predicate = (icmp_ln86 & neuron_state)> <Delay = 0.00>
ST_4 : Operation 41 [1/1] (2.07ns)   --->   "%add_ln90 = add i16 %NEURONS_MEMBRANE_load, i16 %sext_ln90" [src/RNI.cpp:90]   --->   Operation 41 'add' 'add_ln90' <Predicate = (icmp_ln86 & neuron_state)> <Delay = 2.07> <CoreInst = "Adder">   --->   Core 1 'Adder' <Latency = 0> <II = 1> <Delay = 2.07> <FuncUnit> <Opcode : 'add' 'sub'> <InPorts = 2> <OutPorts = 1>
ST_4 : Operation 42 [1/1] (1.58ns)   --->   "%br_ln90 = br void %if.end" [src/RNI.cpp:90]   --->   Operation 42 'br' 'br_ln90' <Predicate = (icmp_ln86 & neuron_state)> <Delay = 1.58>

State 5 <SV = 4> <Delay = 3.25>
ST_5 : Operation 43 [1/1] (3.25ns)   --->   "%store_ln90 = store i16 %add_ln90, i8 %NEURONS_MEMBRANE_addr" [src/RNI.cpp:90]   --->   Operation 43 'store' 'store_ln90' <Predicate = (icmp_ln86 & neuron_state)> <Delay = 3.25> <CoreInst = "RAM">   --->   Core 82 'RAM' <Latency = 1> <II = 1> <Delay = 3.25> <Storage> <Opcode : 'load' 'store'> <Ports = 2> <Width = 16> <Depth = 244> <RAM>
ST_5 : Operation 44 [1/1] (0.00ns)   --->   "%empty = phi i16 %add_ln90, void %if.then, i16 %NEURONS_MEMBRANE_load, void %for.body13.split" [src/RNI.cpp:90]   --->   Operation 44 'phi' 'empty' <Predicate = (icmp_ln86)> <Delay = 0.00>
ST_5 : Operation 45 [1/1] (0.00ns)   --->   "%tmp = bitselect i1 @_ssdm_op_BitSelect.i1.i16.i32, i16 %empty, i32 15" [src/RNI.cpp:91]   --->   Operation 45 'bitselect' 'tmp' <Predicate = (icmp_ln86)> <Delay = 0.00>
ST_5 : Operation 46 [1/1] (0.00ns)   --->   "%br_ln91 = br i1 %tmp, void %for.inc, void %if.then31" [src/RNI.cpp:91]   --->   Operation 46 'br' 'br_ln91' <Predicate = (icmp_ln86)> <Delay = 0.00>

State 6 <SV = 5> <Delay = 3.25>
ST_6 : Operation 47 [1/1] (3.25ns)   --->   "%store_ln92 = store i16 0, i8 %NEURONS_MEMBRANE_addr" [src/RNI.cpp:92]   --->   Operation 47 'store' 'store_ln92' <Predicate = (tmp)> <Delay = 3.25> <CoreInst = "RAM">   --->   Core 82 'RAM' <Latency = 1> <II = 1> <Delay = 3.25> <Storage> <Opcode : 'load' 'store'> <Ports = 2> <Width = 16> <Depth = 244> <RAM>
ST_6 : Operation 48 [1/1] (0.00ns)   --->   "%br_ln92 = br void %for.inc" [src/RNI.cpp:92]   --->   Operation 48 'br' 'br_ln92' <Predicate = (tmp)> <Delay = 0.00>


============================================================
+ Verbose Summary: Binding
============================================================
STG Binding: 
---------------- STG Properties BEGIN ----------------
- Is combinational: 0
- Is one-state seq: 0
- Is datapath-only: 0
- Is pipelined: 0
- Is top level: 0
Port [ Return ] is wired: 1; IO mode=ap_ctrl_hs:ce=0
Port [ zext_ln86]:  wired=1; compound=0; hidden=0; nouse=0; global=0; static=0; extern=0; dir=0; type=0; pingpong=0; private_global=0; IO mode=ap_none:ce=0
Port [ zext_ln83]:  wired=1; compound=0; hidden=0; nouse=0; global=0; static=0; extern=0; dir=0; type=0; pingpong=0; private_global=0; IO mode=ap_none:ce=0
Port [ zext_ln86_1]:  wired=1; compound=0; hidden=0; nouse=0; global=0; static=0; extern=0; dir=0; type=0; pingpong=0; private_global=0; IO mode=ap_none:ce=0
Port [ trunc_ln]:  wired=1; compound=0; hidden=0; nouse=0; global=0; static=0; extern=0; dir=0; type=0; pingpong=0; private_global=0; IO mode=ap_none:ce=0
Port [ NEURONS_STATE]:  wired=1; compound=1; hidden=0; nouse=0; global=1; static=1; extern=0; dir=0; type=1; pingpong=0; private_global=0; MemPort=[13]; IO mode=ap_memory:ce=0
Port [ NEURONS_MEMBRANE]:  wired=1; compound=1; hidden=0; nouse=0; global=1; static=1; extern=0; dir=2; type=1; pingpong=0; private_global=0; MemPort=[23]; IO mode=ap_memory:ce=0
Port [ WEIGHTS]:  wired=0; compound=1; hidden=1; nouse=0; global=1; static=1; extern=0; dir=0; type=1; pingpong=0; private_global=0; MemPort=[1]; IO mode=ap_memory:ce=0
---------------- STG Properties END ------------------

---------------- Datapath Model BEGIN ----------------

<LifeTime>
<method=bitvector/>
weight_index           (alloca           ) [ 0111000]
trunc_ln_read          (read             ) [ 0010000]
zext_ln86_1_read       (read             ) [ 0000000]
zext_ln83_read         (read             ) [ 0000000]
zext_ln86_read         (read             ) [ 0000000]
zext_ln86_1_cast       (zext             ) [ 0010000]
zext_ln83_cast         (zext             ) [ 0010000]
zext_ln86_cast         (zext             ) [ 0000000]
store_ln0              (store            ) [ 0000000]
br_ln0                 (br               ) [ 0000000]
weight_index_5         (load             ) [ 0001000]
NEURONS_MEMBRANE_addr  (getelementptr    ) [ 0111111]
specpipeline_ln0       (specpipeline     ) [ 0000000]
icmp_ln86              (icmp             ) [ 0111111]
br_ln86                (br               ) [ 0000000]
trunc_ln88             (trunc            ) [ 0000000]
sub_ln88               (sub              ) [ 0000000]
zext_ln88              (zext             ) [ 0000000]
NEURONS_STATE_addr     (getelementptr    ) [ 0001000]
neuron_state           (load             ) [ 0111111]
WEIGHTS_addr           (getelementptr    ) [ 0000100]
add_ln86               (add              ) [ 0000000]
store_ln86             (store            ) [ 0000000]
br_ln86                (br               ) [ 0000000]
speclooptripcount_ln86 (speclooptripcount) [ 0000000]
specloopname_ln86      (specloopname     ) [ 0000000]
NEURONS_MEMBRANE_load  (load             ) [ 0100110]
br_ln89                (br               ) [ 0100110]
WEIGHTS_load           (load             ) [ 0000000]
sext_ln90              (sext             ) [ 0000000]
add_ln90               (add              ) [ 0100110]
br_ln90                (br               ) [ 0100110]
store_ln90             (store            ) [ 0000000]
empty                  (phi              ) [ 0100010]
tmp                    (bitselect        ) [ 0010001]
br_ln91                (br               ) [ 0000000]
store_ln92             (store            ) [ 0000000]
br_ln92                (br               ) [ 0000000]
ret_ln0                (ret              ) [ 0000000]
</LifeTime>

<model>

<comp_list>
<comp id="0" class="1000" name="zext_ln86">
<pin_list>
<pin id="1" dir="1" index="0" bw="1" slack="0"/>
</pin_list>
<bind>
<StgValue><ssdm name="zext_ln86"/></StgValue>
</bind>
</comp>

<comp id="2" class="1000" name="zext_ln83">
<pin_list>
<pin id="3" dir="1" index="0" bw="1" slack="0"/>
</pin_list>
<bind>
<StgValue><ssdm name="zext_ln83"/></StgValue>
</bind>
</comp>

<comp id="4" class="1000" name="zext_ln86_1">
<pin_list>
<pin id="5" dir="1" index="0" bw="1" slack="0"/>
</pin_list>
<bind>
<StgValue><ssdm name="zext_ln86_1"/></StgValue>
</bind>
</comp>

<comp id="6" class="1000" name="trunc_ln">
<pin_list>
<pin id="7" dir="1" index="0" bw="1" slack="0"/>
</pin_list>
<bind>
<StgValue><ssdm name="trunc_ln"/></StgValue>
</bind>
</comp>

<comp id="8" class="1000" name="NEURONS_STATE">
<pin_list>
<pin id="9" dir="1" index="0" bw="1" slack="0"/>
</pin_list>
<bind>
<StgValue><ssdm name="NEURONS_STATE"/><MemPortTyVec>1 3 </MemPortTyVec>
</StgValue>
</bind>
</comp>

<comp id="10" class="1000" name="NEURONS_MEMBRANE">
<pin_list>
<pin id="11" dir="1" index="0" bw="1" slack="0"/>
</pin_list>
<bind>
<StgValue><ssdm name="NEURONS_MEMBRANE"/><MemPortTyVec>2 3 </MemPortTyVec>
</StgValue>
</bind>
</comp>

<comp id="12" class="1000" name="WEIGHTS">
<pin_list>
<pin id="13" dir="1" index="0" bw="1" slack="0"/>
</pin_list>
<bind>
<StgValue><ssdm name="WEIGHTS"/><MemPortTyVec>1 </MemPortTyVec>
</StgValue>
</bind>
</comp>

<comp id="14" class="1001" name="const_14">
<pin_list>
<pin id="15" dir="1" index="0" bw="1" slack="0"/>
</pin_list>
<bind>
<StgValue><ssdm name=""/></StgValue>
</bind>
</comp>

<comp id="16" class="1001" name="const_16">
<pin_list>
<pin id="17" dir="1" index="0" bw="1" slack="0"/>
</pin_list>
<bind>
<StgValue><ssdm name="_ssdm_op_Read.ap_auto.i8"/></StgValue>
</bind>
</comp>

<comp id="18" class="1001" name="const_18">
<pin_list>
<pin id="19" dir="1" index="0" bw="1" slack="0"/>
</pin_list>
<bind>
<StgValue><ssdm name="_ssdm_op_Read.ap_auto.i14"/></StgValue>
</bind>
</comp>

<comp id="20" class="1001" name="const_20">
<pin_list>
<pin id="21" dir="1" index="0" bw="1" slack="0"/>
</pin_list>
<bind>
<StgValue><ssdm name=""/></StgValue>
</bind>
</comp>

<comp id="22" class="1001" name="const_22">
<pin_list>
<pin id="23" dir="1" index="0" bw="1" slack="2147483647"/>
</pin_list>
<bind>
<StgValue><ssdm name="_ssdm_op_SpecPipeline"/></StgValue>
</bind>
</comp>

<comp id="24" class="1001" name="const_24">
<pin_list>
<pin id="25" dir="1" index="0" bw="1" slack="2147483647"/>
</pin_list>
<bind>
<StgValue><ssdm name=""/></StgValue>
</bind>
</comp>

<comp id="26" class="1001" name="const_26">
<pin_list>
<pin id="27" dir="1" index="0" bw="1" slack="2147483647"/>
</pin_list>
<bind>
<StgValue><ssdm name=""/></StgValue>
</bind>
</comp>

<comp id="28" class="1001" name="const_28">
<pin_list>
<pin id="29" dir="1" index="0" bw="1" slack="2147483647"/>
</pin_list>
<bind>
<StgValue><ssdm name="p_str"/></StgValue>
</bind>
</comp>

<comp id="30" class="1001" name="const_30">
<pin_list>
<pin id="31" dir="1" index="0" bw="1" slack="0"/>
</pin_list>
<bind>
<StgValue><ssdm name=""/></StgValue>
</bind>
</comp>

<comp id="32" class="1001" name="const_32">
<pin_list>
<pin id="33" dir="1" index="0" bw="1" slack="2147483647"/>
</pin_list>
<bind>
<StgValue><ssdm name="_ssdm_op_SpecLoopTripCount"/></StgValue>
</bind>
</comp>

<comp id="34" class="1001" name="const_34">
<pin_list>
<pin id="35" dir="1" index="0" bw="1" slack="2147483647"/>
</pin_list>
<bind>
<StgValue><ssdm name=""/></StgValue>
</bind>
</comp>

<comp id="36" class="1001" name="const_36">
<pin_list>
<pin id="37" dir="1" index="0" bw="1" slack="2147483647"/>
</pin_list>
<bind>
<StgValue><ssdm name=""/></StgValue>
</bind>
</comp>

<comp id="38" class="1001" name="const_38">
<pin_list>
<pin id="39" dir="1" index="0" bw="1" slack="2147483647"/>
</pin_list>
<bind>
<StgValue><ssdm name="_ssdm_op_SpecLoopName"/></StgValue>
</bind>
</comp>

<comp id="40" class="1001" name="const_40">
<pin_list>
<pin id="41" dir="1" index="0" bw="1" slack="2147483647"/>
</pin_list>
<bind>
<StgValue><ssdm name="empty_6"/></StgValue>
</bind>
</comp>

<comp id="42" class="1001" name="const_42">
<pin_list>
<pin id="43" dir="1" index="0" bw="1" slack="0"/>
</pin_list>
<bind>
<StgValue><ssdm name="_ssdm_op_BitSelect.i1.i16.i32"/></StgValue>
</bind>
</comp>

<comp id="44" class="1001" name="const_44">
<pin_list>
<pin id="45" dir="1" index="0" bw="1" slack="0"/>
</pin_list>
<bind>
<StgValue><ssdm name=""/></StgValue>
</bind>
</comp>

<comp id="46" class="1001" name="const_46">
<pin_list>
<pin id="47" dir="1" index="0" bw="1" slack="0"/>
</pin_list>
<bind>
<StgValue><ssdm name=""/></StgValue>
</bind>
</comp>

<comp id="48" class="1004" name="weight_index_fu_48">
<pin_list>
<pin id="49" dir="0" index="0" bw="1" slack="0"/>
<pin id="50" dir="1" index="1" bw="64" slack="0"/>
</pin_list>
<bind>
<opcode="alloca(26) " fcode="alloca"/>
<opset="weight_index/1 "/>
</bind>
</comp>

<comp id="52" class="1004" name="trunc_ln_read_read_fu_52">
<pin_list>
<pin id="53" dir="0" index="0" bw="8" slack="0"/>
<pin id="54" dir="0" index="1" bw="8" slack="0"/>
<pin id="55" dir="1" index="2" bw="8" slack="1"/>
</pin_list>
<bind>
<opcode="read(1150) " fcode="read"/>
<opset="trunc_ln_read/1 "/>
</bind>
</comp>

<comp id="58" class="1004" name="zext_ln86_1_read_read_fu_58">
<pin_list>
<pin id="59" dir="0" index="0" bw="14" slack="0"/>
<pin id="60" dir="0" index="1" bw="14" slack="0"/>
<pin id="61" dir="1" index="2" bw="14" slack="0"/>
</pin_list>
<bind>
<opcode="read(1150) " fcode="read"/>
<opset="zext_ln86_1_read/1 "/>
</bind>
</comp>

<comp id="64" class="1004" name="zext_ln83_read_read_fu_64">
<pin_list>
<pin id="65" dir="0" index="0" bw="8" slack="0"/>
<pin id="66" dir="0" index="1" bw="8" slack="0"/>
<pin id="67" dir="1" index="2" bw="8" slack="0"/>
</pin_list>
<bind>
<opcode="read(1150) " fcode="read"/>
<opset="zext_ln83_read/1 "/>
</bind>
</comp>

<comp id="70" class="1004" name="zext_ln86_read_read_fu_70">
<pin_list>
<pin id="71" dir="0" index="0" bw="14" slack="0"/>
<pin id="72" dir="0" index="1" bw="14" slack="0"/>
<pin id="73" dir="1" index="2" bw="14" slack="0"/>
</pin_list>
<bind>
<opcode="read(1150) " fcode="read"/>
<opset="zext_ln86_read/1 "/>
</bind>
</comp>

<comp id="76" class="1004" name="NEURONS_MEMBRANE_addr_gep_fu_76">
<pin_list>
<pin id="77" dir="0" index="0" bw="16" slack="0"/>
<pin id="78" dir="0" index="1" bw="1" slack="0"/>
<pin id="79" dir="0" index="2" bw="8" slack="1"/>
<pin id="80" dir="1" index="3" bw="8" slack="1"/>
</pin_list>
<bind>
<opcode="getelementptr(29) " fcode="getelementptr"/>
<opset="NEURONS_MEMBRANE_addr/2 "/>
</bind>
</comp>

<comp id="83" class="1004" name="NEURONS_STATE_addr_gep_fu_83">
<pin_list>
<pin id="84" dir="0" index="0" bw="1" slack="0"/>
<pin id="85" dir="0" index="1" bw="1" slack="0"/>
<pin id="86" dir="0" index="2" bw="8" slack="0"/>
<pin id="87" dir="1" index="3" bw="8" slack="0"/>
</pin_list>
<bind>
<opcode="getelementptr(29) " fcode="getelementptr"/>
<opset="NEURONS_STATE_addr/2 "/>
</bind>
</comp>

<comp id="90" class="1004" name="grp_access_fu_90">
<pin_list>
<pin id="91" dir="0" index="0" bw="8" slack="0"/>
<pin id="92" dir="0" index="1" bw="1" slack="2147483647"/>
<pin id="93" dir="0" index="2" bw="0" slack="2147483647"/>
<pin id="94" dir="1" index="3" bw="1" slack="1"/>
</pin_list>
<bind>
<opcode="load(27) " fcode="load"/>
<opset="neuron_state/2 "/>
</bind>
</comp>

<comp id="96" class="1004" name="grp_access_fu_96">
<pin_list>
<pin id="97" dir="0" index="0" bw="8" slack="1"/>
<pin id="98" dir="0" index="1" bw="16" slack="0"/>
<pin id="99" dir="0" index="2" bw="0" slack="2147483647"/>
<pin id="100" dir="1" index="3" bw="16" slack="0"/>
</pin_list>
<bind>
<opcode="load(27) store(28) " fcode="store"/>
<opset="NEURONS_MEMBRANE_load/3 store_ln90/5 store_ln92/6 "/>
</bind>
</comp>

<comp id="101" class="1004" name="WEIGHTS_addr_gep_fu_101">
<pin_list>
<pin id="102" dir="0" index="0" bw="8" slack="0"/>
<pin id="103" dir="0" index="1" bw="1" slack="0"/>
<pin id="104" dir="0" index="2" bw="64" slack="1"/>
<pin id="105" dir="1" index="3" bw="14" slack="0"/>
</pin_list>
<bind>
<opcode="getelementptr(29) " fcode="getelementptr"/>
<opset="WEIGHTS_addr/3 "/>
</bind>
</comp>

<comp id="108" class="1004" name="grp_access_fu_108">
<pin_list>
<pin id="109" dir="0" index="0" bw="14" slack="0"/>
<pin id="110" dir="0" index="1" bw="8" slack="2147483647"/>
<pin id="111" dir="0" index="2" bw="0" slack="2147483647"/>
<pin id="112" dir="1" index="3" bw="8" slack="0"/>
</pin_list>
<bind>
<opcode="load(27) " fcode="load"/>
<opset="WEIGHTS_load/3 "/>
</bind>
</comp>

<comp id="115" class="1005" name="empty_reg_115">
<pin_list>
<pin id="116" dir="0" index="0" bw="16" slack="2147483647"/>
<pin id="117" dir="1" index="1" bw="16" slack="2147483647"/>
</pin_list>
<bind>
<opset="empty (phireg) "/>
</bind>
</comp>

<comp id="118" class="1004" name="empty_phi_fu_118">
<pin_list>
<pin id="119" dir="0" index="0" bw="16" slack="1"/>
<pin id="120" dir="0" index="1" bw="0" slack="2147483647"/>
<pin id="121" dir="0" index="2" bw="16" slack="1"/>
<pin id="122" dir="0" index="3" bw="0" slack="2147483647"/>
<pin id="123" dir="1" index="4" bw="16" slack="0"/>
</pin_list>
<bind>
<opcode="phi(47) " fcode="phi"/>
<opset="empty/5 "/>
</bind>
</comp>

<comp id="124" class="1004" name="zext_ln86_1_cast_fu_124">
<pin_list>
<pin id="125" dir="0" index="0" bw="14" slack="0"/>
<pin id="126" dir="1" index="1" bw="64" slack="1"/>
</pin_list>
<bind>
<opcode="zext(34) " fcode="zext"/>
<opset="zext_ln86_1_cast/1 "/>
</bind>
</comp>

<comp id="128" class="1004" name="zext_ln83_cast_fu_128">
<pin_list>
<pin id="129" dir="0" index="0" bw="8" slack="0"/>
<pin id="130" dir="1" index="1" bw="64" slack="1"/>
</pin_list>
<bind>
<opcode="zext(34) " fcode="zext"/>
<opset="zext_ln83_cast/1 "/>
</bind>
</comp>

<comp id="132" class="1004" name="zext_ln86_cast_fu_132">
<pin_list>
<pin id="133" dir="0" index="0" bw="14" slack="0"/>
<pin id="134" dir="1" index="1" bw="64" slack="0"/>
</pin_list>
<bind>
<opcode="zext(34) " fcode="zext"/>
<opset="zext_ln86_cast/1 "/>
</bind>
</comp>

<comp id="136" class="1004" name="store_ln0_store_fu_136">
<pin_list>
<pin id="137" dir="0" index="0" bw="14" slack="0"/>
<pin id="138" dir="0" index="1" bw="64" slack="0"/>
<pin id="139" dir="1" index="2" bw="0" slack="2147483647"/>
</pin_list>
<bind>
<opcode="store(28) " fcode="store"/>
<opset="store_ln0/1 "/>
</bind>
</comp>

<comp id="141" class="1004" name="weight_index_5_load_fu_141">
<pin_list>
<pin id="142" dir="0" index="0" bw="64" slack="1"/>
<pin id="143" dir="1" index="1" bw="64" slack="0"/>
</pin_list>
<bind>
<opcode="load(27) " fcode="load"/>
<opset="weight_index_5/2 "/>
</bind>
</comp>

<comp id="144" class="1004" name="icmp_ln86_fu_144">
<pin_list>
<pin id="145" dir="0" index="0" bw="64" slack="0"/>
<pin id="146" dir="0" index="1" bw="14" slack="1"/>
<pin id="147" dir="1" index="2" bw="1" slack="1"/>
</pin_list>
<bind>
<opcode="icmp(45) " fcode="icmp"/>
<opset="icmp_ln86/2 "/>
</bind>
</comp>

<comp id="149" class="1004" name="trunc_ln88_fu_149">
<pin_list>
<pin id="150" dir="0" index="0" bw="64" slack="0"/>
<pin id="151" dir="1" index="1" bw="8" slack="0"/>
</pin_list>
<bind>
<opcode="trunc(33) " fcode="trunc"/>
<opset="trunc_ln88/2 "/>
</bind>
</comp>

<comp id="153" class="1004" name="sub_ln88_fu_153">
<pin_list>
<pin id="154" dir="0" index="0" bw="8" slack="0"/>
<pin id="155" dir="0" index="1" bw="8" slack="1"/>
<pin id="156" dir="1" index="2" bw="8" slack="0"/>
</pin_list>
<bind>
<opcode="sub(10) " fcode="sub"/>
<opset="sub_ln88/2 "/>
</bind>
</comp>

<comp id="158" class="1004" name="zext_ln88_fu_158">
<pin_list>
<pin id="159" dir="0" index="0" bw="8" slack="0"/>
<pin id="160" dir="1" index="1" bw="64" slack="0"/>
</pin_list>
<bind>
<opcode="zext(34) " fcode="zext"/>
<opset="zext_ln88/2 "/>
</bind>
</comp>

<comp id="163" class="1004" name="add_ln86_fu_163">
<pin_list>
<pin id="164" dir="0" index="0" bw="64" slack="1"/>
<pin id="165" dir="0" index="1" bw="1" slack="0"/>
<pin id="166" dir="1" index="2" bw="64" slack="0"/>
</pin_list>
<bind>
<opcode="add(8) " fcode="add"/>
<opset="add_ln86/3 "/>
</bind>
</comp>

<comp id="168" class="1004" name="store_ln86_store_fu_168">
<pin_list>
<pin id="169" dir="0" index="0" bw="64" slack="0"/>
<pin id="170" dir="0" index="1" bw="64" slack="2"/>
<pin id="171" dir="1" index="2" bw="0" slack="2147483647"/>
</pin_list>
<bind>
<opcode="store(28) " fcode="store"/>
<opset="store_ln86/3 "/>
</bind>
</comp>

<comp id="173" class="1004" name="sext_ln90_fu_173">
<pin_list>
<pin id="174" dir="0" index="0" bw="8" slack="0"/>
<pin id="175" dir="1" index="1" bw="16" slack="0"/>
</pin_list>
<bind>
<opcode="sext(35) " fcode="sext"/>
<opset="sext_ln90/4 "/>
</bind>
</comp>

<comp id="177" class="1004" name="add_ln90_fu_177">
<pin_list>
<pin id="178" dir="0" index="0" bw="16" slack="0"/>
<pin id="179" dir="0" index="1" bw="8" slack="0"/>
<pin id="180" dir="1" index="2" bw="16" slack="1"/>
</pin_list>
<bind>
<opcode="add(8) " fcode="add"/>
<opset="add_ln90/4 "/>
</bind>
</comp>

<comp id="183" class="1004" name="tmp_fu_183">
<pin_list>
<pin id="184" dir="0" index="0" bw="1" slack="0"/>
<pin id="185" dir="0" index="1" bw="16" slack="0"/>
<pin id="186" dir="0" index="2" bw="5" slack="0"/>
<pin id="187" dir="1" index="3" bw="1" slack="1"/>
</pin_list>
<bind>
<opcode="bitselect(1000) " fcode="bitselect"/>
<opset="tmp/5 "/>
</bind>
</comp>

<comp id="191" class="1005" name="weight_index_reg_191">
<pin_list>
<pin id="192" dir="0" index="0" bw="64" slack="0"/>
<pin id="193" dir="1" index="1" bw="64" slack="0"/>
</pin_list>
<bind>
<opset="weight_index "/>
</bind>
</comp>

<comp id="198" class="1005" name="trunc_ln_read_reg_198">
<pin_list>
<pin id="199" dir="0" index="0" bw="8" slack="1"/>
<pin id="200" dir="1" index="1" bw="8" slack="1"/>
</pin_list>
<bind>
<opset="trunc_ln_read "/>
</bind>
</comp>

<comp id="203" class="1005" name="zext_ln86_1_cast_reg_203">
<pin_list>
<pin id="204" dir="0" index="0" bw="64" slack="1"/>
<pin id="205" dir="1" index="1" bw="64" slack="1"/>
</pin_list>
<bind>
<opset="zext_ln86_1_cast "/>
</bind>
</comp>

<comp id="208" class="1005" name="zext_ln83_cast_reg_208">
<pin_list>
<pin id="209" dir="0" index="0" bw="64" slack="1"/>
<pin id="210" dir="1" index="1" bw="64" slack="1"/>
</pin_list>
<bind>
<opset="zext_ln83_cast "/>
</bind>
</comp>

<comp id="213" class="1005" name="weight_index_5_reg_213">
<pin_list>
<pin id="214" dir="0" index="0" bw="64" slack="1"/>
<pin id="215" dir="1" index="1" bw="64" slack="1"/>
</pin_list>
<bind>
<opset="weight_index_5 "/>
</bind>
</comp>

<comp id="219" class="1005" name="NEURONS_MEMBRANE_addr_reg_219">
<pin_list>
<pin id="220" dir="0" index="0" bw="8" slack="1"/>
<pin id="221" dir="1" index="1" bw="8" slack="1"/>
</pin_list>
<bind>
<opset="NEURONS_MEMBRANE_addr "/>
</bind>
</comp>

<comp id="224" class="1005" name="icmp_ln86_reg_224">
<pin_list>
<pin id="225" dir="0" index="0" bw="1" slack="1"/>
<pin id="226" dir="1" index="1" bw="1" slack="2147483647"/>
</pin_list>
<bind>
<opset="icmp_ln86 "/>
</bind>
</comp>

<comp id="228" class="1005" name="NEURONS_STATE_addr_reg_228">
<pin_list>
<pin id="229" dir="0" index="0" bw="8" slack="1"/>
<pin id="230" dir="1" index="1" bw="8" slack="1"/>
</pin_list>
<bind>
<opset="NEURONS_STATE_addr "/>
</bind>
</comp>

<comp id="233" class="1005" name="neuron_state_reg_233">
<pin_list>
<pin id="234" dir="0" index="0" bw="1" slack="1"/>
<pin id="235" dir="1" index="1" bw="1" slack="2147483647"/>
</pin_list>
<bind>
<opset="neuron_state "/>
</bind>
</comp>

<comp id="237" class="1005" name="WEIGHTS_addr_reg_237">
<pin_list>
<pin id="238" dir="0" index="0" bw="14" slack="1"/>
<pin id="239" dir="1" index="1" bw="14" slack="1"/>
</pin_list>
<bind>
<opset="WEIGHTS_addr "/>
</bind>
</comp>

<comp id="242" class="1005" name="NEURONS_MEMBRANE_load_reg_242">
<pin_list>
<pin id="243" dir="0" index="0" bw="16" slack="1"/>
<pin id="244" dir="1" index="1" bw="16" slack="1"/>
</pin_list>
<bind>
<opset="NEURONS_MEMBRANE_load "/>
</bind>
</comp>

<comp id="247" class="1005" name="add_ln90_reg_247">
<pin_list>
<pin id="248" dir="0" index="0" bw="16" slack="1"/>
<pin id="249" dir="1" index="1" bw="16" slack="1"/>
</pin_list>
<bind>
<opset="add_ln90 "/>
</bind>
</comp>

<comp id="253" class="1005" name="tmp_reg_253">
<pin_list>
<pin id="254" dir="0" index="0" bw="1" slack="1"/>
<pin id="255" dir="1" index="1" bw="1" slack="2147483647"/>
</pin_list>
<bind>
<opset="tmp "/>
</bind>
</comp>

</comp_list>

<net_list>
<net id="51"><net_src comp="14" pin="0"/><net_sink comp="48" pin=0"/></net>

<net id="56"><net_src comp="16" pin="0"/><net_sink comp="52" pin=0"/></net>

<net id="57"><net_src comp="6" pin="0"/><net_sink comp="52" pin=1"/></net>

<net id="62"><net_src comp="18" pin="0"/><net_sink comp="58" pin=0"/></net>

<net id="63"><net_src comp="4" pin="0"/><net_sink comp="58" pin=1"/></net>

<net id="68"><net_src comp="16" pin="0"/><net_sink comp="64" pin=0"/></net>

<net id="69"><net_src comp="2" pin="0"/><net_sink comp="64" pin=1"/></net>

<net id="74"><net_src comp="18" pin="0"/><net_sink comp="70" pin=0"/></net>

<net id="75"><net_src comp="0" pin="0"/><net_sink comp="70" pin=1"/></net>

<net id="81"><net_src comp="10" pin="0"/><net_sink comp="76" pin=0"/></net>

<net id="82"><net_src comp="20" pin="0"/><net_sink comp="76" pin=1"/></net>

<net id="88"><net_src comp="8" pin="0"/><net_sink comp="83" pin=0"/></net>

<net id="89"><net_src comp="20" pin="0"/><net_sink comp="83" pin=1"/></net>

<net id="95"><net_src comp="83" pin="3"/><net_sink comp="90" pin=0"/></net>

<net id="106"><net_src comp="12" pin="0"/><net_sink comp="101" pin=0"/></net>

<net id="107"><net_src comp="20" pin="0"/><net_sink comp="101" pin=1"/></net>

<net id="113"><net_src comp="101" pin="3"/><net_sink comp="108" pin=0"/></net>

<net id="114"><net_src comp="46" pin="0"/><net_sink comp="96" pin=1"/></net>

<net id="127"><net_src comp="58" pin="2"/><net_sink comp="124" pin=0"/></net>

<net id="131"><net_src comp="64" pin="2"/><net_sink comp="128" pin=0"/></net>

<net id="135"><net_src comp="70" pin="2"/><net_sink comp="132" pin=0"/></net>

<net id="140"><net_src comp="132" pin="1"/><net_sink comp="136" pin=0"/></net>

<net id="148"><net_src comp="141" pin="1"/><net_sink comp="144" pin=0"/></net>

<net id="152"><net_src comp="141" pin="1"/><net_sink comp="149" pin=0"/></net>

<net id="157"><net_src comp="149" pin="1"/><net_sink comp="153" pin=0"/></net>

<net id="161"><net_src comp="153" pin="2"/><net_sink comp="158" pin=0"/></net>

<net id="162"><net_src comp="158" pin="1"/><net_sink comp="83" pin=2"/></net>

<net id="167"><net_src comp="30" pin="0"/><net_sink comp="163" pin=1"/></net>

<net id="172"><net_src comp="163" pin="2"/><net_sink comp="168" pin=0"/></net>

<net id="176"><net_src comp="108" pin="3"/><net_sink comp="173" pin=0"/></net>

<net id="181"><net_src comp="96" pin="3"/><net_sink comp="177" pin=0"/></net>

<net id="182"><net_src comp="173" pin="1"/><net_sink comp="177" pin=1"/></net>

<net id="188"><net_src comp="42" pin="0"/><net_sink comp="183" pin=0"/></net>

<net id="189"><net_src comp="118" pin="4"/><net_sink comp="183" pin=1"/></net>

<net id="190"><net_src comp="44" pin="0"/><net_sink comp="183" pin=2"/></net>

<net id="194"><net_src comp="48" pin="1"/><net_sink comp="191" pin=0"/></net>

<net id="195"><net_src comp="191" pin="1"/><net_sink comp="136" pin=1"/></net>

<net id="196"><net_src comp="191" pin="1"/><net_sink comp="141" pin=0"/></net>

<net id="197"><net_src comp="191" pin="1"/><net_sink comp="168" pin=1"/></net>

<net id="201"><net_src comp="52" pin="2"/><net_sink comp="198" pin=0"/></net>

<net id="202"><net_src comp="198" pin="1"/><net_sink comp="153" pin=1"/></net>

<net id="206"><net_src comp="124" pin="1"/><net_sink comp="203" pin=0"/></net>

<net id="207"><net_src comp="203" pin="1"/><net_sink comp="144" pin=1"/></net>

<net id="211"><net_src comp="128" pin="1"/><net_sink comp="208" pin=0"/></net>

<net id="212"><net_src comp="208" pin="1"/><net_sink comp="76" pin=2"/></net>

<net id="216"><net_src comp="141" pin="1"/><net_sink comp="213" pin=0"/></net>

<net id="217"><net_src comp="213" pin="1"/><net_sink comp="101" pin=2"/></net>

<net id="218"><net_src comp="213" pin="1"/><net_sink comp="163" pin=0"/></net>

<net id="222"><net_src comp="76" pin="3"/><net_sink comp="219" pin=0"/></net>

<net id="223"><net_src comp="219" pin="1"/><net_sink comp="96" pin=0"/></net>

<net id="227"><net_src comp="144" pin="2"/><net_sink comp="224" pin=0"/></net>

<net id="231"><net_src comp="83" pin="3"/><net_sink comp="228" pin=0"/></net>

<net id="232"><net_src comp="228" pin="1"/><net_sink comp="90" pin=0"/></net>

<net id="236"><net_src comp="90" pin="3"/><net_sink comp="233" pin=0"/></net>

<net id="240"><net_src comp="101" pin="3"/><net_sink comp="237" pin=0"/></net>

<net id="241"><net_src comp="237" pin="1"/><net_sink comp="108" pin=0"/></net>

<net id="245"><net_src comp="96" pin="3"/><net_sink comp="242" pin=0"/></net>

<net id="246"><net_src comp="242" pin="1"/><net_sink comp="118" pin=2"/></net>

<net id="250"><net_src comp="177" pin="2"/><net_sink comp="247" pin=0"/></net>

<net id="251"><net_src comp="247" pin="1"/><net_sink comp="96" pin=1"/></net>

<net id="252"><net_src comp="247" pin="1"/><net_sink comp="118" pin=0"/></net>

<net id="256"><net_src comp="183" pin="3"/><net_sink comp="253" pin=0"/></net>

</net_list>

</model> 
---------------- Datapath Model END ------------------

* FSMD analyzer results:
  - Output states:
	Port: NEURONS_MEMBRANE | {5 6 }
 - Input state : 
	Port: inner_layer_1_Pipeline_WEIGHTS_LOOP_1 : zext_ln86 | {1 }
	Port: inner_layer_1_Pipeline_WEIGHTS_LOOP_1 : zext_ln83 | {1 }
	Port: inner_layer_1_Pipeline_WEIGHTS_LOOP_1 : zext_ln86_1 | {1 }
	Port: inner_layer_1_Pipeline_WEIGHTS_LOOP_1 : trunc_ln | {1 }
	Port: inner_layer_1_Pipeline_WEIGHTS_LOOP_1 : NEURONS_STATE | {2 3 }
	Port: inner_layer_1_Pipeline_WEIGHTS_LOOP_1 : NEURONS_MEMBRANE | {3 4 }
	Port: inner_layer_1_Pipeline_WEIGHTS_LOOP_1 : WEIGHTS | {3 4 }
  - Chain level:
	State 1
		store_ln0 : 1
	State 2
		icmp_ln86 : 1
		br_ln86 : 2
		trunc_ln88 : 1
		sub_ln88 : 2
		zext_ln88 : 3
		NEURONS_STATE_addr : 4
		neuron_state : 5
	State 3
		WEIGHTS_load : 1
		store_ln86 : 1
	State 4
		sext_ln90 : 1
		add_ln90 : 2
	State 5
		tmp : 1
		br_ln91 : 2
	State 6


============================================================
+ Verbose Summary: Datapath Resource usage 
============================================================

* Functional unit list:
|----------|-----------------------------|---------|---------|
| Operation|       Functional Unit       |    FF   |   LUT   |
|----------|-----------------------------|---------|---------|
|    add   |       add_ln86_fu_163       |    0    |    71   |
|          |       add_ln90_fu_177       |    0    |    23   |
|----------|-----------------------------|---------|---------|
|   icmp   |       icmp_ln86_fu_144      |    0    |    71   |
|----------|-----------------------------|---------|---------|
|    sub   |       sub_ln88_fu_153       |    0    |    15   |
|----------|-----------------------------|---------|---------|
|          |   trunc_ln_read_read_fu_52  |    0    |    0    |
|   read   | zext_ln86_1_read_read_fu_58 |    0    |    0    |
|          |  zext_ln83_read_read_fu_64  |    0    |    0    |
|          |  zext_ln86_read_read_fu_70  |    0    |    0    |
|----------|-----------------------------|---------|---------|
|          |   zext_ln86_1_cast_fu_124   |    0    |    0    |
|   zext   |    zext_ln83_cast_fu_128    |    0    |    0    |
|          |    zext_ln86_cast_fu_132    |    0    |    0    |
|          |       zext_ln88_fu_158      |    0    |    0    |
|----------|-----------------------------|---------|---------|
|   trunc  |      trunc_ln88_fu_149      |    0    |    0    |
|----------|-----------------------------|---------|---------|
|   sext   |       sext_ln90_fu_173      |    0    |    0    |
|----------|-----------------------------|---------|---------|
| bitselect|          tmp_fu_183         |    0    |    0    |
|----------|-----------------------------|---------|---------|
|   Total  |                             |    0    |   180   |
|----------|-----------------------------|---------|---------|

Memories:
N/A

* Register list:
+-----------------------------+--------+
|                             |   FF   |
+-----------------------------+--------+
|NEURONS_MEMBRANE_addr_reg_219|    8   |
|NEURONS_MEMBRANE_load_reg_242|   16   |
|  NEURONS_STATE_addr_reg_228 |    8   |
|     WEIGHTS_addr_reg_237    |   14   |
|       add_ln90_reg_247      |   16   |
|        empty_reg_115        |   16   |
|      icmp_ln86_reg_224      |    1   |
|     neuron_state_reg_233    |    1   |
|         tmp_reg_253         |    1   |
|    trunc_ln_read_reg_198    |    8   |
|    weight_index_5_reg_213   |   64   |
|     weight_index_reg_191    |   64   |
|    zext_ln83_cast_reg_208   |   64   |
|   zext_ln86_1_cast_reg_203  |   64   |
+-----------------------------+--------+
|            Total            |   345  |
+-----------------------------+--------+

* Multiplexer (MUX) list: 
|-------------------|------|------|------|--------||---------||---------|
|        Comp       |  Pin | Size |  BW  | S x BW ||  Delay  ||   LUT   |
|-------------------|------|------|------|--------||---------||---------|
|  grp_access_fu_90 |  p0  |   2  |   8  |   16   ||    9    |
|  grp_access_fu_96 |  p1  |   2  |  16  |   32   ||    9    |
| grp_access_fu_108 |  p0  |   2  |  14  |   28   ||    9    |
|-------------------|------|------|------|--------||---------||---------|
|       Total       |      |      |      |   76   ||  4.764  ||    27   |
|-------------------|------|------|------|--------||---------||---------|



* Summary:
+-----------+--------+--------+--------+
|           |  Delay |   FF   |   LUT  |
+-----------+--------+--------+--------+
|  Function |    -   |    0   |   180  |
|   Memory  |    -   |    -   |    -   |
|Multiplexer|    4   |    -   |   27   |
|  Register |    -   |   345  |    -   |
+-----------+--------+--------+--------+
|   Total   |    4   |   345  |   207  |
+-----------+--------+--------+--------+
