

================================================================
== Vitis HLS Report for 'inner_layer_1_Pipeline_WEIGHTS_LOOP_1'
================================================================
* Date:           Mon Oct 28 19:19:44 2024

* Version:        2023.1.1 (Build 3869133 on Jun 15 2023)
* Project:        RNI
* Solution:       solution1 (Vivado IP Flow Target)
* Product family: zynq
* Target device:  xc7z020-clg400-1


================================================================
== Performance Estimates
================================================================
+ Timing: 
    * Summary: 
    +--------+----------+----------+------------+
    |  Clock |  Target  | Estimated| Uncertainty|
    +--------+----------+----------+------------+
    |ap_clk  |  10.00 ns|  5.331 ns|     2.70 ns|
    +--------+----------+----------+------------+

+ Latency: 
    * Summary: 
    +---------+---------+-----------+----------+-----+--------+---------+
    |  Latency (cycles) |  Latency (absolute)  |   Interval   | Pipeline|
    |   min   |   max   |    min    |    max   | min |   max  |   Type  |
    +---------+---------+-----------+----------+-----+--------+---------+
    |        2|   262142|  20.000 ns|  2.621 ms|    2|  262142|       no|
    +---------+---------+-----------+----------+-----+--------+---------+

    + Detail: 
        * Instance: 
        N/A

        * Loop: 
        +------------------+---------+---------+----------+-----------+-----------+-----------+----------+
        |                  |  Latency (cycles) | Iteration|  Initiation Interval  |    Trip   |          |
        |     Loop Name    |   min   |   max   |  Latency |  achieved |   target  |   Count   | Pipelined|
        +------------------+---------+---------+----------+-----------+-----------+-----------+----------+
        |- WEIGHTS_LOOP_1  |        0|   262140|         5|          4|          1|  0 ~ 65535|       yes|
        +------------------+---------+---------+----------+-----------+-----------+-----------+----------+

============================================================
+ Verbose Summary: Synthesis Manager
============================================================
InlineROM: 1
ExposeGlobal: 0
============================================================
+ Verbose Summary: CDFG Model
============================================================
IsTopModel: 0
ResetActiveHigh: 1
IsCombinational: 0
IsDatapathOnly: 0
HasWiredReturn: 1
HasMFsm: 2
HasVarLatency: 1
IsPipeline: 0
IsRtlPipelined: 0
IsInstanceOverlapped: 0
IsDontTouch: 0
HasImplIP: 0
IsGatedGlobalClock: 0

+ Individual pipeline summary: 
  * Pipeline-0: initiation interval (II) = 4, depth = 6


============================================================
+ Verbose Summary: Schedule
============================================================
* Number of FSM states : 6
* Pipeline : 1
  Pipeline-0 : II = 4, D = 6, States = { 1 2 3 4 5 6 }
* Dataflow Pipeline: 0

* FSM state transitions: 
1 --> 2 
2 --> 3 
3 --> 4 
4 --> 5 
5 --> 6 
6 --> 

* FSM state operations: 

State 1 <SV = 0> <Delay = 1.58>
ST_1 : Operation 8 [1/1] (0.00ns)   --->   "%weight_index = alloca i32 1"   --->   Operation 8 'alloca' 'weight_index' <Predicate = true> <Delay = 0.00>
ST_1 : Operation 9 [1/1] (0.00ns)   --->   "%trunc_ln_read = read i8 @_ssdm_op_Read.ap_auto.i8, i8 %trunc_ln"   --->   Operation 9 'read' 'trunc_ln_read' <Predicate = true> <Delay = 0.00>
ST_1 : Operation 10 [1/1] (0.00ns)   --->   "%zext_ln86_1_read = read i14 @_ssdm_op_Read.ap_auto.i14, i14 %zext_ln86_1"   --->   Operation 10 'read' 'zext_ln86_1_read' <Predicate = true> <Delay = 0.00>
ST_1 : Operation 11 [1/1] (0.00ns)   --->   "%zext_ln83_read = read i8 @_ssdm_op_Read.ap_auto.i8, i8 %zext_ln83"   --->   Operation 11 'read' 'zext_ln83_read' <Predicate = true> <Delay = 0.00>
ST_1 : Operation 12 [1/1] (0.00ns)   --->   "%zext_ln86_read = read i14 @_ssdm_op_Read.ap_auto.i14, i14 %zext_ln86"   --->   Operation 12 'read' 'zext_ln86_read' <Predicate = true> <Delay = 0.00>
ST_1 : Operation 13 [1/1] (0.00ns)   --->   "%zext_ln86_1_cast = zext i14 %zext_ln86_1_read"   --->   Operation 13 'zext' 'zext_ln86_1_cast' <Predicate = true> <Delay = 0.00>
ST_1 : Operation 14 [1/1] (0.00ns)   --->   "%zext_ln83_cast = zext i8 %zext_ln83_read"   --->   Operation 14 'zext' 'zext_ln83_cast' <Predicate = true> <Delay = 0.00>
ST_1 : Operation 15 [1/1] (0.00ns)   --->   "%zext_ln86_cast = zext i14 %zext_ln86_read"   --->   Operation 15 'zext' 'zext_ln86_cast' <Predicate = true> <Delay = 0.00>
ST_1 : Operation 16 [1/1] (1.58ns)   --->   "%store_ln0 = store i64 %zext_ln86_cast, i64 %weight_index"   --->   Operation 16 'store' 'store_ln0' <Predicate = true> <Delay = 1.58>
ST_1 : Operation 17 [1/1] (0.00ns)   --->   "%br_ln0 = br void %for.body13"   --->   Operation 17 'br' 'br_ln0' <Predicate = true> <Delay = 0.00>

State 2 <SV = 1> <Delay = 4.23>
ST_2 : Operation 18 [1/1] (0.00ns)   --->   "%weight_index_5 = load i64 %weight_index" [src/RNI.cpp:88]   --->   Operation 18 'load' 'weight_index_5' <Predicate = true> <Delay = 0.00>
ST_2 : Operation 19 [1/1] (0.00ns)   --->   "%NEURONS_MEMBRANE_addr = getelementptr i16 %NEURONS_MEMBRANE, i64 0, i64 %zext_ln83_cast"   --->   Operation 19 'getelementptr' 'NEURONS_MEMBRANE_addr' <Predicate = true> <Delay = 0.00>
ST_2 : Operation 20 [1/1] (0.00ns)   --->   "%specpipeline_ln0 = specpipeline void @_ssdm_op_SpecPipeline, i32 4294967295, i32 0, i32 1, i32 0, void @p_str"   --->   Operation 20 'specpipeline' 'specpipeline_ln0' <Predicate = true> <Delay = 0.00>
ST_2 : Operation 21 [1/1] (3.52ns)   --->   "%icmp_ln86 = icmp_slt  i64 %weight_index_5, i64 %zext_ln86_1_cast" [src/RNI.cpp:86]   --->   Operation 21 'icmp' 'icmp_ln86' <Predicate = true> <Delay = 3.52> <CoreInst = "Cmp">   --->   Core 9 'Cmp' <Latency = 0> <II = 1> <Delay = 3.52> <FuncUnit> <Opcode : 'icmp'> <InPorts = 2> <OutPorts = 1>
ST_2 : Operation 22 [1/1] (0.00ns)   --->   "%br_ln86 = br i1 %icmp_ln86, void %for.inc39.loopexit.exitStub, void %for.body13.split" [src/RNI.cpp:86]   --->   Operation 22 'br' 'br_ln86' <Predicate = true> <Delay = 0.00>
ST_2 : Operation 23 [1/1] (0.00ns)   --->   "%trunc_ln88 = trunc i64 %weight_index_5" [src/RNI.cpp:88]   --->   Operation 23 'trunc' 'trunc_ln88' <Predicate = (icmp_ln86)> <Delay = 0.00>
ST_2 : Operation 24 [1/1] (1.91ns)   --->   "%sub_ln88 = sub i8 %trunc_ln88, i8 %trunc_ln_read" [src/RNI.cpp:88]   --->   Operation 24 'sub' 'sub_ln88' <Predicate = (icmp_ln86)> <Delay = 1.91> <CoreInst = "Adder">   --->   Core 1 'Adder' <Latency = 0> <II = 1> <Delay = 1.91> <FuncUnit> <Opcode : 'add' 'sub'> <InPorts = 2> <OutPorts = 1>
ST_2 : Operation 25 [1/1] (0.00ns)   --->   "%zext_ln88 = zext i8 %sub_ln88" [src/RNI.cpp:88]   --->   Operation 25 'zext' 'zext_ln88' <Predicate = (icmp_ln86)> <Delay = 0.00>
ST_2 : Operation 26 [1/1] (0.00ns)   --->   "%NEURONS_STATE_addr = getelementptr i1 %NEURONS_STATE, i64 0, i64 %zext_ln88" [src/RNI.cpp:88]   --->   Operation 26 'getelementptr' 'NEURONS_STATE_addr' <Predicate = (icmp_ln86)> <Delay = 0.00>
ST_2 : Operation 27 [2/2] (2.32ns)   --->   "%neuron_state = load i8 %NEURONS_STATE_addr" [src/RNI.cpp:88]   --->   Operation 27 'load' 'neuron_state' <Predicate = (icmp_ln86)> <Delay = 2.32> <CoreInst = "RAM">   --->   Core 82 'RAM' <Latency = 1> <II = 1> <Delay = 2.32> <Storage> <Opcode : 'load' 'store'> <Ports = 2> <Width = 1> <Depth = 244> <RAM>
ST_2 : Operation 49 [1/1] (0.00ns)   --->   "%ret_ln0 = ret"   --->   Operation 49 'ret' 'ret_ln0' <Predicate = (!icmp_ln86)> <Delay = 0.00>

State 3 <SV = 2> <Delay = 5.10>
ST_3 : Operation 28 [1/2] (2.32ns)   --->   "%neuron_state = load i8 %NEURONS_STATE_addr" [src/RNI.cpp:88]   --->   Operation 28 'load' 'neuron_state' <Predicate = (icmp_ln86)> <Delay = 2.32> <CoreInst = "RAM">   --->   Core 82 'RAM' <Latency = 1> <II = 1> <Delay = 2.32> <Storage> <Opcode : 'load' 'store'> <Ports = 2> <Width = 1> <Depth = 244> <RAM>
ST_3 : Operation 29 [2/2] (3.25ns)   --->   "%NEURONS_MEMBRANE_load = load i8 %NEURONS_MEMBRANE_addr" [src/RNI.cpp:90]   --->   Operation 29 'load' 'NEURONS_MEMBRANE_load' <Predicate = (icmp_ln86)> <Delay = 3.25> <CoreInst = "RAM">   --->   Core 82 'RAM' <Latency = 1> <II = 1> <Delay = 3.25> <Storage> <Opcode : 'load' 'store'> <Ports = 2> <Width = 16> <Depth = 244> <RAM>
ST_3 : Operation 30 [1/1] (0.00ns)   --->   "%WEIGHTS_addr = getelementptr i8 %WEIGHTS, i64 0, i64 %weight_index_5" [src/RNI.cpp:90]   --->   Operation 30 'getelementptr' 'WEIGHTS_addr' <Predicate = (icmp_ln86 & neuron_state)> <Delay = 0.00>
ST_3 : Operation 31 [2/2] (3.25ns)   --->   "%WEIGHTS_load = load i14 %WEIGHTS_addr" [src/RNI.cpp:90]   --->   Operation 31 'load' 'WEIGHTS_load' <Predicate = (icmp_ln86 & neuron_state)> <Delay = 3.25> <CoreInst = "ROM">   --->   Core 95 'ROM' <Latency = 1> <II = 1> <Delay = 3.25> <Storage> <Opcode : 'load'> <Ports = 0> <Width = 8> <Depth = 11328> <ROM>
ST_3 : Operation 32 [1/1] (3.52ns)   --->   "%add_ln86 = add i64 %weight_index_5, i64 1" [src/RNI.cpp:86]   --->   Operation 32 'add' 'add_ln86' <Predicate = (icmp_ln86)> <Delay = 3.52> <CoreInst = "Adder">   --->   Core 1 'Adder' <Latency = 0> <II = 1> <Delay = 3.52> <FuncUnit> <Opcode : 'add' 'sub'> <InPorts = 2> <OutPorts = 1>
ST_3 : Operation 33 [1/1] (1.58ns)   --->   "%store_ln86 = store i64 %add_ln86, i64 %weight_index" [src/RNI.cpp:86]   --->   Operation 33 'store' 'store_ln86' <Predicate = (icmp_ln86)> <Delay = 1.58>
ST_3 : Operation 34 [1/1] (0.00ns)   --->   "%br_ln86 = br void %for.body13" [src/RNI.cpp:86]   --->   Operation 34 'br' 'br_ln86' <Predicate = (icmp_ln86)> <Delay = 0.00>

State 4 <SV = 3> <Delay = 5.33>
ST_4 : Operation 35 [1/1] (0.00ns)   --->   "%speclooptripcount_ln86 = speclooptripcount void @_ssdm_op_SpecLoopTripCount, i64 0, i64 65535, i64 32767" [src/RNI.cpp:86]   --->   Operation 35 'speclooptripcount' 'speclooptripcount_ln86' <Predicate = (icmp_ln86)> <Delay = 0.00>
ST_4 : Operation 36 [1/1] (0.00ns)   --->   "%specloopname_ln86 = specloopname void @_ssdm_op_SpecLoopName, void @empty_6" [src/RNI.cpp:86]   --->   Operation 36 'specloopname' 'specloopname_ln86' <Predicate = (icmp_ln86)> <Delay = 0.00>
ST_4 : Operation 37 [1/2] (3.25ns)   --->   "%NEURONS_MEMBRANE_load = load i8 %NEURONS_MEMBRANE_addr" [src/RNI.cpp:90]   --->   Operation 37 'load' 'NEURONS_MEMBRANE_load' <Predicate = (icmp_ln86)> <Delay = 3.25> <CoreInst = "RAM">   --->   Core 82 'RAM' <Latency = 1> <II = 1> <Delay = 3.25> <Storage> <Opcode : 'load' 'store'> <Ports = 2> <Width = 16> <Depth = 244> <RAM>
ST_4 : Operation 38 [1/1] (1.58ns)   --->   "%br_ln89 = br i1 %neuron_state, void %if.end, void %if.then" [src/RNI.cpp:89]   --->   Operation 38 'br' 'br_ln89' <Predicate = (icmp_ln86)> <Delay = 1.58>
ST_4 : Operation 39 [1/2] (3.25ns)   --->   "%WEIGHTS_load = load i14 %WEIGHTS_addr" [src/RNI.cpp:90]   --->   Operation 39 'load' 'WEIGHTS_load' <Predicate = (icmp_ln86 & neuron_state)> <Delay = 3.25> <CoreInst = "ROM">   --->   Core 95 'ROM' <Latency = 1> <II = 1> <Delay = 3.25> <Storage> <Opcode : 'load'> <Ports = 0> <Width = 8> <Depth = 11328> <ROM>
ST_4 : Operation 40 [1/1] (0.00ns)   --->   "%sext_ln90 = sext i8 %WEIGHTS_load" [src/RNI.cpp:90]   --->   Operation 40 'sext' 'sext_ln90' <Predicate = (icmp_ln86 & neuron_state)> <Delay = 0.00>
ST_4 : Operation 41 [1/1] (2.07ns)   --->   "%add_ln90 = add i16 %NEURONS_MEMBRANE_load, i16 %sext_ln90" [src/RNI.cpp:90]   --->   Operation 41 'add' 'add_ln90' <Predicate = (icmp_ln86 & neuron_state)> <Delay = 2.07> <CoreInst = "Adder">   --->   Core 1 'Adder' <Latency = 0> <II = 1> <Delay = 2.07> <FuncUnit> <Opcode : 'add' 'sub'> <InPorts = 2> <OutPorts = 1>
ST_4 : Operation 42 [1/1] (1.58ns)   --->   "%br_ln90 = br void %if.end" [src/RNI.cpp:90]   --->   Operation 42 'br' 'br_ln90' <Predicate = (icmp_ln86 & neuron_state)> <Delay = 1.58>

State 5 <SV = 4> <Delay = 3.25>
ST_5 : Operation 43 [1/1] (3.25ns)   --->   "%store_ln90 = store i16 %add_ln90, i8 %NEURONS_MEMBRANE_addr" [src/RNI.cpp:90]   --->   Operation 43 'store' 'store_ln90' <Predicate = (icmp_ln86 & neuron_state)> <Delay = 3.25> <CoreInst = "RAM">   --->   Core 82 'RAM' <Latency = 1> <II = 1> <Delay = 3.25> <Storage> <Opcode : 'load' 'store'> <Ports = 2> <Width = 16> <Depth = 244> <RAM>
ST_5 : Operation 44 [1/1] (0.00ns)   --->   "%empty = phi i16 %add_ln90, void %if.then, i16 %NEURONS_MEMBRANE_load, void %for.body13.split" [src/RNI.cpp:90]   --->   Operation 44 'phi' 'empty' <Predicate = (icmp_ln86)> <Delay = 0.00>
ST_5 : Operation 45 [1/1] (0.00ns)   --->   "%tmp = bitselect i1 @_ssdm_op_BitSelect.i1.i16.i32, i16 %empty, i32 15" [src/RNI.cpp:91]   --->   Operation 45 'bitselect' 'tmp' <Predicate = (icmp_ln86)> <Delay = 0.00>
ST_5 : Operation 46 [1/1] (0.00ns)   --->   "%br_ln91 = br i1 %tmp, void %for.inc, void %if.then31" [src/RNI.cpp:91]   --->   Operation 46 'br' 'br_ln91' <Predicate = (icmp_ln86)> <Delay = 0.00>

State 6 <SV = 5> <Delay = 3.25>
ST_6 : Operation 47 [1/1] (3.25ns)   --->   "%store_ln92 = store i16 0, i8 %NEURONS_MEMBRANE_addr" [src/RNI.cpp:92]   --->   Operation 47 'store' 'store_ln92' <Predicate = (tmp)> <Delay = 3.25> <CoreInst = "RAM">   --->   Core 82 'RAM' <Latency = 1> <II = 1> <Delay = 3.25> <Storage> <Opcode : 'load' 'store'> <Ports = 2> <Width = 16> <Depth = 244> <RAM>
ST_6 : Operation 48 [1/1] (0.00ns)   --->   "%br_ln92 = br void %for.inc" [src/RNI.cpp:92]   --->   Operation 48 'br' 'br_ln92' <Predicate = (tmp)> <Delay = 0.00>


============================================================
+ Verbose Summary: Timing violations
============================================================
Target clock period: 10.000ns, clock uncertainty: 2.700ns.

 <State 1>: 1.588ns
The critical path consists of the following:
	'alloca' operation ('weight_index') [8]  (0.000 ns)
	'store' operation ('store_ln0') of variable 'zext_ln86_cast' on local variable 'weight_index' [16]  (1.588 ns)

 <State 2>: 4.237ns
The critical path consists of the following:
	'load' operation ('weight_index', src/RNI.cpp:88) on local variable 'weight_index' [19]  (0.000 ns)
	'sub' operation ('sub_ln88', src/RNI.cpp:88) [28]  (1.915 ns)
	'getelementptr' operation ('NEURONS_STATE_addr', src/RNI.cpp:88) [30]  (0.000 ns)
	'load' operation ('neuron_state', src/RNI.cpp:88) on array 'NEURONS_STATE' [31]  (2.322 ns)

 <State 3>: 5.108ns
The critical path consists of the following:
	'add' operation ('add_ln86', src/RNI.cpp:86) [49]  (3.520 ns)
	'store' operation ('store_ln86', src/RNI.cpp:86) of variable 'add_ln86', src/RNI.cpp:86 on local variable 'weight_index' [50]  (1.588 ns)

 <State 4>: 5.331ns
The critical path consists of the following:
	'load' operation ('NEURONS_MEMBRANE_load', src/RNI.cpp:90) on array 'NEURONS_MEMBRANE' [32]  (3.254 ns)
	'add' operation ('add_ln90', src/RNI.cpp:90) [38]  (2.077 ns)

 <State 5>: 3.254ns
The critical path consists of the following:
	'store' operation ('store_ln90', src/RNI.cpp:90) of variable 'add_ln90', src/RNI.cpp:90 on array 'NEURONS_MEMBRANE' [39]  (3.254 ns)

 <State 6>: 3.254ns
The critical path consists of the following:
	'store' operation ('store_ln92', src/RNI.cpp:92) of constant 0 on array 'NEURONS_MEMBRANE' [46]  (3.254 ns)


============================================================
+ Verbose Summary: Binding
============================================================
N/A
* FSMD analyzer results:
  - Output states:
 - Input state : 
  - Chain level:
	State 1
	State 2
	State 3
	State 4
	State 5
	State 6


============================================================
+ Verbose Summary: Datapath Resource usage 
============================================================
N/A
