

================================================================
== Vitis HLS Report for 'inner_layer'
================================================================
* Date:           Wed Apr  3 19:21:01 2024

* Version:        2023.1.1 (Build 3869133 on Jun 15 2023)
* Project:        RNI
* Solution:       solution1 (Vivado IP Flow Target)
* Product family: zynq
* Target device:  xc7z020-clg400-1


================================================================
== Performance Estimates
================================================================
+ Timing: 
    * Summary: 
    +--------+----------+----------+------------+
    |  Clock |  Target  | Estimated| Uncertainty|
    +--------+----------+----------+------------+
    |ap_clk  |  10.00 ns|  6.020 ns|     2.70 ns|
    +--------+----------+----------+------------+

+ Latency: 
    * Summary: 
    +---------+-------------+-----------+-------------+-----+-------------+---------+
    |    Latency (cycles)   |    Latency (absolute)   |      Interval     | Pipeline|
    |   min   |     max     |    min    |     max     | min |     max     |   Type  |
    +---------+-------------+-----------+-------------+-----+-------------+---------+
    |        6|  12885098496|  60.000 ns|  128.851 sec|    6|  12885098496|       no|
    +---------+-------------+-----------+-------------+-----+-------------+---------+

    + Detail: 
        * Instance: 
        +----------------------------------------------------------+-----------------------------------------------+---------+---------+-----------+----------+-----+--------+---------+
        |                                                          |                                               |  Latency (cycles) |  Latency (absolute)  |   Interval   | Pipeline|
        |                         Instance                         |                     Module                    |   min   |   max   |    min    |    max   | min |   max  |   Type  |
        +----------------------------------------------------------+-----------------------------------------------+---------+---------+-----------+----------+-----+--------+---------+
        |grp_inner_layer_Pipeline_WEIGHTS_LOOP_fu_154              |inner_layer_Pipeline_WEIGHTS_LOOP              |        2|   196607|  20.000 ns|  1.966 ms|    2|  196607|       no|
        |grp_inner_layer_Pipeline_NEURONS_STATE_RESET_LOOP_fu_171  |inner_layer_Pipeline_NEURONS_STATE_RESET_LOOP  |        2|    65537|  20.000 ns|  0.655 ms|    2|   65537|       no|
        +----------------------------------------------------------+-----------------------------------------------+---------+---------+-----------+----------+-----+--------+---------+

        * Loop: 
        +----------------+---------+-------------+------------+-----------+-----------+-----------+----------+
        |                |    Latency (cycles)   |  Iteration |  Initiation Interval  |    Trip   |          |
        |    Loop Name   |   min   |     max     |   Latency  |  achieved |   target  |   Count   | Pipelined|
        +----------------+---------+-------------+------------+-----------+-----------+-----------+----------+
        |- NEURONS_LOOP  |        0|  12885032955|  8 ~ 196613|          -|          -|  0 ~ 65535|        no|
        +----------------+---------+-------------+------------+-----------+-----------+-----------+----------+

============================================================
+ Verbose Summary: Synthesis Manager
============================================================
InlineROM: 1
ExposeGlobal: 0
============================================================
+ Verbose Summary: CDFG Model
============================================================
IsTopModel: 0
ResetActiveHigh: 1
IsCombinational: 0
IsDatapathOnly: 0
HasWiredReturn: 1
HasMFsm: 0
HasVarLatency: 1
IsPipeline: 0
IsRtlPipelined: 0
IsInstanceOverlapped: 0
IsDontTouch: 0
HasImplIP: 0
IsGatedGlobalClock: 0


============================================================
+ Verbose Summary: Schedule
============================================================
* Number of FSM states : 10
* Pipeline : 0
* Dataflow Pipeline: 0

* FSM state transitions: 
1 --> 2 
2 --> 3 
3 --> 4 9 
4 --> 5 
5 --> 6 
6 --> 7 
7 --> 8 
8 --> 3 
9 --> 10 
10 --> 

* FSM state operations: 

State 1 <SV = 0> <Delay = 3.97>
ST_1 : Operation 11 [1/1] (0.00ns)   --->   "%neuron_index_1 = alloca i32 1"   --->   Operation 11 'alloca' 'neuron_index_1' <Predicate = true> <Delay = 0.00>
ST_1 : Operation 12 [1/1] (0.00ns)   --->   "%layer_index_val_read = read i3 @_ssdm_op_Read.ap_auto.i3, i3 %layer_index_val"   --->   Operation 12 'read' 'layer_index_val_read' <Predicate = true> <Delay = 0.00>
ST_1 : Operation 13 [1/1] (0.00ns)   --->   "%zext_ln117_2 = zext i3 %layer_index_val_read" [src/RNI.cpp:117]   --->   Operation 13 'zext' 'zext_ln117_2' <Predicate = true> <Delay = 0.00>
ST_1 : Operation 14 [1/1] (0.00ns)   --->   "%NEURONS_INDEX_addr = getelementptr i9 %NEURONS_INDEX, i64 0, i64 %zext_ln117_2" [src/RNI.cpp:117]   --->   Operation 14 'getelementptr' 'NEURONS_INDEX_addr' <Predicate = true> <Delay = 0.00>
ST_1 : Operation 15 [2/2] (2.32ns)   --->   "%neuron_index = load i3 %NEURONS_INDEX_addr" [src/RNI.cpp:117]   --->   Operation 15 'load' 'neuron_index' <Predicate = true> <Delay = 2.32> <CoreInst = "ROM">   --->   Core 95 'ROM' <Latency = 1> <II = 1> <Delay = 2.32> <Storage> <Opcode : 'load'> <Ports = 0> <Width = 9> <Depth = 7> <ROM>
ST_1 : Operation 16 [1/1] (0.00ns)   --->   "%empty = trunc i3 %layer_index_val_read"   --->   Operation 16 'trunc' 'empty' <Predicate = true> <Delay = 0.00>
ST_1 : Operation 17 [1/1] (1.65ns)   --->   "%add_i_i244 = add i3 %layer_index_val_read, i3 1"   --->   Operation 17 'add' 'add_i_i244' <Predicate = true> <Delay = 1.65> <CoreInst = "Adder">   --->   Core 1 'Adder' <Latency = 0> <II = 1> <Delay = 1.65> <FuncUnit> <Opcode : 'add' 'sub'> <InPorts = 2> <OutPorts = 1>
ST_1 : Operation 18 [1/1] (0.00ns)   --->   "%conv_i221 = zext i3 %add_i_i244"   --->   Operation 18 'zext' 'conv_i221' <Predicate = true> <Delay = 0.00>
ST_1 : Operation 19 [1/1] (0.00ns)   --->   "%NEURONS_INDEX_addr_1 = getelementptr i9 %NEURONS_INDEX, i64 0, i64 %conv_i221"   --->   Operation 19 'getelementptr' 'NEURONS_INDEX_addr_1' <Predicate = true> <Delay = 0.00>
ST_1 : Operation 20 [2/2] (2.32ns)   --->   "%NEURONS_INDEX_load = load i3 %NEURONS_INDEX_addr_1"   --->   Operation 20 'load' 'NEURONS_INDEX_load' <Predicate = true> <Delay = 2.32> <CoreInst = "ROM">   --->   Core 95 'ROM' <Latency = 1> <II = 1> <Delay = 2.32> <Storage> <Opcode : 'load'> <Ports = 0> <Width = 9> <Depth = 7> <ROM>
ST_1 : Operation 21 [1/1] (1.56ns)   --->   "%sub_i_i184 = add i2 %empty, i2 3"   --->   Operation 21 'add' 'sub_i_i184' <Predicate = true> <Delay = 1.56> <CoreInst = "Adder">   --->   Core 1 'Adder' <Latency = 0> <II = 1> <Delay = 1.56> <FuncUnit> <Opcode : 'add' 'sub'> <InPorts = 2> <OutPorts = 1>
ST_1 : Operation 22 [1/1] (0.00ns)   --->   "%conv_i161 = zext i2 %sub_i_i184"   --->   Operation 22 'zext' 'conv_i161' <Predicate = true> <Delay = 0.00>
ST_1 : Operation 23 [1/1] (0.00ns)   --->   "%NEURONS_INDEX_addr_2 = getelementptr i9 %NEURONS_INDEX, i64 0, i64 %conv_i161"   --->   Operation 23 'getelementptr' 'NEURONS_INDEX_addr_2' <Predicate = true> <Delay = 0.00>
ST_1 : Operation 24 [2/2] (2.32ns)   --->   "%neuron_state_index = load i3 %NEURONS_INDEX_addr_2"   --->   Operation 24 'load' 'neuron_state_index' <Predicate = true> <Delay = 2.32> <CoreInst = "ROM">   --->   Core 95 'ROM' <Latency = 1> <II = 1> <Delay = 2.32> <Storage> <Opcode : 'load'> <Ports = 0> <Width = 9> <Depth = 7> <ROM>

State 2 <SV = 1> <Delay = 3.91>
ST_2 : Operation 25 [1/2] (2.32ns)   --->   "%neuron_index = load i3 %NEURONS_INDEX_addr" [src/RNI.cpp:117]   --->   Operation 25 'load' 'neuron_index' <Predicate = true> <Delay = 2.32> <CoreInst = "ROM">   --->   Core 95 'ROM' <Latency = 1> <II = 1> <Delay = 2.32> <Storage> <Opcode : 'load'> <Ports = 0> <Width = 9> <Depth = 7> <ROM>
ST_2 : Operation 26 [1/2] (2.32ns)   --->   "%NEURONS_INDEX_load = load i3 %NEURONS_INDEX_addr_1"   --->   Operation 26 'load' 'NEURONS_INDEX_load' <Predicate = true> <Delay = 2.32> <CoreInst = "ROM">   --->   Core 95 'ROM' <Latency = 1> <II = 1> <Delay = 2.32> <Storage> <Opcode : 'load'> <Ports = 0> <Width = 9> <Depth = 7> <ROM>
ST_2 : Operation 27 [1/1] (0.00ns)   --->   "%zext_ln117 = zext i9 %neuron_index" [src/RNI.cpp:117]   --->   Operation 27 'zext' 'zext_ln117' <Predicate = true> <Delay = 0.00>
ST_2 : Operation 28 [1/1] (0.00ns)   --->   "%zext_ln117_1 = zext i9 %NEURONS_INDEX_load" [src/RNI.cpp:117]   --->   Operation 28 'zext' 'zext_ln117_1' <Predicate = true> <Delay = 0.00>
ST_2 : Operation 29 [1/2] (2.32ns)   --->   "%neuron_state_index = load i3 %NEURONS_INDEX_addr_2"   --->   Operation 29 'load' 'neuron_state_index' <Predicate = true> <Delay = 2.32> <CoreInst = "ROM">   --->   Core 95 'ROM' <Latency = 1> <II = 1> <Delay = 2.32> <Storage> <Opcode : 'load'> <Ports = 0> <Width = 9> <Depth = 7> <ROM>
ST_2 : Operation 30 [1/1] (1.58ns)   --->   "%store_ln117 = store i64 %zext_ln117, i64 %neuron_index_1" [src/RNI.cpp:117]   --->   Operation 30 'store' 'store_ln117' <Predicate = true> <Delay = 1.58>
ST_2 : Operation 31 [1/1] (0.00ns)   --->   "%br_ln117 = br void %WEIGHTS_LOOP" [src/RNI.cpp:117]   --->   Operation 31 'br' 'br_ln117' <Predicate = true> <Delay = 0.00>

State 3 <SV = 2> <Delay = 5.07>
ST_3 : Operation 32 [1/1] (0.00ns)   --->   "%neuron_index_2 = load i64 %neuron_index_1" [src/RNI.cpp:117]   --->   Operation 32 'load' 'neuron_index_2' <Predicate = true> <Delay = 0.00>
ST_3 : Operation 33 [1/1] (0.00ns)   --->   "%trunc_ln117 = trunc i64 %neuron_index_2" [src/RNI.cpp:117]   --->   Operation 33 'trunc' 'trunc_ln117' <Predicate = true> <Delay = 0.00>
ST_3 : Operation 34 [1/1] (3.52ns)   --->   "%icmp_ln117 = icmp_slt  i64 %neuron_index_2, i64 %zext_ln117_1" [src/RNI.cpp:117]   --->   Operation 34 'icmp' 'icmp_ln117' <Predicate = true> <Delay = 3.52> <CoreInst = "Cmp">   --->   Core 9 'Cmp' <Latency = 0> <II = 1> <Delay = 3.52> <FuncUnit> <Opcode : 'icmp'> <InPorts = 2> <OutPorts = 1>
ST_3 : Operation 35 [1/1] (0.00ns)   --->   "%br_ln117 = br i1 %icmp_ln117, void %for.inc86.preheader, void %WEIGHTS_LOOP.split" [src/RNI.cpp:117]   --->   Operation 35 'br' 'br_ln117' <Predicate = true> <Delay = 0.00>
ST_3 : Operation 36 [1/1] (0.00ns)   --->   "%WEIGHTS_INDEX_addr = getelementptr i15 %WEIGHTS_INDEX, i64 0, i64 %neuron_index_2" [src/RNI.cpp:119]   --->   Operation 36 'getelementptr' 'WEIGHTS_INDEX_addr' <Predicate = (icmp_ln117)> <Delay = 0.00>
ST_3 : Operation 37 [2/2] (3.25ns)   --->   "%weight_index = load i9 %WEIGHTS_INDEX_addr" [src/RNI.cpp:119]   --->   Operation 37 'load' 'weight_index' <Predicate = (icmp_ln117)> <Delay = 3.25> <CoreInst = "ROM">   --->   Core 95 'ROM' <Latency = 1> <II = 1> <Delay = 3.25> <Storage> <Opcode : 'load'> <Ports = 0> <Width = 15> <Depth = 425> <ROM>
ST_3 : Operation 38 [1/1] (1.82ns)   --->   "%add_i_i213 = add i9 %trunc_ln117, i9 1" [src/RNI.cpp:117]   --->   Operation 38 'add' 'add_i_i213' <Predicate = (icmp_ln117)> <Delay = 1.82> <CoreInst = "Adder">   --->   Core 1 'Adder' <Latency = 0> <II = 1> <Delay = 1.82> <FuncUnit> <Opcode : 'add' 'sub'> <InPorts = 2> <OutPorts = 1>
ST_3 : Operation 39 [1/1] (0.00ns)   --->   "%conv_i190 = zext i9 %add_i_i213" [src/RNI.cpp:117]   --->   Operation 39 'zext' 'conv_i190' <Predicate = (icmp_ln117)> <Delay = 0.00>
ST_3 : Operation 40 [1/1] (0.00ns)   --->   "%WEIGHTS_INDEX_addr_1 = getelementptr i15 %WEIGHTS_INDEX, i64 0, i64 %conv_i190" [src/RNI.cpp:117]   --->   Operation 40 'getelementptr' 'WEIGHTS_INDEX_addr_1' <Predicate = (icmp_ln117)> <Delay = 0.00>
ST_3 : Operation 41 [2/2] (3.25ns)   --->   "%WEIGHTS_INDEX_load = load i9 %WEIGHTS_INDEX_addr_1" [src/RNI.cpp:117]   --->   Operation 41 'load' 'WEIGHTS_INDEX_load' <Predicate = (icmp_ln117)> <Delay = 3.25> <CoreInst = "ROM">   --->   Core 95 'ROM' <Latency = 1> <II = 1> <Delay = 3.25> <Storage> <Opcode : 'load'> <Ports = 0> <Width = 15> <Depth = 425> <ROM>

State 4 <SV = 3> <Delay = 4.84>
ST_4 : Operation 42 [1/2] (3.25ns)   --->   "%weight_index = load i9 %WEIGHTS_INDEX_addr" [src/RNI.cpp:119]   --->   Operation 42 'load' 'weight_index' <Predicate = true> <Delay = 3.25> <CoreInst = "ROM">   --->   Core 95 'ROM' <Latency = 1> <II = 1> <Delay = 3.25> <Storage> <Opcode : 'load'> <Ports = 0> <Width = 15> <Depth = 425> <ROM>
ST_4 : Operation 43 [1/2] (3.25ns)   --->   "%WEIGHTS_INDEX_load = load i9 %WEIGHTS_INDEX_addr_1" [src/RNI.cpp:117]   --->   Operation 43 'load' 'WEIGHTS_INDEX_load' <Predicate = true> <Delay = 3.25> <CoreInst = "ROM">   --->   Core 95 'ROM' <Latency = 1> <II = 1> <Delay = 3.25> <Storage> <Opcode : 'load'> <Ports = 0> <Width = 15> <Depth = 425> <ROM>
ST_4 : Operation 44 [1/1] (0.00ns)   --->   "%trunc_ln119 = trunc i15 %weight_index" [src/RNI.cpp:119]   --->   Operation 44 'trunc' 'trunc_ln119' <Predicate = true> <Delay = 0.00>
ST_4 : Operation 45 [2/2] (1.58ns)   --->   "%call_ln119 = call void @inner_layer_Pipeline_WEIGHTS_LOOP, i15 %weight_index, i9 %trunc_ln117, i15 %WEIGHTS_INDEX_load, i9 %neuron_state_index, i9 %trunc_ln119, i1 %NEURONS_STATE, i8 %NEURONS_MEMBRANE, i8 %WEIGHTS" [src/RNI.cpp:119]   --->   Operation 45 'call' 'call_ln119' <Predicate = true> <Delay = 1.58> <CoreType = "Generic">   --->   Core 0 '' <Latency = 0> <II = 1> <Delay = 1.00> <Generic> <Opcode : >

State 5 <SV = 4> <Delay = 0.00>
ST_5 : Operation 46 [1/2] (0.00ns)   --->   "%call_ln119 = call void @inner_layer_Pipeline_WEIGHTS_LOOP, i15 %weight_index, i9 %trunc_ln117, i15 %WEIGHTS_INDEX_load, i9 %neuron_state_index, i9 %trunc_ln119, i1 %NEURONS_STATE, i8 %NEURONS_MEMBRANE, i8 %WEIGHTS" [src/RNI.cpp:119]   --->   Operation 46 'call' 'call_ln119' <Predicate = true> <Delay = 0.00> <CoreType = "Generic">   --->   Core 0 '' <Latency = 0> <II = 1> <Delay = 1.00> <Generic> <Opcode : >

State 6 <SV = 5> <Delay = 3.25>
ST_6 : Operation 47 [1/1] (0.00ns)   --->   "%NEURONS_MEMBRANE_addr = getelementptr i8 %NEURONS_MEMBRANE, i64 0, i64 %neuron_index_2" [src/RNI.cpp:117]   --->   Operation 47 'getelementptr' 'NEURONS_MEMBRANE_addr' <Predicate = true> <Delay = 0.00>
ST_6 : Operation 48 [2/2] (3.25ns)   --->   "%NEURONS_MEMBRANE_load = load i9 %NEURONS_MEMBRANE_addr" [src/RNI.cpp:128]   --->   Operation 48 'load' 'NEURONS_MEMBRANE_load' <Predicate = true> <Delay = 3.25> <CoreInst = "RAM">   --->   Core 82 'RAM' <Latency = 1> <II = 1> <Delay = 3.25> <Storage> <Opcode : 'load' 'store'> <Ports = 2> <Width = 8> <Depth = 424> <RAM>

State 7 <SV = 6> <Delay = 5.16>
ST_7 : Operation 49 [1/1] (0.00ns)   --->   "%speclooptripcount_ln117 = speclooptripcount void @_ssdm_op_SpecLoopTripCount, i64 0, i64 65535, i64 32767" [src/RNI.cpp:117]   --->   Operation 49 'speclooptripcount' 'speclooptripcount_ln117' <Predicate = true> <Delay = 0.00>
ST_7 : Operation 50 [1/1] (0.00ns)   --->   "%specloopname_ln117 = specloopname void @_ssdm_op_SpecLoopName, void @empty_5" [src/RNI.cpp:117]   --->   Operation 50 'specloopname' 'specloopname_ln117' <Predicate = true> <Delay = 0.00>
ST_7 : Operation 51 [1/2] (3.25ns)   --->   "%NEURONS_MEMBRANE_load = load i9 %NEURONS_MEMBRANE_addr" [src/RNI.cpp:128]   --->   Operation 51 'load' 'NEURONS_MEMBRANE_load' <Predicate = true> <Delay = 3.25> <CoreInst = "RAM">   --->   Core 82 'RAM' <Latency = 1> <II = 1> <Delay = 3.25> <Storage> <Opcode : 'load' 'store'> <Ports = 2> <Width = 8> <Depth = 424> <RAM>
ST_7 : Operation 52 [1/1] (1.91ns)   --->   "%icmp_ln128 = icmp_sgt  i8 %NEURONS_MEMBRANE_load, i8 86" [src/RNI.cpp:128]   --->   Operation 52 'icmp' 'icmp_ln128' <Predicate = true> <Delay = 1.91> <CoreInst = "Cmp">   --->   Core 9 'Cmp' <Latency = 0> <II = 1> <Delay = 1.91> <FuncUnit> <Opcode : 'icmp'> <InPorts = 2> <OutPorts = 1>
ST_7 : Operation 53 [1/1] (0.00ns)   --->   "%br_ln128 = br i1 %icmp_ln128, void %if.else, void %if.then35" [src/RNI.cpp:128]   --->   Operation 53 'br' 'br_ln128' <Predicate = true> <Delay = 0.00>
ST_7 : Operation 54 [1/1] (0.00ns)   --->   "%tmp = bitselect i1 @_ssdm_op_BitSelect.i1.i8.i32, i8 %NEURONS_MEMBRANE_load, i32 7" [src/RNI.cpp:134]   --->   Operation 54 'bitselect' 'tmp' <Predicate = (!icmp_ln128)> <Delay = 0.00>
ST_7 : Operation 55 [1/1] (0.00ns)   --->   "%br_ln134 = br i1 %tmp, void %if.else56, void %if.then50" [src/RNI.cpp:134]   --->   Operation 55 'br' 'br_ln134' <Predicate = (!icmp_ln128)> <Delay = 0.00>
ST_7 : Operation 56 [1/1] (1.91ns)   --->   "%icmp_ln138 = icmp_sgt  i8 %NEURONS_MEMBRANE_load, i8 0" [src/RNI.cpp:138]   --->   Operation 56 'icmp' 'icmp_ln138' <Predicate = (!icmp_ln128 & !tmp)> <Delay = 1.91> <CoreInst = "Cmp">   --->   Core 9 'Cmp' <Latency = 0> <II = 1> <Delay = 1.91> <FuncUnit> <Opcode : 'icmp'> <InPorts = 2> <OutPorts = 1>
ST_7 : Operation 57 [1/1] (0.00ns)   --->   "%br_ln138 = br i1 %icmp_ln138, void %if.end68, void %if.then62" [src/RNI.cpp:138]   --->   Operation 57 'br' 'br_ln138' <Predicate = (!icmp_ln128 & !tmp)> <Delay = 0.00>

State 8 <SV = 7> <Delay = 5.16>
ST_8 : Operation 58 [1/1] (1.91ns)   --->   "%add_ln140 = add i8 %NEURONS_MEMBRANE_load, i8 187" [src/RNI.cpp:140]   --->   Operation 58 'add' 'add_ln140' <Predicate = (!icmp_ln128 & !tmp & icmp_ln138)> <Delay = 1.91> <CoreInst = "Adder">   --->   Core 1 'Adder' <Latency = 0> <II = 1> <Delay = 1.91> <FuncUnit> <Opcode : 'add' 'sub'> <InPorts = 2> <OutPorts = 1>
ST_8 : Operation 59 [1/1] (3.25ns)   --->   "%store_ln140 = store i8 %add_ln140, i9 %NEURONS_MEMBRANE_addr" [src/RNI.cpp:140]   --->   Operation 59 'store' 'store_ln140' <Predicate = (!icmp_ln128 & !tmp & icmp_ln138)> <Delay = 3.25> <CoreInst = "RAM">   --->   Core 82 'RAM' <Latency = 1> <II = 1> <Delay = 3.25> <Storage> <Opcode : 'load' 'store'> <Ports = 2> <Width = 8> <Depth = 424> <RAM>
ST_8 : Operation 60 [1/1] (0.00ns)   --->   "%br_ln141 = br void %if.end68" [src/RNI.cpp:141]   --->   Operation 60 'br' 'br_ln141' <Predicate = (!icmp_ln128 & !tmp & icmp_ln138)> <Delay = 0.00>
ST_8 : Operation 61 [1/1] (0.00ns)   --->   "%br_ln0 = br void %if.end69"   --->   Operation 61 'br' 'br_ln0' <Predicate = (!icmp_ln128 & !tmp)> <Delay = 0.00>
ST_8 : Operation 62 [1/1] (1.91ns)   --->   "%add_ln136 = add i8 %NEURONS_MEMBRANE_load, i8 69" [src/RNI.cpp:136]   --->   Operation 62 'add' 'add_ln136' <Predicate = (!icmp_ln128 & tmp)> <Delay = 1.91> <CoreInst = "Adder">   --->   Core 1 'Adder' <Latency = 0> <II = 1> <Delay = 1.91> <FuncUnit> <Opcode : 'add' 'sub'> <InPorts = 2> <OutPorts = 1>
ST_8 : Operation 63 [1/1] (3.25ns)   --->   "%store_ln136 = store i8 %add_ln136, i9 %NEURONS_MEMBRANE_addr" [src/RNI.cpp:136]   --->   Operation 63 'store' 'store_ln136' <Predicate = (!icmp_ln128 & tmp)> <Delay = 3.25> <CoreInst = "RAM">   --->   Core 82 'RAM' <Latency = 1> <II = 1> <Delay = 3.25> <Storage> <Opcode : 'load' 'store'> <Ports = 2> <Width = 8> <Depth = 424> <RAM>
ST_8 : Operation 64 [1/1] (0.00ns)   --->   "%br_ln137 = br void %if.end69" [src/RNI.cpp:137]   --->   Operation 64 'br' 'br_ln137' <Predicate = (!icmp_ln128 & tmp)> <Delay = 0.00>
ST_8 : Operation 65 [1/1] (0.00ns)   --->   "%br_ln0 = br void %for.inc71"   --->   Operation 65 'br' 'br_ln0' <Predicate = (!icmp_ln128)> <Delay = 0.00>
ST_8 : Operation 66 [1/1] (0.00ns)   --->   "%NEURONS_STATE_addr = getelementptr i1 %NEURONS_STATE, i64 0, i64 %neuron_index_2" [src/RNI.cpp:131]   --->   Operation 66 'getelementptr' 'NEURONS_STATE_addr' <Predicate = (icmp_ln128)> <Delay = 0.00>
ST_8 : Operation 67 [1/1] (2.32ns)   --->   "%store_ln131 = store i1 1, i9 %NEURONS_STATE_addr" [src/RNI.cpp:131]   --->   Operation 67 'store' 'store_ln131' <Predicate = (icmp_ln128)> <Delay = 2.32> <CoreInst = "RAM">   --->   Core 82 'RAM' <Latency = 1> <II = 1> <Delay = 2.32> <Storage> <Opcode : 'load' 'store'> <Ports = 2> <Width = 1> <Depth = 424> <RAM>
ST_8 : Operation 68 [1/1] (3.25ns)   --->   "%store_ln132 = store i8 0, i9 %NEURONS_MEMBRANE_addr" [src/RNI.cpp:132]   --->   Operation 68 'store' 'store_ln132' <Predicate = (icmp_ln128)> <Delay = 3.25> <CoreInst = "RAM">   --->   Core 82 'RAM' <Latency = 1> <II = 1> <Delay = 3.25> <Storage> <Opcode : 'load' 'store'> <Ports = 2> <Width = 8> <Depth = 424> <RAM>
ST_8 : Operation 69 [1/1] (0.00ns)   --->   "%br_ln133 = br void %for.inc71" [src/RNI.cpp:133]   --->   Operation 69 'br' 'br_ln133' <Predicate = (icmp_ln128)> <Delay = 0.00>
ST_8 : Operation 70 [1/1] (3.52ns)   --->   "%add_ln117 = add i64 %neuron_index_2, i64 1" [src/RNI.cpp:117]   --->   Operation 70 'add' 'add_ln117' <Predicate = true> <Delay = 3.52> <CoreInst = "Adder">   --->   Core 1 'Adder' <Latency = 0> <II = 1> <Delay = 3.52> <FuncUnit> <Opcode : 'add' 'sub'> <InPorts = 2> <OutPorts = 1>
ST_8 : Operation 71 [1/1] (1.58ns)   --->   "%store_ln117 = store i64 %add_ln117, i64 %neuron_index_1" [src/RNI.cpp:117]   --->   Operation 71 'store' 'store_ln117' <Predicate = true> <Delay = 1.58>
ST_8 : Operation 72 [1/1] (0.00ns)   --->   "%br_ln117 = br void %WEIGHTS_LOOP" [src/RNI.cpp:117]   --->   Operation 72 'br' 'br_ln117' <Predicate = true> <Delay = 0.00>

State 9 <SV = 3> <Delay = 5.73>
ST_9 : Operation 73 [2/2] (5.73ns)   --->   "%call_ln117 = call void @inner_layer_Pipeline_NEURONS_STATE_RESET_LOOP, i9 %neuron_state_index, i9 %neuron_index, i1 %NEURONS_STATE" [src/RNI.cpp:117]   --->   Operation 73 'call' 'call_ln117' <Predicate = true> <Delay = 5.73> <CoreType = "Generic">   --->   Core 0 '' <Latency = 0> <II = 1> <Delay = 1.00> <Generic> <Opcode : >

State 10 <SV = 4> <Delay = 0.00>
ST_10 : Operation 74 [1/2] (0.00ns)   --->   "%call_ln117 = call void @inner_layer_Pipeline_NEURONS_STATE_RESET_LOOP, i9 %neuron_state_index, i9 %neuron_index, i1 %NEURONS_STATE" [src/RNI.cpp:117]   --->   Operation 74 'call' 'call_ln117' <Predicate = true> <Delay = 0.00> <CoreType = "Generic">   --->   Core 0 '' <Latency = 0> <II = 1> <Delay = 1.00> <Generic> <Opcode : >
ST_10 : Operation 75 [1/1] (0.00ns)   --->   "%ret_ln146 = ret" [src/RNI.cpp:146]   --->   Operation 75 'ret' 'ret_ln146' <Predicate = true> <Delay = 0.00>


============================================================
+ Verbose Summary: Binding
============================================================
STG Binding: 
---------------- STG Properties BEGIN ----------------
- Is combinational: 0
- Is one-state seq: 0
- Is datapath-only: 0
- Is pipelined: 0
- Is top level: 0
Port [ Return ] is wired: 1; IO mode=ap_ctrl_hs:ce=0
Port [ layer_index_val]:  wired=1; compound=0; hidden=0; nouse=0; global=0; static=0; extern=0; dir=0; type=0; pingpong=0; private_global=0; IO mode=ap_none:ce=0
Port [ NEURONS_INDEX]:  wired=0; compound=1; hidden=1; nouse=0; global=1; static=1; extern=0; dir=0; type=1; pingpong=0; private_global=1; MemPort=[111]; IO mode=ap_memory:ce=0
Port [ NEURONS_STATE]:  wired=1; compound=1; hidden=0; nouse=0; global=1; static=1; extern=0; dir=2; type=1; pingpong=0; private_global=0; MemPort=[23]; IO mode=ap_memory:ce=0
Port [ WEIGHTS_INDEX]:  wired=0; compound=1; hidden=1; nouse=0; global=1; static=1; extern=0; dir=0; type=1; pingpong=0; private_global=0; MemPort=[11]; IO mode=ap_memory:ce=0
Port [ NEURONS_MEMBRANE]:  wired=1; compound=1; hidden=0; nouse=0; global=1; static=1; extern=0; dir=2; type=1; pingpong=0; private_global=0; MemPort=[23]; IO mode=ap_memory:ce=0
Port [ WEIGHTS]:  wired=0; compound=1; hidden=1; nouse=1; global=1; static=1; extern=0; dir=0; type=1; pingpong=0; private_global=0; MemPort=[1]; IO mode=ap_memory:ce=0
---------------- STG Properties END ------------------

---------------- Datapath Model BEGIN ----------------

<LifeTime>
<method=bitvector/>
neuron_index_1          (alloca           ) [ 00111111100]
layer_index_val_read    (read             ) [ 00000000000]
zext_ln117_2            (zext             ) [ 00000000000]
NEURONS_INDEX_addr      (getelementptr    ) [ 00100000000]
empty                   (trunc            ) [ 00000000000]
add_i_i244              (add              ) [ 00000000000]
conv_i221               (zext             ) [ 00000000000]
NEURONS_INDEX_addr_1    (getelementptr    ) [ 00100000000]
sub_i_i184              (add              ) [ 00000000000]
conv_i161               (zext             ) [ 00000000000]
NEURONS_INDEX_addr_2    (getelementptr    ) [ 00100000000]
neuron_index            (load             ) [ 00011111111]
NEURONS_INDEX_load      (load             ) [ 00000000000]
zext_ln117              (zext             ) [ 00000000000]
zext_ln117_1            (zext             ) [ 00011111100]
neuron_state_index      (load             ) [ 00011111111]
store_ln117             (store            ) [ 00000000000]
br_ln117                (br               ) [ 00000000000]
neuron_index_2          (load             ) [ 00001111100]
trunc_ln117             (trunc            ) [ 00001100000]
icmp_ln117              (icmp             ) [ 00011111100]
br_ln117                (br               ) [ 00000000000]
WEIGHTS_INDEX_addr      (getelementptr    ) [ 00001000000]
add_i_i213              (add              ) [ 00000000000]
conv_i190               (zext             ) [ 00000000000]
WEIGHTS_INDEX_addr_1    (getelementptr    ) [ 00001000000]
weight_index            (load             ) [ 00000100000]
WEIGHTS_INDEX_load      (load             ) [ 00000100000]
trunc_ln119             (trunc            ) [ 00000100000]
call_ln119              (call             ) [ 00000000000]
NEURONS_MEMBRANE_addr   (getelementptr    ) [ 00000001100]
speclooptripcount_ln117 (speclooptripcount) [ 00000000000]
specloopname_ln117      (specloopname     ) [ 00000000000]
NEURONS_MEMBRANE_load   (load             ) [ 00000000100]
icmp_ln128              (icmp             ) [ 00011111100]
br_ln128                (br               ) [ 00000000000]
tmp                     (bitselect        ) [ 00011111100]
br_ln134                (br               ) [ 00000000000]
icmp_ln138              (icmp             ) [ 00000000100]
br_ln138                (br               ) [ 00000000000]
add_ln140               (add              ) [ 00000000000]
store_ln140             (store            ) [ 00000000000]
br_ln141                (br               ) [ 00000000000]
br_ln0                  (br               ) [ 00000000000]
add_ln136               (add              ) [ 00000000000]
store_ln136             (store            ) [ 00000000000]
br_ln137                (br               ) [ 00000000000]
br_ln0                  (br               ) [ 00000000000]
NEURONS_STATE_addr      (getelementptr    ) [ 00000000000]
store_ln131             (store            ) [ 00000000000]
store_ln132             (store            ) [ 00000000000]
br_ln133                (br               ) [ 00000000000]
add_ln117               (add              ) [ 00000000000]
store_ln117             (store            ) [ 00000000000]
br_ln117                (br               ) [ 00000000000]
call_ln117              (call             ) [ 00000000000]
ret_ln146               (ret              ) [ 00000000000]
</LifeTime>

<model>

<comp_list>
<comp id="0" class="1000" name="layer_index_val">
<pin_list>
<pin id="1" dir="1" index="0" bw="1" slack="0"/>
</pin_list>
<bind>
<StgValue><ssdm name="layer_index_val"/></StgValue>
</bind>
</comp>

<comp id="2" class="1000" name="NEURONS_INDEX">
<pin_list>
<pin id="3" dir="1" index="0" bw="1" slack="0"/>
</pin_list>
<bind>
<StgValue><ssdm name="NEURONS_INDEX"/><MemPortTyVec>1 1 1 </MemPortTyVec>
</StgValue>
</bind>
</comp>

<comp id="4" class="1000" name="NEURONS_STATE">
<pin_list>
<pin id="5" dir="1" index="0" bw="1" slack="0"/>
</pin_list>
<bind>
<StgValue><ssdm name="NEURONS_STATE"/><MemPortTyVec>2 3 </MemPortTyVec>
</StgValue>
</bind>
</comp>

<comp id="6" class="1000" name="WEIGHTS_INDEX">
<pin_list>
<pin id="7" dir="1" index="0" bw="1" slack="0"/>
</pin_list>
<bind>
<StgValue><ssdm name="WEIGHTS_INDEX"/><MemPortTyVec>1 1 </MemPortTyVec>
</StgValue>
</bind>
</comp>

<comp id="8" class="1000" name="NEURONS_MEMBRANE">
<pin_list>
<pin id="9" dir="1" index="0" bw="1" slack="0"/>
</pin_list>
<bind>
<StgValue><ssdm name="NEURONS_MEMBRANE"/><MemPortTyVec>2 3 </MemPortTyVec>
</StgValue>
</bind>
</comp>

<comp id="10" class="1000" name="WEIGHTS">
<pin_list>
<pin id="11" dir="1" index="0" bw="1" slack="0"/>
</pin_list>
<bind>
<StgValue><ssdm name="WEIGHTS"/><MemPortTyVec>1 </MemPortTyVec>
</StgValue>
</bind>
</comp>

<comp id="12" class="1001" name="const_12">
<pin_list>
<pin id="13" dir="1" index="0" bw="1" slack="0"/>
</pin_list>
<bind>
<StgValue><ssdm name=""/></StgValue>
</bind>
</comp>

<comp id="14" class="1001" name="const_14">
<pin_list>
<pin id="15" dir="1" index="0" bw="1" slack="0"/>
</pin_list>
<bind>
<StgValue><ssdm name="_ssdm_op_Read.ap_auto.i3"/></StgValue>
</bind>
</comp>

<comp id="16" class="1001" name="const_16">
<pin_list>
<pin id="17" dir="1" index="0" bw="1" slack="0"/>
</pin_list>
<bind>
<StgValue><ssdm name=""/></StgValue>
</bind>
</comp>

<comp id="18" class="1001" name="const_18">
<pin_list>
<pin id="19" dir="1" index="0" bw="1" slack="0"/>
</pin_list>
<bind>
<StgValue><ssdm name=""/></StgValue>
</bind>
</comp>

<comp id="20" class="1001" name="const_20">
<pin_list>
<pin id="21" dir="1" index="0" bw="1" slack="0"/>
</pin_list>
<bind>
<StgValue><ssdm name=""/></StgValue>
</bind>
</comp>

<comp id="22" class="1001" name="const_22">
<pin_list>
<pin id="23" dir="1" index="0" bw="1" slack="0"/>
</pin_list>
<bind>
<StgValue><ssdm name=""/></StgValue>
</bind>
</comp>

<comp id="24" class="1001" name="const_24">
<pin_list>
<pin id="25" dir="1" index="0" bw="1" slack="0"/>
</pin_list>
<bind>
<StgValue><ssdm name="inner_layer_Pipeline_WEIGHTS_LOOP"/></StgValue>
</bind>
</comp>

<comp id="26" class="1001" name="const_26">
<pin_list>
<pin id="27" dir="1" index="0" bw="1" slack="2147483647"/>
</pin_list>
<bind>
<StgValue><ssdm name="_ssdm_op_SpecLoopTripCount"/></StgValue>
</bind>
</comp>

<comp id="28" class="1001" name="const_28">
<pin_list>
<pin id="29" dir="1" index="0" bw="1" slack="2147483647"/>
</pin_list>
<bind>
<StgValue><ssdm name=""/></StgValue>
</bind>
</comp>

<comp id="30" class="1001" name="const_30">
<pin_list>
<pin id="31" dir="1" index="0" bw="1" slack="2147483647"/>
</pin_list>
<bind>
<StgValue><ssdm name=""/></StgValue>
</bind>
</comp>

<comp id="32" class="1001" name="const_32">
<pin_list>
<pin id="33" dir="1" index="0" bw="1" slack="2147483647"/>
</pin_list>
<bind>
<StgValue><ssdm name="_ssdm_op_SpecLoopName"/></StgValue>
</bind>
</comp>

<comp id="34" class="1001" name="const_34">
<pin_list>
<pin id="35" dir="1" index="0" bw="1" slack="2147483647"/>
</pin_list>
<bind>
<StgValue><ssdm name="empty_5"/></StgValue>
</bind>
</comp>

<comp id="36" class="1001" name="const_36">
<pin_list>
<pin id="37" dir="1" index="0" bw="1" slack="0"/>
</pin_list>
<bind>
<StgValue><ssdm name=""/></StgValue>
</bind>
</comp>

<comp id="38" class="1001" name="const_38">
<pin_list>
<pin id="39" dir="1" index="0" bw="1" slack="0"/>
</pin_list>
<bind>
<StgValue><ssdm name="_ssdm_op_BitSelect.i1.i8.i32"/></StgValue>
</bind>
</comp>

<comp id="40" class="1001" name="const_40">
<pin_list>
<pin id="41" dir="1" index="0" bw="1" slack="0"/>
</pin_list>
<bind>
<StgValue><ssdm name=""/></StgValue>
</bind>
</comp>

<comp id="42" class="1001" name="const_42">
<pin_list>
<pin id="43" dir="1" index="0" bw="1" slack="0"/>
</pin_list>
<bind>
<StgValue><ssdm name=""/></StgValue>
</bind>
</comp>

<comp id="44" class="1001" name="const_44">
<pin_list>
<pin id="45" dir="1" index="0" bw="1" slack="0"/>
</pin_list>
<bind>
<StgValue><ssdm name=""/></StgValue>
</bind>
</comp>

<comp id="46" class="1001" name="const_46">
<pin_list>
<pin id="47" dir="1" index="0" bw="1" slack="0"/>
</pin_list>
<bind>
<StgValue><ssdm name=""/></StgValue>
</bind>
</comp>

<comp id="48" class="1001" name="const_48">
<pin_list>
<pin id="49" dir="1" index="0" bw="1" slack="0"/>
</pin_list>
<bind>
<StgValue><ssdm name=""/></StgValue>
</bind>
</comp>

<comp id="50" class="1001" name="const_50">
<pin_list>
<pin id="51" dir="1" index="0" bw="1" slack="0"/>
</pin_list>
<bind>
<StgValue><ssdm name=""/></StgValue>
</bind>
</comp>

<comp id="52" class="1001" name="const_52">
<pin_list>
<pin id="53" dir="1" index="0" bw="1" slack="0"/>
</pin_list>
<bind>
<StgValue><ssdm name="inner_layer_Pipeline_NEURONS_STATE_RESET_LOOP"/></StgValue>
</bind>
</comp>

<comp id="54" class="1004" name="neuron_index_1_fu_54">
<pin_list>
<pin id="55" dir="0" index="0" bw="1" slack="0"/>
<pin id="56" dir="1" index="1" bw="64" slack="1"/>
</pin_list>
<bind>
<opcode="alloca(26) " fcode="alloca"/>
<opset="neuron_index_1/1 "/>
</bind>
</comp>

<comp id="58" class="1004" name="layer_index_val_read_read_fu_58">
<pin_list>
<pin id="59" dir="0" index="0" bw="3" slack="0"/>
<pin id="60" dir="0" index="1" bw="3" slack="0"/>
<pin id="61" dir="1" index="2" bw="3" slack="0"/>
</pin_list>
<bind>
<opcode="read(1150) " fcode="read"/>
<opset="layer_index_val_read/1 "/>
</bind>
</comp>

<comp id="64" class="1004" name="NEURONS_INDEX_addr_gep_fu_64">
<pin_list>
<pin id="65" dir="0" index="0" bw="9" slack="0"/>
<pin id="66" dir="0" index="1" bw="1" slack="0"/>
<pin id="67" dir="0" index="2" bw="3" slack="0"/>
<pin id="68" dir="1" index="3" bw="3" slack="0"/>
</pin_list>
<bind>
<opcode="getelementptr(29) " fcode="getelementptr"/>
<opset="NEURONS_INDEX_addr/1 "/>
</bind>
</comp>

<comp id="71" class="1004" name="grp_access_fu_71">
<pin_list>
<pin id="72" dir="0" index="0" bw="3" slack="0"/>
<pin id="73" dir="0" index="1" bw="9" slack="2147483647"/>
<pin id="74" dir="0" index="2" bw="0" slack="0"/>
<pin id="76" dir="0" index="4" bw="3" slack="2147483647"/>
<pin id="77" dir="0" index="5" bw="9" slack="0"/>
<pin id="78" dir="0" index="6" bw="0" slack="2147483647"/>
<pin id="80" dir="0" index="8" bw="3" slack="2147483647"/>
<pin id="81" dir="0" index="9" bw="9" slack="2147483647"/>
<pin id="82" dir="0" index="10" bw="0" slack="2147483647"/>
<pin id="75" dir="1" index="3" bw="9" slack="2"/>
<pin id="79" dir="1" index="7" bw="9" slack="0"/>
<pin id="83" dir="1" index="11" bw="9" slack="0"/>
</pin_list>
<bind>
<opcode="load(27) " fcode="load"/>
<opset="neuron_index/1 NEURONS_INDEX_load/1 neuron_state_index/1 "/>
</bind>
</comp>

<comp id="85" class="1004" name="NEURONS_INDEX_addr_1_gep_fu_85">
<pin_list>
<pin id="86" dir="0" index="0" bw="9" slack="0"/>
<pin id="87" dir="0" index="1" bw="1" slack="0"/>
<pin id="88" dir="0" index="2" bw="3" slack="0"/>
<pin id="89" dir="1" index="3" bw="3" slack="0"/>
</pin_list>
<bind>
<opcode="getelementptr(29) " fcode="getelementptr"/>
<opset="NEURONS_INDEX_addr_1/1 "/>
</bind>
</comp>

<comp id="93" class="1004" name="NEURONS_INDEX_addr_2_gep_fu_93">
<pin_list>
<pin id="94" dir="0" index="0" bw="9" slack="0"/>
<pin id="95" dir="0" index="1" bw="1" slack="0"/>
<pin id="96" dir="0" index="2" bw="2" slack="0"/>
<pin id="97" dir="1" index="3" bw="3" slack="0"/>
</pin_list>
<bind>
<opcode="getelementptr(29) " fcode="getelementptr"/>
<opset="NEURONS_INDEX_addr_2/1 "/>
</bind>
</comp>

<comp id="101" class="1004" name="WEIGHTS_INDEX_addr_gep_fu_101">
<pin_list>
<pin id="102" dir="0" index="0" bw="15" slack="0"/>
<pin id="103" dir="0" index="1" bw="1" slack="0"/>
<pin id="104" dir="0" index="2" bw="64" slack="0"/>
<pin id="105" dir="1" index="3" bw="9" slack="0"/>
</pin_list>
<bind>
<opcode="getelementptr(29) " fcode="getelementptr"/>
<opset="WEIGHTS_INDEX_addr/3 "/>
</bind>
</comp>

<comp id="108" class="1004" name="grp_access_fu_108">
<pin_list>
<pin id="109" dir="0" index="0" bw="9" slack="0"/>
<pin id="110" dir="0" index="1" bw="15" slack="2147483647"/>
<pin id="111" dir="0" index="2" bw="0" slack="0"/>
<pin id="113" dir="0" index="4" bw="9" slack="2147483647"/>
<pin id="114" dir="0" index="5" bw="15" slack="2147483647"/>
<pin id="115" dir="0" index="6" bw="0" slack="2147483647"/>
<pin id="112" dir="1" index="3" bw="15" slack="0"/>
<pin id="116" dir="1" index="7" bw="15" slack="0"/>
</pin_list>
<bind>
<opcode="load(27) " fcode="load"/>
<opset="weight_index/3 WEIGHTS_INDEX_load/3 "/>
</bind>
</comp>

<comp id="118" class="1004" name="WEIGHTS_INDEX_addr_1_gep_fu_118">
<pin_list>
<pin id="119" dir="0" index="0" bw="15" slack="0"/>
<pin id="120" dir="0" index="1" bw="1" slack="0"/>
<pin id="121" dir="0" index="2" bw="9" slack="0"/>
<pin id="122" dir="1" index="3" bw="9" slack="0"/>
</pin_list>
<bind>
<opcode="getelementptr(29) " fcode="getelementptr"/>
<opset="WEIGHTS_INDEX_addr_1/3 "/>
</bind>
</comp>

<comp id="126" class="1004" name="NEURONS_MEMBRANE_addr_gep_fu_126">
<pin_list>
<pin id="127" dir="0" index="0" bw="8" slack="0"/>
<pin id="128" dir="0" index="1" bw="1" slack="0"/>
<pin id="129" dir="0" index="2" bw="64" slack="2147483647"/>
<pin id="130" dir="1" index="3" bw="9" slack="0"/>
</pin_list>
<bind>
<opcode="getelementptr(29) " fcode="getelementptr"/>
<opset="NEURONS_MEMBRANE_addr/6 "/>
</bind>
</comp>

<comp id="133" class="1004" name="grp_access_fu_133">
<pin_list>
<pin id="134" dir="0" index="0" bw="9" slack="0"/>
<pin id="135" dir="0" index="1" bw="8" slack="0"/>
<pin id="136" dir="0" index="2" bw="0" slack="2147483647"/>
<pin id="137" dir="1" index="3" bw="8" slack="0"/>
</pin_list>
<bind>
<opcode="load(27) store(28) " fcode="store"/>
<opset="NEURONS_MEMBRANE_load/6 store_ln140/8 store_ln136/8 store_ln132/8 "/>
</bind>
</comp>

<comp id="139" class="1004" name="NEURONS_STATE_addr_gep_fu_139">
<pin_list>
<pin id="140" dir="0" index="0" bw="1" slack="0"/>
<pin id="141" dir="0" index="1" bw="1" slack="0"/>
<pin id="142" dir="0" index="2" bw="64" slack="2147483647"/>
<pin id="143" dir="1" index="3" bw="9" slack="0"/>
</pin_list>
<bind>
<opcode="getelementptr(29) " fcode="getelementptr"/>
<opset="NEURONS_STATE_addr/8 "/>
</bind>
</comp>

<comp id="146" class="1004" name="store_ln131_access_fu_146">
<pin_list>
<pin id="147" dir="0" index="0" bw="9" slack="0"/>
<pin id="148" dir="0" index="1" bw="1" slack="0"/>
<pin id="149" dir="0" index="2" bw="0" slack="2147483647"/>
<pin id="150" dir="1" index="3" bw="1" slack="2147483647"/>
</pin_list>
<bind>
<opcode="store(28) " fcode="store"/>
<opset="store_ln131/8 "/>
</bind>
</comp>

<comp id="154" class="1004" name="grp_inner_layer_Pipeline_WEIGHTS_LOOP_fu_154">
<pin_list>
<pin id="155" dir="0" index="0" bw="0" slack="0"/>
<pin id="156" dir="0" index="1" bw="15" slack="0"/>
<pin id="157" dir="0" index="2" bw="9" slack="1"/>
<pin id="158" dir="0" index="3" bw="15" slack="0"/>
<pin id="159" dir="0" index="4" bw="9" slack="2"/>
<pin id="160" dir="0" index="5" bw="9" slack="0"/>
<pin id="161" dir="0" index="6" bw="1" slack="0"/>
<pin id="162" dir="0" index="7" bw="8" slack="0"/>
<pin id="163" dir="0" index="8" bw="8" slack="0"/>
<pin id="164" dir="1" index="9" bw="0" slack="2147483647"/>
</pin_list>
<bind>
<opcode="call(48) " fcode="call"/>
<opset="call_ln119/4 "/>
</bind>
</comp>

<comp id="171" class="1004" name="grp_inner_layer_Pipeline_NEURONS_STATE_RESET_LOOP_fu_171">
<pin_list>
<pin id="172" dir="0" index="0" bw="0" slack="0"/>
<pin id="173" dir="0" index="1" bw="9" slack="2"/>
<pin id="174" dir="0" index="2" bw="9" slack="2"/>
<pin id="175" dir="0" index="3" bw="1" slack="0"/>
<pin id="176" dir="1" index="4" bw="0" slack="2147483647"/>
</pin_list>
<bind>
<opcode="call(48) " fcode="call"/>
<opset="call_ln117/9 "/>
</bind>
</comp>

<comp id="179" class="1004" name="zext_ln117_2_fu_179">
<pin_list>
<pin id="180" dir="0" index="0" bw="3" slack="0"/>
<pin id="181" dir="1" index="1" bw="64" slack="0"/>
</pin_list>
<bind>
<opcode="zext(34) " fcode="zext"/>
<opset="zext_ln117_2/1 "/>
</bind>
</comp>

<comp id="184" class="1004" name="empty_fu_184">
<pin_list>
<pin id="185" dir="0" index="0" bw="3" slack="0"/>
<pin id="186" dir="1" index="1" bw="2" slack="0"/>
</pin_list>
<bind>
<opcode="trunc(33) " fcode="trunc"/>
<opset="empty/1 "/>
</bind>
</comp>

<comp id="188" class="1004" name="add_i_i244_fu_188">
<pin_list>
<pin id="189" dir="0" index="0" bw="3" slack="0"/>
<pin id="190" dir="0" index="1" bw="1" slack="0"/>
<pin id="191" dir="1" index="2" bw="3" slack="0"/>
</pin_list>
<bind>
<opcode="add(8) " fcode="add"/>
<opset="add_i_i244/1 "/>
</bind>
</comp>

<comp id="194" class="1004" name="conv_i221_fu_194">
<pin_list>
<pin id="195" dir="0" index="0" bw="3" slack="0"/>
<pin id="196" dir="1" index="1" bw="64" slack="0"/>
</pin_list>
<bind>
<opcode="zext(34) " fcode="zext"/>
<opset="conv_i221/1 "/>
</bind>
</comp>

<comp id="199" class="1004" name="sub_i_i184_fu_199">
<pin_list>
<pin id="200" dir="0" index="0" bw="2" slack="0"/>
<pin id="201" dir="0" index="1" bw="1" slack="0"/>
<pin id="202" dir="1" index="2" bw="2" slack="0"/>
</pin_list>
<bind>
<opcode="add(8) " fcode="add"/>
<opset="sub_i_i184/1 "/>
</bind>
</comp>

<comp id="205" class="1004" name="conv_i161_fu_205">
<pin_list>
<pin id="206" dir="0" index="0" bw="2" slack="0"/>
<pin id="207" dir="1" index="1" bw="64" slack="0"/>
</pin_list>
<bind>
<opcode="zext(34) " fcode="zext"/>
<opset="conv_i161/1 "/>
</bind>
</comp>

<comp id="210" class="1004" name="zext_ln117_fu_210">
<pin_list>
<pin id="211" dir="0" index="0" bw="9" slack="0"/>
<pin id="212" dir="1" index="1" bw="64" slack="0"/>
</pin_list>
<bind>
<opcode="zext(34) " fcode="zext"/>
<opset="zext_ln117/2 "/>
</bind>
</comp>

<comp id="214" class="1004" name="zext_ln117_1_fu_214">
<pin_list>
<pin id="215" dir="0" index="0" bw="9" slack="0"/>
<pin id="216" dir="1" index="1" bw="64" slack="1"/>
</pin_list>
<bind>
<opcode="zext(34) " fcode="zext"/>
<opset="zext_ln117_1/2 "/>
</bind>
</comp>

<comp id="218" class="1004" name="store_ln117_store_fu_218">
<pin_list>
<pin id="219" dir="0" index="0" bw="9" slack="0"/>
<pin id="220" dir="0" index="1" bw="64" slack="1"/>
<pin id="221" dir="1" index="2" bw="0" slack="2147483647"/>
</pin_list>
<bind>
<opcode="store(28) " fcode="store"/>
<opset="store_ln117/2 "/>
</bind>
</comp>

<comp id="223" class="1004" name="neuron_index_2_load_fu_223">
<pin_list>
<pin id="224" dir="0" index="0" bw="64" slack="2"/>
<pin id="225" dir="1" index="1" bw="64" slack="0"/>
</pin_list>
<bind>
<opcode="load(27) " fcode="load"/>
<opset="neuron_index_2/3 "/>
</bind>
</comp>

<comp id="227" class="1004" name="trunc_ln117_fu_227">
<pin_list>
<pin id="228" dir="0" index="0" bw="64" slack="0"/>
<pin id="229" dir="1" index="1" bw="9" slack="0"/>
</pin_list>
<bind>
<opcode="trunc(33) " fcode="trunc"/>
<opset="trunc_ln117/3 "/>
</bind>
</comp>

<comp id="231" class="1004" name="icmp_ln117_fu_231">
<pin_list>
<pin id="232" dir="0" index="0" bw="64" slack="0"/>
<pin id="233" dir="0" index="1" bw="9" slack="1"/>
<pin id="234" dir="1" index="2" bw="1" slack="2147483647"/>
</pin_list>
<bind>
<opcode="icmp(45) " fcode="icmp"/>
<opset="icmp_ln117/3 "/>
</bind>
</comp>

<comp id="236" class="1004" name="add_i_i213_fu_236">
<pin_list>
<pin id="237" dir="0" index="0" bw="9" slack="0"/>
<pin id="238" dir="0" index="1" bw="1" slack="0"/>
<pin id="239" dir="1" index="2" bw="9" slack="0"/>
</pin_list>
<bind>
<opcode="add(8) " fcode="add"/>
<opset="add_i_i213/3 "/>
</bind>
</comp>

<comp id="242" class="1004" name="conv_i190_fu_242">
<pin_list>
<pin id="243" dir="0" index="0" bw="9" slack="0"/>
<pin id="244" dir="1" index="1" bw="64" slack="0"/>
</pin_list>
<bind>
<opcode="zext(34) " fcode="zext"/>
<opset="conv_i190/3 "/>
</bind>
</comp>

<comp id="247" class="1004" name="trunc_ln119_fu_247">
<pin_list>
<pin id="248" dir="0" index="0" bw="15" slack="0"/>
<pin id="249" dir="1" index="1" bw="9" slack="0"/>
</pin_list>
<bind>
<opcode="trunc(33) " fcode="trunc"/>
<opset="trunc_ln119/4 "/>
</bind>
</comp>

<comp id="252" class="1004" name="icmp_ln128_fu_252">
<pin_list>
<pin id="253" dir="0" index="0" bw="8" slack="0"/>
<pin id="254" dir="0" index="1" bw="8" slack="0"/>
<pin id="255" dir="1" index="2" bw="1" slack="1"/>
</pin_list>
<bind>
<opcode="icmp(45) " fcode="icmp"/>
<opset="icmp_ln128/7 "/>
</bind>
</comp>

<comp id="258" class="1004" name="tmp_fu_258">
<pin_list>
<pin id="259" dir="0" index="0" bw="1" slack="0"/>
<pin id="260" dir="0" index="1" bw="8" slack="0"/>
<pin id="261" dir="0" index="2" bw="4" slack="0"/>
<pin id="262" dir="1" index="3" bw="1" slack="1"/>
</pin_list>
<bind>
<opcode="bitselect(1000) " fcode="bitselect"/>
<opset="tmp/7 "/>
</bind>
</comp>

<comp id="266" class="1004" name="icmp_ln138_fu_266">
<pin_list>
<pin id="267" dir="0" index="0" bw="8" slack="0"/>
<pin id="268" dir="0" index="1" bw="1" slack="0"/>
<pin id="269" dir="1" index="2" bw="1" slack="1"/>
</pin_list>
<bind>
<opcode="icmp(45) " fcode="icmp"/>
<opset="icmp_ln138/7 "/>
</bind>
</comp>

<comp id="272" class="1004" name="add_ln140_fu_272">
<pin_list>
<pin id="273" dir="0" index="0" bw="8" slack="1"/>
<pin id="274" dir="0" index="1" bw="8" slack="0"/>
<pin id="275" dir="1" index="2" bw="8" slack="0"/>
</pin_list>
<bind>
<opcode="add(8) " fcode="add"/>
<opset="add_ln140/8 "/>
</bind>
</comp>

<comp id="278" class="1004" name="add_ln136_fu_278">
<pin_list>
<pin id="279" dir="0" index="0" bw="8" slack="1"/>
<pin id="280" dir="0" index="1" bw="8" slack="0"/>
<pin id="281" dir="1" index="2" bw="8" slack="0"/>
</pin_list>
<bind>
<opcode="add(8) " fcode="add"/>
<opset="add_ln136/8 "/>
</bind>
</comp>

<comp id="284" class="1004" name="add_ln117_fu_284">
<pin_list>
<pin id="285" dir="0" index="0" bw="64" slack="2147483647"/>
<pin id="286" dir="0" index="1" bw="1" slack="0"/>
<pin id="287" dir="1" index="2" bw="64" slack="0"/>
</pin_list>
<bind>
<opcode="add(8) " fcode="add"/>
<opset="add_ln117/8 "/>
</bind>
</comp>

<comp id="289" class="1004" name="store_ln117_store_fu_289">
<pin_list>
<pin id="290" dir="0" index="0" bw="64" slack="0"/>
<pin id="291" dir="0" index="1" bw="64" slack="7"/>
<pin id="292" dir="1" index="2" bw="0" slack="2147483647"/>
</pin_list>
<bind>
<opcode="store(28) " fcode="store"/>
<opset="store_ln117/8 "/>
</bind>
</comp>

<comp id="294" class="1005" name="neuron_index_1_reg_294">
<pin_list>
<pin id="295" dir="0" index="0" bw="64" slack="1"/>
<pin id="296" dir="1" index="1" bw="64" slack="1"/>
</pin_list>
<bind>
<opset="neuron_index_1 "/>
</bind>
</comp>

<comp id="301" class="1005" name="NEURONS_INDEX_addr_reg_301">
<pin_list>
<pin id="302" dir="0" index="0" bw="3" slack="1"/>
<pin id="303" dir="1" index="1" bw="3" slack="1"/>
</pin_list>
<bind>
<opset="NEURONS_INDEX_addr "/>
</bind>
</comp>

<comp id="306" class="1005" name="NEURONS_INDEX_addr_1_reg_306">
<pin_list>
<pin id="307" dir="0" index="0" bw="3" slack="1"/>
<pin id="308" dir="1" index="1" bw="3" slack="1"/>
</pin_list>
<bind>
<opset="NEURONS_INDEX_addr_1 "/>
</bind>
</comp>

<comp id="311" class="1005" name="NEURONS_INDEX_addr_2_reg_311">
<pin_list>
<pin id="312" dir="0" index="0" bw="3" slack="1"/>
<pin id="313" dir="1" index="1" bw="3" slack="1"/>
</pin_list>
<bind>
<opset="NEURONS_INDEX_addr_2 "/>
</bind>
</comp>

<comp id="316" class="1005" name="neuron_index_reg_316">
<pin_list>
<pin id="317" dir="0" index="0" bw="9" slack="2"/>
<pin id="318" dir="1" index="1" bw="9" slack="2"/>
</pin_list>
<bind>
<opset="neuron_index "/>
</bind>
</comp>

<comp id="321" class="1005" name="zext_ln117_1_reg_321">
<pin_list>
<pin id="322" dir="0" index="0" bw="64" slack="1"/>
<pin id="323" dir="1" index="1" bw="64" slack="1"/>
</pin_list>
<bind>
<opset="zext_ln117_1 "/>
</bind>
</comp>

<comp id="326" class="1005" name="neuron_state_index_reg_326">
<pin_list>
<pin id="327" dir="0" index="0" bw="9" slack="2"/>
<pin id="328" dir="1" index="1" bw="9" slack="2"/>
</pin_list>
<bind>
<opset="neuron_state_index "/>
</bind>
</comp>

<comp id="335" class="1005" name="trunc_ln117_reg_335">
<pin_list>
<pin id="336" dir="0" index="0" bw="9" slack="1"/>
<pin id="337" dir="1" index="1" bw="9" slack="1"/>
</pin_list>
<bind>
<opset="trunc_ln117 "/>
</bind>
</comp>

<comp id="343" class="1005" name="WEIGHTS_INDEX_addr_reg_343">
<pin_list>
<pin id="344" dir="0" index="0" bw="9" slack="1"/>
<pin id="345" dir="1" index="1" bw="9" slack="1"/>
</pin_list>
<bind>
<opset="WEIGHTS_INDEX_addr "/>
</bind>
</comp>

<comp id="348" class="1005" name="WEIGHTS_INDEX_addr_1_reg_348">
<pin_list>
<pin id="349" dir="0" index="0" bw="9" slack="1"/>
<pin id="350" dir="1" index="1" bw="9" slack="1"/>
</pin_list>
<bind>
<opset="WEIGHTS_INDEX_addr_1 "/>
</bind>
</comp>

<comp id="353" class="1005" name="weight_index_reg_353">
<pin_list>
<pin id="354" dir="0" index="0" bw="15" slack="1"/>
<pin id="355" dir="1" index="1" bw="15" slack="1"/>
</pin_list>
<bind>
<opset="weight_index "/>
</bind>
</comp>

<comp id="358" class="1005" name="WEIGHTS_INDEX_load_reg_358">
<pin_list>
<pin id="359" dir="0" index="0" bw="15" slack="1"/>
<pin id="360" dir="1" index="1" bw="15" slack="1"/>
</pin_list>
<bind>
<opset="WEIGHTS_INDEX_load "/>
</bind>
</comp>

<comp id="363" class="1005" name="trunc_ln119_reg_363">
<pin_list>
<pin id="364" dir="0" index="0" bw="9" slack="1"/>
<pin id="365" dir="1" index="1" bw="9" slack="1"/>
</pin_list>
<bind>
<opset="trunc_ln119 "/>
</bind>
</comp>

<comp id="368" class="1005" name="NEURONS_MEMBRANE_addr_reg_368">
<pin_list>
<pin id="369" dir="0" index="0" bw="9" slack="1"/>
<pin id="370" dir="1" index="1" bw="9" slack="1"/>
</pin_list>
<bind>
<opset="NEURONS_MEMBRANE_addr "/>
</bind>
</comp>

<comp id="373" class="1005" name="NEURONS_MEMBRANE_load_reg_373">
<pin_list>
<pin id="374" dir="0" index="0" bw="8" slack="1"/>
<pin id="375" dir="1" index="1" bw="8" slack="1"/>
</pin_list>
<bind>
<opset="NEURONS_MEMBRANE_load "/>
</bind>
</comp>

<comp id="379" class="1005" name="icmp_ln128_reg_379">
<pin_list>
<pin id="380" dir="0" index="0" bw="1" slack="1"/>
<pin id="381" dir="1" index="1" bw="1" slack="2147483647"/>
</pin_list>
<bind>
<opset="icmp_ln128 "/>
</bind>
</comp>

<comp id="383" class="1005" name="tmp_reg_383">
<pin_list>
<pin id="384" dir="0" index="0" bw="1" slack="1"/>
<pin id="385" dir="1" index="1" bw="1" slack="2147483647"/>
</pin_list>
<bind>
<opset="tmp "/>
</bind>
</comp>

<comp id="387" class="1005" name="icmp_ln138_reg_387">
<pin_list>
<pin id="388" dir="0" index="0" bw="1" slack="1"/>
<pin id="389" dir="1" index="1" bw="1" slack="2147483647"/>
</pin_list>
<bind>
<opset="icmp_ln138 "/>
</bind>
</comp>

</comp_list>

<net_list>
<net id="57"><net_src comp="12" pin="0"/><net_sink comp="54" pin=0"/></net>

<net id="62"><net_src comp="14" pin="0"/><net_sink comp="58" pin=0"/></net>

<net id="63"><net_src comp="0" pin="0"/><net_sink comp="58" pin=1"/></net>

<net id="69"><net_src comp="2" pin="0"/><net_sink comp="64" pin=0"/></net>

<net id="70"><net_src comp="16" pin="0"/><net_sink comp="64" pin=1"/></net>

<net id="84"><net_src comp="64" pin="3"/><net_sink comp="71" pin=5"/></net>

<net id="90"><net_src comp="2" pin="0"/><net_sink comp="85" pin=0"/></net>

<net id="91"><net_src comp="16" pin="0"/><net_sink comp="85" pin=1"/></net>

<net id="92"><net_src comp="85" pin="3"/><net_sink comp="71" pin=2"/></net>

<net id="98"><net_src comp="2" pin="0"/><net_sink comp="93" pin=0"/></net>

<net id="99"><net_src comp="16" pin="0"/><net_sink comp="93" pin=1"/></net>

<net id="100"><net_src comp="93" pin="3"/><net_sink comp="71" pin=0"/></net>

<net id="106"><net_src comp="6" pin="0"/><net_sink comp="101" pin=0"/></net>

<net id="107"><net_src comp="16" pin="0"/><net_sink comp="101" pin=1"/></net>

<net id="117"><net_src comp="101" pin="3"/><net_sink comp="108" pin=2"/></net>

<net id="123"><net_src comp="6" pin="0"/><net_sink comp="118" pin=0"/></net>

<net id="124"><net_src comp="16" pin="0"/><net_sink comp="118" pin=1"/></net>

<net id="125"><net_src comp="118" pin="3"/><net_sink comp="108" pin=0"/></net>

<net id="131"><net_src comp="8" pin="0"/><net_sink comp="126" pin=0"/></net>

<net id="132"><net_src comp="16" pin="0"/><net_sink comp="126" pin=1"/></net>

<net id="138"><net_src comp="126" pin="3"/><net_sink comp="133" pin=0"/></net>

<net id="144"><net_src comp="4" pin="0"/><net_sink comp="139" pin=0"/></net>

<net id="145"><net_src comp="16" pin="0"/><net_sink comp="139" pin=1"/></net>

<net id="151"><net_src comp="48" pin="0"/><net_sink comp="146" pin=1"/></net>

<net id="152"><net_src comp="139" pin="3"/><net_sink comp="146" pin=0"/></net>

<net id="153"><net_src comp="42" pin="0"/><net_sink comp="133" pin=1"/></net>

<net id="165"><net_src comp="24" pin="0"/><net_sink comp="154" pin=0"/></net>

<net id="166"><net_src comp="108" pin="7"/><net_sink comp="154" pin=1"/></net>

<net id="167"><net_src comp="108" pin="3"/><net_sink comp="154" pin=3"/></net>

<net id="168"><net_src comp="4" pin="0"/><net_sink comp="154" pin=6"/></net>

<net id="169"><net_src comp="8" pin="0"/><net_sink comp="154" pin=7"/></net>

<net id="170"><net_src comp="10" pin="0"/><net_sink comp="154" pin=8"/></net>

<net id="177"><net_src comp="52" pin="0"/><net_sink comp="171" pin=0"/></net>

<net id="178"><net_src comp="4" pin="0"/><net_sink comp="171" pin=3"/></net>

<net id="182"><net_src comp="58" pin="2"/><net_sink comp="179" pin=0"/></net>

<net id="183"><net_src comp="179" pin="1"/><net_sink comp="64" pin=2"/></net>

<net id="187"><net_src comp="58" pin="2"/><net_sink comp="184" pin=0"/></net>

<net id="192"><net_src comp="58" pin="2"/><net_sink comp="188" pin=0"/></net>

<net id="193"><net_src comp="18" pin="0"/><net_sink comp="188" pin=1"/></net>

<net id="197"><net_src comp="188" pin="2"/><net_sink comp="194" pin=0"/></net>

<net id="198"><net_src comp="194" pin="1"/><net_sink comp="85" pin=2"/></net>

<net id="203"><net_src comp="184" pin="1"/><net_sink comp="199" pin=0"/></net>

<net id="204"><net_src comp="20" pin="0"/><net_sink comp="199" pin=1"/></net>

<net id="208"><net_src comp="199" pin="2"/><net_sink comp="205" pin=0"/></net>

<net id="209"><net_src comp="205" pin="1"/><net_sink comp="93" pin=2"/></net>

<net id="213"><net_src comp="71" pin="11"/><net_sink comp="210" pin=0"/></net>

<net id="217"><net_src comp="71" pin="7"/><net_sink comp="214" pin=0"/></net>

<net id="222"><net_src comp="210" pin="1"/><net_sink comp="218" pin=0"/></net>

<net id="226"><net_src comp="223" pin="1"/><net_sink comp="101" pin=2"/></net>

<net id="230"><net_src comp="223" pin="1"/><net_sink comp="227" pin=0"/></net>

<net id="235"><net_src comp="223" pin="1"/><net_sink comp="231" pin=0"/></net>

<net id="240"><net_src comp="227" pin="1"/><net_sink comp="236" pin=0"/></net>

<net id="241"><net_src comp="22" pin="0"/><net_sink comp="236" pin=1"/></net>

<net id="245"><net_src comp="236" pin="2"/><net_sink comp="242" pin=0"/></net>

<net id="246"><net_src comp="242" pin="1"/><net_sink comp="118" pin=2"/></net>

<net id="250"><net_src comp="108" pin="7"/><net_sink comp="247" pin=0"/></net>

<net id="251"><net_src comp="247" pin="1"/><net_sink comp="154" pin=5"/></net>

<net id="256"><net_src comp="133" pin="3"/><net_sink comp="252" pin=0"/></net>

<net id="257"><net_src comp="36" pin="0"/><net_sink comp="252" pin=1"/></net>

<net id="263"><net_src comp="38" pin="0"/><net_sink comp="258" pin=0"/></net>

<net id="264"><net_src comp="133" pin="3"/><net_sink comp="258" pin=1"/></net>

<net id="265"><net_src comp="40" pin="0"/><net_sink comp="258" pin=2"/></net>

<net id="270"><net_src comp="133" pin="3"/><net_sink comp="266" pin=0"/></net>

<net id="271"><net_src comp="42" pin="0"/><net_sink comp="266" pin=1"/></net>

<net id="276"><net_src comp="44" pin="0"/><net_sink comp="272" pin=1"/></net>

<net id="277"><net_src comp="272" pin="2"/><net_sink comp="133" pin=1"/></net>

<net id="282"><net_src comp="46" pin="0"/><net_sink comp="278" pin=1"/></net>

<net id="283"><net_src comp="278" pin="2"/><net_sink comp="133" pin=1"/></net>

<net id="288"><net_src comp="50" pin="0"/><net_sink comp="284" pin=1"/></net>

<net id="293"><net_src comp="284" pin="2"/><net_sink comp="289" pin=0"/></net>

<net id="297"><net_src comp="54" pin="1"/><net_sink comp="294" pin=0"/></net>

<net id="298"><net_src comp="294" pin="1"/><net_sink comp="218" pin=1"/></net>

<net id="299"><net_src comp="294" pin="1"/><net_sink comp="223" pin=0"/></net>

<net id="300"><net_src comp="294" pin="1"/><net_sink comp="289" pin=1"/></net>

<net id="304"><net_src comp="64" pin="3"/><net_sink comp="301" pin=0"/></net>

<net id="305"><net_src comp="301" pin="1"/><net_sink comp="71" pin=5"/></net>

<net id="309"><net_src comp="85" pin="3"/><net_sink comp="306" pin=0"/></net>

<net id="310"><net_src comp="306" pin="1"/><net_sink comp="71" pin=2"/></net>

<net id="314"><net_src comp="93" pin="3"/><net_sink comp="311" pin=0"/></net>

<net id="315"><net_src comp="311" pin="1"/><net_sink comp="71" pin=0"/></net>

<net id="319"><net_src comp="71" pin="11"/><net_sink comp="316" pin=0"/></net>

<net id="320"><net_src comp="316" pin="1"/><net_sink comp="171" pin=2"/></net>

<net id="324"><net_src comp="214" pin="1"/><net_sink comp="321" pin=0"/></net>

<net id="325"><net_src comp="321" pin="1"/><net_sink comp="231" pin=1"/></net>

<net id="329"><net_src comp="71" pin="3"/><net_sink comp="326" pin=0"/></net>

<net id="330"><net_src comp="326" pin="1"/><net_sink comp="154" pin=4"/></net>

<net id="331"><net_src comp="326" pin="1"/><net_sink comp="171" pin=1"/></net>

<net id="338"><net_src comp="227" pin="1"/><net_sink comp="335" pin=0"/></net>

<net id="339"><net_src comp="335" pin="1"/><net_sink comp="154" pin=2"/></net>

<net id="346"><net_src comp="101" pin="3"/><net_sink comp="343" pin=0"/></net>

<net id="347"><net_src comp="343" pin="1"/><net_sink comp="108" pin=2"/></net>

<net id="351"><net_src comp="118" pin="3"/><net_sink comp="348" pin=0"/></net>

<net id="352"><net_src comp="348" pin="1"/><net_sink comp="108" pin=0"/></net>

<net id="356"><net_src comp="108" pin="7"/><net_sink comp="353" pin=0"/></net>

<net id="357"><net_src comp="353" pin="1"/><net_sink comp="154" pin=1"/></net>

<net id="361"><net_src comp="108" pin="3"/><net_sink comp="358" pin=0"/></net>

<net id="362"><net_src comp="358" pin="1"/><net_sink comp="154" pin=3"/></net>

<net id="366"><net_src comp="247" pin="1"/><net_sink comp="363" pin=0"/></net>

<net id="367"><net_src comp="363" pin="1"/><net_sink comp="154" pin=5"/></net>

<net id="371"><net_src comp="126" pin="3"/><net_sink comp="368" pin=0"/></net>

<net id="372"><net_src comp="368" pin="1"/><net_sink comp="133" pin=0"/></net>

<net id="376"><net_src comp="133" pin="3"/><net_sink comp="373" pin=0"/></net>

<net id="377"><net_src comp="373" pin="1"/><net_sink comp="272" pin=0"/></net>

<net id="378"><net_src comp="373" pin="1"/><net_sink comp="278" pin=0"/></net>

<net id="382"><net_src comp="252" pin="2"/><net_sink comp="379" pin=0"/></net>

<net id="386"><net_src comp="258" pin="3"/><net_sink comp="383" pin=0"/></net>

<net id="390"><net_src comp="266" pin="2"/><net_sink comp="387" pin=0"/></net>

</net_list>

</model> 
---------------- Datapath Model END ------------------

* FSMD analyzer results:
  - Output states:
	Port: NEURONS_STATE | {8 9 10 }
	Port: NEURONS_MEMBRANE | {4 5 8 }
 - Input state : 
	Port: inner_layer : layer_index_val | {1 }
	Port: inner_layer : NEURONS_INDEX | {1 2 }
	Port: inner_layer : NEURONS_STATE | {4 5 }
	Port: inner_layer : WEIGHTS_INDEX | {3 4 }
	Port: inner_layer : NEURONS_MEMBRANE | {4 5 6 7 }
	Port: inner_layer : WEIGHTS | {4 5 }
  - Chain level:
	State 1
		NEURONS_INDEX_addr : 1
		neuron_index : 2
		conv_i221 : 1
		NEURONS_INDEX_addr_1 : 2
		NEURONS_INDEX_load : 3
		sub_i_i184 : 1
		conv_i161 : 2
		NEURONS_INDEX_addr_2 : 3
		neuron_state_index : 4
	State 2
		zext_ln117 : 1
		zext_ln117_1 : 1
		store_ln117 : 2
	State 3
		trunc_ln117 : 1
		icmp_ln117 : 1
		br_ln117 : 2
		WEIGHTS_INDEX_addr : 1
		weight_index : 2
		add_i_i213 : 2
		conv_i190 : 3
		WEIGHTS_INDEX_addr_1 : 4
		WEIGHTS_INDEX_load : 5
	State 4
		trunc_ln119 : 1
		call_ln119 : 2
	State 5
	State 6
		NEURONS_MEMBRANE_load : 1
	State 7
		icmp_ln128 : 1
		br_ln128 : 2
		tmp : 1
		br_ln134 : 2
		icmp_ln138 : 1
		br_ln138 : 2
	State 8
		store_ln140 : 1
		store_ln136 : 1
		store_ln131 : 1
		store_ln117 : 1
	State 9
	State 10


============================================================
+ Verbose Summary: Datapath Resource usage 
============================================================

* Functional unit list:
|----------|----------------------------------------------------------|---------|---------|---------|
| Operation|                      Functional Unit                     |  Delay  |    FF   |   LUT   |
|----------|----------------------------------------------------------|---------|---------|---------|
|   call   |       grp_inner_layer_Pipeline_WEIGHTS_LOOP_fu_154       |  3.176  |   317   |   193   |
|          | grp_inner_layer_Pipeline_NEURONS_STATE_RESET_LOOP_fu_171 |    0    |    9    |    28   |
|----------|----------------------------------------------------------|---------|---------|---------|
|          |                     add_i_i244_fu_188                    |    0    |    0    |    11   |
|          |                     sub_i_i184_fu_199                    |    0    |    0    |    10   |
|    add   |                     add_i_i213_fu_236                    |    0    |    0    |    14   |
|          |                     add_ln140_fu_272                     |    0    |    0    |    15   |
|          |                     add_ln136_fu_278                     |    0    |    0    |    15   |
|          |                     add_ln117_fu_284                     |    0    |    0    |    71   |
|----------|----------------------------------------------------------|---------|---------|---------|
|          |                     icmp_ln117_fu_231                    |    0    |    0    |    71   |
|   icmp   |                     icmp_ln128_fu_252                    |    0    |    0    |    15   |
|          |                     icmp_ln138_fu_266                    |    0    |    0    |    15   |
|----------|----------------------------------------------------------|---------|---------|---------|
|   read   |              layer_index_val_read_read_fu_58             |    0    |    0    |    0    |
|----------|----------------------------------------------------------|---------|---------|---------|
|          |                    zext_ln117_2_fu_179                   |    0    |    0    |    0    |
|          |                     conv_i221_fu_194                     |    0    |    0    |    0    |
|   zext   |                     conv_i161_fu_205                     |    0    |    0    |    0    |
|          |                     zext_ln117_fu_210                    |    0    |    0    |    0    |
|          |                    zext_ln117_1_fu_214                   |    0    |    0    |    0    |
|          |                     conv_i190_fu_242                     |    0    |    0    |    0    |
|----------|----------------------------------------------------------|---------|---------|---------|
|          |                       empty_fu_184                       |    0    |    0    |    0    |
|   trunc  |                    trunc_ln117_fu_227                    |    0    |    0    |    0    |
|          |                    trunc_ln119_fu_247                    |    0    |    0    |    0    |
|----------|----------------------------------------------------------|---------|---------|---------|
| bitselect|                        tmp_fu_258                        |    0    |    0    |    0    |
|----------|----------------------------------------------------------|---------|---------|---------|
|   Total  |                                                          |  3.176  |   326   |   458   |
|----------|----------------------------------------------------------|---------|---------|---------|

Memories:
N/A

* Register list:
+-----------------------------+--------+
|                             |   FF   |
+-----------------------------+--------+
| NEURONS_INDEX_addr_1_reg_306|    3   |
| NEURONS_INDEX_addr_2_reg_311|    3   |
|  NEURONS_INDEX_addr_reg_301 |    3   |
|NEURONS_MEMBRANE_addr_reg_368|    9   |
|NEURONS_MEMBRANE_load_reg_373|    8   |
| WEIGHTS_INDEX_addr_1_reg_348|    9   |
|  WEIGHTS_INDEX_addr_reg_343 |    9   |
|  WEIGHTS_INDEX_load_reg_358 |   15   |
|      icmp_ln128_reg_379     |    1   |
|      icmp_ln138_reg_387     |    1   |
|    neuron_index_1_reg_294   |   64   |
|     neuron_index_reg_316    |    9   |
|  neuron_state_index_reg_326 |    9   |
|         tmp_reg_383         |    1   |
|     trunc_ln117_reg_335     |    9   |
|     trunc_ln119_reg_363     |    9   |
|     weight_index_reg_353    |   15   |
|     zext_ln117_1_reg_321    |   64   |
+-----------------------------+--------+
|            Total            |   241  |
+-----------------------------+--------+

* Multiplexer (MUX) list: 
|----------------------------------------------|------|------|------|--------||---------||---------|
|                     Comp                     |  Pin | Size |  BW  | S x BW ||  Delay  ||   LUT   |
|----------------------------------------------|------|------|------|--------||---------||---------|
|               grp_access_fu_71               |  p0  |   2  |   3  |    6   ||    9    |
|               grp_access_fu_71               |  p2  |   2  |   0  |    0   ||    9    |
|               grp_access_fu_71               |  p5  |   2  |   9  |   18   ||    9    |
|               grp_access_fu_108              |  p0  |   2  |   9  |   18   ||    9    |
|               grp_access_fu_108              |  p2  |   2  |   0  |    0   ||    9    |
|               grp_access_fu_133              |  p0  |   2  |   9  |   18   ||    9    |
|               grp_access_fu_133              |  p1  |   3  |   8  |   24   ||    14   |
| grp_inner_layer_Pipeline_WEIGHTS_LOOP_fu_154 |  p1  |   2  |  15  |   30   ||    9    |
| grp_inner_layer_Pipeline_WEIGHTS_LOOP_fu_154 |  p3  |   2  |  15  |   30   ||    9    |
| grp_inner_layer_Pipeline_WEIGHTS_LOOP_fu_154 |  p5  |   2  |   9  |   18   ||    9    |
|----------------------------------------------|------|------|------|--------||---------||---------|
|                     Total                    |      |      |      |   162  || 15.9993 ||    95   |
|----------------------------------------------|------|------|------|--------||---------||---------|



* Summary:
+-----------+--------+--------+--------+
|           |  Delay |   FF   |   LUT  |
+-----------+--------+--------+--------+
|  Function |    3   |   326  |   458  |
|   Memory  |    -   |    -   |    -   |
|Multiplexer|   15   |    -   |   95   |
|  Register |    -   |   241  |    -   |
+-----------+--------+--------+--------+
|   Total   |   19   |   567  |   553  |
+-----------+--------+--------+--------+
