

================================================================
== Vitis HLS Report for 'output_layer'
================================================================
* Date:           Mon Oct 28 19:19:49 2024

* Version:        2023.1.1 (Build 3869133 on Jun 15 2023)
* Project:        RNI
* Solution:       solution1 (Vivado IP Flow Target)
* Product family: zynq
* Target device:  xc7z020-clg400-1


================================================================
== Performance Estimates
================================================================
+ Timing: 
    * Summary: 
    +--------+----------+----------+------------+
    |  Clock |  Target  | Estimated| Uncertainty|
    +--------+----------+----------+------------+
    |ap_clk  |  10.00 ns|  6.084 ns|     2.70 ns|
    +--------+----------+----------+------------+

+ Latency: 
    * Summary: 
    +---------+---------+----------+----------+-----+--------+---------+
    |  Latency (cycles) |  Latency (absolute) |   Interval   | Pipeline|
    |   min   |   max   |    min   |    max   | min |   max  |   Type  |
    +---------+---------+----------+----------+-----+--------+---------+
    |       52|   786472|  0.520 us|  7.865 ms|   52|  786472|       no|
    +---------+---------+----------+----------+-----+--------+---------+

    + Detail: 
        * Instance: 
        N/A

        * Loop: 
        +------------------+---------+---------+------------+-----------+-----------+------+----------+
        |                  |  Latency (cycles) |  Iteration |  Initiation Interval  | Trip |          |
        |     Loop Name    |   min   |   max   |   Latency  |  achieved |   target  | Count| Pipelined|
        +------------------+---------+---------+------------+-----------+-----------+------+----------+
        |- NEURONS_LOOP_4  |       32|   786452|  8 ~ 196613|          -|          -|     4|        no|
        +------------------+---------+---------+------------+-----------+-----------+------+----------+

============================================================
+ Verbose Summary: Synthesis Manager
============================================================
InlineROM: 1
ExposeGlobal: 0
============================================================
+ Verbose Summary: CDFG Model
============================================================
IsTopModel: 0
ResetActiveHigh: 1
IsCombinational: 0
IsDatapathOnly: 0
HasWiredReturn: 1
HasMFsm: 0
HasVarLatency: 1
IsPipeline: 0
IsRtlPipelined: 0
IsInstanceOverlapped: 0
IsDontTouch: 0
HasImplIP: 0
IsGatedGlobalClock: 0


============================================================
+ Verbose Summary: Schedule
============================================================
* Number of FSM states : 8
* Pipeline : 0
* Dataflow Pipeline: 0

* FSM state transitions: 
1 --> 2 
2 --> 3 8 
3 --> 4 
4 --> 5 
5 --> 6 
6 --> 7 
7 --> 2 
8 --> 

* FSM state operations: 

State 1 <SV = 0> <Delay = 1.58>
ST_1 : Operation 9 [1/1] (0.00ns)   --->   "%neuron_index = alloca i32 1"   --->   Operation 9 'alloca' 'neuron_index' <Predicate = true> <Delay = 0.00>
ST_1 : Operation 10 [1/1] (1.58ns)   --->   "%store_ln146 = store i5 16, i5 %neuron_index" [src/RNI.cpp:146]   --->   Operation 10 'store' 'store_ln146' <Predicate = true> <Delay = 1.58>
ST_1 : Operation 11 [1/1] (0.00ns)   --->   "%br_ln146 = br void %WEIGHTS_LOOP_4" [src/RNI.cpp:146]   --->   Operation 11 'br' 'br_ln146' <Predicate = true> <Delay = 0.00>

State 2 <SV = 1> <Delay = 5.03>
ST_2 : Operation 12 [1/1] (0.00ns)   --->   "%neuron_index_1 = load i5 %neuron_index"   --->   Operation 12 'load' 'neuron_index_1' <Predicate = true> <Delay = 0.00>
ST_2 : Operation 13 [1/1] (1.78ns)   --->   "%icmp_ln146 = icmp_eq  i5 %neuron_index_1, i5 20" [src/RNI.cpp:146]   --->   Operation 13 'icmp' 'icmp_ln146' <Predicate = true> <Delay = 1.78> <CoreInst = "Cmp">   --->   Core 9 'Cmp' <Latency = 0> <II = 1> <Delay = 1.78> <FuncUnit> <Opcode : 'icmp'> <InPorts = 2> <OutPorts = 1>
ST_2 : Operation 14 [1/1] (0.00ns)   --->   "%br_ln146 = br i1 %icmp_ln146, void %WEIGHTS_LOOP_4.split, void %for.inc.i291.preheader" [src/RNI.cpp:146]   --->   Operation 14 'br' 'br_ln146' <Predicate = true> <Delay = 0.00>
ST_2 : Operation 15 [1/1] (0.00ns)   --->   "%sext_ln146 = sext i5 %neuron_index_1" [src/RNI.cpp:146]   --->   Operation 15 'sext' 'sext_ln146' <Predicate = (!icmp_ln146)> <Delay = 0.00>
ST_2 : Operation 16 [1/1] (0.00ns)   --->   "%zext_ln146 = zext i8 %sext_ln146" [src/RNI.cpp:146]   --->   Operation 16 'zext' 'zext_ln146' <Predicate = (!icmp_ln146)> <Delay = 0.00>
ST_2 : Operation 17 [1/1] (0.00ns)   --->   "%NEURONS_MEMBRANE_addr = getelementptr i16 %NEURONS_MEMBRANE, i64 0, i64 %zext_ln146" [src/RNI.cpp:146]   --->   Operation 17 'getelementptr' 'NEURONS_MEMBRANE_addr' <Predicate = (!icmp_ln146)> <Delay = 0.00>
ST_2 : Operation 18 [1/1] (3.25ns)   --->   "%store_ln172 = store i16 0, i8 %NEURONS_MEMBRANE_addr" [src/RNI.cpp:172->src/RNI.cpp:148]   --->   Operation 18 'store' 'store_ln172' <Predicate = (!icmp_ln146)> <Delay = 3.25> <CoreInst = "RAM">   --->   Core 82 'RAM' <Latency = 1> <II = 1> <Delay = 3.25> <Storage> <Opcode : 'load' 'store'> <Ports = 2> <Width = 16> <Depth = 244> <RAM>
ST_2 : Operation 19 [1/1] (0.00ns)   --->   "%WEIGHTS_INDEX_addr = getelementptr i14 %WEIGHTS_INDEX, i64 0, i64 %zext_ln146" [src/RNI.cpp:149]   --->   Operation 19 'getelementptr' 'WEIGHTS_INDEX_addr' <Predicate = (!icmp_ln146)> <Delay = 0.00>
ST_2 : Operation 20 [2/2] (3.25ns)   --->   "%weight_index = load i8 %WEIGHTS_INDEX_addr" [src/RNI.cpp:149]   --->   Operation 20 'load' 'weight_index' <Predicate = (!icmp_ln146)> <Delay = 3.25> <CoreInst = "ROM">   --->   Core 95 'ROM' <Latency = 1> <II = 1> <Delay = 3.25> <Storage> <Opcode : 'load'> <Ports = 0> <Width = 14> <Depth = 245> <ROM>
ST_2 : Operation 21 [1/1] (1.78ns)   --->   "%add_i_i162 = add i5 %neuron_index_1, i5 1"   --->   Operation 21 'add' 'add_i_i162' <Predicate = (!icmp_ln146)> <Delay = 1.78> <CoreInst = "Adder">   --->   Core 1 'Adder' <Latency = 0> <II = 1> <Delay = 1.78> <FuncUnit> <Opcode : 'add' 'sub'> <InPorts = 2> <OutPorts = 1>
ST_2 : Operation 22 [1/1] (0.00ns)   --->   "%conv_i139_cast_cast = sext i5 %add_i_i162"   --->   Operation 22 'sext' 'conv_i139_cast_cast' <Predicate = (!icmp_ln146)> <Delay = 0.00>
ST_2 : Operation 23 [1/1] (0.00ns)   --->   "%conv_i139_cast_cast_cast = zext i8 %conv_i139_cast_cast"   --->   Operation 23 'zext' 'conv_i139_cast_cast_cast' <Predicate = (!icmp_ln146)> <Delay = 0.00>
ST_2 : Operation 24 [1/1] (0.00ns)   --->   "%WEIGHTS_INDEX_addr_1 = getelementptr i14 %WEIGHTS_INDEX, i64 0, i64 %conv_i139_cast_cast_cast"   --->   Operation 24 'getelementptr' 'WEIGHTS_INDEX_addr_1' <Predicate = (!icmp_ln146)> <Delay = 0.00>
ST_2 : Operation 25 [2/2] (3.25ns)   --->   "%WEIGHTS_INDEX_load = load i8 %WEIGHTS_INDEX_addr_1"   --->   Operation 25 'load' 'WEIGHTS_INDEX_load' <Predicate = (!icmp_ln146)> <Delay = 3.25> <CoreInst = "ROM">   --->   Core 95 'ROM' <Latency = 1> <II = 1> <Delay = 3.25> <Storage> <Opcode : 'load'> <Ports = 0> <Width = 14> <Depth = 245> <ROM>
ST_2 : Operation 26 [2/2] (0.00ns)   --->   "%call_ln0 = call void @output_layer_Pipeline_NEURONS_STATE_RESET_LOOP, i1 %NEURONS_STATE"   --->   Operation 26 'call' 'call_ln0' <Predicate = (icmp_ln146)> <Delay = 0.00> <CoreType = "Generic">   --->   Core 0 '' <Latency = 0> <II = 1> <Delay = 1.00> <Generic> <Opcode : >

State 3 <SV = 2> <Delay = 4.84>
ST_3 : Operation 27 [1/2] (3.25ns)   --->   "%weight_index = load i8 %WEIGHTS_INDEX_addr" [src/RNI.cpp:149]   --->   Operation 27 'load' 'weight_index' <Predicate = true> <Delay = 3.25> <CoreInst = "ROM">   --->   Core 95 'ROM' <Latency = 1> <II = 1> <Delay = 3.25> <Storage> <Opcode : 'load'> <Ports = 0> <Width = 14> <Depth = 245> <ROM>
ST_3 : Operation 28 [1/2] (3.25ns)   --->   "%WEIGHTS_INDEX_load = load i8 %WEIGHTS_INDEX_addr_1"   --->   Operation 28 'load' 'WEIGHTS_INDEX_load' <Predicate = true> <Delay = 3.25> <CoreInst = "ROM">   --->   Core 95 'ROM' <Latency = 1> <II = 1> <Delay = 3.25> <Storage> <Opcode : 'load'> <Ports = 0> <Width = 14> <Depth = 245> <ROM>
ST_3 : Operation 29 [1/1] (0.00ns)   --->   "%trunc_ln149 = trunc i14 %weight_index" [src/RNI.cpp:149]   --->   Operation 29 'trunc' 'trunc_ln149' <Predicate = true> <Delay = 0.00>
ST_3 : Operation 30 [2/2] (1.58ns)   --->   "%call_ln149 = call void @output_layer_Pipeline_WEIGHTS_LOOP_4, i14 %weight_index, i5 %neuron_index_1, i14 %WEIGHTS_INDEX_load, i8 %trunc_ln149, i1 %NEURONS_STATE, i8 %WEIGHTS, i16 %NEURONS_MEMBRANE" [src/RNI.cpp:149]   --->   Operation 30 'call' 'call_ln149' <Predicate = true> <Delay = 1.58> <CoreType = "Generic">   --->   Core 0 '' <Latency = 0> <II = 1> <Delay = 1.00> <Generic> <Opcode : >

State 4 <SV = 3> <Delay = 0.00>
ST_4 : Operation 31 [1/2] (0.00ns)   --->   "%call_ln149 = call void @output_layer_Pipeline_WEIGHTS_LOOP_4, i14 %weight_index, i5 %neuron_index_1, i14 %WEIGHTS_INDEX_load, i8 %trunc_ln149, i1 %NEURONS_STATE, i8 %WEIGHTS, i16 %NEURONS_MEMBRANE" [src/RNI.cpp:149]   --->   Operation 31 'call' 'call_ln149' <Predicate = true> <Delay = 0.00> <CoreType = "Generic">   --->   Core 0 '' <Latency = 0> <II = 1> <Delay = 1.00> <Generic> <Opcode : >

State 5 <SV = 4> <Delay = 3.25>
ST_5 : Operation 32 [2/2] (3.25ns)   --->   "%NEURONS_MEMBRANE_load = load i8 %NEURONS_MEMBRANE_addr" [src/RNI.cpp:178->src/RNI.cpp:160]   --->   Operation 32 'load' 'NEURONS_MEMBRANE_load' <Predicate = true> <Delay = 3.25> <CoreInst = "RAM">   --->   Core 82 'RAM' <Latency = 1> <II = 1> <Delay = 3.25> <Storage> <Opcode : 'load' 'store'> <Ports = 2> <Width = 16> <Depth = 244> <RAM>

State 6 <SV = 5> <Delay = 5.33>
ST_6 : Operation 33 [1/1] (0.00ns)   --->   "%speclooptripcount_ln146 = speclooptripcount void @_ssdm_op_SpecLoopTripCount, i64 4, i64 4, i64 4" [src/RNI.cpp:146]   --->   Operation 33 'speclooptripcount' 'speclooptripcount_ln146' <Predicate = true> <Delay = 0.00>
ST_6 : Operation 34 [1/1] (0.00ns)   --->   "%specloopname_ln146 = specloopname void @_ssdm_op_SpecLoopName, void @empty_21" [src/RNI.cpp:146]   --->   Operation 34 'specloopname' 'specloopname_ln146' <Predicate = true> <Delay = 0.00>
ST_6 : Operation 35 [1/2] (3.25ns)   --->   "%NEURONS_MEMBRANE_load = load i8 %NEURONS_MEMBRANE_addr" [src/RNI.cpp:178->src/RNI.cpp:160]   --->   Operation 35 'load' 'NEURONS_MEMBRANE_load' <Predicate = true> <Delay = 3.25> <CoreInst = "RAM">   --->   Core 82 'RAM' <Latency = 1> <II = 1> <Delay = 3.25> <Storage> <Opcode : 'load' 'store'> <Ports = 2> <Width = 16> <Depth = 244> <RAM>
ST_6 : Operation 36 [1/1] (2.07ns)   --->   "%icmp_ln178 = icmp_sgt  i16 %NEURONS_MEMBRANE_load, i16 0" [src/RNI.cpp:178->src/RNI.cpp:160]   --->   Operation 36 'icmp' 'icmp_ln178' <Predicate = true> <Delay = 2.07> <CoreInst = "Cmp">   --->   Core 9 'Cmp' <Latency = 0> <II = 1> <Delay = 2.07> <FuncUnit> <Opcode : 'icmp'> <InPorts = 2> <OutPorts = 1>
ST_6 : Operation 37 [1/1] (0.00ns)   --->   "%br_ln178 = br i1 %icmp_ln178, void %_Z34update_neuron_state_reset_membrane6ap_intILi16EES0_.exit, void %if.then.i" [src/RNI.cpp:178->src/RNI.cpp:160]   --->   Operation 37 'br' 'br_ln178' <Predicate = true> <Delay = 0.00>

State 7 <SV = 6> <Delay = 3.25>
ST_7 : Operation 38 [1/1] (0.00ns)   --->   "%NEURONS_STATE_addr = getelementptr i1 %NEURONS_STATE, i64 0, i64 %zext_ln146" [src/RNI.cpp:180->src/RNI.cpp:160]   --->   Operation 38 'getelementptr' 'NEURONS_STATE_addr' <Predicate = (icmp_ln178)> <Delay = 0.00>
ST_7 : Operation 39 [1/1] (2.32ns)   --->   "%store_ln180 = store i1 1, i8 %NEURONS_STATE_addr" [src/RNI.cpp:180->src/RNI.cpp:160]   --->   Operation 39 'store' 'store_ln180' <Predicate = (icmp_ln178)> <Delay = 2.32> <CoreInst = "RAM">   --->   Core 82 'RAM' <Latency = 1> <II = 1> <Delay = 2.32> <Storage> <Opcode : 'load' 'store'> <Ports = 2> <Width = 1> <Depth = 244> <RAM>
ST_7 : Operation 40 [1/1] (3.25ns)   --->   "%store_ln181 = store i16 0, i8 %NEURONS_MEMBRANE_addr" [src/RNI.cpp:181->src/RNI.cpp:160]   --->   Operation 40 'store' 'store_ln181' <Predicate = (icmp_ln178)> <Delay = 3.25> <CoreInst = "RAM">   --->   Core 82 'RAM' <Latency = 1> <II = 1> <Delay = 3.25> <Storage> <Opcode : 'load' 'store'> <Ports = 2> <Width = 16> <Depth = 244> <RAM>
ST_7 : Operation 41 [1/1] (0.00ns)   --->   "%br_ln182 = br void %_Z34update_neuron_state_reset_membrane6ap_intILi16EES0_.exit" [src/RNI.cpp:182->src/RNI.cpp:160]   --->   Operation 41 'br' 'br_ln182' <Predicate = (icmp_ln178)> <Delay = 0.00>
ST_7 : Operation 42 [1/1] (1.58ns)   --->   "%store_ln146 = store i5 %add_i_i162, i5 %neuron_index" [src/RNI.cpp:146]   --->   Operation 42 'store' 'store_ln146' <Predicate = true> <Delay = 1.58>
ST_7 : Operation 43 [1/1] (0.00ns)   --->   "%br_ln146 = br void %WEIGHTS_LOOP_4" [src/RNI.cpp:146]   --->   Operation 43 'br' 'br_ln146' <Predicate = true> <Delay = 0.00>

State 8 <SV = 2> <Delay = 0.00>
ST_8 : Operation 44 [1/2] (0.00ns)   --->   "%call_ln0 = call void @output_layer_Pipeline_NEURONS_STATE_RESET_LOOP, i1 %NEURONS_STATE"   --->   Operation 44 'call' 'call_ln0' <Predicate = true> <Delay = 0.00> <CoreType = "Generic">   --->   Core 0 '' <Latency = 0> <II = 1> <Delay = 1.00> <Generic> <Opcode : >
ST_8 : Operation 45 [1/1] (0.00ns)   --->   "%ret_ln163 = ret" [src/RNI.cpp:163]   --->   Operation 45 'ret' 'ret_ln163' <Predicate = true> <Delay = 0.00>


============================================================
+ Verbose Summary: Timing violations
============================================================
Target clock period: 10.000ns, clock uncertainty: 2.700ns.

 <State 1>: 1.588ns
The critical path consists of the following:
	'alloca' operation ('neuron_index') [5]  (0.000 ns)
	'store' operation ('store_ln146', src/RNI.cpp:146) of constant 16 on local variable 'neuron_index' [6]  (1.588 ns)

 <State 2>: 5.034ns
The critical path consists of the following:
	'load' operation ('neuron_index') on local variable 'neuron_index' [9]  (0.000 ns)
	'add' operation ('add_i_i162') [21]  (1.780 ns)
	'getelementptr' operation ('WEIGHTS_INDEX_addr_1') [24]  (0.000 ns)
	'load' operation ('WEIGHTS_INDEX_load') on array 'WEIGHTS_INDEX' [25]  (3.254 ns)

 <State 3>: 4.842ns
The critical path consists of the following:
	'load' operation ('weight_index', src/RNI.cpp:149) on array 'WEIGHTS_INDEX' [20]  (3.254 ns)
	'call' operation ('call_ln149', src/RNI.cpp:149) to 'output_layer_Pipeline_WEIGHTS_LOOP_4' [27]  (1.588 ns)

 <State 4>: 0.000ns
The critical path consists of the following:

 <State 5>: 3.254ns
The critical path consists of the following:
	'load' operation ('NEURONS_MEMBRANE_load', src/RNI.cpp:178->src/RNI.cpp:160) on array 'NEURONS_MEMBRANE' [28]  (3.254 ns)

 <State 6>: 5.331ns
The critical path consists of the following:
	'load' operation ('NEURONS_MEMBRANE_load', src/RNI.cpp:178->src/RNI.cpp:160) on array 'NEURONS_MEMBRANE' [28]  (3.254 ns)
	'icmp' operation ('icmp_ln178', src/RNI.cpp:178->src/RNI.cpp:160) [29]  (2.077 ns)

 <State 7>: 3.254ns
The critical path consists of the following:
	'store' operation ('store_ln181', src/RNI.cpp:181->src/RNI.cpp:160) of constant 0 on array 'NEURONS_MEMBRANE' [34]  (3.254 ns)

 <State 8>: 0.000ns
The critical path consists of the following:


============================================================
+ Verbose Summary: Binding
============================================================
N/A
* FSMD analyzer results:
  - Output states:
 - Input state : 
  - Chain level:
	State 1
	State 2
	State 3
	State 4
	State 5
	State 6
	State 7
	State 8


============================================================
+ Verbose Summary: Datapath Resource usage 
============================================================
N/A
