

================================================================
== Vitis HLS Report for 'output_stream_dispatch_Pipeline_VITIS_LOOP_220_2'
================================================================
* Date:           Tue Oct 29 15:19:18 2024

* Version:        2023.1.1 (Build 3869133 on Jun 15 2023)
* Project:        RNI
* Solution:       solution1 (Vivado IP Flow Target)
* Product family: zynq
* Target device:  xc7z020-clg400-1


================================================================
== Performance Estimates
================================================================
+ Timing: 
    * Summary: 
    +--------+----------+----------+------------+
    |  Clock |  Target  | Estimated| Uncertainty|
    +--------+----------+----------+------------+
    |ap_clk  |  10.00 ns|  6.012 ns|     2.70 ns|
    +--------+----------+----------+------------+

+ Latency: 
    * Summary: 
    +---------+---------+----------+----------+-----+-----+---------+
    |  Latency (cycles) |  Latency (absolute) |  Interval | Pipeline|
    |   min   |   max   |    min   |    max   | min | max |   Type  |
    +---------+---------+----------+----------+-----+-----+---------+
    |       10|       10|  0.100 us|  0.100 us|   10|   10|       no|
    +---------+---------+----------+----------+-----+-----+---------+

    + Detail: 
        * Instance: 
        N/A

        * Loop: 
        +--------------------+---------+---------+----------+-----------+-----------+------+----------+
        |                    |  Latency (cycles) | Iteration|  Initiation Interval  | Trip |          |
        |      Loop Name     |   min   |   max   |  Latency |  achieved |   target  | Count| Pipelined|
        +--------------------+---------+---------+----------+-----------+-----------+------+----------+
        |- VITIS_LOOP_220_2  |        8|        8|         3|          2|          1|     4|       yes|
        +--------------------+---------+---------+----------+-----------+-----------+------+----------+

============================================================
+ Verbose Summary: Synthesis Manager
============================================================
InlineROM: 1
ExposeGlobal: 0
============================================================
+ Verbose Summary: CDFG Model
============================================================
IsTopModel: 0
ResetActiveHigh: 1
IsCombinational: 0
IsDatapathOnly: 0
HasWiredReturn: 1
HasMFsm: 2
HasVarLatency: 1
IsPipeline: 0
IsRtlPipelined: 0
IsInstanceOverlapped: 0
IsDontTouch: 0
HasImplIP: 0
IsGatedGlobalClock: 0

+ Individual pipeline summary: 
  * Pipeline-0: initiation interval (II) = 2, depth = 3


============================================================
+ Verbose Summary: Schedule
============================================================
* Number of FSM states : 3
* Pipeline : 1
  Pipeline-0 : II = 2, D = 3, States = { 1 2 3 }
* Dataflow Pipeline: 0

* FSM state transitions: 
1 --> 2 
2 --> 3 
3 --> 

* FSM state operations: 

State 1 <SV = 0> <Delay = 6.01>
ST_1 : Operation 6 [1/1] (0.00ns)   --->   "%i = alloca i32 1"   --->   Operation 6 'alloca' 'i' <Predicate = true> <Delay = 0.00>
ST_1 : Operation 7 [1/1] (0.00ns)   --->   "%specaxissidechannel_ln0 = specaxissidechannel void @_ssdm_op_SpecAXISSideChannel, i32 %out_stream_V_data_V, i4 %out_stream_V_keep_V, i4 %out_stream_V_strb_V, i2 %out_stream_V_user_V, i1 %out_stream_V_last_V, i5 %out_stream_V_id_V, i6 %out_stream_V_dest_V, void @empty_8"   --->   Operation 7 'specaxissidechannel' 'specaxissidechannel_ln0' <Predicate = true> <Delay = 0.00>
ST_1 : Operation 8 [1/1] (0.00ns)   --->   "%specinterface_ln0 = specinterface void @_ssdm_op_SpecInterface, i32 %out_stream_V_data_V, void @empty_0, i32 0, i32 0, void @empty_1, i32 0, i32 0, void @empty_15, void @empty_15, void @empty_15, i32 0, i32 0, i32 0, i32 0, void @empty_15, void @empty_15, i32 4294967295, i32 0"   --->   Operation 8 'specinterface' 'specinterface_ln0' <Predicate = true> <Delay = 0.00>
ST_1 : Operation 9 [1/1] (0.00ns)   --->   "%specinterface_ln0 = specinterface void @_ssdm_op_SpecInterface, i4 %out_stream_V_keep_V, void @empty_0, i32 0, i32 0, void @empty_1, i32 0, i32 0, void @empty_15, void @empty_15, void @empty_15, i32 0, i32 0, i32 0, i32 0, void @empty_15, void @empty_15, i32 4294967295, i32 0"   --->   Operation 9 'specinterface' 'specinterface_ln0' <Predicate = true> <Delay = 0.00>
ST_1 : Operation 10 [1/1] (0.00ns)   --->   "%specinterface_ln0 = specinterface void @_ssdm_op_SpecInterface, i4 %out_stream_V_strb_V, void @empty_0, i32 0, i32 0, void @empty_1, i32 0, i32 0, void @empty_15, void @empty_15, void @empty_15, i32 0, i32 0, i32 0, i32 0, void @empty_15, void @empty_15, i32 4294967295, i32 0"   --->   Operation 10 'specinterface' 'specinterface_ln0' <Predicate = true> <Delay = 0.00>
ST_1 : Operation 11 [1/1] (0.00ns)   --->   "%specinterface_ln0 = specinterface void @_ssdm_op_SpecInterface, i2 %out_stream_V_user_V, void @empty_0, i32 0, i32 0, void @empty_1, i32 0, i32 0, void @empty_15, void @empty_15, void @empty_15, i32 0, i32 0, i32 0, i32 0, void @empty_15, void @empty_15, i32 4294967295, i32 0"   --->   Operation 11 'specinterface' 'specinterface_ln0' <Predicate = true> <Delay = 0.00>
ST_1 : Operation 12 [1/1] (0.00ns)   --->   "%specinterface_ln0 = specinterface void @_ssdm_op_SpecInterface, i1 %out_stream_V_last_V, void @empty_0, i32 0, i32 0, void @empty_1, i32 0, i32 0, void @empty_15, void @empty_15, void @empty_15, i32 0, i32 0, i32 0, i32 0, void @empty_15, void @empty_15, i32 4294967295, i32 0"   --->   Operation 12 'specinterface' 'specinterface_ln0' <Predicate = true> <Delay = 0.00>
ST_1 : Operation 13 [1/1] (0.00ns)   --->   "%specinterface_ln0 = specinterface void @_ssdm_op_SpecInterface, i5 %out_stream_V_id_V, void @empty_0, i32 0, i32 0, void @empty_1, i32 0, i32 0, void @empty_15, void @empty_15, void @empty_15, i32 0, i32 0, i32 0, i32 0, void @empty_15, void @empty_15, i32 4294967295, i32 0"   --->   Operation 13 'specinterface' 'specinterface_ln0' <Predicate = true> <Delay = 0.00>
ST_1 : Operation 14 [1/1] (0.00ns)   --->   "%specinterface_ln0 = specinterface void @_ssdm_op_SpecInterface, i6 %out_stream_V_dest_V, void @empty_0, i32 0, i32 0, void @empty_1, i32 0, i32 0, void @empty_15, void @empty_15, void @empty_15, i32 0, i32 0, i32 0, i32 0, void @empty_15, void @empty_15, i32 4294967295, i32 0"   --->   Operation 14 'specinterface' 'specinterface_ln0' <Predicate = true> <Delay = 0.00>
ST_1 : Operation 15 [1/1] (0.00ns)   --->   "%in_pkts_dest_0_3_val_read = read i6 @_ssdm_op_Read.ap_auto.i6, i6 %in_pkts_dest_0_3_val"   --->   Operation 15 'read' 'in_pkts_dest_0_3_val_read' <Predicate = true> <Delay = 0.00>
ST_1 : Operation 16 [1/1] (0.00ns)   --->   "%in_pkts_id_0_3_val_read = read i5 @_ssdm_op_Read.ap_auto.i5, i5 %in_pkts_id_0_3_val"   --->   Operation 16 'read' 'in_pkts_id_0_3_val_read' <Predicate = true> <Delay = 0.00>
ST_1 : Operation 17 [1/1] (0.00ns)   --->   "%in_pkts_last_0_3_val_read = read i1 @_ssdm_op_Read.ap_auto.i1, i1 %in_pkts_last_0_3_val"   --->   Operation 17 'read' 'in_pkts_last_0_3_val_read' <Predicate = true> <Delay = 0.00>
ST_1 : Operation 18 [1/1] (0.00ns)   --->   "%in_pkts_user_0_3_val_read = read i2 @_ssdm_op_Read.ap_auto.i2, i2 %in_pkts_user_0_3_val"   --->   Operation 18 'read' 'in_pkts_user_0_3_val_read' <Predicate = true> <Delay = 0.00>
ST_1 : Operation 19 [1/1] (0.00ns)   --->   "%in_pkts_strb_0_3_val_read = read i4 @_ssdm_op_Read.ap_auto.i4, i4 %in_pkts_strb_0_3_val"   --->   Operation 19 'read' 'in_pkts_strb_0_3_val_read' <Predicate = true> <Delay = 0.00>
ST_1 : Operation 20 [1/1] (0.00ns)   --->   "%in_pkts_keep_0_3_val_read = read i4 @_ssdm_op_Read.ap_auto.i4, i4 %in_pkts_keep_0_3_val"   --->   Operation 20 'read' 'in_pkts_keep_0_3_val_read' <Predicate = true> <Delay = 0.00>
ST_1 : Operation 21 [1/1] (0.00ns)   --->   "%in_pkts_data_0_3_val_read = read i32 @_ssdm_op_Read.ap_auto.i32, i32 %in_pkts_data_0_3_val"   --->   Operation 21 'read' 'in_pkts_data_0_3_val_read' <Predicate = true> <Delay = 0.00>
ST_1 : Operation 22 [1/1] (0.00ns)   --->   "%in_pkts_dest_0_0_val_read = read i6 @_ssdm_op_Read.ap_auto.i6, i6 %in_pkts_dest_0_0_val"   --->   Operation 22 'read' 'in_pkts_dest_0_0_val_read' <Predicate = true> <Delay = 0.00>
ST_1 : Operation 23 [1/1] (0.00ns)   --->   "%in_pkts_id_0_0_val_read = read i5 @_ssdm_op_Read.ap_auto.i5, i5 %in_pkts_id_0_0_val"   --->   Operation 23 'read' 'in_pkts_id_0_0_val_read' <Predicate = true> <Delay = 0.00>
ST_1 : Operation 24 [1/1] (0.00ns)   --->   "%in_pkts_last_0_0_val_read = read i1 @_ssdm_op_Read.ap_auto.i1, i1 %in_pkts_last_0_0_val"   --->   Operation 24 'read' 'in_pkts_last_0_0_val_read' <Predicate = true> <Delay = 0.00>
ST_1 : Operation 25 [1/1] (0.00ns)   --->   "%in_pkts_user_0_0_val_read = read i2 @_ssdm_op_Read.ap_auto.i2, i2 %in_pkts_user_0_0_val"   --->   Operation 25 'read' 'in_pkts_user_0_0_val_read' <Predicate = true> <Delay = 0.00>
ST_1 : Operation 26 [1/1] (0.00ns)   --->   "%in_pkts_strb_0_0_val_read = read i4 @_ssdm_op_Read.ap_auto.i4, i4 %in_pkts_strb_0_0_val"   --->   Operation 26 'read' 'in_pkts_strb_0_0_val_read' <Predicate = true> <Delay = 0.00>
ST_1 : Operation 27 [1/1] (0.00ns)   --->   "%in_pkts_keep_0_0_val_read = read i4 @_ssdm_op_Read.ap_auto.i4, i4 %in_pkts_keep_0_0_val"   --->   Operation 27 'read' 'in_pkts_keep_0_0_val_read' <Predicate = true> <Delay = 0.00>
ST_1 : Operation 28 [1/1] (1.58ns)   --->   "%store_ln0 = store i5 20, i5 %i"   --->   Operation 28 'store' 'store_ln0' <Predicate = true> <Delay = 1.58>
ST_1 : Operation 29 [1/1] (0.00ns)   --->   "%br_ln0 = br void %for.body13"   --->   Operation 29 'br' 'br_ln0' <Predicate = true> <Delay = 0.00>
ST_1 : Operation 30 [1/1] (0.00ns)   --->   "%i_1 = load i5 %i" [src/RNI.cpp:227]   --->   Operation 30 'load' 'i_1' <Predicate = true> <Delay = 0.00>
ST_1 : Operation 31 [1/1] (0.00ns)   --->   "%out_pkts_dest_addr = getelementptr i6 %out_pkts_dest, i64 0, i64 247"   --->   Operation 31 'getelementptr' 'out_pkts_dest_addr' <Predicate = true> <Delay = 0.00>
ST_1 : Operation 32 [1/1] (0.00ns)   --->   "%out_pkts_id_addr = getelementptr i5 %out_pkts_id, i64 0, i64 247"   --->   Operation 32 'getelementptr' 'out_pkts_id_addr' <Predicate = true> <Delay = 0.00>
ST_1 : Operation 33 [1/1] (0.00ns)   --->   "%out_pkts_last_addr = getelementptr i1 %out_pkts_last, i64 0, i64 247"   --->   Operation 33 'getelementptr' 'out_pkts_last_addr' <Predicate = true> <Delay = 0.00>
ST_1 : Operation 34 [1/1] (0.00ns)   --->   "%out_pkts_user_addr = getelementptr i2 %out_pkts_user, i64 0, i64 247"   --->   Operation 34 'getelementptr' 'out_pkts_user_addr' <Predicate = true> <Delay = 0.00>
ST_1 : Operation 35 [1/1] (0.00ns)   --->   "%out_pkts_strb_addr = getelementptr i4 %out_pkts_strb, i64 0, i64 247"   --->   Operation 35 'getelementptr' 'out_pkts_strb_addr' <Predicate = true> <Delay = 0.00>
ST_1 : Operation 36 [1/1] (0.00ns)   --->   "%out_pkts_keep_addr = getelementptr i4 %out_pkts_keep, i64 0, i64 247"   --->   Operation 36 'getelementptr' 'out_pkts_keep_addr' <Predicate = true> <Delay = 0.00>
ST_1 : Operation 37 [1/1] (0.00ns)   --->   "%out_pkts_data_addr = getelementptr i32 %out_pkts_data, i64 0, i64 247"   --->   Operation 37 'getelementptr' 'out_pkts_data_addr' <Predicate = true> <Delay = 0.00>
ST_1 : Operation 38 [1/1] (0.00ns)   --->   "%specpipeline_ln0 = specpipeline void @_ssdm_op_SpecPipeline, i32 4294967295, i32 0, i32 1, i32 0, void @p_str"   --->   Operation 38 'specpipeline' 'specpipeline_ln0' <Predicate = true> <Delay = 0.00>
ST_1 : Operation 39 [1/1] (1.78ns)   --->   "%icmp_ln220 = icmp_eq  i5 %i_1, i5 24" [src/RNI.cpp:220]   --->   Operation 39 'icmp' 'icmp_ln220' <Predicate = true> <Delay = 1.78> <CoreInst = "Cmp">   --->   Core 9 'Cmp' <Latency = 0> <II = 1> <Delay = 1.78> <FuncUnit> <Opcode : 'icmp'> <InPorts = 2> <OutPorts = 1>
ST_1 : Operation 40 [1/1] (0.00ns)   --->   "%br_ln220 = br i1 %icmp_ln220, void %for.body13.split, void %for.inc.i.preheader.exitStub" [src/RNI.cpp:220]   --->   Operation 40 'br' 'br_ln220' <Predicate = true> <Delay = 0.00>
ST_1 : Operation 41 [1/1] (0.00ns)   --->   "%trunc_ln227_cast_cast_cast = sext i5 %i_1" [src/RNI.cpp:227]   --->   Operation 41 'sext' 'trunc_ln227_cast_cast_cast' <Predicate = (!icmp_ln220)> <Delay = 0.00>
ST_1 : Operation 42 [1/1] (0.00ns)   --->   "%trunc_ln227_cast_cast_cast_cast = zext i8 %trunc_ln227_cast_cast_cast" [src/RNI.cpp:227]   --->   Operation 42 'zext' 'trunc_ln227_cast_cast_cast_cast' <Predicate = (!icmp_ln220)> <Delay = 0.00>
ST_1 : Operation 43 [1/1] (0.00ns)   --->   "%speclooptripcount_ln220 = speclooptripcount void @_ssdm_op_SpecLoopTripCount, i64 4, i64 4, i64 4" [src/RNI.cpp:220]   --->   Operation 43 'speclooptripcount' 'speclooptripcount_ln220' <Predicate = (!icmp_ln220)> <Delay = 0.00>
ST_1 : Operation 44 [1/1] (0.00ns)   --->   "%specloopname_ln220 = specloopname void @_ssdm_op_SpecLoopName, void @empty_3" [src/RNI.cpp:220]   --->   Operation 44 'specloopname' 'specloopname_ln220' <Predicate = (!icmp_ln220)> <Delay = 0.00>
ST_1 : Operation 45 [1/1] (0.00ns)   --->   "%out_pkts_data_addr_1 = getelementptr i32 %out_pkts_data, i64 0, i64 %trunc_ln227_cast_cast_cast_cast" [src/RNI.cpp:222]   --->   Operation 45 'getelementptr' 'out_pkts_data_addr_1' <Predicate = (!icmp_ln220)> <Delay = 0.00>
ST_1 : Operation 46 [1/1] (0.00ns)   --->   "%out_pkts_keep_addr_1 = getelementptr i4 %out_pkts_keep, i64 0, i64 %trunc_ln227_cast_cast_cast_cast" [src/RNI.cpp:222]   --->   Operation 46 'getelementptr' 'out_pkts_keep_addr_1' <Predicate = (!icmp_ln220)> <Delay = 0.00>
ST_1 : Operation 47 [1/1] (0.00ns)   --->   "%out_pkts_strb_addr_1 = getelementptr i4 %out_pkts_strb, i64 0, i64 %trunc_ln227_cast_cast_cast_cast" [src/RNI.cpp:222]   --->   Operation 47 'getelementptr' 'out_pkts_strb_addr_1' <Predicate = (!icmp_ln220)> <Delay = 0.00>
ST_1 : Operation 48 [1/1] (0.00ns)   --->   "%out_pkts_user_addr_1 = getelementptr i2 %out_pkts_user, i64 0, i64 %trunc_ln227_cast_cast_cast_cast" [src/RNI.cpp:222]   --->   Operation 48 'getelementptr' 'out_pkts_user_addr_1' <Predicate = (!icmp_ln220)> <Delay = 0.00>
ST_1 : Operation 49 [1/1] (0.00ns)   --->   "%out_pkts_last_addr_1 = getelementptr i1 %out_pkts_last, i64 0, i64 %trunc_ln227_cast_cast_cast_cast" [src/RNI.cpp:222]   --->   Operation 49 'getelementptr' 'out_pkts_last_addr_1' <Predicate = (!icmp_ln220)> <Delay = 0.00>
ST_1 : Operation 50 [1/1] (0.00ns)   --->   "%out_pkts_id_addr_1 = getelementptr i5 %out_pkts_id, i64 0, i64 %trunc_ln227_cast_cast_cast_cast" [src/RNI.cpp:222]   --->   Operation 50 'getelementptr' 'out_pkts_id_addr_1' <Predicate = (!icmp_ln220)> <Delay = 0.00>
ST_1 : Operation 51 [1/1] (0.00ns)   --->   "%out_pkts_dest_addr_1 = getelementptr i6 %out_pkts_dest, i64 0, i64 %trunc_ln227_cast_cast_cast_cast" [src/RNI.cpp:222]   --->   Operation 51 'getelementptr' 'out_pkts_dest_addr_1' <Predicate = (!icmp_ln220)> <Delay = 0.00>
ST_1 : Operation 52 [1/1] (2.32ns)   --->   "%store_ln222 = store i4 %in_pkts_keep_0_0_val_read, i8 %out_pkts_keep_addr_1" [src/RNI.cpp:222]   --->   Operation 52 'store' 'store_ln222' <Predicate = (!icmp_ln220)> <Delay = 2.32> <CoreInst = "RAM">   --->   Core 82 'RAM' <Latency = 1> <II = 1> <Delay = 2.32> <Storage> <Opcode : 'load' 'store'> <Ports = 2> <Width = 4> <Depth = 248> <RAM>
ST_1 : Operation 53 [1/1] (2.32ns)   --->   "%store_ln222 = store i4 %in_pkts_strb_0_0_val_read, i8 %out_pkts_strb_addr_1" [src/RNI.cpp:222]   --->   Operation 53 'store' 'store_ln222' <Predicate = (!icmp_ln220)> <Delay = 2.32> <CoreInst = "RAM">   --->   Core 82 'RAM' <Latency = 1> <II = 1> <Delay = 2.32> <Storage> <Opcode : 'load' 'store'> <Ports = 2> <Width = 4> <Depth = 248> <RAM>
ST_1 : Operation 54 [1/1] (2.32ns)   --->   "%store_ln222 = store i2 %in_pkts_user_0_0_val_read, i8 %out_pkts_user_addr_1" [src/RNI.cpp:222]   --->   Operation 54 'store' 'store_ln222' <Predicate = (!icmp_ln220)> <Delay = 2.32> <CoreInst = "RAM">   --->   Core 82 'RAM' <Latency = 1> <II = 1> <Delay = 2.32> <Storage> <Opcode : 'load' 'store'> <Ports = 2> <Width = 2> <Depth = 248> <RAM>
ST_1 : Operation 55 [1/1] (2.32ns)   --->   "%store_ln222 = store i1 %in_pkts_last_0_0_val_read, i8 %out_pkts_last_addr_1" [src/RNI.cpp:222]   --->   Operation 55 'store' 'store_ln222' <Predicate = (!icmp_ln220)> <Delay = 2.32> <CoreInst = "RAM">   --->   Core 82 'RAM' <Latency = 1> <II = 1> <Delay = 2.32> <Storage> <Opcode : 'load' 'store'> <Ports = 2> <Width = 1> <Depth = 248> <RAM>
ST_1 : Operation 56 [1/1] (3.25ns)   --->   "%store_ln222 = store i5 %in_pkts_id_0_0_val_read, i8 %out_pkts_id_addr_1" [src/RNI.cpp:222]   --->   Operation 56 'store' 'store_ln222' <Predicate = (!icmp_ln220)> <Delay = 3.25> <CoreInst = "RAM">   --->   Core 82 'RAM' <Latency = 1> <II = 1> <Delay = 3.25> <Storage> <Opcode : 'load' 'store'> <Ports = 2> <Width = 5> <Depth = 248> <RAM>
ST_1 : Operation 57 [1/1] (3.25ns)   --->   "%store_ln222 = store i6 %in_pkts_dest_0_0_val_read, i8 %out_pkts_dest_addr_1" [src/RNI.cpp:222]   --->   Operation 57 'store' 'store_ln222' <Predicate = (!icmp_ln220)> <Delay = 3.25> <CoreInst = "RAM">   --->   Core 82 'RAM' <Latency = 1> <II = 1> <Delay = 3.25> <Storage> <Opcode : 'load' 'store'> <Ports = 2> <Width = 6> <Depth = 248> <RAM>
ST_1 : Operation 58 [1/1] (1.78ns)   --->   "%icmp_ln223 = icmp_eq  i5 %i_1, i5 23" [src/RNI.cpp:223]   --->   Operation 58 'icmp' 'icmp_ln223' <Predicate = (!icmp_ln220)> <Delay = 1.78> <CoreInst = "Cmp">   --->   Core 9 'Cmp' <Latency = 0> <II = 1> <Delay = 1.78> <FuncUnit> <Opcode : 'icmp'> <InPorts = 2> <OutPorts = 1>
ST_1 : Operation 59 [1/1] (0.00ns)   --->   "%br_ln223 = br i1 %icmp_ln223, void %for.inc30, void %if.then" [src/RNI.cpp:223]   --->   Operation 59 'br' 'br_ln223' <Predicate = (!icmp_ln220)> <Delay = 0.00>
ST_1 : Operation 60 [1/1] (3.25ns)   --->   "%store_ln225 = store i32 %in_pkts_data_0_3_val_read, i8 %out_pkts_data_addr" [src/RNI.cpp:225]   --->   Operation 60 'store' 'store_ln225' <Predicate = (!icmp_ln220 & icmp_ln223)> <Delay = 3.25> <CoreInst = "RAM">   --->   Core 82 'RAM' <Latency = 1> <II = 1> <Delay = 3.25> <Storage> <Opcode : 'load' 'store'> <Ports = 2> <Width = 32> <Depth = 248> <RAM>
ST_1 : Operation 61 [1/1] (2.32ns)   --->   "%store_ln225 = store i4 %in_pkts_keep_0_3_val_read, i8 %out_pkts_keep_addr" [src/RNI.cpp:225]   --->   Operation 61 'store' 'store_ln225' <Predicate = (!icmp_ln220 & icmp_ln223)> <Delay = 2.32> <CoreInst = "RAM">   --->   Core 82 'RAM' <Latency = 1> <II = 1> <Delay = 2.32> <Storage> <Opcode : 'load' 'store'> <Ports = 2> <Width = 4> <Depth = 248> <RAM>
ST_1 : Operation 62 [1/1] (2.32ns)   --->   "%store_ln225 = store i4 %in_pkts_strb_0_3_val_read, i8 %out_pkts_strb_addr" [src/RNI.cpp:225]   --->   Operation 62 'store' 'store_ln225' <Predicate = (!icmp_ln220 & icmp_ln223)> <Delay = 2.32> <CoreInst = "RAM">   --->   Core 82 'RAM' <Latency = 1> <II = 1> <Delay = 2.32> <Storage> <Opcode : 'load' 'store'> <Ports = 2> <Width = 4> <Depth = 248> <RAM>
ST_1 : Operation 63 [1/1] (2.32ns)   --->   "%store_ln225 = store i2 %in_pkts_user_0_3_val_read, i8 %out_pkts_user_addr" [src/RNI.cpp:225]   --->   Operation 63 'store' 'store_ln225' <Predicate = (!icmp_ln220 & icmp_ln223)> <Delay = 2.32> <CoreInst = "RAM">   --->   Core 82 'RAM' <Latency = 1> <II = 1> <Delay = 2.32> <Storage> <Opcode : 'load' 'store'> <Ports = 2> <Width = 2> <Depth = 248> <RAM>
ST_1 : Operation 64 [1/1] (2.32ns)   --->   "%store_ln225 = store i1 %in_pkts_last_0_3_val_read, i8 %out_pkts_last_addr" [src/RNI.cpp:225]   --->   Operation 64 'store' 'store_ln225' <Predicate = (!icmp_ln220 & icmp_ln223)> <Delay = 2.32> <CoreInst = "RAM">   --->   Core 82 'RAM' <Latency = 1> <II = 1> <Delay = 2.32> <Storage> <Opcode : 'load' 'store'> <Ports = 2> <Width = 1> <Depth = 248> <RAM>
ST_1 : Operation 65 [1/1] (3.25ns)   --->   "%store_ln225 = store i5 %in_pkts_id_0_3_val_read, i8 %out_pkts_id_addr" [src/RNI.cpp:225]   --->   Operation 65 'store' 'store_ln225' <Predicate = (!icmp_ln220 & icmp_ln223)> <Delay = 3.25> <CoreInst = "RAM">   --->   Core 82 'RAM' <Latency = 1> <II = 1> <Delay = 3.25> <Storage> <Opcode : 'load' 'store'> <Ports = 2> <Width = 5> <Depth = 248> <RAM>
ST_1 : Operation 66 [1/1] (3.25ns)   --->   "%store_ln225 = store i6 %in_pkts_dest_0_3_val_read, i8 %out_pkts_dest_addr" [src/RNI.cpp:225]   --->   Operation 66 'store' 'store_ln225' <Predicate = (!icmp_ln220 & icmp_ln223)> <Delay = 3.25> <CoreInst = "RAM">   --->   Core 82 'RAM' <Latency = 1> <II = 1> <Delay = 3.25> <Storage> <Opcode : 'load' 'store'> <Ports = 2> <Width = 6> <Depth = 248> <RAM>
ST_1 : Operation 67 [1/1] (0.00ns)   --->   "%br_ln226 = br void %for.inc30" [src/RNI.cpp:226]   --->   Operation 67 'br' 'br_ln226' <Predicate = (!icmp_ln220 & icmp_ln223)> <Delay = 0.00>
ST_1 : Operation 68 [1/1] (1.78ns)   --->   "%add_ln227 = add i5 %i_1, i5 28" [src/RNI.cpp:227]   --->   Operation 68 'add' 'add_ln227' <Predicate = (!icmp_ln220)> <Delay = 1.78> <CoreInst = "Adder">   --->   Core 1 'Adder' <Latency = 0> <II = 1> <Delay = 1.78> <FuncUnit> <Opcode : 'add' 'sub'> <InPorts = 2> <OutPorts = 1>
ST_1 : Operation 69 [1/1] (0.00ns)   --->   "%sext_ln227 = sext i5 %add_ln227" [src/RNI.cpp:227]   --->   Operation 69 'sext' 'sext_ln227' <Predicate = (!icmp_ln220)> <Delay = 0.00>
ST_1 : Operation 70 [1/1] (0.00ns)   --->   "%zext_ln227 = zext i8 %sext_ln227" [src/RNI.cpp:227]   --->   Operation 70 'zext' 'zext_ln227' <Predicate = (!icmp_ln220)> <Delay = 0.00>
ST_1 : Operation 71 [1/1] (0.00ns)   --->   "%NEURONS_STATE_addr = getelementptr i1 %NEURONS_STATE, i64 0, i64 %zext_ln227" [src/RNI.cpp:227]   --->   Operation 71 'getelementptr' 'NEURONS_STATE_addr' <Predicate = (!icmp_ln220)> <Delay = 0.00>
ST_1 : Operation 72 [2/2] (2.32ns)   --->   "%NEURONS_STATE_load = load i8 %NEURONS_STATE_addr" [src/RNI.cpp:227]   --->   Operation 72 'load' 'NEURONS_STATE_load' <Predicate = (!icmp_ln220)> <Delay = 2.32> <CoreInst = "RAM">   --->   Core 82 'RAM' <Latency = 1> <II = 1> <Delay = 2.32> <Storage> <Opcode : 'load' 'store'> <Ports = 2> <Width = 1> <Depth = 244> <RAM>
ST_1 : Operation 92 [1/1] (0.00ns)   --->   "%ret_ln0 = ret"   --->   Operation 92 'ret' 'ret_ln0' <Predicate = (icmp_ln220)> <Delay = 0.00>

State 2 <SV = 1> <Delay = 5.57>
ST_2 : Operation 73 [1/2] (2.32ns)   --->   "%NEURONS_STATE_load = load i8 %NEURONS_STATE_addr" [src/RNI.cpp:227]   --->   Operation 73 'load' 'NEURONS_STATE_load' <Predicate = (!icmp_ln220)> <Delay = 2.32> <CoreInst = "RAM">   --->   Core 82 'RAM' <Latency = 1> <II = 1> <Delay = 2.32> <Storage> <Opcode : 'load' 'store'> <Ports = 2> <Width = 1> <Depth = 244> <RAM>
ST_2 : Operation 74 [1/1] (0.00ns)   --->   "%zext_ln227_1 = zext i1 %NEURONS_STATE_load" [src/RNI.cpp:227]   --->   Operation 74 'zext' 'zext_ln227_1' <Predicate = (!icmp_ln220)> <Delay = 0.00>
ST_2 : Operation 75 [1/1] (3.25ns)   --->   "%store_ln227 = store i32 %zext_ln227_1, i8 %out_pkts_data_addr_1" [src/RNI.cpp:227]   --->   Operation 75 'store' 'store_ln227' <Predicate = (!icmp_ln220)> <Delay = 3.25> <CoreInst = "RAM">   --->   Core 82 'RAM' <Latency = 1> <II = 1> <Delay = 3.25> <Storage> <Opcode : 'load' 'store'> <Ports = 2> <Width = 32> <Depth = 248> <RAM>
ST_2 : Operation 76 [2/2] (2.32ns)   --->   "%out_pkts_keep_load = load i8 %out_pkts_keep_addr_1" [src/RNI.cpp:228]   --->   Operation 76 'load' 'out_pkts_keep_load' <Predicate = (!icmp_ln220)> <Delay = 2.32> <CoreInst = "RAM">   --->   Core 82 'RAM' <Latency = 1> <II = 1> <Delay = 2.32> <Storage> <Opcode : 'load' 'store'> <Ports = 2> <Width = 4> <Depth = 248> <RAM>
ST_2 : Operation 77 [2/2] (2.32ns)   --->   "%out_pkts_strb_load = load i8 %out_pkts_strb_addr_1" [src/RNI.cpp:228]   --->   Operation 77 'load' 'out_pkts_strb_load' <Predicate = (!icmp_ln220)> <Delay = 2.32> <CoreInst = "RAM">   --->   Core 82 'RAM' <Latency = 1> <II = 1> <Delay = 2.32> <Storage> <Opcode : 'load' 'store'> <Ports = 2> <Width = 4> <Depth = 248> <RAM>
ST_2 : Operation 78 [2/2] (2.32ns)   --->   "%out_pkts_user_load = load i8 %out_pkts_user_addr_1" [src/RNI.cpp:228]   --->   Operation 78 'load' 'out_pkts_user_load' <Predicate = (!icmp_ln220)> <Delay = 2.32> <CoreInst = "RAM">   --->   Core 82 'RAM' <Latency = 1> <II = 1> <Delay = 2.32> <Storage> <Opcode : 'load' 'store'> <Ports = 2> <Width = 2> <Depth = 248> <RAM>
ST_2 : Operation 79 [2/2] (2.32ns)   --->   "%out_pkts_last_load = load i8 %out_pkts_last_addr_1" [src/RNI.cpp:228]   --->   Operation 79 'load' 'out_pkts_last_load' <Predicate = (!icmp_ln220)> <Delay = 2.32> <CoreInst = "RAM">   --->   Core 82 'RAM' <Latency = 1> <II = 1> <Delay = 2.32> <Storage> <Opcode : 'load' 'store'> <Ports = 2> <Width = 1> <Depth = 248> <RAM>
ST_2 : Operation 80 [2/2] (3.25ns)   --->   "%out_pkts_id_load = load i8 %out_pkts_id_addr_1" [src/RNI.cpp:228]   --->   Operation 80 'load' 'out_pkts_id_load' <Predicate = (!icmp_ln220)> <Delay = 3.25> <CoreInst = "RAM">   --->   Core 82 'RAM' <Latency = 1> <II = 1> <Delay = 3.25> <Storage> <Opcode : 'load' 'store'> <Ports = 2> <Width = 5> <Depth = 248> <RAM>
ST_2 : Operation 81 [2/2] (3.25ns)   --->   "%out_pkts_dest_load = load i8 %out_pkts_dest_addr_1" [src/RNI.cpp:228]   --->   Operation 81 'load' 'out_pkts_dest_load' <Predicate = (!icmp_ln220)> <Delay = 3.25> <CoreInst = "RAM">   --->   Core 82 'RAM' <Latency = 1> <II = 1> <Delay = 3.25> <Storage> <Opcode : 'load' 'store'> <Ports = 2> <Width = 6> <Depth = 248> <RAM>
ST_2 : Operation 82 [1/1] (1.78ns)   --->   "%add_ln220 = add i5 %i_1, i5 1" [src/RNI.cpp:220]   --->   Operation 82 'add' 'add_ln220' <Predicate = (!icmp_ln220)> <Delay = 1.78> <CoreInst = "Adder">   --->   Core 1 'Adder' <Latency = 0> <II = 1> <Delay = 1.78> <FuncUnit> <Opcode : 'add' 'sub'> <InPorts = 2> <OutPorts = 1>
ST_2 : Operation 83 [1/1] (1.58ns)   --->   "%store_ln220 = store i5 %add_ln220, i5 %i" [src/RNI.cpp:220]   --->   Operation 83 'store' 'store_ln220' <Predicate = (!icmp_ln220)> <Delay = 1.58>

State 3 <SV = 2> <Delay = 3.25>
ST_3 : Operation 84 [1/2] (2.32ns)   --->   "%out_pkts_keep_load = load i8 %out_pkts_keep_addr_1" [src/RNI.cpp:228]   --->   Operation 84 'load' 'out_pkts_keep_load' <Predicate = true> <Delay = 2.32> <CoreInst = "RAM">   --->   Core 82 'RAM' <Latency = 1> <II = 1> <Delay = 2.32> <Storage> <Opcode : 'load' 'store'> <Ports = 2> <Width = 4> <Depth = 248> <RAM>
ST_3 : Operation 85 [1/2] (2.32ns)   --->   "%out_pkts_strb_load = load i8 %out_pkts_strb_addr_1" [src/RNI.cpp:228]   --->   Operation 85 'load' 'out_pkts_strb_load' <Predicate = true> <Delay = 2.32> <CoreInst = "RAM">   --->   Core 82 'RAM' <Latency = 1> <II = 1> <Delay = 2.32> <Storage> <Opcode : 'load' 'store'> <Ports = 2> <Width = 4> <Depth = 248> <RAM>
ST_3 : Operation 86 [1/2] (2.32ns)   --->   "%out_pkts_user_load = load i8 %out_pkts_user_addr_1" [src/RNI.cpp:228]   --->   Operation 86 'load' 'out_pkts_user_load' <Predicate = true> <Delay = 2.32> <CoreInst = "RAM">   --->   Core 82 'RAM' <Latency = 1> <II = 1> <Delay = 2.32> <Storage> <Opcode : 'load' 'store'> <Ports = 2> <Width = 2> <Depth = 248> <RAM>
ST_3 : Operation 87 [1/2] (2.32ns)   --->   "%out_pkts_last_load = load i8 %out_pkts_last_addr_1" [src/RNI.cpp:228]   --->   Operation 87 'load' 'out_pkts_last_load' <Predicate = true> <Delay = 2.32> <CoreInst = "RAM">   --->   Core 82 'RAM' <Latency = 1> <II = 1> <Delay = 2.32> <Storage> <Opcode : 'load' 'store'> <Ports = 2> <Width = 1> <Depth = 248> <RAM>
ST_3 : Operation 88 [1/2] (3.25ns)   --->   "%out_pkts_id_load = load i8 %out_pkts_id_addr_1" [src/RNI.cpp:228]   --->   Operation 88 'load' 'out_pkts_id_load' <Predicate = true> <Delay = 3.25> <CoreInst = "RAM">   --->   Core 82 'RAM' <Latency = 1> <II = 1> <Delay = 3.25> <Storage> <Opcode : 'load' 'store'> <Ports = 2> <Width = 5> <Depth = 248> <RAM>
ST_3 : Operation 89 [1/2] (3.25ns)   --->   "%out_pkts_dest_load = load i8 %out_pkts_dest_addr_1" [src/RNI.cpp:228]   --->   Operation 89 'load' 'out_pkts_dest_load' <Predicate = true> <Delay = 3.25> <CoreInst = "RAM">   --->   Core 82 'RAM' <Latency = 1> <II = 1> <Delay = 3.25> <Storage> <Opcode : 'load' 'store'> <Ports = 2> <Width = 6> <Depth = 248> <RAM>
ST_3 : Operation 90 [1/1] (0.00ns)   --->   "%write_ln228 = write void @_ssdm_op_Write.axis.volatile.i32P0A.i4P0A.i4P0A.i2P0A.i1P0A.i5P0A.i6P0A, i32 %out_stream_V_data_V, i4 %out_stream_V_keep_V, i4 %out_stream_V_strb_V, i2 %out_stream_V_user_V, i1 %out_stream_V_last_V, i5 %out_stream_V_id_V, i6 %out_stream_V_dest_V, i32 %zext_ln227_1, i4 %out_pkts_keep_load, i4 %out_pkts_strb_load, i2 %out_pkts_user_load, i1 %out_pkts_last_load, i5 %out_pkts_id_load, i6 %out_pkts_dest_load" [src/RNI.cpp:228]   --->   Operation 90 'write' 'write_ln228' <Predicate = true> <Delay = 0.00> <CoreInst = "axis">   --->   Core 115 'axis' <Latency = 0> <II = 1> <Delay = 1.00> <Adapter> <Opcode : >
ST_3 : Operation 91 [1/1] (0.00ns)   --->   "%br_ln220 = br void %for.body13" [src/RNI.cpp:220]   --->   Operation 91 'br' 'br_ln220' <Predicate = true> <Delay = 0.00>


============================================================
+ Verbose Summary: Timing violations
============================================================
Target clock period: 10.000ns, clock uncertainty: 2.700ns.

 <State 1>: 6.012ns
The critical path consists of the following:
	'alloca' operation ('i') [29]  (0.000 ns)
	'load' operation ('i', src/RNI.cpp:227) on local variable 'i' [54]  (0.000 ns)
	'add' operation ('add_ln227', src/RNI.cpp:227) [95]  (1.780 ns)
	'getelementptr' operation ('NEURONS_STATE_addr', src/RNI.cpp:227) [98]  (0.000 ns)
	'load' operation ('NEURONS_STATE_load', src/RNI.cpp:227) on array 'NEURONS_STATE' [99]  (2.322 ns)
	blocking operation 1.91 ns on control path)

 <State 2>: 5.576ns
The critical path consists of the following:
	'load' operation ('NEURONS_STATE_load', src/RNI.cpp:227) on array 'NEURONS_STATE' [99]  (2.322 ns)
	'store' operation ('store_ln227', src/RNI.cpp:227) of variable 'zext_ln227_1', src/RNI.cpp:227 on array 'out_pkts_data' [101]  (3.254 ns)

 <State 3>: 3.254ns
The critical path consists of the following:
	'load' operation ('out_pkts_id_load', src/RNI.cpp:228) on array 'out_pkts_id' [106]  (3.254 ns)


============================================================
+ Verbose Summary: Binding
============================================================
N/A
* FSMD analyzer results:
  - Output states:
 - Input state : 
  - Chain level:
	State 1
	State 2
	State 3


============================================================
+ Verbose Summary: Datapath Resource usage 
============================================================
N/A
