

================================================================
== Vitis HLS Report for 'output_stream_dispatch_Pipeline_VITIS_LOOP_194_2'
================================================================
* Date:           Mon Oct 28 18:54:57 2024

* Version:        2023.1.1 (Build 3869133 on Jun 15 2023)
* Project:        RNI
* Solution:       solution1 (Vivado IP Flow Target)
* Product family: zynq
* Target device:  xc7z020-clg400-1


================================================================
== Performance Estimates
================================================================
+ Timing: 
    * Summary: 
    +--------+----------+----------+------------+
    |  Clock |  Target  | Estimated| Uncertainty|
    +--------+----------+----------+------------+
    |ap_clk  |  10.00 ns|  6.012 ns|     2.70 ns|
    +--------+----------+----------+------------+

+ Latency: 
    * Summary: 
    +---------+---------+----------+----------+-----+-----+---------+
    |  Latency (cycles) |  Latency (absolute) |  Interval | Pipeline|
    |   min   |   max   |    min   |    max   | min | max |   Type  |
    +---------+---------+----------+----------+-----+-----+---------+
    |       10|       10|  0.100 us|  0.100 us|   10|   10|       no|
    +---------+---------+----------+----------+-----+-----+---------+

    + Detail: 
        * Instance: 
        N/A

        * Loop: 
        +--------------------+---------+---------+----------+-----------+-----------+------+----------+
        |                    |  Latency (cycles) | Iteration|  Initiation Interval  | Trip |          |
        |      Loop Name     |   min   |   max   |  Latency |  achieved |   target  | Count| Pipelined|
        +--------------------+---------+---------+----------+-----------+-----------+------+----------+
        |- VITIS_LOOP_194_2  |        8|        8|         3|          2|          1|     4|       yes|
        +--------------------+---------+---------+----------+-----------+-----------+------+----------+

============================================================
+ Verbose Summary: Synthesis Manager
============================================================
InlineROM: 1
ExposeGlobal: 0
============================================================
+ Verbose Summary: CDFG Model
============================================================
IsTopModel: 0
ResetActiveHigh: 1
IsCombinational: 0
IsDatapathOnly: 0
HasWiredReturn: 1
HasMFsm: 2
HasVarLatency: 1
IsPipeline: 0
IsRtlPipelined: 0
IsInstanceOverlapped: 0
IsDontTouch: 0
HasImplIP: 0
IsGatedGlobalClock: 0

+ Individual pipeline summary: 
  * Pipeline-0: initiation interval (II) = 2, depth = 3


============================================================
+ Verbose Summary: Schedule
============================================================
* Number of FSM states : 3
* Pipeline : 1
  Pipeline-0 : II = 2, D = 3, States = { 1 2 3 }
* Dataflow Pipeline: 0

* FSM state transitions: 
1 --> 2 
2 --> 3 
3 --> 

* FSM state operations: 

State 1 <SV = 0> <Delay = 6.01>
ST_1 : Operation 6 [1/1] (0.00ns)   --->   "%i = alloca i32 1"   --->   Operation 6 'alloca' 'i' <Predicate = true> <Delay = 0.00>
ST_1 : Operation 7 [1/1] (0.00ns)   --->   "%specaxissidechannel_ln0 = specaxissidechannel void @_ssdm_op_SpecAXISSideChannel, i32 %out_stream_V_data_V, i4 %out_stream_V_keep_V, i4 %out_stream_V_strb_V, i2 %out_stream_V_user_V, i1 %out_stream_V_last_V, i5 %out_stream_V_id_V, i6 %out_stream_V_dest_V, void @empty_8"   --->   Operation 7 'specaxissidechannel' 'specaxissidechannel_ln0' <Predicate = true> <Delay = 0.00>
ST_1 : Operation 8 [1/1] (0.00ns)   --->   "%specinterface_ln0 = specinterface void @_ssdm_op_SpecInterface, i32 %out_stream_V_data_V, void @empty_0, i32 0, i32 0, void @empty_1, i32 0, i32 0, void @empty_15, void @empty_15, void @empty_15, i32 0, i32 0, i32 0, i32 0, void @empty_15, void @empty_15, i32 4294967295, i32 0"   --->   Operation 8 'specinterface' 'specinterface_ln0' <Predicate = true> <Delay = 0.00>
ST_1 : Operation 9 [1/1] (0.00ns)   --->   "%specinterface_ln0 = specinterface void @_ssdm_op_SpecInterface, i4 %out_stream_V_keep_V, void @empty_0, i32 0, i32 0, void @empty_1, i32 0, i32 0, void @empty_15, void @empty_15, void @empty_15, i32 0, i32 0, i32 0, i32 0, void @empty_15, void @empty_15, i32 4294967295, i32 0"   --->   Operation 9 'specinterface' 'specinterface_ln0' <Predicate = true> <Delay = 0.00>
ST_1 : Operation 10 [1/1] (0.00ns)   --->   "%specinterface_ln0 = specinterface void @_ssdm_op_SpecInterface, i4 %out_stream_V_strb_V, void @empty_0, i32 0, i32 0, void @empty_1, i32 0, i32 0, void @empty_15, void @empty_15, void @empty_15, i32 0, i32 0, i32 0, i32 0, void @empty_15, void @empty_15, i32 4294967295, i32 0"   --->   Operation 10 'specinterface' 'specinterface_ln0' <Predicate = true> <Delay = 0.00>
ST_1 : Operation 11 [1/1] (0.00ns)   --->   "%specinterface_ln0 = specinterface void @_ssdm_op_SpecInterface, i2 %out_stream_V_user_V, void @empty_0, i32 0, i32 0, void @empty_1, i32 0, i32 0, void @empty_15, void @empty_15, void @empty_15, i32 0, i32 0, i32 0, i32 0, void @empty_15, void @empty_15, i32 4294967295, i32 0"   --->   Operation 11 'specinterface' 'specinterface_ln0' <Predicate = true> <Delay = 0.00>
ST_1 : Operation 12 [1/1] (0.00ns)   --->   "%specinterface_ln0 = specinterface void @_ssdm_op_SpecInterface, i1 %out_stream_V_last_V, void @empty_0, i32 0, i32 0, void @empty_1, i32 0, i32 0, void @empty_15, void @empty_15, void @empty_15, i32 0, i32 0, i32 0, i32 0, void @empty_15, void @empty_15, i32 4294967295, i32 0"   --->   Operation 12 'specinterface' 'specinterface_ln0' <Predicate = true> <Delay = 0.00>
ST_1 : Operation 13 [1/1] (0.00ns)   --->   "%specinterface_ln0 = specinterface void @_ssdm_op_SpecInterface, i5 %out_stream_V_id_V, void @empty_0, i32 0, i32 0, void @empty_1, i32 0, i32 0, void @empty_15, void @empty_15, void @empty_15, i32 0, i32 0, i32 0, i32 0, void @empty_15, void @empty_15, i32 4294967295, i32 0"   --->   Operation 13 'specinterface' 'specinterface_ln0' <Predicate = true> <Delay = 0.00>
ST_1 : Operation 14 [1/1] (0.00ns)   --->   "%specinterface_ln0 = specinterface void @_ssdm_op_SpecInterface, i6 %out_stream_V_dest_V, void @empty_0, i32 0, i32 0, void @empty_1, i32 0, i32 0, void @empty_15, void @empty_15, void @empty_15, i32 0, i32 0, i32 0, i32 0, void @empty_15, void @empty_15, i32 4294967295, i32 0"   --->   Operation 14 'specinterface' 'specinterface_ln0' <Predicate = true> <Delay = 0.00>
ST_1 : Operation 15 [1/1] (0.00ns)   --->   "%in_pkts_dest_0_3_val_read = read i6 @_ssdm_op_Read.ap_auto.i6, i6 %in_pkts_dest_0_3_val"   --->   Operation 15 'read' 'in_pkts_dest_0_3_val_read' <Predicate = true> <Delay = 0.00>
ST_1 : Operation 16 [1/1] (0.00ns)   --->   "%in_pkts_id_0_3_val_read = read i5 @_ssdm_op_Read.ap_auto.i5, i5 %in_pkts_id_0_3_val"   --->   Operation 16 'read' 'in_pkts_id_0_3_val_read' <Predicate = true> <Delay = 0.00>
ST_1 : Operation 17 [1/1] (0.00ns)   --->   "%in_pkts_last_0_3_val_read = read i1 @_ssdm_op_Read.ap_auto.i1, i1 %in_pkts_last_0_3_val"   --->   Operation 17 'read' 'in_pkts_last_0_3_val_read' <Predicate = true> <Delay = 0.00>
ST_1 : Operation 18 [1/1] (0.00ns)   --->   "%in_pkts_user_0_3_val_read = read i2 @_ssdm_op_Read.ap_auto.i2, i2 %in_pkts_user_0_3_val"   --->   Operation 18 'read' 'in_pkts_user_0_3_val_read' <Predicate = true> <Delay = 0.00>
ST_1 : Operation 19 [1/1] (0.00ns)   --->   "%in_pkts_strb_0_3_val_read = read i4 @_ssdm_op_Read.ap_auto.i4, i4 %in_pkts_strb_0_3_val"   --->   Operation 19 'read' 'in_pkts_strb_0_3_val_read' <Predicate = true> <Delay = 0.00>
ST_1 : Operation 20 [1/1] (0.00ns)   --->   "%in_pkts_keep_0_3_val_read = read i4 @_ssdm_op_Read.ap_auto.i4, i4 %in_pkts_keep_0_3_val"   --->   Operation 20 'read' 'in_pkts_keep_0_3_val_read' <Predicate = true> <Delay = 0.00>
ST_1 : Operation 21 [1/1] (0.00ns)   --->   "%in_pkts_data_0_3_val_read = read i32 @_ssdm_op_Read.ap_auto.i32, i32 %in_pkts_data_0_3_val"   --->   Operation 21 'read' 'in_pkts_data_0_3_val_read' <Predicate = true> <Delay = 0.00>
ST_1 : Operation 22 [1/1] (0.00ns)   --->   "%in_pkts_dest_0_0_val_read = read i6 @_ssdm_op_Read.ap_auto.i6, i6 %in_pkts_dest_0_0_val"   --->   Operation 22 'read' 'in_pkts_dest_0_0_val_read' <Predicate = true> <Delay = 0.00>
ST_1 : Operation 23 [1/1] (0.00ns)   --->   "%in_pkts_id_0_0_val_read = read i5 @_ssdm_op_Read.ap_auto.i5, i5 %in_pkts_id_0_0_val"   --->   Operation 23 'read' 'in_pkts_id_0_0_val_read' <Predicate = true> <Delay = 0.00>
ST_1 : Operation 24 [1/1] (0.00ns)   --->   "%in_pkts_last_0_0_val_read = read i1 @_ssdm_op_Read.ap_auto.i1, i1 %in_pkts_last_0_0_val"   --->   Operation 24 'read' 'in_pkts_last_0_0_val_read' <Predicate = true> <Delay = 0.00>
ST_1 : Operation 25 [1/1] (0.00ns)   --->   "%in_pkts_user_0_0_val_read = read i2 @_ssdm_op_Read.ap_auto.i2, i2 %in_pkts_user_0_0_val"   --->   Operation 25 'read' 'in_pkts_user_0_0_val_read' <Predicate = true> <Delay = 0.00>
ST_1 : Operation 26 [1/1] (0.00ns)   --->   "%in_pkts_strb_0_0_val_read = read i4 @_ssdm_op_Read.ap_auto.i4, i4 %in_pkts_strb_0_0_val"   --->   Operation 26 'read' 'in_pkts_strb_0_0_val_read' <Predicate = true> <Delay = 0.00>
ST_1 : Operation 27 [1/1] (0.00ns)   --->   "%in_pkts_keep_0_0_val_read = read i4 @_ssdm_op_Read.ap_auto.i4, i4 %in_pkts_keep_0_0_val"   --->   Operation 27 'read' 'in_pkts_keep_0_0_val_read' <Predicate = true> <Delay = 0.00>
ST_1 : Operation 28 [1/1] (1.58ns)   --->   "%store_ln0 = store i5 20, i5 %i"   --->   Operation 28 'store' 'store_ln0' <Predicate = true> <Delay = 1.58>
ST_1 : Operation 29 [1/1] (0.00ns)   --->   "%br_ln0 = br void %for.body13"   --->   Operation 29 'br' 'br_ln0' <Predicate = true> <Delay = 0.00>
ST_1 : Operation 30 [1/1] (0.00ns)   --->   "%i_1 = load i5 %i" [src/RNI.cpp:201]   --->   Operation 30 'load' 'i_1' <Predicate = true> <Delay = 0.00>
ST_1 : Operation 31 [1/1] (0.00ns)   --->   "%out_pkts_dest_addr = getelementptr i6 %out_pkts_dest, i64 0, i64 247"   --->   Operation 31 'getelementptr' 'out_pkts_dest_addr' <Predicate = true> <Delay = 0.00>
ST_1 : Operation 32 [1/1] (0.00ns)   --->   "%out_pkts_id_addr = getelementptr i5 %out_pkts_id, i64 0, i64 247"   --->   Operation 32 'getelementptr' 'out_pkts_id_addr' <Predicate = true> <Delay = 0.00>
ST_1 : Operation 33 [1/1] (0.00ns)   --->   "%out_pkts_last_addr = getelementptr i1 %out_pkts_last, i64 0, i64 247"   --->   Operation 33 'getelementptr' 'out_pkts_last_addr' <Predicate = true> <Delay = 0.00>
ST_1 : Operation 34 [1/1] (0.00ns)   --->   "%out_pkts_user_addr = getelementptr i2 %out_pkts_user, i64 0, i64 247"   --->   Operation 34 'getelementptr' 'out_pkts_user_addr' <Predicate = true> <Delay = 0.00>
ST_1 : Operation 35 [1/1] (0.00ns)   --->   "%out_pkts_strb_addr = getelementptr i4 %out_pkts_strb, i64 0, i64 247"   --->   Operation 35 'getelementptr' 'out_pkts_strb_addr' <Predicate = true> <Delay = 0.00>
ST_1 : Operation 36 [1/1] (0.00ns)   --->   "%out_pkts_keep_addr = getelementptr i4 %out_pkts_keep, i64 0, i64 247"   --->   Operation 36 'getelementptr' 'out_pkts_keep_addr' <Predicate = true> <Delay = 0.00>
ST_1 : Operation 37 [1/1] (0.00ns)   --->   "%out_pkts_data_addr = getelementptr i32 %out_pkts_data, i64 0, i64 247"   --->   Operation 37 'getelementptr' 'out_pkts_data_addr' <Predicate = true> <Delay = 0.00>
ST_1 : Operation 38 [1/1] (0.00ns)   --->   "%specpipeline_ln0 = specpipeline void @_ssdm_op_SpecPipeline, i32 4294967295, i32 0, i32 1, i32 0, void @p_str"   --->   Operation 38 'specpipeline' 'specpipeline_ln0' <Predicate = true> <Delay = 0.00>
ST_1 : Operation 39 [1/1] (1.78ns)   --->   "%icmp_ln194 = icmp_eq  i5 %i_1, i5 24" [src/RNI.cpp:194]   --->   Operation 39 'icmp' 'icmp_ln194' <Predicate = true> <Delay = 1.78> <CoreInst = "Cmp">   --->   Core 9 'Cmp' <Latency = 0> <II = 1> <Delay = 1.78> <FuncUnit> <Opcode : 'icmp'> <InPorts = 2> <OutPorts = 1>
ST_1 : Operation 40 [1/1] (0.00ns)   --->   "%br_ln194 = br i1 %icmp_ln194, void %for.body13.split, void %for.inc.i.preheader.exitStub" [src/RNI.cpp:194]   --->   Operation 40 'br' 'br_ln194' <Predicate = true> <Delay = 0.00>
ST_1 : Operation 41 [1/1] (0.00ns)   --->   "%trunc_ln201_cast_cast_cast = sext i5 %i_1" [src/RNI.cpp:201]   --->   Operation 41 'sext' 'trunc_ln201_cast_cast_cast' <Predicate = (!icmp_ln194)> <Delay = 0.00>
ST_1 : Operation 42 [1/1] (0.00ns)   --->   "%trunc_ln201_cast_cast_cast_cast = zext i8 %trunc_ln201_cast_cast_cast" [src/RNI.cpp:201]   --->   Operation 42 'zext' 'trunc_ln201_cast_cast_cast_cast' <Predicate = (!icmp_ln194)> <Delay = 0.00>
ST_1 : Operation 43 [1/1] (0.00ns)   --->   "%speclooptripcount_ln194 = speclooptripcount void @_ssdm_op_SpecLoopTripCount, i64 4, i64 4, i64 4" [src/RNI.cpp:194]   --->   Operation 43 'speclooptripcount' 'speclooptripcount_ln194' <Predicate = (!icmp_ln194)> <Delay = 0.00>
ST_1 : Operation 44 [1/1] (0.00ns)   --->   "%specloopname_ln194 = specloopname void @_ssdm_op_SpecLoopName, void @empty_3" [src/RNI.cpp:194]   --->   Operation 44 'specloopname' 'specloopname_ln194' <Predicate = (!icmp_ln194)> <Delay = 0.00>
ST_1 : Operation 45 [1/1] (0.00ns)   --->   "%out_pkts_data_addr_1 = getelementptr i32 %out_pkts_data, i64 0, i64 %trunc_ln201_cast_cast_cast_cast" [src/RNI.cpp:196]   --->   Operation 45 'getelementptr' 'out_pkts_data_addr_1' <Predicate = (!icmp_ln194)> <Delay = 0.00>
ST_1 : Operation 46 [1/1] (0.00ns)   --->   "%out_pkts_keep_addr_1 = getelementptr i4 %out_pkts_keep, i64 0, i64 %trunc_ln201_cast_cast_cast_cast" [src/RNI.cpp:196]   --->   Operation 46 'getelementptr' 'out_pkts_keep_addr_1' <Predicate = (!icmp_ln194)> <Delay = 0.00>
ST_1 : Operation 47 [1/1] (0.00ns)   --->   "%out_pkts_strb_addr_1 = getelementptr i4 %out_pkts_strb, i64 0, i64 %trunc_ln201_cast_cast_cast_cast" [src/RNI.cpp:196]   --->   Operation 47 'getelementptr' 'out_pkts_strb_addr_1' <Predicate = (!icmp_ln194)> <Delay = 0.00>
ST_1 : Operation 48 [1/1] (0.00ns)   --->   "%out_pkts_user_addr_1 = getelementptr i2 %out_pkts_user, i64 0, i64 %trunc_ln201_cast_cast_cast_cast" [src/RNI.cpp:196]   --->   Operation 48 'getelementptr' 'out_pkts_user_addr_1' <Predicate = (!icmp_ln194)> <Delay = 0.00>
ST_1 : Operation 49 [1/1] (0.00ns)   --->   "%out_pkts_last_addr_1 = getelementptr i1 %out_pkts_last, i64 0, i64 %trunc_ln201_cast_cast_cast_cast" [src/RNI.cpp:196]   --->   Operation 49 'getelementptr' 'out_pkts_last_addr_1' <Predicate = (!icmp_ln194)> <Delay = 0.00>
ST_1 : Operation 50 [1/1] (0.00ns)   --->   "%out_pkts_id_addr_1 = getelementptr i5 %out_pkts_id, i64 0, i64 %trunc_ln201_cast_cast_cast_cast" [src/RNI.cpp:196]   --->   Operation 50 'getelementptr' 'out_pkts_id_addr_1' <Predicate = (!icmp_ln194)> <Delay = 0.00>
ST_1 : Operation 51 [1/1] (0.00ns)   --->   "%out_pkts_dest_addr_1 = getelementptr i6 %out_pkts_dest, i64 0, i64 %trunc_ln201_cast_cast_cast_cast" [src/RNI.cpp:196]   --->   Operation 51 'getelementptr' 'out_pkts_dest_addr_1' <Predicate = (!icmp_ln194)> <Delay = 0.00>
ST_1 : Operation 52 [1/1] (2.32ns)   --->   "%store_ln196 = store i4 %in_pkts_keep_0_0_val_read, i8 %out_pkts_keep_addr_1" [src/RNI.cpp:196]   --->   Operation 52 'store' 'store_ln196' <Predicate = (!icmp_ln194)> <Delay = 2.32> <CoreInst = "RAM">   --->   Core 82 'RAM' <Latency = 1> <II = 1> <Delay = 2.32> <Storage> <Opcode : 'load' 'store'> <Ports = 2> <Width = 4> <Depth = 248> <RAM>
ST_1 : Operation 53 [1/1] (2.32ns)   --->   "%store_ln196 = store i4 %in_pkts_strb_0_0_val_read, i8 %out_pkts_strb_addr_1" [src/RNI.cpp:196]   --->   Operation 53 'store' 'store_ln196' <Predicate = (!icmp_ln194)> <Delay = 2.32> <CoreInst = "RAM">   --->   Core 82 'RAM' <Latency = 1> <II = 1> <Delay = 2.32> <Storage> <Opcode : 'load' 'store'> <Ports = 2> <Width = 4> <Depth = 248> <RAM>
ST_1 : Operation 54 [1/1] (2.32ns)   --->   "%store_ln196 = store i2 %in_pkts_user_0_0_val_read, i8 %out_pkts_user_addr_1" [src/RNI.cpp:196]   --->   Operation 54 'store' 'store_ln196' <Predicate = (!icmp_ln194)> <Delay = 2.32> <CoreInst = "RAM">   --->   Core 82 'RAM' <Latency = 1> <II = 1> <Delay = 2.32> <Storage> <Opcode : 'load' 'store'> <Ports = 2> <Width = 2> <Depth = 248> <RAM>
ST_1 : Operation 55 [1/1] (2.32ns)   --->   "%store_ln196 = store i1 %in_pkts_last_0_0_val_read, i8 %out_pkts_last_addr_1" [src/RNI.cpp:196]   --->   Operation 55 'store' 'store_ln196' <Predicate = (!icmp_ln194)> <Delay = 2.32> <CoreInst = "RAM">   --->   Core 82 'RAM' <Latency = 1> <II = 1> <Delay = 2.32> <Storage> <Opcode : 'load' 'store'> <Ports = 2> <Width = 1> <Depth = 248> <RAM>
ST_1 : Operation 56 [1/1] (3.25ns)   --->   "%store_ln196 = store i5 %in_pkts_id_0_0_val_read, i8 %out_pkts_id_addr_1" [src/RNI.cpp:196]   --->   Operation 56 'store' 'store_ln196' <Predicate = (!icmp_ln194)> <Delay = 3.25> <CoreInst = "RAM">   --->   Core 82 'RAM' <Latency = 1> <II = 1> <Delay = 3.25> <Storage> <Opcode : 'load' 'store'> <Ports = 2> <Width = 5> <Depth = 248> <RAM>
ST_1 : Operation 57 [1/1] (3.25ns)   --->   "%store_ln196 = store i6 %in_pkts_dest_0_0_val_read, i8 %out_pkts_dest_addr_1" [src/RNI.cpp:196]   --->   Operation 57 'store' 'store_ln196' <Predicate = (!icmp_ln194)> <Delay = 3.25> <CoreInst = "RAM">   --->   Core 82 'RAM' <Latency = 1> <II = 1> <Delay = 3.25> <Storage> <Opcode : 'load' 'store'> <Ports = 2> <Width = 6> <Depth = 248> <RAM>
ST_1 : Operation 58 [1/1] (1.78ns)   --->   "%icmp_ln197 = icmp_eq  i5 %i_1, i5 23" [src/RNI.cpp:197]   --->   Operation 58 'icmp' 'icmp_ln197' <Predicate = (!icmp_ln194)> <Delay = 1.78> <CoreInst = "Cmp">   --->   Core 9 'Cmp' <Latency = 0> <II = 1> <Delay = 1.78> <FuncUnit> <Opcode : 'icmp'> <InPorts = 2> <OutPorts = 1>
ST_1 : Operation 59 [1/1] (0.00ns)   --->   "%br_ln197 = br i1 %icmp_ln197, void %for.inc30, void %if.then" [src/RNI.cpp:197]   --->   Operation 59 'br' 'br_ln197' <Predicate = (!icmp_ln194)> <Delay = 0.00>
ST_1 : Operation 60 [1/1] (3.25ns)   --->   "%store_ln199 = store i32 %in_pkts_data_0_3_val_read, i8 %out_pkts_data_addr" [src/RNI.cpp:199]   --->   Operation 60 'store' 'store_ln199' <Predicate = (!icmp_ln194 & icmp_ln197)> <Delay = 3.25> <CoreInst = "RAM">   --->   Core 82 'RAM' <Latency = 1> <II = 1> <Delay = 3.25> <Storage> <Opcode : 'load' 'store'> <Ports = 2> <Width = 32> <Depth = 248> <RAM>
ST_1 : Operation 61 [1/1] (2.32ns)   --->   "%store_ln199 = store i4 %in_pkts_keep_0_3_val_read, i8 %out_pkts_keep_addr" [src/RNI.cpp:199]   --->   Operation 61 'store' 'store_ln199' <Predicate = (!icmp_ln194 & icmp_ln197)> <Delay = 2.32> <CoreInst = "RAM">   --->   Core 82 'RAM' <Latency = 1> <II = 1> <Delay = 2.32> <Storage> <Opcode : 'load' 'store'> <Ports = 2> <Width = 4> <Depth = 248> <RAM>
ST_1 : Operation 62 [1/1] (2.32ns)   --->   "%store_ln199 = store i4 %in_pkts_strb_0_3_val_read, i8 %out_pkts_strb_addr" [src/RNI.cpp:199]   --->   Operation 62 'store' 'store_ln199' <Predicate = (!icmp_ln194 & icmp_ln197)> <Delay = 2.32> <CoreInst = "RAM">   --->   Core 82 'RAM' <Latency = 1> <II = 1> <Delay = 2.32> <Storage> <Opcode : 'load' 'store'> <Ports = 2> <Width = 4> <Depth = 248> <RAM>
ST_1 : Operation 63 [1/1] (2.32ns)   --->   "%store_ln199 = store i2 %in_pkts_user_0_3_val_read, i8 %out_pkts_user_addr" [src/RNI.cpp:199]   --->   Operation 63 'store' 'store_ln199' <Predicate = (!icmp_ln194 & icmp_ln197)> <Delay = 2.32> <CoreInst = "RAM">   --->   Core 82 'RAM' <Latency = 1> <II = 1> <Delay = 2.32> <Storage> <Opcode : 'load' 'store'> <Ports = 2> <Width = 2> <Depth = 248> <RAM>
ST_1 : Operation 64 [1/1] (2.32ns)   --->   "%store_ln199 = store i1 %in_pkts_last_0_3_val_read, i8 %out_pkts_last_addr" [src/RNI.cpp:199]   --->   Operation 64 'store' 'store_ln199' <Predicate = (!icmp_ln194 & icmp_ln197)> <Delay = 2.32> <CoreInst = "RAM">   --->   Core 82 'RAM' <Latency = 1> <II = 1> <Delay = 2.32> <Storage> <Opcode : 'load' 'store'> <Ports = 2> <Width = 1> <Depth = 248> <RAM>
ST_1 : Operation 65 [1/1] (3.25ns)   --->   "%store_ln199 = store i5 %in_pkts_id_0_3_val_read, i8 %out_pkts_id_addr" [src/RNI.cpp:199]   --->   Operation 65 'store' 'store_ln199' <Predicate = (!icmp_ln194 & icmp_ln197)> <Delay = 3.25> <CoreInst = "RAM">   --->   Core 82 'RAM' <Latency = 1> <II = 1> <Delay = 3.25> <Storage> <Opcode : 'load' 'store'> <Ports = 2> <Width = 5> <Depth = 248> <RAM>
ST_1 : Operation 66 [1/1] (3.25ns)   --->   "%store_ln199 = store i6 %in_pkts_dest_0_3_val_read, i8 %out_pkts_dest_addr" [src/RNI.cpp:199]   --->   Operation 66 'store' 'store_ln199' <Predicate = (!icmp_ln194 & icmp_ln197)> <Delay = 3.25> <CoreInst = "RAM">   --->   Core 82 'RAM' <Latency = 1> <II = 1> <Delay = 3.25> <Storage> <Opcode : 'load' 'store'> <Ports = 2> <Width = 6> <Depth = 248> <RAM>
ST_1 : Operation 67 [1/1] (0.00ns)   --->   "%br_ln200 = br void %for.inc30" [src/RNI.cpp:200]   --->   Operation 67 'br' 'br_ln200' <Predicate = (!icmp_ln194 & icmp_ln197)> <Delay = 0.00>
ST_1 : Operation 68 [1/1] (1.78ns)   --->   "%add_ln201 = add i5 %i_1, i5 28" [src/RNI.cpp:201]   --->   Operation 68 'add' 'add_ln201' <Predicate = (!icmp_ln194)> <Delay = 1.78> <CoreInst = "Adder">   --->   Core 1 'Adder' <Latency = 0> <II = 1> <Delay = 1.78> <FuncUnit> <Opcode : 'add' 'sub'> <InPorts = 2> <OutPorts = 1>
ST_1 : Operation 69 [1/1] (0.00ns)   --->   "%sext_ln201 = sext i5 %add_ln201" [src/RNI.cpp:201]   --->   Operation 69 'sext' 'sext_ln201' <Predicate = (!icmp_ln194)> <Delay = 0.00>
ST_1 : Operation 70 [1/1] (0.00ns)   --->   "%zext_ln201 = zext i8 %sext_ln201" [src/RNI.cpp:201]   --->   Operation 70 'zext' 'zext_ln201' <Predicate = (!icmp_ln194)> <Delay = 0.00>
ST_1 : Operation 71 [1/1] (0.00ns)   --->   "%NEURONS_STATE_addr = getelementptr i1 %NEURONS_STATE, i64 0, i64 %zext_ln201" [src/RNI.cpp:201]   --->   Operation 71 'getelementptr' 'NEURONS_STATE_addr' <Predicate = (!icmp_ln194)> <Delay = 0.00>
ST_1 : Operation 72 [2/2] (2.32ns)   --->   "%NEURONS_STATE_load = load i8 %NEURONS_STATE_addr" [src/RNI.cpp:201]   --->   Operation 72 'load' 'NEURONS_STATE_load' <Predicate = (!icmp_ln194)> <Delay = 2.32> <CoreInst = "RAM">   --->   Core 82 'RAM' <Latency = 1> <II = 1> <Delay = 2.32> <Storage> <Opcode : 'load' 'store'> <Ports = 2> <Width = 1> <Depth = 244> <RAM>
ST_1 : Operation 92 [1/1] (0.00ns)   --->   "%ret_ln0 = ret"   --->   Operation 92 'ret' 'ret_ln0' <Predicate = (icmp_ln194)> <Delay = 0.00>

State 2 <SV = 1> <Delay = 5.57>
ST_2 : Operation 73 [1/2] (2.32ns)   --->   "%NEURONS_STATE_load = load i8 %NEURONS_STATE_addr" [src/RNI.cpp:201]   --->   Operation 73 'load' 'NEURONS_STATE_load' <Predicate = (!icmp_ln194)> <Delay = 2.32> <CoreInst = "RAM">   --->   Core 82 'RAM' <Latency = 1> <II = 1> <Delay = 2.32> <Storage> <Opcode : 'load' 'store'> <Ports = 2> <Width = 1> <Depth = 244> <RAM>
ST_2 : Operation 74 [1/1] (0.00ns)   --->   "%zext_ln201_1 = zext i1 %NEURONS_STATE_load" [src/RNI.cpp:201]   --->   Operation 74 'zext' 'zext_ln201_1' <Predicate = (!icmp_ln194)> <Delay = 0.00>
ST_2 : Operation 75 [1/1] (3.25ns)   --->   "%store_ln201 = store i32 %zext_ln201_1, i8 %out_pkts_data_addr_1" [src/RNI.cpp:201]   --->   Operation 75 'store' 'store_ln201' <Predicate = (!icmp_ln194)> <Delay = 3.25> <CoreInst = "RAM">   --->   Core 82 'RAM' <Latency = 1> <II = 1> <Delay = 3.25> <Storage> <Opcode : 'load' 'store'> <Ports = 2> <Width = 32> <Depth = 248> <RAM>
ST_2 : Operation 76 [2/2] (2.32ns)   --->   "%out_pkts_keep_load = load i8 %out_pkts_keep_addr_1" [src/RNI.cpp:202]   --->   Operation 76 'load' 'out_pkts_keep_load' <Predicate = (!icmp_ln194)> <Delay = 2.32> <CoreInst = "RAM">   --->   Core 82 'RAM' <Latency = 1> <II = 1> <Delay = 2.32> <Storage> <Opcode : 'load' 'store'> <Ports = 2> <Width = 4> <Depth = 248> <RAM>
ST_2 : Operation 77 [2/2] (2.32ns)   --->   "%out_pkts_strb_load = load i8 %out_pkts_strb_addr_1" [src/RNI.cpp:202]   --->   Operation 77 'load' 'out_pkts_strb_load' <Predicate = (!icmp_ln194)> <Delay = 2.32> <CoreInst = "RAM">   --->   Core 82 'RAM' <Latency = 1> <II = 1> <Delay = 2.32> <Storage> <Opcode : 'load' 'store'> <Ports = 2> <Width = 4> <Depth = 248> <RAM>
ST_2 : Operation 78 [2/2] (2.32ns)   --->   "%out_pkts_user_load = load i8 %out_pkts_user_addr_1" [src/RNI.cpp:202]   --->   Operation 78 'load' 'out_pkts_user_load' <Predicate = (!icmp_ln194)> <Delay = 2.32> <CoreInst = "RAM">   --->   Core 82 'RAM' <Latency = 1> <II = 1> <Delay = 2.32> <Storage> <Opcode : 'load' 'store'> <Ports = 2> <Width = 2> <Depth = 248> <RAM>
ST_2 : Operation 79 [2/2] (2.32ns)   --->   "%out_pkts_last_load = load i8 %out_pkts_last_addr_1" [src/RNI.cpp:202]   --->   Operation 79 'load' 'out_pkts_last_load' <Predicate = (!icmp_ln194)> <Delay = 2.32> <CoreInst = "RAM">   --->   Core 82 'RAM' <Latency = 1> <II = 1> <Delay = 2.32> <Storage> <Opcode : 'load' 'store'> <Ports = 2> <Width = 1> <Depth = 248> <RAM>
ST_2 : Operation 80 [2/2] (3.25ns)   --->   "%out_pkts_id_load = load i8 %out_pkts_id_addr_1" [src/RNI.cpp:202]   --->   Operation 80 'load' 'out_pkts_id_load' <Predicate = (!icmp_ln194)> <Delay = 3.25> <CoreInst = "RAM">   --->   Core 82 'RAM' <Latency = 1> <II = 1> <Delay = 3.25> <Storage> <Opcode : 'load' 'store'> <Ports = 2> <Width = 5> <Depth = 248> <RAM>
ST_2 : Operation 81 [2/2] (3.25ns)   --->   "%out_pkts_dest_load = load i8 %out_pkts_dest_addr_1" [src/RNI.cpp:202]   --->   Operation 81 'load' 'out_pkts_dest_load' <Predicate = (!icmp_ln194)> <Delay = 3.25> <CoreInst = "RAM">   --->   Core 82 'RAM' <Latency = 1> <II = 1> <Delay = 3.25> <Storage> <Opcode : 'load' 'store'> <Ports = 2> <Width = 6> <Depth = 248> <RAM>
ST_2 : Operation 82 [1/1] (1.78ns)   --->   "%add_ln194 = add i5 %i_1, i5 1" [src/RNI.cpp:194]   --->   Operation 82 'add' 'add_ln194' <Predicate = (!icmp_ln194)> <Delay = 1.78> <CoreInst = "Adder">   --->   Core 1 'Adder' <Latency = 0> <II = 1> <Delay = 1.78> <FuncUnit> <Opcode : 'add' 'sub'> <InPorts = 2> <OutPorts = 1>
ST_2 : Operation 83 [1/1] (1.58ns)   --->   "%store_ln194 = store i5 %add_ln194, i5 %i" [src/RNI.cpp:194]   --->   Operation 83 'store' 'store_ln194' <Predicate = (!icmp_ln194)> <Delay = 1.58>

State 3 <SV = 2> <Delay = 3.25>
ST_3 : Operation 84 [1/2] (2.32ns)   --->   "%out_pkts_keep_load = load i8 %out_pkts_keep_addr_1" [src/RNI.cpp:202]   --->   Operation 84 'load' 'out_pkts_keep_load' <Predicate = true> <Delay = 2.32> <CoreInst = "RAM">   --->   Core 82 'RAM' <Latency = 1> <II = 1> <Delay = 2.32> <Storage> <Opcode : 'load' 'store'> <Ports = 2> <Width = 4> <Depth = 248> <RAM>
ST_3 : Operation 85 [1/2] (2.32ns)   --->   "%out_pkts_strb_load = load i8 %out_pkts_strb_addr_1" [src/RNI.cpp:202]   --->   Operation 85 'load' 'out_pkts_strb_load' <Predicate = true> <Delay = 2.32> <CoreInst = "RAM">   --->   Core 82 'RAM' <Latency = 1> <II = 1> <Delay = 2.32> <Storage> <Opcode : 'load' 'store'> <Ports = 2> <Width = 4> <Depth = 248> <RAM>
ST_3 : Operation 86 [1/2] (2.32ns)   --->   "%out_pkts_user_load = load i8 %out_pkts_user_addr_1" [src/RNI.cpp:202]   --->   Operation 86 'load' 'out_pkts_user_load' <Predicate = true> <Delay = 2.32> <CoreInst = "RAM">   --->   Core 82 'RAM' <Latency = 1> <II = 1> <Delay = 2.32> <Storage> <Opcode : 'load' 'store'> <Ports = 2> <Width = 2> <Depth = 248> <RAM>
ST_3 : Operation 87 [1/2] (2.32ns)   --->   "%out_pkts_last_load = load i8 %out_pkts_last_addr_1" [src/RNI.cpp:202]   --->   Operation 87 'load' 'out_pkts_last_load' <Predicate = true> <Delay = 2.32> <CoreInst = "RAM">   --->   Core 82 'RAM' <Latency = 1> <II = 1> <Delay = 2.32> <Storage> <Opcode : 'load' 'store'> <Ports = 2> <Width = 1> <Depth = 248> <RAM>
ST_3 : Operation 88 [1/2] (3.25ns)   --->   "%out_pkts_id_load = load i8 %out_pkts_id_addr_1" [src/RNI.cpp:202]   --->   Operation 88 'load' 'out_pkts_id_load' <Predicate = true> <Delay = 3.25> <CoreInst = "RAM">   --->   Core 82 'RAM' <Latency = 1> <II = 1> <Delay = 3.25> <Storage> <Opcode : 'load' 'store'> <Ports = 2> <Width = 5> <Depth = 248> <RAM>
ST_3 : Operation 89 [1/2] (3.25ns)   --->   "%out_pkts_dest_load = load i8 %out_pkts_dest_addr_1" [src/RNI.cpp:202]   --->   Operation 89 'load' 'out_pkts_dest_load' <Predicate = true> <Delay = 3.25> <CoreInst = "RAM">   --->   Core 82 'RAM' <Latency = 1> <II = 1> <Delay = 3.25> <Storage> <Opcode : 'load' 'store'> <Ports = 2> <Width = 6> <Depth = 248> <RAM>
ST_3 : Operation 90 [1/1] (0.00ns)   --->   "%write_ln202 = write void @_ssdm_op_Write.axis.volatile.i32P0A.i4P0A.i4P0A.i2P0A.i1P0A.i5P0A.i6P0A, i32 %out_stream_V_data_V, i4 %out_stream_V_keep_V, i4 %out_stream_V_strb_V, i2 %out_stream_V_user_V, i1 %out_stream_V_last_V, i5 %out_stream_V_id_V, i6 %out_stream_V_dest_V, i32 %zext_ln201_1, i4 %out_pkts_keep_load, i4 %out_pkts_strb_load, i2 %out_pkts_user_load, i1 %out_pkts_last_load, i5 %out_pkts_id_load, i6 %out_pkts_dest_load" [src/RNI.cpp:202]   --->   Operation 90 'write' 'write_ln202' <Predicate = true> <Delay = 0.00> <CoreInst = "axis">   --->   Core 115 'axis' <Latency = 0> <II = 1> <Delay = 1.00> <Adapter> <Opcode : >
ST_3 : Operation 91 [1/1] (0.00ns)   --->   "%br_ln194 = br void %for.body13" [src/RNI.cpp:194]   --->   Operation 91 'br' 'br_ln194' <Predicate = true> <Delay = 0.00>


============================================================
+ Verbose Summary: Binding
============================================================
STG Binding: 
---------------- STG Properties BEGIN ----------------
- Is combinational: 0
- Is one-state seq: 0
- Is datapath-only: 0
- Is pipelined: 0
- Is top level: 0
Port [ Return ] is wired: 1; IO mode=ap_ctrl_hs:ce=0
Port [ out_pkts_dest]:  wired=1; compound=1; hidden=0; nouse=0; global=0; static=0; extern=0; dir=2; type=1; pingpong=0; private_global=0; MemPort=[20]; IO mode=ap_memory:ce=0
Port [ out_pkts_id]:  wired=1; compound=1; hidden=0; nouse=0; global=0; static=0; extern=0; dir=2; type=1; pingpong=0; private_global=0; MemPort=[20]; IO mode=ap_memory:ce=0
Port [ out_pkts_last]:  wired=1; compound=1; hidden=0; nouse=0; global=0; static=0; extern=0; dir=2; type=1; pingpong=0; private_global=0; MemPort=[20]; IO mode=ap_memory:ce=0
Port [ out_pkts_user]:  wired=1; compound=1; hidden=0; nouse=0; global=0; static=0; extern=0; dir=2; type=1; pingpong=0; private_global=0; MemPort=[20]; IO mode=ap_memory:ce=0
Port [ out_pkts_strb]:  wired=1; compound=1; hidden=0; nouse=0; global=0; static=0; extern=0; dir=2; type=1; pingpong=0; private_global=0; MemPort=[20]; IO mode=ap_memory:ce=0
Port [ out_pkts_keep]:  wired=1; compound=1; hidden=0; nouse=0; global=0; static=0; extern=0; dir=2; type=1; pingpong=0; private_global=0; MemPort=[20]; IO mode=ap_memory:ce=0
Port [ out_pkts_data]:  wired=1; compound=1; hidden=0; nouse=0; global=0; static=0; extern=0; dir=1; type=1; pingpong=0; private_global=0; MemPort=[03]; IO mode=ap_memory:ce=0
Port [ out_stream_V_data_V]:  wired=1; compound=1; hidden=0; nouse=0; global=0; static=0; extern=0; dir=1; type=0; pingpong=0; private_global=0; IO mode=axis:ce=0
Port [ out_stream_V_keep_V]:  wired=1; compound=1; hidden=0; nouse=0; global=0; static=0; extern=0; dir=1; type=0; pingpong=0; private_global=0; IO mode=axis:ce=0
Port [ out_stream_V_strb_V]:  wired=1; compound=1; hidden=0; nouse=0; global=0; static=0; extern=0; dir=1; type=0; pingpong=0; private_global=0; IO mode=axis:ce=0
Port [ out_stream_V_user_V]:  wired=1; compound=1; hidden=0; nouse=0; global=0; static=0; extern=0; dir=1; type=0; pingpong=0; private_global=0; IO mode=axis:ce=0
Port [ out_stream_V_last_V]:  wired=1; compound=1; hidden=0; nouse=0; global=0; static=0; extern=0; dir=1; type=0; pingpong=0; private_global=0; IO mode=axis:ce=0
Port [ out_stream_V_id_V]:  wired=1; compound=1; hidden=0; nouse=0; global=0; static=0; extern=0; dir=1; type=0; pingpong=0; private_global=0; IO mode=axis:ce=0
Port [ out_stream_V_dest_V]:  wired=1; compound=1; hidden=0; nouse=0; global=0; static=0; extern=0; dir=1; type=0; pingpong=0; private_global=0; IO mode=axis:ce=0
Port [ in_pkts_keep_0_0_val]:  wired=1; compound=0; hidden=0; nouse=0; global=0; static=0; extern=0; dir=0; type=0; pingpong=0; private_global=0; IO mode=ap_none:ce=0
Port [ in_pkts_strb_0_0_val]:  wired=1; compound=0; hidden=0; nouse=0; global=0; static=0; extern=0; dir=0; type=0; pingpong=0; private_global=0; IO mode=ap_none:ce=0
Port [ in_pkts_user_0_0_val]:  wired=1; compound=0; hidden=0; nouse=0; global=0; static=0; extern=0; dir=0; type=0; pingpong=0; private_global=0; IO mode=ap_none:ce=0
Port [ in_pkts_last_0_0_val]:  wired=1; compound=0; hidden=0; nouse=0; global=0; static=0; extern=0; dir=0; type=0; pingpong=0; private_global=0; IO mode=ap_none:ce=0
Port [ in_pkts_id_0_0_val]:  wired=1; compound=0; hidden=0; nouse=0; global=0; static=0; extern=0; dir=0; type=0; pingpong=0; private_global=0; IO mode=ap_none:ce=0
Port [ in_pkts_dest_0_0_val]:  wired=1; compound=0; hidden=0; nouse=0; global=0; static=0; extern=0; dir=0; type=0; pingpong=0; private_global=0; IO mode=ap_none:ce=0
Port [ in_pkts_data_0_3_val]:  wired=1; compound=0; hidden=0; nouse=0; global=0; static=0; extern=0; dir=0; type=0; pingpong=0; private_global=0; IO mode=ap_none:ce=0
Port [ in_pkts_keep_0_3_val]:  wired=1; compound=0; hidden=0; nouse=0; global=0; static=0; extern=0; dir=0; type=0; pingpong=0; private_global=0; IO mode=ap_none:ce=0
Port [ in_pkts_strb_0_3_val]:  wired=1; compound=0; hidden=0; nouse=0; global=0; static=0; extern=0; dir=0; type=0; pingpong=0; private_global=0; IO mode=ap_none:ce=0
Port [ in_pkts_user_0_3_val]:  wired=1; compound=0; hidden=0; nouse=0; global=0; static=0; extern=0; dir=0; type=0; pingpong=0; private_global=0; IO mode=ap_none:ce=0
Port [ in_pkts_last_0_3_val]:  wired=1; compound=0; hidden=0; nouse=0; global=0; static=0; extern=0; dir=0; type=0; pingpong=0; private_global=0; IO mode=ap_none:ce=0
Port [ in_pkts_id_0_3_val]:  wired=1; compound=0; hidden=0; nouse=0; global=0; static=0; extern=0; dir=0; type=0; pingpong=0; private_global=0; IO mode=ap_none:ce=0
Port [ in_pkts_dest_0_3_val]:  wired=1; compound=0; hidden=0; nouse=0; global=0; static=0; extern=0; dir=0; type=0; pingpong=0; private_global=0; IO mode=ap_none:ce=0
Port [ NEURONS_STATE]:  wired=1; compound=1; hidden=0; nouse=0; global=1; static=1; extern=0; dir=0; type=1; pingpong=0; private_global=0; MemPort=[13]; IO mode=ap_memory:ce=0
---------------- STG Properties END ------------------

---------------- Datapath Model BEGIN ----------------

<LifeTime>
<method=bitvector/>
i                               (alloca             ) [ 0110]
specaxissidechannel_ln0         (specaxissidechannel) [ 0000]
specinterface_ln0               (specinterface      ) [ 0000]
specinterface_ln0               (specinterface      ) [ 0000]
specinterface_ln0               (specinterface      ) [ 0000]
specinterface_ln0               (specinterface      ) [ 0000]
specinterface_ln0               (specinterface      ) [ 0000]
specinterface_ln0               (specinterface      ) [ 0000]
specinterface_ln0               (specinterface      ) [ 0000]
in_pkts_dest_0_3_val_read       (read               ) [ 0000]
in_pkts_id_0_3_val_read         (read               ) [ 0000]
in_pkts_last_0_3_val_read       (read               ) [ 0000]
in_pkts_user_0_3_val_read       (read               ) [ 0000]
in_pkts_strb_0_3_val_read       (read               ) [ 0000]
in_pkts_keep_0_3_val_read       (read               ) [ 0000]
in_pkts_data_0_3_val_read       (read               ) [ 0000]
in_pkts_dest_0_0_val_read       (read               ) [ 0000]
in_pkts_id_0_0_val_read         (read               ) [ 0000]
in_pkts_last_0_0_val_read       (read               ) [ 0000]
in_pkts_user_0_0_val_read       (read               ) [ 0000]
in_pkts_strb_0_0_val_read       (read               ) [ 0000]
in_pkts_keep_0_0_val_read       (read               ) [ 0000]
store_ln0                       (store              ) [ 0000]
br_ln0                          (br                 ) [ 0000]
i_1                             (load               ) [ 0010]
out_pkts_dest_addr              (getelementptr      ) [ 0000]
out_pkts_id_addr                (getelementptr      ) [ 0000]
out_pkts_last_addr              (getelementptr      ) [ 0000]
out_pkts_user_addr              (getelementptr      ) [ 0000]
out_pkts_strb_addr              (getelementptr      ) [ 0000]
out_pkts_keep_addr              (getelementptr      ) [ 0000]
out_pkts_data_addr              (getelementptr      ) [ 0000]
specpipeline_ln0                (specpipeline       ) [ 0000]
icmp_ln194                      (icmp               ) [ 0110]
br_ln194                        (br                 ) [ 0000]
trunc_ln201_cast_cast_cast      (sext               ) [ 0000]
trunc_ln201_cast_cast_cast_cast (zext               ) [ 0000]
speclooptripcount_ln194         (speclooptripcount  ) [ 0000]
specloopname_ln194              (specloopname       ) [ 0000]
out_pkts_data_addr_1            (getelementptr      ) [ 0010]
out_pkts_keep_addr_1            (getelementptr      ) [ 0111]
out_pkts_strb_addr_1            (getelementptr      ) [ 0111]
out_pkts_user_addr_1            (getelementptr      ) [ 0111]
out_pkts_last_addr_1            (getelementptr      ) [ 0111]
out_pkts_id_addr_1              (getelementptr      ) [ 0111]
out_pkts_dest_addr_1            (getelementptr      ) [ 0111]
store_ln196                     (store              ) [ 0000]
store_ln196                     (store              ) [ 0000]
store_ln196                     (store              ) [ 0000]
store_ln196                     (store              ) [ 0000]
store_ln196                     (store              ) [ 0000]
store_ln196                     (store              ) [ 0000]
icmp_ln197                      (icmp               ) [ 0100]
br_ln197                        (br                 ) [ 0000]
store_ln199                     (store              ) [ 0000]
store_ln199                     (store              ) [ 0000]
store_ln199                     (store              ) [ 0000]
store_ln199                     (store              ) [ 0000]
store_ln199                     (store              ) [ 0000]
store_ln199                     (store              ) [ 0000]
store_ln199                     (store              ) [ 0000]
br_ln200                        (br                 ) [ 0000]
add_ln201                       (add                ) [ 0000]
sext_ln201                      (sext               ) [ 0000]
zext_ln201                      (zext               ) [ 0000]
NEURONS_STATE_addr              (getelementptr      ) [ 0010]
NEURONS_STATE_load              (load               ) [ 0000]
zext_ln201_1                    (zext               ) [ 0101]
store_ln201                     (store              ) [ 0000]
add_ln194                       (add                ) [ 0000]
store_ln194                     (store              ) [ 0000]
out_pkts_keep_load              (load               ) [ 0000]
out_pkts_strb_load              (load               ) [ 0000]
out_pkts_user_load              (load               ) [ 0000]
out_pkts_last_load              (load               ) [ 0000]
out_pkts_id_load                (load               ) [ 0000]
out_pkts_dest_load              (load               ) [ 0000]
write_ln202                     (write              ) [ 0000]
br_ln194                        (br                 ) [ 0000]
ret_ln0                         (ret                ) [ 0000]
</LifeTime>

<model>

<comp_list>
<comp id="0" class="1000" name="out_pkts_dest">
<pin_list>
<pin id="1" dir="1" index="0" bw="1" slack="0"/>
</pin_list>
<bind>
<StgValue><ssdm name="out_pkts_dest"/><MemPortTyVec>2 0 </MemPortTyVec>
</StgValue>
</bind>
</comp>

<comp id="2" class="1000" name="out_pkts_id">
<pin_list>
<pin id="3" dir="1" index="0" bw="1" slack="0"/>
</pin_list>
<bind>
<StgValue><ssdm name="out_pkts_id"/><MemPortTyVec>2 0 </MemPortTyVec>
</StgValue>
</bind>
</comp>

<comp id="4" class="1000" name="out_pkts_last">
<pin_list>
<pin id="5" dir="1" index="0" bw="1" slack="0"/>
</pin_list>
<bind>
<StgValue><ssdm name="out_pkts_last"/><MemPortTyVec>2 0 </MemPortTyVec>
</StgValue>
</bind>
</comp>

<comp id="6" class="1000" name="out_pkts_user">
<pin_list>
<pin id="7" dir="1" index="0" bw="1" slack="0"/>
</pin_list>
<bind>
<StgValue><ssdm name="out_pkts_user"/><MemPortTyVec>2 0 </MemPortTyVec>
</StgValue>
</bind>
</comp>

<comp id="8" class="1000" name="out_pkts_strb">
<pin_list>
<pin id="9" dir="1" index="0" bw="1" slack="0"/>
</pin_list>
<bind>
<StgValue><ssdm name="out_pkts_strb"/><MemPortTyVec>2 0 </MemPortTyVec>
</StgValue>
</bind>
</comp>

<comp id="10" class="1000" name="out_pkts_keep">
<pin_list>
<pin id="11" dir="1" index="0" bw="1" slack="0"/>
</pin_list>
<bind>
<StgValue><ssdm name="out_pkts_keep"/><MemPortTyVec>2 0 </MemPortTyVec>
</StgValue>
</bind>
</comp>

<comp id="12" class="1000" name="out_pkts_data">
<pin_list>
<pin id="13" dir="1" index="0" bw="1" slack="0"/>
</pin_list>
<bind>
<StgValue><ssdm name="out_pkts_data"/><MemPortTyVec>0 3 </MemPortTyVec>
</StgValue>
</bind>
</comp>

<comp id="14" class="1000" name="out_stream_V_data_V">
<pin_list>
<pin id="15" dir="1" index="0" bw="1" slack="0"/>
</pin_list>
<bind>
<StgValue><ssdm name="out_stream_V_data_V"/></StgValue>
</bind>
</comp>

<comp id="16" class="1000" name="out_stream_V_keep_V">
<pin_list>
<pin id="17" dir="1" index="0" bw="1" slack="0"/>
</pin_list>
<bind>
<StgValue><ssdm name="out_stream_V_keep_V"/></StgValue>
</bind>
</comp>

<comp id="18" class="1000" name="out_stream_V_strb_V">
<pin_list>
<pin id="19" dir="1" index="0" bw="1" slack="0"/>
</pin_list>
<bind>
<StgValue><ssdm name="out_stream_V_strb_V"/></StgValue>
</bind>
</comp>

<comp id="20" class="1000" name="out_stream_V_user_V">
<pin_list>
<pin id="21" dir="1" index="0" bw="1" slack="0"/>
</pin_list>
<bind>
<StgValue><ssdm name="out_stream_V_user_V"/></StgValue>
</bind>
</comp>

<comp id="22" class="1000" name="out_stream_V_last_V">
<pin_list>
<pin id="23" dir="1" index="0" bw="1" slack="0"/>
</pin_list>
<bind>
<StgValue><ssdm name="out_stream_V_last_V"/></StgValue>
</bind>
</comp>

<comp id="24" class="1000" name="out_stream_V_id_V">
<pin_list>
<pin id="25" dir="1" index="0" bw="1" slack="0"/>
</pin_list>
<bind>
<StgValue><ssdm name="out_stream_V_id_V"/></StgValue>
</bind>
</comp>

<comp id="26" class="1000" name="out_stream_V_dest_V">
<pin_list>
<pin id="27" dir="1" index="0" bw="1" slack="0"/>
</pin_list>
<bind>
<StgValue><ssdm name="out_stream_V_dest_V"/></StgValue>
</bind>
</comp>

<comp id="28" class="1000" name="in_pkts_keep_0_0_val">
<pin_list>
<pin id="29" dir="1" index="0" bw="1" slack="0"/>
</pin_list>
<bind>
<StgValue><ssdm name="in_pkts_keep_0_0_val"/></StgValue>
</bind>
</comp>

<comp id="30" class="1000" name="in_pkts_strb_0_0_val">
<pin_list>
<pin id="31" dir="1" index="0" bw="1" slack="0"/>
</pin_list>
<bind>
<StgValue><ssdm name="in_pkts_strb_0_0_val"/></StgValue>
</bind>
</comp>

<comp id="32" class="1000" name="in_pkts_user_0_0_val">
<pin_list>
<pin id="33" dir="1" index="0" bw="1" slack="0"/>
</pin_list>
<bind>
<StgValue><ssdm name="in_pkts_user_0_0_val"/></StgValue>
</bind>
</comp>

<comp id="34" class="1000" name="in_pkts_last_0_0_val">
<pin_list>
<pin id="35" dir="1" index="0" bw="1" slack="0"/>
</pin_list>
<bind>
<StgValue><ssdm name="in_pkts_last_0_0_val"/></StgValue>
</bind>
</comp>

<comp id="36" class="1000" name="in_pkts_id_0_0_val">
<pin_list>
<pin id="37" dir="1" index="0" bw="1" slack="0"/>
</pin_list>
<bind>
<StgValue><ssdm name="in_pkts_id_0_0_val"/></StgValue>
</bind>
</comp>

<comp id="38" class="1000" name="in_pkts_dest_0_0_val">
<pin_list>
<pin id="39" dir="1" index="0" bw="1" slack="0"/>
</pin_list>
<bind>
<StgValue><ssdm name="in_pkts_dest_0_0_val"/></StgValue>
</bind>
</comp>

<comp id="40" class="1000" name="in_pkts_data_0_3_val">
<pin_list>
<pin id="41" dir="1" index="0" bw="1" slack="0"/>
</pin_list>
<bind>
<StgValue><ssdm name="in_pkts_data_0_3_val"/></StgValue>
</bind>
</comp>

<comp id="42" class="1000" name="in_pkts_keep_0_3_val">
<pin_list>
<pin id="43" dir="1" index="0" bw="1" slack="0"/>
</pin_list>
<bind>
<StgValue><ssdm name="in_pkts_keep_0_3_val"/></StgValue>
</bind>
</comp>

<comp id="44" class="1000" name="in_pkts_strb_0_3_val">
<pin_list>
<pin id="45" dir="1" index="0" bw="1" slack="0"/>
</pin_list>
<bind>
<StgValue><ssdm name="in_pkts_strb_0_3_val"/></StgValue>
</bind>
</comp>

<comp id="46" class="1000" name="in_pkts_user_0_3_val">
<pin_list>
<pin id="47" dir="1" index="0" bw="1" slack="0"/>
</pin_list>
<bind>
<StgValue><ssdm name="in_pkts_user_0_3_val"/></StgValue>
</bind>
</comp>

<comp id="48" class="1000" name="in_pkts_last_0_3_val">
<pin_list>
<pin id="49" dir="1" index="0" bw="1" slack="0"/>
</pin_list>
<bind>
<StgValue><ssdm name="in_pkts_last_0_3_val"/></StgValue>
</bind>
</comp>

<comp id="50" class="1000" name="in_pkts_id_0_3_val">
<pin_list>
<pin id="51" dir="1" index="0" bw="1" slack="0"/>
</pin_list>
<bind>
<StgValue><ssdm name="in_pkts_id_0_3_val"/></StgValue>
</bind>
</comp>

<comp id="52" class="1000" name="in_pkts_dest_0_3_val">
<pin_list>
<pin id="53" dir="1" index="0" bw="1" slack="0"/>
</pin_list>
<bind>
<StgValue><ssdm name="in_pkts_dest_0_3_val"/></StgValue>
</bind>
</comp>

<comp id="54" class="1000" name="NEURONS_STATE">
<pin_list>
<pin id="55" dir="1" index="0" bw="1" slack="0"/>
</pin_list>
<bind>
<StgValue><ssdm name="NEURONS_STATE"/><MemPortTyVec>1 3 </MemPortTyVec>
</StgValue>
</bind>
</comp>

<comp id="56" class="1001" name="const_56">
<pin_list>
<pin id="57" dir="1" index="0" bw="1" slack="0"/>
</pin_list>
<bind>
<StgValue><ssdm name=""/></StgValue>
</bind>
</comp>

<comp id="58" class="1001" name="const_58">
<pin_list>
<pin id="59" dir="1" index="0" bw="1" slack="2147483647"/>
</pin_list>
<bind>
<StgValue><ssdm name="_ssdm_op_SpecAXISSideChannel"/></StgValue>
</bind>
</comp>

<comp id="60" class="1001" name="const_60">
<pin_list>
<pin id="61" dir="1" index="0" bw="1" slack="2147483647"/>
</pin_list>
<bind>
<StgValue><ssdm name="empty_8"/></StgValue>
</bind>
</comp>

<comp id="62" class="1001" name="const_62">
<pin_list>
<pin id="63" dir="1" index="0" bw="1" slack="2147483647"/>
</pin_list>
<bind>
<StgValue><ssdm name="_ssdm_op_SpecInterface"/></StgValue>
</bind>
</comp>

<comp id="64" class="1001" name="const_64">
<pin_list>
<pin id="65" dir="1" index="0" bw="1" slack="2147483647"/>
</pin_list>
<bind>
<StgValue><ssdm name="empty_0"/></StgValue>
</bind>
</comp>

<comp id="66" class="1001" name="const_66">
<pin_list>
<pin id="67" dir="1" index="0" bw="1" slack="2147483647"/>
</pin_list>
<bind>
<StgValue><ssdm name=""/></StgValue>
</bind>
</comp>

<comp id="68" class="1001" name="const_68">
<pin_list>
<pin id="69" dir="1" index="0" bw="1" slack="2147483647"/>
</pin_list>
<bind>
<StgValue><ssdm name="empty_1"/></StgValue>
</bind>
</comp>

<comp id="70" class="1001" name="const_70">
<pin_list>
<pin id="71" dir="1" index="0" bw="1" slack="2147483647"/>
</pin_list>
<bind>
<StgValue><ssdm name="empty_15"/></StgValue>
</bind>
</comp>

<comp id="72" class="1001" name="const_72">
<pin_list>
<pin id="73" dir="1" index="0" bw="1" slack="2147483647"/>
</pin_list>
<bind>
<StgValue><ssdm name=""/></StgValue>
</bind>
</comp>

<comp id="74" class="1001" name="const_74">
<pin_list>
<pin id="75" dir="1" index="0" bw="1" slack="0"/>
</pin_list>
<bind>
<StgValue><ssdm name="_ssdm_op_Read.ap_auto.i6"/></StgValue>
</bind>
</comp>

<comp id="76" class="1001" name="const_76">
<pin_list>
<pin id="77" dir="1" index="0" bw="1" slack="0"/>
</pin_list>
<bind>
<StgValue><ssdm name="_ssdm_op_Read.ap_auto.i5"/></StgValue>
</bind>
</comp>

<comp id="78" class="1001" name="const_78">
<pin_list>
<pin id="79" dir="1" index="0" bw="1" slack="0"/>
</pin_list>
<bind>
<StgValue><ssdm name="_ssdm_op_Read.ap_auto.i1"/></StgValue>
</bind>
</comp>

<comp id="80" class="1001" name="const_80">
<pin_list>
<pin id="81" dir="1" index="0" bw="1" slack="0"/>
</pin_list>
<bind>
<StgValue><ssdm name="_ssdm_op_Read.ap_auto.i2"/></StgValue>
</bind>
</comp>

<comp id="82" class="1001" name="const_82">
<pin_list>
<pin id="83" dir="1" index="0" bw="1" slack="0"/>
</pin_list>
<bind>
<StgValue><ssdm name="_ssdm_op_Read.ap_auto.i4"/></StgValue>
</bind>
</comp>

<comp id="84" class="1001" name="const_84">
<pin_list>
<pin id="85" dir="1" index="0" bw="1" slack="0"/>
</pin_list>
<bind>
<StgValue><ssdm name="_ssdm_op_Read.ap_auto.i32"/></StgValue>
</bind>
</comp>

<comp id="86" class="1001" name="const_86">
<pin_list>
<pin id="87" dir="1" index="0" bw="1" slack="0"/>
</pin_list>
<bind>
<StgValue><ssdm name=""/></StgValue>
</bind>
</comp>

<comp id="88" class="1001" name="const_88">
<pin_list>
<pin id="89" dir="1" index="0" bw="1" slack="0"/>
</pin_list>
<bind>
<StgValue><ssdm name=""/></StgValue>
</bind>
</comp>

<comp id="90" class="1001" name="const_90">
<pin_list>
<pin id="91" dir="1" index="0" bw="1" slack="0"/>
</pin_list>
<bind>
<StgValue><ssdm name=""/></StgValue>
</bind>
</comp>

<comp id="92" class="1001" name="const_92">
<pin_list>
<pin id="93" dir="1" index="0" bw="1" slack="2147483647"/>
</pin_list>
<bind>
<StgValue><ssdm name="_ssdm_op_SpecPipeline"/></StgValue>
</bind>
</comp>

<comp id="94" class="1001" name="const_94">
<pin_list>
<pin id="95" dir="1" index="0" bw="1" slack="2147483647"/>
</pin_list>
<bind>
<StgValue><ssdm name="p_str"/></StgValue>
</bind>
</comp>

<comp id="96" class="1001" name="const_96">
<pin_list>
<pin id="97" dir="1" index="0" bw="1" slack="0"/>
</pin_list>
<bind>
<StgValue><ssdm name=""/></StgValue>
</bind>
</comp>

<comp id="98" class="1001" name="const_98">
<pin_list>
<pin id="99" dir="1" index="0" bw="1" slack="2147483647"/>
</pin_list>
<bind>
<StgValue><ssdm name="_ssdm_op_SpecLoopTripCount"/></StgValue>
</bind>
</comp>

<comp id="100" class="1001" name="const_100">
<pin_list>
<pin id="101" dir="1" index="0" bw="1" slack="2147483647"/>
</pin_list>
<bind>
<StgValue><ssdm name=""/></StgValue>
</bind>
</comp>

<comp id="102" class="1001" name="const_102">
<pin_list>
<pin id="103" dir="1" index="0" bw="1" slack="2147483647"/>
</pin_list>
<bind>
<StgValue><ssdm name="_ssdm_op_SpecLoopName"/></StgValue>
</bind>
</comp>

<comp id="104" class="1001" name="const_104">
<pin_list>
<pin id="105" dir="1" index="0" bw="1" slack="2147483647"/>
</pin_list>
<bind>
<StgValue><ssdm name="empty_3"/></StgValue>
</bind>
</comp>

<comp id="106" class="1001" name="const_106">
<pin_list>
<pin id="107" dir="1" index="0" bw="1" slack="0"/>
</pin_list>
<bind>
<StgValue><ssdm name=""/></StgValue>
</bind>
</comp>

<comp id="108" class="1001" name="const_108">
<pin_list>
<pin id="109" dir="1" index="0" bw="1" slack="0"/>
</pin_list>
<bind>
<StgValue><ssdm name=""/></StgValue>
</bind>
</comp>

<comp id="110" class="1001" name="const_110">
<pin_list>
<pin id="111" dir="1" index="0" bw="1" slack="0"/>
</pin_list>
<bind>
<StgValue><ssdm name=""/></StgValue>
</bind>
</comp>

<comp id="112" class="1001" name="const_112">
<pin_list>
<pin id="113" dir="1" index="0" bw="1" slack="0"/>
</pin_list>
<bind>
<StgValue><ssdm name="_ssdm_op_Write.axis.volatile.i32P0A.i4P0A.i4P0A.i2P0A.i1P0A.i5P0A.i6P0A"/></StgValue>
</bind>
</comp>

<comp id="114" class="1004" name="i_fu_114">
<pin_list>
<pin id="115" dir="0" index="0" bw="1" slack="0"/>
<pin id="116" dir="1" index="1" bw="5" slack="0"/>
</pin_list>
<bind>
<opcode="alloca(26) " fcode="alloca"/>
<opset="i/1 "/>
</bind>
</comp>

<comp id="118" class="1004" name="in_pkts_dest_0_3_val_read_read_fu_118">
<pin_list>
<pin id="119" dir="0" index="0" bw="6" slack="0"/>
<pin id="120" dir="0" index="1" bw="6" slack="0"/>
<pin id="121" dir="1" index="2" bw="6" slack="0"/>
</pin_list>
<bind>
<opcode="read(1150) " fcode="read"/>
<opset="in_pkts_dest_0_3_val_read/1 "/>
</bind>
</comp>

<comp id="124" class="1004" name="in_pkts_id_0_3_val_read_read_fu_124">
<pin_list>
<pin id="125" dir="0" index="0" bw="5" slack="0"/>
<pin id="126" dir="0" index="1" bw="5" slack="0"/>
<pin id="127" dir="1" index="2" bw="5" slack="0"/>
</pin_list>
<bind>
<opcode="read(1150) " fcode="read"/>
<opset="in_pkts_id_0_3_val_read/1 "/>
</bind>
</comp>

<comp id="130" class="1004" name="in_pkts_last_0_3_val_read_read_fu_130">
<pin_list>
<pin id="131" dir="0" index="0" bw="1" slack="0"/>
<pin id="132" dir="0" index="1" bw="1" slack="0"/>
<pin id="133" dir="1" index="2" bw="1" slack="0"/>
</pin_list>
<bind>
<opcode="read(1150) " fcode="read"/>
<opset="in_pkts_last_0_3_val_read/1 "/>
</bind>
</comp>

<comp id="136" class="1004" name="in_pkts_user_0_3_val_read_read_fu_136">
<pin_list>
<pin id="137" dir="0" index="0" bw="2" slack="0"/>
<pin id="138" dir="0" index="1" bw="2" slack="0"/>
<pin id="139" dir="1" index="2" bw="2" slack="0"/>
</pin_list>
<bind>
<opcode="read(1150) " fcode="read"/>
<opset="in_pkts_user_0_3_val_read/1 "/>
</bind>
</comp>

<comp id="142" class="1004" name="in_pkts_strb_0_3_val_read_read_fu_142">
<pin_list>
<pin id="143" dir="0" index="0" bw="4" slack="0"/>
<pin id="144" dir="0" index="1" bw="4" slack="0"/>
<pin id="145" dir="1" index="2" bw="4" slack="0"/>
</pin_list>
<bind>
<opcode="read(1150) " fcode="read"/>
<opset="in_pkts_strb_0_3_val_read/1 "/>
</bind>
</comp>

<comp id="148" class="1004" name="in_pkts_keep_0_3_val_read_read_fu_148">
<pin_list>
<pin id="149" dir="0" index="0" bw="4" slack="0"/>
<pin id="150" dir="0" index="1" bw="4" slack="0"/>
<pin id="151" dir="1" index="2" bw="4" slack="0"/>
</pin_list>
<bind>
<opcode="read(1150) " fcode="read"/>
<opset="in_pkts_keep_0_3_val_read/1 "/>
</bind>
</comp>

<comp id="154" class="1004" name="in_pkts_data_0_3_val_read_read_fu_154">
<pin_list>
<pin id="155" dir="0" index="0" bw="32" slack="0"/>
<pin id="156" dir="0" index="1" bw="32" slack="0"/>
<pin id="157" dir="1" index="2" bw="32" slack="0"/>
</pin_list>
<bind>
<opcode="read(1150) " fcode="read"/>
<opset="in_pkts_data_0_3_val_read/1 "/>
</bind>
</comp>

<comp id="160" class="1004" name="in_pkts_dest_0_0_val_read_read_fu_160">
<pin_list>
<pin id="161" dir="0" index="0" bw="6" slack="0"/>
<pin id="162" dir="0" index="1" bw="6" slack="0"/>
<pin id="163" dir="1" index="2" bw="6" slack="0"/>
</pin_list>
<bind>
<opcode="read(1150) " fcode="read"/>
<opset="in_pkts_dest_0_0_val_read/1 "/>
</bind>
</comp>

<comp id="166" class="1004" name="in_pkts_id_0_0_val_read_read_fu_166">
<pin_list>
<pin id="167" dir="0" index="0" bw="5" slack="0"/>
<pin id="168" dir="0" index="1" bw="5" slack="0"/>
<pin id="169" dir="1" index="2" bw="5" slack="0"/>
</pin_list>
<bind>
<opcode="read(1150) " fcode="read"/>
<opset="in_pkts_id_0_0_val_read/1 "/>
</bind>
</comp>

<comp id="172" class="1004" name="in_pkts_last_0_0_val_read_read_fu_172">
<pin_list>
<pin id="173" dir="0" index="0" bw="1" slack="0"/>
<pin id="174" dir="0" index="1" bw="1" slack="0"/>
<pin id="175" dir="1" index="2" bw="1" slack="0"/>
</pin_list>
<bind>
<opcode="read(1150) " fcode="read"/>
<opset="in_pkts_last_0_0_val_read/1 "/>
</bind>
</comp>

<comp id="178" class="1004" name="in_pkts_user_0_0_val_read_read_fu_178">
<pin_list>
<pin id="179" dir="0" index="0" bw="2" slack="0"/>
<pin id="180" dir="0" index="1" bw="2" slack="0"/>
<pin id="181" dir="1" index="2" bw="2" slack="0"/>
</pin_list>
<bind>
<opcode="read(1150) " fcode="read"/>
<opset="in_pkts_user_0_0_val_read/1 "/>
</bind>
</comp>

<comp id="184" class="1004" name="in_pkts_strb_0_0_val_read_read_fu_184">
<pin_list>
<pin id="185" dir="0" index="0" bw="4" slack="0"/>
<pin id="186" dir="0" index="1" bw="4" slack="0"/>
<pin id="187" dir="1" index="2" bw="4" slack="0"/>
</pin_list>
<bind>
<opcode="read(1150) " fcode="read"/>
<opset="in_pkts_strb_0_0_val_read/1 "/>
</bind>
</comp>

<comp id="190" class="1004" name="in_pkts_keep_0_0_val_read_read_fu_190">
<pin_list>
<pin id="191" dir="0" index="0" bw="4" slack="0"/>
<pin id="192" dir="0" index="1" bw="4" slack="0"/>
<pin id="193" dir="1" index="2" bw="4" slack="0"/>
</pin_list>
<bind>
<opcode="read(1150) " fcode="read"/>
<opset="in_pkts_keep_0_0_val_read/1 "/>
</bind>
</comp>

<comp id="196" class="1004" name="write_ln202_write_fu_196">
<pin_list>
<pin id="197" dir="0" index="0" bw="0" slack="0"/>
<pin id="198" dir="0" index="1" bw="32" slack="0"/>
<pin id="199" dir="0" index="2" bw="4" slack="0"/>
<pin id="200" dir="0" index="3" bw="4" slack="0"/>
<pin id="201" dir="0" index="4" bw="2" slack="0"/>
<pin id="202" dir="0" index="5" bw="1" slack="0"/>
<pin id="203" dir="0" index="6" bw="5" slack="0"/>
<pin id="204" dir="0" index="7" bw="6" slack="0"/>
<pin id="205" dir="0" index="8" bw="1" slack="1"/>
<pin id="206" dir="0" index="9" bw="4" slack="0"/>
<pin id="207" dir="0" index="10" bw="4" slack="0"/>
<pin id="208" dir="0" index="11" bw="2" slack="0"/>
<pin id="209" dir="0" index="12" bw="1" slack="0"/>
<pin id="210" dir="0" index="13" bw="5" slack="0"/>
<pin id="211" dir="0" index="14" bw="6" slack="0"/>
<pin id="212" dir="1" index="15" bw="0" slack="2147483647"/>
</pin_list>
<bind>
<opcode="write(1151) " fcode="write"/>
<opset="write_ln202/3 "/>
</bind>
</comp>

<comp id="221" class="1004" name="out_pkts_dest_addr_gep_fu_221">
<pin_list>
<pin id="222" dir="0" index="0" bw="6" slack="0"/>
<pin id="223" dir="0" index="1" bw="1" slack="0"/>
<pin id="224" dir="0" index="2" bw="9" slack="0"/>
<pin id="225" dir="1" index="3" bw="8" slack="0"/>
</pin_list>
<bind>
<opcode="getelementptr(29) " fcode="getelementptr"/>
<opset="out_pkts_dest_addr/1 "/>
</bind>
</comp>

<comp id="229" class="1004" name="out_pkts_id_addr_gep_fu_229">
<pin_list>
<pin id="230" dir="0" index="0" bw="5" slack="0"/>
<pin id="231" dir="0" index="1" bw="1" slack="0"/>
<pin id="232" dir="0" index="2" bw="9" slack="0"/>
<pin id="233" dir="1" index="3" bw="8" slack="0"/>
</pin_list>
<bind>
<opcode="getelementptr(29) " fcode="getelementptr"/>
<opset="out_pkts_id_addr/1 "/>
</bind>
</comp>

<comp id="237" class="1004" name="out_pkts_last_addr_gep_fu_237">
<pin_list>
<pin id="238" dir="0" index="0" bw="1" slack="0"/>
<pin id="239" dir="0" index="1" bw="1" slack="0"/>
<pin id="240" dir="0" index="2" bw="9" slack="0"/>
<pin id="241" dir="1" index="3" bw="8" slack="0"/>
</pin_list>
<bind>
<opcode="getelementptr(29) " fcode="getelementptr"/>
<opset="out_pkts_last_addr/1 "/>
</bind>
</comp>

<comp id="245" class="1004" name="out_pkts_user_addr_gep_fu_245">
<pin_list>
<pin id="246" dir="0" index="0" bw="2" slack="0"/>
<pin id="247" dir="0" index="1" bw="1" slack="0"/>
<pin id="248" dir="0" index="2" bw="9" slack="0"/>
<pin id="249" dir="1" index="3" bw="8" slack="0"/>
</pin_list>
<bind>
<opcode="getelementptr(29) " fcode="getelementptr"/>
<opset="out_pkts_user_addr/1 "/>
</bind>
</comp>

<comp id="253" class="1004" name="out_pkts_strb_addr_gep_fu_253">
<pin_list>
<pin id="254" dir="0" index="0" bw="4" slack="0"/>
<pin id="255" dir="0" index="1" bw="1" slack="0"/>
<pin id="256" dir="0" index="2" bw="9" slack="0"/>
<pin id="257" dir="1" index="3" bw="8" slack="0"/>
</pin_list>
<bind>
<opcode="getelementptr(29) " fcode="getelementptr"/>
<opset="out_pkts_strb_addr/1 "/>
</bind>
</comp>

<comp id="261" class="1004" name="out_pkts_keep_addr_gep_fu_261">
<pin_list>
<pin id="262" dir="0" index="0" bw="4" slack="0"/>
<pin id="263" dir="0" index="1" bw="1" slack="0"/>
<pin id="264" dir="0" index="2" bw="9" slack="0"/>
<pin id="265" dir="1" index="3" bw="8" slack="0"/>
</pin_list>
<bind>
<opcode="getelementptr(29) " fcode="getelementptr"/>
<opset="out_pkts_keep_addr/1 "/>
</bind>
</comp>

<comp id="269" class="1004" name="out_pkts_data_addr_gep_fu_269">
<pin_list>
<pin id="270" dir="0" index="0" bw="32" slack="0"/>
<pin id="271" dir="0" index="1" bw="1" slack="0"/>
<pin id="272" dir="0" index="2" bw="9" slack="0"/>
<pin id="273" dir="1" index="3" bw="8" slack="0"/>
</pin_list>
<bind>
<opcode="getelementptr(29) " fcode="getelementptr"/>
<opset="out_pkts_data_addr/1 "/>
</bind>
</comp>

<comp id="277" class="1004" name="out_pkts_data_addr_1_gep_fu_277">
<pin_list>
<pin id="278" dir="0" index="0" bw="32" slack="0"/>
<pin id="279" dir="0" index="1" bw="1" slack="0"/>
<pin id="280" dir="0" index="2" bw="8" slack="0"/>
<pin id="281" dir="1" index="3" bw="8" slack="1"/>
</pin_list>
<bind>
<opcode="getelementptr(29) " fcode="getelementptr"/>
<opset="out_pkts_data_addr_1/1 "/>
</bind>
</comp>

<comp id="284" class="1004" name="out_pkts_keep_addr_1_gep_fu_284">
<pin_list>
<pin id="285" dir="0" index="0" bw="4" slack="0"/>
<pin id="286" dir="0" index="1" bw="1" slack="0"/>
<pin id="287" dir="0" index="2" bw="8" slack="0"/>
<pin id="288" dir="1" index="3" bw="8" slack="0"/>
</pin_list>
<bind>
<opcode="getelementptr(29) " fcode="getelementptr"/>
<opset="out_pkts_keep_addr_1/1 "/>
</bind>
</comp>

<comp id="291" class="1004" name="out_pkts_strb_addr_1_gep_fu_291">
<pin_list>
<pin id="292" dir="0" index="0" bw="4" slack="0"/>
<pin id="293" dir="0" index="1" bw="1" slack="0"/>
<pin id="294" dir="0" index="2" bw="8" slack="0"/>
<pin id="295" dir="1" index="3" bw="8" slack="0"/>
</pin_list>
<bind>
<opcode="getelementptr(29) " fcode="getelementptr"/>
<opset="out_pkts_strb_addr_1/1 "/>
</bind>
</comp>

<comp id="298" class="1004" name="out_pkts_user_addr_1_gep_fu_298">
<pin_list>
<pin id="299" dir="0" index="0" bw="2" slack="0"/>
<pin id="300" dir="0" index="1" bw="1" slack="0"/>
<pin id="301" dir="0" index="2" bw="8" slack="0"/>
<pin id="302" dir="1" index="3" bw="8" slack="0"/>
</pin_list>
<bind>
<opcode="getelementptr(29) " fcode="getelementptr"/>
<opset="out_pkts_user_addr_1/1 "/>
</bind>
</comp>

<comp id="305" class="1004" name="out_pkts_last_addr_1_gep_fu_305">
<pin_list>
<pin id="306" dir="0" index="0" bw="1" slack="0"/>
<pin id="307" dir="0" index="1" bw="1" slack="0"/>
<pin id="308" dir="0" index="2" bw="8" slack="0"/>
<pin id="309" dir="1" index="3" bw="8" slack="0"/>
</pin_list>
<bind>
<opcode="getelementptr(29) " fcode="getelementptr"/>
<opset="out_pkts_last_addr_1/1 "/>
</bind>
</comp>

<comp id="312" class="1004" name="out_pkts_id_addr_1_gep_fu_312">
<pin_list>
<pin id="313" dir="0" index="0" bw="5" slack="0"/>
<pin id="314" dir="0" index="1" bw="1" slack="0"/>
<pin id="315" dir="0" index="2" bw="8" slack="0"/>
<pin id="316" dir="1" index="3" bw="8" slack="0"/>
</pin_list>
<bind>
<opcode="getelementptr(29) " fcode="getelementptr"/>
<opset="out_pkts_id_addr_1/1 "/>
</bind>
</comp>

<comp id="319" class="1004" name="out_pkts_dest_addr_1_gep_fu_319">
<pin_list>
<pin id="320" dir="0" index="0" bw="6" slack="0"/>
<pin id="321" dir="0" index="1" bw="1" slack="0"/>
<pin id="322" dir="0" index="2" bw="8" slack="0"/>
<pin id="323" dir="1" index="3" bw="8" slack="0"/>
</pin_list>
<bind>
<opcode="getelementptr(29) " fcode="getelementptr"/>
<opset="out_pkts_dest_addr_1/1 "/>
</bind>
</comp>

<comp id="326" class="1004" name="grp_access_fu_326">
<pin_list>
<pin id="327" dir="0" index="0" bw="8" slack="0"/>
<pin id="328" dir="0" index="1" bw="4" slack="0"/>
<pin id="329" dir="0" index="2" bw="0" slack="0"/>
<pin id="331" dir="0" index="4" bw="8" slack="0"/>
<pin id="332" dir="0" index="5" bw="4" slack="2147483647"/>
<pin id="333" dir="0" index="6" bw="0" slack="2147483647"/>
<pin id="330" dir="1" index="3" bw="4" slack="0"/>
<pin id="334" dir="1" index="7" bw="4" slack="2147483647"/>
</pin_list>
<bind>
<opcode="load(27) store(28) " fcode="load"/>
<opset="store_ln196/1 store_ln199/1 out_pkts_keep_load/2 "/>
</bind>
</comp>

<comp id="337" class="1004" name="grp_access_fu_337">
<pin_list>
<pin id="338" dir="0" index="0" bw="8" slack="0"/>
<pin id="339" dir="0" index="1" bw="4" slack="0"/>
<pin id="340" dir="0" index="2" bw="0" slack="0"/>
<pin id="342" dir="0" index="4" bw="8" slack="0"/>
<pin id="343" dir="0" index="5" bw="4" slack="2147483647"/>
<pin id="344" dir="0" index="6" bw="0" slack="2147483647"/>
<pin id="341" dir="1" index="3" bw="4" slack="0"/>
<pin id="345" dir="1" index="7" bw="4" slack="2147483647"/>
</pin_list>
<bind>
<opcode="load(27) store(28) " fcode="load"/>
<opset="store_ln196/1 store_ln199/1 out_pkts_strb_load/2 "/>
</bind>
</comp>

<comp id="348" class="1004" name="grp_access_fu_348">
<pin_list>
<pin id="349" dir="0" index="0" bw="8" slack="0"/>
<pin id="350" dir="0" index="1" bw="2" slack="0"/>
<pin id="351" dir="0" index="2" bw="0" slack="0"/>
<pin id="353" dir="0" index="4" bw="8" slack="0"/>
<pin id="354" dir="0" index="5" bw="2" slack="2147483647"/>
<pin id="355" dir="0" index="6" bw="0" slack="2147483647"/>
<pin id="352" dir="1" index="3" bw="2" slack="0"/>
<pin id="356" dir="1" index="7" bw="2" slack="2147483647"/>
</pin_list>
<bind>
<opcode="load(27) store(28) " fcode="load"/>
<opset="store_ln196/1 store_ln199/1 out_pkts_user_load/2 "/>
</bind>
</comp>

<comp id="359" class="1004" name="grp_access_fu_359">
<pin_list>
<pin id="360" dir="0" index="0" bw="8" slack="0"/>
<pin id="361" dir="0" index="1" bw="1" slack="0"/>
<pin id="362" dir="0" index="2" bw="0" slack="0"/>
<pin id="364" dir="0" index="4" bw="8" slack="0"/>
<pin id="365" dir="0" index="5" bw="1" slack="2147483647"/>
<pin id="366" dir="0" index="6" bw="0" slack="2147483647"/>
<pin id="363" dir="1" index="3" bw="1" slack="0"/>
<pin id="367" dir="1" index="7" bw="1" slack="2147483647"/>
</pin_list>
<bind>
<opcode="load(27) store(28) " fcode="load"/>
<opset="store_ln196/1 store_ln199/1 out_pkts_last_load/2 "/>
</bind>
</comp>

<comp id="370" class="1004" name="grp_access_fu_370">
<pin_list>
<pin id="371" dir="0" index="0" bw="8" slack="0"/>
<pin id="372" dir="0" index="1" bw="5" slack="0"/>
<pin id="373" dir="0" index="2" bw="0" slack="0"/>
<pin id="375" dir="0" index="4" bw="8" slack="0"/>
<pin id="376" dir="0" index="5" bw="5" slack="2147483647"/>
<pin id="377" dir="0" index="6" bw="0" slack="2147483647"/>
<pin id="374" dir="1" index="3" bw="5" slack="0"/>
<pin id="378" dir="1" index="7" bw="5" slack="2147483647"/>
</pin_list>
<bind>
<opcode="load(27) store(28) " fcode="load"/>
<opset="store_ln196/1 store_ln199/1 out_pkts_id_load/2 "/>
</bind>
</comp>

<comp id="381" class="1004" name="grp_access_fu_381">
<pin_list>
<pin id="382" dir="0" index="0" bw="8" slack="0"/>
<pin id="383" dir="0" index="1" bw="6" slack="0"/>
<pin id="384" dir="0" index="2" bw="0" slack="0"/>
<pin id="386" dir="0" index="4" bw="8" slack="0"/>
<pin id="387" dir="0" index="5" bw="6" slack="2147483647"/>
<pin id="388" dir="0" index="6" bw="0" slack="2147483647"/>
<pin id="385" dir="1" index="3" bw="6" slack="0"/>
<pin id="389" dir="1" index="7" bw="6" slack="2147483647"/>
</pin_list>
<bind>
<opcode="load(27) store(28) " fcode="load"/>
<opset="store_ln196/1 store_ln199/1 out_pkts_dest_load/2 "/>
</bind>
</comp>

<comp id="392" class="1004" name="grp_access_fu_392">
<pin_list>
<pin id="393" dir="0" index="0" bw="8" slack="0"/>
<pin id="394" dir="0" index="1" bw="32" slack="0"/>
<pin id="395" dir="0" index="2" bw="0" slack="2147483647"/>
<pin id="396" dir="1" index="3" bw="32" slack="2147483647"/>
</pin_list>
<bind>
<opcode="store(28) " fcode="store"/>
<opset="store_ln199/1 store_ln201/2 "/>
</bind>
</comp>

<comp id="411" class="1004" name="NEURONS_STATE_addr_gep_fu_411">
<pin_list>
<pin id="412" dir="0" index="0" bw="1" slack="0"/>
<pin id="413" dir="0" index="1" bw="1" slack="0"/>
<pin id="414" dir="0" index="2" bw="8" slack="0"/>
<pin id="415" dir="1" index="3" bw="8" slack="0"/>
</pin_list>
<bind>
<opcode="getelementptr(29) " fcode="getelementptr"/>
<opset="NEURONS_STATE_addr/1 "/>
</bind>
</comp>

<comp id="418" class="1004" name="grp_access_fu_418">
<pin_list>
<pin id="419" dir="0" index="0" bw="8" slack="0"/>
<pin id="420" dir="0" index="1" bw="1" slack="2147483647"/>
<pin id="421" dir="0" index="2" bw="0" slack="2147483647"/>
<pin id="422" dir="1" index="3" bw="1" slack="0"/>
</pin_list>
<bind>
<opcode="load(27) " fcode="load"/>
<opset="NEURONS_STATE_load/1 "/>
</bind>
</comp>

<comp id="430" class="1004" name="store_ln0_store_fu_430">
<pin_list>
<pin id="431" dir="0" index="0" bw="5" slack="0"/>
<pin id="432" dir="0" index="1" bw="5" slack="0"/>
<pin id="433" dir="1" index="2" bw="0" slack="2147483647"/>
</pin_list>
<bind>
<opcode="store(28) " fcode="store"/>
<opset="store_ln0/1 "/>
</bind>
</comp>

<comp id="435" class="1004" name="i_1_load_fu_435">
<pin_list>
<pin id="436" dir="0" index="0" bw="5" slack="0"/>
<pin id="437" dir="1" index="1" bw="5" slack="0"/>
</pin_list>
<bind>
<opcode="load(27) " fcode="load"/>
<opset="i_1/1 "/>
</bind>
</comp>

<comp id="438" class="1004" name="icmp_ln194_fu_438">
<pin_list>
<pin id="439" dir="0" index="0" bw="5" slack="0"/>
<pin id="440" dir="0" index="1" bw="4" slack="0"/>
<pin id="441" dir="1" index="2" bw="1" slack="1"/>
</pin_list>
<bind>
<opcode="icmp(45) " fcode="icmp"/>
<opset="icmp_ln194/1 "/>
</bind>
</comp>

<comp id="444" class="1004" name="trunc_ln201_cast_cast_cast_fu_444">
<pin_list>
<pin id="445" dir="0" index="0" bw="5" slack="0"/>
<pin id="446" dir="1" index="1" bw="8" slack="0"/>
</pin_list>
<bind>
<opcode="sext(35) " fcode="sext"/>
<opset="trunc_ln201_cast_cast_cast/1 "/>
</bind>
</comp>

<comp id="448" class="1004" name="trunc_ln201_cast_cast_cast_cast_fu_448">
<pin_list>
<pin id="449" dir="0" index="0" bw="5" slack="0"/>
<pin id="450" dir="1" index="1" bw="64" slack="0"/>
</pin_list>
<bind>
<opcode="zext(34) " fcode="zext"/>
<opset="trunc_ln201_cast_cast_cast_cast/1 "/>
</bind>
</comp>

<comp id="459" class="1004" name="icmp_ln197_fu_459">
<pin_list>
<pin id="460" dir="0" index="0" bw="5" slack="0"/>
<pin id="461" dir="0" index="1" bw="5" slack="0"/>
<pin id="462" dir="1" index="2" bw="1" slack="2147483647"/>
</pin_list>
<bind>
<opcode="icmp(45) " fcode="icmp"/>
<opset="icmp_ln197/1 "/>
</bind>
</comp>

<comp id="465" class="1004" name="add_ln201_fu_465">
<pin_list>
<pin id="466" dir="0" index="0" bw="5" slack="0"/>
<pin id="467" dir="0" index="1" bw="3" slack="0"/>
<pin id="468" dir="1" index="2" bw="5" slack="0"/>
</pin_list>
<bind>
<opcode="add(8) " fcode="add"/>
<opset="add_ln201/1 "/>
</bind>
</comp>

<comp id="471" class="1004" name="sext_ln201_fu_471">
<pin_list>
<pin id="472" dir="0" index="0" bw="5" slack="0"/>
<pin id="473" dir="1" index="1" bw="8" slack="0"/>
</pin_list>
<bind>
<opcode="sext(35) " fcode="sext"/>
<opset="sext_ln201/1 "/>
</bind>
</comp>

<comp id="475" class="1004" name="zext_ln201_fu_475">
<pin_list>
<pin id="476" dir="0" index="0" bw="5" slack="0"/>
<pin id="477" dir="1" index="1" bw="64" slack="0"/>
</pin_list>
<bind>
<opcode="zext(34) " fcode="zext"/>
<opset="zext_ln201/1 "/>
</bind>
</comp>

<comp id="480" class="1004" name="zext_ln201_1_fu_480">
<pin_list>
<pin id="481" dir="0" index="0" bw="1" slack="0"/>
<pin id="482" dir="1" index="1" bw="32" slack="0"/>
</pin_list>
<bind>
<opcode="zext(34) " fcode="zext"/>
<opset="zext_ln201_1/2 "/>
</bind>
</comp>

<comp id="485" class="1004" name="add_ln194_fu_485">
<pin_list>
<pin id="486" dir="0" index="0" bw="5" slack="1"/>
<pin id="487" dir="0" index="1" bw="1" slack="0"/>
<pin id="488" dir="1" index="2" bw="5" slack="0"/>
</pin_list>
<bind>
<opcode="add(8) " fcode="add"/>
<opset="add_ln194/2 "/>
</bind>
</comp>

<comp id="490" class="1004" name="store_ln194_store_fu_490">
<pin_list>
<pin id="491" dir="0" index="0" bw="5" slack="0"/>
<pin id="492" dir="0" index="1" bw="5" slack="1"/>
<pin id="493" dir="1" index="2" bw="0" slack="2147483647"/>
</pin_list>
<bind>
<opcode="store(28) " fcode="store"/>
<opset="store_ln194/2 "/>
</bind>
</comp>

<comp id="495" class="1005" name="i_reg_495">
<pin_list>
<pin id="496" dir="0" index="0" bw="5" slack="0"/>
<pin id="497" dir="1" index="1" bw="5" slack="0"/>
</pin_list>
<bind>
<opset="i "/>
</bind>
</comp>

<comp id="502" class="1005" name="i_1_reg_502">
<pin_list>
<pin id="503" dir="0" index="0" bw="5" slack="1"/>
<pin id="504" dir="1" index="1" bw="5" slack="1"/>
</pin_list>
<bind>
<opset="i_1 "/>
</bind>
</comp>

<comp id="507" class="1005" name="icmp_ln194_reg_507">
<pin_list>
<pin id="508" dir="0" index="0" bw="1" slack="1"/>
<pin id="509" dir="1" index="1" bw="1" slack="2147483647"/>
</pin_list>
<bind>
<opset="icmp_ln194 "/>
</bind>
</comp>

<comp id="511" class="1005" name="out_pkts_data_addr_1_reg_511">
<pin_list>
<pin id="512" dir="0" index="0" bw="8" slack="1"/>
<pin id="513" dir="1" index="1" bw="8" slack="1"/>
</pin_list>
<bind>
<opset="out_pkts_data_addr_1 "/>
</bind>
</comp>

<comp id="516" class="1005" name="out_pkts_keep_addr_1_reg_516">
<pin_list>
<pin id="517" dir="0" index="0" bw="8" slack="1"/>
<pin id="518" dir="1" index="1" bw="8" slack="1"/>
</pin_list>
<bind>
<opset="out_pkts_keep_addr_1 "/>
</bind>
</comp>

<comp id="521" class="1005" name="out_pkts_strb_addr_1_reg_521">
<pin_list>
<pin id="522" dir="0" index="0" bw="8" slack="1"/>
<pin id="523" dir="1" index="1" bw="8" slack="1"/>
</pin_list>
<bind>
<opset="out_pkts_strb_addr_1 "/>
</bind>
</comp>

<comp id="526" class="1005" name="out_pkts_user_addr_1_reg_526">
<pin_list>
<pin id="527" dir="0" index="0" bw="8" slack="1"/>
<pin id="528" dir="1" index="1" bw="8" slack="1"/>
</pin_list>
<bind>
<opset="out_pkts_user_addr_1 "/>
</bind>
</comp>

<comp id="531" class="1005" name="out_pkts_last_addr_1_reg_531">
<pin_list>
<pin id="532" dir="0" index="0" bw="8" slack="1"/>
<pin id="533" dir="1" index="1" bw="8" slack="1"/>
</pin_list>
<bind>
<opset="out_pkts_last_addr_1 "/>
</bind>
</comp>

<comp id="536" class="1005" name="out_pkts_id_addr_1_reg_536">
<pin_list>
<pin id="537" dir="0" index="0" bw="8" slack="1"/>
<pin id="538" dir="1" index="1" bw="8" slack="1"/>
</pin_list>
<bind>
<opset="out_pkts_id_addr_1 "/>
</bind>
</comp>

<comp id="541" class="1005" name="out_pkts_dest_addr_1_reg_541">
<pin_list>
<pin id="542" dir="0" index="0" bw="8" slack="1"/>
<pin id="543" dir="1" index="1" bw="8" slack="1"/>
</pin_list>
<bind>
<opset="out_pkts_dest_addr_1 "/>
</bind>
</comp>

<comp id="549" class="1005" name="NEURONS_STATE_addr_reg_549">
<pin_list>
<pin id="550" dir="0" index="0" bw="8" slack="1"/>
<pin id="551" dir="1" index="1" bw="8" slack="1"/>
</pin_list>
<bind>
<opset="NEURONS_STATE_addr "/>
</bind>
</comp>

<comp id="554" class="1005" name="zext_ln201_1_reg_554">
<pin_list>
<pin id="555" dir="0" index="0" bw="32" slack="1"/>
<pin id="556" dir="1" index="1" bw="32" slack="1"/>
</pin_list>
<bind>
<opset="zext_ln201_1 "/>
</bind>
</comp>

</comp_list>

<net_list>
<net id="117"><net_src comp="56" pin="0"/><net_sink comp="114" pin=0"/></net>

<net id="122"><net_src comp="74" pin="0"/><net_sink comp="118" pin=0"/></net>

<net id="123"><net_src comp="52" pin="0"/><net_sink comp="118" pin=1"/></net>

<net id="128"><net_src comp="76" pin="0"/><net_sink comp="124" pin=0"/></net>

<net id="129"><net_src comp="50" pin="0"/><net_sink comp="124" pin=1"/></net>

<net id="134"><net_src comp="78" pin="0"/><net_sink comp="130" pin=0"/></net>

<net id="135"><net_src comp="48" pin="0"/><net_sink comp="130" pin=1"/></net>

<net id="140"><net_src comp="80" pin="0"/><net_sink comp="136" pin=0"/></net>

<net id="141"><net_src comp="46" pin="0"/><net_sink comp="136" pin=1"/></net>

<net id="146"><net_src comp="82" pin="0"/><net_sink comp="142" pin=0"/></net>

<net id="147"><net_src comp="44" pin="0"/><net_sink comp="142" pin=1"/></net>

<net id="152"><net_src comp="82" pin="0"/><net_sink comp="148" pin=0"/></net>

<net id="153"><net_src comp="42" pin="0"/><net_sink comp="148" pin=1"/></net>

<net id="158"><net_src comp="84" pin="0"/><net_sink comp="154" pin=0"/></net>

<net id="159"><net_src comp="40" pin="0"/><net_sink comp="154" pin=1"/></net>

<net id="164"><net_src comp="74" pin="0"/><net_sink comp="160" pin=0"/></net>

<net id="165"><net_src comp="38" pin="0"/><net_sink comp="160" pin=1"/></net>

<net id="170"><net_src comp="76" pin="0"/><net_sink comp="166" pin=0"/></net>

<net id="171"><net_src comp="36" pin="0"/><net_sink comp="166" pin=1"/></net>

<net id="176"><net_src comp="78" pin="0"/><net_sink comp="172" pin=0"/></net>

<net id="177"><net_src comp="34" pin="0"/><net_sink comp="172" pin=1"/></net>

<net id="182"><net_src comp="80" pin="0"/><net_sink comp="178" pin=0"/></net>

<net id="183"><net_src comp="32" pin="0"/><net_sink comp="178" pin=1"/></net>

<net id="188"><net_src comp="82" pin="0"/><net_sink comp="184" pin=0"/></net>

<net id="189"><net_src comp="30" pin="0"/><net_sink comp="184" pin=1"/></net>

<net id="194"><net_src comp="82" pin="0"/><net_sink comp="190" pin=0"/></net>

<net id="195"><net_src comp="28" pin="0"/><net_sink comp="190" pin=1"/></net>

<net id="213"><net_src comp="112" pin="0"/><net_sink comp="196" pin=0"/></net>

<net id="214"><net_src comp="14" pin="0"/><net_sink comp="196" pin=1"/></net>

<net id="215"><net_src comp="16" pin="0"/><net_sink comp="196" pin=2"/></net>

<net id="216"><net_src comp="18" pin="0"/><net_sink comp="196" pin=3"/></net>

<net id="217"><net_src comp="20" pin="0"/><net_sink comp="196" pin=4"/></net>

<net id="218"><net_src comp="22" pin="0"/><net_sink comp="196" pin=5"/></net>

<net id="219"><net_src comp="24" pin="0"/><net_sink comp="196" pin=6"/></net>

<net id="220"><net_src comp="26" pin="0"/><net_sink comp="196" pin=7"/></net>

<net id="226"><net_src comp="0" pin="0"/><net_sink comp="221" pin=0"/></net>

<net id="227"><net_src comp="88" pin="0"/><net_sink comp="221" pin=1"/></net>

<net id="228"><net_src comp="90" pin="0"/><net_sink comp="221" pin=2"/></net>

<net id="234"><net_src comp="2" pin="0"/><net_sink comp="229" pin=0"/></net>

<net id="235"><net_src comp="88" pin="0"/><net_sink comp="229" pin=1"/></net>

<net id="236"><net_src comp="90" pin="0"/><net_sink comp="229" pin=2"/></net>

<net id="242"><net_src comp="4" pin="0"/><net_sink comp="237" pin=0"/></net>

<net id="243"><net_src comp="88" pin="0"/><net_sink comp="237" pin=1"/></net>

<net id="244"><net_src comp="90" pin="0"/><net_sink comp="237" pin=2"/></net>

<net id="250"><net_src comp="6" pin="0"/><net_sink comp="245" pin=0"/></net>

<net id="251"><net_src comp="88" pin="0"/><net_sink comp="245" pin=1"/></net>

<net id="252"><net_src comp="90" pin="0"/><net_sink comp="245" pin=2"/></net>

<net id="258"><net_src comp="8" pin="0"/><net_sink comp="253" pin=0"/></net>

<net id="259"><net_src comp="88" pin="0"/><net_sink comp="253" pin=1"/></net>

<net id="260"><net_src comp="90" pin="0"/><net_sink comp="253" pin=2"/></net>

<net id="266"><net_src comp="10" pin="0"/><net_sink comp="261" pin=0"/></net>

<net id="267"><net_src comp="88" pin="0"/><net_sink comp="261" pin=1"/></net>

<net id="268"><net_src comp="90" pin="0"/><net_sink comp="261" pin=2"/></net>

<net id="274"><net_src comp="12" pin="0"/><net_sink comp="269" pin=0"/></net>

<net id="275"><net_src comp="88" pin="0"/><net_sink comp="269" pin=1"/></net>

<net id="276"><net_src comp="90" pin="0"/><net_sink comp="269" pin=2"/></net>

<net id="282"><net_src comp="12" pin="0"/><net_sink comp="277" pin=0"/></net>

<net id="283"><net_src comp="88" pin="0"/><net_sink comp="277" pin=1"/></net>

<net id="289"><net_src comp="10" pin="0"/><net_sink comp="284" pin=0"/></net>

<net id="290"><net_src comp="88" pin="0"/><net_sink comp="284" pin=1"/></net>

<net id="296"><net_src comp="8" pin="0"/><net_sink comp="291" pin=0"/></net>

<net id="297"><net_src comp="88" pin="0"/><net_sink comp="291" pin=1"/></net>

<net id="303"><net_src comp="6" pin="0"/><net_sink comp="298" pin=0"/></net>

<net id="304"><net_src comp="88" pin="0"/><net_sink comp="298" pin=1"/></net>

<net id="310"><net_src comp="4" pin="0"/><net_sink comp="305" pin=0"/></net>

<net id="311"><net_src comp="88" pin="0"/><net_sink comp="305" pin=1"/></net>

<net id="317"><net_src comp="2" pin="0"/><net_sink comp="312" pin=0"/></net>

<net id="318"><net_src comp="88" pin="0"/><net_sink comp="312" pin=1"/></net>

<net id="324"><net_src comp="0" pin="0"/><net_sink comp="319" pin=0"/></net>

<net id="325"><net_src comp="88" pin="0"/><net_sink comp="319" pin=1"/></net>

<net id="335"><net_src comp="190" pin="2"/><net_sink comp="326" pin=4"/></net>

<net id="336"><net_src comp="284" pin="3"/><net_sink comp="326" pin=2"/></net>

<net id="346"><net_src comp="184" pin="2"/><net_sink comp="337" pin=4"/></net>

<net id="347"><net_src comp="291" pin="3"/><net_sink comp="337" pin=2"/></net>

<net id="357"><net_src comp="178" pin="2"/><net_sink comp="348" pin=4"/></net>

<net id="358"><net_src comp="298" pin="3"/><net_sink comp="348" pin=2"/></net>

<net id="368"><net_src comp="172" pin="2"/><net_sink comp="359" pin=4"/></net>

<net id="369"><net_src comp="305" pin="3"/><net_sink comp="359" pin=2"/></net>

<net id="379"><net_src comp="166" pin="2"/><net_sink comp="370" pin=4"/></net>

<net id="380"><net_src comp="312" pin="3"/><net_sink comp="370" pin=2"/></net>

<net id="390"><net_src comp="160" pin="2"/><net_sink comp="381" pin=4"/></net>

<net id="391"><net_src comp="319" pin="3"/><net_sink comp="381" pin=2"/></net>

<net id="397"><net_src comp="154" pin="2"/><net_sink comp="392" pin=1"/></net>

<net id="398"><net_src comp="269" pin="3"/><net_sink comp="392" pin=0"/></net>

<net id="399"><net_src comp="148" pin="2"/><net_sink comp="326" pin=1"/></net>

<net id="400"><net_src comp="261" pin="3"/><net_sink comp="326" pin=0"/></net>

<net id="401"><net_src comp="142" pin="2"/><net_sink comp="337" pin=1"/></net>

<net id="402"><net_src comp="253" pin="3"/><net_sink comp="337" pin=0"/></net>

<net id="403"><net_src comp="136" pin="2"/><net_sink comp="348" pin=1"/></net>

<net id="404"><net_src comp="245" pin="3"/><net_sink comp="348" pin=0"/></net>

<net id="405"><net_src comp="130" pin="2"/><net_sink comp="359" pin=1"/></net>

<net id="406"><net_src comp="237" pin="3"/><net_sink comp="359" pin=0"/></net>

<net id="407"><net_src comp="124" pin="2"/><net_sink comp="370" pin=1"/></net>

<net id="408"><net_src comp="229" pin="3"/><net_sink comp="370" pin=0"/></net>

<net id="409"><net_src comp="118" pin="2"/><net_sink comp="381" pin=1"/></net>

<net id="410"><net_src comp="221" pin="3"/><net_sink comp="381" pin=0"/></net>

<net id="416"><net_src comp="54" pin="0"/><net_sink comp="411" pin=0"/></net>

<net id="417"><net_src comp="88" pin="0"/><net_sink comp="411" pin=1"/></net>

<net id="423"><net_src comp="411" pin="3"/><net_sink comp="418" pin=0"/></net>

<net id="424"><net_src comp="326" pin="3"/><net_sink comp="196" pin=9"/></net>

<net id="425"><net_src comp="337" pin="3"/><net_sink comp="196" pin=10"/></net>

<net id="426"><net_src comp="348" pin="3"/><net_sink comp="196" pin=11"/></net>

<net id="427"><net_src comp="359" pin="3"/><net_sink comp="196" pin=12"/></net>

<net id="428"><net_src comp="370" pin="3"/><net_sink comp="196" pin=13"/></net>

<net id="429"><net_src comp="381" pin="3"/><net_sink comp="196" pin=14"/></net>

<net id="434"><net_src comp="86" pin="0"/><net_sink comp="430" pin=0"/></net>

<net id="442"><net_src comp="435" pin="1"/><net_sink comp="438" pin=0"/></net>

<net id="443"><net_src comp="96" pin="0"/><net_sink comp="438" pin=1"/></net>

<net id="447"><net_src comp="435" pin="1"/><net_sink comp="444" pin=0"/></net>

<net id="451"><net_src comp="444" pin="1"/><net_sink comp="448" pin=0"/></net>

<net id="452"><net_src comp="448" pin="1"/><net_sink comp="277" pin=2"/></net>

<net id="453"><net_src comp="448" pin="1"/><net_sink comp="284" pin=2"/></net>

<net id="454"><net_src comp="448" pin="1"/><net_sink comp="291" pin=2"/></net>

<net id="455"><net_src comp="448" pin="1"/><net_sink comp="298" pin=2"/></net>

<net id="456"><net_src comp="448" pin="1"/><net_sink comp="305" pin=2"/></net>

<net id="457"><net_src comp="448" pin="1"/><net_sink comp="312" pin=2"/></net>

<net id="458"><net_src comp="448" pin="1"/><net_sink comp="319" pin=2"/></net>

<net id="463"><net_src comp="435" pin="1"/><net_sink comp="459" pin=0"/></net>

<net id="464"><net_src comp="106" pin="0"/><net_sink comp="459" pin=1"/></net>

<net id="469"><net_src comp="435" pin="1"/><net_sink comp="465" pin=0"/></net>

<net id="470"><net_src comp="108" pin="0"/><net_sink comp="465" pin=1"/></net>

<net id="474"><net_src comp="465" pin="2"/><net_sink comp="471" pin=0"/></net>

<net id="478"><net_src comp="471" pin="1"/><net_sink comp="475" pin=0"/></net>

<net id="479"><net_src comp="475" pin="1"/><net_sink comp="411" pin=2"/></net>

<net id="483"><net_src comp="418" pin="3"/><net_sink comp="480" pin=0"/></net>

<net id="484"><net_src comp="480" pin="1"/><net_sink comp="392" pin=1"/></net>

<net id="489"><net_src comp="110" pin="0"/><net_sink comp="485" pin=1"/></net>

<net id="494"><net_src comp="485" pin="2"/><net_sink comp="490" pin=0"/></net>

<net id="498"><net_src comp="114" pin="1"/><net_sink comp="495" pin=0"/></net>

<net id="499"><net_src comp="495" pin="1"/><net_sink comp="430" pin=1"/></net>

<net id="500"><net_src comp="495" pin="1"/><net_sink comp="435" pin=0"/></net>

<net id="501"><net_src comp="495" pin="1"/><net_sink comp="490" pin=1"/></net>

<net id="505"><net_src comp="435" pin="1"/><net_sink comp="502" pin=0"/></net>

<net id="506"><net_src comp="502" pin="1"/><net_sink comp="485" pin=0"/></net>

<net id="510"><net_src comp="438" pin="2"/><net_sink comp="507" pin=0"/></net>

<net id="514"><net_src comp="277" pin="3"/><net_sink comp="511" pin=0"/></net>

<net id="515"><net_src comp="511" pin="1"/><net_sink comp="392" pin=0"/></net>

<net id="519"><net_src comp="284" pin="3"/><net_sink comp="516" pin=0"/></net>

<net id="520"><net_src comp="516" pin="1"/><net_sink comp="326" pin=0"/></net>

<net id="524"><net_src comp="291" pin="3"/><net_sink comp="521" pin=0"/></net>

<net id="525"><net_src comp="521" pin="1"/><net_sink comp="337" pin=0"/></net>

<net id="529"><net_src comp="298" pin="3"/><net_sink comp="526" pin=0"/></net>

<net id="530"><net_src comp="526" pin="1"/><net_sink comp="348" pin=0"/></net>

<net id="534"><net_src comp="305" pin="3"/><net_sink comp="531" pin=0"/></net>

<net id="535"><net_src comp="531" pin="1"/><net_sink comp="359" pin=0"/></net>

<net id="539"><net_src comp="312" pin="3"/><net_sink comp="536" pin=0"/></net>

<net id="540"><net_src comp="536" pin="1"/><net_sink comp="370" pin=0"/></net>

<net id="544"><net_src comp="319" pin="3"/><net_sink comp="541" pin=0"/></net>

<net id="545"><net_src comp="541" pin="1"/><net_sink comp="381" pin=0"/></net>

<net id="552"><net_src comp="411" pin="3"/><net_sink comp="549" pin=0"/></net>

<net id="553"><net_src comp="549" pin="1"/><net_sink comp="418" pin=0"/></net>

<net id="557"><net_src comp="480" pin="1"/><net_sink comp="554" pin=0"/></net>

<net id="558"><net_src comp="554" pin="1"/><net_sink comp="196" pin=8"/></net>

</net_list>

</model> 
---------------- Datapath Model END ------------------

* FSMD analyzer results:
  - Output states:
	Port: out_pkts_dest | {1 }
	Port: out_pkts_id | {1 }
	Port: out_pkts_last | {1 }
	Port: out_pkts_user | {1 }
	Port: out_pkts_strb | {1 }
	Port: out_pkts_keep | {1 }
	Port: out_pkts_data | {1 2 }
	Port: out_stream_V_data_V | {3 }
	Port: out_stream_V_keep_V | {3 }
	Port: out_stream_V_strb_V | {3 }
	Port: out_stream_V_user_V | {3 }
	Port: out_stream_V_last_V | {3 }
	Port: out_stream_V_id_V | {3 }
	Port: out_stream_V_dest_V | {3 }
 - Input state : 
	Port: output_stream_dispatch_Pipeline_VITIS_LOOP_194_2 : out_pkts_dest | {2 3 }
	Port: output_stream_dispatch_Pipeline_VITIS_LOOP_194_2 : out_pkts_id | {2 3 }
	Port: output_stream_dispatch_Pipeline_VITIS_LOOP_194_2 : out_pkts_last | {2 3 }
	Port: output_stream_dispatch_Pipeline_VITIS_LOOP_194_2 : out_pkts_user | {2 3 }
	Port: output_stream_dispatch_Pipeline_VITIS_LOOP_194_2 : out_pkts_strb | {2 3 }
	Port: output_stream_dispatch_Pipeline_VITIS_LOOP_194_2 : out_pkts_keep | {2 3 }
	Port: output_stream_dispatch_Pipeline_VITIS_LOOP_194_2 : in_pkts_keep_0_0_val | {1 }
	Port: output_stream_dispatch_Pipeline_VITIS_LOOP_194_2 : in_pkts_strb_0_0_val | {1 }
	Port: output_stream_dispatch_Pipeline_VITIS_LOOP_194_2 : in_pkts_user_0_0_val | {1 }
	Port: output_stream_dispatch_Pipeline_VITIS_LOOP_194_2 : in_pkts_last_0_0_val | {1 }
	Port: output_stream_dispatch_Pipeline_VITIS_LOOP_194_2 : in_pkts_id_0_0_val | {1 }
	Port: output_stream_dispatch_Pipeline_VITIS_LOOP_194_2 : in_pkts_dest_0_0_val | {1 }
	Port: output_stream_dispatch_Pipeline_VITIS_LOOP_194_2 : in_pkts_data_0_3_val | {1 }
	Port: output_stream_dispatch_Pipeline_VITIS_LOOP_194_2 : in_pkts_keep_0_3_val | {1 }
	Port: output_stream_dispatch_Pipeline_VITIS_LOOP_194_2 : in_pkts_strb_0_3_val | {1 }
	Port: output_stream_dispatch_Pipeline_VITIS_LOOP_194_2 : in_pkts_user_0_3_val | {1 }
	Port: output_stream_dispatch_Pipeline_VITIS_LOOP_194_2 : in_pkts_last_0_3_val | {1 }
	Port: output_stream_dispatch_Pipeline_VITIS_LOOP_194_2 : in_pkts_id_0_3_val | {1 }
	Port: output_stream_dispatch_Pipeline_VITIS_LOOP_194_2 : in_pkts_dest_0_3_val | {1 }
	Port: output_stream_dispatch_Pipeline_VITIS_LOOP_194_2 : NEURONS_STATE | {1 2 }
  - Chain level:
	State 1
		store_ln0 : 1
		i_1 : 1
		icmp_ln194 : 2
		br_ln194 : 3
		trunc_ln201_cast_cast_cast : 2
		trunc_ln201_cast_cast_cast_cast : 3
		out_pkts_data_addr_1 : 4
		out_pkts_keep_addr_1 : 4
		out_pkts_strb_addr_1 : 4
		out_pkts_user_addr_1 : 4
		out_pkts_last_addr_1 : 4
		out_pkts_id_addr_1 : 4
		out_pkts_dest_addr_1 : 4
		store_ln196 : 5
		store_ln196 : 5
		store_ln196 : 5
		store_ln196 : 5
		store_ln196 : 5
		store_ln196 : 5
		icmp_ln197 : 2
		br_ln197 : 3
		store_ln199 : 1
		store_ln199 : 1
		store_ln199 : 1
		store_ln199 : 1
		store_ln199 : 1
		store_ln199 : 1
		store_ln199 : 1
		add_ln201 : 2
		sext_ln201 : 3
		zext_ln201 : 4
		NEURONS_STATE_addr : 5
		NEURONS_STATE_load : 6
	State 2
		zext_ln201_1 : 1
		store_ln201 : 2
		store_ln194 : 1
	State 3
		write_ln202 : 1


============================================================
+ Verbose Summary: Datapath Resource usage 
============================================================

* Functional unit list:
|----------|----------------------------------------|---------|---------|
| Operation|             Functional Unit            |    FF   |   LUT   |
|----------|----------------------------------------|---------|---------|
|   icmp   |            icmp_ln194_fu_438           |    0    |    13   |
|          |            icmp_ln197_fu_459           |    0    |    13   |
|----------|----------------------------------------|---------|---------|
|    add   |            add_ln201_fu_465            |    0    |    13   |
|          |            add_ln194_fu_485            |    0    |    13   |
|----------|----------------------------------------|---------|---------|
|          |  in_pkts_dest_0_3_val_read_read_fu_118 |    0    |    0    |
|          |   in_pkts_id_0_3_val_read_read_fu_124  |    0    |    0    |
|          |  in_pkts_last_0_3_val_read_read_fu_130 |    0    |    0    |
|          |  in_pkts_user_0_3_val_read_read_fu_136 |    0    |    0    |
|          |  in_pkts_strb_0_3_val_read_read_fu_142 |    0    |    0    |
|          |  in_pkts_keep_0_3_val_read_read_fu_148 |    0    |    0    |
|   read   |  in_pkts_data_0_3_val_read_read_fu_154 |    0    |    0    |
|          |  in_pkts_dest_0_0_val_read_read_fu_160 |    0    |    0    |
|          |   in_pkts_id_0_0_val_read_read_fu_166  |    0    |    0    |
|          |  in_pkts_last_0_0_val_read_read_fu_172 |    0    |    0    |
|          |  in_pkts_user_0_0_val_read_read_fu_178 |    0    |    0    |
|          |  in_pkts_strb_0_0_val_read_read_fu_184 |    0    |    0    |
|          |  in_pkts_keep_0_0_val_read_read_fu_190 |    0    |    0    |
|----------|----------------------------------------|---------|---------|
|   write  |        write_ln202_write_fu_196        |    0    |    0    |
|----------|----------------------------------------|---------|---------|
|   sext   |    trunc_ln201_cast_cast_cast_fu_444   |    0    |    0    |
|          |            sext_ln201_fu_471           |    0    |    0    |
|----------|----------------------------------------|---------|---------|
|          | trunc_ln201_cast_cast_cast_cast_fu_448 |    0    |    0    |
|   zext   |            zext_ln201_fu_475           |    0    |    0    |
|          |           zext_ln201_1_fu_480          |    0    |    0    |
|----------|----------------------------------------|---------|---------|
|   Total  |                                        |    0    |    52   |
|----------|----------------------------------------|---------|---------|

Memories:
N/A

* Register list:
+----------------------------+--------+
|                            |   FF   |
+----------------------------+--------+
| NEURONS_STATE_addr_reg_549 |    8   |
|         i_1_reg_502        |    5   |
|          i_reg_495         |    5   |
|     icmp_ln194_reg_507     |    1   |
|out_pkts_data_addr_1_reg_511|    8   |
|out_pkts_dest_addr_1_reg_541|    8   |
| out_pkts_id_addr_1_reg_536 |    8   |
|out_pkts_keep_addr_1_reg_516|    8   |
|out_pkts_last_addr_1_reg_531|    8   |
|out_pkts_strb_addr_1_reg_521|    8   |
|out_pkts_user_addr_1_reg_526|    8   |
|    zext_ln201_1_reg_554    |   32   |
+----------------------------+--------+
|            Total           |   107  |
+----------------------------+--------+

* Multiplexer (MUX) list: 
|-------------------|------|------|------|--------||---------||---------|
|        Comp       |  Pin | Size |  BW  | S x BW ||  Delay  ||   LUT   |
|-------------------|------|------|------|--------||---------||---------|
| grp_access_fu_326 |  p0  |   2  |   8  |   16   ||    9    |
| grp_access_fu_337 |  p0  |   2  |   8  |   16   ||    9    |
| grp_access_fu_348 |  p0  |   2  |   8  |   16   ||    9    |
| grp_access_fu_359 |  p0  |   2  |   8  |   16   ||    9    |
| grp_access_fu_370 |  p0  |   2  |   8  |   16   ||    9    |
| grp_access_fu_381 |  p0  |   2  |   8  |   16   ||    9    |
| grp_access_fu_392 |  p0  |   2  |   8  |   16   ||    9    |
| grp_access_fu_392 |  p1  |   2  |  32  |   64   ||    9    |
| grp_access_fu_418 |  p0  |   2  |   8  |   16   ||    9    |
|-------------------|------|------|------|--------||---------||---------|
|       Total       |      |      |      |   192  ||  14.292 ||    81   |
|-------------------|------|------|------|--------||---------||---------|



* Summary:
+-----------+--------+--------+--------+
|           |  Delay |   FF   |   LUT  |
+-----------+--------+--------+--------+
|  Function |    -   |    0   |   52   |
|   Memory  |    -   |    -   |    -   |
|Multiplexer|   14   |    -   |   81   |
|  Register |    -   |   107  |    -   |
+-----------+--------+--------+--------+
|   Total   |   14   |   107  |   133  |
+-----------+--------+--------+--------+
