

================================================================
== Vitis HLS Report for 'RNI'
================================================================
* Date:           Mon Oct 28 16:02:33 2024

* Version:        2023.1.1 (Build 3869133 on Jun 15 2023)
* Project:        RNI
* Solution:       solution1 (Vivado IP Flow Target)
* Product family: zynq
* Target device:  xc7z020-clg400-1


================================================================
== Performance Estimates
================================================================
+ Timing: 
    * Summary: 
    +--------+----------+----------+------------+
    |  Clock |  Target  | Estimated| Uncertainty|
    +--------+----------+----------+------------+
    |ap_clk  |  10.00 ns|  7.276 ns|     2.70 ns|
    +--------+----------+----------+------------+

+ Latency: 
    * Summary: 
    +---------+---------+----------+----------+-----+-----+---------+
    |  Latency (cycles) |  Latency (absolute) |  Interval | Pipeline|
    |   min   |   max   |    min   |    max   | min | max |   Type  |
    +---------+---------+----------+----------+-----+-----+---------+
    |        ?|        ?|         ?|         ?|    ?|    ?|       no|
    +---------+---------+----------+----------+-----+-----+---------+

    + Detail: 
        * Instance: 
        +-----------------------------------------+------------------------------+---------+---------+-----------+-----------+------+---------+---------+
        |                                         |                              |  Latency (cycles) |   Latency (absolute)  |    Interval    | Pipeline|
        |                 Instance                |            Module            |   min   |   max   |    min    |    max    |  min |   max   |   Type  |
        +-----------------------------------------+------------------------------+---------+---------+-----------+-----------+------+---------+---------+
        |grp_RNI_Pipeline_VITIS_LOOP_27_2_fu_170  |RNI_Pipeline_VITIS_LOOP_27_2  |        6|        6|  60.000 ns|  60.000 ns|     6|        6|       no|
        |grp_input_layer_fu_209                   |input_layer                   |     1281|  8390529|  12.810 us|  83.905 ms|  1281|  8390529|       no|
        |grp_RNI_Pipeline_NEURONS_LOOP_1_fu_223   |RNI_Pipeline_NEURONS_LOOP_1   |       67|       67|   0.670 us|   0.670 us|    67|       67|       no|
        |grp_RNI_Pipeline_NEURONS_LOOP_2_fu_229   |RNI_Pipeline_NEURONS_LOOP_2   |       35|       35|   0.350 us|   0.350 us|    35|       35|       no|
        |grp_RNI_Pipeline_NEURONS_LOOP_3_fu_235   |RNI_Pipeline_NEURONS_LOOP_3   |       19|       19|   0.190 us|   0.190 us|    19|       19|       no|
        |grp_RNI_Pipeline_NEURONS_LOOP_4_fu_241   |RNI_Pipeline_NEURONS_LOOP_4   |        6|        6|  60.000 ns|  60.000 ns|     6|        6|       no|
        |grp_RNI_Pipeline_VITIS_LOOP_38_3_fu_247  |RNI_Pipeline_VITIS_LOOP_38_3  |      246|      246|   2.460 us|   2.460 us|   246|      246|       no|
        +-----------------------------------------+------------------------------+---------+---------+-----------+-----------+------+---------+---------+

        * Loop: 
        +-------------------+---------+---------+----------------+-----------+-----------+------+----------+
        |                   |  Latency (cycles) |    Iteration   |  Initiation Interval  | Trip |          |
        |     Loop Name     |   min   |   max   |     Latency    |  achieved |   target  | Count| Pipelined|
        +-------------------+---------+---------+----------------+-----------+-----------+------+----------+
        |- VITIS_LOOP_25_1  |        ?|        ?|  1674 ~ 8390922|          -|          -|     ?|        no|
        +-------------------+---------+---------+----------------+-----------+-----------+------+----------+

============================================================
+ Verbose Summary: Synthesis Manager
============================================================
InlineROM: 1
ExposeGlobal: 0
============================================================
+ Verbose Summary: CDFG Model
============================================================
IsTopModel: 1
ResetActiveHigh: 1
IsCombinational: 0
IsDatapathOnly: 0
HasWiredReturn: 1
HasMFsm: 0
HasVarLatency: 1
IsPipeline: 0
IsRtlPipelined: 0
IsInstanceOverlapped: 0
IsDontTouch: 0
HasImplIP: 0
IsGatedGlobalClock: 0


============================================================
+ Verbose Summary: Schedule
============================================================
* Number of FSM states : 16
* Pipeline : 0
* Dataflow Pipeline: 0

* FSM state transitions: 
1 --> 2 
2 --> 3 
3 --> 4 
4 --> 5 
5 --> 6 
6 --> 7 
7 --> 8 
8 --> 9 
9 --> 10 
10 --> 11 
11 --> 12 
12 --> 13 
13 --> 14 
14 --> 15 
15 --> 16 2 
16 --> 

* FSM state operations: 

State 1 <SV = 0> <Delay = 0.00>
ST_1 : Operation 17 [1/1] (0.00ns)   --->   "%in_pkts_last_0_099 = alloca i32 1"   --->   Operation 17 'alloca' 'in_pkts_last_0_099' <Predicate = true> <Delay = 0.00>
ST_1 : Operation 18 [1/1] (0.00ns)   --->   "%in_pkts_keep_0_096 = alloca i32 1"   --->   Operation 18 'alloca' 'in_pkts_keep_0_096' <Predicate = true> <Delay = 0.00>
ST_1 : Operation 19 [1/1] (0.00ns)   --->   "%in_pkts_strb_0_097 = alloca i32 1"   --->   Operation 19 'alloca' 'in_pkts_strb_0_097' <Predicate = true> <Delay = 0.00>
ST_1 : Operation 20 [1/1] (0.00ns)   --->   "%in_pkts_user_0_098 = alloca i32 1"   --->   Operation 20 'alloca' 'in_pkts_user_0_098' <Predicate = true> <Delay = 0.00>
ST_1 : Operation 21 [1/1] (0.00ns)   --->   "%in_pkts_id_0_0101 = alloca i32 1"   --->   Operation 21 'alloca' 'in_pkts_id_0_0101' <Predicate = true> <Delay = 0.00>
ST_1 : Operation 22 [1/1] (0.00ns)   --->   "%in_pkts_dest_0_0102 = alloca i32 1"   --->   Operation 22 'alloca' 'in_pkts_dest_0_0102' <Predicate = true> <Delay = 0.00>
ST_1 : Operation 23 [1/1] (0.00ns)   --->   "%in_pkts_data_0_05 = alloca i32 1"   --->   Operation 23 'alloca' 'in_pkts_data_0_05' <Predicate = true> <Delay = 0.00>
ST_1 : Operation 24 [1/1] (0.00ns)   --->   "%in_pkts_data_1_06 = alloca i32 1"   --->   Operation 24 'alloca' 'in_pkts_data_1_06' <Predicate = true> <Delay = 0.00>
ST_1 : Operation 25 [1/1] (0.00ns)   --->   "%in_pkts_data_2_07 = alloca i32 1"   --->   Operation 25 'alloca' 'in_pkts_data_2_07' <Predicate = true> <Delay = 0.00>
ST_1 : Operation 26 [1/1] (0.00ns)   --->   "%in_pkts_data_3_08 = alloca i32 1"   --->   Operation 26 'alloca' 'in_pkts_data_3_08' <Predicate = true> <Delay = 0.00>
ST_1 : Operation 27 [1/1] (0.00ns)   --->   "%out_pkts_keep_loc = alloca i64 1"   --->   Operation 27 'alloca' 'out_pkts_keep_loc' <Predicate = true> <Delay = 0.00>
ST_1 : Operation 28 [1/1] (0.00ns)   --->   "%out_pkts_strb_loc = alloca i64 1"   --->   Operation 28 'alloca' 'out_pkts_strb_loc' <Predicate = true> <Delay = 0.00>
ST_1 : Operation 29 [1/1] (0.00ns)   --->   "%out_pkts_user_loc = alloca i64 1"   --->   Operation 29 'alloca' 'out_pkts_user_loc' <Predicate = true> <Delay = 0.00>
ST_1 : Operation 30 [1/1] (0.00ns)   --->   "%out_pkts_last_loc = alloca i64 1"   --->   Operation 30 'alloca' 'out_pkts_last_loc' <Predicate = true> <Delay = 0.00>
ST_1 : Operation 31 [1/1] (0.00ns)   --->   "%in_pkts_last_3_1_loc = alloca i64 1"   --->   Operation 31 'alloca' 'in_pkts_last_3_1_loc' <Predicate = true> <Delay = 0.00>
ST_1 : Operation 32 [1/1] (0.00ns)   --->   "%out_pkts_id_loc = alloca i64 1"   --->   Operation 32 'alloca' 'out_pkts_id_loc' <Predicate = true> <Delay = 0.00>
ST_1 : Operation 33 [1/1] (0.00ns)   --->   "%out_pkts_dest_loc = alloca i64 1"   --->   Operation 33 'alloca' 'out_pkts_dest_loc' <Predicate = true> <Delay = 0.00>
ST_1 : Operation 34 [1/1] (0.00ns)   --->   "%in_pkts_data_0_1_loc = alloca i64 1"   --->   Operation 34 'alloca' 'in_pkts_data_0_1_loc' <Predicate = true> <Delay = 0.00>
ST_1 : Operation 35 [1/1] (0.00ns)   --->   "%in_pkts_data_1_1_loc = alloca i64 1"   --->   Operation 35 'alloca' 'in_pkts_data_1_1_loc' <Predicate = true> <Delay = 0.00>
ST_1 : Operation 36 [1/1] (0.00ns)   --->   "%in_pkts_data_2_1_loc = alloca i64 1"   --->   Operation 36 'alloca' 'in_pkts_data_2_1_loc' <Predicate = true> <Delay = 0.00>
ST_1 : Operation 37 [1/1] (0.00ns)   --->   "%in_pkts_data_3_1_loc = alloca i64 1"   --->   Operation 37 'alloca' 'in_pkts_data_3_1_loc' <Predicate = true> <Delay = 0.00>
ST_1 : Operation 38 [1/1] (0.00ns)   --->   "%spectopmodule_ln14 = spectopmodule void @_ssdm_op_SpecTopModule, void @empty_16" [src/RNI.cpp:14]   --->   Operation 38 'spectopmodule' 'spectopmodule_ln14' <Predicate = true> <Delay = 0.00>
ST_1 : Operation 39 [1/1] (0.00ns)   --->   "%specinterface_ln0 = specinterface void @_ssdm_op_SpecInterface, i32 %in_stream_V_data_V, i4 %in_stream_V_keep_V, i4 %in_stream_V_strb_V, i2 %in_stream_V_user_V, i1 %in_stream_V_last_V, i5 %in_stream_V_id_V, i6 %in_stream_V_dest_V, void @empty_1, i32 1, i32 1, void @empty_2, i32 0, i32 0, void @empty_3, void @empty_3, void @empty_3, i32 0, i32 0, i32 0, i32 0, void @empty_3, void @empty_3, i32 4294967295, i32 0"   --->   Operation 39 'specinterface' 'specinterface_ln0' <Predicate = true> <Delay = 0.00>
ST_1 : Operation 40 [1/1] (0.00ns)   --->   "%specbitsmap_ln0 = specbitsmap void @_ssdm_op_SpecBitsMap, i32 %in_stream_V_data_V"   --->   Operation 40 'specbitsmap' 'specbitsmap_ln0' <Predicate = true> <Delay = 0.00>
ST_1 : Operation 41 [1/1] (0.00ns)   --->   "%specbitsmap_ln0 = specbitsmap void @_ssdm_op_SpecBitsMap, i4 %in_stream_V_keep_V"   --->   Operation 41 'specbitsmap' 'specbitsmap_ln0' <Predicate = true> <Delay = 0.00>
ST_1 : Operation 42 [1/1] (0.00ns)   --->   "%specbitsmap_ln0 = specbitsmap void @_ssdm_op_SpecBitsMap, i4 %in_stream_V_strb_V"   --->   Operation 42 'specbitsmap' 'specbitsmap_ln0' <Predicate = true> <Delay = 0.00>
ST_1 : Operation 43 [1/1] (0.00ns)   --->   "%specbitsmap_ln0 = specbitsmap void @_ssdm_op_SpecBitsMap, i2 %in_stream_V_user_V"   --->   Operation 43 'specbitsmap' 'specbitsmap_ln0' <Predicate = true> <Delay = 0.00>
ST_1 : Operation 44 [1/1] (0.00ns)   --->   "%specbitsmap_ln0 = specbitsmap void @_ssdm_op_SpecBitsMap, i1 %in_stream_V_last_V"   --->   Operation 44 'specbitsmap' 'specbitsmap_ln0' <Predicate = true> <Delay = 0.00>
ST_1 : Operation 45 [1/1] (0.00ns)   --->   "%specbitsmap_ln0 = specbitsmap void @_ssdm_op_SpecBitsMap, i5 %in_stream_V_id_V"   --->   Operation 45 'specbitsmap' 'specbitsmap_ln0' <Predicate = true> <Delay = 0.00>
ST_1 : Operation 46 [1/1] (0.00ns)   --->   "%specbitsmap_ln0 = specbitsmap void @_ssdm_op_SpecBitsMap, i6 %in_stream_V_dest_V"   --->   Operation 46 'specbitsmap' 'specbitsmap_ln0' <Predicate = true> <Delay = 0.00>
ST_1 : Operation 47 [1/1] (0.00ns)   --->   "%specinterface_ln0 = specinterface void @_ssdm_op_SpecInterface, i32 %out_stream_V_data_V, i4 %out_stream_V_keep_V, i4 %out_stream_V_strb_V, i2 %out_stream_V_user_V, i1 %out_stream_V_last_V, i5 %out_stream_V_id_V, i6 %out_stream_V_dest_V, void @empty_1, i32 1, i32 1, void @empty_2, i32 0, i32 0, void @empty_3, void @empty_3, void @empty_3, i32 0, i32 0, i32 0, i32 0, void @empty_3, void @empty_3, i32 4294967295, i32 0"   --->   Operation 47 'specinterface' 'specinterface_ln0' <Predicate = true> <Delay = 0.00>
ST_1 : Operation 48 [1/1] (0.00ns)   --->   "%specbitsmap_ln0 = specbitsmap void @_ssdm_op_SpecBitsMap, i32 %out_stream_V_data_V"   --->   Operation 48 'specbitsmap' 'specbitsmap_ln0' <Predicate = true> <Delay = 0.00>
ST_1 : Operation 49 [1/1] (0.00ns)   --->   "%specbitsmap_ln0 = specbitsmap void @_ssdm_op_SpecBitsMap, i4 %out_stream_V_keep_V"   --->   Operation 49 'specbitsmap' 'specbitsmap_ln0' <Predicate = true> <Delay = 0.00>
ST_1 : Operation 50 [1/1] (0.00ns)   --->   "%specbitsmap_ln0 = specbitsmap void @_ssdm_op_SpecBitsMap, i4 %out_stream_V_strb_V"   --->   Operation 50 'specbitsmap' 'specbitsmap_ln0' <Predicate = true> <Delay = 0.00>
ST_1 : Operation 51 [1/1] (0.00ns)   --->   "%specbitsmap_ln0 = specbitsmap void @_ssdm_op_SpecBitsMap, i2 %out_stream_V_user_V"   --->   Operation 51 'specbitsmap' 'specbitsmap_ln0' <Predicate = true> <Delay = 0.00>
ST_1 : Operation 52 [1/1] (0.00ns)   --->   "%specbitsmap_ln0 = specbitsmap void @_ssdm_op_SpecBitsMap, i1 %out_stream_V_last_V"   --->   Operation 52 'specbitsmap' 'specbitsmap_ln0' <Predicate = true> <Delay = 0.00>
ST_1 : Operation 53 [1/1] (0.00ns)   --->   "%specbitsmap_ln0 = specbitsmap void @_ssdm_op_SpecBitsMap, i5 %out_stream_V_id_V"   --->   Operation 53 'specbitsmap' 'specbitsmap_ln0' <Predicate = true> <Delay = 0.00>
ST_1 : Operation 54 [1/1] (0.00ns)   --->   "%specbitsmap_ln0 = specbitsmap void @_ssdm_op_SpecBitsMap, i6 %out_stream_V_dest_V"   --->   Operation 54 'specbitsmap' 'specbitsmap_ln0' <Predicate = true> <Delay = 0.00>
ST_1 : Operation 55 [1/1] (0.00ns)   --->   "%specinterface_ln0 = specinterface void @_ssdm_op_SpecInterface, i32 0, void @empty_4, i32 0, i32 0, void @empty_3, i32 0, i32 0, void @empty_10, void @empty_3, void @empty_3, i32 0, i32 0, i32 0, i32 0, void @empty_3, void @empty_3, i32 4294967295, i32 0"   --->   Operation 55 'specinterface' 'specinterface_ln0' <Predicate = true> <Delay = 0.00>
ST_1 : Operation 56 [1/1] (0.00ns)   --->   "%specaxissidechannel_ln25 = specaxissidechannel void @_ssdm_op_SpecAXISSideChannel, i32 %out_stream_V_data_V, i4 %out_stream_V_keep_V, i4 %out_stream_V_strb_V, i2 %out_stream_V_user_V, i1 %out_stream_V_last_V, i5 %out_stream_V_id_V, i6 %out_stream_V_dest_V, void @empty_8" [src/RNI.cpp:25]   --->   Operation 56 'specaxissidechannel' 'specaxissidechannel_ln25' <Predicate = true> <Delay = 0.00>
ST_1 : Operation 57 [1/1] (0.00ns)   --->   "%specaxissidechannel_ln25 = specaxissidechannel void @_ssdm_op_SpecAXISSideChannel, i32 %in_stream_V_data_V, i4 %in_stream_V_keep_V, i4 %in_stream_V_strb_V, i2 %in_stream_V_user_V, i1 %in_stream_V_last_V, i5 %in_stream_V_id_V, i6 %in_stream_V_dest_V, void @empty_7" [src/RNI.cpp:25]   --->   Operation 57 'specaxissidechannel' 'specaxissidechannel_ln25' <Predicate = true> <Delay = 0.00>
ST_1 : Operation 58 [1/1] (0.00ns)   --->   "%br_ln25 = br void %VITIS_LOOP_27_2" [src/RNI.cpp:25]   --->   Operation 58 'br' 'br_ln25' <Predicate = true> <Delay = 0.00>

State 2 <SV = 1> <Delay = 4.39>
ST_2 : Operation 59 [1/1] (0.00ns)   --->   "%in_pkts_last_0_099_load = load i1 %in_pkts_last_0_099"   --->   Operation 59 'load' 'in_pkts_last_0_099_load' <Predicate = true> <Delay = 0.00>
ST_2 : Operation 60 [1/1] (0.00ns)   --->   "%in_pkts_keep_0_096_load = load i4 %in_pkts_keep_0_096"   --->   Operation 60 'load' 'in_pkts_keep_0_096_load' <Predicate = true> <Delay = 0.00>
ST_2 : Operation 61 [1/1] (0.00ns)   --->   "%in_pkts_strb_0_097_load = load i4 %in_pkts_strb_0_097"   --->   Operation 61 'load' 'in_pkts_strb_0_097_load' <Predicate = true> <Delay = 0.00>
ST_2 : Operation 62 [1/1] (0.00ns)   --->   "%in_pkts_user_0_098_load = load i2 %in_pkts_user_0_098"   --->   Operation 62 'load' 'in_pkts_user_0_098_load' <Predicate = true> <Delay = 0.00>
ST_2 : Operation 63 [1/1] (0.00ns)   --->   "%in_pkts_id_0_0101_load = load i5 %in_pkts_id_0_0101"   --->   Operation 63 'load' 'in_pkts_id_0_0101_load' <Predicate = true> <Delay = 0.00>
ST_2 : Operation 64 [1/1] (0.00ns)   --->   "%in_pkts_dest_0_0102_load = load i6 %in_pkts_dest_0_0102"   --->   Operation 64 'load' 'in_pkts_dest_0_0102_load' <Predicate = true> <Delay = 0.00>
ST_2 : Operation 65 [1/1] (0.00ns)   --->   "%in_pkts_data_0_05_load = load i32 %in_pkts_data_0_05"   --->   Operation 65 'load' 'in_pkts_data_0_05_load' <Predicate = true> <Delay = 0.00>
ST_2 : Operation 66 [1/1] (0.00ns)   --->   "%in_pkts_data_1_06_load = load i32 %in_pkts_data_1_06"   --->   Operation 66 'load' 'in_pkts_data_1_06_load' <Predicate = true> <Delay = 0.00>
ST_2 : Operation 67 [1/1] (0.00ns)   --->   "%in_pkts_data_2_07_load = load i32 %in_pkts_data_2_07"   --->   Operation 67 'load' 'in_pkts_data_2_07_load' <Predicate = true> <Delay = 0.00>
ST_2 : Operation 68 [1/1] (0.00ns)   --->   "%in_pkts_data_3_08_load = load i32 %in_pkts_data_3_08"   --->   Operation 68 'load' 'in_pkts_data_3_08_load' <Predicate = true> <Delay = 0.00>
ST_2 : Operation 69 [1/1] (0.00ns)   --->   "%empty = wait i32 @_ssdm_op_Wait"   --->   Operation 69 'wait' 'empty' <Predicate = true> <Delay = 0.00>
ST_2 : Operation 70 [2/2] (4.39ns)   --->   "%call_ln0 = call void @RNI_Pipeline_VITIS_LOOP_27_2, i32 %in_pkts_data_3_08_load, i32 %in_pkts_data_2_07_load, i32 %in_pkts_data_1_06_load, i32 %in_pkts_data_0_05_load, i6 %in_pkts_dest_0_0102_load, i5 %in_pkts_id_0_0101_load, i1 %in_pkts_last_0_099_load, i2 %in_pkts_user_0_098_load, i4 %in_pkts_strb_0_097_load, i4 %in_pkts_keep_0_096_load, i32 %in_stream_V_data_V, i4 %in_stream_V_keep_V, i4 %in_stream_V_strb_V, i2 %in_stream_V_user_V, i1 %in_stream_V_last_V, i5 %in_stream_V_id_V, i6 %in_stream_V_dest_V, i32 %in_pkts_data_3_1_loc, i32 %in_pkts_data_2_1_loc, i32 %in_pkts_data_1_1_loc, i32 %in_pkts_data_0_1_loc, i6 %out_pkts_dest_loc, i5 %out_pkts_id_loc, i1 %in_pkts_last_3_1_loc, i1 %out_pkts_last_loc, i2 %out_pkts_user_loc, i4 %out_pkts_strb_loc, i4 %out_pkts_keep_loc"   --->   Operation 70 'call' 'call_ln0' <Predicate = true> <Delay = 4.39> <CoreType = "Generic">   --->   Core 0 '' <Latency = 0> <II = 1> <Delay = 1.00> <Generic> <Opcode : >

State 3 <SV = 2> <Delay = 3.23>
ST_3 : Operation 71 [1/2] (3.23ns)   --->   "%call_ln0 = call void @RNI_Pipeline_VITIS_LOOP_27_2, i32 %in_pkts_data_3_08_load, i32 %in_pkts_data_2_07_load, i32 %in_pkts_data_1_06_load, i32 %in_pkts_data_0_05_load, i6 %in_pkts_dest_0_0102_load, i5 %in_pkts_id_0_0101_load, i1 %in_pkts_last_0_099_load, i2 %in_pkts_user_0_098_load, i4 %in_pkts_strb_0_097_load, i4 %in_pkts_keep_0_096_load, i32 %in_stream_V_data_V, i4 %in_stream_V_keep_V, i4 %in_stream_V_strb_V, i2 %in_stream_V_user_V, i1 %in_stream_V_last_V, i5 %in_stream_V_id_V, i6 %in_stream_V_dest_V, i32 %in_pkts_data_3_1_loc, i32 %in_pkts_data_2_1_loc, i32 %in_pkts_data_1_1_loc, i32 %in_pkts_data_0_1_loc, i6 %out_pkts_dest_loc, i5 %out_pkts_id_loc, i1 %in_pkts_last_3_1_loc, i1 %out_pkts_last_loc, i2 %out_pkts_user_loc, i4 %out_pkts_strb_loc, i4 %out_pkts_keep_loc"   --->   Operation 71 'call' 'call_ln0' <Predicate = true> <Delay = 3.23> <CoreType = "Generic">   --->   Core 0 '' <Latency = 0> <II = 1> <Delay = 1.00> <Generic> <Opcode : >

State 4 <SV = 3> <Delay = 0.00>
ST_4 : Operation 72 [1/1] (0.00ns)   --->   "%in_pkts_data_3_1_loc_load = load i32 %in_pkts_data_3_1_loc"   --->   Operation 72 'load' 'in_pkts_data_3_1_loc_load' <Predicate = true> <Delay = 0.00>
ST_4 : Operation 73 [1/1] (0.00ns)   --->   "%in_pkts_data_2_1_loc_load = load i32 %in_pkts_data_2_1_loc"   --->   Operation 73 'load' 'in_pkts_data_2_1_loc_load' <Predicate = true> <Delay = 0.00>
ST_4 : Operation 74 [1/1] (0.00ns)   --->   "%in_pkts_data_1_1_loc_load = load i32 %in_pkts_data_1_1_loc"   --->   Operation 74 'load' 'in_pkts_data_1_1_loc_load' <Predicate = true> <Delay = 0.00>
ST_4 : Operation 75 [1/1] (0.00ns)   --->   "%in_pkts_data_0_1_loc_load = load i32 %in_pkts_data_0_1_loc"   --->   Operation 75 'load' 'in_pkts_data_0_1_loc_load' <Predicate = true> <Delay = 0.00>
ST_4 : Operation 76 [1/1] (0.00ns)   --->   "%empty_42 = wait i32 @_ssdm_op_Wait"   --->   Operation 76 'wait' 'empty_42' <Predicate = true> <Delay = 0.00>
ST_4 : Operation 77 [1/1] (0.00ns)   --->   "%empty_43 = trunc i32 %in_pkts_data_3_1_loc_load"   --->   Operation 77 'trunc' 'empty_43' <Predicate = true> <Delay = 0.00>
ST_4 : Operation 78 [1/1] (0.00ns)   --->   "%empty_44 = trunc i32 %in_pkts_data_2_1_loc_load"   --->   Operation 78 'trunc' 'empty_44' <Predicate = true> <Delay = 0.00>
ST_4 : Operation 79 [1/1] (0.00ns)   --->   "%empty_45 = trunc i32 %in_pkts_data_1_1_loc_load"   --->   Operation 79 'trunc' 'empty_45' <Predicate = true> <Delay = 0.00>
ST_4 : Operation 80 [1/1] (0.00ns)   --->   "%empty_46 = trunc i32 %in_pkts_data_0_1_loc_load"   --->   Operation 80 'trunc' 'empty_46' <Predicate = true> <Delay = 0.00>
ST_4 : Operation 81 [2/2] (0.00ns)   --->   "%call_ln30 = call void @input_layer, i16 %empty_46, i16 %empty_45, i16 %empty_44, i16 %empty_43, i16 %NEURONS_MEMBRANE, i14 %WEIGHTS_INDEX, i8 %WEIGHTS" [src/RNI.cpp:30]   --->   Operation 81 'call' 'call_ln30' <Predicate = true> <Delay = 0.00> <CoreType = "Generic">   --->   Core 0 '' <Latency = 0> <II = 1> <Delay = 1.00> <Generic> <Opcode : >

State 5 <SV = 4> <Delay = 0.00>
ST_5 : Operation 82 [1/2] (0.00ns)   --->   "%call_ln30 = call void @input_layer, i16 %empty_46, i16 %empty_45, i16 %empty_44, i16 %empty_43, i16 %NEURONS_MEMBRANE, i14 %WEIGHTS_INDEX, i8 %WEIGHTS" [src/RNI.cpp:30]   --->   Operation 82 'call' 'call_ln30' <Predicate = true> <Delay = 0.00> <CoreType = "Generic">   --->   Core 0 '' <Latency = 0> <II = 1> <Delay = 1.00> <Generic> <Opcode : >

State 6 <SV = 5> <Delay = 0.00>
ST_6 : Operation 83 [2/2] (0.00ns)   --->   "%call_ln0 = call void @RNI_Pipeline_NEURONS_LOOP_1, i16 %NEURONS_MEMBRANE"   --->   Operation 83 'call' 'call_ln0' <Predicate = true> <Delay = 0.00> <CoreType = "Generic">   --->   Core 0 '' <Latency = 0> <II = 1> <Delay = 1.00> <Generic> <Opcode : >

State 7 <SV = 6> <Delay = 0.00>
ST_7 : Operation 84 [1/2] (0.00ns)   --->   "%call_ln0 = call void @RNI_Pipeline_NEURONS_LOOP_1, i16 %NEURONS_MEMBRANE"   --->   Operation 84 'call' 'call_ln0' <Predicate = true> <Delay = 0.00> <CoreType = "Generic">   --->   Core 0 '' <Latency = 0> <II = 1> <Delay = 1.00> <Generic> <Opcode : >

State 8 <SV = 7> <Delay = 0.00>
ST_8 : Operation 85 [2/2] (0.00ns)   --->   "%call_ln0 = call void @RNI_Pipeline_NEURONS_LOOP_2, i16 %NEURONS_MEMBRANE"   --->   Operation 85 'call' 'call_ln0' <Predicate = true> <Delay = 0.00> <CoreType = "Generic">   --->   Core 0 '' <Latency = 0> <II = 1> <Delay = 1.00> <Generic> <Opcode : >

State 9 <SV = 8> <Delay = 0.00>
ST_9 : Operation 86 [1/2] (0.00ns)   --->   "%call_ln0 = call void @RNI_Pipeline_NEURONS_LOOP_2, i16 %NEURONS_MEMBRANE"   --->   Operation 86 'call' 'call_ln0' <Predicate = true> <Delay = 0.00> <CoreType = "Generic">   --->   Core 0 '' <Latency = 0> <II = 1> <Delay = 1.00> <Generic> <Opcode : >

State 10 <SV = 9> <Delay = 0.00>
ST_10 : Operation 87 [2/2] (0.00ns)   --->   "%call_ln0 = call void @RNI_Pipeline_NEURONS_LOOP_3, i16 %NEURONS_MEMBRANE"   --->   Operation 87 'call' 'call_ln0' <Predicate = true> <Delay = 0.00> <CoreType = "Generic">   --->   Core 0 '' <Latency = 0> <II = 1> <Delay = 1.00> <Generic> <Opcode : >

State 11 <SV = 10> <Delay = 0.00>
ST_11 : Operation 88 [1/2] (0.00ns)   --->   "%call_ln0 = call void @RNI_Pipeline_NEURONS_LOOP_3, i16 %NEURONS_MEMBRANE"   --->   Operation 88 'call' 'call_ln0' <Predicate = true> <Delay = 0.00> <CoreType = "Generic">   --->   Core 0 '' <Latency = 0> <II = 1> <Delay = 1.00> <Generic> <Opcode : >

State 12 <SV = 11> <Delay = 0.00>
ST_12 : Operation 89 [2/2] (0.00ns)   --->   "%call_ln0 = call void @RNI_Pipeline_NEURONS_LOOP_4, i16 %NEURONS_MEMBRANE"   --->   Operation 89 'call' 'call_ln0' <Predicate = true> <Delay = 0.00> <CoreType = "Generic">   --->   Core 0 '' <Latency = 0> <II = 1> <Delay = 1.00> <Generic> <Opcode : >

State 13 <SV = 12> <Delay = 0.00>
ST_13 : Operation 90 [1/2] (0.00ns)   --->   "%call_ln0 = call void @RNI_Pipeline_NEURONS_LOOP_4, i16 %NEURONS_MEMBRANE"   --->   Operation 90 'call' 'call_ln0' <Predicate = true> <Delay = 0.00> <CoreType = "Generic">   --->   Core 0 '' <Latency = 0> <II = 1> <Delay = 1.00> <Generic> <Opcode : >

State 14 <SV = 13> <Delay = 0.00>
ST_14 : Operation 91 [1/1] (0.00ns)   --->   "%out_pkts_dest_loc_load = load i6 %out_pkts_dest_loc"   --->   Operation 91 'load' 'out_pkts_dest_loc_load' <Predicate = true> <Delay = 0.00>
ST_14 : Operation 92 [1/1] (0.00ns)   --->   "%out_pkts_id_loc_load = load i5 %out_pkts_id_loc"   --->   Operation 92 'load' 'out_pkts_id_loc_load' <Predicate = true> <Delay = 0.00>
ST_14 : Operation 93 [1/1] (0.00ns)   --->   "%out_pkts_last_loc_load = load i1 %out_pkts_last_loc"   --->   Operation 93 'load' 'out_pkts_last_loc_load' <Predicate = true> <Delay = 0.00>
ST_14 : Operation 94 [1/1] (0.00ns)   --->   "%out_pkts_user_loc_load = load i2 %out_pkts_user_loc"   --->   Operation 94 'load' 'out_pkts_user_loc_load' <Predicate = true> <Delay = 0.00>
ST_14 : Operation 95 [1/1] (0.00ns)   --->   "%out_pkts_strb_loc_load = load i4 %out_pkts_strb_loc"   --->   Operation 95 'load' 'out_pkts_strb_loc_load' <Predicate = true> <Delay = 0.00>
ST_14 : Operation 96 [1/1] (0.00ns)   --->   "%out_pkts_keep_loc_load = load i4 %out_pkts_keep_loc"   --->   Operation 96 'load' 'out_pkts_keep_loc_load' <Predicate = true> <Delay = 0.00>
ST_14 : Operation 97 [1/1] (0.00ns)   --->   "%empty_47 = wait i32 @_ssdm_op_Wait"   --->   Operation 97 'wait' 'empty_47' <Predicate = true> <Delay = 0.00>
ST_14 : Operation 98 [2/2] (0.00ns)   --->   "%call_ln0 = call void @RNI_Pipeline_VITIS_LOOP_38_3, i4 %out_pkts_keep_loc_load, i4 %out_pkts_strb_loc_load, i2 %out_pkts_user_loc_load, i1 %out_pkts_last_loc_load, i5 %out_pkts_id_loc_load, i6 %out_pkts_dest_loc_load, i32 %out_stream_V_data_V, i4 %out_stream_V_keep_V, i4 %out_stream_V_strb_V, i2 %out_stream_V_user_V, i1 %out_stream_V_last_V, i5 %out_stream_V_id_V, i6 %out_stream_V_dest_V, i16 %NEURONS_MEMBRANE"   --->   Operation 98 'call' 'call_ln0' <Predicate = true> <Delay = 0.00> <CoreType = "Generic">   --->   Core 0 '' <Latency = 0> <II = 1> <Delay = 1.00> <Generic> <Opcode : >
ST_14 : Operation 99 [1/1] (0.00ns)   --->   "%store_ln46 = store i1 %out_pkts_last_loc_load, i1 %in_pkts_last_0_099" [src/RNI.cpp:46]   --->   Operation 99 'store' 'store_ln46' <Predicate = true> <Delay = 0.00>

State 15 <SV = 14> <Delay = 3.25>
ST_15 : Operation 100 [1/1] (0.00ns)   --->   "%specloopname_ln25 = specloopname void @_ssdm_op_SpecLoopName, void @empty_13" [src/RNI.cpp:25]   --->   Operation 100 'specloopname' 'specloopname_ln25' <Predicate = true> <Delay = 0.00>
ST_15 : Operation 101 [1/1] (0.00ns)   --->   "%in_pkts_last_3_1_loc_load = load i1 %in_pkts_last_3_1_loc"   --->   Operation 101 'load' 'in_pkts_last_3_1_loc_load' <Predicate = true> <Delay = 0.00>
ST_15 : Operation 102 [1/2] (3.25ns)   --->   "%call_ln0 = call void @RNI_Pipeline_VITIS_LOOP_38_3, i4 %out_pkts_keep_loc_load, i4 %out_pkts_strb_loc_load, i2 %out_pkts_user_loc_load, i1 %out_pkts_last_loc_load, i5 %out_pkts_id_loc_load, i6 %out_pkts_dest_loc_load, i32 %out_stream_V_data_V, i4 %out_stream_V_keep_V, i4 %out_stream_V_strb_V, i2 %out_stream_V_user_V, i1 %out_stream_V_last_V, i5 %out_stream_V_id_V, i6 %out_stream_V_dest_V, i16 %NEURONS_MEMBRANE"   --->   Operation 102 'call' 'call_ln0' <Predicate = true> <Delay = 3.25> <CoreType = "Generic">   --->   Core 0 '' <Latency = 0> <II = 1> <Delay = 1.00> <Generic> <Opcode : >
ST_15 : Operation 103 [1/1] (0.00ns)   --->   "%br_ln46 = br i1 %in_pkts_last_3_1_loc_load, void %if.end, void %while.end" [src/RNI.cpp:46]   --->   Operation 103 'br' 'br_ln46' <Predicate = true> <Delay = 0.00>
ST_15 : Operation 104 [1/1] (0.00ns)   --->   "%store_ln25 = store i32 %in_pkts_data_3_1_loc_load, i32 %in_pkts_data_3_08" [src/RNI.cpp:25]   --->   Operation 104 'store' 'store_ln25' <Predicate = (!in_pkts_last_3_1_loc_load)> <Delay = 0.00>
ST_15 : Operation 105 [1/1] (0.00ns)   --->   "%store_ln25 = store i32 %in_pkts_data_2_1_loc_load, i32 %in_pkts_data_2_07" [src/RNI.cpp:25]   --->   Operation 105 'store' 'store_ln25' <Predicate = (!in_pkts_last_3_1_loc_load)> <Delay = 0.00>
ST_15 : Operation 106 [1/1] (0.00ns)   --->   "%store_ln25 = store i32 %in_pkts_data_1_1_loc_load, i32 %in_pkts_data_1_06" [src/RNI.cpp:25]   --->   Operation 106 'store' 'store_ln25' <Predicate = (!in_pkts_last_3_1_loc_load)> <Delay = 0.00>
ST_15 : Operation 107 [1/1] (0.00ns)   --->   "%store_ln25 = store i32 %in_pkts_data_0_1_loc_load, i32 %in_pkts_data_0_05" [src/RNI.cpp:25]   --->   Operation 107 'store' 'store_ln25' <Predicate = (!in_pkts_last_3_1_loc_load)> <Delay = 0.00>
ST_15 : Operation 108 [1/1] (0.00ns)   --->   "%store_ln25 = store i6 %out_pkts_dest_loc_load, i6 %in_pkts_dest_0_0102" [src/RNI.cpp:25]   --->   Operation 108 'store' 'store_ln25' <Predicate = (!in_pkts_last_3_1_loc_load)> <Delay = 0.00>
ST_15 : Operation 109 [1/1] (0.00ns)   --->   "%store_ln25 = store i5 %out_pkts_id_loc_load, i5 %in_pkts_id_0_0101" [src/RNI.cpp:25]   --->   Operation 109 'store' 'store_ln25' <Predicate = (!in_pkts_last_3_1_loc_load)> <Delay = 0.00>
ST_15 : Operation 110 [1/1] (0.00ns)   --->   "%store_ln25 = store i2 %out_pkts_user_loc_load, i2 %in_pkts_user_0_098" [src/RNI.cpp:25]   --->   Operation 110 'store' 'store_ln25' <Predicate = (!in_pkts_last_3_1_loc_load)> <Delay = 0.00>
ST_15 : Operation 111 [1/1] (0.00ns)   --->   "%store_ln25 = store i4 %out_pkts_strb_loc_load, i4 %in_pkts_strb_0_097" [src/RNI.cpp:25]   --->   Operation 111 'store' 'store_ln25' <Predicate = (!in_pkts_last_3_1_loc_load)> <Delay = 0.00>
ST_15 : Operation 112 [1/1] (0.00ns)   --->   "%store_ln25 = store i4 %out_pkts_keep_loc_load, i4 %in_pkts_keep_0_096" [src/RNI.cpp:25]   --->   Operation 112 'store' 'store_ln25' <Predicate = (!in_pkts_last_3_1_loc_load)> <Delay = 0.00>
ST_15 : Operation 113 [1/1] (0.00ns)   --->   "%br_ln25 = br void %VITIS_LOOP_27_2" [src/RNI.cpp:25]   --->   Operation 113 'br' 'br_ln25' <Predicate = (!in_pkts_last_3_1_loc_load)> <Delay = 0.00>

State 16 <SV = 15> <Delay = 0.00>
ST_16 : Operation 114 [1/1] (0.00ns)   --->   "%ret_ln51 = ret" [src/RNI.cpp:51]   --->   Operation 114 'ret' 'ret_ln51' <Predicate = true> <Delay = 0.00>


============================================================
+ Verbose Summary: Binding
============================================================
STG Binding: 
---------------- STG Properties BEGIN ----------------
- Is combinational: 0
- Is one-state seq: 0
- Is datapath-only: 0
- Is pipelined: 0
- Is top level: 1
Port [ Return ] is wired: 1; IO mode=ap_ctrl_hs:ce=0
Port [ in_stream_V_data_V]:  wired=1; compound=1; hidden=0; nouse=0; global=0; static=0; extern=0; dir=0; type=0; pingpong=0; private_global=0; IO mode=axis:ce=0
Port [ in_stream_V_keep_V]:  wired=1; compound=1; hidden=0; nouse=0; global=0; static=0; extern=0; dir=0; type=0; pingpong=0; private_global=0; IO mode=axis:ce=0
Port [ in_stream_V_strb_V]:  wired=1; compound=1; hidden=0; nouse=0; global=0; static=0; extern=0; dir=0; type=0; pingpong=0; private_global=0; IO mode=axis:ce=0
Port [ in_stream_V_user_V]:  wired=1; compound=1; hidden=0; nouse=0; global=0; static=0; extern=0; dir=0; type=0; pingpong=0; private_global=0; IO mode=axis:ce=0
Port [ in_stream_V_last_V]:  wired=1; compound=1; hidden=0; nouse=0; global=0; static=0; extern=0; dir=0; type=0; pingpong=0; private_global=0; IO mode=axis:ce=0
Port [ in_stream_V_id_V]:  wired=1; compound=1; hidden=0; nouse=0; global=0; static=0; extern=0; dir=0; type=0; pingpong=0; private_global=0; IO mode=axis:ce=0
Port [ in_stream_V_dest_V]:  wired=1; compound=1; hidden=0; nouse=0; global=0; static=0; extern=0; dir=0; type=0; pingpong=0; private_global=0; IO mode=axis:ce=0
Port [ out_stream_V_data_V]:  wired=1; compound=1; hidden=0; nouse=0; global=0; static=0; extern=0; dir=1; type=0; pingpong=0; private_global=0; IO mode=axis:ce=0
Port [ out_stream_V_keep_V]:  wired=1; compound=1; hidden=0; nouse=0; global=0; static=0; extern=0; dir=1; type=0; pingpong=0; private_global=0; IO mode=axis:ce=0
Port [ out_stream_V_strb_V]:  wired=1; compound=1; hidden=0; nouse=0; global=0; static=0; extern=0; dir=1; type=0; pingpong=0; private_global=0; IO mode=axis:ce=0
Port [ out_stream_V_user_V]:  wired=1; compound=1; hidden=0; nouse=0; global=0; static=0; extern=0; dir=1; type=0; pingpong=0; private_global=0; IO mode=axis:ce=0
Port [ out_stream_V_last_V]:  wired=1; compound=1; hidden=0; nouse=0; global=0; static=0; extern=0; dir=1; type=0; pingpong=0; private_global=0; IO mode=axis:ce=0
Port [ out_stream_V_id_V]:  wired=1; compound=1; hidden=0; nouse=0; global=0; static=0; extern=0; dir=1; type=0; pingpong=0; private_global=0; IO mode=axis:ce=0
Port [ out_stream_V_dest_V]:  wired=1; compound=1; hidden=0; nouse=0; global=0; static=0; extern=0; dir=1; type=0; pingpong=0; private_global=0; IO mode=axis:ce=0
Port [ NEURONS_MEMBRANE]:  wired=0; compound=1; hidden=1; nouse=0; global=1; static=1; extern=0; dir=2; type=1; pingpong=0; private_global=1; MemPort=[21]; IO mode=ap_memory:ce=0
Port [ WEIGHTS_INDEX]:  wired=0; compound=1; hidden=1; nouse=1; global=1; static=1; extern=0; dir=0; type=1; pingpong=0; private_global=0; MemPort=[1]; IO mode=ap_memory:ce=0
Port [ WEIGHTS]:  wired=0; compound=1; hidden=1; nouse=1; global=1; static=1; extern=0; dir=0; type=1; pingpong=0; private_global=0; MemPort=[1]; IO mode=ap_memory:ce=0
---------------- STG Properties END ------------------

---------------- Datapath Model BEGIN ----------------

<LifeTime>
<method=bitvector/>
in_pkts_last_0_099        (alloca             ) [ 00111111111111110]
in_pkts_keep_0_096        (alloca             ) [ 00111111111111110]
in_pkts_strb_0_097        (alloca             ) [ 00111111111111110]
in_pkts_user_0_098        (alloca             ) [ 00111111111111110]
in_pkts_id_0_0101         (alloca             ) [ 00111111111111110]
in_pkts_dest_0_0102       (alloca             ) [ 00111111111111110]
in_pkts_data_0_05         (alloca             ) [ 00111111111111110]
in_pkts_data_1_06         (alloca             ) [ 00111111111111110]
in_pkts_data_2_07         (alloca             ) [ 00111111111111110]
in_pkts_data_3_08         (alloca             ) [ 00111111111111110]
out_pkts_keep_loc         (alloca             ) [ 00111111111111110]
out_pkts_strb_loc         (alloca             ) [ 00111111111111110]
out_pkts_user_loc         (alloca             ) [ 00111111111111110]
out_pkts_last_loc         (alloca             ) [ 00111111111111110]
in_pkts_last_3_1_loc      (alloca             ) [ 00111111111111110]
out_pkts_id_loc           (alloca             ) [ 00111111111111110]
out_pkts_dest_loc         (alloca             ) [ 00111111111111110]
in_pkts_data_0_1_loc      (alloca             ) [ 00111111111111110]
in_pkts_data_1_1_loc      (alloca             ) [ 00111111111111110]
in_pkts_data_2_1_loc      (alloca             ) [ 00111111111111110]
in_pkts_data_3_1_loc      (alloca             ) [ 00111111111111110]
spectopmodule_ln14        (spectopmodule      ) [ 00000000000000000]
specinterface_ln0         (specinterface      ) [ 00000000000000000]
specbitsmap_ln0           (specbitsmap        ) [ 00000000000000000]
specbitsmap_ln0           (specbitsmap        ) [ 00000000000000000]
specbitsmap_ln0           (specbitsmap        ) [ 00000000000000000]
specbitsmap_ln0           (specbitsmap        ) [ 00000000000000000]
specbitsmap_ln0           (specbitsmap        ) [ 00000000000000000]
specbitsmap_ln0           (specbitsmap        ) [ 00000000000000000]
specbitsmap_ln0           (specbitsmap        ) [ 00000000000000000]
specinterface_ln0         (specinterface      ) [ 00000000000000000]
specbitsmap_ln0           (specbitsmap        ) [ 00000000000000000]
specbitsmap_ln0           (specbitsmap        ) [ 00000000000000000]
specbitsmap_ln0           (specbitsmap        ) [ 00000000000000000]
specbitsmap_ln0           (specbitsmap        ) [ 00000000000000000]
specbitsmap_ln0           (specbitsmap        ) [ 00000000000000000]
specbitsmap_ln0           (specbitsmap        ) [ 00000000000000000]
specbitsmap_ln0           (specbitsmap        ) [ 00000000000000000]
specinterface_ln0         (specinterface      ) [ 00000000000000000]
specaxissidechannel_ln25  (specaxissidechannel) [ 00000000000000000]
specaxissidechannel_ln25  (specaxissidechannel) [ 00000000000000000]
br_ln25                   (br                 ) [ 00000000000000000]
in_pkts_last_0_099_load   (load               ) [ 00010000000000000]
in_pkts_keep_0_096_load   (load               ) [ 00010000000000000]
in_pkts_strb_0_097_load   (load               ) [ 00010000000000000]
in_pkts_user_0_098_load   (load               ) [ 00010000000000000]
in_pkts_id_0_0101_load    (load               ) [ 00010000000000000]
in_pkts_dest_0_0102_load  (load               ) [ 00010000000000000]
in_pkts_data_0_05_load    (load               ) [ 00010000000000000]
in_pkts_data_1_06_load    (load               ) [ 00010000000000000]
in_pkts_data_2_07_load    (load               ) [ 00010000000000000]
in_pkts_data_3_08_load    (load               ) [ 00010000000000000]
empty                     (wait               ) [ 00000000000000000]
call_ln0                  (call               ) [ 00000000000000000]
in_pkts_data_3_1_loc_load (load               ) [ 00000111111111110]
in_pkts_data_2_1_loc_load (load               ) [ 00000111111111110]
in_pkts_data_1_1_loc_load (load               ) [ 00000111111111110]
in_pkts_data_0_1_loc_load (load               ) [ 00000111111111110]
empty_42                  (wait               ) [ 00000000000000000]
empty_43                  (trunc              ) [ 00000100000000000]
empty_44                  (trunc              ) [ 00000100000000000]
empty_45                  (trunc              ) [ 00000100000000000]
empty_46                  (trunc              ) [ 00000100000000000]
call_ln30                 (call               ) [ 00000000000000000]
call_ln0                  (call               ) [ 00000000000000000]
call_ln0                  (call               ) [ 00000000000000000]
call_ln0                  (call               ) [ 00000000000000000]
call_ln0                  (call               ) [ 00000000000000000]
out_pkts_dest_loc_load    (load               ) [ 00000000000000010]
out_pkts_id_loc_load      (load               ) [ 00000000000000010]
out_pkts_last_loc_load    (load               ) [ 00000000000000010]
out_pkts_user_loc_load    (load               ) [ 00000000000000010]
out_pkts_strb_loc_load    (load               ) [ 00000000000000010]
out_pkts_keep_loc_load    (load               ) [ 00000000000000010]
empty_47                  (wait               ) [ 00000000000000000]
store_ln46                (store              ) [ 00000000000000000]
specloopname_ln25         (specloopname       ) [ 00000000000000000]
in_pkts_last_3_1_loc_load (load               ) [ 00111111111111110]
call_ln0                  (call               ) [ 00000000000000000]
br_ln46                   (br                 ) [ 00000000000000000]
store_ln25                (store              ) [ 00000000000000000]
store_ln25                (store              ) [ 00000000000000000]
store_ln25                (store              ) [ 00000000000000000]
store_ln25                (store              ) [ 00000000000000000]
store_ln25                (store              ) [ 00000000000000000]
store_ln25                (store              ) [ 00000000000000000]
store_ln25                (store              ) [ 00000000000000000]
store_ln25                (store              ) [ 00000000000000000]
store_ln25                (store              ) [ 00000000000000000]
br_ln25                   (br                 ) [ 00000000000000000]
ret_ln51                  (ret                ) [ 00000000000000000]
</LifeTime>

<model>

<comp_list>
<comp id="0" class="1000" name="in_stream_V_data_V">
<pin_list>
<pin id="1" dir="1" index="0" bw="1" slack="0"/>
</pin_list>
<bind>
<StgValue><ssdm name="in_stream_V_data_V"/></StgValue>
</bind>
</comp>

<comp id="2" class="1000" name="in_stream_V_keep_V">
<pin_list>
<pin id="3" dir="1" index="0" bw="1" slack="0"/>
</pin_list>
<bind>
<StgValue><ssdm name="in_stream_V_keep_V"/></StgValue>
</bind>
</comp>

<comp id="4" class="1000" name="in_stream_V_strb_V">
<pin_list>
<pin id="5" dir="1" index="0" bw="1" slack="0"/>
</pin_list>
<bind>
<StgValue><ssdm name="in_stream_V_strb_V"/></StgValue>
</bind>
</comp>

<comp id="6" class="1000" name="in_stream_V_user_V">
<pin_list>
<pin id="7" dir="1" index="0" bw="1" slack="0"/>
</pin_list>
<bind>
<StgValue><ssdm name="in_stream_V_user_V"/></StgValue>
</bind>
</comp>

<comp id="8" class="1000" name="in_stream_V_last_V">
<pin_list>
<pin id="9" dir="1" index="0" bw="1" slack="0"/>
</pin_list>
<bind>
<StgValue><ssdm name="in_stream_V_last_V"/></StgValue>
</bind>
</comp>

<comp id="10" class="1000" name="in_stream_V_id_V">
<pin_list>
<pin id="11" dir="1" index="0" bw="1" slack="0"/>
</pin_list>
<bind>
<StgValue><ssdm name="in_stream_V_id_V"/></StgValue>
</bind>
</comp>

<comp id="12" class="1000" name="in_stream_V_dest_V">
<pin_list>
<pin id="13" dir="1" index="0" bw="1" slack="0"/>
</pin_list>
<bind>
<StgValue><ssdm name="in_stream_V_dest_V"/></StgValue>
</bind>
</comp>

<comp id="14" class="1000" name="out_stream_V_data_V">
<pin_list>
<pin id="15" dir="1" index="0" bw="1" slack="0"/>
</pin_list>
<bind>
<StgValue><ssdm name="out_stream_V_data_V"/></StgValue>
</bind>
</comp>

<comp id="16" class="1000" name="out_stream_V_keep_V">
<pin_list>
<pin id="17" dir="1" index="0" bw="1" slack="0"/>
</pin_list>
<bind>
<StgValue><ssdm name="out_stream_V_keep_V"/></StgValue>
</bind>
</comp>

<comp id="18" class="1000" name="out_stream_V_strb_V">
<pin_list>
<pin id="19" dir="1" index="0" bw="1" slack="0"/>
</pin_list>
<bind>
<StgValue><ssdm name="out_stream_V_strb_V"/></StgValue>
</bind>
</comp>

<comp id="20" class="1000" name="out_stream_V_user_V">
<pin_list>
<pin id="21" dir="1" index="0" bw="1" slack="0"/>
</pin_list>
<bind>
<StgValue><ssdm name="out_stream_V_user_V"/></StgValue>
</bind>
</comp>

<comp id="22" class="1000" name="out_stream_V_last_V">
<pin_list>
<pin id="23" dir="1" index="0" bw="1" slack="0"/>
</pin_list>
<bind>
<StgValue><ssdm name="out_stream_V_last_V"/></StgValue>
</bind>
</comp>

<comp id="24" class="1000" name="out_stream_V_id_V">
<pin_list>
<pin id="25" dir="1" index="0" bw="1" slack="0"/>
</pin_list>
<bind>
<StgValue><ssdm name="out_stream_V_id_V"/></StgValue>
</bind>
</comp>

<comp id="26" class="1000" name="out_stream_V_dest_V">
<pin_list>
<pin id="27" dir="1" index="0" bw="1" slack="0"/>
</pin_list>
<bind>
<StgValue><ssdm name="out_stream_V_dest_V"/></StgValue>
</bind>
</comp>

<comp id="28" class="1000" name="NEURONS_MEMBRANE">
<pin_list>
<pin id="29" dir="1" index="0" bw="1" slack="0"/>
</pin_list>
<bind>
<StgValue><ssdm name="NEURONS_MEMBRANE"/><MemPortTyVec>2 1 </MemPortTyVec>
</StgValue>
</bind>
</comp>

<comp id="30" class="1000" name="WEIGHTS_INDEX">
<pin_list>
<pin id="31" dir="1" index="0" bw="1" slack="0"/>
</pin_list>
<bind>
<StgValue><ssdm name="WEIGHTS_INDEX"/><MemPortTyVec>1 </MemPortTyVec>
</StgValue>
</bind>
</comp>

<comp id="32" class="1000" name="WEIGHTS">
<pin_list>
<pin id="33" dir="1" index="0" bw="1" slack="0"/>
</pin_list>
<bind>
<StgValue><ssdm name="WEIGHTS"/><MemPortTyVec>1 </MemPortTyVec>
</StgValue>
</bind>
</comp>

<comp id="34" class="1001" name="const_34">
<pin_list>
<pin id="35" dir="1" index="0" bw="1" slack="0"/>
</pin_list>
<bind>
<StgValue><ssdm name=""/></StgValue>
</bind>
</comp>

<comp id="36" class="1001" name="const_36">
<pin_list>
<pin id="37" dir="1" index="0" bw="1" slack="0"/>
</pin_list>
<bind>
<StgValue><ssdm name=""/></StgValue>
</bind>
</comp>

<comp id="38" class="1001" name="const_38">
<pin_list>
<pin id="39" dir="1" index="0" bw="1" slack="2147483647"/>
</pin_list>
<bind>
<StgValue><ssdm name="_ssdm_op_SpecTopModule"/></StgValue>
</bind>
</comp>

<comp id="40" class="1001" name="const_40">
<pin_list>
<pin id="41" dir="1" index="0" bw="1" slack="2147483647"/>
</pin_list>
<bind>
<StgValue><ssdm name="empty_16"/></StgValue>
</bind>
</comp>

<comp id="42" class="1001" name="const_42">
<pin_list>
<pin id="43" dir="1" index="0" bw="1" slack="2147483647"/>
</pin_list>
<bind>
<StgValue><ssdm name="_ssdm_op_SpecInterface"/></StgValue>
</bind>
</comp>

<comp id="44" class="1001" name="const_44">
<pin_list>
<pin id="45" dir="1" index="0" bw="1" slack="2147483647"/>
</pin_list>
<bind>
<StgValue><ssdm name="empty_1"/></StgValue>
</bind>
</comp>

<comp id="46" class="1001" name="const_46">
<pin_list>
<pin id="47" dir="1" index="0" bw="1" slack="2147483647"/>
</pin_list>
<bind>
<StgValue><ssdm name="empty_2"/></StgValue>
</bind>
</comp>

<comp id="48" class="1001" name="const_48">
<pin_list>
<pin id="49" dir="1" index="0" bw="1" slack="2147483647"/>
</pin_list>
<bind>
<StgValue><ssdm name=""/></StgValue>
</bind>
</comp>

<comp id="50" class="1001" name="const_50">
<pin_list>
<pin id="51" dir="1" index="0" bw="1" slack="2147483647"/>
</pin_list>
<bind>
<StgValue><ssdm name="empty_3"/></StgValue>
</bind>
</comp>

<comp id="52" class="1001" name="const_52">
<pin_list>
<pin id="53" dir="1" index="0" bw="1" slack="2147483647"/>
</pin_list>
<bind>
<StgValue><ssdm name=""/></StgValue>
</bind>
</comp>

<comp id="54" class="1001" name="const_54">
<pin_list>
<pin id="55" dir="1" index="0" bw="1" slack="2147483647"/>
</pin_list>
<bind>
<StgValue><ssdm name="_ssdm_op_SpecBitsMap"/></StgValue>
</bind>
</comp>

<comp id="56" class="1001" name="const_56">
<pin_list>
<pin id="57" dir="1" index="0" bw="1" slack="2147483647"/>
</pin_list>
<bind>
<StgValue><ssdm name="empty_4"/></StgValue>
</bind>
</comp>

<comp id="58" class="1001" name="const_58">
<pin_list>
<pin id="59" dir="1" index="0" bw="1" slack="2147483647"/>
</pin_list>
<bind>
<StgValue><ssdm name="empty_10"/></StgValue>
</bind>
</comp>

<comp id="60" class="1001" name="const_60">
<pin_list>
<pin id="61" dir="1" index="0" bw="1" slack="2147483647"/>
</pin_list>
<bind>
<StgValue><ssdm name="_ssdm_op_SpecAXISSideChannel"/></StgValue>
</bind>
</comp>

<comp id="62" class="1001" name="const_62">
<pin_list>
<pin id="63" dir="1" index="0" bw="1" slack="2147483647"/>
</pin_list>
<bind>
<StgValue><ssdm name="empty_8"/></StgValue>
</bind>
</comp>

<comp id="64" class="1001" name="const_64">
<pin_list>
<pin id="65" dir="1" index="0" bw="1" slack="2147483647"/>
</pin_list>
<bind>
<StgValue><ssdm name="empty_7"/></StgValue>
</bind>
</comp>

<comp id="66" class="1001" name="const_66">
<pin_list>
<pin id="67" dir="1" index="0" bw="1" slack="2147483647"/>
</pin_list>
<bind>
<StgValue><ssdm name="_ssdm_op_Wait"/></StgValue>
</bind>
</comp>

<comp id="68" class="1001" name="const_68">
<pin_list>
<pin id="69" dir="1" index="0" bw="1" slack="0"/>
</pin_list>
<bind>
<StgValue><ssdm name="RNI_Pipeline_VITIS_LOOP_27_2"/></StgValue>
</bind>
</comp>

<comp id="70" class="1001" name="const_70">
<pin_list>
<pin id="71" dir="1" index="0" bw="1" slack="0"/>
</pin_list>
<bind>
<StgValue><ssdm name="input_layer"/></StgValue>
</bind>
</comp>

<comp id="72" class="1001" name="const_72">
<pin_list>
<pin id="73" dir="1" index="0" bw="1" slack="0"/>
</pin_list>
<bind>
<StgValue><ssdm name="RNI_Pipeline_NEURONS_LOOP_1"/></StgValue>
</bind>
</comp>

<comp id="74" class="1001" name="const_74">
<pin_list>
<pin id="75" dir="1" index="0" bw="1" slack="0"/>
</pin_list>
<bind>
<StgValue><ssdm name="RNI_Pipeline_NEURONS_LOOP_2"/></StgValue>
</bind>
</comp>

<comp id="76" class="1001" name="const_76">
<pin_list>
<pin id="77" dir="1" index="0" bw="1" slack="0"/>
</pin_list>
<bind>
<StgValue><ssdm name="RNI_Pipeline_NEURONS_LOOP_3"/></StgValue>
</bind>
</comp>

<comp id="78" class="1001" name="const_78">
<pin_list>
<pin id="79" dir="1" index="0" bw="1" slack="0"/>
</pin_list>
<bind>
<StgValue><ssdm name="RNI_Pipeline_NEURONS_LOOP_4"/></StgValue>
</bind>
</comp>

<comp id="80" class="1001" name="const_80">
<pin_list>
<pin id="81" dir="1" index="0" bw="1" slack="0"/>
</pin_list>
<bind>
<StgValue><ssdm name="RNI_Pipeline_VITIS_LOOP_38_3"/></StgValue>
</bind>
</comp>

<comp id="82" class="1001" name="const_82">
<pin_list>
<pin id="83" dir="1" index="0" bw="1" slack="2147483647"/>
</pin_list>
<bind>
<StgValue><ssdm name="_ssdm_op_SpecLoopName"/></StgValue>
</bind>
</comp>

<comp id="84" class="1001" name="const_84">
<pin_list>
<pin id="85" dir="1" index="0" bw="1" slack="2147483647"/>
</pin_list>
<bind>
<StgValue><ssdm name="empty_13"/></StgValue>
</bind>
</comp>

<comp id="86" class="1004" name="in_pkts_last_0_099_fu_86">
<pin_list>
<pin id="87" dir="0" index="0" bw="1" slack="0"/>
<pin id="88" dir="1" index="1" bw="1" slack="1"/>
</pin_list>
<bind>
<opcode="alloca(26) " fcode="alloca"/>
<opset="in_pkts_last_0_099/1 "/>
</bind>
</comp>

<comp id="90" class="1004" name="in_pkts_keep_0_096_fu_90">
<pin_list>
<pin id="91" dir="0" index="0" bw="1" slack="0"/>
<pin id="92" dir="1" index="1" bw="4" slack="1"/>
</pin_list>
<bind>
<opcode="alloca(26) " fcode="alloca"/>
<opset="in_pkts_keep_0_096/1 "/>
</bind>
</comp>

<comp id="94" class="1004" name="in_pkts_strb_0_097_fu_94">
<pin_list>
<pin id="95" dir="0" index="0" bw="1" slack="0"/>
<pin id="96" dir="1" index="1" bw="4" slack="1"/>
</pin_list>
<bind>
<opcode="alloca(26) " fcode="alloca"/>
<opset="in_pkts_strb_0_097/1 "/>
</bind>
</comp>

<comp id="98" class="1004" name="in_pkts_user_0_098_fu_98">
<pin_list>
<pin id="99" dir="0" index="0" bw="1" slack="0"/>
<pin id="100" dir="1" index="1" bw="2" slack="1"/>
</pin_list>
<bind>
<opcode="alloca(26) " fcode="alloca"/>
<opset="in_pkts_user_0_098/1 "/>
</bind>
</comp>

<comp id="102" class="1004" name="in_pkts_id_0_0101_fu_102">
<pin_list>
<pin id="103" dir="0" index="0" bw="1" slack="0"/>
<pin id="104" dir="1" index="1" bw="5" slack="1"/>
</pin_list>
<bind>
<opcode="alloca(26) " fcode="alloca"/>
<opset="in_pkts_id_0_0101/1 "/>
</bind>
</comp>

<comp id="106" class="1004" name="in_pkts_dest_0_0102_fu_106">
<pin_list>
<pin id="107" dir="0" index="0" bw="1" slack="0"/>
<pin id="108" dir="1" index="1" bw="6" slack="1"/>
</pin_list>
<bind>
<opcode="alloca(26) " fcode="alloca"/>
<opset="in_pkts_dest_0_0102/1 "/>
</bind>
</comp>

<comp id="110" class="1004" name="in_pkts_data_0_05_fu_110">
<pin_list>
<pin id="111" dir="0" index="0" bw="1" slack="0"/>
<pin id="112" dir="1" index="1" bw="32" slack="1"/>
</pin_list>
<bind>
<opcode="alloca(26) " fcode="alloca"/>
<opset="in_pkts_data_0_05/1 "/>
</bind>
</comp>

<comp id="114" class="1004" name="in_pkts_data_1_06_fu_114">
<pin_list>
<pin id="115" dir="0" index="0" bw="1" slack="0"/>
<pin id="116" dir="1" index="1" bw="32" slack="1"/>
</pin_list>
<bind>
<opcode="alloca(26) " fcode="alloca"/>
<opset="in_pkts_data_1_06/1 "/>
</bind>
</comp>

<comp id="118" class="1004" name="in_pkts_data_2_07_fu_118">
<pin_list>
<pin id="119" dir="0" index="0" bw="1" slack="0"/>
<pin id="120" dir="1" index="1" bw="32" slack="1"/>
</pin_list>
<bind>
<opcode="alloca(26) " fcode="alloca"/>
<opset="in_pkts_data_2_07/1 "/>
</bind>
</comp>

<comp id="122" class="1004" name="in_pkts_data_3_08_fu_122">
<pin_list>
<pin id="123" dir="0" index="0" bw="1" slack="0"/>
<pin id="124" dir="1" index="1" bw="32" slack="1"/>
</pin_list>
<bind>
<opcode="alloca(26) " fcode="alloca"/>
<opset="in_pkts_data_3_08/1 "/>
</bind>
</comp>

<comp id="126" class="1004" name="out_pkts_keep_loc_fu_126">
<pin_list>
<pin id="127" dir="0" index="0" bw="1" slack="0"/>
<pin id="128" dir="1" index="1" bw="4" slack="1"/>
</pin_list>
<bind>
<opcode="alloca(26) " fcode="alloca"/>
<opset="out_pkts_keep_loc/1 "/>
</bind>
</comp>

<comp id="130" class="1004" name="out_pkts_strb_loc_fu_130">
<pin_list>
<pin id="131" dir="0" index="0" bw="1" slack="0"/>
<pin id="132" dir="1" index="1" bw="4" slack="1"/>
</pin_list>
<bind>
<opcode="alloca(26) " fcode="alloca"/>
<opset="out_pkts_strb_loc/1 "/>
</bind>
</comp>

<comp id="134" class="1004" name="out_pkts_user_loc_fu_134">
<pin_list>
<pin id="135" dir="0" index="0" bw="1" slack="0"/>
<pin id="136" dir="1" index="1" bw="2" slack="1"/>
</pin_list>
<bind>
<opcode="alloca(26) " fcode="alloca"/>
<opset="out_pkts_user_loc/1 "/>
</bind>
</comp>

<comp id="138" class="1004" name="out_pkts_last_loc_fu_138">
<pin_list>
<pin id="139" dir="0" index="0" bw="1" slack="0"/>
<pin id="140" dir="1" index="1" bw="1" slack="1"/>
</pin_list>
<bind>
<opcode="alloca(26) " fcode="alloca"/>
<opset="out_pkts_last_loc/1 "/>
</bind>
</comp>

<comp id="142" class="1004" name="in_pkts_last_3_1_loc_fu_142">
<pin_list>
<pin id="143" dir="0" index="0" bw="1" slack="0"/>
<pin id="144" dir="1" index="1" bw="1" slack="1"/>
</pin_list>
<bind>
<opcode="alloca(26) " fcode="alloca"/>
<opset="in_pkts_last_3_1_loc/1 "/>
</bind>
</comp>

<comp id="146" class="1004" name="out_pkts_id_loc_fu_146">
<pin_list>
<pin id="147" dir="0" index="0" bw="1" slack="0"/>
<pin id="148" dir="1" index="1" bw="5" slack="1"/>
</pin_list>
<bind>
<opcode="alloca(26) " fcode="alloca"/>
<opset="out_pkts_id_loc/1 "/>
</bind>
</comp>

<comp id="150" class="1004" name="out_pkts_dest_loc_fu_150">
<pin_list>
<pin id="151" dir="0" index="0" bw="1" slack="0"/>
<pin id="152" dir="1" index="1" bw="6" slack="1"/>
</pin_list>
<bind>
<opcode="alloca(26) " fcode="alloca"/>
<opset="out_pkts_dest_loc/1 "/>
</bind>
</comp>

<comp id="154" class="1004" name="in_pkts_data_0_1_loc_fu_154">
<pin_list>
<pin id="155" dir="0" index="0" bw="1" slack="0"/>
<pin id="156" dir="1" index="1" bw="32" slack="1"/>
</pin_list>
<bind>
<opcode="alloca(26) " fcode="alloca"/>
<opset="in_pkts_data_0_1_loc/1 "/>
</bind>
</comp>

<comp id="158" class="1004" name="in_pkts_data_1_1_loc_fu_158">
<pin_list>
<pin id="159" dir="0" index="0" bw="1" slack="0"/>
<pin id="160" dir="1" index="1" bw="32" slack="1"/>
</pin_list>
<bind>
<opcode="alloca(26) " fcode="alloca"/>
<opset="in_pkts_data_1_1_loc/1 "/>
</bind>
</comp>

<comp id="162" class="1004" name="in_pkts_data_2_1_loc_fu_162">
<pin_list>
<pin id="163" dir="0" index="0" bw="1" slack="0"/>
<pin id="164" dir="1" index="1" bw="32" slack="1"/>
</pin_list>
<bind>
<opcode="alloca(26) " fcode="alloca"/>
<opset="in_pkts_data_2_1_loc/1 "/>
</bind>
</comp>

<comp id="166" class="1004" name="in_pkts_data_3_1_loc_fu_166">
<pin_list>
<pin id="167" dir="0" index="0" bw="1" slack="0"/>
<pin id="168" dir="1" index="1" bw="32" slack="1"/>
</pin_list>
<bind>
<opcode="alloca(26) " fcode="alloca"/>
<opset="in_pkts_data_3_1_loc/1 "/>
</bind>
</comp>

<comp id="170" class="1004" name="grp_RNI_Pipeline_VITIS_LOOP_27_2_fu_170">
<pin_list>
<pin id="171" dir="0" index="0" bw="0" slack="0"/>
<pin id="172" dir="0" index="1" bw="32" slack="0"/>
<pin id="173" dir="0" index="2" bw="32" slack="0"/>
<pin id="174" dir="0" index="3" bw="32" slack="0"/>
<pin id="175" dir="0" index="4" bw="32" slack="0"/>
<pin id="176" dir="0" index="5" bw="6" slack="0"/>
<pin id="177" dir="0" index="6" bw="5" slack="0"/>
<pin id="178" dir="0" index="7" bw="1" slack="0"/>
<pin id="179" dir="0" index="8" bw="2" slack="0"/>
<pin id="180" dir="0" index="9" bw="4" slack="0"/>
<pin id="181" dir="0" index="10" bw="4" slack="0"/>
<pin id="182" dir="0" index="11" bw="32" slack="0"/>
<pin id="183" dir="0" index="12" bw="4" slack="0"/>
<pin id="184" dir="0" index="13" bw="4" slack="0"/>
<pin id="185" dir="0" index="14" bw="2" slack="0"/>
<pin id="186" dir="0" index="15" bw="1" slack="0"/>
<pin id="187" dir="0" index="16" bw="5" slack="0"/>
<pin id="188" dir="0" index="17" bw="6" slack="0"/>
<pin id="189" dir="0" index="18" bw="32" slack="1"/>
<pin id="190" dir="0" index="19" bw="32" slack="1"/>
<pin id="191" dir="0" index="20" bw="32" slack="1"/>
<pin id="192" dir="0" index="21" bw="32" slack="1"/>
<pin id="193" dir="0" index="22" bw="6" slack="1"/>
<pin id="194" dir="0" index="23" bw="5" slack="1"/>
<pin id="195" dir="0" index="24" bw="1" slack="1"/>
<pin id="196" dir="0" index="25" bw="1" slack="1"/>
<pin id="197" dir="0" index="26" bw="2" slack="1"/>
<pin id="198" dir="0" index="27" bw="4" slack="1"/>
<pin id="199" dir="0" index="28" bw="4" slack="1"/>
<pin id="200" dir="1" index="29" bw="0" slack="2147483647"/>
</pin_list>
<bind>
<opcode="call(48) " fcode="call"/>
<opset="call_ln0/2 "/>
</bind>
</comp>

<comp id="209" class="1004" name="grp_input_layer_fu_209">
<pin_list>
<pin id="210" dir="0" index="0" bw="0" slack="0"/>
<pin id="211" dir="0" index="1" bw="16" slack="0"/>
<pin id="212" dir="0" index="2" bw="16" slack="0"/>
<pin id="213" dir="0" index="3" bw="16" slack="0"/>
<pin id="214" dir="0" index="4" bw="16" slack="0"/>
<pin id="215" dir="0" index="5" bw="16" slack="0"/>
<pin id="216" dir="0" index="6" bw="14" slack="0"/>
<pin id="217" dir="0" index="7" bw="8" slack="0"/>
<pin id="218" dir="1" index="8" bw="0" slack="2147483647"/>
</pin_list>
<bind>
<opcode="call(48) " fcode="call"/>
<opset="call_ln30/4 "/>
</bind>
</comp>

<comp id="223" class="1004" name="grp_RNI_Pipeline_NEURONS_LOOP_1_fu_223">
<pin_list>
<pin id="224" dir="0" index="0" bw="0" slack="0"/>
<pin id="225" dir="0" index="1" bw="16" slack="0"/>
<pin id="226" dir="1" index="2" bw="0" slack="2147483647"/>
</pin_list>
<bind>
<opcode="call(48) " fcode="call"/>
<opset="call_ln0/6 "/>
</bind>
</comp>

<comp id="229" class="1004" name="grp_RNI_Pipeline_NEURONS_LOOP_2_fu_229">
<pin_list>
<pin id="230" dir="0" index="0" bw="0" slack="0"/>
<pin id="231" dir="0" index="1" bw="16" slack="0"/>
<pin id="232" dir="1" index="2" bw="0" slack="2147483647"/>
</pin_list>
<bind>
<opcode="call(48) " fcode="call"/>
<opset="call_ln0/8 "/>
</bind>
</comp>

<comp id="235" class="1004" name="grp_RNI_Pipeline_NEURONS_LOOP_3_fu_235">
<pin_list>
<pin id="236" dir="0" index="0" bw="0" slack="0"/>
<pin id="237" dir="0" index="1" bw="16" slack="0"/>
<pin id="238" dir="1" index="2" bw="0" slack="2147483647"/>
</pin_list>
<bind>
<opcode="call(48) " fcode="call"/>
<opset="call_ln0/10 "/>
</bind>
</comp>

<comp id="241" class="1004" name="grp_RNI_Pipeline_NEURONS_LOOP_4_fu_241">
<pin_list>
<pin id="242" dir="0" index="0" bw="0" slack="0"/>
<pin id="243" dir="0" index="1" bw="16" slack="0"/>
<pin id="244" dir="1" index="2" bw="0" slack="2147483647"/>
</pin_list>
<bind>
<opcode="call(48) " fcode="call"/>
<opset="call_ln0/12 "/>
</bind>
</comp>

<comp id="247" class="1004" name="grp_RNI_Pipeline_VITIS_LOOP_38_3_fu_247">
<pin_list>
<pin id="248" dir="0" index="0" bw="0" slack="0"/>
<pin id="249" dir="0" index="1" bw="4" slack="0"/>
<pin id="250" dir="0" index="2" bw="4" slack="0"/>
<pin id="251" dir="0" index="3" bw="2" slack="0"/>
<pin id="252" dir="0" index="4" bw="1" slack="0"/>
<pin id="253" dir="0" index="5" bw="5" slack="0"/>
<pin id="254" dir="0" index="6" bw="6" slack="0"/>
<pin id="255" dir="0" index="7" bw="32" slack="0"/>
<pin id="256" dir="0" index="8" bw="4" slack="0"/>
<pin id="257" dir="0" index="9" bw="4" slack="0"/>
<pin id="258" dir="0" index="10" bw="2" slack="0"/>
<pin id="259" dir="0" index="11" bw="1" slack="0"/>
<pin id="260" dir="0" index="12" bw="5" slack="0"/>
<pin id="261" dir="0" index="13" bw="6" slack="0"/>
<pin id="262" dir="0" index="14" bw="16" slack="0"/>
<pin id="263" dir="1" index="15" bw="0" slack="2147483647"/>
</pin_list>
<bind>
<opcode="call(48) " fcode="call"/>
<opset="call_ln0/14 "/>
</bind>
</comp>

<comp id="273" class="1004" name="in_pkts_last_0_099_load_load_fu_273">
<pin_list>
<pin id="274" dir="0" index="0" bw="1" slack="1"/>
<pin id="275" dir="1" index="1" bw="1" slack="0"/>
</pin_list>
<bind>
<opcode="load(27) " fcode="load"/>
<opset="in_pkts_last_0_099_load/2 "/>
</bind>
</comp>

<comp id="277" class="1004" name="in_pkts_keep_0_096_load_load_fu_277">
<pin_list>
<pin id="278" dir="0" index="0" bw="4" slack="1"/>
<pin id="279" dir="1" index="1" bw="4" slack="0"/>
</pin_list>
<bind>
<opcode="load(27) " fcode="load"/>
<opset="in_pkts_keep_0_096_load/2 "/>
</bind>
</comp>

<comp id="281" class="1004" name="in_pkts_strb_0_097_load_load_fu_281">
<pin_list>
<pin id="282" dir="0" index="0" bw="4" slack="1"/>
<pin id="283" dir="1" index="1" bw="4" slack="0"/>
</pin_list>
<bind>
<opcode="load(27) " fcode="load"/>
<opset="in_pkts_strb_0_097_load/2 "/>
</bind>
</comp>

<comp id="285" class="1004" name="in_pkts_user_0_098_load_load_fu_285">
<pin_list>
<pin id="286" dir="0" index="0" bw="2" slack="1"/>
<pin id="287" dir="1" index="1" bw="2" slack="0"/>
</pin_list>
<bind>
<opcode="load(27) " fcode="load"/>
<opset="in_pkts_user_0_098_load/2 "/>
</bind>
</comp>

<comp id="289" class="1004" name="in_pkts_id_0_0101_load_load_fu_289">
<pin_list>
<pin id="290" dir="0" index="0" bw="5" slack="1"/>
<pin id="291" dir="1" index="1" bw="5" slack="0"/>
</pin_list>
<bind>
<opcode="load(27) " fcode="load"/>
<opset="in_pkts_id_0_0101_load/2 "/>
</bind>
</comp>

<comp id="293" class="1004" name="in_pkts_dest_0_0102_load_load_fu_293">
<pin_list>
<pin id="294" dir="0" index="0" bw="6" slack="1"/>
<pin id="295" dir="1" index="1" bw="6" slack="0"/>
</pin_list>
<bind>
<opcode="load(27) " fcode="load"/>
<opset="in_pkts_dest_0_0102_load/2 "/>
</bind>
</comp>

<comp id="297" class="1004" name="in_pkts_data_0_05_load_load_fu_297">
<pin_list>
<pin id="298" dir="0" index="0" bw="32" slack="1"/>
<pin id="299" dir="1" index="1" bw="32" slack="0"/>
</pin_list>
<bind>
<opcode="load(27) " fcode="load"/>
<opset="in_pkts_data_0_05_load/2 "/>
</bind>
</comp>

<comp id="301" class="1004" name="in_pkts_data_1_06_load_load_fu_301">
<pin_list>
<pin id="302" dir="0" index="0" bw="32" slack="1"/>
<pin id="303" dir="1" index="1" bw="32" slack="0"/>
</pin_list>
<bind>
<opcode="load(27) " fcode="load"/>
<opset="in_pkts_data_1_06_load/2 "/>
</bind>
</comp>

<comp id="305" class="1004" name="in_pkts_data_2_07_load_load_fu_305">
<pin_list>
<pin id="306" dir="0" index="0" bw="32" slack="1"/>
<pin id="307" dir="1" index="1" bw="32" slack="0"/>
</pin_list>
<bind>
<opcode="load(27) " fcode="load"/>
<opset="in_pkts_data_2_07_load/2 "/>
</bind>
</comp>

<comp id="309" class="1004" name="in_pkts_data_3_08_load_load_fu_309">
<pin_list>
<pin id="310" dir="0" index="0" bw="32" slack="1"/>
<pin id="311" dir="1" index="1" bw="32" slack="0"/>
</pin_list>
<bind>
<opcode="load(27) " fcode="load"/>
<opset="in_pkts_data_3_08_load/2 "/>
</bind>
</comp>

<comp id="313" class="1004" name="in_pkts_data_3_1_loc_load_load_fu_313">
<pin_list>
<pin id="314" dir="0" index="0" bw="32" slack="3"/>
<pin id="315" dir="1" index="1" bw="32" slack="0"/>
</pin_list>
<bind>
<opcode="load(27) " fcode="load"/>
<opset="in_pkts_data_3_1_loc_load/4 "/>
</bind>
</comp>

<comp id="316" class="1004" name="in_pkts_data_2_1_loc_load_load_fu_316">
<pin_list>
<pin id="317" dir="0" index="0" bw="32" slack="3"/>
<pin id="318" dir="1" index="1" bw="32" slack="0"/>
</pin_list>
<bind>
<opcode="load(27) " fcode="load"/>
<opset="in_pkts_data_2_1_loc_load/4 "/>
</bind>
</comp>

<comp id="319" class="1004" name="in_pkts_data_1_1_loc_load_load_fu_319">
<pin_list>
<pin id="320" dir="0" index="0" bw="32" slack="3"/>
<pin id="321" dir="1" index="1" bw="32" slack="0"/>
</pin_list>
<bind>
<opcode="load(27) " fcode="load"/>
<opset="in_pkts_data_1_1_loc_load/4 "/>
</bind>
</comp>

<comp id="322" class="1004" name="in_pkts_data_0_1_loc_load_load_fu_322">
<pin_list>
<pin id="323" dir="0" index="0" bw="32" slack="3"/>
<pin id="324" dir="1" index="1" bw="32" slack="0"/>
</pin_list>
<bind>
<opcode="load(27) " fcode="load"/>
<opset="in_pkts_data_0_1_loc_load/4 "/>
</bind>
</comp>

<comp id="325" class="1004" name="empty_43_fu_325">
<pin_list>
<pin id="326" dir="0" index="0" bw="32" slack="0"/>
<pin id="327" dir="1" index="1" bw="16" slack="0"/>
</pin_list>
<bind>
<opcode="trunc(33) " fcode="trunc"/>
<opset="empty_43/4 "/>
</bind>
</comp>

<comp id="330" class="1004" name="empty_44_fu_330">
<pin_list>
<pin id="331" dir="0" index="0" bw="32" slack="0"/>
<pin id="332" dir="1" index="1" bw="16" slack="0"/>
</pin_list>
<bind>
<opcode="trunc(33) " fcode="trunc"/>
<opset="empty_44/4 "/>
</bind>
</comp>

<comp id="335" class="1004" name="empty_45_fu_335">
<pin_list>
<pin id="336" dir="0" index="0" bw="32" slack="0"/>
<pin id="337" dir="1" index="1" bw="16" slack="0"/>
</pin_list>
<bind>
<opcode="trunc(33) " fcode="trunc"/>
<opset="empty_45/4 "/>
</bind>
</comp>

<comp id="340" class="1004" name="empty_46_fu_340">
<pin_list>
<pin id="341" dir="0" index="0" bw="32" slack="0"/>
<pin id="342" dir="1" index="1" bw="16" slack="0"/>
</pin_list>
<bind>
<opcode="trunc(33) " fcode="trunc"/>
<opset="empty_46/4 "/>
</bind>
</comp>

<comp id="345" class="1004" name="out_pkts_dest_loc_load_load_fu_345">
<pin_list>
<pin id="346" dir="0" index="0" bw="6" slack="13"/>
<pin id="347" dir="1" index="1" bw="6" slack="0"/>
</pin_list>
<bind>
<opcode="load(27) " fcode="load"/>
<opset="out_pkts_dest_loc_load/14 "/>
</bind>
</comp>

<comp id="349" class="1004" name="out_pkts_id_loc_load_load_fu_349">
<pin_list>
<pin id="350" dir="0" index="0" bw="5" slack="13"/>
<pin id="351" dir="1" index="1" bw="5" slack="0"/>
</pin_list>
<bind>
<opcode="load(27) " fcode="load"/>
<opset="out_pkts_id_loc_load/14 "/>
</bind>
</comp>

<comp id="353" class="1004" name="out_pkts_last_loc_load_load_fu_353">
<pin_list>
<pin id="354" dir="0" index="0" bw="1" slack="13"/>
<pin id="355" dir="1" index="1" bw="1" slack="0"/>
</pin_list>
<bind>
<opcode="load(27) " fcode="load"/>
<opset="out_pkts_last_loc_load/14 "/>
</bind>
</comp>

<comp id="357" class="1004" name="out_pkts_user_loc_load_load_fu_357">
<pin_list>
<pin id="358" dir="0" index="0" bw="2" slack="13"/>
<pin id="359" dir="1" index="1" bw="2" slack="0"/>
</pin_list>
<bind>
<opcode="load(27) " fcode="load"/>
<opset="out_pkts_user_loc_load/14 "/>
</bind>
</comp>

<comp id="361" class="1004" name="out_pkts_strb_loc_load_load_fu_361">
<pin_list>
<pin id="362" dir="0" index="0" bw="4" slack="13"/>
<pin id="363" dir="1" index="1" bw="4" slack="0"/>
</pin_list>
<bind>
<opcode="load(27) " fcode="load"/>
<opset="out_pkts_strb_loc_load/14 "/>
</bind>
</comp>

<comp id="365" class="1004" name="out_pkts_keep_loc_load_load_fu_365">
<pin_list>
<pin id="366" dir="0" index="0" bw="4" slack="13"/>
<pin id="367" dir="1" index="1" bw="4" slack="0"/>
</pin_list>
<bind>
<opcode="load(27) " fcode="load"/>
<opset="out_pkts_keep_loc_load/14 "/>
</bind>
</comp>

<comp id="369" class="1004" name="store_ln46_store_fu_369">
<pin_list>
<pin id="370" dir="0" index="0" bw="1" slack="0"/>
<pin id="371" dir="0" index="1" bw="1" slack="13"/>
<pin id="372" dir="1" index="2" bw="0" slack="2147483647"/>
</pin_list>
<bind>
<opcode="store(28) " fcode="store"/>
<opset="store_ln46/14 "/>
</bind>
</comp>

<comp id="374" class="1004" name="in_pkts_last_3_1_loc_load_load_fu_374">
<pin_list>
<pin id="375" dir="0" index="0" bw="1" slack="14"/>
<pin id="376" dir="1" index="1" bw="1" slack="2147483647"/>
</pin_list>
<bind>
<opcode="load(27) " fcode="load"/>
<opset="in_pkts_last_3_1_loc_load/15 "/>
</bind>
</comp>

<comp id="377" class="1004" name="store_ln25_store_fu_377">
<pin_list>
<pin id="378" dir="0" index="0" bw="32" slack="2147483647"/>
<pin id="379" dir="0" index="1" bw="32" slack="14"/>
<pin id="380" dir="1" index="2" bw="0" slack="2147483647"/>
</pin_list>
<bind>
<opcode="store(28) " fcode="store"/>
<opset="store_ln25/15 "/>
</bind>
</comp>

<comp id="381" class="1004" name="store_ln25_store_fu_381">
<pin_list>
<pin id="382" dir="0" index="0" bw="32" slack="2147483647"/>
<pin id="383" dir="0" index="1" bw="32" slack="14"/>
<pin id="384" dir="1" index="2" bw="0" slack="2147483647"/>
</pin_list>
<bind>
<opcode="store(28) " fcode="store"/>
<opset="store_ln25/15 "/>
</bind>
</comp>

<comp id="385" class="1004" name="store_ln25_store_fu_385">
<pin_list>
<pin id="386" dir="0" index="0" bw="32" slack="2147483647"/>
<pin id="387" dir="0" index="1" bw="32" slack="14"/>
<pin id="388" dir="1" index="2" bw="0" slack="2147483647"/>
</pin_list>
<bind>
<opcode="store(28) " fcode="store"/>
<opset="store_ln25/15 "/>
</bind>
</comp>

<comp id="389" class="1004" name="store_ln25_store_fu_389">
<pin_list>
<pin id="390" dir="0" index="0" bw="32" slack="2147483647"/>
<pin id="391" dir="0" index="1" bw="32" slack="14"/>
<pin id="392" dir="1" index="2" bw="0" slack="2147483647"/>
</pin_list>
<bind>
<opcode="store(28) " fcode="store"/>
<opset="store_ln25/15 "/>
</bind>
</comp>

<comp id="393" class="1004" name="store_ln25_store_fu_393">
<pin_list>
<pin id="394" dir="0" index="0" bw="6" slack="2147483647"/>
<pin id="395" dir="0" index="1" bw="6" slack="14"/>
<pin id="396" dir="1" index="2" bw="0" slack="2147483647"/>
</pin_list>
<bind>
<opcode="store(28) " fcode="store"/>
<opset="store_ln25/15 "/>
</bind>
</comp>

<comp id="397" class="1004" name="store_ln25_store_fu_397">
<pin_list>
<pin id="398" dir="0" index="0" bw="5" slack="2147483647"/>
<pin id="399" dir="0" index="1" bw="5" slack="14"/>
<pin id="400" dir="1" index="2" bw="0" slack="2147483647"/>
</pin_list>
<bind>
<opcode="store(28) " fcode="store"/>
<opset="store_ln25/15 "/>
</bind>
</comp>

<comp id="401" class="1004" name="store_ln25_store_fu_401">
<pin_list>
<pin id="402" dir="0" index="0" bw="2" slack="2147483647"/>
<pin id="403" dir="0" index="1" bw="2" slack="14"/>
<pin id="404" dir="1" index="2" bw="0" slack="2147483647"/>
</pin_list>
<bind>
<opcode="store(28) " fcode="store"/>
<opset="store_ln25/15 "/>
</bind>
</comp>

<comp id="405" class="1004" name="store_ln25_store_fu_405">
<pin_list>
<pin id="406" dir="0" index="0" bw="4" slack="2147483647"/>
<pin id="407" dir="0" index="1" bw="4" slack="14"/>
<pin id="408" dir="1" index="2" bw="0" slack="2147483647"/>
</pin_list>
<bind>
<opcode="store(28) " fcode="store"/>
<opset="store_ln25/15 "/>
</bind>
</comp>

<comp id="409" class="1004" name="store_ln25_store_fu_409">
<pin_list>
<pin id="410" dir="0" index="0" bw="4" slack="2147483647"/>
<pin id="411" dir="0" index="1" bw="4" slack="14"/>
<pin id="412" dir="1" index="2" bw="0" slack="2147483647"/>
</pin_list>
<bind>
<opcode="store(28) " fcode="store"/>
<opset="store_ln25/15 "/>
</bind>
</comp>

<comp id="413" class="1005" name="in_pkts_last_0_099_reg_413">
<pin_list>
<pin id="414" dir="0" index="0" bw="1" slack="1"/>
<pin id="415" dir="1" index="1" bw="1" slack="1"/>
</pin_list>
<bind>
<opset="in_pkts_last_0_099 "/>
</bind>
</comp>

<comp id="419" class="1005" name="in_pkts_keep_0_096_reg_419">
<pin_list>
<pin id="420" dir="0" index="0" bw="4" slack="1"/>
<pin id="421" dir="1" index="1" bw="4" slack="1"/>
</pin_list>
<bind>
<opset="in_pkts_keep_0_096 "/>
</bind>
</comp>

<comp id="425" class="1005" name="in_pkts_strb_0_097_reg_425">
<pin_list>
<pin id="426" dir="0" index="0" bw="4" slack="1"/>
<pin id="427" dir="1" index="1" bw="4" slack="1"/>
</pin_list>
<bind>
<opset="in_pkts_strb_0_097 "/>
</bind>
</comp>

<comp id="431" class="1005" name="in_pkts_user_0_098_reg_431">
<pin_list>
<pin id="432" dir="0" index="0" bw="2" slack="1"/>
<pin id="433" dir="1" index="1" bw="2" slack="1"/>
</pin_list>
<bind>
<opset="in_pkts_user_0_098 "/>
</bind>
</comp>

<comp id="437" class="1005" name="in_pkts_id_0_0101_reg_437">
<pin_list>
<pin id="438" dir="0" index="0" bw="5" slack="1"/>
<pin id="439" dir="1" index="1" bw="5" slack="1"/>
</pin_list>
<bind>
<opset="in_pkts_id_0_0101 "/>
</bind>
</comp>

<comp id="443" class="1005" name="in_pkts_dest_0_0102_reg_443">
<pin_list>
<pin id="444" dir="0" index="0" bw="6" slack="1"/>
<pin id="445" dir="1" index="1" bw="6" slack="1"/>
</pin_list>
<bind>
<opset="in_pkts_dest_0_0102 "/>
</bind>
</comp>

<comp id="449" class="1005" name="in_pkts_data_0_05_reg_449">
<pin_list>
<pin id="450" dir="0" index="0" bw="32" slack="1"/>
<pin id="451" dir="1" index="1" bw="32" slack="1"/>
</pin_list>
<bind>
<opset="in_pkts_data_0_05 "/>
</bind>
</comp>

<comp id="455" class="1005" name="in_pkts_data_1_06_reg_455">
<pin_list>
<pin id="456" dir="0" index="0" bw="32" slack="1"/>
<pin id="457" dir="1" index="1" bw="32" slack="1"/>
</pin_list>
<bind>
<opset="in_pkts_data_1_06 "/>
</bind>
</comp>

<comp id="461" class="1005" name="in_pkts_data_2_07_reg_461">
<pin_list>
<pin id="462" dir="0" index="0" bw="32" slack="1"/>
<pin id="463" dir="1" index="1" bw="32" slack="1"/>
</pin_list>
<bind>
<opset="in_pkts_data_2_07 "/>
</bind>
</comp>

<comp id="467" class="1005" name="in_pkts_data_3_08_reg_467">
<pin_list>
<pin id="468" dir="0" index="0" bw="32" slack="1"/>
<pin id="469" dir="1" index="1" bw="32" slack="1"/>
</pin_list>
<bind>
<opset="in_pkts_data_3_08 "/>
</bind>
</comp>

<comp id="473" class="1005" name="out_pkts_keep_loc_reg_473">
<pin_list>
<pin id="474" dir="0" index="0" bw="4" slack="1"/>
<pin id="475" dir="1" index="1" bw="4" slack="1"/>
</pin_list>
<bind>
<opset="out_pkts_keep_loc "/>
</bind>
</comp>

<comp id="479" class="1005" name="out_pkts_strb_loc_reg_479">
<pin_list>
<pin id="480" dir="0" index="0" bw="4" slack="1"/>
<pin id="481" dir="1" index="1" bw="4" slack="1"/>
</pin_list>
<bind>
<opset="out_pkts_strb_loc "/>
</bind>
</comp>

<comp id="485" class="1005" name="out_pkts_user_loc_reg_485">
<pin_list>
<pin id="486" dir="0" index="0" bw="2" slack="1"/>
<pin id="487" dir="1" index="1" bw="2" slack="1"/>
</pin_list>
<bind>
<opset="out_pkts_user_loc "/>
</bind>
</comp>

<comp id="491" class="1005" name="out_pkts_last_loc_reg_491">
<pin_list>
<pin id="492" dir="0" index="0" bw="1" slack="1"/>
<pin id="493" dir="1" index="1" bw="1" slack="1"/>
</pin_list>
<bind>
<opset="out_pkts_last_loc "/>
</bind>
</comp>

<comp id="497" class="1005" name="in_pkts_last_3_1_loc_reg_497">
<pin_list>
<pin id="498" dir="0" index="0" bw="1" slack="1"/>
<pin id="499" dir="1" index="1" bw="1" slack="1"/>
</pin_list>
<bind>
<opset="in_pkts_last_3_1_loc "/>
</bind>
</comp>

<comp id="503" class="1005" name="out_pkts_id_loc_reg_503">
<pin_list>
<pin id="504" dir="0" index="0" bw="5" slack="1"/>
<pin id="505" dir="1" index="1" bw="5" slack="1"/>
</pin_list>
<bind>
<opset="out_pkts_id_loc "/>
</bind>
</comp>

<comp id="509" class="1005" name="out_pkts_dest_loc_reg_509">
<pin_list>
<pin id="510" dir="0" index="0" bw="6" slack="1"/>
<pin id="511" dir="1" index="1" bw="6" slack="1"/>
</pin_list>
<bind>
<opset="out_pkts_dest_loc "/>
</bind>
</comp>

<comp id="515" class="1005" name="in_pkts_data_0_1_loc_reg_515">
<pin_list>
<pin id="516" dir="0" index="0" bw="32" slack="1"/>
<pin id="517" dir="1" index="1" bw="32" slack="1"/>
</pin_list>
<bind>
<opset="in_pkts_data_0_1_loc "/>
</bind>
</comp>

<comp id="521" class="1005" name="in_pkts_data_1_1_loc_reg_521">
<pin_list>
<pin id="522" dir="0" index="0" bw="32" slack="1"/>
<pin id="523" dir="1" index="1" bw="32" slack="1"/>
</pin_list>
<bind>
<opset="in_pkts_data_1_1_loc "/>
</bind>
</comp>

<comp id="527" class="1005" name="in_pkts_data_2_1_loc_reg_527">
<pin_list>
<pin id="528" dir="0" index="0" bw="32" slack="1"/>
<pin id="529" dir="1" index="1" bw="32" slack="1"/>
</pin_list>
<bind>
<opset="in_pkts_data_2_1_loc "/>
</bind>
</comp>

<comp id="533" class="1005" name="in_pkts_data_3_1_loc_reg_533">
<pin_list>
<pin id="534" dir="0" index="0" bw="32" slack="1"/>
<pin id="535" dir="1" index="1" bw="32" slack="1"/>
</pin_list>
<bind>
<opset="in_pkts_data_3_1_loc "/>
</bind>
</comp>

<comp id="581" class="1005" name="empty_43_reg_581">
<pin_list>
<pin id="582" dir="0" index="0" bw="16" slack="1"/>
<pin id="583" dir="1" index="1" bw="16" slack="1"/>
</pin_list>
<bind>
<opset="empty_43 "/>
</bind>
</comp>

<comp id="586" class="1005" name="empty_44_reg_586">
<pin_list>
<pin id="587" dir="0" index="0" bw="16" slack="1"/>
<pin id="588" dir="1" index="1" bw="16" slack="1"/>
</pin_list>
<bind>
<opset="empty_44 "/>
</bind>
</comp>

<comp id="591" class="1005" name="empty_45_reg_591">
<pin_list>
<pin id="592" dir="0" index="0" bw="16" slack="1"/>
<pin id="593" dir="1" index="1" bw="16" slack="1"/>
</pin_list>
<bind>
<opset="empty_45 "/>
</bind>
</comp>

<comp id="596" class="1005" name="empty_46_reg_596">
<pin_list>
<pin id="597" dir="0" index="0" bw="16" slack="1"/>
<pin id="598" dir="1" index="1" bw="16" slack="1"/>
</pin_list>
<bind>
<opset="empty_46 "/>
</bind>
</comp>

</comp_list>

<net_list>
<net id="89"><net_src comp="34" pin="0"/><net_sink comp="86" pin=0"/></net>

<net id="93"><net_src comp="34" pin="0"/><net_sink comp="90" pin=0"/></net>

<net id="97"><net_src comp="34" pin="0"/><net_sink comp="94" pin=0"/></net>

<net id="101"><net_src comp="34" pin="0"/><net_sink comp="98" pin=0"/></net>

<net id="105"><net_src comp="34" pin="0"/><net_sink comp="102" pin=0"/></net>

<net id="109"><net_src comp="34" pin="0"/><net_sink comp="106" pin=0"/></net>

<net id="113"><net_src comp="34" pin="0"/><net_sink comp="110" pin=0"/></net>

<net id="117"><net_src comp="34" pin="0"/><net_sink comp="114" pin=0"/></net>

<net id="121"><net_src comp="34" pin="0"/><net_sink comp="118" pin=0"/></net>

<net id="125"><net_src comp="34" pin="0"/><net_sink comp="122" pin=0"/></net>

<net id="129"><net_src comp="36" pin="0"/><net_sink comp="126" pin=0"/></net>

<net id="133"><net_src comp="36" pin="0"/><net_sink comp="130" pin=0"/></net>

<net id="137"><net_src comp="36" pin="0"/><net_sink comp="134" pin=0"/></net>

<net id="141"><net_src comp="36" pin="0"/><net_sink comp="138" pin=0"/></net>

<net id="145"><net_src comp="36" pin="0"/><net_sink comp="142" pin=0"/></net>

<net id="149"><net_src comp="36" pin="0"/><net_sink comp="146" pin=0"/></net>

<net id="153"><net_src comp="36" pin="0"/><net_sink comp="150" pin=0"/></net>

<net id="157"><net_src comp="36" pin="0"/><net_sink comp="154" pin=0"/></net>

<net id="161"><net_src comp="36" pin="0"/><net_sink comp="158" pin=0"/></net>

<net id="165"><net_src comp="36" pin="0"/><net_sink comp="162" pin=0"/></net>

<net id="169"><net_src comp="36" pin="0"/><net_sink comp="166" pin=0"/></net>

<net id="201"><net_src comp="68" pin="0"/><net_sink comp="170" pin=0"/></net>

<net id="202"><net_src comp="0" pin="0"/><net_sink comp="170" pin=11"/></net>

<net id="203"><net_src comp="2" pin="0"/><net_sink comp="170" pin=12"/></net>

<net id="204"><net_src comp="4" pin="0"/><net_sink comp="170" pin=13"/></net>

<net id="205"><net_src comp="6" pin="0"/><net_sink comp="170" pin=14"/></net>

<net id="206"><net_src comp="8" pin="0"/><net_sink comp="170" pin=15"/></net>

<net id="207"><net_src comp="10" pin="0"/><net_sink comp="170" pin=16"/></net>

<net id="208"><net_src comp="12" pin="0"/><net_sink comp="170" pin=17"/></net>

<net id="219"><net_src comp="70" pin="0"/><net_sink comp="209" pin=0"/></net>

<net id="220"><net_src comp="28" pin="0"/><net_sink comp="209" pin=5"/></net>

<net id="221"><net_src comp="30" pin="0"/><net_sink comp="209" pin=6"/></net>

<net id="222"><net_src comp="32" pin="0"/><net_sink comp="209" pin=7"/></net>

<net id="227"><net_src comp="72" pin="0"/><net_sink comp="223" pin=0"/></net>

<net id="228"><net_src comp="28" pin="0"/><net_sink comp="223" pin=1"/></net>

<net id="233"><net_src comp="74" pin="0"/><net_sink comp="229" pin=0"/></net>

<net id="234"><net_src comp="28" pin="0"/><net_sink comp="229" pin=1"/></net>

<net id="239"><net_src comp="76" pin="0"/><net_sink comp="235" pin=0"/></net>

<net id="240"><net_src comp="28" pin="0"/><net_sink comp="235" pin=1"/></net>

<net id="245"><net_src comp="78" pin="0"/><net_sink comp="241" pin=0"/></net>

<net id="246"><net_src comp="28" pin="0"/><net_sink comp="241" pin=1"/></net>

<net id="264"><net_src comp="80" pin="0"/><net_sink comp="247" pin=0"/></net>

<net id="265"><net_src comp="14" pin="0"/><net_sink comp="247" pin=7"/></net>

<net id="266"><net_src comp="16" pin="0"/><net_sink comp="247" pin=8"/></net>

<net id="267"><net_src comp="18" pin="0"/><net_sink comp="247" pin=9"/></net>

<net id="268"><net_src comp="20" pin="0"/><net_sink comp="247" pin=10"/></net>

<net id="269"><net_src comp="22" pin="0"/><net_sink comp="247" pin=11"/></net>

<net id="270"><net_src comp="24" pin="0"/><net_sink comp="247" pin=12"/></net>

<net id="271"><net_src comp="26" pin="0"/><net_sink comp="247" pin=13"/></net>

<net id="272"><net_src comp="28" pin="0"/><net_sink comp="247" pin=14"/></net>

<net id="276"><net_src comp="273" pin="1"/><net_sink comp="170" pin=7"/></net>

<net id="280"><net_src comp="277" pin="1"/><net_sink comp="170" pin=10"/></net>

<net id="284"><net_src comp="281" pin="1"/><net_sink comp="170" pin=9"/></net>

<net id="288"><net_src comp="285" pin="1"/><net_sink comp="170" pin=8"/></net>

<net id="292"><net_src comp="289" pin="1"/><net_sink comp="170" pin=6"/></net>

<net id="296"><net_src comp="293" pin="1"/><net_sink comp="170" pin=5"/></net>

<net id="300"><net_src comp="297" pin="1"/><net_sink comp="170" pin=4"/></net>

<net id="304"><net_src comp="301" pin="1"/><net_sink comp="170" pin=3"/></net>

<net id="308"><net_src comp="305" pin="1"/><net_sink comp="170" pin=2"/></net>

<net id="312"><net_src comp="309" pin="1"/><net_sink comp="170" pin=1"/></net>

<net id="328"><net_src comp="313" pin="1"/><net_sink comp="325" pin=0"/></net>

<net id="329"><net_src comp="325" pin="1"/><net_sink comp="209" pin=4"/></net>

<net id="333"><net_src comp="316" pin="1"/><net_sink comp="330" pin=0"/></net>

<net id="334"><net_src comp="330" pin="1"/><net_sink comp="209" pin=3"/></net>

<net id="338"><net_src comp="319" pin="1"/><net_sink comp="335" pin=0"/></net>

<net id="339"><net_src comp="335" pin="1"/><net_sink comp="209" pin=2"/></net>

<net id="343"><net_src comp="322" pin="1"/><net_sink comp="340" pin=0"/></net>

<net id="344"><net_src comp="340" pin="1"/><net_sink comp="209" pin=1"/></net>

<net id="348"><net_src comp="345" pin="1"/><net_sink comp="247" pin=6"/></net>

<net id="352"><net_src comp="349" pin="1"/><net_sink comp="247" pin=5"/></net>

<net id="356"><net_src comp="353" pin="1"/><net_sink comp="247" pin=4"/></net>

<net id="360"><net_src comp="357" pin="1"/><net_sink comp="247" pin=3"/></net>

<net id="364"><net_src comp="361" pin="1"/><net_sink comp="247" pin=2"/></net>

<net id="368"><net_src comp="365" pin="1"/><net_sink comp="247" pin=1"/></net>

<net id="373"><net_src comp="353" pin="1"/><net_sink comp="369" pin=0"/></net>

<net id="416"><net_src comp="86" pin="1"/><net_sink comp="413" pin=0"/></net>

<net id="417"><net_src comp="413" pin="1"/><net_sink comp="273" pin=0"/></net>

<net id="418"><net_src comp="413" pin="1"/><net_sink comp="369" pin=1"/></net>

<net id="422"><net_src comp="90" pin="1"/><net_sink comp="419" pin=0"/></net>

<net id="423"><net_src comp="419" pin="1"/><net_sink comp="277" pin=0"/></net>

<net id="424"><net_src comp="419" pin="1"/><net_sink comp="409" pin=1"/></net>

<net id="428"><net_src comp="94" pin="1"/><net_sink comp="425" pin=0"/></net>

<net id="429"><net_src comp="425" pin="1"/><net_sink comp="281" pin=0"/></net>

<net id="430"><net_src comp="425" pin="1"/><net_sink comp="405" pin=1"/></net>

<net id="434"><net_src comp="98" pin="1"/><net_sink comp="431" pin=0"/></net>

<net id="435"><net_src comp="431" pin="1"/><net_sink comp="285" pin=0"/></net>

<net id="436"><net_src comp="431" pin="1"/><net_sink comp="401" pin=1"/></net>

<net id="440"><net_src comp="102" pin="1"/><net_sink comp="437" pin=0"/></net>

<net id="441"><net_src comp="437" pin="1"/><net_sink comp="289" pin=0"/></net>

<net id="442"><net_src comp="437" pin="1"/><net_sink comp="397" pin=1"/></net>

<net id="446"><net_src comp="106" pin="1"/><net_sink comp="443" pin=0"/></net>

<net id="447"><net_src comp="443" pin="1"/><net_sink comp="293" pin=0"/></net>

<net id="448"><net_src comp="443" pin="1"/><net_sink comp="393" pin=1"/></net>

<net id="452"><net_src comp="110" pin="1"/><net_sink comp="449" pin=0"/></net>

<net id="453"><net_src comp="449" pin="1"/><net_sink comp="297" pin=0"/></net>

<net id="454"><net_src comp="449" pin="1"/><net_sink comp="389" pin=1"/></net>

<net id="458"><net_src comp="114" pin="1"/><net_sink comp="455" pin=0"/></net>

<net id="459"><net_src comp="455" pin="1"/><net_sink comp="301" pin=0"/></net>

<net id="460"><net_src comp="455" pin="1"/><net_sink comp="385" pin=1"/></net>

<net id="464"><net_src comp="118" pin="1"/><net_sink comp="461" pin=0"/></net>

<net id="465"><net_src comp="461" pin="1"/><net_sink comp="305" pin=0"/></net>

<net id="466"><net_src comp="461" pin="1"/><net_sink comp="381" pin=1"/></net>

<net id="470"><net_src comp="122" pin="1"/><net_sink comp="467" pin=0"/></net>

<net id="471"><net_src comp="467" pin="1"/><net_sink comp="309" pin=0"/></net>

<net id="472"><net_src comp="467" pin="1"/><net_sink comp="377" pin=1"/></net>

<net id="476"><net_src comp="126" pin="1"/><net_sink comp="473" pin=0"/></net>

<net id="477"><net_src comp="473" pin="1"/><net_sink comp="170" pin=28"/></net>

<net id="478"><net_src comp="473" pin="1"/><net_sink comp="365" pin=0"/></net>

<net id="482"><net_src comp="130" pin="1"/><net_sink comp="479" pin=0"/></net>

<net id="483"><net_src comp="479" pin="1"/><net_sink comp="170" pin=27"/></net>

<net id="484"><net_src comp="479" pin="1"/><net_sink comp="361" pin=0"/></net>

<net id="488"><net_src comp="134" pin="1"/><net_sink comp="485" pin=0"/></net>

<net id="489"><net_src comp="485" pin="1"/><net_sink comp="170" pin=26"/></net>

<net id="490"><net_src comp="485" pin="1"/><net_sink comp="357" pin=0"/></net>

<net id="494"><net_src comp="138" pin="1"/><net_sink comp="491" pin=0"/></net>

<net id="495"><net_src comp="491" pin="1"/><net_sink comp="170" pin=25"/></net>

<net id="496"><net_src comp="491" pin="1"/><net_sink comp="353" pin=0"/></net>

<net id="500"><net_src comp="142" pin="1"/><net_sink comp="497" pin=0"/></net>

<net id="501"><net_src comp="497" pin="1"/><net_sink comp="170" pin=24"/></net>

<net id="502"><net_src comp="497" pin="1"/><net_sink comp="374" pin=0"/></net>

<net id="506"><net_src comp="146" pin="1"/><net_sink comp="503" pin=0"/></net>

<net id="507"><net_src comp="503" pin="1"/><net_sink comp="170" pin=23"/></net>

<net id="508"><net_src comp="503" pin="1"/><net_sink comp="349" pin=0"/></net>

<net id="512"><net_src comp="150" pin="1"/><net_sink comp="509" pin=0"/></net>

<net id="513"><net_src comp="509" pin="1"/><net_sink comp="170" pin=22"/></net>

<net id="514"><net_src comp="509" pin="1"/><net_sink comp="345" pin=0"/></net>

<net id="518"><net_src comp="154" pin="1"/><net_sink comp="515" pin=0"/></net>

<net id="519"><net_src comp="515" pin="1"/><net_sink comp="170" pin=21"/></net>

<net id="520"><net_src comp="515" pin="1"/><net_sink comp="322" pin=0"/></net>

<net id="524"><net_src comp="158" pin="1"/><net_sink comp="521" pin=0"/></net>

<net id="525"><net_src comp="521" pin="1"/><net_sink comp="170" pin=20"/></net>

<net id="526"><net_src comp="521" pin="1"/><net_sink comp="319" pin=0"/></net>

<net id="530"><net_src comp="162" pin="1"/><net_sink comp="527" pin=0"/></net>

<net id="531"><net_src comp="527" pin="1"/><net_sink comp="170" pin=19"/></net>

<net id="532"><net_src comp="527" pin="1"/><net_sink comp="316" pin=0"/></net>

<net id="536"><net_src comp="166" pin="1"/><net_sink comp="533" pin=0"/></net>

<net id="537"><net_src comp="533" pin="1"/><net_sink comp="170" pin=18"/></net>

<net id="538"><net_src comp="533" pin="1"/><net_sink comp="313" pin=0"/></net>

<net id="584"><net_src comp="325" pin="1"/><net_sink comp="581" pin=0"/></net>

<net id="585"><net_src comp="581" pin="1"/><net_sink comp="209" pin=4"/></net>

<net id="589"><net_src comp="330" pin="1"/><net_sink comp="586" pin=0"/></net>

<net id="590"><net_src comp="586" pin="1"/><net_sink comp="209" pin=3"/></net>

<net id="594"><net_src comp="335" pin="1"/><net_sink comp="591" pin=0"/></net>

<net id="595"><net_src comp="591" pin="1"/><net_sink comp="209" pin=2"/></net>

<net id="599"><net_src comp="340" pin="1"/><net_sink comp="596" pin=0"/></net>

<net id="600"><net_src comp="596" pin="1"/><net_sink comp="209" pin=1"/></net>

</net_list>

</model> 
---------------- Datapath Model END ------------------

* FSMD analyzer results:
  - Output states:
	Port: out_stream_V_data_V | {14 15 }
	Port: out_stream_V_keep_V | {14 15 }
	Port: out_stream_V_strb_V | {14 15 }
	Port: out_stream_V_user_V | {14 15 }
	Port: out_stream_V_last_V | {14 15 }
	Port: out_stream_V_id_V | {14 15 }
	Port: out_stream_V_dest_V | {14 15 }
	Port: NEURONS_MEMBRANE | {4 5 6 7 8 9 10 11 12 13 }
 - Input state : 
	Port: RNI : in_stream_V_data_V | {2 3 }
	Port: RNI : in_stream_V_keep_V | {2 3 }
	Port: RNI : in_stream_V_strb_V | {2 3 }
	Port: RNI : in_stream_V_user_V | {2 3 }
	Port: RNI : in_stream_V_last_V | {2 3 }
	Port: RNI : in_stream_V_id_V | {2 3 }
	Port: RNI : in_stream_V_dest_V | {2 3 }
	Port: RNI : NEURONS_MEMBRANE | {4 5 6 7 8 9 10 11 14 15 }
	Port: RNI : WEIGHTS_INDEX | {4 5 }
	Port: RNI : WEIGHTS | {4 5 }
  - Chain level:
	State 1
	State 2
		call_ln0 : 1
	State 3
	State 4
		empty_43 : 1
		empty_44 : 1
		empty_45 : 1
		empty_46 : 1
		call_ln30 : 2
	State 5
	State 6
	State 7
	State 8
	State 9
	State 10
	State 11
	State 12
	State 13
	State 14
		call_ln0 : 1
		store_ln46 : 1
	State 15
		br_ln46 : 1
	State 16


============================================================
+ Verbose Summary: Datapath Resource usage 
============================================================

* Functional unit list:
|----------|-----------------------------------------|---------|---------|---------|---------|
| Operation|             Functional Unit             |   DSP   |  Delay  |    FF   |   LUT   |
|----------|-----------------------------------------|---------|---------|---------|---------|
|          | grp_RNI_Pipeline_VITIS_LOOP_27_2_fu_170 |    0    |    0    |   154   |    53   |
|          |          grp_input_layer_fu_209         |    1    | 14.7692 |   529   |   449   |
|          |  grp_RNI_Pipeline_NEURONS_LOOP_1_fu_223 |    0    |  1.588  |    18   |   105   |
|   call   |  grp_RNI_Pipeline_NEURONS_LOOP_2_fu_229 |    0    |  1.588  |    17   |   103   |
|          |  grp_RNI_Pipeline_NEURONS_LOOP_3_fu_235 |    0    |  1.588  |    16   |   103   |
|          |  grp_RNI_Pipeline_NEURONS_LOOP_4_fu_241 |    0    |    0    |    5    |    26   |
|          | grp_RNI_Pipeline_VITIS_LOOP_38_3_fu_247 |    0    |  1.588  |    38   |    39   |
|----------|-----------------------------------------|---------|---------|---------|---------|
|          |             empty_43_fu_325             |    0    |    0    |    0    |    0    |
|   trunc  |             empty_44_fu_330             |    0    |    0    |    0    |    0    |
|          |             empty_45_fu_335             |    0    |    0    |    0    |    0    |
|          |             empty_46_fu_340             |    0    |    0    |    0    |    0    |
|----------|-----------------------------------------|---------|---------|---------|---------|
|   Total  |                                         |    1    | 21.1212 |   777   |   878   |
|----------|-----------------------------------------|---------|---------|---------|---------|

Memories:
+----------------+--------+--------+--------+--------+
|                |  BRAM  |   FF   |   LUT  |  URAM  |
+----------------+--------+--------+--------+--------+
|NEURONS_MEMBRANE|    1   |    0   |    0   |    0   |
|     WEIGHTS    |    8   |    0   |    0   |    -   |
|  WEIGHTS_INDEX |    1   |    0   |    0   |    -   |
+----------------+--------+--------+--------+--------+
|      Total     |   10   |    0   |    0   |    0   |
+----------------+--------+--------+--------+--------+

* Register list:
+----------------------------+--------+
|                            |   FF   |
+----------------------------+--------+
|      empty_43_reg_581      |   16   |
|      empty_44_reg_586      |   16   |
|      empty_45_reg_591      |   16   |
|      empty_46_reg_596      |   16   |
|  in_pkts_data_0_05_reg_449 |   32   |
|in_pkts_data_0_1_loc_reg_515|   32   |
|  in_pkts_data_1_06_reg_455 |   32   |
|in_pkts_data_1_1_loc_reg_521|   32   |
|  in_pkts_data_2_07_reg_461 |   32   |
|in_pkts_data_2_1_loc_reg_527|   32   |
|  in_pkts_data_3_08_reg_467 |   32   |
|in_pkts_data_3_1_loc_reg_533|   32   |
| in_pkts_dest_0_0102_reg_443|    6   |
|  in_pkts_id_0_0101_reg_437 |    5   |
| in_pkts_keep_0_096_reg_419 |    4   |
| in_pkts_last_0_099_reg_413 |    1   |
|in_pkts_last_3_1_loc_reg_497|    1   |
| in_pkts_strb_0_097_reg_425 |    4   |
| in_pkts_user_0_098_reg_431 |    2   |
|  out_pkts_dest_loc_reg_509 |    6   |
|   out_pkts_id_loc_reg_503  |    5   |
|  out_pkts_keep_loc_reg_473 |    4   |
|  out_pkts_last_loc_reg_491 |    1   |
|  out_pkts_strb_loc_reg_479 |    4   |
|  out_pkts_user_loc_reg_485 |    2   |
+----------------------------+--------+
|            Total           |   365  |
+----------------------------+--------+

* Multiplexer (MUX) list: 
|------------------------|------|------|------|--------||---------||---------|
|          Comp          |  Pin | Size |  BW  | S x BW ||  Delay  ||   LUT   |
|------------------------|------|------|------|--------||---------||---------|
| grp_input_layer_fu_209 |  p1  |   2  |  16  |   32   ||    9    |
| grp_input_layer_fu_209 |  p2  |   2  |  16  |   32   ||    9    |
| grp_input_layer_fu_209 |  p3  |   2  |  16  |   32   ||    9    |
| grp_input_layer_fu_209 |  p4  |   2  |  16  |   32   ||    9    |
|------------------------|------|------|------|--------||---------||---------|
|          Total         |      |      |      |   128  ||  6.352  ||    36   |
|------------------------|------|------|------|--------||---------||---------|



* Summary:
+-----------+--------+--------+--------+--------+--------+--------+
|           |  BRAM  |   DSP  |  Delay |   FF   |   LUT  |  URAM  |
+-----------+--------+--------+--------+--------+--------+--------+
|  Function |    -   |    1   |   21   |   777  |   878  |    -   |
|   Memory  |   10   |    -   |    -   |    0   |    0   |    0   |
|Multiplexer|    -   |    -   |    6   |    -   |   36   |    -   |
|  Register |    -   |    -   |    -   |   365  |    -   |    -   |
+-----------+--------+--------+--------+--------+--------+--------+
|   Total   |   10   |    1   |   27   |  1142  |   914  |    0   |
+-----------+--------+--------+--------+--------+--------+--------+
