

================================================================
== Vitis HLS Report for 'RNI_Pipeline_WEIGHTS_LOOP4'
================================================================
* Date:           Wed Jun 26 20:09:47 2024

* Version:        2023.1.1 (Build 3869133 on Jun 15 2023)
* Project:        RNI
* Solution:       solution1 (Vivado IP Flow Target)
* Product family: zynq
* Target device:  xc7z020-clg400-1


================================================================
== Performance Estimates
================================================================
+ Timing: 
    * Summary: 
    +--------+----------+----------+------------+
    |  Clock |  Target  | Estimated| Uncertainty|
    +--------+----------+----------+------------+
    |ap_clk  |  10.00 ns|  6.020 ns|     2.70 ns|
    +--------+----------+----------+------------+

+ Latency: 
    * Summary: 
    +---------+---------+-----------+----------+-----+--------+---------+
    |  Latency (cycles) |  Latency (absolute)  |   Interval   | Pipeline|
    |   min   |   max   |    min    |    max   | min |   max  |   Type  |
    +---------+---------+-----------+----------+-----+--------+---------+
    |        2|   196607|  20.000 ns|  1.966 ms|    2|  196607|       no|
    +---------+---------+-----------+----------+-----+--------+---------+

    + Detail: 
        * Instance: 
        N/A

        * Loop: 
        +----------------+---------+---------+----------+-----------+-----------+-----------+----------+
        |                |  Latency (cycles) | Iteration|  Initiation Interval  |    Trip   |          |
        |    Loop Name   |   min   |   max   |  Latency |  achieved |   target  |   Count   | Pipelined|
        +----------------+---------+---------+----------+-----------+-----------+-----------+----------+
        |- WEIGHTS_LOOP  |        0|   196605|         4|          3|          1|  0 ~ 65535|       yes|
        +----------------+---------+---------+----------+-----------+-----------+-----------+----------+

============================================================
+ Verbose Summary: Synthesis Manager
============================================================
InlineROM: 1
ExposeGlobal: 0
============================================================
+ Verbose Summary: CDFG Model
============================================================
IsTopModel: 0
ResetActiveHigh: 1
IsCombinational: 0
IsDatapathOnly: 0
HasWiredReturn: 1
HasMFsm: 2
HasVarLatency: 1
IsPipeline: 0
IsRtlPipelined: 0
IsInstanceOverlapped: 0
IsDontTouch: 0
HasImplIP: 0
IsGatedGlobalClock: 0

+ Individual pipeline summary: 
  * Pipeline-0: initiation interval (II) = 3, depth = 5


============================================================
+ Verbose Summary: Schedule
============================================================
* Number of FSM states : 5
* Pipeline : 1
  Pipeline-0 : II = 3, D = 5, States = { 1 2 3 4 5 }
* Dataflow Pipeline: 0

* FSM state transitions: 
1 --> 2 
2 --> 3 
3 --> 4 
4 --> 5 
5 --> 

* FSM state operations: 

State 1 <SV = 0> <Delay = 1.58>
ST_1 : Operation 7 [1/1] (0.00ns)   --->   "%weight_index = alloca i32 1"   --->   Operation 7 'alloca' 'weight_index' <Predicate = true> <Delay = 0.00>
ST_1 : Operation 8 [1/1] (0.00ns)   --->   "%trunc_ln10_read = read i9 @_ssdm_op_Read.ap_auto.i9, i9 %trunc_ln10"   --->   Operation 8 'read' 'trunc_ln10_read' <Predicate = true> <Delay = 0.00>
ST_1 : Operation 9 [1/1] (0.00ns)   --->   "%zext_ln146_1_read = read i15 @_ssdm_op_Read.ap_auto.i15, i15 %zext_ln146_1"   --->   Operation 9 'read' 'zext_ln146_1_read' <Predicate = true> <Delay = 0.00>
ST_1 : Operation 10 [1/1] (0.00ns)   --->   "%zext_ln142_read = read i9 @_ssdm_op_Read.ap_auto.i9, i9 %zext_ln142"   --->   Operation 10 'read' 'zext_ln142_read' <Predicate = true> <Delay = 0.00>
ST_1 : Operation 11 [1/1] (0.00ns)   --->   "%zext_ln146_read = read i15 @_ssdm_op_Read.ap_auto.i15, i15 %zext_ln146"   --->   Operation 11 'read' 'zext_ln146_read' <Predicate = true> <Delay = 0.00>
ST_1 : Operation 12 [1/1] (0.00ns)   --->   "%zext_ln146_1_cast = zext i15 %zext_ln146_1_read"   --->   Operation 12 'zext' 'zext_ln146_1_cast' <Predicate = true> <Delay = 0.00>
ST_1 : Operation 13 [1/1] (0.00ns)   --->   "%zext_ln142_cast = zext i9 %zext_ln142_read"   --->   Operation 13 'zext' 'zext_ln142_cast' <Predicate = true> <Delay = 0.00>
ST_1 : Operation 14 [1/1] (0.00ns)   --->   "%zext_ln146_cast = zext i15 %zext_ln146_read"   --->   Operation 14 'zext' 'zext_ln146_cast' <Predicate = true> <Delay = 0.00>
ST_1 : Operation 15 [1/1] (1.58ns)   --->   "%store_ln0 = store i64 %zext_ln146_cast, i64 %weight_index"   --->   Operation 15 'store' 'store_ln0' <Predicate = true> <Delay = 1.58>
ST_1 : Operation 16 [1/1] (0.00ns)   --->   "%br_ln0 = br void %for.body31.i415"   --->   Operation 16 'br' 'br_ln0' <Predicate = true> <Delay = 0.00>

State 2 <SV = 1> <Delay = 6.02>
ST_2 : Operation 17 [1/1] (0.00ns)   --->   "%weight_index_3 = load i64 %weight_index" [src/RNI.cpp:148->src/RNI.cpp:48]   --->   Operation 17 'load' 'weight_index_3' <Predicate = true> <Delay = 0.00>
ST_2 : Operation 18 [1/1] (0.00ns)   --->   "%NEURONS_MEMBRANE_addr = getelementptr i16 %NEURONS_MEMBRANE, i64 0, i64 %zext_ln142_cast" [src/RNI.cpp:144->src/RNI.cpp:48]   --->   Operation 18 'getelementptr' 'NEURONS_MEMBRANE_addr' <Predicate = true> <Delay = 0.00>
ST_2 : Operation 19 [1/1] (0.00ns)   --->   "%specpipeline_ln0 = specpipeline void @_ssdm_op_SpecPipeline, i32 4294967295, i32 0, i32 1, i32 0, void @p_str"   --->   Operation 19 'specpipeline' 'specpipeline_ln0' <Predicate = true> <Delay = 0.00>
ST_2 : Operation 20 [1/1] (3.52ns)   --->   "%icmp_ln146 = icmp_slt  i64 %weight_index_3, i64 %zext_ln146_1_cast" [src/RNI.cpp:146->src/RNI.cpp:48]   --->   Operation 20 'icmp' 'icmp_ln146' <Predicate = true> <Delay = 3.52> <CoreInst = "Cmp">   --->   Core 9 'Cmp' <Latency = 0> <II = 1> <Delay = 3.52> <FuncUnit> <Opcode : 'icmp'> <InPorts = 2> <OutPorts = 1>
ST_2 : Operation 21 [1/1] (0.00ns)   --->   "%br_ln146 = br i1 %icmp_ln146, void %for.end.i428.loopexit.exitStub, void %for.body31.i415.split" [src/RNI.cpp:146->src/RNI.cpp:48]   --->   Operation 21 'br' 'br_ln146' <Predicate = true> <Delay = 0.00>
ST_2 : Operation 22 [1/1] (0.00ns)   --->   "%trunc_ln148 = trunc i64 %weight_index_3" [src/RNI.cpp:148->src/RNI.cpp:48]   --->   Operation 22 'trunc' 'trunc_ln148' <Predicate = (icmp_ln146)> <Delay = 0.00>
ST_2 : Operation 23 [1/1] (0.00ns) (grouped into TernaryAdder)   --->   "%add_ln148 = add i9 %trunc_ln148, i9 192" [src/RNI.cpp:148->src/RNI.cpp:48]   --->   Operation 23 'add' 'add_ln148' <Predicate = (icmp_ln146)> <Delay = 0.00> <CoreInst = "TAddSub">   --->   Core 10 'TAddSub' <Latency = 0> <II = 1> <Delay = 1.84> <IPBlock> <Opcode : '<invalid operator> ' 'add' 'sub'> <InPorts = 3> <OutPorts = 1> <Sync> <CReg>
ST_2 : Operation 24 [1/1] (3.69ns) (root node of TernaryAdder)   --->   "%sub_ln148 = sub i9 %add_ln148, i9 %trunc_ln10_read" [src/RNI.cpp:148->src/RNI.cpp:48]   --->   Operation 24 'sub' 'sub_ln148' <Predicate = (icmp_ln146)> <Delay = 3.69> <CoreInst = "TAddSub">   --->   Core 10 'TAddSub' <Latency = 0> <II = 1> <Delay = 1.84> <IPBlock> <Opcode : '<invalid operator> ' 'add' 'sub'> <InPorts = 3> <OutPorts = 1> <Sync> <CReg>
ST_2 : Operation 25 [1/1] (0.00ns)   --->   "%zext_ln148 = zext i9 %sub_ln148" [src/RNI.cpp:148->src/RNI.cpp:48]   --->   Operation 25 'zext' 'zext_ln148' <Predicate = (icmp_ln146)> <Delay = 0.00>
ST_2 : Operation 26 [1/1] (0.00ns)   --->   "%NEURONS_STATE_addr = getelementptr i1 %NEURONS_STATE, i64 0, i64 %zext_ln148" [src/RNI.cpp:148->src/RNI.cpp:48]   --->   Operation 26 'getelementptr' 'NEURONS_STATE_addr' <Predicate = (icmp_ln146)> <Delay = 0.00>
ST_2 : Operation 27 [2/2] (2.32ns)   --->   "%neuron_state = load i9 %NEURONS_STATE_addr" [src/RNI.cpp:148->src/RNI.cpp:48]   --->   Operation 27 'load' 'neuron_state' <Predicate = (icmp_ln146)> <Delay = 2.32> <CoreInst = "RAM">   --->   Core 82 'RAM' <Latency = 1> <II = 1> <Delay = 2.32> <Storage> <Opcode : 'load' 'store'> <Ports = 2> <Width = 1> <Depth = 424> <RAM>
ST_2 : Operation 44 [1/1] (0.00ns)   --->   "%ret_ln0 = ret"   --->   Operation 44 'ret' 'ret_ln0' <Predicate = (!icmp_ln146)> <Delay = 0.00>

State 3 <SV = 2> <Delay = 5.10>
ST_3 : Operation 28 [1/1] (0.00ns)   --->   "%speclooptripcount_ln146 = speclooptripcount void @_ssdm_op_SpecLoopTripCount, i64 0, i64 65535, i64 32767" [src/RNI.cpp:146->src/RNI.cpp:48]   --->   Operation 28 'speclooptripcount' 'speclooptripcount_ln146' <Predicate = (icmp_ln146)> <Delay = 0.00>
ST_3 : Operation 29 [1/1] (0.00ns)   --->   "%specloopname_ln146 = specloopname void @_ssdm_op_SpecLoopName, void @empty_4" [src/RNI.cpp:146->src/RNI.cpp:48]   --->   Operation 29 'specloopname' 'specloopname_ln146' <Predicate = (icmp_ln146)> <Delay = 0.00>
ST_3 : Operation 30 [1/2] (2.32ns)   --->   "%neuron_state = load i9 %NEURONS_STATE_addr" [src/RNI.cpp:148->src/RNI.cpp:48]   --->   Operation 30 'load' 'neuron_state' <Predicate = (icmp_ln146)> <Delay = 2.32> <CoreInst = "RAM">   --->   Core 82 'RAM' <Latency = 1> <II = 1> <Delay = 2.32> <Storage> <Opcode : 'load' 'store'> <Ports = 2> <Width = 1> <Depth = 424> <RAM>
ST_3 : Operation 31 [1/1] (0.00ns)   --->   "%br_ln149 = br i1 %neuron_state, void %for.inc.i425, void %if.then.i422" [src/RNI.cpp:149->src/RNI.cpp:48]   --->   Operation 31 'br' 'br_ln149' <Predicate = (icmp_ln146)> <Delay = 0.00>
ST_3 : Operation 32 [1/1] (0.00ns)   --->   "%WEIGHTS_addr = getelementptr i8 %WEIGHTS, i64 0, i64 %weight_index_3" [src/RNI.cpp:150->src/RNI.cpp:48]   --->   Operation 32 'getelementptr' 'WEIGHTS_addr' <Predicate = (icmp_ln146 & neuron_state)> <Delay = 0.00>
ST_3 : Operation 33 [2/2] (3.25ns)   --->   "%WEIGHTS_load = load i15 %WEIGHTS_addr" [src/RNI.cpp:150->src/RNI.cpp:48]   --->   Operation 33 'load' 'WEIGHTS_load' <Predicate = (icmp_ln146 & neuron_state)> <Delay = 3.25> <CoreInst = "ROM">   --->   Core 95 'ROM' <Latency = 1> <II = 1> <Delay = 3.25> <Storage> <Opcode : 'load'> <Ports = 0> <Width = 8> <Depth = 22528> <ROM>
ST_3 : Operation 34 [2/2] (3.25ns)   --->   "%NEURONS_MEMBRANE_load = load i9 %NEURONS_MEMBRANE_addr" [src/RNI.cpp:150->src/RNI.cpp:48]   --->   Operation 34 'load' 'NEURONS_MEMBRANE_load' <Predicate = (icmp_ln146 & neuron_state)> <Delay = 3.25> <CoreInst = "RAM">   --->   Core 82 'RAM' <Latency = 1> <II = 1> <Delay = 3.25> <Storage> <Opcode : 'load' 'store'> <Ports = 2> <Width = 16> <Depth = 424> <RAM>
ST_3 : Operation 35 [1/1] (3.52ns)   --->   "%add_ln146 = add i64 %weight_index_3, i64 1" [src/RNI.cpp:146->src/RNI.cpp:48]   --->   Operation 35 'add' 'add_ln146' <Predicate = (icmp_ln146)> <Delay = 3.52> <CoreInst = "Adder">   --->   Core 1 'Adder' <Latency = 0> <II = 1> <Delay = 3.52> <FuncUnit> <Opcode : 'add' 'sub'> <InPorts = 2> <OutPorts = 1>
ST_3 : Operation 36 [1/1] (1.58ns)   --->   "%store_ln146 = store i64 %add_ln146, i64 %weight_index" [src/RNI.cpp:146->src/RNI.cpp:48]   --->   Operation 36 'store' 'store_ln146' <Predicate = (icmp_ln146)> <Delay = 1.58>
ST_3 : Operation 37 [1/1] (0.00ns)   --->   "%br_ln146 = br void %for.body31.i415" [src/RNI.cpp:146->src/RNI.cpp:48]   --->   Operation 37 'br' 'br_ln146' <Predicate = (icmp_ln146)> <Delay = 0.00>

State 4 <SV = 3> <Delay = 5.33>
ST_4 : Operation 38 [1/2] (3.25ns)   --->   "%WEIGHTS_load = load i15 %WEIGHTS_addr" [src/RNI.cpp:150->src/RNI.cpp:48]   --->   Operation 38 'load' 'WEIGHTS_load' <Predicate = (icmp_ln146 & neuron_state)> <Delay = 3.25> <CoreInst = "ROM">   --->   Core 95 'ROM' <Latency = 1> <II = 1> <Delay = 3.25> <Storage> <Opcode : 'load'> <Ports = 0> <Width = 8> <Depth = 22528> <ROM>
ST_4 : Operation 39 [1/1] (0.00ns)   --->   "%sext_ln150 = sext i8 %WEIGHTS_load" [src/RNI.cpp:150->src/RNI.cpp:48]   --->   Operation 39 'sext' 'sext_ln150' <Predicate = (icmp_ln146 & neuron_state)> <Delay = 0.00>
ST_4 : Operation 40 [1/2] (3.25ns)   --->   "%NEURONS_MEMBRANE_load = load i9 %NEURONS_MEMBRANE_addr" [src/RNI.cpp:150->src/RNI.cpp:48]   --->   Operation 40 'load' 'NEURONS_MEMBRANE_load' <Predicate = (icmp_ln146 & neuron_state)> <Delay = 3.25> <CoreInst = "RAM">   --->   Core 82 'RAM' <Latency = 1> <II = 1> <Delay = 3.25> <Storage> <Opcode : 'load' 'store'> <Ports = 2> <Width = 16> <Depth = 424> <RAM>
ST_4 : Operation 41 [1/1] (2.07ns)   --->   "%add_ln150 = add i16 %NEURONS_MEMBRANE_load, i16 %sext_ln150" [src/RNI.cpp:150->src/RNI.cpp:48]   --->   Operation 41 'add' 'add_ln150' <Predicate = (icmp_ln146 & neuron_state)> <Delay = 2.07> <CoreInst = "Adder">   --->   Core 1 'Adder' <Latency = 0> <II = 1> <Delay = 2.07> <FuncUnit> <Opcode : 'add' 'sub'> <InPorts = 2> <OutPorts = 1>

State 5 <SV = 4> <Delay = 3.25>
ST_5 : Operation 42 [1/1] (3.25ns)   --->   "%store_ln150 = store i16 %add_ln150, i9 %NEURONS_MEMBRANE_addr" [src/RNI.cpp:150->src/RNI.cpp:48]   --->   Operation 42 'store' 'store_ln150' <Predicate = (neuron_state)> <Delay = 3.25> <CoreInst = "RAM">   --->   Core 82 'RAM' <Latency = 1> <II = 1> <Delay = 3.25> <Storage> <Opcode : 'load' 'store'> <Ports = 2> <Width = 16> <Depth = 424> <RAM>
ST_5 : Operation 43 [1/1] (0.00ns)   --->   "%br_ln150 = br void %for.inc.i425" [src/RNI.cpp:150->src/RNI.cpp:48]   --->   Operation 43 'br' 'br_ln150' <Predicate = (neuron_state)> <Delay = 0.00>


============================================================
+ Verbose Summary: Timing violations
============================================================
Target clock period: 10.000ns, clock uncertainty: 2.700ns.

 <State 1>: 1.588ns
The critical path consists of the following:
	'alloca' operation ('weight_index') [8]  (0.000 ns)
	'store' operation ('store_ln0') of variable 'zext_ln146_cast' on local variable 'weight_index' [16]  (1.588 ns)

 <State 2>: 6.020ns
The critical path consists of the following:
	'load' operation ('weight_index', src/RNI.cpp:148->src/RNI.cpp:48) on local variable 'weight_index' [19]  (0.000 ns)
	'add' operation ('add_ln148', src/RNI.cpp:148->src/RNI.cpp:48) [28]  (0.000 ns)
	'sub' operation ('sub_ln148', src/RNI.cpp:148->src/RNI.cpp:48) [29]  (3.698 ns)
	'getelementptr' operation ('NEURONS_STATE_addr', src/RNI.cpp:148->src/RNI.cpp:48) [31]  (0.000 ns)
	'load' operation ('neuron_state', src/RNI.cpp:148->src/RNI.cpp:48) on array 'NEURONS_STATE' [32]  (2.322 ns)

 <State 3>: 5.108ns
The critical path consists of the following:
	'add' operation ('add_ln146', src/RNI.cpp:146->src/RNI.cpp:48) [43]  (3.520 ns)
	'store' operation ('store_ln146', src/RNI.cpp:146->src/RNI.cpp:48) of variable 'add_ln146', src/RNI.cpp:146->src/RNI.cpp:48 on local variable 'weight_index' [44]  (1.588 ns)

 <State 4>: 5.331ns
The critical path consists of the following:
	'load' operation ('WEIGHTS_load', src/RNI.cpp:150->src/RNI.cpp:48) on array 'WEIGHTS' [36]  (3.254 ns)
	'add' operation ('add_ln150', src/RNI.cpp:150->src/RNI.cpp:48) [39]  (2.077 ns)

 <State 5>: 3.254ns
The critical path consists of the following:
	'store' operation ('store_ln150', src/RNI.cpp:150->src/RNI.cpp:48) of variable 'add_ln150', src/RNI.cpp:150->src/RNI.cpp:48 on array 'NEURONS_MEMBRANE' [40]  (3.254 ns)


============================================================
+ Verbose Summary: Binding
============================================================
N/A
* FSMD analyzer results:
  - Output states:
 - Input state : 
  - Chain level:
	State 1
	State 2
	State 3
	State 4
	State 5


============================================================
+ Verbose Summary: Datapath Resource usage 
============================================================
N/A
