

================================================================
== Vitis HLS Report for 'RNI_Pipeline_VITIS_LOOP_197_1'
================================================================
* Date:           Tue Nov 26 16:00:53 2024

* Version:        2023.1.1 (Build 3869133 on Jun 15 2023)
* Project:        RNI
* Solution:       solution1 (Vivado IP Flow Target)
* Product family: zynq
* Target device:  xc7z020-clg400-1


================================================================
== Performance Estimates
================================================================
+ Timing: 
    * Summary: 
    +--------+----------+----------+------------+
    |  Clock |  Target  | Estimated| Uncertainty|
    +--------+----------+----------+------------+
    |ap_clk  |  10.00 ns|  5.169 ns|     2.70 ns|
    +--------+----------+----------+------------+

+ Latency: 
    * Summary: 
    +---------+---------+----------+----------+-----+-----+---------+
    |  Latency (cycles) |  Latency (absolute) |  Interval | Pipeline|
    |   min   |   max   |    min   |    max   | min | max |   Type  |
    +---------+---------+----------+----------+-----+-----+---------+
    |      489|      489|  4.890 us|  4.890 us|  489|  489|       no|
    +---------+---------+----------+----------+-----+-----+---------+

    + Detail: 
        * Instance: 
        N/A

        * Loop: 
        +--------------------+---------+---------+----------+-----------+-----------+------+----------+
        |                    |  Latency (cycles) | Iteration|  Initiation Interval  | Trip |          |
        |      Loop Name     |   min   |   max   |  Latency |  achieved |   target  | Count| Pipelined|
        +--------------------+---------+---------+----------+-----------+-----------+------+----------+
        |- VITIS_LOOP_197_1  |      487|      487|         4|          2|          1|   243|       yes|
        +--------------------+---------+---------+----------+-----------+-----------+------+----------+

============================================================
+ Verbose Summary: Synthesis Manager
============================================================
InlineROM: 1
ExposeGlobal: 0
============================================================
+ Verbose Summary: CDFG Model
============================================================
IsTopModel: 0
ResetActiveHigh: 1
IsCombinational: 0
IsDatapathOnly: 0
HasWiredReturn: 1
HasMFsm: 2
HasVarLatency: 1
IsPipeline: 0
IsRtlPipelined: 0
IsInstanceOverlapped: 0
IsDontTouch: 0
HasImplIP: 0
IsGatedGlobalClock: 0

+ Individual pipeline summary: 
  * Pipeline-0: initiation interval (II) = 2, depth = 4


============================================================
+ Verbose Summary: Schedule
============================================================
* Number of FSM states : 4
* Pipeline : 1
  Pipeline-0 : II = 2, D = 4, States = { 1 2 3 4 }
* Dataflow Pipeline: 0

* FSM state transitions: 
1 --> 2 
2 --> 3 
3 --> 4 
4 --> 

* FSM state operations: 

State 1 <SV = 0> <Delay = 5.16>
ST_1 : Operation 7 [1/1] (0.00ns)   --->   "%i_1 = alloca i32 1"   --->   Operation 7 'alloca' 'i_1' <Predicate = true> <Delay = 0.00>
ST_1 : Operation 8 [1/1] (0.00ns)   --->   "%specaxissidechannel_ln0 = specaxissidechannel void @_ssdm_op_SpecAXISSideChannel, i32 %out_stream_V_data_V, i4 %out_stream_V_keep_V, i4 %out_stream_V_strb_V, i2 %out_stream_V_user_V, i1 %out_stream_V_last_V, i5 %out_stream_V_id_V, i6 %out_stream_V_dest_V, void @empty_13"   --->   Operation 8 'specaxissidechannel' 'specaxissidechannel_ln0' <Predicate = true> <Delay = 0.00>
ST_1 : Operation 9 [1/1] (0.00ns)   --->   "%specinterface_ln0 = specinterface void @_ssdm_op_SpecInterface, i6 %out_stream_V_dest_V, i5 %out_stream_V_id_V, i1 %out_stream_V_last_V, i2 %out_stream_V_user_V, i4 %out_stream_V_strb_V, i4 %out_stream_V_keep_V, i32 %out_stream_V_data_V, void @empty_3, i32 0, i32 0, void @empty_4, i32 0, i32 0, void @empty_5, void @empty_5, void @empty_5, i32 0, i32 0, i32 0, i32 0, void @empty_5, void @empty_5, i32 4294967295, i32 0"   --->   Operation 9 'specinterface' 'specinterface_ln0' <Predicate = true> <Delay = 0.00>
ST_1 : Operation 10 [1/1] (0.00ns)   --->   "%in_pkts_dest_3_1_reload_read = read i6 @_ssdm_op_Read.ap_auto.i6, i6 %in_pkts_dest_3_1_reload"   --->   Operation 10 'read' 'in_pkts_dest_3_1_reload_read' <Predicate = true> <Delay = 0.00>
ST_1 : Operation 11 [1/1] (0.00ns)   --->   "%in_pkts_id_3_1_reload_read = read i5 @_ssdm_op_Read.ap_auto.i5, i5 %in_pkts_id_3_1_reload"   --->   Operation 11 'read' 'in_pkts_id_3_1_reload_read' <Predicate = true> <Delay = 0.00>
ST_1 : Operation 12 [1/1] (0.00ns)   --->   "%in_pkts_last_3_1_reload_read = read i1 @_ssdm_op_Read.ap_auto.i1, i1 %in_pkts_last_3_1_reload"   --->   Operation 12 'read' 'in_pkts_last_3_1_reload_read' <Predicate = true> <Delay = 0.00>
ST_1 : Operation 13 [1/1] (0.00ns)   --->   "%in_pkts_user_3_1_reload_read = read i2 @_ssdm_op_Read.ap_auto.i2, i2 %in_pkts_user_3_1_reload"   --->   Operation 13 'read' 'in_pkts_user_3_1_reload_read' <Predicate = true> <Delay = 0.00>
ST_1 : Operation 14 [1/1] (0.00ns)   --->   "%in_pkts_strb_3_1_reload_read = read i4 @_ssdm_op_Read.ap_auto.i4, i4 %in_pkts_strb_3_1_reload"   --->   Operation 14 'read' 'in_pkts_strb_3_1_reload_read' <Predicate = true> <Delay = 0.00>
ST_1 : Operation 15 [1/1] (0.00ns)   --->   "%in_pkts_keep_3_1_reload_read = read i4 @_ssdm_op_Read.ap_auto.i4, i4 %in_pkts_keep_3_1_reload"   --->   Operation 15 'read' 'in_pkts_keep_3_1_reload_read' <Predicate = true> <Delay = 0.00>
ST_1 : Operation 16 [1/1] (0.00ns)   --->   "%in_pkts_dest_0_1_reload_read = read i6 @_ssdm_op_Read.ap_auto.i6, i6 %in_pkts_dest_0_1_reload"   --->   Operation 16 'read' 'in_pkts_dest_0_1_reload_read' <Predicate = true> <Delay = 0.00>
ST_1 : Operation 17 [1/1] (0.00ns)   --->   "%in_pkts_id_0_1_reload_read = read i5 @_ssdm_op_Read.ap_auto.i5, i5 %in_pkts_id_0_1_reload"   --->   Operation 17 'read' 'in_pkts_id_0_1_reload_read' <Predicate = true> <Delay = 0.00>
ST_1 : Operation 18 [1/1] (0.00ns)   --->   "%in_pkts_last_0_1_reload_read = read i1 @_ssdm_op_Read.ap_auto.i1, i1 %in_pkts_last_0_1_reload"   --->   Operation 18 'read' 'in_pkts_last_0_1_reload_read' <Predicate = true> <Delay = 0.00>
ST_1 : Operation 19 [1/1] (0.00ns)   --->   "%in_pkts_user_0_1_reload_read = read i2 @_ssdm_op_Read.ap_auto.i2, i2 %in_pkts_user_0_1_reload"   --->   Operation 19 'read' 'in_pkts_user_0_1_reload_read' <Predicate = true> <Delay = 0.00>
ST_1 : Operation 20 [1/1] (0.00ns)   --->   "%in_pkts_strb_0_1_reload_read = read i4 @_ssdm_op_Read.ap_auto.i4, i4 %in_pkts_strb_0_1_reload"   --->   Operation 20 'read' 'in_pkts_strb_0_1_reload_read' <Predicate = true> <Delay = 0.00>
ST_1 : Operation 21 [1/1] (0.00ns)   --->   "%in_pkts_keep_0_1_reload_read = read i4 @_ssdm_op_Read.ap_auto.i4, i4 %in_pkts_keep_0_1_reload"   --->   Operation 21 'read' 'in_pkts_keep_0_1_reload_read' <Predicate = true> <Delay = 0.00>
ST_1 : Operation 22 [1/1] (1.58ns)   --->   "%store_ln0 = store i8 0, i8 %i_1"   --->   Operation 22 'store' 'store_ln0' <Predicate = true> <Delay = 1.58>
ST_1 : Operation 23 [1/1] (0.00ns)   --->   "%br_ln0 = br void %for.body.i89"   --->   Operation 23 'br' 'br_ln0' <Predicate = true> <Delay = 0.00>
ST_1 : Operation 24 [1/1] (0.00ns)   --->   "%i = load i8 %i_1" [src/RNI.cpp:197->src/RNI.cpp:42]   --->   Operation 24 'load' 'i' <Predicate = true> <Delay = 0.00>
ST_1 : Operation 25 [1/1] (1.91ns)   --->   "%icmp_ln197 = icmp_eq  i8 %i, i8 243" [src/RNI.cpp:197->src/RNI.cpp:42]   --->   Operation 25 'icmp' 'icmp_ln197' <Predicate = true> <Delay = 1.91> <CoreInst = "Cmp">   --->   Core 9 'Cmp' <Latency = 0> <II = 1> <Delay = 1.91> <FuncUnit> <Opcode : 'icmp'> <InPorts = 2> <OutPorts = 1>
ST_1 : Operation 26 [1/1] (1.91ns)   --->   "%add_ln197 = add i8 %i, i8 1" [src/RNI.cpp:197->src/RNI.cpp:42]   --->   Operation 26 'add' 'add_ln197' <Predicate = true> <Delay = 1.91> <CoreInst = "Adder">   --->   Core 1 'Adder' <Latency = 0> <II = 1> <Delay = 1.91> <FuncUnit> <Opcode : 'add' 'sub'> <InPorts = 2> <OutPorts = 1>
ST_1 : Operation 27 [1/1] (0.00ns)   --->   "%br_ln197 = br i1 %icmp_ln197, void %for.body.i89.split, void %_Z22output_stream_dispatchRN3hls6streamINS_4axisI6ap_intILi32EELm2ELm5ELm6EEELi0EEEPS4_S7_.exit.exitStub" [src/RNI.cpp:197->src/RNI.cpp:42]   --->   Operation 27 'br' 'br_ln197' <Predicate = true> <Delay = 0.00>
ST_1 : Operation 28 [1/1] (0.00ns)   --->   "%i_1_cast = zext i8 %i" [src/RNI.cpp:197->src/RNI.cpp:42]   --->   Operation 28 'zext' 'i_1_cast' <Predicate = (!icmp_ln197)> <Delay = 0.00>
ST_1 : Operation 29 [1/1] (0.00ns)   --->   "%speclooptripcount_ln197 = speclooptripcount void @_ssdm_op_SpecLoopTripCount, i64 243, i64 243, i64 243" [src/RNI.cpp:197->src/RNI.cpp:42]   --->   Operation 29 'speclooptripcount' 'speclooptripcount_ln197' <Predicate = (!icmp_ln197)> <Delay = 0.00>
ST_1 : Operation 30 [1/1] (0.00ns)   --->   "%specloopname_ln197 = specloopname void @_ssdm_op_SpecLoopName, void @empty_15" [src/RNI.cpp:197->src/RNI.cpp:42]   --->   Operation 30 'specloopname' 'specloopname_ln197' <Predicate = (!icmp_ln197)> <Delay = 0.00>
ST_1 : Operation 31 [1/1] (0.00ns)   --->   "%out_pkts_keep_addr_1 = getelementptr i4 %out_pkts_keep, i64 0, i64 %i_1_cast" [src/RNI.cpp:199->src/RNI.cpp:42]   --->   Operation 31 'getelementptr' 'out_pkts_keep_addr_1' <Predicate = (!icmp_ln197)> <Delay = 0.00>
ST_1 : Operation 32 [1/1] (0.00ns)   --->   "%out_pkts_strb_addr_1 = getelementptr i4 %out_pkts_strb, i64 0, i64 %i_1_cast" [src/RNI.cpp:199->src/RNI.cpp:42]   --->   Operation 32 'getelementptr' 'out_pkts_strb_addr_1' <Predicate = (!icmp_ln197)> <Delay = 0.00>
ST_1 : Operation 33 [1/1] (0.00ns)   --->   "%out_pkts_user_addr_1 = getelementptr i2 %out_pkts_user, i64 0, i64 %i_1_cast" [src/RNI.cpp:199->src/RNI.cpp:42]   --->   Operation 33 'getelementptr' 'out_pkts_user_addr_1' <Predicate = (!icmp_ln197)> <Delay = 0.00>
ST_1 : Operation 34 [1/1] (0.00ns)   --->   "%out_pkts_last_addr_1 = getelementptr i1 %out_pkts_last, i64 0, i64 %i_1_cast" [src/RNI.cpp:199->src/RNI.cpp:42]   --->   Operation 34 'getelementptr' 'out_pkts_last_addr_1' <Predicate = (!icmp_ln197)> <Delay = 0.00>
ST_1 : Operation 35 [1/1] (0.00ns)   --->   "%out_pkts_id_addr_1 = getelementptr i5 %out_pkts_id, i64 0, i64 %i_1_cast" [src/RNI.cpp:199->src/RNI.cpp:42]   --->   Operation 35 'getelementptr' 'out_pkts_id_addr_1' <Predicate = (!icmp_ln197)> <Delay = 0.00>
ST_1 : Operation 36 [1/1] (0.00ns)   --->   "%out_pkts_dest_addr_1 = getelementptr i6 %out_pkts_dest, i64 0, i64 %i_1_cast" [src/RNI.cpp:199->src/RNI.cpp:42]   --->   Operation 36 'getelementptr' 'out_pkts_dest_addr_1' <Predicate = (!icmp_ln197)> <Delay = 0.00>
ST_1 : Operation 37 [1/1] (2.32ns)   --->   "%store_ln199 = store i4 %in_pkts_keep_0_1_reload_read, i8 %out_pkts_keep_addr_1" [src/RNI.cpp:199->src/RNI.cpp:42]   --->   Operation 37 'store' 'store_ln199' <Predicate = (!icmp_ln197)> <Delay = 2.32> <CoreInst = "RAM">   --->   Core 82 'RAM' <Latency = 1> <II = 1> <Delay = 2.32> <Storage> <Opcode : 'load' 'store'> <Ports = 2> <Width = 4> <Depth = 243> <RAM>
ST_1 : Operation 38 [1/1] (2.32ns)   --->   "%store_ln199 = store i4 %in_pkts_strb_0_1_reload_read, i8 %out_pkts_strb_addr_1" [src/RNI.cpp:199->src/RNI.cpp:42]   --->   Operation 38 'store' 'store_ln199' <Predicate = (!icmp_ln197)> <Delay = 2.32> <CoreInst = "RAM">   --->   Core 82 'RAM' <Latency = 1> <II = 1> <Delay = 2.32> <Storage> <Opcode : 'load' 'store'> <Ports = 2> <Width = 4> <Depth = 243> <RAM>
ST_1 : Operation 39 [1/1] (2.32ns)   --->   "%store_ln199 = store i2 %in_pkts_user_0_1_reload_read, i8 %out_pkts_user_addr_1" [src/RNI.cpp:199->src/RNI.cpp:42]   --->   Operation 39 'store' 'store_ln199' <Predicate = (!icmp_ln197)> <Delay = 2.32> <CoreInst = "RAM">   --->   Core 82 'RAM' <Latency = 1> <II = 1> <Delay = 2.32> <Storage> <Opcode : 'load' 'store'> <Ports = 2> <Width = 2> <Depth = 243> <RAM>
ST_1 : Operation 40 [1/1] (2.32ns)   --->   "%store_ln199 = store i1 %in_pkts_last_0_1_reload_read, i8 %out_pkts_last_addr_1" [src/RNI.cpp:199->src/RNI.cpp:42]   --->   Operation 40 'store' 'store_ln199' <Predicate = (!icmp_ln197)> <Delay = 2.32> <CoreInst = "RAM">   --->   Core 82 'RAM' <Latency = 1> <II = 1> <Delay = 2.32> <Storage> <Opcode : 'load' 'store'> <Ports = 2> <Width = 1> <Depth = 243> <RAM>
ST_1 : Operation 41 [1/1] (3.25ns)   --->   "%store_ln199 = store i5 %in_pkts_id_0_1_reload_read, i8 %out_pkts_id_addr_1" [src/RNI.cpp:199->src/RNI.cpp:42]   --->   Operation 41 'store' 'store_ln199' <Predicate = (!icmp_ln197)> <Delay = 3.25> <CoreInst = "RAM">   --->   Core 82 'RAM' <Latency = 1> <II = 1> <Delay = 3.25> <Storage> <Opcode : 'load' 'store'> <Ports = 2> <Width = 5> <Depth = 243> <RAM>
ST_1 : Operation 42 [1/1] (3.25ns)   --->   "%store_ln199 = store i6 %in_pkts_dest_0_1_reload_read, i8 %out_pkts_dest_addr_1" [src/RNI.cpp:199->src/RNI.cpp:42]   --->   Operation 42 'store' 'store_ln199' <Predicate = (!icmp_ln197)> <Delay = 3.25> <CoreInst = "RAM">   --->   Core 82 'RAM' <Latency = 1> <II = 1> <Delay = 3.25> <Storage> <Opcode : 'load' 'store'> <Ports = 2> <Width = 6> <Depth = 243> <RAM>
ST_1 : Operation 43 [1/1] (1.91ns)   --->   "%icmp_ln200 = icmp_eq  i8 %i, i8 242" [src/RNI.cpp:200->src/RNI.cpp:42]   --->   Operation 43 'icmp' 'icmp_ln200' <Predicate = (!icmp_ln197)> <Delay = 1.91> <CoreInst = "Cmp">   --->   Core 9 'Cmp' <Latency = 0> <II = 1> <Delay = 1.91> <FuncUnit> <Opcode : 'icmp'> <InPorts = 2> <OutPorts = 1>
ST_1 : Operation 44 [1/1] (0.00ns)   --->   "%br_ln200 = br i1 %icmp_ln200, void %for.inc.i98, void %if.then.i90" [src/RNI.cpp:200->src/RNI.cpp:42]   --->   Operation 44 'br' 'br_ln200' <Predicate = (!icmp_ln197)> <Delay = 0.00>

State 2 <SV = 1> <Delay = 3.25>
ST_2 : Operation 45 [1/1] (0.00ns)   --->   "%out_pkts_dest_addr = getelementptr i6 %out_pkts_dest, i64 0, i64 242"   --->   Operation 45 'getelementptr' 'out_pkts_dest_addr' <Predicate = true> <Delay = 0.00>
ST_2 : Operation 46 [1/1] (0.00ns)   --->   "%out_pkts_id_addr = getelementptr i5 %out_pkts_id, i64 0, i64 242"   --->   Operation 46 'getelementptr' 'out_pkts_id_addr' <Predicate = true> <Delay = 0.00>
ST_2 : Operation 47 [1/1] (0.00ns)   --->   "%out_pkts_last_addr = getelementptr i1 %out_pkts_last, i64 0, i64 242"   --->   Operation 47 'getelementptr' 'out_pkts_last_addr' <Predicate = true> <Delay = 0.00>
ST_2 : Operation 48 [1/1] (0.00ns)   --->   "%out_pkts_user_addr = getelementptr i2 %out_pkts_user, i64 0, i64 242"   --->   Operation 48 'getelementptr' 'out_pkts_user_addr' <Predicate = true> <Delay = 0.00>
ST_2 : Operation 49 [1/1] (0.00ns)   --->   "%out_pkts_strb_addr = getelementptr i4 %out_pkts_strb, i64 0, i64 242"   --->   Operation 49 'getelementptr' 'out_pkts_strb_addr' <Predicate = true> <Delay = 0.00>
ST_2 : Operation 50 [1/1] (0.00ns)   --->   "%out_pkts_keep_addr = getelementptr i4 %out_pkts_keep, i64 0, i64 242"   --->   Operation 50 'getelementptr' 'out_pkts_keep_addr' <Predicate = true> <Delay = 0.00>
ST_2 : Operation 51 [1/1] (0.00ns)   --->   "%specpipeline_ln0 = specpipeline void @_ssdm_op_SpecPipeline, i32 4294967295, i32 0, i32 1, i32 0, void @p_str"   --->   Operation 51 'specpipeline' 'specpipeline_ln0' <Predicate = true> <Delay = 0.00>
ST_2 : Operation 52 [1/1] (2.32ns)   --->   "%store_ln202 = store i4 %in_pkts_keep_3_1_reload_read, i8 %out_pkts_keep_addr" [src/RNI.cpp:202->src/RNI.cpp:42]   --->   Operation 52 'store' 'store_ln202' <Predicate = (!icmp_ln197 & icmp_ln200)> <Delay = 2.32> <CoreInst = "RAM">   --->   Core 82 'RAM' <Latency = 1> <II = 1> <Delay = 2.32> <Storage> <Opcode : 'load' 'store'> <Ports = 2> <Width = 4> <Depth = 243> <RAM>
ST_2 : Operation 53 [1/1] (2.32ns)   --->   "%store_ln202 = store i4 %in_pkts_strb_3_1_reload_read, i8 %out_pkts_strb_addr" [src/RNI.cpp:202->src/RNI.cpp:42]   --->   Operation 53 'store' 'store_ln202' <Predicate = (!icmp_ln197 & icmp_ln200)> <Delay = 2.32> <CoreInst = "RAM">   --->   Core 82 'RAM' <Latency = 1> <II = 1> <Delay = 2.32> <Storage> <Opcode : 'load' 'store'> <Ports = 2> <Width = 4> <Depth = 243> <RAM>
ST_2 : Operation 54 [1/1] (2.32ns)   --->   "%store_ln202 = store i2 %in_pkts_user_3_1_reload_read, i8 %out_pkts_user_addr" [src/RNI.cpp:202->src/RNI.cpp:42]   --->   Operation 54 'store' 'store_ln202' <Predicate = (!icmp_ln197 & icmp_ln200)> <Delay = 2.32> <CoreInst = "RAM">   --->   Core 82 'RAM' <Latency = 1> <II = 1> <Delay = 2.32> <Storage> <Opcode : 'load' 'store'> <Ports = 2> <Width = 2> <Depth = 243> <RAM>
ST_2 : Operation 55 [1/1] (2.32ns)   --->   "%store_ln202 = store i1 %in_pkts_last_3_1_reload_read, i8 %out_pkts_last_addr" [src/RNI.cpp:202->src/RNI.cpp:42]   --->   Operation 55 'store' 'store_ln202' <Predicate = (!icmp_ln197 & icmp_ln200)> <Delay = 2.32> <CoreInst = "RAM">   --->   Core 82 'RAM' <Latency = 1> <II = 1> <Delay = 2.32> <Storage> <Opcode : 'load' 'store'> <Ports = 2> <Width = 1> <Depth = 243> <RAM>
ST_2 : Operation 56 [1/1] (3.25ns)   --->   "%store_ln202 = store i5 %in_pkts_id_3_1_reload_read, i8 %out_pkts_id_addr" [src/RNI.cpp:202->src/RNI.cpp:42]   --->   Operation 56 'store' 'store_ln202' <Predicate = (!icmp_ln197 & icmp_ln200)> <Delay = 3.25> <CoreInst = "RAM">   --->   Core 82 'RAM' <Latency = 1> <II = 1> <Delay = 3.25> <Storage> <Opcode : 'load' 'store'> <Ports = 2> <Width = 5> <Depth = 243> <RAM>
ST_2 : Operation 57 [1/1] (3.25ns)   --->   "%store_ln202 = store i6 %in_pkts_dest_3_1_reload_read, i8 %out_pkts_dest_addr" [src/RNI.cpp:202->src/RNI.cpp:42]   --->   Operation 57 'store' 'store_ln202' <Predicate = (!icmp_ln197 & icmp_ln200)> <Delay = 3.25> <CoreInst = "RAM">   --->   Core 82 'RAM' <Latency = 1> <II = 1> <Delay = 3.25> <Storage> <Opcode : 'load' 'store'> <Ports = 2> <Width = 6> <Depth = 243> <RAM>
ST_2 : Operation 58 [1/1] (0.00ns)   --->   "%br_ln203 = br void %for.inc.i98" [src/RNI.cpp:203->src/RNI.cpp:42]   --->   Operation 58 'br' 'br_ln203' <Predicate = (!icmp_ln197 & icmp_ln200)> <Delay = 0.00>
ST_2 : Operation 59 [1/1] (1.58ns)   --->   "%store_ln197 = store i8 %add_ln197, i8 %i_1" [src/RNI.cpp:197->src/RNI.cpp:42]   --->   Operation 59 'store' 'store_ln197' <Predicate = (!icmp_ln197)> <Delay = 1.58>
ST_2 : Operation 78 [1/1] (0.00ns)   --->   "%ret_ln0 = ret"   --->   Operation 78 'ret' 'ret_ln0' <Predicate = (icmp_ln197)> <Delay = 0.00>

State 3 <SV = 2> <Delay = 3.25>
ST_3 : Operation 60 [1/1] (0.00ns)   --->   "%NEURONS_MEMBRANE_addr = getelementptr i16 %NEURONS_MEMBRANE, i64 0, i64 %i_1_cast" [src/RNI.cpp:204->src/RNI.cpp:42]   --->   Operation 60 'getelementptr' 'NEURONS_MEMBRANE_addr' <Predicate = true> <Delay = 0.00>
ST_3 : Operation 61 [2/2] (3.25ns)   --->   "%out_pkts_data = load i8 %NEURONS_MEMBRANE_addr" [src/RNI.cpp:204->src/RNI.cpp:42]   --->   Operation 61 'load' 'out_pkts_data' <Predicate = true> <Delay = 3.25> <CoreInst = "RAM">   --->   Core 82 'RAM' <Latency = 1> <II = 1> <Delay = 3.25> <Storage> <Opcode : 'load' 'store'> <Ports = 2> <Width = 16> <Depth = 243> <RAM>
ST_3 : Operation 62 [2/2] (2.32ns)   --->   "%out_pkts_keep_load = load i8 %out_pkts_keep_addr_1" [src/RNI.cpp:205->src/RNI.cpp:42]   --->   Operation 62 'load' 'out_pkts_keep_load' <Predicate = true> <Delay = 2.32> <CoreInst = "RAM">   --->   Core 82 'RAM' <Latency = 1> <II = 1> <Delay = 2.32> <Storage> <Opcode : 'load' 'store'> <Ports = 2> <Width = 4> <Depth = 243> <RAM>
ST_3 : Operation 63 [2/2] (2.32ns)   --->   "%out_pkts_strb_load = load i8 %out_pkts_strb_addr_1" [src/RNI.cpp:205->src/RNI.cpp:42]   --->   Operation 63 'load' 'out_pkts_strb_load' <Predicate = true> <Delay = 2.32> <CoreInst = "RAM">   --->   Core 82 'RAM' <Latency = 1> <II = 1> <Delay = 2.32> <Storage> <Opcode : 'load' 'store'> <Ports = 2> <Width = 4> <Depth = 243> <RAM>
ST_3 : Operation 64 [2/2] (2.32ns)   --->   "%out_pkts_user_load = load i8 %out_pkts_user_addr_1" [src/RNI.cpp:205->src/RNI.cpp:42]   --->   Operation 64 'load' 'out_pkts_user_load' <Predicate = true> <Delay = 2.32> <CoreInst = "RAM">   --->   Core 82 'RAM' <Latency = 1> <II = 1> <Delay = 2.32> <Storage> <Opcode : 'load' 'store'> <Ports = 2> <Width = 2> <Depth = 243> <RAM>
ST_3 : Operation 65 [2/2] (2.32ns)   --->   "%out_pkts_last_load = load i8 %out_pkts_last_addr_1" [src/RNI.cpp:205->src/RNI.cpp:42]   --->   Operation 65 'load' 'out_pkts_last_load' <Predicate = true> <Delay = 2.32> <CoreInst = "RAM">   --->   Core 82 'RAM' <Latency = 1> <II = 1> <Delay = 2.32> <Storage> <Opcode : 'load' 'store'> <Ports = 2> <Width = 1> <Depth = 243> <RAM>
ST_3 : Operation 66 [2/2] (3.25ns)   --->   "%out_pkts_id_load = load i8 %out_pkts_id_addr_1" [src/RNI.cpp:205->src/RNI.cpp:42]   --->   Operation 66 'load' 'out_pkts_id_load' <Predicate = true> <Delay = 3.25> <CoreInst = "RAM">   --->   Core 82 'RAM' <Latency = 1> <II = 1> <Delay = 3.25> <Storage> <Opcode : 'load' 'store'> <Ports = 2> <Width = 5> <Depth = 243> <RAM>
ST_3 : Operation 67 [2/2] (3.25ns)   --->   "%out_pkts_dest_load = load i8 %out_pkts_dest_addr_1" [src/RNI.cpp:205->src/RNI.cpp:42]   --->   Operation 67 'load' 'out_pkts_dest_load' <Predicate = true> <Delay = 3.25> <CoreInst = "RAM">   --->   Core 82 'RAM' <Latency = 1> <II = 1> <Delay = 3.25> <Storage> <Opcode : 'load' 'store'> <Ports = 2> <Width = 6> <Depth = 243> <RAM>

State 4 <SV = 3> <Delay = 3.25>
ST_4 : Operation 68 [1/2] (3.25ns)   --->   "%out_pkts_data = load i8 %NEURONS_MEMBRANE_addr" [src/RNI.cpp:204->src/RNI.cpp:42]   --->   Operation 68 'load' 'out_pkts_data' <Predicate = true> <Delay = 3.25> <CoreInst = "RAM">   --->   Core 82 'RAM' <Latency = 1> <II = 1> <Delay = 3.25> <Storage> <Opcode : 'load' 'store'> <Ports = 2> <Width = 16> <Depth = 243> <RAM>
ST_4 : Operation 69 [1/1] (0.00ns)   --->   "%sext_ln204 = sext i16 %out_pkts_data" [src/RNI.cpp:204->src/RNI.cpp:42]   --->   Operation 69 'sext' 'sext_ln204' <Predicate = true> <Delay = 0.00>
ST_4 : Operation 70 [1/2] (2.32ns)   --->   "%out_pkts_keep_load = load i8 %out_pkts_keep_addr_1" [src/RNI.cpp:205->src/RNI.cpp:42]   --->   Operation 70 'load' 'out_pkts_keep_load' <Predicate = true> <Delay = 2.32> <CoreInst = "RAM">   --->   Core 82 'RAM' <Latency = 1> <II = 1> <Delay = 2.32> <Storage> <Opcode : 'load' 'store'> <Ports = 2> <Width = 4> <Depth = 243> <RAM>
ST_4 : Operation 71 [1/2] (2.32ns)   --->   "%out_pkts_strb_load = load i8 %out_pkts_strb_addr_1" [src/RNI.cpp:205->src/RNI.cpp:42]   --->   Operation 71 'load' 'out_pkts_strb_load' <Predicate = true> <Delay = 2.32> <CoreInst = "RAM">   --->   Core 82 'RAM' <Latency = 1> <II = 1> <Delay = 2.32> <Storage> <Opcode : 'load' 'store'> <Ports = 2> <Width = 4> <Depth = 243> <RAM>
ST_4 : Operation 72 [1/2] (2.32ns)   --->   "%out_pkts_user_load = load i8 %out_pkts_user_addr_1" [src/RNI.cpp:205->src/RNI.cpp:42]   --->   Operation 72 'load' 'out_pkts_user_load' <Predicate = true> <Delay = 2.32> <CoreInst = "RAM">   --->   Core 82 'RAM' <Latency = 1> <II = 1> <Delay = 2.32> <Storage> <Opcode : 'load' 'store'> <Ports = 2> <Width = 2> <Depth = 243> <RAM>
ST_4 : Operation 73 [1/2] (2.32ns)   --->   "%out_pkts_last_load = load i8 %out_pkts_last_addr_1" [src/RNI.cpp:205->src/RNI.cpp:42]   --->   Operation 73 'load' 'out_pkts_last_load' <Predicate = true> <Delay = 2.32> <CoreInst = "RAM">   --->   Core 82 'RAM' <Latency = 1> <II = 1> <Delay = 2.32> <Storage> <Opcode : 'load' 'store'> <Ports = 2> <Width = 1> <Depth = 243> <RAM>
ST_4 : Operation 74 [1/2] (3.25ns)   --->   "%out_pkts_id_load = load i8 %out_pkts_id_addr_1" [src/RNI.cpp:205->src/RNI.cpp:42]   --->   Operation 74 'load' 'out_pkts_id_load' <Predicate = true> <Delay = 3.25> <CoreInst = "RAM">   --->   Core 82 'RAM' <Latency = 1> <II = 1> <Delay = 3.25> <Storage> <Opcode : 'load' 'store'> <Ports = 2> <Width = 5> <Depth = 243> <RAM>
ST_4 : Operation 75 [1/2] (3.25ns)   --->   "%out_pkts_dest_load = load i8 %out_pkts_dest_addr_1" [src/RNI.cpp:205->src/RNI.cpp:42]   --->   Operation 75 'load' 'out_pkts_dest_load' <Predicate = true> <Delay = 3.25> <CoreInst = "RAM">   --->   Core 82 'RAM' <Latency = 1> <II = 1> <Delay = 3.25> <Storage> <Opcode : 'load' 'store'> <Ports = 2> <Width = 6> <Depth = 243> <RAM>
ST_4 : Operation 76 [1/1] (0.00ns)   --->   "%write_ln205 = write void @_ssdm_op_Write.axis.volatile.i32P0A.i4P0A.i4P0A.i2P0A.i1P0A.i5P0A.i6P0A, i32 %out_stream_V_data_V, i4 %out_stream_V_keep_V, i4 %out_stream_V_strb_V, i2 %out_stream_V_user_V, i1 %out_stream_V_last_V, i5 %out_stream_V_id_V, i6 %out_stream_V_dest_V, i32 %sext_ln204, i4 %out_pkts_keep_load, i4 %out_pkts_strb_load, i2 %out_pkts_user_load, i1 %out_pkts_last_load, i5 %out_pkts_id_load, i6 %out_pkts_dest_load" [src/RNI.cpp:205->src/RNI.cpp:42]   --->   Operation 76 'write' 'write_ln205' <Predicate = true> <Delay = 0.00> <CoreInst = "axis">   --->   Core 115 'axis' <Latency = 0> <II = 1> <Delay = 1.00> <Adapter> <Opcode : >
ST_4 : Operation 77 [1/1] (0.00ns)   --->   "%br_ln197 = br void %for.body.i89" [src/RNI.cpp:197->src/RNI.cpp:42]   --->   Operation 77 'br' 'br_ln197' <Predicate = true> <Delay = 0.00>


============================================================
+ Verbose Summary: Binding
============================================================
STG Binding: 
---------------- STG Properties BEGIN ----------------
- Is combinational: 0
- Is one-state seq: 0
- Is datapath-only: 0
- Is pipelined: 0
- Is top level: 0
Port [ Return ] is wired: 1; IO mode=ap_ctrl_hs:ce=0
Port [ out_pkts_dest]:  wired=1; compound=1; hidden=0; nouse=0; global=0; static=0; extern=0; dir=2; type=1; pingpong=0; private_global=0; MemPort=[01]; IO mode=ap_memory:ce=0
Port [ out_pkts_id]:  wired=1; compound=1; hidden=0; nouse=0; global=0; static=0; extern=0; dir=2; type=1; pingpong=0; private_global=0; MemPort=[01]; IO mode=ap_memory:ce=0
Port [ out_pkts_last]:  wired=1; compound=1; hidden=0; nouse=0; global=0; static=0; extern=0; dir=2; type=1; pingpong=0; private_global=0; MemPort=[01]; IO mode=ap_memory:ce=0
Port [ out_pkts_user]:  wired=1; compound=1; hidden=0; nouse=0; global=0; static=0; extern=0; dir=2; type=1; pingpong=0; private_global=0; MemPort=[01]; IO mode=ap_memory:ce=0
Port [ out_pkts_strb]:  wired=1; compound=1; hidden=0; nouse=0; global=0; static=0; extern=0; dir=2; type=1; pingpong=0; private_global=0; MemPort=[01]; IO mode=ap_memory:ce=0
Port [ out_pkts_keep]:  wired=1; compound=1; hidden=0; nouse=0; global=0; static=0; extern=0; dir=2; type=1; pingpong=0; private_global=0; MemPort=[01]; IO mode=ap_memory:ce=0
Port [ out_stream_V_data_V]:  wired=1; compound=1; hidden=0; nouse=0; global=0; static=0; extern=0; dir=1; type=0; pingpong=0; private_global=0; IO mode=axis:ce=0
Port [ out_stream_V_keep_V]:  wired=1; compound=1; hidden=0; nouse=0; global=0; static=0; extern=0; dir=1; type=0; pingpong=0; private_global=0; IO mode=axis:ce=0
Port [ out_stream_V_strb_V]:  wired=1; compound=1; hidden=0; nouse=0; global=0; static=0; extern=0; dir=1; type=0; pingpong=0; private_global=0; IO mode=axis:ce=0
Port [ out_stream_V_user_V]:  wired=1; compound=1; hidden=0; nouse=0; global=0; static=0; extern=0; dir=1; type=0; pingpong=0; private_global=0; IO mode=axis:ce=0
Port [ out_stream_V_last_V]:  wired=1; compound=1; hidden=0; nouse=0; global=0; static=0; extern=0; dir=1; type=0; pingpong=0; private_global=0; IO mode=axis:ce=0
Port [ out_stream_V_id_V]:  wired=1; compound=1; hidden=0; nouse=0; global=0; static=0; extern=0; dir=1; type=0; pingpong=0; private_global=0; IO mode=axis:ce=0
Port [ out_stream_V_dest_V]:  wired=1; compound=1; hidden=0; nouse=0; global=0; static=0; extern=0; dir=1; type=0; pingpong=0; private_global=0; IO mode=axis:ce=0
Port [ in_pkts_keep_0_1_reload]:  wired=1; compound=0; hidden=0; nouse=0; global=0; static=0; extern=0; dir=0; type=0; pingpong=0; private_global=0; IO mode=ap_none:ce=0
Port [ in_pkts_strb_0_1_reload]:  wired=1; compound=0; hidden=0; nouse=0; global=0; static=0; extern=0; dir=0; type=0; pingpong=0; private_global=0; IO mode=ap_none:ce=0
Port [ in_pkts_user_0_1_reload]:  wired=1; compound=0; hidden=0; nouse=0; global=0; static=0; extern=0; dir=0; type=0; pingpong=0; private_global=0; IO mode=ap_none:ce=0
Port [ in_pkts_last_0_1_reload]:  wired=1; compound=0; hidden=0; nouse=0; global=0; static=0; extern=0; dir=0; type=0; pingpong=0; private_global=0; IO mode=ap_none:ce=0
Port [ in_pkts_id_0_1_reload]:  wired=1; compound=0; hidden=0; nouse=0; global=0; static=0; extern=0; dir=0; type=0; pingpong=0; private_global=0; IO mode=ap_none:ce=0
Port [ in_pkts_dest_0_1_reload]:  wired=1; compound=0; hidden=0; nouse=0; global=0; static=0; extern=0; dir=0; type=0; pingpong=0; private_global=0; IO mode=ap_none:ce=0
Port [ in_pkts_keep_3_1_reload]:  wired=1; compound=0; hidden=0; nouse=0; global=0; static=0; extern=0; dir=0; type=0; pingpong=0; private_global=0; IO mode=ap_none:ce=0
Port [ in_pkts_strb_3_1_reload]:  wired=1; compound=0; hidden=0; nouse=0; global=0; static=0; extern=0; dir=0; type=0; pingpong=0; private_global=0; IO mode=ap_none:ce=0
Port [ in_pkts_user_3_1_reload]:  wired=1; compound=0; hidden=0; nouse=0; global=0; static=0; extern=0; dir=0; type=0; pingpong=0; private_global=0; IO mode=ap_none:ce=0
Port [ in_pkts_last_3_1_reload]:  wired=1; compound=0; hidden=0; nouse=0; global=0; static=0; extern=0; dir=0; type=0; pingpong=0; private_global=0; IO mode=ap_none:ce=0
Port [ in_pkts_id_3_1_reload]:  wired=1; compound=0; hidden=0; nouse=0; global=0; static=0; extern=0; dir=0; type=0; pingpong=0; private_global=0; IO mode=ap_none:ce=0
Port [ in_pkts_dest_3_1_reload]:  wired=1; compound=0; hidden=0; nouse=0; global=0; static=0; extern=0; dir=0; type=0; pingpong=0; private_global=0; IO mode=ap_none:ce=0
Port [ NEURONS_MEMBRANE]:  wired=1; compound=1; hidden=0; nouse=0; global=1; static=1; extern=0; dir=0; type=1; pingpong=0; private_global=0; MemPort=[13]; IO mode=ap_memory:ce=0
---------------- STG Properties END ------------------

---------------- Datapath Model BEGIN ----------------

<LifeTime>
<method=bitvector/>
i_1                          (alloca             ) [ 01100]
specaxissidechannel_ln0      (specaxissidechannel) [ 00000]
specinterface_ln0            (specinterface      ) [ 00000]
in_pkts_dest_3_1_reload_read (read               ) [ 00100]
in_pkts_id_3_1_reload_read   (read               ) [ 00100]
in_pkts_last_3_1_reload_read (read               ) [ 00100]
in_pkts_user_3_1_reload_read (read               ) [ 00100]
in_pkts_strb_3_1_reload_read (read               ) [ 00100]
in_pkts_keep_3_1_reload_read (read               ) [ 00100]
in_pkts_dest_0_1_reload_read (read               ) [ 00000]
in_pkts_id_0_1_reload_read   (read               ) [ 00000]
in_pkts_last_0_1_reload_read (read               ) [ 00000]
in_pkts_user_0_1_reload_read (read               ) [ 00000]
in_pkts_strb_0_1_reload_read (read               ) [ 00000]
in_pkts_keep_0_1_reload_read (read               ) [ 00000]
store_ln0                    (store              ) [ 00000]
br_ln0                       (br                 ) [ 00000]
i                            (load               ) [ 00000]
icmp_ln197                   (icmp               ) [ 01100]
add_ln197                    (add                ) [ 00100]
br_ln197                     (br                 ) [ 00000]
i_1_cast                     (zext               ) [ 01110]
speclooptripcount_ln197      (speclooptripcount  ) [ 00000]
specloopname_ln197           (specloopname       ) [ 00000]
out_pkts_keep_addr_1         (getelementptr      ) [ 01111]
out_pkts_strb_addr_1         (getelementptr      ) [ 01111]
out_pkts_user_addr_1         (getelementptr      ) [ 01111]
out_pkts_last_addr_1         (getelementptr      ) [ 01111]
out_pkts_id_addr_1           (getelementptr      ) [ 01111]
out_pkts_dest_addr_1         (getelementptr      ) [ 01111]
store_ln199                  (store              ) [ 00000]
store_ln199                  (store              ) [ 00000]
store_ln199                  (store              ) [ 00000]
store_ln199                  (store              ) [ 00000]
store_ln199                  (store              ) [ 00000]
store_ln199                  (store              ) [ 00000]
icmp_ln200                   (icmp               ) [ 00100]
br_ln200                     (br                 ) [ 00000]
out_pkts_dest_addr           (getelementptr      ) [ 00000]
out_pkts_id_addr             (getelementptr      ) [ 00000]
out_pkts_last_addr           (getelementptr      ) [ 00000]
out_pkts_user_addr           (getelementptr      ) [ 00000]
out_pkts_strb_addr           (getelementptr      ) [ 00000]
out_pkts_keep_addr           (getelementptr      ) [ 00000]
specpipeline_ln0             (specpipeline       ) [ 00000]
store_ln202                  (store              ) [ 00000]
store_ln202                  (store              ) [ 00000]
store_ln202                  (store              ) [ 00000]
store_ln202                  (store              ) [ 00000]
store_ln202                  (store              ) [ 00000]
store_ln202                  (store              ) [ 00000]
br_ln203                     (br                 ) [ 00000]
store_ln197                  (store              ) [ 00000]
NEURONS_MEMBRANE_addr        (getelementptr      ) [ 00101]
out_pkts_data                (load               ) [ 00000]
sext_ln204                   (sext               ) [ 00000]
out_pkts_keep_load           (load               ) [ 00000]
out_pkts_strb_load           (load               ) [ 00000]
out_pkts_user_load           (load               ) [ 00000]
out_pkts_last_load           (load               ) [ 00000]
out_pkts_id_load             (load               ) [ 00000]
out_pkts_dest_load           (load               ) [ 00000]
write_ln205                  (write              ) [ 00000]
br_ln197                     (br                 ) [ 00000]
ret_ln0                      (ret                ) [ 00000]
</LifeTime>

<model>

<comp_list>
<comp id="0" class="1000" name="out_pkts_dest">
<pin_list>
<pin id="1" dir="1" index="0" bw="1" slack="0"/>
</pin_list>
<bind>
<StgValue><ssdm name="out_pkts_dest"/><MemPortTyVec>0 1 </MemPortTyVec>
</StgValue>
</bind>
</comp>

<comp id="2" class="1000" name="out_pkts_id">
<pin_list>
<pin id="3" dir="1" index="0" bw="1" slack="0"/>
</pin_list>
<bind>
<StgValue><ssdm name="out_pkts_id"/><MemPortTyVec>0 1 </MemPortTyVec>
</StgValue>
</bind>
</comp>

<comp id="4" class="1000" name="out_pkts_last">
<pin_list>
<pin id="5" dir="1" index="0" bw="1" slack="0"/>
</pin_list>
<bind>
<StgValue><ssdm name="out_pkts_last"/><MemPortTyVec>0 1 </MemPortTyVec>
</StgValue>
</bind>
</comp>

<comp id="6" class="1000" name="out_pkts_user">
<pin_list>
<pin id="7" dir="1" index="0" bw="1" slack="0"/>
</pin_list>
<bind>
<StgValue><ssdm name="out_pkts_user"/><MemPortTyVec>0 1 </MemPortTyVec>
</StgValue>
</bind>
</comp>

<comp id="8" class="1000" name="out_pkts_strb">
<pin_list>
<pin id="9" dir="1" index="0" bw="1" slack="0"/>
</pin_list>
<bind>
<StgValue><ssdm name="out_pkts_strb"/><MemPortTyVec>0 1 </MemPortTyVec>
</StgValue>
</bind>
</comp>

<comp id="10" class="1000" name="out_pkts_keep">
<pin_list>
<pin id="11" dir="1" index="0" bw="1" slack="0"/>
</pin_list>
<bind>
<StgValue><ssdm name="out_pkts_keep"/><MemPortTyVec>0 1 </MemPortTyVec>
</StgValue>
</bind>
</comp>

<comp id="12" class="1000" name="out_stream_V_data_V">
<pin_list>
<pin id="13" dir="1" index="0" bw="1" slack="0"/>
</pin_list>
<bind>
<StgValue><ssdm name="out_stream_V_data_V"/></StgValue>
</bind>
</comp>

<comp id="14" class="1000" name="out_stream_V_keep_V">
<pin_list>
<pin id="15" dir="1" index="0" bw="1" slack="0"/>
</pin_list>
<bind>
<StgValue><ssdm name="out_stream_V_keep_V"/></StgValue>
</bind>
</comp>

<comp id="16" class="1000" name="out_stream_V_strb_V">
<pin_list>
<pin id="17" dir="1" index="0" bw="1" slack="0"/>
</pin_list>
<bind>
<StgValue><ssdm name="out_stream_V_strb_V"/></StgValue>
</bind>
</comp>

<comp id="18" class="1000" name="out_stream_V_user_V">
<pin_list>
<pin id="19" dir="1" index="0" bw="1" slack="0"/>
</pin_list>
<bind>
<StgValue><ssdm name="out_stream_V_user_V"/></StgValue>
</bind>
</comp>

<comp id="20" class="1000" name="out_stream_V_last_V">
<pin_list>
<pin id="21" dir="1" index="0" bw="1" slack="0"/>
</pin_list>
<bind>
<StgValue><ssdm name="out_stream_V_last_V"/></StgValue>
</bind>
</comp>

<comp id="22" class="1000" name="out_stream_V_id_V">
<pin_list>
<pin id="23" dir="1" index="0" bw="1" slack="0"/>
</pin_list>
<bind>
<StgValue><ssdm name="out_stream_V_id_V"/></StgValue>
</bind>
</comp>

<comp id="24" class="1000" name="out_stream_V_dest_V">
<pin_list>
<pin id="25" dir="1" index="0" bw="1" slack="0"/>
</pin_list>
<bind>
<StgValue><ssdm name="out_stream_V_dest_V"/></StgValue>
</bind>
</comp>

<comp id="26" class="1000" name="in_pkts_keep_0_1_reload">
<pin_list>
<pin id="27" dir="1" index="0" bw="1" slack="0"/>
</pin_list>
<bind>
<StgValue><ssdm name="in_pkts_keep_0_1_reload"/></StgValue>
</bind>
</comp>

<comp id="28" class="1000" name="in_pkts_strb_0_1_reload">
<pin_list>
<pin id="29" dir="1" index="0" bw="1" slack="0"/>
</pin_list>
<bind>
<StgValue><ssdm name="in_pkts_strb_0_1_reload"/></StgValue>
</bind>
</comp>

<comp id="30" class="1000" name="in_pkts_user_0_1_reload">
<pin_list>
<pin id="31" dir="1" index="0" bw="1" slack="0"/>
</pin_list>
<bind>
<StgValue><ssdm name="in_pkts_user_0_1_reload"/></StgValue>
</bind>
</comp>

<comp id="32" class="1000" name="in_pkts_last_0_1_reload">
<pin_list>
<pin id="33" dir="1" index="0" bw="1" slack="0"/>
</pin_list>
<bind>
<StgValue><ssdm name="in_pkts_last_0_1_reload"/></StgValue>
</bind>
</comp>

<comp id="34" class="1000" name="in_pkts_id_0_1_reload">
<pin_list>
<pin id="35" dir="1" index="0" bw="1" slack="0"/>
</pin_list>
<bind>
<StgValue><ssdm name="in_pkts_id_0_1_reload"/></StgValue>
</bind>
</comp>

<comp id="36" class="1000" name="in_pkts_dest_0_1_reload">
<pin_list>
<pin id="37" dir="1" index="0" bw="1" slack="0"/>
</pin_list>
<bind>
<StgValue><ssdm name="in_pkts_dest_0_1_reload"/></StgValue>
</bind>
</comp>

<comp id="38" class="1000" name="in_pkts_keep_3_1_reload">
<pin_list>
<pin id="39" dir="1" index="0" bw="1" slack="0"/>
</pin_list>
<bind>
<StgValue><ssdm name="in_pkts_keep_3_1_reload"/></StgValue>
</bind>
</comp>

<comp id="40" class="1000" name="in_pkts_strb_3_1_reload">
<pin_list>
<pin id="41" dir="1" index="0" bw="1" slack="0"/>
</pin_list>
<bind>
<StgValue><ssdm name="in_pkts_strb_3_1_reload"/></StgValue>
</bind>
</comp>

<comp id="42" class="1000" name="in_pkts_user_3_1_reload">
<pin_list>
<pin id="43" dir="1" index="0" bw="1" slack="0"/>
</pin_list>
<bind>
<StgValue><ssdm name="in_pkts_user_3_1_reload"/></StgValue>
</bind>
</comp>

<comp id="44" class="1000" name="in_pkts_last_3_1_reload">
<pin_list>
<pin id="45" dir="1" index="0" bw="1" slack="0"/>
</pin_list>
<bind>
<StgValue><ssdm name="in_pkts_last_3_1_reload"/></StgValue>
</bind>
</comp>

<comp id="46" class="1000" name="in_pkts_id_3_1_reload">
<pin_list>
<pin id="47" dir="1" index="0" bw="1" slack="0"/>
</pin_list>
<bind>
<StgValue><ssdm name="in_pkts_id_3_1_reload"/></StgValue>
</bind>
</comp>

<comp id="48" class="1000" name="in_pkts_dest_3_1_reload">
<pin_list>
<pin id="49" dir="1" index="0" bw="1" slack="0"/>
</pin_list>
<bind>
<StgValue><ssdm name="in_pkts_dest_3_1_reload"/></StgValue>
</bind>
</comp>

<comp id="50" class="1000" name="NEURONS_MEMBRANE">
<pin_list>
<pin id="51" dir="1" index="0" bw="1" slack="0"/>
</pin_list>
<bind>
<StgValue><ssdm name="NEURONS_MEMBRANE"/><MemPortTyVec>1 3 </MemPortTyVec>
</StgValue>
</bind>
</comp>

<comp id="52" class="1001" name="const_52">
<pin_list>
<pin id="53" dir="1" index="0" bw="1" slack="0"/>
</pin_list>
<bind>
<StgValue><ssdm name=""/></StgValue>
</bind>
</comp>

<comp id="54" class="1001" name="const_54">
<pin_list>
<pin id="55" dir="1" index="0" bw="1" slack="2147483647"/>
</pin_list>
<bind>
<StgValue><ssdm name="_ssdm_op_SpecAXISSideChannel"/></StgValue>
</bind>
</comp>

<comp id="56" class="1001" name="const_56">
<pin_list>
<pin id="57" dir="1" index="0" bw="1" slack="2147483647"/>
</pin_list>
<bind>
<StgValue><ssdm name="empty_13"/></StgValue>
</bind>
</comp>

<comp id="58" class="1001" name="const_58">
<pin_list>
<pin id="59" dir="1" index="0" bw="1" slack="2147483647"/>
</pin_list>
<bind>
<StgValue><ssdm name="_ssdm_op_SpecInterface"/></StgValue>
</bind>
</comp>

<comp id="60" class="1001" name="const_60">
<pin_list>
<pin id="61" dir="1" index="0" bw="1" slack="2147483647"/>
</pin_list>
<bind>
<StgValue><ssdm name="empty_3"/></StgValue>
</bind>
</comp>

<comp id="62" class="1001" name="const_62">
<pin_list>
<pin id="63" dir="1" index="0" bw="1" slack="2147483647"/>
</pin_list>
<bind>
<StgValue><ssdm name=""/></StgValue>
</bind>
</comp>

<comp id="64" class="1001" name="const_64">
<pin_list>
<pin id="65" dir="1" index="0" bw="1" slack="2147483647"/>
</pin_list>
<bind>
<StgValue><ssdm name="empty_4"/></StgValue>
</bind>
</comp>

<comp id="66" class="1001" name="const_66">
<pin_list>
<pin id="67" dir="1" index="0" bw="1" slack="2147483647"/>
</pin_list>
<bind>
<StgValue><ssdm name="empty_5"/></StgValue>
</bind>
</comp>

<comp id="68" class="1001" name="const_68">
<pin_list>
<pin id="69" dir="1" index="0" bw="1" slack="2147483647"/>
</pin_list>
<bind>
<StgValue><ssdm name=""/></StgValue>
</bind>
</comp>

<comp id="70" class="1001" name="const_70">
<pin_list>
<pin id="71" dir="1" index="0" bw="1" slack="0"/>
</pin_list>
<bind>
<StgValue><ssdm name="_ssdm_op_Read.ap_auto.i6"/></StgValue>
</bind>
</comp>

<comp id="72" class="1001" name="const_72">
<pin_list>
<pin id="73" dir="1" index="0" bw="1" slack="0"/>
</pin_list>
<bind>
<StgValue><ssdm name="_ssdm_op_Read.ap_auto.i5"/></StgValue>
</bind>
</comp>

<comp id="74" class="1001" name="const_74">
<pin_list>
<pin id="75" dir="1" index="0" bw="1" slack="0"/>
</pin_list>
<bind>
<StgValue><ssdm name="_ssdm_op_Read.ap_auto.i1"/></StgValue>
</bind>
</comp>

<comp id="76" class="1001" name="const_76">
<pin_list>
<pin id="77" dir="1" index="0" bw="1" slack="0"/>
</pin_list>
<bind>
<StgValue><ssdm name="_ssdm_op_Read.ap_auto.i2"/></StgValue>
</bind>
</comp>

<comp id="78" class="1001" name="const_78">
<pin_list>
<pin id="79" dir="1" index="0" bw="1" slack="0"/>
</pin_list>
<bind>
<StgValue><ssdm name="_ssdm_op_Read.ap_auto.i4"/></StgValue>
</bind>
</comp>

<comp id="80" class="1001" name="const_80">
<pin_list>
<pin id="81" dir="1" index="0" bw="1" slack="0"/>
</pin_list>
<bind>
<StgValue><ssdm name=""/></StgValue>
</bind>
</comp>

<comp id="82" class="1001" name="const_82">
<pin_list>
<pin id="83" dir="1" index="0" bw="1" slack="0"/>
</pin_list>
<bind>
<StgValue><ssdm name=""/></StgValue>
</bind>
</comp>

<comp id="84" class="1001" name="const_84">
<pin_list>
<pin id="85" dir="1" index="0" bw="1" slack="0"/>
</pin_list>
<bind>
<StgValue><ssdm name=""/></StgValue>
</bind>
</comp>

<comp id="86" class="1001" name="const_86">
<pin_list>
<pin id="87" dir="1" index="0" bw="1" slack="2147483647"/>
</pin_list>
<bind>
<StgValue><ssdm name="_ssdm_op_SpecLoopTripCount"/></StgValue>
</bind>
</comp>

<comp id="88" class="1001" name="const_88">
<pin_list>
<pin id="89" dir="1" index="0" bw="1" slack="2147483647"/>
</pin_list>
<bind>
<StgValue><ssdm name=""/></StgValue>
</bind>
</comp>

<comp id="90" class="1001" name="const_90">
<pin_list>
<pin id="91" dir="1" index="0" bw="1" slack="2147483647"/>
</pin_list>
<bind>
<StgValue><ssdm name="_ssdm_op_SpecLoopName"/></StgValue>
</bind>
</comp>

<comp id="92" class="1001" name="const_92">
<pin_list>
<pin id="93" dir="1" index="0" bw="1" slack="2147483647"/>
</pin_list>
<bind>
<StgValue><ssdm name="empty_15"/></StgValue>
</bind>
</comp>

<comp id="94" class="1001" name="const_94">
<pin_list>
<pin id="95" dir="1" index="0" bw="1" slack="0"/>
</pin_list>
<bind>
<StgValue><ssdm name=""/></StgValue>
</bind>
</comp>

<comp id="96" class="1001" name="const_96">
<pin_list>
<pin id="97" dir="1" index="0" bw="1" slack="0"/>
</pin_list>
<bind>
<StgValue><ssdm name=""/></StgValue>
</bind>
</comp>

<comp id="98" class="1001" name="const_98">
<pin_list>
<pin id="99" dir="1" index="0" bw="1" slack="0"/>
</pin_list>
<bind>
<StgValue><ssdm name=""/></StgValue>
</bind>
</comp>

<comp id="100" class="1001" name="const_100">
<pin_list>
<pin id="101" dir="1" index="0" bw="1" slack="2147483647"/>
</pin_list>
<bind>
<StgValue><ssdm name="_ssdm_op_SpecPipeline"/></StgValue>
</bind>
</comp>

<comp id="102" class="1001" name="const_102">
<pin_list>
<pin id="103" dir="1" index="0" bw="1" slack="2147483647"/>
</pin_list>
<bind>
<StgValue><ssdm name="p_str"/></StgValue>
</bind>
</comp>

<comp id="104" class="1001" name="const_104">
<pin_list>
<pin id="105" dir="1" index="0" bw="1" slack="0"/>
</pin_list>
<bind>
<StgValue><ssdm name="_ssdm_op_Write.axis.volatile.i32P0A.i4P0A.i4P0A.i2P0A.i1P0A.i5P0A.i6P0A"/></StgValue>
</bind>
</comp>

<comp id="106" class="1004" name="i_1_fu_106">
<pin_list>
<pin id="107" dir="0" index="0" bw="1" slack="0"/>
<pin id="108" dir="1" index="1" bw="8" slack="0"/>
</pin_list>
<bind>
<opcode="alloca(26) " fcode="alloca"/>
<opset="i_1/1 "/>
</bind>
</comp>

<comp id="110" class="1004" name="in_pkts_dest_3_1_reload_read_read_fu_110">
<pin_list>
<pin id="111" dir="0" index="0" bw="6" slack="0"/>
<pin id="112" dir="0" index="1" bw="6" slack="0"/>
<pin id="113" dir="1" index="2" bw="6" slack="1"/>
</pin_list>
<bind>
<opcode="read(1150) " fcode="read"/>
<opset="in_pkts_dest_3_1_reload_read/1 "/>
</bind>
</comp>

<comp id="116" class="1004" name="in_pkts_id_3_1_reload_read_read_fu_116">
<pin_list>
<pin id="117" dir="0" index="0" bw="5" slack="0"/>
<pin id="118" dir="0" index="1" bw="5" slack="0"/>
<pin id="119" dir="1" index="2" bw="5" slack="1"/>
</pin_list>
<bind>
<opcode="read(1150) " fcode="read"/>
<opset="in_pkts_id_3_1_reload_read/1 "/>
</bind>
</comp>

<comp id="122" class="1004" name="in_pkts_last_3_1_reload_read_read_fu_122">
<pin_list>
<pin id="123" dir="0" index="0" bw="1" slack="0"/>
<pin id="124" dir="0" index="1" bw="1" slack="0"/>
<pin id="125" dir="1" index="2" bw="1" slack="1"/>
</pin_list>
<bind>
<opcode="read(1150) " fcode="read"/>
<opset="in_pkts_last_3_1_reload_read/1 "/>
</bind>
</comp>

<comp id="128" class="1004" name="in_pkts_user_3_1_reload_read_read_fu_128">
<pin_list>
<pin id="129" dir="0" index="0" bw="2" slack="0"/>
<pin id="130" dir="0" index="1" bw="2" slack="0"/>
<pin id="131" dir="1" index="2" bw="2" slack="1"/>
</pin_list>
<bind>
<opcode="read(1150) " fcode="read"/>
<opset="in_pkts_user_3_1_reload_read/1 "/>
</bind>
</comp>

<comp id="134" class="1004" name="in_pkts_strb_3_1_reload_read_read_fu_134">
<pin_list>
<pin id="135" dir="0" index="0" bw="4" slack="0"/>
<pin id="136" dir="0" index="1" bw="4" slack="0"/>
<pin id="137" dir="1" index="2" bw="4" slack="1"/>
</pin_list>
<bind>
<opcode="read(1150) " fcode="read"/>
<opset="in_pkts_strb_3_1_reload_read/1 "/>
</bind>
</comp>

<comp id="140" class="1004" name="in_pkts_keep_3_1_reload_read_read_fu_140">
<pin_list>
<pin id="141" dir="0" index="0" bw="4" slack="0"/>
<pin id="142" dir="0" index="1" bw="4" slack="0"/>
<pin id="143" dir="1" index="2" bw="4" slack="1"/>
</pin_list>
<bind>
<opcode="read(1150) " fcode="read"/>
<opset="in_pkts_keep_3_1_reload_read/1 "/>
</bind>
</comp>

<comp id="146" class="1004" name="in_pkts_dest_0_1_reload_read_read_fu_146">
<pin_list>
<pin id="147" dir="0" index="0" bw="6" slack="0"/>
<pin id="148" dir="0" index="1" bw="6" slack="0"/>
<pin id="149" dir="1" index="2" bw="6" slack="0"/>
</pin_list>
<bind>
<opcode="read(1150) " fcode="read"/>
<opset="in_pkts_dest_0_1_reload_read/1 "/>
</bind>
</comp>

<comp id="152" class="1004" name="in_pkts_id_0_1_reload_read_read_fu_152">
<pin_list>
<pin id="153" dir="0" index="0" bw="5" slack="0"/>
<pin id="154" dir="0" index="1" bw="5" slack="0"/>
<pin id="155" dir="1" index="2" bw="5" slack="0"/>
</pin_list>
<bind>
<opcode="read(1150) " fcode="read"/>
<opset="in_pkts_id_0_1_reload_read/1 "/>
</bind>
</comp>

<comp id="158" class="1004" name="in_pkts_last_0_1_reload_read_read_fu_158">
<pin_list>
<pin id="159" dir="0" index="0" bw="1" slack="0"/>
<pin id="160" dir="0" index="1" bw="1" slack="0"/>
<pin id="161" dir="1" index="2" bw="1" slack="0"/>
</pin_list>
<bind>
<opcode="read(1150) " fcode="read"/>
<opset="in_pkts_last_0_1_reload_read/1 "/>
</bind>
</comp>

<comp id="164" class="1004" name="in_pkts_user_0_1_reload_read_read_fu_164">
<pin_list>
<pin id="165" dir="0" index="0" bw="2" slack="0"/>
<pin id="166" dir="0" index="1" bw="2" slack="0"/>
<pin id="167" dir="1" index="2" bw="2" slack="0"/>
</pin_list>
<bind>
<opcode="read(1150) " fcode="read"/>
<opset="in_pkts_user_0_1_reload_read/1 "/>
</bind>
</comp>

<comp id="170" class="1004" name="in_pkts_strb_0_1_reload_read_read_fu_170">
<pin_list>
<pin id="171" dir="0" index="0" bw="4" slack="0"/>
<pin id="172" dir="0" index="1" bw="4" slack="0"/>
<pin id="173" dir="1" index="2" bw="4" slack="0"/>
</pin_list>
<bind>
<opcode="read(1150) " fcode="read"/>
<opset="in_pkts_strb_0_1_reload_read/1 "/>
</bind>
</comp>

<comp id="176" class="1004" name="in_pkts_keep_0_1_reload_read_read_fu_176">
<pin_list>
<pin id="177" dir="0" index="0" bw="4" slack="0"/>
<pin id="178" dir="0" index="1" bw="4" slack="0"/>
<pin id="179" dir="1" index="2" bw="4" slack="0"/>
</pin_list>
<bind>
<opcode="read(1150) " fcode="read"/>
<opset="in_pkts_keep_0_1_reload_read/1 "/>
</bind>
</comp>

<comp id="182" class="1004" name="write_ln205_write_fu_182">
<pin_list>
<pin id="183" dir="0" index="0" bw="0" slack="0"/>
<pin id="184" dir="0" index="1" bw="32" slack="0"/>
<pin id="185" dir="0" index="2" bw="4" slack="0"/>
<pin id="186" dir="0" index="3" bw="4" slack="0"/>
<pin id="187" dir="0" index="4" bw="2" slack="0"/>
<pin id="188" dir="0" index="5" bw="1" slack="0"/>
<pin id="189" dir="0" index="6" bw="5" slack="0"/>
<pin id="190" dir="0" index="7" bw="6" slack="0"/>
<pin id="191" dir="0" index="8" bw="16" slack="0"/>
<pin id="192" dir="0" index="9" bw="4" slack="0"/>
<pin id="193" dir="0" index="10" bw="4" slack="0"/>
<pin id="194" dir="0" index="11" bw="2" slack="0"/>
<pin id="195" dir="0" index="12" bw="1" slack="0"/>
<pin id="196" dir="0" index="13" bw="5" slack="0"/>
<pin id="197" dir="0" index="14" bw="6" slack="0"/>
<pin id="198" dir="1" index="15" bw="0" slack="2147483647"/>
</pin_list>
<bind>
<opcode="write(1151) " fcode="write"/>
<opset="write_ln205/4 "/>
</bind>
</comp>

<comp id="207" class="1004" name="out_pkts_keep_addr_1_gep_fu_207">
<pin_list>
<pin id="208" dir="0" index="0" bw="4" slack="0"/>
<pin id="209" dir="0" index="1" bw="1" slack="0"/>
<pin id="210" dir="0" index="2" bw="8" slack="0"/>
<pin id="211" dir="1" index="3" bw="8" slack="0"/>
</pin_list>
<bind>
<opcode="getelementptr(29) " fcode="getelementptr"/>
<opset="out_pkts_keep_addr_1/1 "/>
</bind>
</comp>

<comp id="214" class="1004" name="out_pkts_strb_addr_1_gep_fu_214">
<pin_list>
<pin id="215" dir="0" index="0" bw="4" slack="0"/>
<pin id="216" dir="0" index="1" bw="1" slack="0"/>
<pin id="217" dir="0" index="2" bw="8" slack="0"/>
<pin id="218" dir="1" index="3" bw="8" slack="0"/>
</pin_list>
<bind>
<opcode="getelementptr(29) " fcode="getelementptr"/>
<opset="out_pkts_strb_addr_1/1 "/>
</bind>
</comp>

<comp id="221" class="1004" name="out_pkts_user_addr_1_gep_fu_221">
<pin_list>
<pin id="222" dir="0" index="0" bw="2" slack="0"/>
<pin id="223" dir="0" index="1" bw="1" slack="0"/>
<pin id="224" dir="0" index="2" bw="8" slack="0"/>
<pin id="225" dir="1" index="3" bw="8" slack="0"/>
</pin_list>
<bind>
<opcode="getelementptr(29) " fcode="getelementptr"/>
<opset="out_pkts_user_addr_1/1 "/>
</bind>
</comp>

<comp id="228" class="1004" name="out_pkts_last_addr_1_gep_fu_228">
<pin_list>
<pin id="229" dir="0" index="0" bw="1" slack="0"/>
<pin id="230" dir="0" index="1" bw="1" slack="0"/>
<pin id="231" dir="0" index="2" bw="8" slack="0"/>
<pin id="232" dir="1" index="3" bw="8" slack="0"/>
</pin_list>
<bind>
<opcode="getelementptr(29) " fcode="getelementptr"/>
<opset="out_pkts_last_addr_1/1 "/>
</bind>
</comp>

<comp id="235" class="1004" name="out_pkts_id_addr_1_gep_fu_235">
<pin_list>
<pin id="236" dir="0" index="0" bw="5" slack="0"/>
<pin id="237" dir="0" index="1" bw="1" slack="0"/>
<pin id="238" dir="0" index="2" bw="8" slack="0"/>
<pin id="239" dir="1" index="3" bw="8" slack="0"/>
</pin_list>
<bind>
<opcode="getelementptr(29) " fcode="getelementptr"/>
<opset="out_pkts_id_addr_1/1 "/>
</bind>
</comp>

<comp id="242" class="1004" name="out_pkts_dest_addr_1_gep_fu_242">
<pin_list>
<pin id="243" dir="0" index="0" bw="6" slack="0"/>
<pin id="244" dir="0" index="1" bw="1" slack="0"/>
<pin id="245" dir="0" index="2" bw="8" slack="0"/>
<pin id="246" dir="1" index="3" bw="8" slack="0"/>
</pin_list>
<bind>
<opcode="getelementptr(29) " fcode="getelementptr"/>
<opset="out_pkts_dest_addr_1/1 "/>
</bind>
</comp>

<comp id="249" class="1004" name="grp_access_fu_249">
<pin_list>
<pin id="250" dir="0" index="0" bw="8" slack="0"/>
<pin id="251" dir="0" index="1" bw="4" slack="0"/>
<pin id="252" dir="0" index="2" bw="0" slack="2"/>
<pin id="358" dir="0" index="4" bw="8" slack="2147483647"/>
<pin id="359" dir="0" index="5" bw="4" slack="2147483647"/>
<pin id="360" dir="0" index="6" bw="0" slack="2147483647"/>
<pin id="253" dir="1" index="3" bw="4" slack="2147483647"/>
<pin id="361" dir="1" index="7" bw="4" slack="0"/>
</pin_list>
<bind>
<opcode="load(27) store(28) " fcode="load"/>
<opset="store_ln199/1 store_ln202/2 out_pkts_keep_load/3 "/>
</bind>
</comp>

<comp id="256" class="1004" name="grp_access_fu_256">
<pin_list>
<pin id="257" dir="0" index="0" bw="8" slack="0"/>
<pin id="258" dir="0" index="1" bw="4" slack="0"/>
<pin id="259" dir="0" index="2" bw="0" slack="2"/>
<pin id="363" dir="0" index="4" bw="8" slack="2147483647"/>
<pin id="364" dir="0" index="5" bw="4" slack="2147483647"/>
<pin id="365" dir="0" index="6" bw="0" slack="2147483647"/>
<pin id="260" dir="1" index="3" bw="4" slack="2147483647"/>
<pin id="366" dir="1" index="7" bw="4" slack="0"/>
</pin_list>
<bind>
<opcode="load(27) store(28) " fcode="load"/>
<opset="store_ln199/1 store_ln202/2 out_pkts_strb_load/3 "/>
</bind>
</comp>

<comp id="263" class="1004" name="grp_access_fu_263">
<pin_list>
<pin id="264" dir="0" index="0" bw="8" slack="0"/>
<pin id="265" dir="0" index="1" bw="2" slack="0"/>
<pin id="266" dir="0" index="2" bw="0" slack="2"/>
<pin id="368" dir="0" index="4" bw="8" slack="2147483647"/>
<pin id="369" dir="0" index="5" bw="2" slack="2147483647"/>
<pin id="370" dir="0" index="6" bw="0" slack="2147483647"/>
<pin id="267" dir="1" index="3" bw="2" slack="2147483647"/>
<pin id="371" dir="1" index="7" bw="2" slack="0"/>
</pin_list>
<bind>
<opcode="load(27) store(28) " fcode="load"/>
<opset="store_ln199/1 store_ln202/2 out_pkts_user_load/3 "/>
</bind>
</comp>

<comp id="270" class="1004" name="grp_access_fu_270">
<pin_list>
<pin id="271" dir="0" index="0" bw="8" slack="0"/>
<pin id="272" dir="0" index="1" bw="1" slack="0"/>
<pin id="273" dir="0" index="2" bw="0" slack="2"/>
<pin id="373" dir="0" index="4" bw="8" slack="2147483647"/>
<pin id="374" dir="0" index="5" bw="1" slack="2147483647"/>
<pin id="375" dir="0" index="6" bw="0" slack="2147483647"/>
<pin id="274" dir="1" index="3" bw="1" slack="2147483647"/>
<pin id="376" dir="1" index="7" bw="1" slack="0"/>
</pin_list>
<bind>
<opcode="load(27) store(28) " fcode="load"/>
<opset="store_ln199/1 store_ln202/2 out_pkts_last_load/3 "/>
</bind>
</comp>

<comp id="277" class="1004" name="grp_access_fu_277">
<pin_list>
<pin id="278" dir="0" index="0" bw="8" slack="0"/>
<pin id="279" dir="0" index="1" bw="5" slack="0"/>
<pin id="280" dir="0" index="2" bw="0" slack="2"/>
<pin id="378" dir="0" index="4" bw="8" slack="2147483647"/>
<pin id="379" dir="0" index="5" bw="5" slack="2147483647"/>
<pin id="380" dir="0" index="6" bw="0" slack="2147483647"/>
<pin id="281" dir="1" index="3" bw="5" slack="2147483647"/>
<pin id="381" dir="1" index="7" bw="5" slack="0"/>
</pin_list>
<bind>
<opcode="load(27) store(28) " fcode="load"/>
<opset="store_ln199/1 store_ln202/2 out_pkts_id_load/3 "/>
</bind>
</comp>

<comp id="284" class="1004" name="grp_access_fu_284">
<pin_list>
<pin id="285" dir="0" index="0" bw="8" slack="0"/>
<pin id="286" dir="0" index="1" bw="6" slack="0"/>
<pin id="287" dir="0" index="2" bw="0" slack="2"/>
<pin id="383" dir="0" index="4" bw="8" slack="2147483647"/>
<pin id="384" dir="0" index="5" bw="6" slack="2147483647"/>
<pin id="385" dir="0" index="6" bw="0" slack="2147483647"/>
<pin id="288" dir="1" index="3" bw="6" slack="2147483647"/>
<pin id="386" dir="1" index="7" bw="6" slack="0"/>
</pin_list>
<bind>
<opcode="load(27) store(28) " fcode="load"/>
<opset="store_ln199/1 store_ln202/2 out_pkts_dest_load/3 "/>
</bind>
</comp>

<comp id="291" class="1004" name="out_pkts_dest_addr_gep_fu_291">
<pin_list>
<pin id="292" dir="0" index="0" bw="6" slack="0"/>
<pin id="293" dir="0" index="1" bw="1" slack="0"/>
<pin id="294" dir="0" index="2" bw="9" slack="0"/>
<pin id="295" dir="1" index="3" bw="8" slack="0"/>
</pin_list>
<bind>
<opcode="getelementptr(29) " fcode="getelementptr"/>
<opset="out_pkts_dest_addr/2 "/>
</bind>
</comp>

<comp id="299" class="1004" name="out_pkts_id_addr_gep_fu_299">
<pin_list>
<pin id="300" dir="0" index="0" bw="5" slack="0"/>
<pin id="301" dir="0" index="1" bw="1" slack="0"/>
<pin id="302" dir="0" index="2" bw="9" slack="0"/>
<pin id="303" dir="1" index="3" bw="8" slack="0"/>
</pin_list>
<bind>
<opcode="getelementptr(29) " fcode="getelementptr"/>
<opset="out_pkts_id_addr/2 "/>
</bind>
</comp>

<comp id="307" class="1004" name="out_pkts_last_addr_gep_fu_307">
<pin_list>
<pin id="308" dir="0" index="0" bw="1" slack="0"/>
<pin id="309" dir="0" index="1" bw="1" slack="0"/>
<pin id="310" dir="0" index="2" bw="9" slack="0"/>
<pin id="311" dir="1" index="3" bw="8" slack="0"/>
</pin_list>
<bind>
<opcode="getelementptr(29) " fcode="getelementptr"/>
<opset="out_pkts_last_addr/2 "/>
</bind>
</comp>

<comp id="315" class="1004" name="out_pkts_user_addr_gep_fu_315">
<pin_list>
<pin id="316" dir="0" index="0" bw="2" slack="0"/>
<pin id="317" dir="0" index="1" bw="1" slack="0"/>
<pin id="318" dir="0" index="2" bw="9" slack="0"/>
<pin id="319" dir="1" index="3" bw="8" slack="0"/>
</pin_list>
<bind>
<opcode="getelementptr(29) " fcode="getelementptr"/>
<opset="out_pkts_user_addr/2 "/>
</bind>
</comp>

<comp id="323" class="1004" name="out_pkts_strb_addr_gep_fu_323">
<pin_list>
<pin id="324" dir="0" index="0" bw="4" slack="0"/>
<pin id="325" dir="0" index="1" bw="1" slack="0"/>
<pin id="326" dir="0" index="2" bw="9" slack="0"/>
<pin id="327" dir="1" index="3" bw="8" slack="0"/>
</pin_list>
<bind>
<opcode="getelementptr(29) " fcode="getelementptr"/>
<opset="out_pkts_strb_addr/2 "/>
</bind>
</comp>

<comp id="331" class="1004" name="out_pkts_keep_addr_gep_fu_331">
<pin_list>
<pin id="332" dir="0" index="0" bw="4" slack="0"/>
<pin id="333" dir="0" index="1" bw="1" slack="0"/>
<pin id="334" dir="0" index="2" bw="9" slack="0"/>
<pin id="335" dir="1" index="3" bw="8" slack="0"/>
</pin_list>
<bind>
<opcode="getelementptr(29) " fcode="getelementptr"/>
<opset="out_pkts_keep_addr/2 "/>
</bind>
</comp>

<comp id="345" class="1004" name="NEURONS_MEMBRANE_addr_gep_fu_345">
<pin_list>
<pin id="346" dir="0" index="0" bw="16" slack="0"/>
<pin id="347" dir="0" index="1" bw="1" slack="0"/>
<pin id="348" dir="0" index="2" bw="8" slack="2"/>
<pin id="349" dir="1" index="3" bw="8" slack="0"/>
</pin_list>
<bind>
<opcode="getelementptr(29) " fcode="getelementptr"/>
<opset="NEURONS_MEMBRANE_addr/3 "/>
</bind>
</comp>

<comp id="352" class="1004" name="grp_access_fu_352">
<pin_list>
<pin id="353" dir="0" index="0" bw="8" slack="0"/>
<pin id="354" dir="0" index="1" bw="16" slack="2147483647"/>
<pin id="355" dir="0" index="2" bw="0" slack="2147483647"/>
<pin id="356" dir="1" index="3" bw="16" slack="0"/>
</pin_list>
<bind>
<opcode="load(27) " fcode="load"/>
<opset="out_pkts_data/3 "/>
</bind>
</comp>

<comp id="388" class="1004" name="store_ln0_store_fu_388">
<pin_list>
<pin id="389" dir="0" index="0" bw="1" slack="0"/>
<pin id="390" dir="0" index="1" bw="8" slack="0"/>
<pin id="391" dir="1" index="2" bw="0" slack="2147483647"/>
</pin_list>
<bind>
<opcode="store(28) " fcode="store"/>
<opset="store_ln0/1 "/>
</bind>
</comp>

<comp id="393" class="1004" name="i_load_fu_393">
<pin_list>
<pin id="394" dir="0" index="0" bw="8" slack="0"/>
<pin id="395" dir="1" index="1" bw="8" slack="0"/>
</pin_list>
<bind>
<opcode="load(27) " fcode="load"/>
<opset="i/1 "/>
</bind>
</comp>

<comp id="396" class="1004" name="icmp_ln197_fu_396">
<pin_list>
<pin id="397" dir="0" index="0" bw="8" slack="0"/>
<pin id="398" dir="0" index="1" bw="5" slack="0"/>
<pin id="399" dir="1" index="2" bw="1" slack="1"/>
</pin_list>
<bind>
<opcode="icmp(45) " fcode="icmp"/>
<opset="icmp_ln197/1 "/>
</bind>
</comp>

<comp id="402" class="1004" name="add_ln197_fu_402">
<pin_list>
<pin id="403" dir="0" index="0" bw="8" slack="0"/>
<pin id="404" dir="0" index="1" bw="1" slack="0"/>
<pin id="405" dir="1" index="2" bw="8" slack="1"/>
</pin_list>
<bind>
<opcode="add(8) " fcode="add"/>
<opset="add_ln197/1 "/>
</bind>
</comp>

<comp id="408" class="1004" name="i_1_cast_fu_408">
<pin_list>
<pin id="409" dir="0" index="0" bw="8" slack="0"/>
<pin id="410" dir="1" index="1" bw="64" slack="0"/>
</pin_list>
<bind>
<opcode="zext(34) " fcode="zext"/>
<opset="i_1_cast/1 "/>
</bind>
</comp>

<comp id="418" class="1004" name="icmp_ln200_fu_418">
<pin_list>
<pin id="419" dir="0" index="0" bw="8" slack="0"/>
<pin id="420" dir="0" index="1" bw="5" slack="0"/>
<pin id="421" dir="1" index="2" bw="1" slack="1"/>
</pin_list>
<bind>
<opcode="icmp(45) " fcode="icmp"/>
<opset="icmp_ln200/1 "/>
</bind>
</comp>

<comp id="424" class="1004" name="store_ln197_store_fu_424">
<pin_list>
<pin id="425" dir="0" index="0" bw="8" slack="1"/>
<pin id="426" dir="0" index="1" bw="8" slack="1"/>
<pin id="427" dir="1" index="2" bw="0" slack="2147483647"/>
</pin_list>
<bind>
<opcode="store(28) " fcode="store"/>
<opset="store_ln197/2 "/>
</bind>
</comp>

<comp id="428" class="1004" name="sext_ln204_fu_428">
<pin_list>
<pin id="429" dir="0" index="0" bw="16" slack="0"/>
<pin id="430" dir="1" index="1" bw="32" slack="0"/>
</pin_list>
<bind>
<opcode="sext(35) " fcode="sext"/>
<opset="sext_ln204/4 "/>
</bind>
</comp>

<comp id="433" class="1005" name="i_1_reg_433">
<pin_list>
<pin id="434" dir="0" index="0" bw="8" slack="0"/>
<pin id="435" dir="1" index="1" bw="8" slack="0"/>
</pin_list>
<bind>
<opset="i_1 "/>
</bind>
</comp>

<comp id="440" class="1005" name="in_pkts_dest_3_1_reload_read_reg_440">
<pin_list>
<pin id="441" dir="0" index="0" bw="6" slack="1"/>
<pin id="442" dir="1" index="1" bw="6" slack="1"/>
</pin_list>
<bind>
<opset="in_pkts_dest_3_1_reload_read "/>
</bind>
</comp>

<comp id="445" class="1005" name="in_pkts_id_3_1_reload_read_reg_445">
<pin_list>
<pin id="446" dir="0" index="0" bw="5" slack="1"/>
<pin id="447" dir="1" index="1" bw="5" slack="1"/>
</pin_list>
<bind>
<opset="in_pkts_id_3_1_reload_read "/>
</bind>
</comp>

<comp id="450" class="1005" name="in_pkts_last_3_1_reload_read_reg_450">
<pin_list>
<pin id="451" dir="0" index="0" bw="1" slack="1"/>
<pin id="452" dir="1" index="1" bw="1" slack="1"/>
</pin_list>
<bind>
<opset="in_pkts_last_3_1_reload_read "/>
</bind>
</comp>

<comp id="455" class="1005" name="in_pkts_user_3_1_reload_read_reg_455">
<pin_list>
<pin id="456" dir="0" index="0" bw="2" slack="1"/>
<pin id="457" dir="1" index="1" bw="2" slack="1"/>
</pin_list>
<bind>
<opset="in_pkts_user_3_1_reload_read "/>
</bind>
</comp>

<comp id="460" class="1005" name="in_pkts_strb_3_1_reload_read_reg_460">
<pin_list>
<pin id="461" dir="0" index="0" bw="4" slack="1"/>
<pin id="462" dir="1" index="1" bw="4" slack="1"/>
</pin_list>
<bind>
<opset="in_pkts_strb_3_1_reload_read "/>
</bind>
</comp>

<comp id="465" class="1005" name="in_pkts_keep_3_1_reload_read_reg_465">
<pin_list>
<pin id="466" dir="0" index="0" bw="4" slack="1"/>
<pin id="467" dir="1" index="1" bw="4" slack="1"/>
</pin_list>
<bind>
<opset="in_pkts_keep_3_1_reload_read "/>
</bind>
</comp>

<comp id="470" class="1005" name="icmp_ln197_reg_470">
<pin_list>
<pin id="471" dir="0" index="0" bw="1" slack="1"/>
<pin id="472" dir="1" index="1" bw="1" slack="2147483647"/>
</pin_list>
<bind>
<opset="icmp_ln197 "/>
</bind>
</comp>

<comp id="474" class="1005" name="add_ln197_reg_474">
<pin_list>
<pin id="475" dir="0" index="0" bw="8" slack="1"/>
<pin id="476" dir="1" index="1" bw="8" slack="1"/>
</pin_list>
<bind>
<opset="add_ln197 "/>
</bind>
</comp>

<comp id="479" class="1005" name="i_1_cast_reg_479">
<pin_list>
<pin id="480" dir="0" index="0" bw="64" slack="2"/>
<pin id="481" dir="1" index="1" bw="64" slack="2"/>
</pin_list>
<bind>
<opset="i_1_cast "/>
</bind>
</comp>

<comp id="484" class="1005" name="out_pkts_keep_addr_1_reg_484">
<pin_list>
<pin id="485" dir="0" index="0" bw="8" slack="2"/>
<pin id="486" dir="1" index="1" bw="8" slack="2"/>
</pin_list>
<bind>
<opset="out_pkts_keep_addr_1 "/>
</bind>
</comp>

<comp id="489" class="1005" name="out_pkts_strb_addr_1_reg_489">
<pin_list>
<pin id="490" dir="0" index="0" bw="8" slack="2"/>
<pin id="491" dir="1" index="1" bw="8" slack="2"/>
</pin_list>
<bind>
<opset="out_pkts_strb_addr_1 "/>
</bind>
</comp>

<comp id="494" class="1005" name="out_pkts_user_addr_1_reg_494">
<pin_list>
<pin id="495" dir="0" index="0" bw="8" slack="2"/>
<pin id="496" dir="1" index="1" bw="8" slack="2"/>
</pin_list>
<bind>
<opset="out_pkts_user_addr_1 "/>
</bind>
</comp>

<comp id="499" class="1005" name="out_pkts_last_addr_1_reg_499">
<pin_list>
<pin id="500" dir="0" index="0" bw="8" slack="2"/>
<pin id="501" dir="1" index="1" bw="8" slack="2"/>
</pin_list>
<bind>
<opset="out_pkts_last_addr_1 "/>
</bind>
</comp>

<comp id="504" class="1005" name="out_pkts_id_addr_1_reg_504">
<pin_list>
<pin id="505" dir="0" index="0" bw="8" slack="2"/>
<pin id="506" dir="1" index="1" bw="8" slack="2"/>
</pin_list>
<bind>
<opset="out_pkts_id_addr_1 "/>
</bind>
</comp>

<comp id="509" class="1005" name="out_pkts_dest_addr_1_reg_509">
<pin_list>
<pin id="510" dir="0" index="0" bw="8" slack="2"/>
<pin id="511" dir="1" index="1" bw="8" slack="2"/>
</pin_list>
<bind>
<opset="out_pkts_dest_addr_1 "/>
</bind>
</comp>

<comp id="514" class="1005" name="icmp_ln200_reg_514">
<pin_list>
<pin id="515" dir="0" index="0" bw="1" slack="1"/>
<pin id="516" dir="1" index="1" bw="1" slack="2147483647"/>
</pin_list>
<bind>
<opset="icmp_ln200 "/>
</bind>
</comp>

<comp id="518" class="1005" name="NEURONS_MEMBRANE_addr_reg_518">
<pin_list>
<pin id="519" dir="0" index="0" bw="8" slack="1"/>
<pin id="520" dir="1" index="1" bw="8" slack="1"/>
</pin_list>
<bind>
<opset="NEURONS_MEMBRANE_addr "/>
</bind>
</comp>

</comp_list>

<net_list>
<net id="109"><net_src comp="52" pin="0"/><net_sink comp="106" pin=0"/></net>

<net id="114"><net_src comp="70" pin="0"/><net_sink comp="110" pin=0"/></net>

<net id="115"><net_src comp="48" pin="0"/><net_sink comp="110" pin=1"/></net>

<net id="120"><net_src comp="72" pin="0"/><net_sink comp="116" pin=0"/></net>

<net id="121"><net_src comp="46" pin="0"/><net_sink comp="116" pin=1"/></net>

<net id="126"><net_src comp="74" pin="0"/><net_sink comp="122" pin=0"/></net>

<net id="127"><net_src comp="44" pin="0"/><net_sink comp="122" pin=1"/></net>

<net id="132"><net_src comp="76" pin="0"/><net_sink comp="128" pin=0"/></net>

<net id="133"><net_src comp="42" pin="0"/><net_sink comp="128" pin=1"/></net>

<net id="138"><net_src comp="78" pin="0"/><net_sink comp="134" pin=0"/></net>

<net id="139"><net_src comp="40" pin="0"/><net_sink comp="134" pin=1"/></net>

<net id="144"><net_src comp="78" pin="0"/><net_sink comp="140" pin=0"/></net>

<net id="145"><net_src comp="38" pin="0"/><net_sink comp="140" pin=1"/></net>

<net id="150"><net_src comp="70" pin="0"/><net_sink comp="146" pin=0"/></net>

<net id="151"><net_src comp="36" pin="0"/><net_sink comp="146" pin=1"/></net>

<net id="156"><net_src comp="72" pin="0"/><net_sink comp="152" pin=0"/></net>

<net id="157"><net_src comp="34" pin="0"/><net_sink comp="152" pin=1"/></net>

<net id="162"><net_src comp="74" pin="0"/><net_sink comp="158" pin=0"/></net>

<net id="163"><net_src comp="32" pin="0"/><net_sink comp="158" pin=1"/></net>

<net id="168"><net_src comp="76" pin="0"/><net_sink comp="164" pin=0"/></net>

<net id="169"><net_src comp="30" pin="0"/><net_sink comp="164" pin=1"/></net>

<net id="174"><net_src comp="78" pin="0"/><net_sink comp="170" pin=0"/></net>

<net id="175"><net_src comp="28" pin="0"/><net_sink comp="170" pin=1"/></net>

<net id="180"><net_src comp="78" pin="0"/><net_sink comp="176" pin=0"/></net>

<net id="181"><net_src comp="26" pin="0"/><net_sink comp="176" pin=1"/></net>

<net id="199"><net_src comp="104" pin="0"/><net_sink comp="182" pin=0"/></net>

<net id="200"><net_src comp="12" pin="0"/><net_sink comp="182" pin=1"/></net>

<net id="201"><net_src comp="14" pin="0"/><net_sink comp="182" pin=2"/></net>

<net id="202"><net_src comp="16" pin="0"/><net_sink comp="182" pin=3"/></net>

<net id="203"><net_src comp="18" pin="0"/><net_sink comp="182" pin=4"/></net>

<net id="204"><net_src comp="20" pin="0"/><net_sink comp="182" pin=5"/></net>

<net id="205"><net_src comp="22" pin="0"/><net_sink comp="182" pin=6"/></net>

<net id="206"><net_src comp="24" pin="0"/><net_sink comp="182" pin=7"/></net>

<net id="212"><net_src comp="10" pin="0"/><net_sink comp="207" pin=0"/></net>

<net id="213"><net_src comp="94" pin="0"/><net_sink comp="207" pin=1"/></net>

<net id="219"><net_src comp="8" pin="0"/><net_sink comp="214" pin=0"/></net>

<net id="220"><net_src comp="94" pin="0"/><net_sink comp="214" pin=1"/></net>

<net id="226"><net_src comp="6" pin="0"/><net_sink comp="221" pin=0"/></net>

<net id="227"><net_src comp="94" pin="0"/><net_sink comp="221" pin=1"/></net>

<net id="233"><net_src comp="4" pin="0"/><net_sink comp="228" pin=0"/></net>

<net id="234"><net_src comp="94" pin="0"/><net_sink comp="228" pin=1"/></net>

<net id="240"><net_src comp="2" pin="0"/><net_sink comp="235" pin=0"/></net>

<net id="241"><net_src comp="94" pin="0"/><net_sink comp="235" pin=1"/></net>

<net id="247"><net_src comp="0" pin="0"/><net_sink comp="242" pin=0"/></net>

<net id="248"><net_src comp="94" pin="0"/><net_sink comp="242" pin=1"/></net>

<net id="254"><net_src comp="176" pin="2"/><net_sink comp="249" pin=1"/></net>

<net id="255"><net_src comp="207" pin="3"/><net_sink comp="249" pin=0"/></net>

<net id="261"><net_src comp="170" pin="2"/><net_sink comp="256" pin=1"/></net>

<net id="262"><net_src comp="214" pin="3"/><net_sink comp="256" pin=0"/></net>

<net id="268"><net_src comp="164" pin="2"/><net_sink comp="263" pin=1"/></net>

<net id="269"><net_src comp="221" pin="3"/><net_sink comp="263" pin=0"/></net>

<net id="275"><net_src comp="158" pin="2"/><net_sink comp="270" pin=1"/></net>

<net id="276"><net_src comp="228" pin="3"/><net_sink comp="270" pin=0"/></net>

<net id="282"><net_src comp="152" pin="2"/><net_sink comp="277" pin=1"/></net>

<net id="283"><net_src comp="235" pin="3"/><net_sink comp="277" pin=0"/></net>

<net id="289"><net_src comp="146" pin="2"/><net_sink comp="284" pin=1"/></net>

<net id="290"><net_src comp="242" pin="3"/><net_sink comp="284" pin=0"/></net>

<net id="296"><net_src comp="0" pin="0"/><net_sink comp="291" pin=0"/></net>

<net id="297"><net_src comp="94" pin="0"/><net_sink comp="291" pin=1"/></net>

<net id="298"><net_src comp="98" pin="0"/><net_sink comp="291" pin=2"/></net>

<net id="304"><net_src comp="2" pin="0"/><net_sink comp="299" pin=0"/></net>

<net id="305"><net_src comp="94" pin="0"/><net_sink comp="299" pin=1"/></net>

<net id="306"><net_src comp="98" pin="0"/><net_sink comp="299" pin=2"/></net>

<net id="312"><net_src comp="4" pin="0"/><net_sink comp="307" pin=0"/></net>

<net id="313"><net_src comp="94" pin="0"/><net_sink comp="307" pin=1"/></net>

<net id="314"><net_src comp="98" pin="0"/><net_sink comp="307" pin=2"/></net>

<net id="320"><net_src comp="6" pin="0"/><net_sink comp="315" pin=0"/></net>

<net id="321"><net_src comp="94" pin="0"/><net_sink comp="315" pin=1"/></net>

<net id="322"><net_src comp="98" pin="0"/><net_sink comp="315" pin=2"/></net>

<net id="328"><net_src comp="8" pin="0"/><net_sink comp="323" pin=0"/></net>

<net id="329"><net_src comp="94" pin="0"/><net_sink comp="323" pin=1"/></net>

<net id="330"><net_src comp="98" pin="0"/><net_sink comp="323" pin=2"/></net>

<net id="336"><net_src comp="10" pin="0"/><net_sink comp="331" pin=0"/></net>

<net id="337"><net_src comp="94" pin="0"/><net_sink comp="331" pin=1"/></net>

<net id="338"><net_src comp="98" pin="0"/><net_sink comp="331" pin=2"/></net>

<net id="339"><net_src comp="331" pin="3"/><net_sink comp="249" pin=0"/></net>

<net id="340"><net_src comp="323" pin="3"/><net_sink comp="256" pin=0"/></net>

<net id="341"><net_src comp="315" pin="3"/><net_sink comp="263" pin=0"/></net>

<net id="342"><net_src comp="307" pin="3"/><net_sink comp="270" pin=0"/></net>

<net id="343"><net_src comp="299" pin="3"/><net_sink comp="277" pin=0"/></net>

<net id="344"><net_src comp="291" pin="3"/><net_sink comp="284" pin=0"/></net>

<net id="350"><net_src comp="50" pin="0"/><net_sink comp="345" pin=0"/></net>

<net id="351"><net_src comp="94" pin="0"/><net_sink comp="345" pin=1"/></net>

<net id="357"><net_src comp="345" pin="3"/><net_sink comp="352" pin=0"/></net>

<net id="362"><net_src comp="249" pin="7"/><net_sink comp="182" pin=9"/></net>

<net id="367"><net_src comp="256" pin="7"/><net_sink comp="182" pin=10"/></net>

<net id="372"><net_src comp="263" pin="7"/><net_sink comp="182" pin=11"/></net>

<net id="377"><net_src comp="270" pin="7"/><net_sink comp="182" pin=12"/></net>

<net id="382"><net_src comp="277" pin="7"/><net_sink comp="182" pin=13"/></net>

<net id="387"><net_src comp="284" pin="7"/><net_sink comp="182" pin=14"/></net>

<net id="392"><net_src comp="80" pin="0"/><net_sink comp="388" pin=0"/></net>

<net id="400"><net_src comp="393" pin="1"/><net_sink comp="396" pin=0"/></net>

<net id="401"><net_src comp="82" pin="0"/><net_sink comp="396" pin=1"/></net>

<net id="406"><net_src comp="393" pin="1"/><net_sink comp="402" pin=0"/></net>

<net id="407"><net_src comp="84" pin="0"/><net_sink comp="402" pin=1"/></net>

<net id="411"><net_src comp="393" pin="1"/><net_sink comp="408" pin=0"/></net>

<net id="412"><net_src comp="408" pin="1"/><net_sink comp="207" pin=2"/></net>

<net id="413"><net_src comp="408" pin="1"/><net_sink comp="214" pin=2"/></net>

<net id="414"><net_src comp="408" pin="1"/><net_sink comp="221" pin=2"/></net>

<net id="415"><net_src comp="408" pin="1"/><net_sink comp="228" pin=2"/></net>

<net id="416"><net_src comp="408" pin="1"/><net_sink comp="235" pin=2"/></net>

<net id="417"><net_src comp="408" pin="1"/><net_sink comp="242" pin=2"/></net>

<net id="422"><net_src comp="393" pin="1"/><net_sink comp="418" pin=0"/></net>

<net id="423"><net_src comp="96" pin="0"/><net_sink comp="418" pin=1"/></net>

<net id="431"><net_src comp="352" pin="3"/><net_sink comp="428" pin=0"/></net>

<net id="432"><net_src comp="428" pin="1"/><net_sink comp="182" pin=8"/></net>

<net id="436"><net_src comp="106" pin="1"/><net_sink comp="433" pin=0"/></net>

<net id="437"><net_src comp="433" pin="1"/><net_sink comp="388" pin=1"/></net>

<net id="438"><net_src comp="433" pin="1"/><net_sink comp="393" pin=0"/></net>

<net id="439"><net_src comp="433" pin="1"/><net_sink comp="424" pin=1"/></net>

<net id="443"><net_src comp="110" pin="2"/><net_sink comp="440" pin=0"/></net>

<net id="444"><net_src comp="440" pin="1"/><net_sink comp="284" pin=1"/></net>

<net id="448"><net_src comp="116" pin="2"/><net_sink comp="445" pin=0"/></net>

<net id="449"><net_src comp="445" pin="1"/><net_sink comp="277" pin=1"/></net>

<net id="453"><net_src comp="122" pin="2"/><net_sink comp="450" pin=0"/></net>

<net id="454"><net_src comp="450" pin="1"/><net_sink comp="270" pin=1"/></net>

<net id="458"><net_src comp="128" pin="2"/><net_sink comp="455" pin=0"/></net>

<net id="459"><net_src comp="455" pin="1"/><net_sink comp="263" pin=1"/></net>

<net id="463"><net_src comp="134" pin="2"/><net_sink comp="460" pin=0"/></net>

<net id="464"><net_src comp="460" pin="1"/><net_sink comp="256" pin=1"/></net>

<net id="468"><net_src comp="140" pin="2"/><net_sink comp="465" pin=0"/></net>

<net id="469"><net_src comp="465" pin="1"/><net_sink comp="249" pin=1"/></net>

<net id="473"><net_src comp="396" pin="2"/><net_sink comp="470" pin=0"/></net>

<net id="477"><net_src comp="402" pin="2"/><net_sink comp="474" pin=0"/></net>

<net id="478"><net_src comp="474" pin="1"/><net_sink comp="424" pin=0"/></net>

<net id="482"><net_src comp="408" pin="1"/><net_sink comp="479" pin=0"/></net>

<net id="483"><net_src comp="479" pin="1"/><net_sink comp="345" pin=2"/></net>

<net id="487"><net_src comp="207" pin="3"/><net_sink comp="484" pin=0"/></net>

<net id="488"><net_src comp="484" pin="1"/><net_sink comp="249" pin=2"/></net>

<net id="492"><net_src comp="214" pin="3"/><net_sink comp="489" pin=0"/></net>

<net id="493"><net_src comp="489" pin="1"/><net_sink comp="256" pin=2"/></net>

<net id="497"><net_src comp="221" pin="3"/><net_sink comp="494" pin=0"/></net>

<net id="498"><net_src comp="494" pin="1"/><net_sink comp="263" pin=2"/></net>

<net id="502"><net_src comp="228" pin="3"/><net_sink comp="499" pin=0"/></net>

<net id="503"><net_src comp="499" pin="1"/><net_sink comp="270" pin=2"/></net>

<net id="507"><net_src comp="235" pin="3"/><net_sink comp="504" pin=0"/></net>

<net id="508"><net_src comp="504" pin="1"/><net_sink comp="277" pin=2"/></net>

<net id="512"><net_src comp="242" pin="3"/><net_sink comp="509" pin=0"/></net>

<net id="513"><net_src comp="509" pin="1"/><net_sink comp="284" pin=2"/></net>

<net id="517"><net_src comp="418" pin="2"/><net_sink comp="514" pin=0"/></net>

<net id="521"><net_src comp="345" pin="3"/><net_sink comp="518" pin=0"/></net>

<net id="522"><net_src comp="518" pin="1"/><net_sink comp="352" pin=0"/></net>

</net_list>

</model> 
---------------- Datapath Model END ------------------

* FSMD analyzer results:
  - Output states:
	Port: out_pkts_dest | {1 2 }
	Port: out_pkts_id | {1 2 }
	Port: out_pkts_last | {1 2 }
	Port: out_pkts_user | {1 2 }
	Port: out_pkts_strb | {1 2 }
	Port: out_pkts_keep | {1 2 }
	Port: out_stream_V_data_V | {4 }
	Port: out_stream_V_keep_V | {4 }
	Port: out_stream_V_strb_V | {4 }
	Port: out_stream_V_user_V | {4 }
	Port: out_stream_V_last_V | {4 }
	Port: out_stream_V_id_V | {4 }
	Port: out_stream_V_dest_V | {4 }
 - Input state : 
	Port: RNI_Pipeline_VITIS_LOOP_197_1 : out_pkts_dest | {3 4 }
	Port: RNI_Pipeline_VITIS_LOOP_197_1 : out_pkts_id | {3 4 }
	Port: RNI_Pipeline_VITIS_LOOP_197_1 : out_pkts_last | {3 4 }
	Port: RNI_Pipeline_VITIS_LOOP_197_1 : out_pkts_user | {3 4 }
	Port: RNI_Pipeline_VITIS_LOOP_197_1 : out_pkts_strb | {3 4 }
	Port: RNI_Pipeline_VITIS_LOOP_197_1 : out_pkts_keep | {3 4 }
	Port: RNI_Pipeline_VITIS_LOOP_197_1 : in_pkts_keep_0_1_reload | {1 }
	Port: RNI_Pipeline_VITIS_LOOP_197_1 : in_pkts_strb_0_1_reload | {1 }
	Port: RNI_Pipeline_VITIS_LOOP_197_1 : in_pkts_user_0_1_reload | {1 }
	Port: RNI_Pipeline_VITIS_LOOP_197_1 : in_pkts_last_0_1_reload | {1 }
	Port: RNI_Pipeline_VITIS_LOOP_197_1 : in_pkts_id_0_1_reload | {1 }
	Port: RNI_Pipeline_VITIS_LOOP_197_1 : in_pkts_dest_0_1_reload | {1 }
	Port: RNI_Pipeline_VITIS_LOOP_197_1 : in_pkts_keep_3_1_reload | {1 }
	Port: RNI_Pipeline_VITIS_LOOP_197_1 : in_pkts_strb_3_1_reload | {1 }
	Port: RNI_Pipeline_VITIS_LOOP_197_1 : in_pkts_user_3_1_reload | {1 }
	Port: RNI_Pipeline_VITIS_LOOP_197_1 : in_pkts_last_3_1_reload | {1 }
	Port: RNI_Pipeline_VITIS_LOOP_197_1 : in_pkts_id_3_1_reload | {1 }
	Port: RNI_Pipeline_VITIS_LOOP_197_1 : in_pkts_dest_3_1_reload | {1 }
	Port: RNI_Pipeline_VITIS_LOOP_197_1 : NEURONS_MEMBRANE | {3 4 }
  - Chain level:
	State 1
		store_ln0 : 1
		i : 1
		icmp_ln197 : 2
		add_ln197 : 2
		br_ln197 : 3
		i_1_cast : 2
		out_pkts_keep_addr_1 : 3
		out_pkts_strb_addr_1 : 3
		out_pkts_user_addr_1 : 3
		out_pkts_last_addr_1 : 3
		out_pkts_id_addr_1 : 3
		out_pkts_dest_addr_1 : 3
		store_ln199 : 4
		store_ln199 : 4
		store_ln199 : 4
		store_ln199 : 4
		store_ln199 : 4
		store_ln199 : 4
		icmp_ln200 : 2
		br_ln200 : 3
	State 2
		store_ln202 : 1
		store_ln202 : 1
		store_ln202 : 1
		store_ln202 : 1
		store_ln202 : 1
		store_ln202 : 1
	State 3
		out_pkts_data : 1
	State 4
		sext_ln204 : 1
		write_ln205 : 2


============================================================
+ Verbose Summary: Datapath Resource usage 
============================================================

* Functional unit list:
|----------|------------------------------------------|---------|---------|
| Operation|              Functional Unit             |    FF   |   LUT   |
|----------|------------------------------------------|---------|---------|
|   icmp   |             icmp_ln197_fu_396            |    0    |    15   |
|          |             icmp_ln200_fu_418            |    0    |    15   |
|----------|------------------------------------------|---------|---------|
|    add   |             add_ln197_fu_402             |    0    |    15   |
|----------|------------------------------------------|---------|---------|
|          | in_pkts_dest_3_1_reload_read_read_fu_110 |    0    |    0    |
|          |  in_pkts_id_3_1_reload_read_read_fu_116  |    0    |    0    |
|          | in_pkts_last_3_1_reload_read_read_fu_122 |    0    |    0    |
|          | in_pkts_user_3_1_reload_read_read_fu_128 |    0    |    0    |
|          | in_pkts_strb_3_1_reload_read_read_fu_134 |    0    |    0    |
|   read   | in_pkts_keep_3_1_reload_read_read_fu_140 |    0    |    0    |
|          | in_pkts_dest_0_1_reload_read_read_fu_146 |    0    |    0    |
|          |  in_pkts_id_0_1_reload_read_read_fu_152  |    0    |    0    |
|          | in_pkts_last_0_1_reload_read_read_fu_158 |    0    |    0    |
|          | in_pkts_user_0_1_reload_read_read_fu_164 |    0    |    0    |
|          | in_pkts_strb_0_1_reload_read_read_fu_170 |    0    |    0    |
|          | in_pkts_keep_0_1_reload_read_read_fu_176 |    0    |    0    |
|----------|------------------------------------------|---------|---------|
|   write  |         write_ln205_write_fu_182         |    0    |    0    |
|----------|------------------------------------------|---------|---------|
|   zext   |              i_1_cast_fu_408             |    0    |    0    |
|----------|------------------------------------------|---------|---------|
|   sext   |             sext_ln204_fu_428            |    0    |    0    |
|----------|------------------------------------------|---------|---------|
|   Total  |                                          |    0    |    45   |
|----------|------------------------------------------|---------|---------|

Memories:
N/A

* Register list:
+------------------------------------+--------+
|                                    |   FF   |
+------------------------------------+--------+
|    NEURONS_MEMBRANE_addr_reg_518   |    8   |
|          add_ln197_reg_474         |    8   |
|          i_1_cast_reg_479          |   64   |
|             i_1_reg_433            |    8   |
|         icmp_ln197_reg_470         |    1   |
|         icmp_ln200_reg_514         |    1   |
|in_pkts_dest_3_1_reload_read_reg_440|    6   |
| in_pkts_id_3_1_reload_read_reg_445 |    5   |
|in_pkts_keep_3_1_reload_read_reg_465|    4   |
|in_pkts_last_3_1_reload_read_reg_450|    1   |
|in_pkts_strb_3_1_reload_read_reg_460|    4   |
|in_pkts_user_3_1_reload_read_reg_455|    2   |
|    out_pkts_dest_addr_1_reg_509    |    8   |
|     out_pkts_id_addr_1_reg_504     |    8   |
|    out_pkts_keep_addr_1_reg_484    |    8   |
|    out_pkts_last_addr_1_reg_499    |    8   |
|    out_pkts_strb_addr_1_reg_489    |    8   |
|    out_pkts_user_addr_1_reg_494    |    8   |
+------------------------------------+--------+
|                Total               |   160  |
+------------------------------------+--------+

* Multiplexer (MUX) list: 
|-------------------|------|------|------|--------||---------||---------|
|        Comp       |  Pin | Size |  BW  | S x BW ||  Delay  ||   LUT   |
|-------------------|------|------|------|--------||---------||---------|
| grp_access_fu_249 |  p0  |   2  |   8  |   16   ||    9    |
| grp_access_fu_249 |  p1  |   2  |   4  |    8   ||    9    |
| grp_access_fu_256 |  p0  |   2  |   8  |   16   ||    9    |
| grp_access_fu_256 |  p1  |   2  |   4  |    8   ||    9    |
| grp_access_fu_263 |  p0  |   2  |   8  |   16   ||    9    |
| grp_access_fu_263 |  p1  |   2  |   2  |    4   ||    9    |
| grp_access_fu_270 |  p0  |   2  |   8  |   16   ||    9    |
| grp_access_fu_270 |  p1  |   2  |   1  |    2   ||    9    |
| grp_access_fu_277 |  p0  |   2  |   8  |   16   ||    9    |
| grp_access_fu_277 |  p1  |   2  |   5  |   10   ||    9    |
| grp_access_fu_284 |  p0  |   2  |   8  |   16   ||    9    |
| grp_access_fu_284 |  p1  |   2  |   6  |   12   ||    9    |
| grp_access_fu_352 |  p0  |   2  |   8  |   16   ||    9    |
|-------------------|------|------|------|--------||---------||---------|
|       Total       |      |      |      |   156  ||  20.644 ||   117   |
|-------------------|------|------|------|--------||---------||---------|



* Summary:
+-----------+--------+--------+--------+
|           |  Delay |   FF   |   LUT  |
+-----------+--------+--------+--------+
|  Function |    -   |    0   |   45   |
|   Memory  |    -   |    -   |    -   |
|Multiplexer|   20   |    -   |   117  |
|  Register |    -   |   160  |    -   |
+-----------+--------+--------+--------+
|   Total   |   20   |   160  |   162  |
+-----------+--------+--------+--------+
