

================================================================
== Vitis HLS Report for 'RNI_Pipeline_WEIGHTS_LOOP2'
================================================================
* Date:           Wed Jun 26 20:09:47 2024

* Version:        2023.1.1 (Build 3869133 on Jun 15 2023)
* Project:        RNI
* Solution:       solution1 (Vivado IP Flow Target)
* Product family: zynq
* Target device:  xc7z020-clg400-1


================================================================
== Performance Estimates
================================================================
+ Timing: 
    * Summary: 
    +--------+----------+----------+------------+
    |  Clock |  Target  | Estimated| Uncertainty|
    +--------+----------+----------+------------+
    |ap_clk  |  10.00 ns|  6.020 ns|     2.70 ns|
    +--------+----------+----------+------------+

+ Latency: 
    * Summary: 
    +---------+---------+-----------+----------+-----+--------+---------+
    |  Latency (cycles) |  Latency (absolute)  |   Interval   | Pipeline|
    |   min   |   max   |    min    |    max   | min |   max  |   Type  |
    +---------+---------+-----------+----------+-----+--------+---------+
    |        2|   196607|  20.000 ns|  1.966 ms|    2|  196607|       no|
    +---------+---------+-----------+----------+-----+--------+---------+

    + Detail: 
        * Instance: 
        N/A

        * Loop: 
        +----------------+---------+---------+----------+-----------+-----------+-----------+----------+
        |                |  Latency (cycles) | Iteration|  Initiation Interval  |    Trip   |          |
        |    Loop Name   |   min   |   max   |  Latency |  achieved |   target  |   Count   | Pipelined|
        +----------------+---------+---------+----------+-----------+-----------+-----------+----------+
        |- WEIGHTS_LOOP  |        0|   196605|         4|          3|          1|  0 ~ 65535|       yes|
        +----------------+---------+---------+----------+-----------+-----------+-----------+----------+

============================================================
+ Verbose Summary: Synthesis Manager
============================================================
InlineROM: 1
ExposeGlobal: 0
============================================================
+ Verbose Summary: CDFG Model
============================================================
IsTopModel: 0
ResetActiveHigh: 1
IsCombinational: 0
IsDatapathOnly: 0
HasWiredReturn: 1
HasMFsm: 2
HasVarLatency: 1
IsPipeline: 0
IsRtlPipelined: 0
IsInstanceOverlapped: 0
IsDontTouch: 0
HasImplIP: 0
IsGatedGlobalClock: 0

+ Individual pipeline summary: 
  * Pipeline-0: initiation interval (II) = 3, depth = 5


============================================================
+ Verbose Summary: Schedule
============================================================
* Number of FSM states : 5
* Pipeline : 1
  Pipeline-0 : II = 3, D = 5, States = { 1 2 3 4 5 }
* Dataflow Pipeline: 0

* FSM state transitions: 
1 --> 2 
2 --> 3 
3 --> 4 
4 --> 5 
5 --> 

* FSM state operations: 

State 1 <SV = 0> <Delay = 1.58>
ST_1 : Operation 7 [1/1] (0.00ns)   --->   "%weight_index = alloca i32 1"   --->   Operation 7 'alloca' 'weight_index' <Predicate = true> <Delay = 0.00>
ST_1 : Operation 8 [1/1] (0.00ns)   --->   "%trunc_ln7_read = read i9 @_ssdm_op_Read.ap_auto.i9, i9 %trunc_ln7"   --->   Operation 8 'read' 'trunc_ln7_read' <Predicate = true> <Delay = 0.00>
ST_1 : Operation 9 [1/1] (0.00ns)   --->   "%zext_ln122_1_read = read i15 @_ssdm_op_Read.ap_auto.i15, i15 %zext_ln122_1"   --->   Operation 9 'read' 'zext_ln122_1_read' <Predicate = true> <Delay = 0.00>
ST_1 : Operation 10 [1/1] (0.00ns)   --->   "%zext_ln118_read = read i7 @_ssdm_op_Read.ap_auto.i7, i7 %zext_ln118"   --->   Operation 10 'read' 'zext_ln118_read' <Predicate = true> <Delay = 0.00>
ST_1 : Operation 11 [1/1] (0.00ns)   --->   "%zext_ln122_read = read i15 @_ssdm_op_Read.ap_auto.i15, i15 %zext_ln122"   --->   Operation 11 'read' 'zext_ln122_read' <Predicate = true> <Delay = 0.00>
ST_1 : Operation 12 [1/1] (0.00ns)   --->   "%zext_ln122_1_cast = zext i15 %zext_ln122_1_read"   --->   Operation 12 'zext' 'zext_ln122_1_cast' <Predicate = true> <Delay = 0.00>
ST_1 : Operation 13 [1/1] (0.00ns)   --->   "%zext_ln118_cast = sext i7 %zext_ln118_read"   --->   Operation 13 'sext' 'zext_ln118_cast' <Predicate = true> <Delay = 0.00>
ST_1 : Operation 14 [1/1] (0.00ns)   --->   "%zext_ln118_cast_cast = zext i8 %zext_ln118_cast"   --->   Operation 14 'zext' 'zext_ln118_cast_cast' <Predicate = true> <Delay = 0.00>
ST_1 : Operation 15 [1/1] (0.00ns)   --->   "%zext_ln122_cast = zext i15 %zext_ln122_read"   --->   Operation 15 'zext' 'zext_ln122_cast' <Predicate = true> <Delay = 0.00>
ST_1 : Operation 16 [1/1] (1.58ns)   --->   "%store_ln0 = store i64 %zext_ln122_cast, i64 %weight_index"   --->   Operation 16 'store' 'store_ln0' <Predicate = true> <Delay = 1.58>
ST_1 : Operation 17 [1/1] (0.00ns)   --->   "%br_ln0 = br void %for.body31.i323"   --->   Operation 17 'br' 'br_ln0' <Predicate = true> <Delay = 0.00>

State 2 <SV = 1> <Delay = 6.02>
ST_2 : Operation 18 [1/1] (0.00ns)   --->   "%weight_index_4 = load i64 %weight_index" [src/RNI.cpp:124->src/RNI.cpp:47]   --->   Operation 18 'load' 'weight_index_4' <Predicate = true> <Delay = 0.00>
ST_2 : Operation 19 [1/1] (0.00ns)   --->   "%NEURONS_MEMBRANE_addr = getelementptr i16 %NEURONS_MEMBRANE, i64 0, i64 %zext_ln118_cast_cast" [src/RNI.cpp:120->src/RNI.cpp:47]   --->   Operation 19 'getelementptr' 'NEURONS_MEMBRANE_addr' <Predicate = true> <Delay = 0.00>
ST_2 : Operation 20 [1/1] (0.00ns)   --->   "%specpipeline_ln0 = specpipeline void @_ssdm_op_SpecPipeline, i32 4294967295, i32 0, i32 1, i32 0, void @p_str"   --->   Operation 20 'specpipeline' 'specpipeline_ln0' <Predicate = true> <Delay = 0.00>
ST_2 : Operation 21 [1/1] (3.52ns)   --->   "%icmp_ln122 = icmp_slt  i64 %weight_index_4, i64 %zext_ln122_1_cast" [src/RNI.cpp:122->src/RNI.cpp:47]   --->   Operation 21 'icmp' 'icmp_ln122' <Predicate = true> <Delay = 3.52> <CoreInst = "Cmp">   --->   Core 9 'Cmp' <Latency = 0> <II = 1> <Delay = 3.52> <FuncUnit> <Opcode : 'icmp'> <InPorts = 2> <OutPorts = 1>
ST_2 : Operation 22 [1/1] (0.00ns)   --->   "%br_ln122 = br i1 %icmp_ln122, void %for.end.i336.loopexit.exitStub, void %for.body31.i323.split" [src/RNI.cpp:122->src/RNI.cpp:47]   --->   Operation 22 'br' 'br_ln122' <Predicate = true> <Delay = 0.00>
ST_2 : Operation 23 [1/1] (0.00ns)   --->   "%trunc_ln124 = trunc i64 %weight_index_4" [src/RNI.cpp:124->src/RNI.cpp:47]   --->   Operation 23 'trunc' 'trunc_ln124' <Predicate = (icmp_ln122)> <Delay = 0.00>
ST_2 : Operation 24 [1/1] (0.00ns) (grouped into TernaryAdder)   --->   "%add_ln124 = add i9 %trunc_ln124, i9 128" [src/RNI.cpp:124->src/RNI.cpp:47]   --->   Operation 24 'add' 'add_ln124' <Predicate = (icmp_ln122)> <Delay = 0.00> <CoreInst = "TAddSub">   --->   Core 10 'TAddSub' <Latency = 0> <II = 1> <Delay = 1.84> <IPBlock> <Opcode : '<invalid operator> ' 'add' 'sub'> <InPorts = 3> <OutPorts = 1> <Sync> <CReg>
ST_2 : Operation 25 [1/1] (3.69ns) (root node of TernaryAdder)   --->   "%sub_ln124 = sub i9 %add_ln124, i9 %trunc_ln7_read" [src/RNI.cpp:124->src/RNI.cpp:47]   --->   Operation 25 'sub' 'sub_ln124' <Predicate = (icmp_ln122)> <Delay = 3.69> <CoreInst = "TAddSub">   --->   Core 10 'TAddSub' <Latency = 0> <II = 1> <Delay = 1.84> <IPBlock> <Opcode : '<invalid operator> ' 'add' 'sub'> <InPorts = 3> <OutPorts = 1> <Sync> <CReg>
ST_2 : Operation 26 [1/1] (0.00ns)   --->   "%zext_ln124 = zext i9 %sub_ln124" [src/RNI.cpp:124->src/RNI.cpp:47]   --->   Operation 26 'zext' 'zext_ln124' <Predicate = (icmp_ln122)> <Delay = 0.00>
ST_2 : Operation 27 [1/1] (0.00ns)   --->   "%NEURONS_STATE_addr = getelementptr i1 %NEURONS_STATE, i64 0, i64 %zext_ln124" [src/RNI.cpp:124->src/RNI.cpp:47]   --->   Operation 27 'getelementptr' 'NEURONS_STATE_addr' <Predicate = (icmp_ln122)> <Delay = 0.00>
ST_2 : Operation 28 [2/2] (2.32ns)   --->   "%neuron_state = load i9 %NEURONS_STATE_addr" [src/RNI.cpp:124->src/RNI.cpp:47]   --->   Operation 28 'load' 'neuron_state' <Predicate = (icmp_ln122)> <Delay = 2.32> <CoreInst = "RAM">   --->   Core 82 'RAM' <Latency = 1> <II = 1> <Delay = 2.32> <Storage> <Opcode : 'load' 'store'> <Ports = 2> <Width = 1> <Depth = 424> <RAM>
ST_2 : Operation 45 [1/1] (0.00ns)   --->   "%ret_ln0 = ret"   --->   Operation 45 'ret' 'ret_ln0' <Predicate = (!icmp_ln122)> <Delay = 0.00>

State 3 <SV = 2> <Delay = 5.10>
ST_3 : Operation 29 [1/1] (0.00ns)   --->   "%speclooptripcount_ln122 = speclooptripcount void @_ssdm_op_SpecLoopTripCount, i64 0, i64 65535, i64 32767" [src/RNI.cpp:122->src/RNI.cpp:47]   --->   Operation 29 'speclooptripcount' 'speclooptripcount_ln122' <Predicate = (icmp_ln122)> <Delay = 0.00>
ST_3 : Operation 30 [1/1] (0.00ns)   --->   "%specloopname_ln122 = specloopname void @_ssdm_op_SpecLoopName, void @empty_4" [src/RNI.cpp:122->src/RNI.cpp:47]   --->   Operation 30 'specloopname' 'specloopname_ln122' <Predicate = (icmp_ln122)> <Delay = 0.00>
ST_3 : Operation 31 [1/2] (2.32ns)   --->   "%neuron_state = load i9 %NEURONS_STATE_addr" [src/RNI.cpp:124->src/RNI.cpp:47]   --->   Operation 31 'load' 'neuron_state' <Predicate = (icmp_ln122)> <Delay = 2.32> <CoreInst = "RAM">   --->   Core 82 'RAM' <Latency = 1> <II = 1> <Delay = 2.32> <Storage> <Opcode : 'load' 'store'> <Ports = 2> <Width = 1> <Depth = 424> <RAM>
ST_3 : Operation 32 [1/1] (0.00ns)   --->   "%br_ln125 = br i1 %neuron_state, void %for.inc.i333, void %if.then.i330" [src/RNI.cpp:125->src/RNI.cpp:47]   --->   Operation 32 'br' 'br_ln125' <Predicate = (icmp_ln122)> <Delay = 0.00>
ST_3 : Operation 33 [1/1] (0.00ns)   --->   "%WEIGHTS_addr = getelementptr i8 %WEIGHTS, i64 0, i64 %weight_index_4" [src/RNI.cpp:126->src/RNI.cpp:47]   --->   Operation 33 'getelementptr' 'WEIGHTS_addr' <Predicate = (icmp_ln122 & neuron_state)> <Delay = 0.00>
ST_3 : Operation 34 [2/2] (3.25ns)   --->   "%WEIGHTS_load = load i15 %WEIGHTS_addr" [src/RNI.cpp:126->src/RNI.cpp:47]   --->   Operation 34 'load' 'WEIGHTS_load' <Predicate = (icmp_ln122 & neuron_state)> <Delay = 3.25> <CoreInst = "ROM">   --->   Core 95 'ROM' <Latency = 1> <II = 1> <Delay = 3.25> <Storage> <Opcode : 'load'> <Ports = 0> <Width = 8> <Depth = 22528> <ROM>
ST_3 : Operation 35 [2/2] (3.25ns)   --->   "%NEURONS_MEMBRANE_load = load i9 %NEURONS_MEMBRANE_addr" [src/RNI.cpp:126->src/RNI.cpp:47]   --->   Operation 35 'load' 'NEURONS_MEMBRANE_load' <Predicate = (icmp_ln122 & neuron_state)> <Delay = 3.25> <CoreInst = "RAM">   --->   Core 82 'RAM' <Latency = 1> <II = 1> <Delay = 3.25> <Storage> <Opcode : 'load' 'store'> <Ports = 2> <Width = 16> <Depth = 424> <RAM>
ST_3 : Operation 36 [1/1] (3.52ns)   --->   "%add_ln122 = add i64 %weight_index_4, i64 1" [src/RNI.cpp:122->src/RNI.cpp:47]   --->   Operation 36 'add' 'add_ln122' <Predicate = (icmp_ln122)> <Delay = 3.52> <CoreInst = "Adder">   --->   Core 1 'Adder' <Latency = 0> <II = 1> <Delay = 3.52> <FuncUnit> <Opcode : 'add' 'sub'> <InPorts = 2> <OutPorts = 1>
ST_3 : Operation 37 [1/1] (1.58ns)   --->   "%store_ln122 = store i64 %add_ln122, i64 %weight_index" [src/RNI.cpp:122->src/RNI.cpp:47]   --->   Operation 37 'store' 'store_ln122' <Predicate = (icmp_ln122)> <Delay = 1.58>
ST_3 : Operation 38 [1/1] (0.00ns)   --->   "%br_ln122 = br void %for.body31.i323" [src/RNI.cpp:122->src/RNI.cpp:47]   --->   Operation 38 'br' 'br_ln122' <Predicate = (icmp_ln122)> <Delay = 0.00>

State 4 <SV = 3> <Delay = 5.33>
ST_4 : Operation 39 [1/2] (3.25ns)   --->   "%WEIGHTS_load = load i15 %WEIGHTS_addr" [src/RNI.cpp:126->src/RNI.cpp:47]   --->   Operation 39 'load' 'WEIGHTS_load' <Predicate = (icmp_ln122 & neuron_state)> <Delay = 3.25> <CoreInst = "ROM">   --->   Core 95 'ROM' <Latency = 1> <II = 1> <Delay = 3.25> <Storage> <Opcode : 'load'> <Ports = 0> <Width = 8> <Depth = 22528> <ROM>
ST_4 : Operation 40 [1/1] (0.00ns)   --->   "%sext_ln126 = sext i8 %WEIGHTS_load" [src/RNI.cpp:126->src/RNI.cpp:47]   --->   Operation 40 'sext' 'sext_ln126' <Predicate = (icmp_ln122 & neuron_state)> <Delay = 0.00>
ST_4 : Operation 41 [1/2] (3.25ns)   --->   "%NEURONS_MEMBRANE_load = load i9 %NEURONS_MEMBRANE_addr" [src/RNI.cpp:126->src/RNI.cpp:47]   --->   Operation 41 'load' 'NEURONS_MEMBRANE_load' <Predicate = (icmp_ln122 & neuron_state)> <Delay = 3.25> <CoreInst = "RAM">   --->   Core 82 'RAM' <Latency = 1> <II = 1> <Delay = 3.25> <Storage> <Opcode : 'load' 'store'> <Ports = 2> <Width = 16> <Depth = 424> <RAM>
ST_4 : Operation 42 [1/1] (2.07ns)   --->   "%add_ln126 = add i16 %NEURONS_MEMBRANE_load, i16 %sext_ln126" [src/RNI.cpp:126->src/RNI.cpp:47]   --->   Operation 42 'add' 'add_ln126' <Predicate = (icmp_ln122 & neuron_state)> <Delay = 2.07> <CoreInst = "Adder">   --->   Core 1 'Adder' <Latency = 0> <II = 1> <Delay = 2.07> <FuncUnit> <Opcode : 'add' 'sub'> <InPorts = 2> <OutPorts = 1>

State 5 <SV = 4> <Delay = 3.25>
ST_5 : Operation 43 [1/1] (3.25ns)   --->   "%store_ln126 = store i16 %add_ln126, i9 %NEURONS_MEMBRANE_addr" [src/RNI.cpp:126->src/RNI.cpp:47]   --->   Operation 43 'store' 'store_ln126' <Predicate = (neuron_state)> <Delay = 3.25> <CoreInst = "RAM">   --->   Core 82 'RAM' <Latency = 1> <II = 1> <Delay = 3.25> <Storage> <Opcode : 'load' 'store'> <Ports = 2> <Width = 16> <Depth = 424> <RAM>
ST_5 : Operation 44 [1/1] (0.00ns)   --->   "%br_ln126 = br void %for.inc.i333" [src/RNI.cpp:126->src/RNI.cpp:47]   --->   Operation 44 'br' 'br_ln126' <Predicate = (neuron_state)> <Delay = 0.00>


============================================================
+ Verbose Summary: Timing violations
============================================================
Target clock period: 10.000ns, clock uncertainty: 2.700ns.

 <State 1>: 1.588ns
The critical path consists of the following:
	'alloca' operation ('weight_index') [8]  (0.000 ns)
	'store' operation ('store_ln0') of variable 'zext_ln122_cast' on local variable 'weight_index' [17]  (1.588 ns)

 <State 2>: 6.020ns
The critical path consists of the following:
	'load' operation ('weight_index', src/RNI.cpp:124->src/RNI.cpp:47) on local variable 'weight_index' [20]  (0.000 ns)
	'add' operation ('add_ln124', src/RNI.cpp:124->src/RNI.cpp:47) [29]  (0.000 ns)
	'sub' operation ('sub_ln124', src/RNI.cpp:124->src/RNI.cpp:47) [30]  (3.698 ns)
	'getelementptr' operation ('NEURONS_STATE_addr', src/RNI.cpp:124->src/RNI.cpp:47) [32]  (0.000 ns)
	'load' operation ('neuron_state', src/RNI.cpp:124->src/RNI.cpp:47) on array 'NEURONS_STATE' [33]  (2.322 ns)

 <State 3>: 5.108ns
The critical path consists of the following:
	'add' operation ('add_ln122', src/RNI.cpp:122->src/RNI.cpp:47) [44]  (3.520 ns)
	'store' operation ('store_ln122', src/RNI.cpp:122->src/RNI.cpp:47) of variable 'add_ln122', src/RNI.cpp:122->src/RNI.cpp:47 on local variable 'weight_index' [45]  (1.588 ns)

 <State 4>: 5.331ns
The critical path consists of the following:
	'load' operation ('WEIGHTS_load', src/RNI.cpp:126->src/RNI.cpp:47) on array 'WEIGHTS' [37]  (3.254 ns)
	'add' operation ('add_ln126', src/RNI.cpp:126->src/RNI.cpp:47) [40]  (2.077 ns)

 <State 5>: 3.254ns
The critical path consists of the following:
	'store' operation ('store_ln126', src/RNI.cpp:126->src/RNI.cpp:47) of variable 'add_ln126', src/RNI.cpp:126->src/RNI.cpp:47 on array 'NEURONS_MEMBRANE' [41]  (3.254 ns)


============================================================
+ Verbose Summary: Binding
============================================================
N/A
* FSMD analyzer results:
  - Output states:
 - Input state : 
  - Chain level:
	State 1
	State 2
	State 3
	State 4
	State 5


============================================================
+ Verbose Summary: Datapath Resource usage 
============================================================
N/A
