

================================================================
== Vitis HLS Report for 'RNI_func'
================================================================
* Date:           Thu Mar 28 01:32:07 2024

* Version:        2023.1.1 (Build 3869133 on Jun 15 2023)
* Project:        RNI
* Solution:       solution1 (Vivado IP Flow Target)
* Product family: zynq
* Target device:  xc7z020-clg400-1


================================================================
== Performance Estimates
================================================================
+ Timing: 
    * Summary: 
    +--------+----------+----------+------------+
    |  Clock |  Target  | Estimated| Uncertainty|
    +--------+----------+----------+------------+
    |ap_clk  |  10.00 ns|      0 ns|     2.70 ns|
    +--------+----------+----------+------------+

+ Latency: 
    * Summary: 
    +---------+---------+----------+----------+-----+-----+---------+
    |  Latency (cycles) |  Latency (absolute) |  Interval | Pipeline|
    |   min   |   max   |    min   |    max   | min | max |   Type  |
    +---------+---------+----------+----------+-----+-----+---------+
    |        ?|        ?|         ?|         ?|    ?|    ?|       no|
    +---------+---------+----------+----------+-----+-----+---------+

    + Detail: 
        * Instance: 
        N/A

        * Loop: 
        +-------------+---------+---------+----------+-----------+-----------+------+----------+
        |             |  Latency (cycles) | Iteration|  Initiation Interval  | Trip |          |
        |  Loop Name  |   min   |   max   |  Latency |  achieved |   target  | Count| Pipelined|
        +-------------+---------+---------+----------+-----------+-----------+------+----------+
        |- main_loop  |        ?|        ?|         2|          1|          1|     ?|       yes|
        +-------------+---------+---------+----------+-----------+-----------+------+----------+



================================================================
== Utilization Estimates
================================================================
* Summary: 
+-----------------+---------+-----+--------+-------+-----+
|       Name      | BRAM_18K| DSP |   FF   |  LUT  | URAM|
+-----------------+---------+-----+--------+-------+-----+
|DSP              |        -|    -|       -|      -|    -|
|Expression       |        -|    -|       0|      8|    -|
|FIFO             |        -|    -|       -|      -|    -|
|Instance         |        0|    -|      36|     40|    -|
|Memory           |        -|    -|       -|      -|    -|
|Multiplexer      |        -|    -|       -|     36|    -|
|Register         |        -|    -|       4|      -|    -|
+-----------------+---------+-----+--------+-------+-----+
|Total            |        0|    0|      40|     84|    0|
+-----------------+---------+-----+--------+-------+-----+
|Available        |      280|  220|  106400|  53200|    0|
+-----------------+---------+-----+--------+-------+-----+
|Utilization (%)  |        0|    0|      ~0|     ~0|    0|
+-----------------+---------+-----+--------+-------+-----+

+ Detail: 
    * Instance: 
    +-----------------+---------------+---------+----+----+----+-----+
    |     Instance    |     Module    | BRAM_18K| DSP| FF | LUT| URAM|
    +-----------------+---------------+---------+----+----+----+-----+
    |control_s_axi_U  |control_s_axi  |        0|   0|  36|  40|    0|
    +-----------------+---------------+---------+----+----+----+-----+
    |Total            |               |        0|   0|  36|  40|    0|
    +-----------------+---------------+---------+----+----+----+-----+

    * DSP: 
    N/A

    * Memory: 
    N/A

    * FIFO: 
    N/A

    * Expression: 
    +----------------------------------+----------+----+---+----+------------+------------+
    |           Variable Name          | Operation| DSP| FF| LUT| Bitwidth P0| Bitwidth P1|
    +----------------------------------+----------+----+---+----+------------+------------+
    |ap_block_pp0_stage0_01001         |        or|   0|  0|   2|           1|           1|
    |ap_block_state1_pp0_stage0_iter0  |        or|   0|  0|   2|           1|           1|
    |ap_block_state2_pp0_stage0_iter1  |        or|   0|  0|   2|           1|           1|
    |ap_enable_pp0                     |       xor|   0|  0|   2|           1|           2|
    +----------------------------------+----------+----+---+----+------------+------------+
    |Total                             |          |   0|  0|   8|           4|           5|
    +----------------------------------+----------+----+---+----+------------+------------+

    * Multiplexer: 
    +----------------------------------+----+-----------+-----+-----------+
    |               Name               | LUT| Input Size| Bits| Total Bits|
    +----------------------------------+----+-----------+-----+-----------+
    |ap_done_int                       |   9|          2|    1|          2|
    |ap_loop_exit_ready_pp0_iter1_reg  |   9|          2|    1|          2|
    |input_stream_TDATA_blk_n          |   9|          2|    1|          2|
    |output_stream_TDATA_blk_n         |   9|          2|    1|          2|
    +----------------------------------+----+-----------+-----+-----------+
    |Total                             |  36|          8|    4|          8|
    +----------------------------------+----+-----------+-----+-----------+

    * Register: 
    +----------------------------------+---+----+-----+-----------+
    |               Name               | FF| LUT| Bits| Const Bits|
    +----------------------------------+---+----+-----+-----------+
    |ap_CS_fsm                         |  1|   0|    1|          0|
    |ap_done_reg                       |  1|   0|    1|          0|
    |ap_enable_reg_pp0_iter1           |  1|   0|    1|          0|
    |ap_loop_exit_ready_pp0_iter1_reg  |  1|   0|    1|          0|
    +----------------------------------+---+----+-----+-----------+
    |Total                             |  4|   0|    4|          0|
    +----------------------------------+---+----+-----+-----------+



================================================================
== Interface
================================================================
* Summary: 
+-----------------------+-----+-----+------------+------------------------+--------------+
|       RTL Ports       | Dir | Bits|  Protocol  |      Source Object     |    C Type    |
+-----------------------+-----+-----+------------+------------------------+--------------+
|s_axi_control_AWVALID  |   in|    1|       s_axi|                 control|   return void|
|s_axi_control_AWREADY  |  out|    1|       s_axi|                 control|   return void|
|s_axi_control_AWADDR   |   in|    4|       s_axi|                 control|   return void|
|s_axi_control_WVALID   |   in|    1|       s_axi|                 control|   return void|
|s_axi_control_WREADY   |  out|    1|       s_axi|                 control|   return void|
|s_axi_control_WDATA    |   in|   32|       s_axi|                 control|   return void|
|s_axi_control_WSTRB    |   in|    4|       s_axi|                 control|   return void|
|s_axi_control_ARVALID  |   in|    1|       s_axi|                 control|   return void|
|s_axi_control_ARREADY  |  out|    1|       s_axi|                 control|   return void|
|s_axi_control_ARADDR   |   in|    4|       s_axi|                 control|   return void|
|s_axi_control_RVALID   |  out|    1|       s_axi|                 control|   return void|
|s_axi_control_RREADY   |   in|    1|       s_axi|                 control|   return void|
|s_axi_control_RDATA    |  out|   32|       s_axi|                 control|   return void|
|s_axi_control_RRESP    |  out|    2|       s_axi|                 control|   return void|
|s_axi_control_BVALID   |  out|    1|       s_axi|                 control|   return void|
|s_axi_control_BREADY   |   in|    1|       s_axi|                 control|   return void|
|s_axi_control_BRESP    |  out|    2|       s_axi|                 control|   return void|
|ap_clk                 |   in|    1|  ap_ctrl_hs|                RNI_func|  return value|
|ap_rst_n               |   in|    1|  ap_ctrl_hs|                RNI_func|  return value|
|interrupt              |  out|    1|  ap_ctrl_hs|                RNI_func|  return value|
|input_stream_TVALID    |   in|    1|        axis|   input_stream_V_dest_V|       pointer|
|input_stream_TREADY    |  out|    1|        axis|   input_stream_V_dest_V|       pointer|
|input_stream_TDEST     |   in|    6|        axis|   input_stream_V_dest_V|       pointer|
|output_stream_TREADY   |   in|    1|        axis|  output_stream_V_dest_V|       pointer|
|output_stream_TVALID   |  out|    1|        axis|  output_stream_V_dest_V|       pointer|
|output_stream_TDEST    |  out|    6|        axis|  output_stream_V_dest_V|       pointer|
|input_stream_TDATA     |   in|   32|        axis|   input_stream_V_data_V|       pointer|
|input_stream_TKEEP     |   in|    4|        axis|   input_stream_V_keep_V|       pointer|
|input_stream_TSTRB     |   in|    4|        axis|   input_stream_V_strb_V|       pointer|
|input_stream_TUSER     |   in|    2|        axis|   input_stream_V_user_V|       pointer|
|input_stream_TLAST     |   in|    1|        axis|   input_stream_V_last_V|       pointer|
|input_stream_TID       |   in|    5|        axis|     input_stream_V_id_V|       pointer|
|output_stream_TDATA    |  out|   32|        axis|  output_stream_V_data_V|       pointer|
|output_stream_TKEEP    |  out|    4|        axis|  output_stream_V_keep_V|       pointer|
|output_stream_TSTRB    |  out|    4|        axis|  output_stream_V_strb_V|       pointer|
|output_stream_TUSER    |  out|    2|        axis|  output_stream_V_user_V|       pointer|
|output_stream_TLAST    |  out|    1|        axis|  output_stream_V_last_V|       pointer|
|output_stream_TID      |  out|    5|        axis|    output_stream_V_id_V|       pointer|
+-----------------------+-----+-----+------------+------------------------+--------------+

============================================================
+ Verbose Summary: Synthesis Manager
============================================================
InlineROM: 1
ExposeGlobal: 0
============================================================
+ Verbose Summary: CDFG Model
============================================================
IsTopModel: 1
ResetActiveHigh: 1
IsCombinational: 2
IsDatapathOnly: 2
HasWiredReturn: 1
HasMFsm: 2
HasVarLatency: 1
IsPipeline: 0
IsRtlPipelined: 0
IsInstanceOverlapped: 0
IsDontTouch: 0
HasImplIP: 0
IsGatedGlobalClock: 0

+ Individual pipeline summary: 
  * Pipeline-0: initiation interval (II) = 1, depth = 2


============================================================
+ Verbose Summary: Schedule
============================================================
* Number of FSM states : 2
* Pipeline : 1
  Pipeline-0 : II = 1, D = 2, States = { 1 2 }
* Dataflow Pipeline: 0

* FSM state transitions: 
1 --> 2 
2 --> 

* FSM state operations: 

State 1 <SV = 0> <Delay = 0.00>
ST_1 : Operation 5 [1/1] (0.00ns)   --->   "%spectopmodule_ln13 = spectopmodule void @_ssdm_op_SpecTopModule, void @empty_6" [src/RNI.cpp:13]   --->   Operation 5 'spectopmodule' 'spectopmodule_ln13' <Predicate = true> <Delay = 0.00>
ST_1 : Operation 6 [1/1] (0.00ns)   --->   "%specinterface_ln0 = specinterface void @_ssdm_op_SpecInterface, i32 %input_stream_V_data_V, i4 %input_stream_V_keep_V, i4 %input_stream_V_strb_V, i2 %input_stream_V_user_V, i1 %input_stream_V_last_V, i5 %input_stream_V_id_V, i6 %input_stream_V_dest_V, void @empty, i32 1, i32 1, void @empty_0, i32 0, i32 0, void @empty_1, void @empty_1, void @empty_1, i32 0, i32 0, i32 0, i32 0, void @empty_1, void @empty_1, i32 4294967295, i32 0"   --->   Operation 6 'specinterface' 'specinterface_ln0' <Predicate = true> <Delay = 0.00>
ST_1 : Operation 7 [1/1] (0.00ns)   --->   "%specbitsmap_ln0 = specbitsmap void @_ssdm_op_SpecBitsMap, i32 %input_stream_V_data_V"   --->   Operation 7 'specbitsmap' 'specbitsmap_ln0' <Predicate = true> <Delay = 0.00>
ST_1 : Operation 8 [1/1] (0.00ns)   --->   "%specbitsmap_ln0 = specbitsmap void @_ssdm_op_SpecBitsMap, i4 %input_stream_V_keep_V"   --->   Operation 8 'specbitsmap' 'specbitsmap_ln0' <Predicate = true> <Delay = 0.00>
ST_1 : Operation 9 [1/1] (0.00ns)   --->   "%specbitsmap_ln0 = specbitsmap void @_ssdm_op_SpecBitsMap, i4 %input_stream_V_strb_V"   --->   Operation 9 'specbitsmap' 'specbitsmap_ln0' <Predicate = true> <Delay = 0.00>
ST_1 : Operation 10 [1/1] (0.00ns)   --->   "%specbitsmap_ln0 = specbitsmap void @_ssdm_op_SpecBitsMap, i2 %input_stream_V_user_V"   --->   Operation 10 'specbitsmap' 'specbitsmap_ln0' <Predicate = true> <Delay = 0.00>
ST_1 : Operation 11 [1/1] (0.00ns)   --->   "%specbitsmap_ln0 = specbitsmap void @_ssdm_op_SpecBitsMap, i1 %input_stream_V_last_V"   --->   Operation 11 'specbitsmap' 'specbitsmap_ln0' <Predicate = true> <Delay = 0.00>
ST_1 : Operation 12 [1/1] (0.00ns)   --->   "%specbitsmap_ln0 = specbitsmap void @_ssdm_op_SpecBitsMap, i5 %input_stream_V_id_V"   --->   Operation 12 'specbitsmap' 'specbitsmap_ln0' <Predicate = true> <Delay = 0.00>
ST_1 : Operation 13 [1/1] (0.00ns)   --->   "%specbitsmap_ln0 = specbitsmap void @_ssdm_op_SpecBitsMap, i6 %input_stream_V_dest_V"   --->   Operation 13 'specbitsmap' 'specbitsmap_ln0' <Predicate = true> <Delay = 0.00>
ST_1 : Operation 14 [1/1] (0.00ns)   --->   "%specinterface_ln0 = specinterface void @_ssdm_op_SpecInterface, i32 %output_stream_V_data_V, i4 %output_stream_V_keep_V, i4 %output_stream_V_strb_V, i2 %output_stream_V_user_V, i1 %output_stream_V_last_V, i5 %output_stream_V_id_V, i6 %output_stream_V_dest_V, void @empty, i32 1, i32 1, void @empty_0, i32 0, i32 0, void @empty_1, void @empty_1, void @empty_1, i32 0, i32 0, i32 0, i32 0, void @empty_1, void @empty_1, i32 4294967295, i32 0"   --->   Operation 14 'specinterface' 'specinterface_ln0' <Predicate = true> <Delay = 0.00>
ST_1 : Operation 15 [1/1] (0.00ns)   --->   "%specbitsmap_ln0 = specbitsmap void @_ssdm_op_SpecBitsMap, i32 %output_stream_V_data_V"   --->   Operation 15 'specbitsmap' 'specbitsmap_ln0' <Predicate = true> <Delay = 0.00>
ST_1 : Operation 16 [1/1] (0.00ns)   --->   "%specbitsmap_ln0 = specbitsmap void @_ssdm_op_SpecBitsMap, i4 %output_stream_V_keep_V"   --->   Operation 16 'specbitsmap' 'specbitsmap_ln0' <Predicate = true> <Delay = 0.00>
ST_1 : Operation 17 [1/1] (0.00ns)   --->   "%specbitsmap_ln0 = specbitsmap void @_ssdm_op_SpecBitsMap, i4 %output_stream_V_strb_V"   --->   Operation 17 'specbitsmap' 'specbitsmap_ln0' <Predicate = true> <Delay = 0.00>
ST_1 : Operation 18 [1/1] (0.00ns)   --->   "%specbitsmap_ln0 = specbitsmap void @_ssdm_op_SpecBitsMap, i2 %output_stream_V_user_V"   --->   Operation 18 'specbitsmap' 'specbitsmap_ln0' <Predicate = true> <Delay = 0.00>
ST_1 : Operation 19 [1/1] (0.00ns)   --->   "%specbitsmap_ln0 = specbitsmap void @_ssdm_op_SpecBitsMap, i1 %output_stream_V_last_V"   --->   Operation 19 'specbitsmap' 'specbitsmap_ln0' <Predicate = true> <Delay = 0.00>
ST_1 : Operation 20 [1/1] (0.00ns)   --->   "%specbitsmap_ln0 = specbitsmap void @_ssdm_op_SpecBitsMap, i5 %output_stream_V_id_V"   --->   Operation 20 'specbitsmap' 'specbitsmap_ln0' <Predicate = true> <Delay = 0.00>
ST_1 : Operation 21 [1/1] (0.00ns)   --->   "%specbitsmap_ln0 = specbitsmap void @_ssdm_op_SpecBitsMap, i6 %output_stream_V_dest_V"   --->   Operation 21 'specbitsmap' 'specbitsmap_ln0' <Predicate = true> <Delay = 0.00>
ST_1 : Operation 22 [1/1] (0.00ns)   --->   "%specinterface_ln0 = specinterface void @_ssdm_op_SpecInterface, i32 0, void @empty_2, i32 0, i32 0, void @empty_1, i32 0, i32 0, void @empty_3, void @empty_1, void @empty_1, i32 0, i32 0, i32 0, i32 0, void @empty_1, void @empty_1, i32 4294967295, i32 0"   --->   Operation 22 'specinterface' 'specinterface_ln0' <Predicate = true> <Delay = 0.00>
ST_1 : Operation 23 [1/1] (0.00ns)   --->   "%specaxissidechannel_ln23 = specaxissidechannel void @_ssdm_op_SpecAXISSideChannel, i32 %output_stream_V_data_V, i4 %output_stream_V_keep_V, i4 %output_stream_V_strb_V, i2 %output_stream_V_user_V, i1 %output_stream_V_last_V, i5 %output_stream_V_id_V, i6 %output_stream_V_dest_V, void @empty_4" [src/RNI.cpp:23]   --->   Operation 23 'specaxissidechannel' 'specaxissidechannel_ln23' <Predicate = true> <Delay = 0.00>
ST_1 : Operation 24 [1/1] (0.00ns)   --->   "%specaxissidechannel_ln23 = specaxissidechannel void @_ssdm_op_SpecAXISSideChannel, i32 %input_stream_V_data_V, i4 %input_stream_V_keep_V, i4 %input_stream_V_strb_V, i2 %input_stream_V_user_V, i1 %input_stream_V_last_V, i5 %input_stream_V_id_V, i6 %input_stream_V_dest_V, void @empty_5" [src/RNI.cpp:23]   --->   Operation 24 'specaxissidechannel' 'specaxissidechannel_ln23' <Predicate = true> <Delay = 0.00>
ST_1 : Operation 25 [1/1] (0.00ns)   --->   "%br_ln23 = br void %arrayinit.end" [src/RNI.cpp:23]   --->   Operation 25 'br' 'br_ln23' <Predicate = true> <Delay = 0.00>
ST_1 : Operation 26 [1/1] (0.00ns)   --->   "%empty = read i54 @_ssdm_op_Read.axis.volatile.i32P0A.i4P0A.i4P0A.i2P0A.i1P0A.i5P0A.i6P0A, i32 %input_stream_V_data_V, i4 %input_stream_V_keep_V, i4 %input_stream_V_strb_V, i2 %input_stream_V_user_V, i1 %input_stream_V_last_V, i5 %input_stream_V_id_V, i6 %input_stream_V_dest_V" [src/RNI.cpp:26]   --->   Operation 26 'read' 'empty' <Predicate = true> <Delay = 0.00> <CoreInst = "axis">   --->   Core 115 'axis' <Latency = 0> <II = 1> <Delay = 1.00> <Adapter> <Opcode : >
ST_1 : Operation 27 [1/1] (0.00ns)   --->   "%input_buffer_data = extractvalue i54 %empty" [src/RNI.cpp:26]   --->   Operation 27 'extractvalue' 'input_buffer_data' <Predicate = true> <Delay = 0.00>
ST_1 : Operation 28 [1/1] (0.00ns)   --->   "%input_buffer_keep = extractvalue i54 %empty" [src/RNI.cpp:26]   --->   Operation 28 'extractvalue' 'input_buffer_keep' <Predicate = true> <Delay = 0.00>
ST_1 : Operation 29 [1/1] (0.00ns)   --->   "%input_buffer_strb = extractvalue i54 %empty" [src/RNI.cpp:26]   --->   Operation 29 'extractvalue' 'input_buffer_strb' <Predicate = true> <Delay = 0.00>
ST_1 : Operation 30 [1/1] (0.00ns)   --->   "%input_buffer_user = extractvalue i54 %empty" [src/RNI.cpp:26]   --->   Operation 30 'extractvalue' 'input_buffer_user' <Predicate = true> <Delay = 0.00>
ST_1 : Operation 31 [1/1] (0.00ns)   --->   "%input_buffer_last = extractvalue i54 %empty" [src/RNI.cpp:26]   --->   Operation 31 'extractvalue' 'input_buffer_last' <Predicate = true> <Delay = 0.00>
ST_1 : Operation 32 [1/1] (0.00ns)   --->   "%input_buffer_id = extractvalue i54 %empty" [src/RNI.cpp:26]   --->   Operation 32 'extractvalue' 'input_buffer_id' <Predicate = true> <Delay = 0.00>
ST_1 : Operation 33 [1/1] (0.00ns)   --->   "%input_buffer_dest = extractvalue i54 %empty" [src/RNI.cpp:26]   --->   Operation 33 'extractvalue' 'input_buffer_dest' <Predicate = true> <Delay = 0.00>
ST_1 : Operation 34 [2/2] (0.00ns)   --->   "%write_ln43 = write void @_ssdm_op_Write.axis.volatile.i32P0A.i4P0A.i4P0A.i2P0A.i1P0A.i5P0A.i6P0A, i32 %output_stream_V_data_V, i4 %output_stream_V_keep_V, i4 %output_stream_V_strb_V, i2 %output_stream_V_user_V, i1 %output_stream_V_last_V, i5 %output_stream_V_id_V, i6 %output_stream_V_dest_V, i32 %input_buffer_data, i4 %input_buffer_keep, i4 %input_buffer_strb, i2 %input_buffer_user, i1 %input_buffer_last, i5 %input_buffer_id, i6 %input_buffer_dest" [src/RNI.cpp:43]   --->   Operation 34 'write' 'write_ln43' <Predicate = true> <Delay = 0.00> <CoreInst = "axis">   --->   Core 115 'axis' <Latency = 0> <II = 1> <Delay = 1.00> <Adapter> <Opcode : >
ST_1 : Operation 35 [1/1] (0.00ns)   --->   "%br_ln26 = br i1 %input_buffer_last, void %cleanup.cont, void %while.end" [src/RNI.cpp:26]   --->   Operation 35 'br' 'br_ln26' <Predicate = true> <Delay = 0.00>
ST_1 : Operation 36 [1/1] (0.00ns)   --->   "%specloopname_ln23 = specloopname void @_ssdm_op_SpecLoopName, void @empty_7" [src/RNI.cpp:23]   --->   Operation 36 'specloopname' 'specloopname_ln23' <Predicate = (!input_buffer_last)> <Delay = 0.00>
ST_1 : Operation 37 [1/1] (0.00ns)   --->   "%br_ln23 = br void %arrayinit.end" [src/RNI.cpp:23]   --->   Operation 37 'br' 'br_ln23' <Predicate = (!input_buffer_last)> <Delay = 0.00>

State 2 <SV = 1> <Delay = 0.00>
ST_2 : Operation 38 [1/1] (0.00ns)   --->   "%specpipeline_ln0 = specpipeline void @_ssdm_op_SpecPipeline, i32 4294967295, i32 0, i32 1, i32 0, void @p_str"   --->   Operation 38 'specpipeline' 'specpipeline_ln0' <Predicate = true> <Delay = 0.00>
ST_2 : Operation 39 [1/2] (0.00ns)   --->   "%write_ln43 = write void @_ssdm_op_Write.axis.volatile.i32P0A.i4P0A.i4P0A.i2P0A.i1P0A.i5P0A.i6P0A, i32 %output_stream_V_data_V, i4 %output_stream_V_keep_V, i4 %output_stream_V_strb_V, i2 %output_stream_V_user_V, i1 %output_stream_V_last_V, i5 %output_stream_V_id_V, i6 %output_stream_V_dest_V, i32 %input_buffer_data, i4 %input_buffer_keep, i4 %input_buffer_strb, i2 %input_buffer_user, i1 %input_buffer_last, i5 %input_buffer_id, i6 %input_buffer_dest" [src/RNI.cpp:43]   --->   Operation 39 'write' 'write_ln43' <Predicate = true> <Delay = 0.00> <CoreInst = "axis">   --->   Core 115 'axis' <Latency = 0> <II = 1> <Delay = 1.00> <Adapter> <Opcode : >
ST_2 : Operation 40 [1/1] (0.00ns)   --->   "%ret_ln48 = ret" [src/RNI.cpp:48]   --->   Operation 40 'ret' 'ret_ln48' <Predicate = (input_buffer_last)> <Delay = 0.00>


============================================================
+ Verbose Summary: Binding
============================================================
STG Binding: 
---------------- STG Properties BEGIN ----------------
- Is combinational: 0
- Is one-state seq: 0
- Is datapath-only: 0
- Is pipelined: 0
- Is top level: 1
Port [ Return ] is wired: 1; IO mode=ap_ctrl_hs:ce=0
Port [ input_stream_V_data_V]:  wired=1; compound=1; hidden=0; nouse=0; global=0; static=0; extern=0; dir=0; type=0; pingpong=0; private_global=0; IO mode=axis:ce=0
Port [ input_stream_V_keep_V]:  wired=1; compound=1; hidden=0; nouse=0; global=0; static=0; extern=0; dir=0; type=0; pingpong=0; private_global=0; IO mode=axis:ce=0
Port [ input_stream_V_strb_V]:  wired=1; compound=1; hidden=0; nouse=0; global=0; static=0; extern=0; dir=0; type=0; pingpong=0; private_global=0; IO mode=axis:ce=0
Port [ input_stream_V_user_V]:  wired=1; compound=1; hidden=0; nouse=0; global=0; static=0; extern=0; dir=0; type=0; pingpong=0; private_global=0; IO mode=axis:ce=0
Port [ input_stream_V_last_V]:  wired=1; compound=1; hidden=0; nouse=0; global=0; static=0; extern=0; dir=0; type=0; pingpong=0; private_global=0; IO mode=axis:ce=0
Port [ input_stream_V_id_V]:  wired=1; compound=1; hidden=0; nouse=0; global=0; static=0; extern=0; dir=0; type=0; pingpong=0; private_global=0; IO mode=axis:ce=0
Port [ input_stream_V_dest_V]:  wired=1; compound=1; hidden=0; nouse=0; global=0; static=0; extern=0; dir=0; type=0; pingpong=0; private_global=0; IO mode=axis:ce=0
Port [ output_stream_V_data_V]:  wired=1; compound=1; hidden=0; nouse=0; global=0; static=0; extern=0; dir=1; type=0; pingpong=0; private_global=0; IO mode=axis:ce=0
Port [ output_stream_V_keep_V]:  wired=1; compound=1; hidden=0; nouse=0; global=0; static=0; extern=0; dir=1; type=0; pingpong=0; private_global=0; IO mode=axis:ce=0
Port [ output_stream_V_strb_V]:  wired=1; compound=1; hidden=0; nouse=0; global=0; static=0; extern=0; dir=1; type=0; pingpong=0; private_global=0; IO mode=axis:ce=0
Port [ output_stream_V_user_V]:  wired=1; compound=1; hidden=0; nouse=0; global=0; static=0; extern=0; dir=1; type=0; pingpong=0; private_global=0; IO mode=axis:ce=0
Port [ output_stream_V_last_V]:  wired=1; compound=1; hidden=0; nouse=0; global=0; static=0; extern=0; dir=1; type=0; pingpong=0; private_global=0; IO mode=axis:ce=0
Port [ output_stream_V_id_V]:  wired=1; compound=1; hidden=0; nouse=0; global=0; static=0; extern=0; dir=1; type=0; pingpong=0; private_global=0; IO mode=axis:ce=0
Port [ output_stream_V_dest_V]:  wired=1; compound=1; hidden=0; nouse=0; global=0; static=0; extern=0; dir=1; type=0; pingpong=0; private_global=0; IO mode=axis:ce=0
---------------- STG Properties END ------------------

---------------- Datapath Model BEGIN ----------------

<LifeTime>
<method=bitvector/>
spectopmodule_ln13       (spectopmodule      ) [ 000]
specinterface_ln0        (specinterface      ) [ 000]
specbitsmap_ln0          (specbitsmap        ) [ 000]
specbitsmap_ln0          (specbitsmap        ) [ 000]
specbitsmap_ln0          (specbitsmap        ) [ 000]
specbitsmap_ln0          (specbitsmap        ) [ 000]
specbitsmap_ln0          (specbitsmap        ) [ 000]
specbitsmap_ln0          (specbitsmap        ) [ 000]
specbitsmap_ln0          (specbitsmap        ) [ 000]
specinterface_ln0        (specinterface      ) [ 000]
specbitsmap_ln0          (specbitsmap        ) [ 000]
specbitsmap_ln0          (specbitsmap        ) [ 000]
specbitsmap_ln0          (specbitsmap        ) [ 000]
specbitsmap_ln0          (specbitsmap        ) [ 000]
specbitsmap_ln0          (specbitsmap        ) [ 000]
specbitsmap_ln0          (specbitsmap        ) [ 000]
specbitsmap_ln0          (specbitsmap        ) [ 000]
specinterface_ln0        (specinterface      ) [ 000]
specaxissidechannel_ln23 (specaxissidechannel) [ 000]
specaxissidechannel_ln23 (specaxissidechannel) [ 000]
br_ln23                  (br                 ) [ 000]
empty                    (read               ) [ 000]
input_buffer_data        (extractvalue       ) [ 011]
input_buffer_keep        (extractvalue       ) [ 011]
input_buffer_strb        (extractvalue       ) [ 011]
input_buffer_user        (extractvalue       ) [ 011]
input_buffer_last        (extractvalue       ) [ 011]
input_buffer_id          (extractvalue       ) [ 011]
input_buffer_dest        (extractvalue       ) [ 011]
br_ln26                  (br                 ) [ 000]
specloopname_ln23        (specloopname       ) [ 000]
br_ln23                  (br                 ) [ 000]
specpipeline_ln0         (specpipeline       ) [ 000]
write_ln43               (write              ) [ 000]
ret_ln48                 (ret                ) [ 000]
</LifeTime>

<model>

<comp_list>
<comp id="0" class="1000" name="input_stream_V_data_V">
<pin_list>
<pin id="1" dir="1" index="0" bw="1" slack="0"/>
</pin_list>
<bind>
<StgValue><ssdm name="input_stream_V_data_V"/></StgValue>
</bind>
</comp>

<comp id="2" class="1000" name="input_stream_V_keep_V">
<pin_list>
<pin id="3" dir="1" index="0" bw="1" slack="0"/>
</pin_list>
<bind>
<StgValue><ssdm name="input_stream_V_keep_V"/></StgValue>
</bind>
</comp>

<comp id="4" class="1000" name="input_stream_V_strb_V">
<pin_list>
<pin id="5" dir="1" index="0" bw="1" slack="0"/>
</pin_list>
<bind>
<StgValue><ssdm name="input_stream_V_strb_V"/></StgValue>
</bind>
</comp>

<comp id="6" class="1000" name="input_stream_V_user_V">
<pin_list>
<pin id="7" dir="1" index="0" bw="1" slack="0"/>
</pin_list>
<bind>
<StgValue><ssdm name="input_stream_V_user_V"/></StgValue>
</bind>
</comp>

<comp id="8" class="1000" name="input_stream_V_last_V">
<pin_list>
<pin id="9" dir="1" index="0" bw="1" slack="0"/>
</pin_list>
<bind>
<StgValue><ssdm name="input_stream_V_last_V"/></StgValue>
</bind>
</comp>

<comp id="10" class="1000" name="input_stream_V_id_V">
<pin_list>
<pin id="11" dir="1" index="0" bw="1" slack="0"/>
</pin_list>
<bind>
<StgValue><ssdm name="input_stream_V_id_V"/></StgValue>
</bind>
</comp>

<comp id="12" class="1000" name="input_stream_V_dest_V">
<pin_list>
<pin id="13" dir="1" index="0" bw="1" slack="0"/>
</pin_list>
<bind>
<StgValue><ssdm name="input_stream_V_dest_V"/></StgValue>
</bind>
</comp>

<comp id="14" class="1000" name="output_stream_V_data_V">
<pin_list>
<pin id="15" dir="1" index="0" bw="1" slack="0"/>
</pin_list>
<bind>
<StgValue><ssdm name="output_stream_V_data_V"/></StgValue>
</bind>
</comp>

<comp id="16" class="1000" name="output_stream_V_keep_V">
<pin_list>
<pin id="17" dir="1" index="0" bw="1" slack="0"/>
</pin_list>
<bind>
<StgValue><ssdm name="output_stream_V_keep_V"/></StgValue>
</bind>
</comp>

<comp id="18" class="1000" name="output_stream_V_strb_V">
<pin_list>
<pin id="19" dir="1" index="0" bw="1" slack="0"/>
</pin_list>
<bind>
<StgValue><ssdm name="output_stream_V_strb_V"/></StgValue>
</bind>
</comp>

<comp id="20" class="1000" name="output_stream_V_user_V">
<pin_list>
<pin id="21" dir="1" index="0" bw="1" slack="0"/>
</pin_list>
<bind>
<StgValue><ssdm name="output_stream_V_user_V"/></StgValue>
</bind>
</comp>

<comp id="22" class="1000" name="output_stream_V_last_V">
<pin_list>
<pin id="23" dir="1" index="0" bw="1" slack="0"/>
</pin_list>
<bind>
<StgValue><ssdm name="output_stream_V_last_V"/></StgValue>
</bind>
</comp>

<comp id="24" class="1000" name="output_stream_V_id_V">
<pin_list>
<pin id="25" dir="1" index="0" bw="1" slack="0"/>
</pin_list>
<bind>
<StgValue><ssdm name="output_stream_V_id_V"/></StgValue>
</bind>
</comp>

<comp id="26" class="1000" name="output_stream_V_dest_V">
<pin_list>
<pin id="27" dir="1" index="0" bw="1" slack="0"/>
</pin_list>
<bind>
<StgValue><ssdm name="output_stream_V_dest_V"/></StgValue>
</bind>
</comp>

<comp id="28" class="1001" name="const_28">
<pin_list>
<pin id="29" dir="1" index="0" bw="1" slack="2147483647"/>
</pin_list>
<bind>
<StgValue><ssdm name="_ssdm_op_SpecTopModule"/></StgValue>
</bind>
</comp>

<comp id="30" class="1001" name="const_30">
<pin_list>
<pin id="31" dir="1" index="0" bw="1" slack="2147483647"/>
</pin_list>
<bind>
<StgValue><ssdm name="empty_6"/></StgValue>
</bind>
</comp>

<comp id="32" class="1001" name="const_32">
<pin_list>
<pin id="33" dir="1" index="0" bw="1" slack="2147483647"/>
</pin_list>
<bind>
<StgValue><ssdm name="_ssdm_op_SpecInterface"/></StgValue>
</bind>
</comp>

<comp id="34" class="1001" name="const_34">
<pin_list>
<pin id="35" dir="1" index="0" bw="1" slack="2147483647"/>
</pin_list>
<bind>
<StgValue><ssdm name="empty"/></StgValue>
</bind>
</comp>

<comp id="36" class="1001" name="const_36">
<pin_list>
<pin id="37" dir="1" index="0" bw="1" slack="2147483647"/>
</pin_list>
<bind>
<StgValue><ssdm name=""/></StgValue>
</bind>
</comp>

<comp id="38" class="1001" name="const_38">
<pin_list>
<pin id="39" dir="1" index="0" bw="1" slack="2147483647"/>
</pin_list>
<bind>
<StgValue><ssdm name="empty_0"/></StgValue>
</bind>
</comp>

<comp id="40" class="1001" name="const_40">
<pin_list>
<pin id="41" dir="1" index="0" bw="1" slack="2147483647"/>
</pin_list>
<bind>
<StgValue><ssdm name=""/></StgValue>
</bind>
</comp>

<comp id="42" class="1001" name="const_42">
<pin_list>
<pin id="43" dir="1" index="0" bw="1" slack="2147483647"/>
</pin_list>
<bind>
<StgValue><ssdm name="empty_1"/></StgValue>
</bind>
</comp>

<comp id="44" class="1001" name="const_44">
<pin_list>
<pin id="45" dir="1" index="0" bw="1" slack="2147483647"/>
</pin_list>
<bind>
<StgValue><ssdm name=""/></StgValue>
</bind>
</comp>

<comp id="46" class="1001" name="const_46">
<pin_list>
<pin id="47" dir="1" index="0" bw="1" slack="2147483647"/>
</pin_list>
<bind>
<StgValue><ssdm name="_ssdm_op_SpecBitsMap"/></StgValue>
</bind>
</comp>

<comp id="48" class="1001" name="const_48">
<pin_list>
<pin id="49" dir="1" index="0" bw="1" slack="2147483647"/>
</pin_list>
<bind>
<StgValue><ssdm name="empty_2"/></StgValue>
</bind>
</comp>

<comp id="50" class="1001" name="const_50">
<pin_list>
<pin id="51" dir="1" index="0" bw="1" slack="2147483647"/>
</pin_list>
<bind>
<StgValue><ssdm name="empty_3"/></StgValue>
</bind>
</comp>

<comp id="52" class="1001" name="const_52">
<pin_list>
<pin id="53" dir="1" index="0" bw="1" slack="2147483647"/>
</pin_list>
<bind>
<StgValue><ssdm name="_ssdm_op_SpecAXISSideChannel"/></StgValue>
</bind>
</comp>

<comp id="54" class="1001" name="const_54">
<pin_list>
<pin id="55" dir="1" index="0" bw="1" slack="2147483647"/>
</pin_list>
<bind>
<StgValue><ssdm name="empty_4"/></StgValue>
</bind>
</comp>

<comp id="56" class="1001" name="const_56">
<pin_list>
<pin id="57" dir="1" index="0" bw="1" slack="2147483647"/>
</pin_list>
<bind>
<StgValue><ssdm name="empty_5"/></StgValue>
</bind>
</comp>

<comp id="58" class="1001" name="const_58">
<pin_list>
<pin id="59" dir="1" index="0" bw="1" slack="0"/>
</pin_list>
<bind>
<StgValue><ssdm name="_ssdm_op_Read.axis.volatile.i32P0A.i4P0A.i4P0A.i2P0A.i1P0A.i5P0A.i6P0A"/></StgValue>
</bind>
</comp>

<comp id="60" class="1001" name="const_60">
<pin_list>
<pin id="61" dir="1" index="0" bw="1" slack="0"/>
</pin_list>
<bind>
<StgValue><ssdm name="_ssdm_op_Write.axis.volatile.i32P0A.i4P0A.i4P0A.i2P0A.i1P0A.i5P0A.i6P0A"/></StgValue>
</bind>
</comp>

<comp id="62" class="1001" name="const_62">
<pin_list>
<pin id="63" dir="1" index="0" bw="1" slack="2147483647"/>
</pin_list>
<bind>
<StgValue><ssdm name="_ssdm_op_SpecLoopName"/></StgValue>
</bind>
</comp>

<comp id="64" class="1001" name="const_64">
<pin_list>
<pin id="65" dir="1" index="0" bw="1" slack="2147483647"/>
</pin_list>
<bind>
<StgValue><ssdm name="empty_7"/></StgValue>
</bind>
</comp>

<comp id="66" class="1001" name="const_66">
<pin_list>
<pin id="67" dir="1" index="0" bw="1" slack="2147483647"/>
</pin_list>
<bind>
<StgValue><ssdm name="_ssdm_op_SpecPipeline"/></StgValue>
</bind>
</comp>

<comp id="68" class="1001" name="const_68">
<pin_list>
<pin id="69" dir="1" index="0" bw="1" slack="2147483647"/>
</pin_list>
<bind>
<StgValue><ssdm name="p_str"/></StgValue>
</bind>
</comp>

<comp id="70" class="1004" name="empty_read_fu_70">
<pin_list>
<pin id="71" dir="0" index="0" bw="54" slack="0"/>
<pin id="72" dir="0" index="1" bw="32" slack="0"/>
<pin id="73" dir="0" index="2" bw="4" slack="0"/>
<pin id="74" dir="0" index="3" bw="4" slack="0"/>
<pin id="75" dir="0" index="4" bw="2" slack="0"/>
<pin id="76" dir="0" index="5" bw="1" slack="0"/>
<pin id="77" dir="0" index="6" bw="5" slack="0"/>
<pin id="78" dir="0" index="7" bw="6" slack="0"/>
<pin id="79" dir="1" index="8" bw="54" slack="0"/>
</pin_list>
<bind>
<opcode="read(1150) " fcode="read"/>
<opset="empty/1 "/>
</bind>
</comp>

<comp id="88" class="1004" name="grp_write_fu_88">
<pin_list>
<pin id="89" dir="0" index="0" bw="0" slack="0"/>
<pin id="90" dir="0" index="1" bw="32" slack="0"/>
<pin id="91" dir="0" index="2" bw="4" slack="0"/>
<pin id="92" dir="0" index="3" bw="4" slack="0"/>
<pin id="93" dir="0" index="4" bw="2" slack="0"/>
<pin id="94" dir="0" index="5" bw="1" slack="0"/>
<pin id="95" dir="0" index="6" bw="5" slack="0"/>
<pin id="96" dir="0" index="7" bw="6" slack="0"/>
<pin id="97" dir="0" index="8" bw="32" slack="0"/>
<pin id="98" dir="0" index="9" bw="4" slack="0"/>
<pin id="99" dir="0" index="10" bw="4" slack="0"/>
<pin id="100" dir="0" index="11" bw="2" slack="0"/>
<pin id="101" dir="0" index="12" bw="1" slack="0"/>
<pin id="102" dir="0" index="13" bw="5" slack="0"/>
<pin id="103" dir="0" index="14" bw="6" slack="0"/>
<pin id="104" dir="1" index="15" bw="0" slack="2147483647"/>
</pin_list>
<bind>
<opcode="write(1151) " fcode="write"/>
<opset="write_ln43/1 "/>
</bind>
</comp>

<comp id="113" class="1004" name="input_buffer_data_fu_113">
<pin_list>
<pin id="114" dir="0" index="0" bw="54" slack="0"/>
<pin id="115" dir="1" index="1" bw="32" slack="0"/>
</pin_list>
<bind>
<opcode="extractvalue(56) " fcode="extractvalue"/>
<opset="input_buffer_data/1 "/>
</bind>
</comp>

<comp id="118" class="1004" name="input_buffer_keep_fu_118">
<pin_list>
<pin id="119" dir="0" index="0" bw="54" slack="0"/>
<pin id="120" dir="1" index="1" bw="4" slack="0"/>
</pin_list>
<bind>
<opcode="extractvalue(56) " fcode="extractvalue"/>
<opset="input_buffer_keep/1 "/>
</bind>
</comp>

<comp id="123" class="1004" name="input_buffer_strb_fu_123">
<pin_list>
<pin id="124" dir="0" index="0" bw="54" slack="0"/>
<pin id="125" dir="1" index="1" bw="4" slack="0"/>
</pin_list>
<bind>
<opcode="extractvalue(56) " fcode="extractvalue"/>
<opset="input_buffer_strb/1 "/>
</bind>
</comp>

<comp id="128" class="1004" name="input_buffer_user_fu_128">
<pin_list>
<pin id="129" dir="0" index="0" bw="54" slack="0"/>
<pin id="130" dir="1" index="1" bw="2" slack="0"/>
</pin_list>
<bind>
<opcode="extractvalue(56) " fcode="extractvalue"/>
<opset="input_buffer_user/1 "/>
</bind>
</comp>

<comp id="133" class="1004" name="input_buffer_last_fu_133">
<pin_list>
<pin id="134" dir="0" index="0" bw="54" slack="0"/>
<pin id="135" dir="1" index="1" bw="1" slack="0"/>
</pin_list>
<bind>
<opcode="extractvalue(56) " fcode="extractvalue"/>
<opset="input_buffer_last/1 "/>
</bind>
</comp>

<comp id="138" class="1004" name="input_buffer_id_fu_138">
<pin_list>
<pin id="139" dir="0" index="0" bw="54" slack="0"/>
<pin id="140" dir="1" index="1" bw="5" slack="0"/>
</pin_list>
<bind>
<opcode="extractvalue(56) " fcode="extractvalue"/>
<opset="input_buffer_id/1 "/>
</bind>
</comp>

<comp id="143" class="1004" name="input_buffer_dest_fu_143">
<pin_list>
<pin id="144" dir="0" index="0" bw="54" slack="0"/>
<pin id="145" dir="1" index="1" bw="6" slack="0"/>
</pin_list>
<bind>
<opcode="extractvalue(56) " fcode="extractvalue"/>
<opset="input_buffer_dest/1 "/>
</bind>
</comp>

<comp id="148" class="1005" name="input_buffer_data_reg_148">
<pin_list>
<pin id="149" dir="0" index="0" bw="32" slack="1"/>
<pin id="150" dir="1" index="1" bw="32" slack="1"/>
</pin_list>
<bind>
<opset="input_buffer_data "/>
</bind>
</comp>

<comp id="153" class="1005" name="input_buffer_keep_reg_153">
<pin_list>
<pin id="154" dir="0" index="0" bw="4" slack="1"/>
<pin id="155" dir="1" index="1" bw="4" slack="1"/>
</pin_list>
<bind>
<opset="input_buffer_keep "/>
</bind>
</comp>

<comp id="158" class="1005" name="input_buffer_strb_reg_158">
<pin_list>
<pin id="159" dir="0" index="0" bw="4" slack="1"/>
<pin id="160" dir="1" index="1" bw="4" slack="1"/>
</pin_list>
<bind>
<opset="input_buffer_strb "/>
</bind>
</comp>

<comp id="163" class="1005" name="input_buffer_user_reg_163">
<pin_list>
<pin id="164" dir="0" index="0" bw="2" slack="1"/>
<pin id="165" dir="1" index="1" bw="2" slack="1"/>
</pin_list>
<bind>
<opset="input_buffer_user "/>
</bind>
</comp>

<comp id="168" class="1005" name="input_buffer_last_reg_168">
<pin_list>
<pin id="169" dir="0" index="0" bw="1" slack="1"/>
<pin id="170" dir="1" index="1" bw="1" slack="1"/>
</pin_list>
<bind>
<opset="input_buffer_last "/>
</bind>
</comp>

<comp id="173" class="1005" name="input_buffer_id_reg_173">
<pin_list>
<pin id="174" dir="0" index="0" bw="5" slack="1"/>
<pin id="175" dir="1" index="1" bw="5" slack="1"/>
</pin_list>
<bind>
<opset="input_buffer_id "/>
</bind>
</comp>

<comp id="178" class="1005" name="input_buffer_dest_reg_178">
<pin_list>
<pin id="179" dir="0" index="0" bw="6" slack="1"/>
<pin id="180" dir="1" index="1" bw="6" slack="1"/>
</pin_list>
<bind>
<opset="input_buffer_dest "/>
</bind>
</comp>

</comp_list>

<net_list>
<net id="80"><net_src comp="58" pin="0"/><net_sink comp="70" pin=0"/></net>

<net id="81"><net_src comp="0" pin="0"/><net_sink comp="70" pin=1"/></net>

<net id="82"><net_src comp="2" pin="0"/><net_sink comp="70" pin=2"/></net>

<net id="83"><net_src comp="4" pin="0"/><net_sink comp="70" pin=3"/></net>

<net id="84"><net_src comp="6" pin="0"/><net_sink comp="70" pin=4"/></net>

<net id="85"><net_src comp="8" pin="0"/><net_sink comp="70" pin=5"/></net>

<net id="86"><net_src comp="10" pin="0"/><net_sink comp="70" pin=6"/></net>

<net id="87"><net_src comp="12" pin="0"/><net_sink comp="70" pin=7"/></net>

<net id="105"><net_src comp="60" pin="0"/><net_sink comp="88" pin=0"/></net>

<net id="106"><net_src comp="14" pin="0"/><net_sink comp="88" pin=1"/></net>

<net id="107"><net_src comp="16" pin="0"/><net_sink comp="88" pin=2"/></net>

<net id="108"><net_src comp="18" pin="0"/><net_sink comp="88" pin=3"/></net>

<net id="109"><net_src comp="20" pin="0"/><net_sink comp="88" pin=4"/></net>

<net id="110"><net_src comp="22" pin="0"/><net_sink comp="88" pin=5"/></net>

<net id="111"><net_src comp="24" pin="0"/><net_sink comp="88" pin=6"/></net>

<net id="112"><net_src comp="26" pin="0"/><net_sink comp="88" pin=7"/></net>

<net id="116"><net_src comp="70" pin="8"/><net_sink comp="113" pin=0"/></net>

<net id="117"><net_src comp="113" pin="1"/><net_sink comp="88" pin=8"/></net>

<net id="121"><net_src comp="70" pin="8"/><net_sink comp="118" pin=0"/></net>

<net id="122"><net_src comp="118" pin="1"/><net_sink comp="88" pin=9"/></net>

<net id="126"><net_src comp="70" pin="8"/><net_sink comp="123" pin=0"/></net>

<net id="127"><net_src comp="123" pin="1"/><net_sink comp="88" pin=10"/></net>

<net id="131"><net_src comp="70" pin="8"/><net_sink comp="128" pin=0"/></net>

<net id="132"><net_src comp="128" pin="1"/><net_sink comp="88" pin=11"/></net>

<net id="136"><net_src comp="70" pin="8"/><net_sink comp="133" pin=0"/></net>

<net id="137"><net_src comp="133" pin="1"/><net_sink comp="88" pin=12"/></net>

<net id="141"><net_src comp="70" pin="8"/><net_sink comp="138" pin=0"/></net>

<net id="142"><net_src comp="138" pin="1"/><net_sink comp="88" pin=13"/></net>

<net id="146"><net_src comp="70" pin="8"/><net_sink comp="143" pin=0"/></net>

<net id="147"><net_src comp="143" pin="1"/><net_sink comp="88" pin=14"/></net>

<net id="151"><net_src comp="113" pin="1"/><net_sink comp="148" pin=0"/></net>

<net id="152"><net_src comp="148" pin="1"/><net_sink comp="88" pin=8"/></net>

<net id="156"><net_src comp="118" pin="1"/><net_sink comp="153" pin=0"/></net>

<net id="157"><net_src comp="153" pin="1"/><net_sink comp="88" pin=9"/></net>

<net id="161"><net_src comp="123" pin="1"/><net_sink comp="158" pin=0"/></net>

<net id="162"><net_src comp="158" pin="1"/><net_sink comp="88" pin=10"/></net>

<net id="166"><net_src comp="128" pin="1"/><net_sink comp="163" pin=0"/></net>

<net id="167"><net_src comp="163" pin="1"/><net_sink comp="88" pin=11"/></net>

<net id="171"><net_src comp="133" pin="1"/><net_sink comp="168" pin=0"/></net>

<net id="172"><net_src comp="168" pin="1"/><net_sink comp="88" pin=12"/></net>

<net id="176"><net_src comp="138" pin="1"/><net_sink comp="173" pin=0"/></net>

<net id="177"><net_src comp="173" pin="1"/><net_sink comp="88" pin=13"/></net>

<net id="181"><net_src comp="143" pin="1"/><net_sink comp="178" pin=0"/></net>

<net id="182"><net_src comp="178" pin="1"/><net_sink comp="88" pin=14"/></net>

</net_list>

</model> 
---------------- Datapath Model END ------------------

* FSMD analyzer results:
  - Output states:
	Port: output_stream_V_data_V | {2 }
	Port: output_stream_V_keep_V | {2 }
	Port: output_stream_V_strb_V | {2 }
	Port: output_stream_V_user_V | {2 }
	Port: output_stream_V_last_V | {2 }
	Port: output_stream_V_id_V | {2 }
	Port: output_stream_V_dest_V | {2 }
 - Input state : 
	Port: RNI_func : input_stream_V_data_V | {1 }
	Port: RNI_func : input_stream_V_keep_V | {1 }
	Port: RNI_func : input_stream_V_strb_V | {1 }
	Port: RNI_func : input_stream_V_user_V | {1 }
	Port: RNI_func : input_stream_V_last_V | {1 }
	Port: RNI_func : input_stream_V_id_V | {1 }
	Port: RNI_func : input_stream_V_dest_V | {1 }
  - Chain level:
	State 1
		write_ln43 : 1
		br_ln26 : 1
	State 2


============================================================
+ Verbose Summary: Datapath Resource usage 
============================================================

* Functional unit list:
|----------|--------------------------|
| Operation|      Functional Unit     |
|----------|--------------------------|
|   read   |     empty_read_fu_70     |
|----------|--------------------------|
|   write  |      grp_write_fu_88     |
|----------|--------------------------|
|          | input_buffer_data_fu_113 |
|          | input_buffer_keep_fu_118 |
|          | input_buffer_strb_fu_123 |
|extractvalue| input_buffer_user_fu_128 |
|          | input_buffer_last_fu_133 |
|          |  input_buffer_id_fu_138  |
|          | input_buffer_dest_fu_143 |
|----------|--------------------------|
|   Total  |                          |
|----------|--------------------------|

Memories:
N/A

* Register list:
+-------------------------+--------+
|                         |   FF   |
+-------------------------+--------+
|input_buffer_data_reg_148|   32   |
|input_buffer_dest_reg_178|    6   |
| input_buffer_id_reg_173 |    5   |
|input_buffer_keep_reg_153|    4   |
|input_buffer_last_reg_168|    1   |
|input_buffer_strb_reg_158|    4   |
|input_buffer_user_reg_163|    2   |
+-------------------------+--------+
|          Total          |   54   |
+-------------------------+--------+

* Multiplexer (MUX) list: 
|-----------------|------|------|------|--------||---------||---------|
|       Comp      |  Pin | Size |  BW  | S x BW ||  Delay  ||   LUT   |
|-----------------|------|------|------|--------||---------||---------|
| grp_write_fu_88 |  p8  |   2  |  32  |   64   ||    9    |
| grp_write_fu_88 |  p9  |   2  |   4  |    8   ||    9    |
| grp_write_fu_88 |  p10 |   2  |   4  |    8   ||    9    |
| grp_write_fu_88 |  p11 |   2  |   2  |    4   ||    9    |
| grp_write_fu_88 |  p12 |   2  |   1  |    2   ||    9    |
| grp_write_fu_88 |  p13 |   2  |   5  |   10   ||    9    |
| grp_write_fu_88 |  p14 |   2  |   6  |   12   ||    9    |
|-----------------|------|------|------|--------||---------||---------|
|      Total      |      |      |      |   108  ||  11.116 ||    63   |
|-----------------|------|------|------|--------||---------||---------|



* Summary:
+-----------+--------+--------+--------+
|           |  Delay |   FF   |   LUT  |
+-----------+--------+--------+--------+
|  Function |    -   |    -   |    -   |
|   Memory  |    -   |    -   |    -   |
|Multiplexer|   11   |    -   |   63   |
|  Register |    -   |   54   |    -   |
+-----------+--------+--------+--------+
|   Total   |   11   |   54   |   63   |
+-----------+--------+--------+--------+
