

================================================================
== Vitis HLS Report for 'RNI_Pipeline_NEURONS_STATE_RESET_LOOP5'
================================================================
* Date:           Wed Jun 26 20:09:47 2024

* Version:        2023.1.1 (Build 3869133 on Jun 15 2023)
* Project:        RNI
* Solution:       solution1 (Vivado IP Flow Target)
* Product family: zynq
* Target device:  xc7z020-clg400-1


================================================================
== Performance Estimates
================================================================
+ Timing: 
    * Summary: 
    +--------+----------+----------+------------+
    |  Clock |  Target  | Estimated| Uncertainty|
    +--------+----------+----------+------------+
    |ap_clk  |  10.00 ns|  4.192 ns|     2.70 ns|
    +--------+----------+----------+------------+

+ Latency: 
    * Summary: 
    +---------+---------+----------+----------+-----+-----+---------+
    |  Latency (cycles) |  Latency (absolute) |  Interval | Pipeline|
    |   min   |   max   |    min   |    max   | min | max |   Type  |
    +---------+---------+----------+----------+-----+-----+---------+
    |       34|       34|  0.340 us|  0.340 us|   34|   34|       no|
    +---------+---------+----------+----------+-----+-----+---------+

    + Detail: 
        * Instance: 
        N/A

        * Loop: 
        +----------------------------+---------+---------+----------+-----------+-----------+------+----------+
        |                            |  Latency (cycles) | Iteration|  Initiation Interval  | Trip |          |
        |          Loop Name         |   min   |   max   |  Latency |  achieved |   target  | Count| Pipelined|
        +----------------------------+---------+---------+----------+-----------+-----------+------+----------+
        |- NEURONS_STATE_RESET_LOOP  |       32|       32|         1|          1|          1|    32|       yes|
        +----------------------------+---------+---------+----------+-----------+-----------+------+----------+

============================================================
+ Verbose Summary: Synthesis Manager
============================================================
InlineROM: 1
ExposeGlobal: 0
============================================================
+ Verbose Summary: CDFG Model
============================================================
IsTopModel: 0
ResetActiveHigh: 1
IsCombinational: 0
IsDatapathOnly: 0
HasWiredReturn: 1
HasMFsm: 2
HasVarLatency: 1
IsPipeline: 0
IsRtlPipelined: 0
IsInstanceOverlapped: 0
IsDontTouch: 0
HasImplIP: 0
IsGatedGlobalClock: 0

+ Individual pipeline summary: 
  * Pipeline-0: initiation interval (II) = 1, depth = 1


============================================================
+ Verbose Summary: Schedule
============================================================
* Number of FSM states : 1
* Pipeline : 1
  Pipeline-0 : II = 1, D = 1, States = { 1 }
* Dataflow Pipeline: 0

* FSM state transitions: 
1 --> 

* FSM state operations: 

State 1 <SV = 0> <Delay = 4.19>
ST_1 : Operation 4 [1/1] (0.00ns)   --->   "%neuron_state_index_2 = alloca i32 1"   --->   Operation 4 'alloca' 'neuron_state_index_2' <Predicate = true> <Delay = 0.00>
ST_1 : Operation 5 [1/1] (1.58ns)   --->   "%store_ln0 = store i7 64, i7 %neuron_state_index_2"   --->   Operation 5 'store' 'store_ln0' <Predicate = true> <Delay = 1.58>
ST_1 : Operation 6 [1/1] (0.00ns)   --->   "%br_ln0 = br void %for.inc78.i440"   --->   Operation 6 'br' 'br_ln0' <Predicate = true> <Delay = 0.00>
ST_1 : Operation 7 [1/1] (0.00ns)   --->   "%neuron_state_index = load i7 %neuron_state_index_2" [src/RNI.cpp:159->src/RNI.cpp:48]   --->   Operation 7 'load' 'neuron_state_index' <Predicate = true> <Delay = 0.00>
ST_1 : Operation 8 [1/1] (0.00ns)   --->   "%specpipeline_ln0 = specpipeline void @_ssdm_op_SpecPipeline, i32 4294967295, i32 0, i32 1, i32 0, void @p_str"   --->   Operation 8 'specpipeline' 'specpipeline_ln0' <Predicate = true> <Delay = 0.00>
ST_1 : Operation 9 [1/1] (1.87ns)   --->   "%icmp_ln159 = icmp_eq  i7 %neuron_state_index, i7 96" [src/RNI.cpp:159->src/RNI.cpp:48]   --->   Operation 9 'icmp' 'icmp_ln159' <Predicate = true> <Delay = 1.87> <CoreInst = "Cmp">   --->   Core 9 'Cmp' <Latency = 0> <II = 1> <Delay = 1.87> <FuncUnit> <Opcode : 'icmp'> <InPorts = 2> <OutPorts = 1>
ST_1 : Operation 10 [1/1] (0.00ns)   --->   "%br_ln159 = br i1 %icmp_ln159, void %for.inc78.i440.split, void %for.body.i447.preheader.exitStub" [src/RNI.cpp:159->src/RNI.cpp:48]   --->   Operation 10 'br' 'br_ln159' <Predicate = true> <Delay = 0.00>
ST_1 : Operation 11 [1/1] (0.00ns)   --->   "%neuron_state_index_2_cast_cast_cast = sext i7 %neuron_state_index" [src/RNI.cpp:159->src/RNI.cpp:48]   --->   Operation 11 'sext' 'neuron_state_index_2_cast_cast_cast' <Predicate = (!icmp_ln159)> <Delay = 0.00>
ST_1 : Operation 12 [1/1] (0.00ns)   --->   "%neuron_state_index_2_cast_cast_cast_cast = zext i8 %neuron_state_index_2_cast_cast_cast" [src/RNI.cpp:159->src/RNI.cpp:48]   --->   Operation 12 'zext' 'neuron_state_index_2_cast_cast_cast_cast' <Predicate = (!icmp_ln159)> <Delay = 0.00>
ST_1 : Operation 13 [1/1] (0.00ns)   --->   "%speclooptripcount_ln159 = speclooptripcount void @_ssdm_op_SpecLoopTripCount, i64 32, i64 32, i64 32" [src/RNI.cpp:159->src/RNI.cpp:48]   --->   Operation 13 'speclooptripcount' 'speclooptripcount_ln159' <Predicate = (!icmp_ln159)> <Delay = 0.00>
ST_1 : Operation 14 [1/1] (0.00ns)   --->   "%specloopname_ln159 = specloopname void @_ssdm_op_SpecLoopName, void @empty_5" [src/RNI.cpp:159->src/RNI.cpp:48]   --->   Operation 14 'specloopname' 'specloopname_ln159' <Predicate = (!icmp_ln159)> <Delay = 0.00>
ST_1 : Operation 15 [1/1] (0.00ns)   --->   "%NEURONS_STATE_addr = getelementptr i1 %NEURONS_STATE, i64 0, i64 %neuron_state_index_2_cast_cast_cast_cast" [src/RNI.cpp:160->src/RNI.cpp:48]   --->   Operation 15 'getelementptr' 'NEURONS_STATE_addr' <Predicate = (!icmp_ln159)> <Delay = 0.00>
ST_1 : Operation 16 [1/1] (2.32ns)   --->   "%store_ln160 = store i1 0, i9 %NEURONS_STATE_addr" [src/RNI.cpp:160->src/RNI.cpp:48]   --->   Operation 16 'store' 'store_ln160' <Predicate = (!icmp_ln159)> <Delay = 2.32> <CoreInst = "RAM">   --->   Core 82 'RAM' <Latency = 1> <II = 1> <Delay = 2.32> <Storage> <Opcode : 'load' 'store'> <Ports = 2> <Width = 1> <Depth = 424> <RAM>
ST_1 : Operation 17 [1/1] (1.87ns)   --->   "%add_ln159 = add i7 %neuron_state_index, i7 1" [src/RNI.cpp:159->src/RNI.cpp:48]   --->   Operation 17 'add' 'add_ln159' <Predicate = (!icmp_ln159)> <Delay = 1.87> <CoreInst = "Adder">   --->   Core 1 'Adder' <Latency = 0> <II = 1> <Delay = 1.87> <FuncUnit> <Opcode : 'add' 'sub'> <InPorts = 2> <OutPorts = 1>
ST_1 : Operation 18 [1/1] (1.58ns)   --->   "%store_ln159 = store i7 %add_ln159, i7 %neuron_state_index_2" [src/RNI.cpp:159->src/RNI.cpp:48]   --->   Operation 18 'store' 'store_ln159' <Predicate = (!icmp_ln159)> <Delay = 1.58>
ST_1 : Operation 19 [1/1] (0.00ns)   --->   "%br_ln159 = br void %for.inc78.i440" [src/RNI.cpp:159->src/RNI.cpp:48]   --->   Operation 19 'br' 'br_ln159' <Predicate = (!icmp_ln159)> <Delay = 0.00>
ST_1 : Operation 20 [1/1] (0.00ns)   --->   "%ret_ln0 = ret"   --->   Operation 20 'ret' 'ret_ln0' <Predicate = (icmp_ln159)> <Delay = 0.00>


============================================================
+ Verbose Summary: Timing violations
============================================================
Target clock period: 10.000ns, clock uncertainty: 2.700ns.

 <State 1>: 4.192ns
The critical path consists of the following:
	'alloca' operation ('neuron_state_index') [2]  (0.000 ns)
	'load' operation ('neuron_state_index', src/RNI.cpp:159->src/RNI.cpp:48) on local variable 'neuron_state_index' [6]  (0.000 ns)
	'add' operation ('add_ln159', src/RNI.cpp:159->src/RNI.cpp:48) [17]  (1.870 ns)
	'store' operation ('store_ln159', src/RNI.cpp:159->src/RNI.cpp:48) of variable 'add_ln159', src/RNI.cpp:159->src/RNI.cpp:48 on local variable 'neuron_state_index' [18]  (1.588 ns)
	blocking operation 0.734 ns on control path)


============================================================
+ Verbose Summary: Binding
============================================================
N/A
* FSMD analyzer results:
  - Output states:
 - Input state : 
  - Chain level:
	State 1


============================================================
+ Verbose Summary: Datapath Resource usage 
============================================================
N/A
