

================================================================
== Vitis HLS Report for 'RNI_Pipeline_VITIS_LOOP_27_2'
================================================================
* Date:           Mon Oct 28 16:02:31 2024

* Version:        2023.1.1 (Build 3869133 on Jun 15 2023)
* Project:        RNI
* Solution:       solution1 (Vivado IP Flow Target)
* Product family: zynq
* Target device:  xc7z020-clg400-1


================================================================
== Performance Estimates
================================================================
+ Timing: 
    * Summary: 
    +--------+----------+----------+------------+
    |  Clock |  Target  | Estimated| Uncertainty|
    +--------+----------+----------+------------+
    |ap_clk  |  10.00 ns|  4.368 ns|     2.70 ns|
    +--------+----------+----------+------------+

+ Latency: 
    * Summary: 
    +---------+---------+-----------+-----------+-----+-----+---------+
    |  Latency (cycles) |   Latency (absolute)  |  Interval | Pipeline|
    |   min   |   max   |    min    |    max    | min | max |   Type  |
    +---------+---------+-----------+-----------+-----+-----+---------+
    |        6|        6|  60.000 ns|  60.000 ns|    6|    6|       no|
    +---------+---------+-----------+-----------+-----+-----+---------+

    + Detail: 
        * Instance: 
        N/A

        * Loop: 
        +-------------------+---------+---------+----------+-----------+-----------+------+----------+
        |                   |  Latency (cycles) | Iteration|  Initiation Interval  | Trip |          |
        |     Loop Name     |   min   |   max   |  Latency |  achieved |   target  | Count| Pipelined|
        +-------------------+---------+---------+----------+-----------+-----------+------+----------+
        |- VITIS_LOOP_27_2  |        4|        4|         1|          1|          1|     4|       yes|
        +-------------------+---------+---------+----------+-----------+-----------+------+----------+

============================================================
+ Verbose Summary: Synthesis Manager
============================================================
InlineROM: 1
ExposeGlobal: 0
============================================================
+ Verbose Summary: CDFG Model
============================================================
IsTopModel: 0
ResetActiveHigh: 1
IsCombinational: 0
IsDatapathOnly: 0
HasWiredReturn: 1
HasMFsm: 2
HasVarLatency: 1
IsPipeline: 0
IsRtlPipelined: 0
IsInstanceOverlapped: 0
IsDontTouch: 0
HasImplIP: 0
IsGatedGlobalClock: 0

+ Individual pipeline summary: 
  * Pipeline-0: initiation interval (II) = 1, depth = 1


============================================================
+ Verbose Summary: Schedule
============================================================
* Number of FSM states : 1
* Pipeline : 1
  Pipeline-0 : II = 1, D = 1, States = { 1 }
* Dataflow Pipeline: 0

* FSM state transitions: 
1 --> 

* FSM state operations: 

State 1 <SV = 0> <Delay = 4.36>
ST_1 : Operation 4 [1/1] (0.00ns)   --->   "%i = alloca i32 1"   --->   Operation 4 'alloca' 'i' <Predicate = true> <Delay = 0.00>
ST_1 : Operation 5 [1/1] (0.00ns)   --->   "%out_pkts_keep = alloca i32 1"   --->   Operation 5 'alloca' 'out_pkts_keep' <Predicate = true> <Delay = 0.00>
ST_1 : Operation 6 [1/1] (0.00ns)   --->   "%out_pkts_strb = alloca i32 1"   --->   Operation 6 'alloca' 'out_pkts_strb' <Predicate = true> <Delay = 0.00>
ST_1 : Operation 7 [1/1] (0.00ns)   --->   "%out_pkts_user = alloca i32 1"   --->   Operation 7 'alloca' 'out_pkts_user' <Predicate = true> <Delay = 0.00>
ST_1 : Operation 8 [1/1] (0.00ns)   --->   "%out_pkts_id = alloca i32 1"   --->   Operation 8 'alloca' 'out_pkts_id' <Predicate = true> <Delay = 0.00>
ST_1 : Operation 9 [1/1] (0.00ns)   --->   "%out_pkts_dest = alloca i32 1"   --->   Operation 9 'alloca' 'out_pkts_dest' <Predicate = true> <Delay = 0.00>
ST_1 : Operation 10 [1/1] (0.00ns)   --->   "%in_pkts_last_0 = alloca i32 1"   --->   Operation 10 'alloca' 'in_pkts_last_0' <Predicate = true> <Delay = 0.00>
ST_1 : Operation 11 [1/1] (0.00ns)   --->   "%in_pkts_last_0_1 = alloca i32 1"   --->   Operation 11 'alloca' 'in_pkts_last_0_1' <Predicate = true> <Delay = 0.00>
ST_1 : Operation 12 [1/1] (0.00ns)   --->   "%in_pkts_data_1 = alloca i32 1"   --->   Operation 12 'alloca' 'in_pkts_data_1' <Predicate = true> <Delay = 0.00>
ST_1 : Operation 13 [1/1] (0.00ns)   --->   "%in_pkts_data_1_1 = alloca i32 1"   --->   Operation 13 'alloca' 'in_pkts_data_1_1' <Predicate = true> <Delay = 0.00>
ST_1 : Operation 14 [1/1] (0.00ns)   --->   "%in_pkts_data_1_2 = alloca i32 1"   --->   Operation 14 'alloca' 'in_pkts_data_1_2' <Predicate = true> <Delay = 0.00>
ST_1 : Operation 15 [1/1] (0.00ns)   --->   "%in_pkts_data_1_3 = alloca i32 1"   --->   Operation 15 'alloca' 'in_pkts_data_1_3' <Predicate = true> <Delay = 0.00>
ST_1 : Operation 16 [1/1] (0.00ns)   --->   "%specaxissidechannel_ln0 = specaxissidechannel void @_ssdm_op_SpecAXISSideChannel, i32 %in_stream_V_data_V, i4 %in_stream_V_keep_V, i4 %in_stream_V_strb_V, i2 %in_stream_V_user_V, i1 %in_stream_V_last_V, i5 %in_stream_V_id_V, i6 %in_stream_V_dest_V, void @empty_7"   --->   Operation 16 'specaxissidechannel' 'specaxissidechannel_ln0' <Predicate = true> <Delay = 0.00>
ST_1 : Operation 17 [1/1] (0.00ns)   --->   "%specinterface_ln0 = specinterface void @_ssdm_op_SpecInterface, i6 %in_stream_V_dest_V, i5 %in_stream_V_id_V, i1 %in_stream_V_last_V, i2 %in_stream_V_user_V, i4 %in_stream_V_strb_V, i4 %in_stream_V_keep_V, i32 %in_stream_V_data_V, void @empty_1, i32 0, i32 0, void @empty_2, i32 0, i32 0, void @empty_3, void @empty_3, void @empty_3, i32 0, i32 0, i32 0, i32 0, void @empty_3, void @empty_3, i32 4294967295, i32 0"   --->   Operation 17 'specinterface' 'specinterface_ln0' <Predicate = true> <Delay = 0.00>
ST_1 : Operation 18 [1/1] (0.00ns)   --->   "%in_pkts_keep_0_096_read = read i4 @_ssdm_op_Read.ap_auto.i4, i4 %in_pkts_keep_0_096"   --->   Operation 18 'read' 'in_pkts_keep_0_096_read' <Predicate = true> <Delay = 0.00>
ST_1 : Operation 19 [1/1] (0.00ns)   --->   "%in_pkts_strb_0_097_read = read i4 @_ssdm_op_Read.ap_auto.i4, i4 %in_pkts_strb_0_097"   --->   Operation 19 'read' 'in_pkts_strb_0_097_read' <Predicate = true> <Delay = 0.00>
ST_1 : Operation 20 [1/1] (0.00ns)   --->   "%in_pkts_user_0_098_read = read i2 @_ssdm_op_Read.ap_auto.i2, i2 %in_pkts_user_0_098"   --->   Operation 20 'read' 'in_pkts_user_0_098_read' <Predicate = true> <Delay = 0.00>
ST_1 : Operation 21 [1/1] (0.00ns)   --->   "%in_pkts_last_0_099_read = read i1 @_ssdm_op_Read.ap_auto.i1, i1 %in_pkts_last_0_099"   --->   Operation 21 'read' 'in_pkts_last_0_099_read' <Predicate = true> <Delay = 0.00>
ST_1 : Operation 22 [1/1] (0.00ns)   --->   "%in_pkts_id_0_0101_read = read i5 @_ssdm_op_Read.ap_auto.i5, i5 %in_pkts_id_0_0101"   --->   Operation 22 'read' 'in_pkts_id_0_0101_read' <Predicate = true> <Delay = 0.00>
ST_1 : Operation 23 [1/1] (0.00ns)   --->   "%in_pkts_dest_0_0102_read = read i6 @_ssdm_op_Read.ap_auto.i6, i6 %in_pkts_dest_0_0102"   --->   Operation 23 'read' 'in_pkts_dest_0_0102_read' <Predicate = true> <Delay = 0.00>
ST_1 : Operation 24 [1/1] (0.00ns)   --->   "%in_pkts_data_0_05_read = read i32 @_ssdm_op_Read.ap_auto.i32, i32 %in_pkts_data_0_05"   --->   Operation 24 'read' 'in_pkts_data_0_05_read' <Predicate = true> <Delay = 0.00>
ST_1 : Operation 25 [1/1] (0.00ns)   --->   "%in_pkts_data_1_06_read = read i32 @_ssdm_op_Read.ap_auto.i32, i32 %in_pkts_data_1_06"   --->   Operation 25 'read' 'in_pkts_data_1_06_read' <Predicate = true> <Delay = 0.00>
ST_1 : Operation 26 [1/1] (0.00ns)   --->   "%in_pkts_data_2_07_read = read i32 @_ssdm_op_Read.ap_auto.i32, i32 %in_pkts_data_2_07"   --->   Operation 26 'read' 'in_pkts_data_2_07_read' <Predicate = true> <Delay = 0.00>
ST_1 : Operation 27 [1/1] (0.00ns)   --->   "%in_pkts_data_3_08_read = read i32 @_ssdm_op_Read.ap_auto.i32, i32 %in_pkts_data_3_08"   --->   Operation 27 'read' 'in_pkts_data_3_08_read' <Predicate = true> <Delay = 0.00>
ST_1 : Operation 28 [1/1] (1.58ns)   --->   "%store_ln0 = store i32 %in_pkts_data_3_08_read, i32 %in_pkts_data_1_3"   --->   Operation 28 'store' 'store_ln0' <Predicate = true> <Delay = 1.58>
ST_1 : Operation 29 [1/1] (1.58ns)   --->   "%store_ln0 = store i32 %in_pkts_data_2_07_read, i32 %in_pkts_data_1_2"   --->   Operation 29 'store' 'store_ln0' <Predicate = true> <Delay = 1.58>
ST_1 : Operation 30 [1/1] (1.58ns)   --->   "%store_ln0 = store i32 %in_pkts_data_1_06_read, i32 %in_pkts_data_1_1"   --->   Operation 30 'store' 'store_ln0' <Predicate = true> <Delay = 1.58>
ST_1 : Operation 31 [1/1] (1.58ns)   --->   "%store_ln0 = store i32 %in_pkts_data_0_05_read, i32 %in_pkts_data_1"   --->   Operation 31 'store' 'store_ln0' <Predicate = true> <Delay = 1.58>
ST_1 : Operation 32 [1/1] (1.58ns)   --->   "%store_ln0 = store i1 0, i1 %in_pkts_last_0_1"   --->   Operation 32 'store' 'store_ln0' <Predicate = true> <Delay = 1.58>
ST_1 : Operation 33 [1/1] (1.58ns)   --->   "%store_ln0 = store i1 %in_pkts_last_0_099_read, i1 %in_pkts_last_0"   --->   Operation 33 'store' 'store_ln0' <Predicate = true> <Delay = 1.58>
ST_1 : Operation 34 [1/1] (1.58ns)   --->   "%store_ln0 = store i6 %in_pkts_dest_0_0102_read, i6 %out_pkts_dest"   --->   Operation 34 'store' 'store_ln0' <Predicate = true> <Delay = 1.58>
ST_1 : Operation 35 [1/1] (1.58ns)   --->   "%store_ln0 = store i5 %in_pkts_id_0_0101_read, i5 %out_pkts_id"   --->   Operation 35 'store' 'store_ln0' <Predicate = true> <Delay = 1.58>
ST_1 : Operation 36 [1/1] (1.58ns)   --->   "%store_ln0 = store i2 %in_pkts_user_0_098_read, i2 %out_pkts_user"   --->   Operation 36 'store' 'store_ln0' <Predicate = true> <Delay = 1.58>
ST_1 : Operation 37 [1/1] (1.58ns)   --->   "%store_ln0 = store i4 %in_pkts_strb_0_097_read, i4 %out_pkts_strb"   --->   Operation 37 'store' 'store_ln0' <Predicate = true> <Delay = 1.58>
ST_1 : Operation 38 [1/1] (1.58ns)   --->   "%store_ln0 = store i4 %in_pkts_keep_0_096_read, i4 %out_pkts_keep"   --->   Operation 38 'store' 'store_ln0' <Predicate = true> <Delay = 1.58>
ST_1 : Operation 39 [1/1] (1.58ns)   --->   "%store_ln0 = store i3 0, i3 %i"   --->   Operation 39 'store' 'store_ln0' <Predicate = true> <Delay = 1.58>
ST_1 : Operation 40 [1/1] (0.00ns)   --->   "%br_ln0 = br void %for.inc"   --->   Operation 40 'br' 'br_ln0' <Predicate = true> <Delay = 0.00>
ST_1 : Operation 41 [1/1] (0.00ns)   --->   "%i_2 = load i3 %i" [src/RNI.cpp:28]   --->   Operation 41 'load' 'i_2' <Predicate = true> <Delay = 0.00>
ST_1 : Operation 42 [1/1] (0.00ns)   --->   "%specpipeline_ln0 = specpipeline void @_ssdm_op_SpecPipeline, i32 4294967295, i32 0, i32 1, i32 0, void @p_str"   --->   Operation 42 'specpipeline' 'specpipeline_ln0' <Predicate = true> <Delay = 0.00>
ST_1 : Operation 43 [1/1] (1.65ns)   --->   "%icmp_ln27 = icmp_eq  i3 %i_2, i3 4" [src/RNI.cpp:27]   --->   Operation 43 'icmp' 'icmp_ln27' <Predicate = true> <Delay = 1.65> <CoreInst = "Cmp">   --->   Core 9 'Cmp' <Latency = 0> <II = 1> <Delay = 1.65> <FuncUnit> <Opcode : 'icmp'> <InPorts = 2> <OutPorts = 1>
ST_1 : Operation 44 [1/1] (1.65ns)   --->   "%add_ln27 = add i3 %i_2, i3 1" [src/RNI.cpp:27]   --->   Operation 44 'add' 'add_ln27' <Predicate = true> <Delay = 1.65> <CoreInst = "Adder">   --->   Core 1 'Adder' <Latency = 0> <II = 1> <Delay = 1.65> <FuncUnit> <Opcode : 'add' 'sub'> <InPorts = 2> <OutPorts = 1>
ST_1 : Operation 45 [1/1] (0.00ns)   --->   "%br_ln27 = br i1 %icmp_ln27, void %for.inc.split, void %VITIS_LOOP_38_3.exitStub" [src/RNI.cpp:27]   --->   Operation 45 'br' 'br_ln27' <Predicate = true> <Delay = 0.00>
ST_1 : Operation 46 [1/1] (0.00ns)   --->   "%speclooptripcount_ln27 = speclooptripcount void @_ssdm_op_SpecLoopTripCount, i64 4, i64 4, i64 4" [src/RNI.cpp:27]   --->   Operation 46 'speclooptripcount' 'speclooptripcount_ln27' <Predicate = (!icmp_ln27)> <Delay = 0.00>
ST_1 : Operation 47 [1/1] (0.00ns)   --->   "%specloopname_ln27 = specloopname void @_ssdm_op_SpecLoopName, void @empty_6" [src/RNI.cpp:27]   --->   Operation 47 'specloopname' 'specloopname_ln27' <Predicate = (!icmp_ln27)> <Delay = 0.00>
ST_1 : Operation 48 [1/1] (0.00ns)   --->   "%trunc_ln28 = trunc i3 %i_2" [src/RNI.cpp:28]   --->   Operation 48 'trunc' 'trunc_ln28' <Predicate = (!icmp_ln27)> <Delay = 0.00>
ST_1 : Operation 49 [1/1] (0.00ns)   --->   "%empty = read i54 @_ssdm_op_Read.axis.volatile.i32P0A.i4P0A.i4P0A.i2P0A.i1P0A.i5P0A.i6P0A, i32 %in_stream_V_data_V, i4 %in_stream_V_keep_V, i4 %in_stream_V_strb_V, i2 %in_stream_V_user_V, i1 %in_stream_V_last_V, i5 %in_stream_V_id_V, i6 %in_stream_V_dest_V" [src/RNI.cpp:28]   --->   Operation 49 'read' 'empty' <Predicate = (!icmp_ln27)> <Delay = 0.00> <CoreInst = "axis">   --->   Core 115 'axis' <Latency = 0> <II = 1> <Delay = 1.00> <Adapter> <Opcode : >
ST_1 : Operation 50 [1/1] (0.00ns)   --->   "%in_pkts_data_1_5 = extractvalue i54 %empty" [src/RNI.cpp:28]   --->   Operation 50 'extractvalue' 'in_pkts_data_1_5' <Predicate = (!icmp_ln27)> <Delay = 0.00>
ST_1 : Operation 51 [1/1] (0.00ns)   --->   "%in_pkts_keep_0 = extractvalue i54 %empty" [src/RNI.cpp:28]   --->   Operation 51 'extractvalue' 'in_pkts_keep_0' <Predicate = (!icmp_ln27)> <Delay = 0.00>
ST_1 : Operation 52 [1/1] (0.00ns)   --->   "%in_pkts_strb_0 = extractvalue i54 %empty" [src/RNI.cpp:28]   --->   Operation 52 'extractvalue' 'in_pkts_strb_0' <Predicate = (!icmp_ln27)> <Delay = 0.00>
ST_1 : Operation 53 [1/1] (0.00ns)   --->   "%in_pkts_user_0 = extractvalue i54 %empty" [src/RNI.cpp:28]   --->   Operation 53 'extractvalue' 'in_pkts_user_0' <Predicate = (!icmp_ln27)> <Delay = 0.00>
ST_1 : Operation 54 [1/1] (0.00ns)   --->   "%in_pkts_last_0_3 = extractvalue i54 %empty" [src/RNI.cpp:28]   --->   Operation 54 'extractvalue' 'in_pkts_last_0_3' <Predicate = (!icmp_ln27)> <Delay = 0.00>
ST_1 : Operation 55 [1/1] (0.00ns)   --->   "%in_pkts_id_0 = extractvalue i54 %empty" [src/RNI.cpp:28]   --->   Operation 55 'extractvalue' 'in_pkts_id_0' <Predicate = (!icmp_ln27)> <Delay = 0.00>
ST_1 : Operation 56 [1/1] (0.00ns)   --->   "%in_pkts_dest_0 = extractvalue i54 %empty" [src/RNI.cpp:28]   --->   Operation 56 'extractvalue' 'in_pkts_dest_0' <Predicate = (!icmp_ln27)> <Delay = 0.00>
ST_1 : Operation 57 [1/1] (1.86ns)   --->   "%switch_ln28 = switch i2 %trunc_ln28, void %branch3, i2 0, void %for.inc.split.for.inc.split20_crit_edge, i2 1, void %for.inc.split.for.inc.split20_crit_edge17, i2 2, void %branch2" [src/RNI.cpp:28]   --->   Operation 57 'switch' 'switch_ln28' <Predicate = (!icmp_ln27)> <Delay = 1.86>
ST_1 : Operation 58 [1/1] (1.58ns)   --->   "%store_ln28 = store i32 %in_pkts_data_1_5, i32 %in_pkts_data_1_2" [src/RNI.cpp:28]   --->   Operation 58 'store' 'store_ln28' <Predicate = (!icmp_ln27 & trunc_ln28 == 2)> <Delay = 1.58>
ST_1 : Operation 59 [1/1] (0.00ns)   --->   "%br_ln28 = br void %for.inc.split20" [src/RNI.cpp:28]   --->   Operation 59 'br' 'br_ln28' <Predicate = (!icmp_ln27 & trunc_ln28 == 2)> <Delay = 0.00>
ST_1 : Operation 60 [1/1] (1.58ns)   --->   "%store_ln28 = store i32 %in_pkts_data_1_5, i32 %in_pkts_data_1_1" [src/RNI.cpp:28]   --->   Operation 60 'store' 'store_ln28' <Predicate = (!icmp_ln27 & trunc_ln28 == 1)> <Delay = 1.58>
ST_1 : Operation 61 [1/1] (0.00ns)   --->   "%br_ln28 = br void %for.inc.split20" [src/RNI.cpp:28]   --->   Operation 61 'br' 'br_ln28' <Predicate = (!icmp_ln27 & trunc_ln28 == 1)> <Delay = 0.00>
ST_1 : Operation 62 [1/1] (1.58ns)   --->   "%store_ln28 = store i32 %in_pkts_data_1_5, i32 %in_pkts_data_1" [src/RNI.cpp:28]   --->   Operation 62 'store' 'store_ln28' <Predicate = (!icmp_ln27 & trunc_ln28 == 0)> <Delay = 1.58>
ST_1 : Operation 63 [1/1] (0.00ns)   --->   "%br_ln28 = br void %for.inc.split20" [src/RNI.cpp:28]   --->   Operation 63 'br' 'br_ln28' <Predicate = (!icmp_ln27 & trunc_ln28 == 0)> <Delay = 0.00>
ST_1 : Operation 64 [1/1] (1.58ns)   --->   "%store_ln28 = store i32 %in_pkts_data_1_5, i32 %in_pkts_data_1_3" [src/RNI.cpp:28]   --->   Operation 64 'store' 'store_ln28' <Predicate = (!icmp_ln27 & trunc_ln28 == 3)> <Delay = 1.58>
ST_1 : Operation 65 [1/1] (0.00ns)   --->   "%br_ln28 = br void %for.inc.split20" [src/RNI.cpp:28]   --->   Operation 65 'br' 'br_ln28' <Predicate = (!icmp_ln27 & trunc_ln28 == 3)> <Delay = 0.00>
ST_1 : Operation 66 [1/1] (0.00ns)   --->   "%out_pkts_keep_load_1 = load i4 %out_pkts_keep" [src/RNI.cpp:28]   --->   Operation 66 'load' 'out_pkts_keep_load_1' <Predicate = (!icmp_ln27)> <Delay = 0.00>
ST_1 : Operation 67 [1/1] (0.00ns)   --->   "%out_pkts_strb_load_1 = load i4 %out_pkts_strb" [src/RNI.cpp:28]   --->   Operation 67 'load' 'out_pkts_strb_load_1' <Predicate = (!icmp_ln27)> <Delay = 0.00>
ST_1 : Operation 68 [1/1] (0.00ns)   --->   "%out_pkts_user_load_1 = load i2 %out_pkts_user" [src/RNI.cpp:28]   --->   Operation 68 'load' 'out_pkts_user_load_1' <Predicate = (!icmp_ln27)> <Delay = 0.00>
ST_1 : Operation 69 [1/1] (1.56ns)   --->   "%icmp_ln28 = icmp_eq  i2 %trunc_ln28, i2 0" [src/RNI.cpp:28]   --->   Operation 69 'icmp' 'icmp_ln28' <Predicate = (!icmp_ln27)> <Delay = 1.56> <CoreInst = "Cmp">   --->   Core 9 'Cmp' <Latency = 0> <II = 1> <Delay = 1.56> <FuncUnit> <Opcode : 'icmp'> <InPorts = 2> <OutPorts = 1>
ST_1 : Operation 70 [1/1] (1.02ns)   --->   "%select_ln28 = select i1 %icmp_ln28, i4 %in_pkts_keep_0, i4 %out_pkts_keep_load_1" [src/RNI.cpp:28]   --->   Operation 70 'select' 'select_ln28' <Predicate = (!icmp_ln27)> <Delay = 1.02> <CoreInst = "Sel">   --->   Core 73 'Sel' <Latency = 0> <II = 1> <Delay = 1.02> <FuncUnit> <Opcode : 'select'> <InPorts = 3> <OutPorts = 1>
ST_1 : Operation 71 [1/1] (1.02ns)   --->   "%select_ln28_1 = select i1 %icmp_ln28, i4 %in_pkts_strb_0, i4 %out_pkts_strb_load_1" [src/RNI.cpp:28]   --->   Operation 71 'select' 'select_ln28_1' <Predicate = (!icmp_ln27)> <Delay = 1.02> <CoreInst = "Sel">   --->   Core 73 'Sel' <Latency = 0> <II = 1> <Delay = 1.02> <FuncUnit> <Opcode : 'select'> <InPorts = 3> <OutPorts = 1>
ST_1 : Operation 72 [1/1] (0.99ns)   --->   "%select_ln28_2 = select i1 %icmp_ln28, i2 %in_pkts_user_0, i2 %out_pkts_user_load_1" [src/RNI.cpp:28]   --->   Operation 72 'select' 'select_ln28_2' <Predicate = (!icmp_ln27)> <Delay = 0.99> <CoreInst = "Sel">   --->   Core 73 'Sel' <Latency = 0> <II = 1> <Delay = 0.99> <FuncUnit> <Opcode : 'select'> <InPorts = 3> <OutPorts = 1>
ST_1 : Operation 73 [1/1] (1.86ns)   --->   "%switch_ln28 = switch i2 %trunc_ln28, void %branch19, i2 0, void %for.inc.split20.for.inc.split2026374859_crit_edge18, i2 1, void %for.inc.split2026374859, i2 2, void %for.inc.split2026374859" [src/RNI.cpp:28]   --->   Operation 73 'switch' 'switch_ln28' <Predicate = (!icmp_ln27)> <Delay = 1.86>
ST_1 : Operation 74 [1/1] (1.58ns)   --->   "%store_ln28 = store i1 %in_pkts_last_0_3, i1 %in_pkts_last_0" [src/RNI.cpp:28]   --->   Operation 74 'store' 'store_ln28' <Predicate = (!icmp_ln27 & trunc_ln28 == 0)> <Delay = 1.58>
ST_1 : Operation 75 [1/1] (0.00ns)   --->   "%br_ln28 = br void %for.inc.split2026374859" [src/RNI.cpp:28]   --->   Operation 75 'br' 'br_ln28' <Predicate = (!icmp_ln27 & trunc_ln28 == 0)> <Delay = 0.00>
ST_1 : Operation 76 [1/1] (1.58ns)   --->   "%store_ln28 = store i1 %in_pkts_last_0_3, i1 %in_pkts_last_0_1" [src/RNI.cpp:28]   --->   Operation 76 'store' 'store_ln28' <Predicate = (!icmp_ln27 & trunc_ln28 == 3)> <Delay = 1.58>
ST_1 : Operation 77 [1/1] (0.00ns)   --->   "%br_ln28 = br void %for.inc.split2026374859" [src/RNI.cpp:28]   --->   Operation 77 'br' 'br_ln28' <Predicate = (!icmp_ln27 & trunc_ln28 == 3)> <Delay = 0.00>
ST_1 : Operation 78 [1/1] (0.00ns)   --->   "%out_pkts_id_load_1 = load i5 %out_pkts_id" [src/RNI.cpp:28]   --->   Operation 78 'load' 'out_pkts_id_load_1' <Predicate = (!icmp_ln27)> <Delay = 0.00>
ST_1 : Operation 79 [1/1] (0.00ns)   --->   "%out_pkts_dest_load_1 = load i6 %out_pkts_dest" [src/RNI.cpp:28]   --->   Operation 79 'load' 'out_pkts_dest_load_1' <Predicate = (!icmp_ln27)> <Delay = 0.00>
ST_1 : Operation 80 [1/1] (1.21ns)   --->   "%select_ln28_3 = select i1 %icmp_ln28, i5 %in_pkts_id_0, i5 %out_pkts_id_load_1" [src/RNI.cpp:28]   --->   Operation 80 'select' 'select_ln28_3' <Predicate = (!icmp_ln27)> <Delay = 1.21> <CoreInst = "Sel">   --->   Core 73 'Sel' <Latency = 0> <II = 1> <Delay = 1.21> <FuncUnit> <Opcode : 'select'> <InPorts = 3> <OutPorts = 1>
ST_1 : Operation 81 [1/1] (1.18ns)   --->   "%select_ln28_4 = select i1 %icmp_ln28, i6 %in_pkts_dest_0, i6 %out_pkts_dest_load_1" [src/RNI.cpp:28]   --->   Operation 81 'select' 'select_ln28_4' <Predicate = (!icmp_ln27)> <Delay = 1.18> <CoreInst = "Sel">   --->   Core 73 'Sel' <Latency = 0> <II = 1> <Delay = 1.18> <FuncUnit> <Opcode : 'select'> <InPorts = 3> <OutPorts = 1>
ST_1 : Operation 82 [1/1] (1.58ns)   --->   "%store_ln27 = store i6 %select_ln28_4, i6 %out_pkts_dest" [src/RNI.cpp:27]   --->   Operation 82 'store' 'store_ln27' <Predicate = (!icmp_ln27)> <Delay = 1.58>
ST_1 : Operation 83 [1/1] (1.58ns)   --->   "%store_ln27 = store i5 %select_ln28_3, i5 %out_pkts_id" [src/RNI.cpp:27]   --->   Operation 83 'store' 'store_ln27' <Predicate = (!icmp_ln27)> <Delay = 1.58>
ST_1 : Operation 84 [1/1] (1.58ns)   --->   "%store_ln27 = store i2 %select_ln28_2, i2 %out_pkts_user" [src/RNI.cpp:27]   --->   Operation 84 'store' 'store_ln27' <Predicate = (!icmp_ln27)> <Delay = 1.58>
ST_1 : Operation 85 [1/1] (1.58ns)   --->   "%store_ln27 = store i4 %select_ln28_1, i4 %out_pkts_strb" [src/RNI.cpp:27]   --->   Operation 85 'store' 'store_ln27' <Predicate = (!icmp_ln27)> <Delay = 1.58>
ST_1 : Operation 86 [1/1] (1.58ns)   --->   "%store_ln27 = store i4 %select_ln28, i4 %out_pkts_keep" [src/RNI.cpp:27]   --->   Operation 86 'store' 'store_ln27' <Predicate = (!icmp_ln27)> <Delay = 1.58>
ST_1 : Operation 87 [1/1] (1.58ns)   --->   "%store_ln27 = store i3 %add_ln27, i3 %i" [src/RNI.cpp:27]   --->   Operation 87 'store' 'store_ln27' <Predicate = (!icmp_ln27)> <Delay = 1.58>
ST_1 : Operation 88 [1/1] (0.00ns)   --->   "%br_ln27 = br void %for.inc" [src/RNI.cpp:27]   --->   Operation 88 'br' 'br_ln27' <Predicate = (!icmp_ln27)> <Delay = 0.00>
ST_1 : Operation 89 [1/1] (0.00ns)   --->   "%out_pkts_keep_load = load i4 %out_pkts_keep"   --->   Operation 89 'load' 'out_pkts_keep_load' <Predicate = (icmp_ln27)> <Delay = 0.00>
ST_1 : Operation 90 [1/1] (0.00ns)   --->   "%out_pkts_strb_load = load i4 %out_pkts_strb"   --->   Operation 90 'load' 'out_pkts_strb_load' <Predicate = (icmp_ln27)> <Delay = 0.00>
ST_1 : Operation 91 [1/1] (0.00ns)   --->   "%out_pkts_user_load = load i2 %out_pkts_user"   --->   Operation 91 'load' 'out_pkts_user_load' <Predicate = (icmp_ln27)> <Delay = 0.00>
ST_1 : Operation 92 [1/1] (0.00ns)   --->   "%out_pkts_id_load = load i5 %out_pkts_id"   --->   Operation 92 'load' 'out_pkts_id_load' <Predicate = (icmp_ln27)> <Delay = 0.00>
ST_1 : Operation 93 [1/1] (0.00ns)   --->   "%out_pkts_dest_load = load i6 %out_pkts_dest"   --->   Operation 93 'load' 'out_pkts_dest_load' <Predicate = (icmp_ln27)> <Delay = 0.00>
ST_1 : Operation 94 [1/1] (0.00ns)   --->   "%in_pkts_last_0_load = load i1 %in_pkts_last_0"   --->   Operation 94 'load' 'in_pkts_last_0_load' <Predicate = (icmp_ln27)> <Delay = 0.00>
ST_1 : Operation 95 [1/1] (0.00ns)   --->   "%in_pkts_last_0_1_load = load i1 %in_pkts_last_0_1"   --->   Operation 95 'load' 'in_pkts_last_0_1_load' <Predicate = (icmp_ln27)> <Delay = 0.00>
ST_1 : Operation 96 [1/1] (0.00ns)   --->   "%in_pkts_data_1_load = load i32 %in_pkts_data_1"   --->   Operation 96 'load' 'in_pkts_data_1_load' <Predicate = (icmp_ln27)> <Delay = 0.00>
ST_1 : Operation 97 [1/1] (0.00ns)   --->   "%in_pkts_data_1_1_load = load i32 %in_pkts_data_1_1"   --->   Operation 97 'load' 'in_pkts_data_1_1_load' <Predicate = (icmp_ln27)> <Delay = 0.00>
ST_1 : Operation 98 [1/1] (0.00ns)   --->   "%in_pkts_data_1_2_load = load i32 %in_pkts_data_1_2"   --->   Operation 98 'load' 'in_pkts_data_1_2_load' <Predicate = (icmp_ln27)> <Delay = 0.00>
ST_1 : Operation 99 [1/1] (0.00ns)   --->   "%in_pkts_data_1_3_load = load i32 %in_pkts_data_1_3"   --->   Operation 99 'load' 'in_pkts_data_1_3_load' <Predicate = (icmp_ln27)> <Delay = 0.00>
ST_1 : Operation 100 [1/1] (0.00ns)   --->   "%write_ln0 = write void @_ssdm_op_Write.ap_auto.i32P0A, i32 %in_pkts_data_3_1_out, i32 %in_pkts_data_1_3_load"   --->   Operation 100 'write' 'write_ln0' <Predicate = (icmp_ln27)> <Delay = 0.00>
ST_1 : Operation 101 [1/1] (0.00ns)   --->   "%write_ln0 = write void @_ssdm_op_Write.ap_auto.i32P0A, i32 %in_pkts_data_2_1_out, i32 %in_pkts_data_1_2_load"   --->   Operation 101 'write' 'write_ln0' <Predicate = (icmp_ln27)> <Delay = 0.00>
ST_1 : Operation 102 [1/1] (0.00ns)   --->   "%write_ln0 = write void @_ssdm_op_Write.ap_auto.i32P0A, i32 %in_pkts_data_1_1_out, i32 %in_pkts_data_1_1_load"   --->   Operation 102 'write' 'write_ln0' <Predicate = (icmp_ln27)> <Delay = 0.00>
ST_1 : Operation 103 [1/1] (0.00ns)   --->   "%write_ln0 = write void @_ssdm_op_Write.ap_auto.i32P0A, i32 %in_pkts_data_0_1_out, i32 %in_pkts_data_1_load"   --->   Operation 103 'write' 'write_ln0' <Predicate = (icmp_ln27)> <Delay = 0.00>
ST_1 : Operation 104 [1/1] (0.00ns)   --->   "%write_ln0 = write void @_ssdm_op_Write.ap_auto.i6P0A, i6 %out_pkts_dest_out, i6 %out_pkts_dest_load"   --->   Operation 104 'write' 'write_ln0' <Predicate = (icmp_ln27)> <Delay = 0.00>
ST_1 : Operation 105 [1/1] (0.00ns)   --->   "%write_ln0 = write void @_ssdm_op_Write.ap_auto.i5P0A, i5 %out_pkts_id_out, i5 %out_pkts_id_load"   --->   Operation 105 'write' 'write_ln0' <Predicate = (icmp_ln27)> <Delay = 0.00>
ST_1 : Operation 106 [1/1] (0.00ns)   --->   "%write_ln0 = write void @_ssdm_op_Write.ap_auto.i1P0A, i1 %in_pkts_last_3_1_out, i1 %in_pkts_last_0_1_load"   --->   Operation 106 'write' 'write_ln0' <Predicate = (icmp_ln27)> <Delay = 0.00>
ST_1 : Operation 107 [1/1] (0.00ns)   --->   "%write_ln0 = write void @_ssdm_op_Write.ap_auto.i1P0A, i1 %out_pkts_last_out, i1 %in_pkts_last_0_load"   --->   Operation 107 'write' 'write_ln0' <Predicate = (icmp_ln27)> <Delay = 0.00>
ST_1 : Operation 108 [1/1] (0.00ns)   --->   "%write_ln0 = write void @_ssdm_op_Write.ap_auto.i2P0A, i2 %out_pkts_user_out, i2 %out_pkts_user_load"   --->   Operation 108 'write' 'write_ln0' <Predicate = (icmp_ln27)> <Delay = 0.00>
ST_1 : Operation 109 [1/1] (0.00ns)   --->   "%write_ln0 = write void @_ssdm_op_Write.ap_auto.i4P0A, i4 %out_pkts_strb_out, i4 %out_pkts_strb_load"   --->   Operation 109 'write' 'write_ln0' <Predicate = (icmp_ln27)> <Delay = 0.00>
ST_1 : Operation 110 [1/1] (0.00ns)   --->   "%write_ln0 = write void @_ssdm_op_Write.ap_auto.i4P0A, i4 %out_pkts_keep_out, i4 %out_pkts_keep_load"   --->   Operation 110 'write' 'write_ln0' <Predicate = (icmp_ln27)> <Delay = 0.00>
ST_1 : Operation 111 [1/1] (0.00ns)   --->   "%ret_ln0 = ret"   --->   Operation 111 'ret' 'ret_ln0' <Predicate = (icmp_ln27)> <Delay = 0.00>


============================================================
+ Verbose Summary: Timing violations
============================================================
Target clock period: 10.000ns, clock uncertainty: 2.700ns.

 <State 1>: 4.368ns
The critical path consists of the following:
	'alloca' operation ('i') [29]  (0.000 ns)
	'load' operation ('i', src/RNI.cpp:28) on local variable 'i' [67]  (0.000 ns)
	'icmp' operation ('icmp_ln28', src/RNI.cpp:28) [101]  (1.565 ns)
	'select' operation ('select_ln28_3', src/RNI.cpp:28) [115]  (1.215 ns)
	'store' operation ('store_ln27', src/RNI.cpp:27) of variable 'select_ln28_3', src/RNI.cpp:28 on local variable 'out_pkts_id' [118]  (1.588 ns)


============================================================
+ Verbose Summary: Binding
============================================================
N/A
* FSMD analyzer results:
  - Output states:
 - Input state : 
  - Chain level:
	State 1


============================================================
+ Verbose Summary: Datapath Resource usage 
============================================================
N/A
