

================================================================
== Vitis HLS Report for 'RNI_Pipeline_NEURONS_LOOP_2'
================================================================
* Date:           Mon Oct 28 16:02:34 2024

* Version:        2023.1.1 (Build 3869133 on Jun 15 2023)
* Project:        RNI
* Solution:       solution1 (Vivado IP Flow Target)
* Product family: zynq
* Target device:  xc7z020-clg400-1


================================================================
== Performance Estimates
================================================================
+ Timing: 
    * Summary: 
    +--------+----------+----------+------------+
    |  Clock |  Target  | Estimated| Uncertainty|
    +--------+----------+----------+------------+
    |ap_clk  |  10.00 ns|  7.276 ns|     2.70 ns|
    +--------+----------+----------+------------+

+ Latency: 
    * Summary: 
    +---------+---------+----------+----------+-----+-----+---------+
    |  Latency (cycles) |  Latency (absolute) |  Interval | Pipeline|
    |   min   |   max   |    min   |    max   | min | max |   Type  |
    +---------+---------+----------+----------+-----+-----+---------+
    |       35|       35|  0.350 us|  0.350 us|   35|   35|       no|
    +---------+---------+----------+----------+-----+-----+---------+

    + Detail: 
        * Instance: 
        N/A

        * Loop: 
        +------------------+---------+---------+----------+-----------+-----------+------+----------+
        |                  |  Latency (cycles) | Iteration|  Initiation Interval  | Trip |          |
        |     Loop Name    |   min   |   max   |  Latency |  achieved |   target  | Count| Pipelined|
        +------------------+---------+---------+----------+-----------+-----------+------+----------+
        |- NEURONS_LOOP_2  |       33|       33|         3|          1|          1|    32|       yes|
        +------------------+---------+---------+----------+-----------+-----------+------+----------+



================================================================
== Utilization Estimates
================================================================
* Summary: 
+-----------------+---------+-----+--------+-------+-----+
|       Name      | BRAM_18K| DSP |   FF   |  LUT  | URAM|
+-----------------+---------+-----+--------+-------+-----+
|DSP              |        -|    -|       -|      -|    -|
|Expression       |        -|    -|       0|     99|    -|
|FIFO             |        -|    -|       -|      -|    -|
|Instance         |        -|    -|       -|      -|    -|
|Memory           |        -|    -|       -|      -|    -|
|Multiplexer      |        -|    -|       -|     36|    -|
|Register         |        -|    -|      29|      -|    -|
+-----------------+---------+-----+--------+-------+-----+
|Total            |        0|    0|      29|    135|    0|
+-----------------+---------+-----+--------+-------+-----+
|Available        |      280|  220|  106400|  53200|    0|
+-----------------+---------+-----+--------+-------+-----+
|Utilization (%)  |        0|    0|      ~0|     ~0|    0|
+-----------------+---------+-----+--------+-------+-----+

+ Detail: 
    * Instance: 
    N/A

    * DSP: 
    N/A

    * Memory: 
    N/A

    * FIFO: 
    N/A

    * Expression: 
    +----------------------+----------+----+---+----+------------+------------+
    |     Variable Name    | Operation| DSP| FF| LUT| Bitwidth P0| Bitwidth P1|
    +----------------------+----------+----+---+----+------------+------------+
    |add_ln153_fu_159_p2   |         +|   0|  0|  23|          16|          16|
    |add_ln155_fu_181_p2   |         +|   0|  0|  14|           9|           9|
    |add_ln93_fu_100_p2    |         +|   0|  0|  14|           7|           1|
    |icmp_ln155_fu_211_p2  |      icmp|   0|  0|  23|          16|           1|
    |icmp_ln93_fu_85_p2    |      icmp|   0|  0|  14|           7|           7|
    |or_ln155_fu_187_p2    |        or|   0|  0|   9|           9|           9|
    |ap_enable_pp0         |       xor|   0|  0|   2|           1|           2|
    +----------------------+----------+----+---+----+------------+------------+
    |Total                 |          |   0|  0|  99|          65|          45|
    +----------------------+----------+----+---+----+------------+------------+

    * Multiplexer: 
    +-------------------------------+----+-----------+-----+-----------+
    |              Name             | LUT| Input Size| Bits| Total Bits|
    +-------------------------------+----+-----------+-----+-----------+
    |ap_done_int                    |   9|          2|    1|          2|
    |ap_enable_reg_pp0_iter1        |   9|          2|    1|          2|
    |ap_sig_allocacmp_neuron_index  |   9|          2|    7|         14|
    |neuron_index_1_fu_56           |   9|          2|    7|         14|
    +-------------------------------+----+-----------+-----+-----------+
    |Total                          |  36|          8|   16|         32|
    +-------------------------------+----+-----------+-----+-----------+

    * Register: 
    +---------------------------------------------+---+----+-----+-----------+
    |                     Name                    | FF| LUT| Bits| Const Bits|
    +---------------------------------------------+---+----+-----+-----------+
    |NEURONS_MEMBRANE_addr_reg_232                |  8|   0|    8|          0|
    |NEURONS_MEMBRANE_addr_reg_232_pp0_iter1_reg  |  8|   0|    8|          0|
    |ap_CS_fsm                                    |  1|   0|    1|          0|
    |ap_done_reg                                  |  1|   0|    1|          0|
    |ap_enable_reg_pp0_iter1                      |  1|   0|    1|          0|
    |ap_enable_reg_pp0_iter2                      |  1|   0|    1|          0|
    |ap_loop_exit_ready_pp0_iter1_reg             |  1|   0|    1|          0|
    |icmp_ln155_reg_238                           |  1|   0|    1|          0|
    |neuron_index_1_fu_56                         |  7|   0|    7|          0|
    +---------------------------------------------+---+----+-----+-----------+
    |Total                                        | 29|   0|   29|          0|
    +---------------------------------------------+---+----+-----+-----------+



================================================================
== Interface
================================================================
* Summary: 
+---------------------------+-----+-----+------------+-----------------------------+--------------+
|         RTL Ports         | Dir | Bits|  Protocol  |        Source Object        |    C Type    |
+---------------------------+-----+-----+------------+-----------------------------+--------------+
|ap_clk                     |   in|    1|  ap_ctrl_hs|  RNI_Pipeline_NEURONS_LOOP_2|  return value|
|ap_rst                     |   in|    1|  ap_ctrl_hs|  RNI_Pipeline_NEURONS_LOOP_2|  return value|
|ap_start                   |   in|    1|  ap_ctrl_hs|  RNI_Pipeline_NEURONS_LOOP_2|  return value|
|ap_done                    |  out|    1|  ap_ctrl_hs|  RNI_Pipeline_NEURONS_LOOP_2|  return value|
|ap_idle                    |  out|    1|  ap_ctrl_hs|  RNI_Pipeline_NEURONS_LOOP_2|  return value|
|ap_ready                   |  out|    1|  ap_ctrl_hs|  RNI_Pipeline_NEURONS_LOOP_2|  return value|
|NEURONS_MEMBRANE_address0  |  out|    8|   ap_memory|             NEURONS_MEMBRANE|         array|
|NEURONS_MEMBRANE_ce0       |  out|    1|   ap_memory|             NEURONS_MEMBRANE|         array|
|NEURONS_MEMBRANE_we0       |  out|    1|   ap_memory|             NEURONS_MEMBRANE|         array|
|NEURONS_MEMBRANE_d0        |  out|   16|   ap_memory|             NEURONS_MEMBRANE|         array|
|NEURONS_MEMBRANE_address1  |  out|    8|   ap_memory|             NEURONS_MEMBRANE|         array|
|NEURONS_MEMBRANE_ce1       |  out|    1|   ap_memory|             NEURONS_MEMBRANE|         array|
|NEURONS_MEMBRANE_q1        |   in|   16|   ap_memory|             NEURONS_MEMBRANE|         array|
+---------------------------+-----+-----+------------+-----------------------------+--------------+

============================================================
+ Verbose Summary: Synthesis Manager
============================================================
InlineROM: 1
ExposeGlobal: 0
============================================================
+ Verbose Summary: CDFG Model
============================================================
IsTopModel: 0
ResetActiveHigh: 1
IsCombinational: 2
IsDatapathOnly: 2
HasWiredReturn: 1
HasMFsm: 2
HasVarLatency: 1
IsPipeline: 0
IsRtlPipelined: 0
IsInstanceOverlapped: 0
IsDontTouch: 0
HasImplIP: 0
IsGatedGlobalClock: 0

+ Individual pipeline summary: 
  * Pipeline-0: initiation interval (II) = 1, depth = 3


============================================================
+ Verbose Summary: Schedule
============================================================
* Number of FSM states : 3
* Pipeline : 1
  Pipeline-0 : II = 1, D = 3, States = { 1 2 3 }
* Dataflow Pipeline: 0

* FSM state transitions: 
1 --> 2 
2 --> 3 
3 --> 

* FSM state operations: 

State 1 <SV = 0> <Delay = 3.45>
ST_1 : Operation 6 [1/1] (0.00ns)   --->   "%neuron_index_1 = alloca i32 1"   --->   Operation 6 'alloca' 'neuron_index_1' <Predicate = true> <Delay = 0.00>
ST_1 : Operation 7 [1/1] (1.58ns)   --->   "%store_ln0 = store i7 64, i7 %neuron_index_1"   --->   Operation 7 'store' 'store_ln0' <Predicate = true> <Delay = 1.58>
ST_1 : Operation 8 [1/1] (0.00ns)   --->   "%br_ln0 = br void %for.inc31.i204"   --->   Operation 8 'br' 'br_ln0' <Predicate = true> <Delay = 0.00>
ST_1 : Operation 9 [1/1] (0.00ns)   --->   "%neuron_index = load i7 %neuron_index_1" [src/RNI.cpp:93->src/RNI.cpp:33]   --->   Operation 9 'load' 'neuron_index' <Predicate = true> <Delay = 0.00>
ST_1 : Operation 10 [1/1] (0.00ns)   --->   "%specpipeline_ln0 = specpipeline void @_ssdm_op_SpecPipeline, i32 4294967295, i32 0, i32 1, i32 0, void @p_str"   --->   Operation 10 'specpipeline' 'specpipeline_ln0' <Predicate = true> <Delay = 0.00>
ST_1 : Operation 11 [1/1] (1.87ns)   --->   "%icmp_ln93 = icmp_eq  i7 %neuron_index, i7 96" [src/RNI.cpp:93->src/RNI.cpp:33]   --->   Operation 11 'icmp' 'icmp_ln93' <Predicate = true> <Delay = 1.87> <CoreInst = "Cmp">   --->   Core 9 'Cmp' <Latency = 0> <II = 1> <Delay = 1.87> <FuncUnit> <Opcode : 'icmp'> <InPorts = 2> <OutPorts = 1>
ST_1 : Operation 12 [1/1] (0.00ns)   --->   "%br_ln93 = br i1 %icmp_ln93, void %for.inc31.i204.split, void %for.inc31.i266.preheader.exitStub" [src/RNI.cpp:93->src/RNI.cpp:33]   --->   Operation 12 'br' 'br_ln93' <Predicate = true> <Delay = 0.00>
ST_1 : Operation 13 [1/1] (0.00ns)   --->   "%neuron_index_1_cast_cast_cast = sext i7 %neuron_index" [src/RNI.cpp:93->src/RNI.cpp:33]   --->   Operation 13 'sext' 'neuron_index_1_cast_cast_cast' <Predicate = (!icmp_ln93)> <Delay = 0.00>
ST_1 : Operation 14 [1/1] (0.00ns)   --->   "%neuron_index_1_cast_cast_cast_cast = zext i8 %neuron_index_1_cast_cast_cast" [src/RNI.cpp:93->src/RNI.cpp:33]   --->   Operation 14 'zext' 'neuron_index_1_cast_cast_cast_cast' <Predicate = (!icmp_ln93)> <Delay = 0.00>
ST_1 : Operation 15 [1/1] (0.00ns)   --->   "%NEURONS_MEMBRANE_addr = getelementptr i16 %NEURONS_MEMBRANE, i64 0, i64 %neuron_index_1_cast_cast_cast_cast" [src/RNI.cpp:150->src/RNI.cpp:95->src/RNI.cpp:33]   --->   Operation 15 'getelementptr' 'NEURONS_MEMBRANE_addr' <Predicate = (!icmp_ln93)> <Delay = 0.00>
ST_1 : Operation 16 [2/2] (3.25ns)   --->   "%NEURONS_MEMBRANE_load = load i8 %NEURONS_MEMBRANE_addr" [src/RNI.cpp:150->src/RNI.cpp:95->src/RNI.cpp:33]   --->   Operation 16 'load' 'NEURONS_MEMBRANE_load' <Predicate = (!icmp_ln93)> <Delay = 3.25> <CoreInst = "RAM">   --->   Core 82 'RAM' <Latency = 1> <II = 1> <Delay = 3.25> <Storage> <Opcode : 'load' 'store'> <Ports = 2> <Width = 16> <Depth = 244> <RAM>
ST_1 : Operation 17 [1/1] (1.87ns)   --->   "%add_ln93 = add i7 %neuron_index, i7 1" [src/RNI.cpp:93->src/RNI.cpp:33]   --->   Operation 17 'add' 'add_ln93' <Predicate = (!icmp_ln93)> <Delay = 1.87> <CoreInst = "Adder">   --->   Core 1 'Adder' <Latency = 0> <II = 1> <Delay = 1.87> <FuncUnit> <Opcode : 'add' 'sub'> <InPorts = 2> <OutPorts = 1>
ST_1 : Operation 18 [1/1] (1.58ns)   --->   "%store_ln93 = store i7 %add_ln93, i7 %neuron_index_1" [src/RNI.cpp:93->src/RNI.cpp:33]   --->   Operation 18 'store' 'store_ln93' <Predicate = (!icmp_ln93)> <Delay = 1.58>

State 2 <SV = 1> <Delay = 7.27>
ST_2 : Operation 19 [1/2] (3.25ns)   --->   "%NEURONS_MEMBRANE_load = load i8 %NEURONS_MEMBRANE_addr" [src/RNI.cpp:150->src/RNI.cpp:95->src/RNI.cpp:33]   --->   Operation 19 'load' 'NEURONS_MEMBRANE_load' <Predicate = true> <Delay = 3.25> <CoreInst = "RAM">   --->   Core 82 'RAM' <Latency = 1> <II = 1> <Delay = 3.25> <Storage> <Opcode : 'load' 'store'> <Ports = 2> <Width = 16> <Depth = 244> <RAM>
ST_2 : Operation 20 [1/1] (0.00ns)   --->   "%trunc_ln153_2 = partselect i15 @_ssdm_op_PartSelect.i15.i16.i32.i32, i16 %NEURONS_MEMBRANE_load, i32 1, i32 15" [src/RNI.cpp:153->src/RNI.cpp:95->src/RNI.cpp:33]   --->   Operation 20 'partselect' 'trunc_ln153_2' <Predicate = true> <Delay = 0.00>
ST_2 : Operation 21 [1/1] (0.00ns)   --->   "%sext_ln153 = sext i15 %trunc_ln153_2" [src/RNI.cpp:153->src/RNI.cpp:95->src/RNI.cpp:33]   --->   Operation 21 'sext' 'sext_ln153' <Predicate = true> <Delay = 0.00>
ST_2 : Operation 22 [1/1] (0.00ns)   --->   "%trunc_ln153_3 = partselect i14 @_ssdm_op_PartSelect.i14.i16.i32.i32, i16 %NEURONS_MEMBRANE_load, i32 2, i32 15" [src/RNI.cpp:153->src/RNI.cpp:95->src/RNI.cpp:33]   --->   Operation 22 'partselect' 'trunc_ln153_3' <Predicate = true> <Delay = 0.00>
ST_2 : Operation 23 [1/1] (0.00ns)   --->   "%sext_ln153_2 = sext i14 %trunc_ln153_3" [src/RNI.cpp:153->src/RNI.cpp:95->src/RNI.cpp:33]   --->   Operation 23 'sext' 'sext_ln153_2' <Predicate = true> <Delay = 0.00>
ST_2 : Operation 24 [1/1] (0.00ns)   --->   "%trunc_ln153_8 = partselect i9 @_ssdm_op_PartSelect.i9.i16.i32.i32, i16 %NEURONS_MEMBRANE_load, i32 2, i32 10" [src/RNI.cpp:153->src/RNI.cpp:95->src/RNI.cpp:33]   --->   Operation 24 'partselect' 'trunc_ln153_8' <Predicate = true> <Delay = 0.00>
ST_2 : Operation 25 [1/1] (0.00ns)   --->   "%trunc_ln153_9 = partselect i9 @_ssdm_op_PartSelect.i9.i16.i32.i32, i16 %NEURONS_MEMBRANE_load, i32 1, i32 9" [src/RNI.cpp:153->src/RNI.cpp:95->src/RNI.cpp:33]   --->   Operation 25 'partselect' 'trunc_ln153_9' <Predicate = true> <Delay = 0.00>
ST_2 : Operation 26 [1/1] (1.94ns)   --->   "%add_ln153 = add i16 %sext_ln153, i16 %sext_ln153_2" [src/RNI.cpp:153->src/RNI.cpp:95->src/RNI.cpp:33]   --->   Operation 26 'add' 'add_ln153' <Predicate = true> <Delay = 1.94> <CoreInst = "Adder">   --->   Core 1 'Adder' <Latency = 0> <II = 1> <Delay = 2.07> <FuncUnit> <Opcode : 'add' 'sub'> <InPorts = 2> <OutPorts = 1>
ST_2 : Operation 27 [1/1] (0.00ns) (grouped into LUT with out node icmp_ln155)   --->   "%tmp = bitselect i1 @_ssdm_op_BitSelect.i1.i16.i32, i16 %NEURONS_MEMBRANE_load, i32 8" [src/RNI.cpp:150->src/RNI.cpp:95->src/RNI.cpp:33]   --->   Operation 27 'bitselect' 'tmp' <Predicate = true> <Delay = 0.00>
ST_2 : Operation 28 [1/1] (0.00ns) (grouped into LUT with out node icmp_ln155)   --->   "%sign = bitconcatenate i9 @_ssdm_op_BitConcatenate.i9.i1.i8, i1 %tmp, i8 0" [src/RNI.cpp:150->src/RNI.cpp:95->src/RNI.cpp:33]   --->   Operation 28 'bitconcatenate' 'sign' <Predicate = true> <Delay = 0.00>
ST_2 : Operation 29 [1/1] (1.82ns)   --->   "%add_ln155 = add i9 %trunc_ln153_9, i9 %trunc_ln153_8" [src/RNI.cpp:155->src/RNI.cpp:95->src/RNI.cpp:33]   --->   Operation 29 'add' 'add_ln155' <Predicate = true> <Delay = 1.82> <CoreInst = "Adder">   --->   Core 1 'Adder' <Latency = 0> <II = 1> <Delay = 1.82> <FuncUnit> <Opcode : 'add' 'sub'> <InPorts = 2> <OutPorts = 1>
ST_2 : Operation 30 [1/1] (0.00ns) (grouped into LUT with out node icmp_ln155)   --->   "%or_ln155 = or i9 %add_ln155, i9 %sign" [src/RNI.cpp:155->src/RNI.cpp:95->src/RNI.cpp:33]   --->   Operation 30 'or' 'or_ln155' <Predicate = true> <Delay = 0.00> <CoreInst = "LogicGate">   --->   Core 74 'LogicGate' <Latency = 0> <II = 1> <Delay = 0.99> <FuncUnit> <Opcode : 'and' 'or' 'xor'> <InPorts = 2> <OutPorts = 1>
ST_2 : Operation 31 [1/1] (0.00ns) (grouped into LUT with out node icmp_ln155)   --->   "%tmp_1 = partselect i7 @_ssdm_op_PartSelect.i7.i16.i32.i32, i16 %add_ln153, i32 9, i32 15" [src/RNI.cpp:155->src/RNI.cpp:95->src/RNI.cpp:33]   --->   Operation 31 'partselect' 'tmp_1' <Predicate = true> <Delay = 0.00>
ST_2 : Operation 32 [1/1] (0.00ns) (grouped into LUT with out node icmp_ln155)   --->   "%or_ln155_1 = bitconcatenate i16 @_ssdm_op_BitConcatenate.i16.i7.i9, i7 %tmp_1, i9 %or_ln155" [src/RNI.cpp:155->src/RNI.cpp:95->src/RNI.cpp:33]   --->   Operation 32 'bitconcatenate' 'or_ln155_1' <Predicate = true> <Delay = 0.00>
ST_2 : Operation 33 [1/1] (2.07ns) (out node of the LUT)   --->   "%icmp_ln155 = icmp_ne  i16 %or_ln155_1, i16 0" [src/RNI.cpp:155->src/RNI.cpp:95->src/RNI.cpp:33]   --->   Operation 33 'icmp' 'icmp_ln155' <Predicate = true> <Delay = 2.07> <CoreInst = "Cmp">   --->   Core 9 'Cmp' <Latency = 0> <II = 1> <Delay = 2.07> <FuncUnit> <Opcode : 'icmp'> <InPorts = 2> <OutPorts = 1>
ST_2 : Operation 39 [1/1] (0.00ns)   --->   "%ret_ln0 = ret"   --->   Operation 39 'ret' 'ret_ln0' <Predicate = (icmp_ln93)> <Delay = 0.00>

State 3 <SV = 2> <Delay = 3.25>
ST_3 : Operation 34 [1/1] (0.00ns)   --->   "%speclooptripcount_ln93 = speclooptripcount void @_ssdm_op_SpecLoopTripCount, i64 32, i64 32, i64 32" [src/RNI.cpp:93->src/RNI.cpp:33]   --->   Operation 34 'speclooptripcount' 'speclooptripcount_ln93' <Predicate = true> <Delay = 0.00>
ST_3 : Operation 35 [1/1] (0.00ns)   --->   "%specloopname_ln93 = specloopname void @_ssdm_op_SpecLoopName, void @empty_9" [src/RNI.cpp:93->src/RNI.cpp:33]   --->   Operation 35 'specloopname' 'specloopname_ln93' <Predicate = true> <Delay = 0.00>
ST_3 : Operation 36 [1/1] (0.00ns)   --->   "%zext_ln155 = zext i1 %icmp_ln155" [src/RNI.cpp:155->src/RNI.cpp:95->src/RNI.cpp:33]   --->   Operation 36 'zext' 'zext_ln155' <Predicate = true> <Delay = 0.00>
ST_3 : Operation 37 [1/1] (3.25ns)   --->   "%store_ln155 = store i16 %zext_ln155, i8 %NEURONS_MEMBRANE_addr" [src/RNI.cpp:155->src/RNI.cpp:95->src/RNI.cpp:33]   --->   Operation 37 'store' 'store_ln155' <Predicate = true> <Delay = 3.25> <CoreInst = "RAM">   --->   Core 82 'RAM' <Latency = 1> <II = 1> <Delay = 3.25> <Storage> <Opcode : 'load' 'store'> <Ports = 2> <Width = 16> <Depth = 244> <RAM>
ST_3 : Operation 38 [1/1] (0.00ns)   --->   "%br_ln93 = br void %for.inc31.i204" [src/RNI.cpp:93->src/RNI.cpp:33]   --->   Operation 38 'br' 'br_ln93' <Predicate = true> <Delay = 0.00>


============================================================
+ Verbose Summary: Binding
============================================================
STG Binding: 
---------------- STG Properties BEGIN ----------------
- Is combinational: 0
- Is one-state seq: 0
- Is datapath-only: 0
- Is pipelined: 0
- Is top level: 0
Port [ Return ] is wired: 1; IO mode=ap_ctrl_hs:ce=0
Port [ NEURONS_MEMBRANE]:  wired=1; compound=1; hidden=0; nouse=0; global=1; static=1; extern=0; dir=2; type=1; pingpong=0; private_global=0; MemPort=[01]; IO mode=ap_memory:ce=0
---------------- STG Properties END ------------------

---------------- Datapath Model BEGIN ----------------

<LifeTime>
<method=bitvector/>
neuron_index_1                     (alloca           ) [ 0100]
store_ln0                          (store            ) [ 0000]
br_ln0                             (br               ) [ 0000]
neuron_index                       (load             ) [ 0000]
specpipeline_ln0                   (specpipeline     ) [ 0000]
icmp_ln93                          (icmp             ) [ 0110]
br_ln93                            (br               ) [ 0000]
neuron_index_1_cast_cast_cast      (sext             ) [ 0000]
neuron_index_1_cast_cast_cast_cast (zext             ) [ 0000]
NEURONS_MEMBRANE_addr              (getelementptr    ) [ 0111]
add_ln93                           (add              ) [ 0000]
store_ln93                         (store            ) [ 0000]
NEURONS_MEMBRANE_load              (load             ) [ 0000]
trunc_ln153_2                      (partselect       ) [ 0000]
sext_ln153                         (sext             ) [ 0000]
trunc_ln153_3                      (partselect       ) [ 0000]
sext_ln153_2                       (sext             ) [ 0000]
trunc_ln153_8                      (partselect       ) [ 0000]
trunc_ln153_9                      (partselect       ) [ 0000]
add_ln153                          (add              ) [ 0000]
tmp                                (bitselect        ) [ 0000]
sign                               (bitconcatenate   ) [ 0000]
add_ln155                          (add              ) [ 0000]
or_ln155                           (or               ) [ 0000]
tmp_1                              (partselect       ) [ 0000]
or_ln155_1                         (bitconcatenate   ) [ 0000]
icmp_ln155                         (icmp             ) [ 0101]
speclooptripcount_ln93             (speclooptripcount) [ 0000]
specloopname_ln93                  (specloopname     ) [ 0000]
zext_ln155                         (zext             ) [ 0000]
store_ln155                        (store            ) [ 0000]
br_ln93                            (br               ) [ 0000]
ret_ln0                            (ret              ) [ 0000]
</LifeTime>

<model>

<comp_list>
<comp id="0" class="1000" name="NEURONS_MEMBRANE">
<pin_list>
<pin id="1" dir="1" index="0" bw="1" slack="0"/>
</pin_list>
<bind>
<StgValue><ssdm name="NEURONS_MEMBRANE"/><MemPortTyVec>0 1 </MemPortTyVec>
</StgValue>
</bind>
</comp>

<comp id="2" class="1001" name="const_2">
<pin_list>
<pin id="3" dir="1" index="0" bw="1" slack="0"/>
</pin_list>
<bind>
<StgValue><ssdm name=""/></StgValue>
</bind>
</comp>

<comp id="4" class="1001" name="const_4">
<pin_list>
<pin id="5" dir="1" index="0" bw="1" slack="0"/>
</pin_list>
<bind>
<StgValue><ssdm name=""/></StgValue>
</bind>
</comp>

<comp id="6" class="1001" name="const_6">
<pin_list>
<pin id="7" dir="1" index="0" bw="1" slack="2147483647"/>
</pin_list>
<bind>
<StgValue><ssdm name="_ssdm_op_SpecPipeline"/></StgValue>
</bind>
</comp>

<comp id="8" class="1001" name="const_8">
<pin_list>
<pin id="9" dir="1" index="0" bw="1" slack="2147483647"/>
</pin_list>
<bind>
<StgValue><ssdm name=""/></StgValue>
</bind>
</comp>

<comp id="10" class="1001" name="const_10">
<pin_list>
<pin id="11" dir="1" index="0" bw="1" slack="2147483647"/>
</pin_list>
<bind>
<StgValue><ssdm name=""/></StgValue>
</bind>
</comp>

<comp id="12" class="1001" name="const_12">
<pin_list>
<pin id="13" dir="1" index="0" bw="1" slack="2147483647"/>
</pin_list>
<bind>
<StgValue><ssdm name="p_str"/></StgValue>
</bind>
</comp>

<comp id="14" class="1001" name="const_14">
<pin_list>
<pin id="15" dir="1" index="0" bw="1" slack="0"/>
</pin_list>
<bind>
<StgValue><ssdm name=""/></StgValue>
</bind>
</comp>

<comp id="16" class="1001" name="const_16">
<pin_list>
<pin id="17" dir="1" index="0" bw="1" slack="0"/>
</pin_list>
<bind>
<StgValue><ssdm name=""/></StgValue>
</bind>
</comp>

<comp id="18" class="1001" name="const_18">
<pin_list>
<pin id="19" dir="1" index="0" bw="1" slack="0"/>
</pin_list>
<bind>
<StgValue><ssdm name=""/></StgValue>
</bind>
</comp>

<comp id="20" class="1001" name="const_20">
<pin_list>
<pin id="21" dir="1" index="0" bw="1" slack="0"/>
</pin_list>
<bind>
<StgValue><ssdm name="_ssdm_op_PartSelect.i15.i16.i32.i32"/></StgValue>
</bind>
</comp>

<comp id="22" class="1001" name="const_22">
<pin_list>
<pin id="23" dir="1" index="0" bw="1" slack="0"/>
</pin_list>
<bind>
<StgValue><ssdm name=""/></StgValue>
</bind>
</comp>

<comp id="24" class="1001" name="const_24">
<pin_list>
<pin id="25" dir="1" index="0" bw="1" slack="0"/>
</pin_list>
<bind>
<StgValue><ssdm name="_ssdm_op_PartSelect.i14.i16.i32.i32"/></StgValue>
</bind>
</comp>

<comp id="26" class="1001" name="const_26">
<pin_list>
<pin id="27" dir="1" index="0" bw="1" slack="0"/>
</pin_list>
<bind>
<StgValue><ssdm name=""/></StgValue>
</bind>
</comp>

<comp id="28" class="1001" name="const_28">
<pin_list>
<pin id="29" dir="1" index="0" bw="1" slack="0"/>
</pin_list>
<bind>
<StgValue><ssdm name="_ssdm_op_PartSelect.i9.i16.i32.i32"/></StgValue>
</bind>
</comp>

<comp id="30" class="1001" name="const_30">
<pin_list>
<pin id="31" dir="1" index="0" bw="1" slack="0"/>
</pin_list>
<bind>
<StgValue><ssdm name=""/></StgValue>
</bind>
</comp>

<comp id="32" class="1001" name="const_32">
<pin_list>
<pin id="33" dir="1" index="0" bw="1" slack="0"/>
</pin_list>
<bind>
<StgValue><ssdm name=""/></StgValue>
</bind>
</comp>

<comp id="34" class="1001" name="const_34">
<pin_list>
<pin id="35" dir="1" index="0" bw="1" slack="0"/>
</pin_list>
<bind>
<StgValue><ssdm name="_ssdm_op_BitSelect.i1.i16.i32"/></StgValue>
</bind>
</comp>

<comp id="36" class="1001" name="const_36">
<pin_list>
<pin id="37" dir="1" index="0" bw="1" slack="0"/>
</pin_list>
<bind>
<StgValue><ssdm name=""/></StgValue>
</bind>
</comp>

<comp id="38" class="1001" name="const_38">
<pin_list>
<pin id="39" dir="1" index="0" bw="1" slack="0"/>
</pin_list>
<bind>
<StgValue><ssdm name="_ssdm_op_BitConcatenate.i9.i1.i8"/></StgValue>
</bind>
</comp>

<comp id="40" class="1001" name="const_40">
<pin_list>
<pin id="41" dir="1" index="0" bw="1" slack="0"/>
</pin_list>
<bind>
<StgValue><ssdm name=""/></StgValue>
</bind>
</comp>

<comp id="42" class="1001" name="const_42">
<pin_list>
<pin id="43" dir="1" index="0" bw="1" slack="0"/>
</pin_list>
<bind>
<StgValue><ssdm name="_ssdm_op_PartSelect.i7.i16.i32.i32"/></StgValue>
</bind>
</comp>

<comp id="44" class="1001" name="const_44">
<pin_list>
<pin id="45" dir="1" index="0" bw="1" slack="0"/>
</pin_list>
<bind>
<StgValue><ssdm name="_ssdm_op_BitConcatenate.i16.i7.i9"/></StgValue>
</bind>
</comp>

<comp id="46" class="1001" name="const_46">
<pin_list>
<pin id="47" dir="1" index="0" bw="1" slack="0"/>
</pin_list>
<bind>
<StgValue><ssdm name=""/></StgValue>
</bind>
</comp>

<comp id="48" class="1001" name="const_48">
<pin_list>
<pin id="49" dir="1" index="0" bw="1" slack="2147483647"/>
</pin_list>
<bind>
<StgValue><ssdm name="_ssdm_op_SpecLoopTripCount"/></StgValue>
</bind>
</comp>

<comp id="50" class="1001" name="const_50">
<pin_list>
<pin id="51" dir="1" index="0" bw="1" slack="2147483647"/>
</pin_list>
<bind>
<StgValue><ssdm name=""/></StgValue>
</bind>
</comp>

<comp id="52" class="1001" name="const_52">
<pin_list>
<pin id="53" dir="1" index="0" bw="1" slack="2147483647"/>
</pin_list>
<bind>
<StgValue><ssdm name="_ssdm_op_SpecLoopName"/></StgValue>
</bind>
</comp>

<comp id="54" class="1001" name="const_54">
<pin_list>
<pin id="55" dir="1" index="0" bw="1" slack="2147483647"/>
</pin_list>
<bind>
<StgValue><ssdm name="empty_9"/></StgValue>
</bind>
</comp>

<comp id="56" class="1004" name="neuron_index_1_fu_56">
<pin_list>
<pin id="57" dir="0" index="0" bw="1" slack="0"/>
<pin id="58" dir="1" index="1" bw="7" slack="0"/>
</pin_list>
<bind>
<opcode="alloca(26) " fcode="alloca"/>
<opset="neuron_index_1/1 "/>
</bind>
</comp>

<comp id="60" class="1004" name="NEURONS_MEMBRANE_addr_gep_fu_60">
<pin_list>
<pin id="61" dir="0" index="0" bw="16" slack="0"/>
<pin id="62" dir="0" index="1" bw="1" slack="0"/>
<pin id="63" dir="0" index="2" bw="8" slack="0"/>
<pin id="64" dir="1" index="3" bw="8" slack="0"/>
</pin_list>
<bind>
<opcode="getelementptr(29) " fcode="getelementptr"/>
<opset="NEURONS_MEMBRANE_addr/1 "/>
</bind>
</comp>

<comp id="67" class="1004" name="grp_access_fu_67">
<pin_list>
<pin id="68" dir="0" index="0" bw="8" slack="2"/>
<pin id="69" dir="0" index="1" bw="16" slack="0"/>
<pin id="70" dir="0" index="2" bw="0" slack="0"/>
<pin id="72" dir="0" index="4" bw="8" slack="2147483647"/>
<pin id="73" dir="0" index="5" bw="16" slack="2147483647"/>
<pin id="74" dir="0" index="6" bw="0" slack="2147483647"/>
<pin id="71" dir="1" index="3" bw="16" slack="2147483647"/>
<pin id="75" dir="1" index="7" bw="16" slack="0"/>
</pin_list>
<bind>
<opcode="load(27) store(28) " fcode="store"/>
<opset="NEURONS_MEMBRANE_load/1 store_ln155/3 "/>
</bind>
</comp>

<comp id="77" class="1004" name="store_ln0_store_fu_77">
<pin_list>
<pin id="78" dir="0" index="0" bw="7" slack="0"/>
<pin id="79" dir="0" index="1" bw="7" slack="0"/>
<pin id="80" dir="1" index="2" bw="0" slack="2147483647"/>
</pin_list>
<bind>
<opcode="store(28) " fcode="store"/>
<opset="store_ln0/1 "/>
</bind>
</comp>

<comp id="82" class="1004" name="neuron_index_load_fu_82">
<pin_list>
<pin id="83" dir="0" index="0" bw="7" slack="0"/>
<pin id="84" dir="1" index="1" bw="7" slack="0"/>
</pin_list>
<bind>
<opcode="load(27) " fcode="load"/>
<opset="neuron_index/1 "/>
</bind>
</comp>

<comp id="85" class="1004" name="icmp_ln93_fu_85">
<pin_list>
<pin id="86" dir="0" index="0" bw="7" slack="0"/>
<pin id="87" dir="0" index="1" bw="7" slack="0"/>
<pin id="88" dir="1" index="2" bw="1" slack="1"/>
</pin_list>
<bind>
<opcode="icmp(45) " fcode="icmp"/>
<opset="icmp_ln93/1 "/>
</bind>
</comp>

<comp id="91" class="1004" name="neuron_index_1_cast_cast_cast_fu_91">
<pin_list>
<pin id="92" dir="0" index="0" bw="7" slack="0"/>
<pin id="93" dir="1" index="1" bw="8" slack="0"/>
</pin_list>
<bind>
<opcode="sext(35) " fcode="sext"/>
<opset="neuron_index_1_cast_cast_cast/1 "/>
</bind>
</comp>

<comp id="95" class="1004" name="neuron_index_1_cast_cast_cast_cast_fu_95">
<pin_list>
<pin id="96" dir="0" index="0" bw="7" slack="0"/>
<pin id="97" dir="1" index="1" bw="64" slack="0"/>
</pin_list>
<bind>
<opcode="zext(34) " fcode="zext"/>
<opset="neuron_index_1_cast_cast_cast_cast/1 "/>
</bind>
</comp>

<comp id="100" class="1004" name="add_ln93_fu_100">
<pin_list>
<pin id="101" dir="0" index="0" bw="7" slack="0"/>
<pin id="102" dir="0" index="1" bw="1" slack="0"/>
<pin id="103" dir="1" index="2" bw="7" slack="0"/>
</pin_list>
<bind>
<opcode="add(8) " fcode="add"/>
<opset="add_ln93/1 "/>
</bind>
</comp>

<comp id="106" class="1004" name="store_ln93_store_fu_106">
<pin_list>
<pin id="107" dir="0" index="0" bw="7" slack="0"/>
<pin id="108" dir="0" index="1" bw="7" slack="0"/>
<pin id="109" dir="1" index="2" bw="0" slack="2147483647"/>
</pin_list>
<bind>
<opcode="store(28) " fcode="store"/>
<opset="store_ln93/1 "/>
</bind>
</comp>

<comp id="111" class="1004" name="trunc_ln153_2_fu_111">
<pin_list>
<pin id="112" dir="0" index="0" bw="15" slack="0"/>
<pin id="113" dir="0" index="1" bw="16" slack="0"/>
<pin id="114" dir="0" index="2" bw="1" slack="0"/>
<pin id="115" dir="0" index="3" bw="5" slack="0"/>
<pin id="116" dir="1" index="4" bw="15" slack="0"/>
</pin_list>
<bind>
<opcode="partselect(1002) " fcode="partselect"/>
<opset="trunc_ln153_2/2 "/>
</bind>
</comp>

<comp id="121" class="1004" name="sext_ln153_fu_121">
<pin_list>
<pin id="122" dir="0" index="0" bw="15" slack="0"/>
<pin id="123" dir="1" index="1" bw="16" slack="0"/>
</pin_list>
<bind>
<opcode="sext(35) " fcode="sext"/>
<opset="sext_ln153/2 "/>
</bind>
</comp>

<comp id="125" class="1004" name="trunc_ln153_3_fu_125">
<pin_list>
<pin id="126" dir="0" index="0" bw="14" slack="0"/>
<pin id="127" dir="0" index="1" bw="16" slack="0"/>
<pin id="128" dir="0" index="2" bw="3" slack="0"/>
<pin id="129" dir="0" index="3" bw="5" slack="0"/>
<pin id="130" dir="1" index="4" bw="14" slack="0"/>
</pin_list>
<bind>
<opcode="partselect(1002) " fcode="partselect"/>
<opset="trunc_ln153_3/2 "/>
</bind>
</comp>

<comp id="135" class="1004" name="sext_ln153_2_fu_135">
<pin_list>
<pin id="136" dir="0" index="0" bw="14" slack="0"/>
<pin id="137" dir="1" index="1" bw="16" slack="0"/>
</pin_list>
<bind>
<opcode="sext(35) " fcode="sext"/>
<opset="sext_ln153_2/2 "/>
</bind>
</comp>

<comp id="139" class="1004" name="trunc_ln153_8_fu_139">
<pin_list>
<pin id="140" dir="0" index="0" bw="9" slack="0"/>
<pin id="141" dir="0" index="1" bw="16" slack="0"/>
<pin id="142" dir="0" index="2" bw="3" slack="0"/>
<pin id="143" dir="0" index="3" bw="5" slack="0"/>
<pin id="144" dir="1" index="4" bw="9" slack="0"/>
</pin_list>
<bind>
<opcode="partselect(1002) " fcode="partselect"/>
<opset="trunc_ln153_8/2 "/>
</bind>
</comp>

<comp id="149" class="1004" name="trunc_ln153_9_fu_149">
<pin_list>
<pin id="150" dir="0" index="0" bw="9" slack="0"/>
<pin id="151" dir="0" index="1" bw="16" slack="0"/>
<pin id="152" dir="0" index="2" bw="1" slack="0"/>
<pin id="153" dir="0" index="3" bw="5" slack="0"/>
<pin id="154" dir="1" index="4" bw="9" slack="0"/>
</pin_list>
<bind>
<opcode="partselect(1002) " fcode="partselect"/>
<opset="trunc_ln153_9/2 "/>
</bind>
</comp>

<comp id="159" class="1004" name="add_ln153_fu_159">
<pin_list>
<pin id="160" dir="0" index="0" bw="15" slack="0"/>
<pin id="161" dir="0" index="1" bw="14" slack="0"/>
<pin id="162" dir="1" index="2" bw="16" slack="0"/>
</pin_list>
<bind>
<opcode="add(8) " fcode="add"/>
<opset="add_ln153/2 "/>
</bind>
</comp>

<comp id="165" class="1004" name="tmp_fu_165">
<pin_list>
<pin id="166" dir="0" index="0" bw="1" slack="0"/>
<pin id="167" dir="0" index="1" bw="16" slack="0"/>
<pin id="168" dir="0" index="2" bw="5" slack="0"/>
<pin id="169" dir="1" index="3" bw="1" slack="0"/>
</pin_list>
<bind>
<opcode="bitselect(1000) " fcode="bitselect"/>
<opset="tmp/2 "/>
</bind>
</comp>

<comp id="173" class="1004" name="sign_fu_173">
<pin_list>
<pin id="174" dir="0" index="0" bw="9" slack="0"/>
<pin id="175" dir="0" index="1" bw="1" slack="0"/>
<pin id="176" dir="0" index="2" bw="1" slack="0"/>
<pin id="177" dir="1" index="3" bw="9" slack="0"/>
</pin_list>
<bind>
<opcode="bitconcatenate(1004) " fcode="bitconcatenate"/>
<opset="sign/2 "/>
</bind>
</comp>

<comp id="181" class="1004" name="add_ln155_fu_181">
<pin_list>
<pin id="182" dir="0" index="0" bw="9" slack="0"/>
<pin id="183" dir="0" index="1" bw="9" slack="0"/>
<pin id="184" dir="1" index="2" bw="9" slack="0"/>
</pin_list>
<bind>
<opcode="add(8) " fcode="add"/>
<opset="add_ln155/2 "/>
</bind>
</comp>

<comp id="187" class="1004" name="or_ln155_fu_187">
<pin_list>
<pin id="188" dir="0" index="0" bw="9" slack="0"/>
<pin id="189" dir="0" index="1" bw="9" slack="0"/>
<pin id="190" dir="1" index="2" bw="9" slack="0"/>
</pin_list>
<bind>
<opcode="or(24) " fcode="or"/>
<opset="or_ln155/2 "/>
</bind>
</comp>

<comp id="193" class="1004" name="tmp_1_fu_193">
<pin_list>
<pin id="194" dir="0" index="0" bw="7" slack="0"/>
<pin id="195" dir="0" index="1" bw="16" slack="0"/>
<pin id="196" dir="0" index="2" bw="5" slack="0"/>
<pin id="197" dir="0" index="3" bw="5" slack="0"/>
<pin id="198" dir="1" index="4" bw="7" slack="0"/>
</pin_list>
<bind>
<opcode="partselect(1002) " fcode="partselect"/>
<opset="tmp_1/2 "/>
</bind>
</comp>

<comp id="203" class="1004" name="or_ln155_1_fu_203">
<pin_list>
<pin id="204" dir="0" index="0" bw="16" slack="0"/>
<pin id="205" dir="0" index="1" bw="7" slack="0"/>
<pin id="206" dir="0" index="2" bw="9" slack="0"/>
<pin id="207" dir="1" index="3" bw="16" slack="0"/>
</pin_list>
<bind>
<opcode="bitconcatenate(1004) " fcode="bitconcatenate"/>
<opset="or_ln155_1/2 "/>
</bind>
</comp>

<comp id="211" class="1004" name="icmp_ln155_fu_211">
<pin_list>
<pin id="212" dir="0" index="0" bw="16" slack="0"/>
<pin id="213" dir="0" index="1" bw="16" slack="0"/>
<pin id="214" dir="1" index="2" bw="1" slack="1"/>
</pin_list>
<bind>
<opcode="icmp(45) " fcode="icmp"/>
<opset="icmp_ln155/2 "/>
</bind>
</comp>

<comp id="217" class="1004" name="zext_ln155_fu_217">
<pin_list>
<pin id="218" dir="0" index="0" bw="1" slack="1"/>
<pin id="219" dir="1" index="1" bw="16" slack="0"/>
</pin_list>
<bind>
<opcode="zext(34) " fcode="zext"/>
<opset="zext_ln155/3 "/>
</bind>
</comp>

<comp id="221" class="1005" name="neuron_index_1_reg_221">
<pin_list>
<pin id="222" dir="0" index="0" bw="7" slack="0"/>
<pin id="223" dir="1" index="1" bw="7" slack="0"/>
</pin_list>
<bind>
<opset="neuron_index_1 "/>
</bind>
</comp>

<comp id="228" class="1005" name="icmp_ln93_reg_228">
<pin_list>
<pin id="229" dir="0" index="0" bw="1" slack="1"/>
<pin id="230" dir="1" index="1" bw="1" slack="2147483647"/>
</pin_list>
<bind>
<opset="icmp_ln93 "/>
</bind>
</comp>

<comp id="232" class="1005" name="NEURONS_MEMBRANE_addr_reg_232">
<pin_list>
<pin id="233" dir="0" index="0" bw="8" slack="1"/>
<pin id="234" dir="1" index="1" bw="8" slack="1"/>
</pin_list>
<bind>
<opset="NEURONS_MEMBRANE_addr "/>
</bind>
</comp>

<comp id="238" class="1005" name="icmp_ln155_reg_238">
<pin_list>
<pin id="239" dir="0" index="0" bw="1" slack="1"/>
<pin id="240" dir="1" index="1" bw="1" slack="1"/>
</pin_list>
<bind>
<opset="icmp_ln155 "/>
</bind>
</comp>

</comp_list>

<net_list>
<net id="59"><net_src comp="2" pin="0"/><net_sink comp="56" pin=0"/></net>

<net id="65"><net_src comp="0" pin="0"/><net_sink comp="60" pin=0"/></net>

<net id="66"><net_src comp="16" pin="0"/><net_sink comp="60" pin=1"/></net>

<net id="76"><net_src comp="60" pin="3"/><net_sink comp="67" pin=2"/></net>

<net id="81"><net_src comp="4" pin="0"/><net_sink comp="77" pin=0"/></net>

<net id="89"><net_src comp="82" pin="1"/><net_sink comp="85" pin=0"/></net>

<net id="90"><net_src comp="14" pin="0"/><net_sink comp="85" pin=1"/></net>

<net id="94"><net_src comp="82" pin="1"/><net_sink comp="91" pin=0"/></net>

<net id="98"><net_src comp="91" pin="1"/><net_sink comp="95" pin=0"/></net>

<net id="99"><net_src comp="95" pin="1"/><net_sink comp="60" pin=2"/></net>

<net id="104"><net_src comp="82" pin="1"/><net_sink comp="100" pin=0"/></net>

<net id="105"><net_src comp="18" pin="0"/><net_sink comp="100" pin=1"/></net>

<net id="110"><net_src comp="100" pin="2"/><net_sink comp="106" pin=0"/></net>

<net id="117"><net_src comp="20" pin="0"/><net_sink comp="111" pin=0"/></net>

<net id="118"><net_src comp="67" pin="7"/><net_sink comp="111" pin=1"/></net>

<net id="119"><net_src comp="2" pin="0"/><net_sink comp="111" pin=2"/></net>

<net id="120"><net_src comp="22" pin="0"/><net_sink comp="111" pin=3"/></net>

<net id="124"><net_src comp="111" pin="4"/><net_sink comp="121" pin=0"/></net>

<net id="131"><net_src comp="24" pin="0"/><net_sink comp="125" pin=0"/></net>

<net id="132"><net_src comp="67" pin="7"/><net_sink comp="125" pin=1"/></net>

<net id="133"><net_src comp="26" pin="0"/><net_sink comp="125" pin=2"/></net>

<net id="134"><net_src comp="22" pin="0"/><net_sink comp="125" pin=3"/></net>

<net id="138"><net_src comp="125" pin="4"/><net_sink comp="135" pin=0"/></net>

<net id="145"><net_src comp="28" pin="0"/><net_sink comp="139" pin=0"/></net>

<net id="146"><net_src comp="67" pin="7"/><net_sink comp="139" pin=1"/></net>

<net id="147"><net_src comp="26" pin="0"/><net_sink comp="139" pin=2"/></net>

<net id="148"><net_src comp="30" pin="0"/><net_sink comp="139" pin=3"/></net>

<net id="155"><net_src comp="28" pin="0"/><net_sink comp="149" pin=0"/></net>

<net id="156"><net_src comp="67" pin="7"/><net_sink comp="149" pin=1"/></net>

<net id="157"><net_src comp="2" pin="0"/><net_sink comp="149" pin=2"/></net>

<net id="158"><net_src comp="32" pin="0"/><net_sink comp="149" pin=3"/></net>

<net id="163"><net_src comp="121" pin="1"/><net_sink comp="159" pin=0"/></net>

<net id="164"><net_src comp="135" pin="1"/><net_sink comp="159" pin=1"/></net>

<net id="170"><net_src comp="34" pin="0"/><net_sink comp="165" pin=0"/></net>

<net id="171"><net_src comp="67" pin="7"/><net_sink comp="165" pin=1"/></net>

<net id="172"><net_src comp="36" pin="0"/><net_sink comp="165" pin=2"/></net>

<net id="178"><net_src comp="38" pin="0"/><net_sink comp="173" pin=0"/></net>

<net id="179"><net_src comp="165" pin="3"/><net_sink comp="173" pin=1"/></net>

<net id="180"><net_src comp="40" pin="0"/><net_sink comp="173" pin=2"/></net>

<net id="185"><net_src comp="149" pin="4"/><net_sink comp="181" pin=0"/></net>

<net id="186"><net_src comp="139" pin="4"/><net_sink comp="181" pin=1"/></net>

<net id="191"><net_src comp="181" pin="2"/><net_sink comp="187" pin=0"/></net>

<net id="192"><net_src comp="173" pin="3"/><net_sink comp="187" pin=1"/></net>

<net id="199"><net_src comp="42" pin="0"/><net_sink comp="193" pin=0"/></net>

<net id="200"><net_src comp="159" pin="2"/><net_sink comp="193" pin=1"/></net>

<net id="201"><net_src comp="32" pin="0"/><net_sink comp="193" pin=2"/></net>

<net id="202"><net_src comp="22" pin="0"/><net_sink comp="193" pin=3"/></net>

<net id="208"><net_src comp="44" pin="0"/><net_sink comp="203" pin=0"/></net>

<net id="209"><net_src comp="193" pin="4"/><net_sink comp="203" pin=1"/></net>

<net id="210"><net_src comp="187" pin="2"/><net_sink comp="203" pin=2"/></net>

<net id="215"><net_src comp="203" pin="3"/><net_sink comp="211" pin=0"/></net>

<net id="216"><net_src comp="46" pin="0"/><net_sink comp="211" pin=1"/></net>

<net id="220"><net_src comp="217" pin="1"/><net_sink comp="67" pin=1"/></net>

<net id="224"><net_src comp="56" pin="1"/><net_sink comp="221" pin=0"/></net>

<net id="225"><net_src comp="221" pin="1"/><net_sink comp="77" pin=1"/></net>

<net id="226"><net_src comp="221" pin="1"/><net_sink comp="82" pin=0"/></net>

<net id="227"><net_src comp="221" pin="1"/><net_sink comp="106" pin=1"/></net>

<net id="231"><net_src comp="85" pin="2"/><net_sink comp="228" pin=0"/></net>

<net id="235"><net_src comp="60" pin="3"/><net_sink comp="232" pin=0"/></net>

<net id="236"><net_src comp="232" pin="1"/><net_sink comp="67" pin=2"/></net>

<net id="237"><net_src comp="232" pin="1"/><net_sink comp="67" pin=0"/></net>

<net id="241"><net_src comp="211" pin="2"/><net_sink comp="238" pin=0"/></net>

<net id="242"><net_src comp="238" pin="1"/><net_sink comp="217" pin=0"/></net>

</net_list>

</model> 
---------------- Datapath Model END ------------------

* FSMD analyzer results:
  - Output states:
	Port: NEURONS_MEMBRANE | {3 }
 - Input state : 
	Port: RNI_Pipeline_NEURONS_LOOP_2 : NEURONS_MEMBRANE | {1 2 }
  - Chain level:
	State 1
		store_ln0 : 1
		neuron_index : 1
		icmp_ln93 : 2
		br_ln93 : 3
		neuron_index_1_cast_cast_cast : 2
		neuron_index_1_cast_cast_cast_cast : 3
		NEURONS_MEMBRANE_addr : 4
		NEURONS_MEMBRANE_load : 5
		add_ln93 : 2
		store_ln93 : 3
	State 2
		trunc_ln153_2 : 1
		sext_ln153 : 2
		trunc_ln153_3 : 1
		sext_ln153_2 : 2
		trunc_ln153_8 : 1
		trunc_ln153_9 : 1
		add_ln153 : 3
		tmp : 1
		sign : 2
		add_ln155 : 2
		or_ln155 : 3
		tmp_1 : 4
		or_ln155_1 : 5
		icmp_ln155 : 6
	State 3
		store_ln155 : 1


============================================================
+ Verbose Summary: Datapath Resource usage 
============================================================

* Functional unit list:
|----------|------------------------------------------|---------|---------|
| Operation|              Functional Unit             |    FF   |   LUT   |
|----------|------------------------------------------|---------|---------|
|          |              add_ln93_fu_100             |    0    |    14   |
|    add   |             add_ln153_fu_159             |    0    |    20   |
|          |             add_ln155_fu_181             |    0    |    14   |
|----------|------------------------------------------|---------|---------|
|   icmp   |              icmp_ln93_fu_85             |    0    |    14   |
|          |             icmp_ln155_fu_211            |    0    |    23   |
|----------|------------------------------------------|---------|---------|
|    or    |              or_ln155_fu_187             |    0    |    9    |
|----------|------------------------------------------|---------|---------|
|          |    neuron_index_1_cast_cast_cast_fu_91   |    0    |    0    |
|   sext   |             sext_ln153_fu_121            |    0    |    0    |
|          |            sext_ln153_2_fu_135           |    0    |    0    |
|----------|------------------------------------------|---------|---------|
|   zext   | neuron_index_1_cast_cast_cast_cast_fu_95 |    0    |    0    |
|          |             zext_ln155_fu_217            |    0    |    0    |
|----------|------------------------------------------|---------|---------|
|          |           trunc_ln153_2_fu_111           |    0    |    0    |
|          |           trunc_ln153_3_fu_125           |    0    |    0    |
|partselect|           trunc_ln153_8_fu_139           |    0    |    0    |
|          |           trunc_ln153_9_fu_149           |    0    |    0    |
|          |               tmp_1_fu_193               |    0    |    0    |
|----------|------------------------------------------|---------|---------|
| bitselect|                tmp_fu_165                |    0    |    0    |
|----------|------------------------------------------|---------|---------|
|bitconcatenate|                sign_fu_173               |    0    |    0    |
|          |             or_ln155_1_fu_203            |    0    |    0    |
|----------|------------------------------------------|---------|---------|
|   Total  |                                          |    0    |    94   |
|----------|------------------------------------------|---------|---------|

Memories:
N/A

* Register list:
+-----------------------------+--------+
|                             |   FF   |
+-----------------------------+--------+
|NEURONS_MEMBRANE_addr_reg_232|    8   |
|      icmp_ln155_reg_238     |    1   |
|      icmp_ln93_reg_228      |    1   |
|    neuron_index_1_reg_221   |    7   |
+-----------------------------+--------+
|            Total            |   17   |
+-----------------------------+--------+

* Multiplexer (MUX) list: 
|------------------|------|------|------|--------||---------||---------|
|       Comp       |  Pin | Size |  BW  | S x BW ||  Delay  ||   LUT   |
|------------------|------|------|------|--------||---------||---------|
| grp_access_fu_67 |  p2  |   2  |   0  |    0   ||    9    |
|------------------|------|------|------|--------||---------||---------|
|       Total      |      |      |      |    0   ||  1.588  ||    9    |
|------------------|------|------|------|--------||---------||---------|



* Summary:
+-----------+--------+--------+--------+
|           |  Delay |   FF   |   LUT  |
+-----------+--------+--------+--------+
|  Function |    -   |    0   |   94   |
|   Memory  |    -   |    -   |    -   |
|Multiplexer|    1   |    -   |    9   |
|  Register |    -   |   17   |    -   |
+-----------+--------+--------+--------+
|   Total   |    1   |   17   |   103  |
+-----------+--------+--------+--------+
