

================================================================
== Vitis HLS Report for 'RNI_func'
================================================================
* Date:           Thu Mar 28 01:32:07 2024

* Version:        2023.1.1 (Build 3869133 on Jun 15 2023)
* Project:        RNI
* Solution:       solution1 (Vivado IP Flow Target)
* Product family: zynq
* Target device:  xc7z020-clg400-1


================================================================
== Performance Estimates
================================================================
+ Timing: 
    * Summary: 
    +--------+----------+----------+------------+
    |  Clock |  Target  | Estimated| Uncertainty|
    +--------+----------+----------+------------+
    |ap_clk  |  10.00 ns|      0 ns|     2.70 ns|
    +--------+----------+----------+------------+

+ Latency: 
    * Summary: 
    +---------+---------+----------+----------+-----+-----+---------+
    |  Latency (cycles) |  Latency (absolute) |  Interval | Pipeline|
    |   min   |   max   |    min   |    max   | min | max |   Type  |
    +---------+---------+----------+----------+-----+-----+---------+
    |        ?|        ?|         ?|         ?|    ?|    ?|       no|
    +---------+---------+----------+----------+-----+-----+---------+

    + Detail: 
        * Instance: 
        N/A

        * Loop: 
        +-------------+---------+---------+----------+-----------+-----------+------+----------+
        |             |  Latency (cycles) | Iteration|  Initiation Interval  | Trip |          |
        |  Loop Name  |   min   |   max   |  Latency |  achieved |   target  | Count| Pipelined|
        +-------------+---------+---------+----------+-----------+-----------+------+----------+
        |- main_loop  |        ?|        ?|         2|          1|          1|     ?|       yes|
        +-------------+---------+---------+----------+-----------+-----------+------+----------+

============================================================
+ Verbose Summary: Synthesis Manager
============================================================
InlineROM: 1
ExposeGlobal: 0
============================================================
+ Verbose Summary: CDFG Model
============================================================
IsTopModel: 1
ResetActiveHigh: 1
IsCombinational: 0
IsDatapathOnly: 0
HasWiredReturn: 1
HasMFsm: 2
HasVarLatency: 1
IsPipeline: 0
IsRtlPipelined: 0
IsInstanceOverlapped: 0
IsDontTouch: 0
HasImplIP: 0
IsGatedGlobalClock: 0

+ Individual pipeline summary: 
  * Pipeline-0: initiation interval (II) = 1, depth = 2


============================================================
+ Verbose Summary: Schedule
============================================================
* Number of FSM states : 2
* Pipeline : 1
  Pipeline-0 : II = 1, D = 2, States = { 1 2 }
* Dataflow Pipeline: 0

* FSM state transitions: 
1 --> 2 
2 --> 

* FSM state operations: 

State 1 <SV = 0> <Delay = 0.00>
ST_1 : Operation 5 [1/1] (0.00ns)   --->   "%spectopmodule_ln13 = spectopmodule void @_ssdm_op_SpecTopModule, void @empty_6" [src/RNI.cpp:13]   --->   Operation 5 'spectopmodule' 'spectopmodule_ln13' <Predicate = true> <Delay = 0.00>
ST_1 : Operation 6 [1/1] (0.00ns)   --->   "%specinterface_ln0 = specinterface void @_ssdm_op_SpecInterface, i32 %input_stream_V_data_V, i4 %input_stream_V_keep_V, i4 %input_stream_V_strb_V, i2 %input_stream_V_user_V, i1 %input_stream_V_last_V, i5 %input_stream_V_id_V, i6 %input_stream_V_dest_V, void @empty, i32 1, i32 1, void @empty_0, i32 0, i32 0, void @empty_1, void @empty_1, void @empty_1, i32 0, i32 0, i32 0, i32 0, void @empty_1, void @empty_1, i32 4294967295, i32 0"   --->   Operation 6 'specinterface' 'specinterface_ln0' <Predicate = true> <Delay = 0.00>
ST_1 : Operation 7 [1/1] (0.00ns)   --->   "%specbitsmap_ln0 = specbitsmap void @_ssdm_op_SpecBitsMap, i32 %input_stream_V_data_V"   --->   Operation 7 'specbitsmap' 'specbitsmap_ln0' <Predicate = true> <Delay = 0.00>
ST_1 : Operation 8 [1/1] (0.00ns)   --->   "%specbitsmap_ln0 = specbitsmap void @_ssdm_op_SpecBitsMap, i4 %input_stream_V_keep_V"   --->   Operation 8 'specbitsmap' 'specbitsmap_ln0' <Predicate = true> <Delay = 0.00>
ST_1 : Operation 9 [1/1] (0.00ns)   --->   "%specbitsmap_ln0 = specbitsmap void @_ssdm_op_SpecBitsMap, i4 %input_stream_V_strb_V"   --->   Operation 9 'specbitsmap' 'specbitsmap_ln0' <Predicate = true> <Delay = 0.00>
ST_1 : Operation 10 [1/1] (0.00ns)   --->   "%specbitsmap_ln0 = specbitsmap void @_ssdm_op_SpecBitsMap, i2 %input_stream_V_user_V"   --->   Operation 10 'specbitsmap' 'specbitsmap_ln0' <Predicate = true> <Delay = 0.00>
ST_1 : Operation 11 [1/1] (0.00ns)   --->   "%specbitsmap_ln0 = specbitsmap void @_ssdm_op_SpecBitsMap, i1 %input_stream_V_last_V"   --->   Operation 11 'specbitsmap' 'specbitsmap_ln0' <Predicate = true> <Delay = 0.00>
ST_1 : Operation 12 [1/1] (0.00ns)   --->   "%specbitsmap_ln0 = specbitsmap void @_ssdm_op_SpecBitsMap, i5 %input_stream_V_id_V"   --->   Operation 12 'specbitsmap' 'specbitsmap_ln0' <Predicate = true> <Delay = 0.00>
ST_1 : Operation 13 [1/1] (0.00ns)   --->   "%specbitsmap_ln0 = specbitsmap void @_ssdm_op_SpecBitsMap, i6 %input_stream_V_dest_V"   --->   Operation 13 'specbitsmap' 'specbitsmap_ln0' <Predicate = true> <Delay = 0.00>
ST_1 : Operation 14 [1/1] (0.00ns)   --->   "%specinterface_ln0 = specinterface void @_ssdm_op_SpecInterface, i32 %output_stream_V_data_V, i4 %output_stream_V_keep_V, i4 %output_stream_V_strb_V, i2 %output_stream_V_user_V, i1 %output_stream_V_last_V, i5 %output_stream_V_id_V, i6 %output_stream_V_dest_V, void @empty, i32 1, i32 1, void @empty_0, i32 0, i32 0, void @empty_1, void @empty_1, void @empty_1, i32 0, i32 0, i32 0, i32 0, void @empty_1, void @empty_1, i32 4294967295, i32 0"   --->   Operation 14 'specinterface' 'specinterface_ln0' <Predicate = true> <Delay = 0.00>
ST_1 : Operation 15 [1/1] (0.00ns)   --->   "%specbitsmap_ln0 = specbitsmap void @_ssdm_op_SpecBitsMap, i32 %output_stream_V_data_V"   --->   Operation 15 'specbitsmap' 'specbitsmap_ln0' <Predicate = true> <Delay = 0.00>
ST_1 : Operation 16 [1/1] (0.00ns)   --->   "%specbitsmap_ln0 = specbitsmap void @_ssdm_op_SpecBitsMap, i4 %output_stream_V_keep_V"   --->   Operation 16 'specbitsmap' 'specbitsmap_ln0' <Predicate = true> <Delay = 0.00>
ST_1 : Operation 17 [1/1] (0.00ns)   --->   "%specbitsmap_ln0 = specbitsmap void @_ssdm_op_SpecBitsMap, i4 %output_stream_V_strb_V"   --->   Operation 17 'specbitsmap' 'specbitsmap_ln0' <Predicate = true> <Delay = 0.00>
ST_1 : Operation 18 [1/1] (0.00ns)   --->   "%specbitsmap_ln0 = specbitsmap void @_ssdm_op_SpecBitsMap, i2 %output_stream_V_user_V"   --->   Operation 18 'specbitsmap' 'specbitsmap_ln0' <Predicate = true> <Delay = 0.00>
ST_1 : Operation 19 [1/1] (0.00ns)   --->   "%specbitsmap_ln0 = specbitsmap void @_ssdm_op_SpecBitsMap, i1 %output_stream_V_last_V"   --->   Operation 19 'specbitsmap' 'specbitsmap_ln0' <Predicate = true> <Delay = 0.00>
ST_1 : Operation 20 [1/1] (0.00ns)   --->   "%specbitsmap_ln0 = specbitsmap void @_ssdm_op_SpecBitsMap, i5 %output_stream_V_id_V"   --->   Operation 20 'specbitsmap' 'specbitsmap_ln0' <Predicate = true> <Delay = 0.00>
ST_1 : Operation 21 [1/1] (0.00ns)   --->   "%specbitsmap_ln0 = specbitsmap void @_ssdm_op_SpecBitsMap, i6 %output_stream_V_dest_V"   --->   Operation 21 'specbitsmap' 'specbitsmap_ln0' <Predicate = true> <Delay = 0.00>
ST_1 : Operation 22 [1/1] (0.00ns)   --->   "%specinterface_ln0 = specinterface void @_ssdm_op_SpecInterface, i32 0, void @empty_2, i32 0, i32 0, void @empty_1, i32 0, i32 0, void @empty_3, void @empty_1, void @empty_1, i32 0, i32 0, i32 0, i32 0, void @empty_1, void @empty_1, i32 4294967295, i32 0"   --->   Operation 22 'specinterface' 'specinterface_ln0' <Predicate = true> <Delay = 0.00>
ST_1 : Operation 23 [1/1] (0.00ns)   --->   "%specaxissidechannel_ln23 = specaxissidechannel void @_ssdm_op_SpecAXISSideChannel, i32 %output_stream_V_data_V, i4 %output_stream_V_keep_V, i4 %output_stream_V_strb_V, i2 %output_stream_V_user_V, i1 %output_stream_V_last_V, i5 %output_stream_V_id_V, i6 %output_stream_V_dest_V, void @empty_4" [src/RNI.cpp:23]   --->   Operation 23 'specaxissidechannel' 'specaxissidechannel_ln23' <Predicate = true> <Delay = 0.00>
ST_1 : Operation 24 [1/1] (0.00ns)   --->   "%specaxissidechannel_ln23 = specaxissidechannel void @_ssdm_op_SpecAXISSideChannel, i32 %input_stream_V_data_V, i4 %input_stream_V_keep_V, i4 %input_stream_V_strb_V, i2 %input_stream_V_user_V, i1 %input_stream_V_last_V, i5 %input_stream_V_id_V, i6 %input_stream_V_dest_V, void @empty_5" [src/RNI.cpp:23]   --->   Operation 24 'specaxissidechannel' 'specaxissidechannel_ln23' <Predicate = true> <Delay = 0.00>
ST_1 : Operation 25 [1/1] (0.00ns)   --->   "%br_ln23 = br void %arrayinit.end" [src/RNI.cpp:23]   --->   Operation 25 'br' 'br_ln23' <Predicate = true> <Delay = 0.00>
ST_1 : Operation 26 [1/1] (0.00ns)   --->   "%empty = read i54 @_ssdm_op_Read.axis.volatile.i32P0A.i4P0A.i4P0A.i2P0A.i1P0A.i5P0A.i6P0A, i32 %input_stream_V_data_V, i4 %input_stream_V_keep_V, i4 %input_stream_V_strb_V, i2 %input_stream_V_user_V, i1 %input_stream_V_last_V, i5 %input_stream_V_id_V, i6 %input_stream_V_dest_V" [src/RNI.cpp:26]   --->   Operation 26 'read' 'empty' <Predicate = true> <Delay = 0.00> <CoreInst = "axis">   --->   Core 115 'axis' <Latency = 0> <II = 1> <Delay = 1.00> <Adapter> <Opcode : >
ST_1 : Operation 27 [1/1] (0.00ns)   --->   "%input_buffer_data = extractvalue i54 %empty" [src/RNI.cpp:26]   --->   Operation 27 'extractvalue' 'input_buffer_data' <Predicate = true> <Delay = 0.00>
ST_1 : Operation 28 [1/1] (0.00ns)   --->   "%input_buffer_keep = extractvalue i54 %empty" [src/RNI.cpp:26]   --->   Operation 28 'extractvalue' 'input_buffer_keep' <Predicate = true> <Delay = 0.00>
ST_1 : Operation 29 [1/1] (0.00ns)   --->   "%input_buffer_strb = extractvalue i54 %empty" [src/RNI.cpp:26]   --->   Operation 29 'extractvalue' 'input_buffer_strb' <Predicate = true> <Delay = 0.00>
ST_1 : Operation 30 [1/1] (0.00ns)   --->   "%input_buffer_user = extractvalue i54 %empty" [src/RNI.cpp:26]   --->   Operation 30 'extractvalue' 'input_buffer_user' <Predicate = true> <Delay = 0.00>
ST_1 : Operation 31 [1/1] (0.00ns)   --->   "%input_buffer_last = extractvalue i54 %empty" [src/RNI.cpp:26]   --->   Operation 31 'extractvalue' 'input_buffer_last' <Predicate = true> <Delay = 0.00>
ST_1 : Operation 32 [1/1] (0.00ns)   --->   "%input_buffer_id = extractvalue i54 %empty" [src/RNI.cpp:26]   --->   Operation 32 'extractvalue' 'input_buffer_id' <Predicate = true> <Delay = 0.00>
ST_1 : Operation 33 [1/1] (0.00ns)   --->   "%input_buffer_dest = extractvalue i54 %empty" [src/RNI.cpp:26]   --->   Operation 33 'extractvalue' 'input_buffer_dest' <Predicate = true> <Delay = 0.00>
ST_1 : Operation 34 [2/2] (0.00ns)   --->   "%write_ln43 = write void @_ssdm_op_Write.axis.volatile.i32P0A.i4P0A.i4P0A.i2P0A.i1P0A.i5P0A.i6P0A, i32 %output_stream_V_data_V, i4 %output_stream_V_keep_V, i4 %output_stream_V_strb_V, i2 %output_stream_V_user_V, i1 %output_stream_V_last_V, i5 %output_stream_V_id_V, i6 %output_stream_V_dest_V, i32 %input_buffer_data, i4 %input_buffer_keep, i4 %input_buffer_strb, i2 %input_buffer_user, i1 %input_buffer_last, i5 %input_buffer_id, i6 %input_buffer_dest" [src/RNI.cpp:43]   --->   Operation 34 'write' 'write_ln43' <Predicate = true> <Delay = 0.00> <CoreInst = "axis">   --->   Core 115 'axis' <Latency = 0> <II = 1> <Delay = 1.00> <Adapter> <Opcode : >
ST_1 : Operation 35 [1/1] (0.00ns)   --->   "%br_ln26 = br i1 %input_buffer_last, void %cleanup.cont, void %while.end" [src/RNI.cpp:26]   --->   Operation 35 'br' 'br_ln26' <Predicate = true> <Delay = 0.00>
ST_1 : Operation 36 [1/1] (0.00ns)   --->   "%specloopname_ln23 = specloopname void @_ssdm_op_SpecLoopName, void @empty_7" [src/RNI.cpp:23]   --->   Operation 36 'specloopname' 'specloopname_ln23' <Predicate = (!input_buffer_last)> <Delay = 0.00>
ST_1 : Operation 37 [1/1] (0.00ns)   --->   "%br_ln23 = br void %arrayinit.end" [src/RNI.cpp:23]   --->   Operation 37 'br' 'br_ln23' <Predicate = (!input_buffer_last)> <Delay = 0.00>

State 2 <SV = 1> <Delay = 0.00>
ST_2 : Operation 38 [1/1] (0.00ns)   --->   "%specpipeline_ln0 = specpipeline void @_ssdm_op_SpecPipeline, i32 4294967295, i32 0, i32 1, i32 0, void @p_str"   --->   Operation 38 'specpipeline' 'specpipeline_ln0' <Predicate = true> <Delay = 0.00>
ST_2 : Operation 39 [1/2] (0.00ns)   --->   "%write_ln43 = write void @_ssdm_op_Write.axis.volatile.i32P0A.i4P0A.i4P0A.i2P0A.i1P0A.i5P0A.i6P0A, i32 %output_stream_V_data_V, i4 %output_stream_V_keep_V, i4 %output_stream_V_strb_V, i2 %output_stream_V_user_V, i1 %output_stream_V_last_V, i5 %output_stream_V_id_V, i6 %output_stream_V_dest_V, i32 %input_buffer_data, i4 %input_buffer_keep, i4 %input_buffer_strb, i2 %input_buffer_user, i1 %input_buffer_last, i5 %input_buffer_id, i6 %input_buffer_dest" [src/RNI.cpp:43]   --->   Operation 39 'write' 'write_ln43' <Predicate = true> <Delay = 0.00> <CoreInst = "axis">   --->   Core 115 'axis' <Latency = 0> <II = 1> <Delay = 1.00> <Adapter> <Opcode : >
ST_2 : Operation 40 [1/1] (0.00ns)   --->   "%ret_ln48 = ret" [src/RNI.cpp:48]   --->   Operation 40 'ret' 'ret_ln48' <Predicate = (input_buffer_last)> <Delay = 0.00>


============================================================
+ Verbose Summary: Timing violations
============================================================
Target clock period: 10.000ns, clock uncertainty: 2.700ns.

 <State 1>: 0.000ns
The critical path consists of the following:

 <State 2>: 0.000ns
The critical path consists of the following:


============================================================
+ Verbose Summary: Binding
============================================================
N/A
* FSMD analyzer results:
  - Output states:
 - Input state : 
  - Chain level:
	State 1
	State 2


============================================================
+ Verbose Summary: Datapath Resource usage 
============================================================
N/A
