

================================================================
== Vitis HLS Report for 'inner_layer_Pipeline_NEURONS_STATE_RESET_LOOP'
================================================================
* Date:           Mon Mar 18 20:33:24 2024

* Version:        2023.1.1 (Build 3869133 on Jun 15 2023)
* Project:        B_RNI_HLS
* Solution:       RNI (Vivado IP Flow Target)
* Product family: zynq
* Target device:  xc7z020-clg400-1


================================================================
== Performance Estimates
================================================================
+ Timing: 
    * Summary: 
    +--------+----------+----------+------------+
    |  Clock |  Target  | Estimated| Uncertainty|
    +--------+----------+----------+------------+
    |ap_clk  |  10.00 ns|  4.147 ns|     2.70 ns|
    +--------+----------+----------+------------+

+ Latency: 
    * Summary: 
    +---------+---------+-----------+----------+-----+-----+---------+
    |  Latency (cycles) |  Latency (absolute)  |  Interval | Pipeline|
    |   min   |   max   |    min    |    max   | min | max |   Type  |
    +---------+---------+-----------+----------+-----+-----+---------+
    |        2|      257|  20.000 ns|  2.570 us|    2|  257|       no|
    +---------+---------+-----------+----------+-----+-----+---------+

    + Detail: 
        * Instance: 
        N/A

        * Loop: 
        +----------------------------+---------+---------+----------+-----------+-----------+---------+----------+
        |                            |  Latency (cycles) | Iteration|  Initiation Interval  |   Trip  |          |
        |          Loop Name         |   min   |   max   |  Latency |  achieved |   target  |  Count  | Pipelined|
        +----------------------------+---------+---------+----------+-----------+-----------+---------+----------+
        |- NEURONS_STATE_RESET_LOOP  |        0|      255|         1|          1|          1|  0 ~ 255|       yes|
        +----------------------------+---------+---------+----------+-----------+-----------+---------+----------+

============================================================
+ Verbose Summary: Synthesis Manager
============================================================
InlineROM: 1
ExposeGlobal: 0
============================================================
+ Verbose Summary: CDFG Model
============================================================
IsTopModel: 0
ResetActiveHigh: 1
IsCombinational: 0
IsDatapathOnly: 0
HasWiredReturn: 1
HasMFsm: 2
HasVarLatency: 1
IsPipeline: 0
IsRtlPipelined: 0
IsInstanceOverlapped: 0
IsDontTouch: 0
HasImplIP: 0
IsGatedGlobalClock: 0

+ Individual pipeline summary: 
  * Pipeline-0: initiation interval (II) = 1, depth = 1


============================================================
+ Verbose Summary: Schedule
============================================================
* Number of FSM states : 1
* Pipeline : 1
  Pipeline-0 : II = 1, D = 1, States = { 1 }
* Dataflow Pipeline: 0

* FSM state transitions: 
1 --> 

* FSM state operations: 

State 1 <SV = 0> <Delay = 4.14>
ST_1 : Operation 4 [1/1] (0.00ns)   --->   "%neuron_state_index_1 = alloca i32 1"   --->   Operation 4 'alloca' 'neuron_state_index_1' <Predicate = true> <Delay = 0.00>
ST_1 : Operation 5 [1/1] (0.00ns)   --->   "%neuron_index_read = read i6 @_ssdm_op_Read.ap_auto.i6, i6 %neuron_index"   --->   Operation 5 'read' 'neuron_index_read' <Predicate = true> <Delay = 0.00>
ST_1 : Operation 6 [1/1] (0.00ns)   --->   "%neuron_state_index_read = read i6 @_ssdm_op_Read.ap_auto.i6, i6 %neuron_state_index"   --->   Operation 6 'read' 'neuron_state_index_read' <Predicate = true> <Delay = 0.00>
ST_1 : Operation 7 [1/1] (1.58ns)   --->   "%store_ln0 = store i6 %neuron_state_index_read, i6 %neuron_state_index_1"   --->   Operation 7 'store' 'store_ln0' <Predicate = true> <Delay = 1.58>
ST_1 : Operation 8 [1/1] (0.00ns)   --->   "%br_ln0 = br void %for.inc59"   --->   Operation 8 'br' 'br_ln0' <Predicate = true> <Delay = 0.00>
ST_1 : Operation 9 [1/1] (0.00ns)   --->   "%neuron_state_index_2 = load i6 %neuron_state_index_1" [B_RNI_HLS/apc/src/RNI_2.cpp:89]   --->   Operation 9 'load' 'neuron_state_index_2' <Predicate = true> <Delay = 0.00>
ST_1 : Operation 10 [1/1] (0.00ns)   --->   "%specpipeline_ln0 = specpipeline void @_ssdm_op_SpecPipeline, i32 4294967295, i32 0, i32 1, i32 0, void @p_str"   --->   Operation 10 'specpipeline' 'specpipeline_ln0' <Predicate = true> <Delay = 0.00>
ST_1 : Operation 11 [1/1] (1.82ns)   --->   "%icmp_ln89 = icmp_ult  i6 %neuron_state_index_2, i6 %neuron_index_read" [B_RNI_HLS/apc/src/RNI_2.cpp:89]   --->   Operation 11 'icmp' 'icmp_ln89' <Predicate = true> <Delay = 1.82> <CoreInst = "Cmp">   --->   Core 9 'Cmp' <Latency = 0> <II = 1> <Delay = 1.82> <FuncUnit> <Opcode : 'icmp'> <InPorts = 2> <OutPorts = 1>
ST_1 : Operation 12 [1/1] (0.00ns)   --->   "%br_ln89 = br i1 %icmp_ln89, void %for.end61.loopexit.exitStub, void %for.inc59.split" [B_RNI_HLS/apc/src/RNI_2.cpp:89]   --->   Operation 12 'br' 'br_ln89' <Predicate = true> <Delay = 0.00>
ST_1 : Operation 13 [1/1] (0.00ns)   --->   "%neuron_state_index_1_cast4 = zext i6 %neuron_state_index_2" [B_RNI_HLS/apc/src/RNI_2.cpp:89]   --->   Operation 13 'zext' 'neuron_state_index_1_cast4' <Predicate = (icmp_ln89)> <Delay = 0.00>
ST_1 : Operation 14 [1/1] (0.00ns)   --->   "%speclooptripcount_ln89 = speclooptripcount void @_ssdm_op_SpecLoopTripCount, i64 0, i64 255, i64 127" [B_RNI_HLS/apc/src/RNI_2.cpp:89]   --->   Operation 14 'speclooptripcount' 'speclooptripcount_ln89' <Predicate = (icmp_ln89)> <Delay = 0.00>
ST_1 : Operation 15 [1/1] (0.00ns)   --->   "%specloopname_ln89 = specloopname void @_ssdm_op_SpecLoopName, void @empty_2" [B_RNI_HLS/apc/src/RNI_2.cpp:89]   --->   Operation 15 'specloopname' 'specloopname_ln89' <Predicate = (icmp_ln89)> <Delay = 0.00>
ST_1 : Operation 16 [1/1] (0.00ns)   --->   "%NEURONS_STATE_addr = getelementptr i1 %NEURONS_STATE, i64 0, i64 %neuron_state_index_1_cast4" [B_RNI_HLS/apc/src/RNI_2.cpp:91]   --->   Operation 16 'getelementptr' 'NEURONS_STATE_addr' <Predicate = (icmp_ln89)> <Delay = 0.00>
ST_1 : Operation 17 [1/1] (2.32ns)   --->   "%store_ln91 = store i1 0, i6 %NEURONS_STATE_addr" [B_RNI_HLS/apc/src/RNI_2.cpp:91]   --->   Operation 17 'store' 'store_ln91' <Predicate = (icmp_ln89)> <Delay = 2.32> <CoreInst = "RAM">   --->   Core 82 'RAM' <Latency = 1> <II = 1> <Delay = 2.32> <Storage> <Opcode : 'load' 'store'> <Ports = 2> <Width = 1> <Depth = 40> <RAM>
ST_1 : Operation 18 [1/1] (1.82ns)   --->   "%add_ln89 = add i6 %neuron_state_index_2, i6 1" [B_RNI_HLS/apc/src/RNI_2.cpp:89]   --->   Operation 18 'add' 'add_ln89' <Predicate = (icmp_ln89)> <Delay = 1.82> <CoreInst = "Adder">   --->   Core 1 'Adder' <Latency = 0> <II = 1> <Delay = 1.82> <FuncUnit> <Opcode : 'add' 'sub'> <InPorts = 2> <OutPorts = 1>
ST_1 : Operation 19 [1/1] (1.58ns)   --->   "%store_ln89 = store i6 %add_ln89, i6 %neuron_state_index_1" [B_RNI_HLS/apc/src/RNI_2.cpp:89]   --->   Operation 19 'store' 'store_ln89' <Predicate = (icmp_ln89)> <Delay = 1.58>
ST_1 : Operation 20 [1/1] (0.00ns)   --->   "%br_ln89 = br void %for.inc59" [B_RNI_HLS/apc/src/RNI_2.cpp:89]   --->   Operation 20 'br' 'br_ln89' <Predicate = (icmp_ln89)> <Delay = 0.00>
ST_1 : Operation 21 [1/1] (0.00ns)   --->   "%ret_ln0 = ret"   --->   Operation 21 'ret' 'ret_ln0' <Predicate = (!icmp_ln89)> <Delay = 0.00>


============================================================
+ Verbose Summary: Timing violations
============================================================
Target clock period: 10.000ns, clock uncertainty: 2.700ns.

 <State 1>: 4.147ns
The critical path consists of the following:
	'alloca' operation ('neuron_state_index') [4]  (0.000 ns)
	'load' operation ('neuron_state_index', B_RNI_HLS/apc/src/RNI_2.cpp:89) on local variable 'neuron_state_index' [10]  (0.000 ns)
	'add' operation ('add_ln89', B_RNI_HLS/apc/src/RNI_2.cpp:89) [20]  (1.825 ns)
	'store' operation ('store_ln89', B_RNI_HLS/apc/src/RNI_2.cpp:89) of variable 'add_ln89', B_RNI_HLS/apc/src/RNI_2.cpp:89 on local variable 'neuron_state_index' [21]  (1.588 ns)
	blocking operation 0.734 ns on control path)


============================================================
+ Verbose Summary: Binding
============================================================
N/A
* FSMD analyzer results:
  - Output states:
 - Input state : 
  - Chain level:
	State 1


============================================================
+ Verbose Summary: Datapath Resource usage 
============================================================
N/A
