

================================================================
== Vitis HLS Report for 'inner_layer'
================================================================
* Date:           Mon Mar 18 18:56:07 2024

* Version:        2023.1.1 (Build 3869133 on Jun 15 2023)
* Project:        B_RNI_HLS
* Solution:       RNI (Vivado IP Flow Target)
* Product family: zynq
* Target device:  xc7z020-clg400-1


================================================================
== Performance Estimates
================================================================
+ Timing: 
    * Summary: 
    +--------+----------+----------+------------+
    |  Clock |  Target  | Estimated| Uncertainty|
    +--------+----------+----------+------------+
    |ap_clk  |  10.00 ns|  6.559 ns|     2.70 ns|
    +--------+----------+----------+------------+

+ Latency: 
    * Summary: 
    +---------+---------+-----------+----------+-----+--------+---------+
    |  Latency (cycles) |  Latency (absolute)  |   Interval   | Pipeline|
    |   min   |   max   |    min    |    max   | min |   max  |   Type  |
    +---------+---------+-----------+----------+-----+--------+---------+
    |        6|   132351|  60.000 ns|  1.324 ms|    6|  132351|       no|
    +---------+---------+-----------+----------+-----+--------+---------+

    + Detail: 
        * Instance: 
        N/A

        * Loop: 
        +----------------------------+---------+---------+----------+-----------+-----------+---------+----------+
        |                            |  Latency (cycles) | Iteration|  Initiation Interval  |   Trip  |          |
        |          Loop Name         |   min   |   max   |  Latency |  achieved |   target  |  Count  | Pipelined|
        +----------------------------+---------+---------+----------+-----------+-----------+---------+----------+
        |- INNER_LAYER_NEURONS_LOOP  |        0|   132090|   5 ~ 518|          -|          -|  0 ~ 255|        no|
        +----------------------------+---------+---------+----------+-----------+-----------+---------+----------+

============================================================
+ Verbose Summary: Synthesis Manager
============================================================
InlineROM: 1
ExposeGlobal: 0
============================================================
+ Verbose Summary: CDFG Model
============================================================
IsTopModel: 0
ResetActiveHigh: 1
IsCombinational: 0
IsDatapathOnly: 0
HasWiredReturn: 1
HasMFsm: 0
HasVarLatency: 1
IsPipeline: 0
IsRtlPipelined: 0
IsInstanceOverlapped: 0
IsDontTouch: 0
HasImplIP: 0
IsGatedGlobalClock: 0


============================================================
+ Verbose Summary: Schedule
============================================================
* Number of FSM states : 10
* Pipeline : 0
* Dataflow Pipeline: 0

* FSM state transitions: 
1 --> 2 
2 --> 3 
3 --> 4 9 
4 --> 5 6 
5 --> 6 
6 --> 7 
7 --> 8 
8 --> 3 
9 --> 10 
10 --> 

* FSM state operations: 

State 1 <SV = 0> <Delay = 3.30>
ST_1 : Operation 11 [1/1] (0.00ns)   --->   "%neuron_index_1 = alloca i32 1"   --->   Operation 11 'alloca' 'neuron_index_1' <Predicate = true> <Delay = 0.00>
ST_1 : Operation 12 [1/1] (0.00ns)   --->   "%layer_index_val_read = read i2 @_ssdm_op_Read.ap_auto.i2, i2 %layer_index_val"   --->   Operation 12 'read' 'layer_index_val_read' <Predicate = true> <Delay = 0.00>
ST_1 : Operation 13 [1/1] (0.00ns)   --->   "%trunc_ln67 = trunc i2 %layer_index_val_read" [B_RNI_HLS/apc/src/RNI_2.cpp:67]   --->   Operation 13 'trunc' 'trunc_ln67' <Predicate = true> <Delay = 0.00>
ST_1 : Operation 14 [1/1] (0.97ns)   --->   "%xor_ln67 = xor i1 %trunc_ln67, i1 1" [B_RNI_HLS/apc/src/RNI_2.cpp:67]   --->   Operation 14 'xor' 'xor_ln67' <Predicate = true> <Delay = 0.97> <CoreInst = "LogicGate">   --->   Core 74 'LogicGate' <Latency = 0> <II = 1> <Delay = 0.97> <FuncUnit> <Opcode : 'and' 'or' 'xor'> <InPorts = 2> <OutPorts = 1>
ST_1 : Operation 15 [1/1] (0.00ns)   --->   "%zext_ln67_2 = zext i1 %xor_ln67" [B_RNI_HLS/apc/src/RNI_2.cpp:67]   --->   Operation 15 'zext' 'zext_ln67_2' <Predicate = true> <Delay = 0.00>
ST_1 : Operation 16 [1/1] (0.00ns)   --->   "%NEURONS_INDEX_addr = getelementptr i6 %NEURONS_INDEX, i64 0, i64 %zext_ln67_2" [B_RNI_HLS/apc/src/RNI_2.cpp:67]   --->   Operation 16 'getelementptr' 'NEURONS_INDEX_addr' <Predicate = true> <Delay = 0.00>
ST_1 : Operation 17 [2/2] (2.32ns)   --->   "%neuron_index = load i2 %NEURONS_INDEX_addr" [B_RNI_HLS/apc/src/RNI_2.cpp:67]   --->   Operation 17 'load' 'neuron_index' <Predicate = true> <Delay = 2.32> <CoreInst = "ROM">   --->   Core 95 'ROM' <Latency = 1> <II = 1> <Delay = 2.32> <Storage> <Opcode : 'load'> <Ports = 0> <Width = 6> <Depth = 4> <ROM>
ST_1 : Operation 18 [1/1] (0.00ns)   --->   "%conv_i199 = zext i2 %layer_index_val_read"   --->   Operation 18 'zext' 'conv_i199' <Predicate = true> <Delay = 0.00>
ST_1 : Operation 19 [1/1] (0.00ns)   --->   "%NEURONS_INDEX_addr_1 = getelementptr i6 %NEURONS_INDEX, i64 0, i64 %conv_i199"   --->   Operation 19 'getelementptr' 'NEURONS_INDEX_addr_1' <Predicate = true> <Delay = 0.00>
ST_1 : Operation 20 [2/2] (2.32ns)   --->   "%NEURONS_INDEX_load = load i2 %NEURONS_INDEX_addr_1"   --->   Operation 20 'load' 'NEURONS_INDEX_load' <Predicate = true> <Delay = 2.32> <CoreInst = "ROM">   --->   Core 95 'ROM' <Latency = 1> <II = 1> <Delay = 2.32> <Storage> <Opcode : 'load'> <Ports = 0> <Width = 6> <Depth = 4> <ROM>

State 2 <SV = 1> <Delay = 3.91>
ST_2 : Operation 21 [1/2] (2.32ns)   --->   "%neuron_index = load i2 %NEURONS_INDEX_addr" [B_RNI_HLS/apc/src/RNI_2.cpp:67]   --->   Operation 21 'load' 'neuron_index' <Predicate = true> <Delay = 2.32> <CoreInst = "ROM">   --->   Core 95 'ROM' <Latency = 1> <II = 1> <Delay = 2.32> <Storage> <Opcode : 'load'> <Ports = 0> <Width = 6> <Depth = 4> <ROM>
ST_2 : Operation 22 [1/2] (2.32ns)   --->   "%NEURONS_INDEX_load = load i2 %NEURONS_INDEX_addr_1"   --->   Operation 22 'load' 'NEURONS_INDEX_load' <Predicate = true> <Delay = 2.32> <CoreInst = "ROM">   --->   Core 95 'ROM' <Latency = 1> <II = 1> <Delay = 2.32> <Storage> <Opcode : 'load'> <Ports = 0> <Width = 6> <Depth = 4> <ROM>
ST_2 : Operation 23 [1/1] (0.00ns)   --->   "%zext_ln67 = zext i6 %neuron_index" [B_RNI_HLS/apc/src/RNI_2.cpp:67]   --->   Operation 23 'zext' 'zext_ln67' <Predicate = true> <Delay = 0.00>
ST_2 : Operation 24 [1/1] (0.00ns)   --->   "%zext_ln67_1 = zext i6 %NEURONS_INDEX_load" [B_RNI_HLS/apc/src/RNI_2.cpp:67]   --->   Operation 24 'zext' 'zext_ln67_1' <Predicate = true> <Delay = 0.00>
ST_2 : Operation 25 [1/1] (1.58ns)   --->   "%store_ln67 = store i64 %zext_ln67, i64 %neuron_index_1" [B_RNI_HLS/apc/src/RNI_2.cpp:67]   --->   Operation 25 'store' 'store_ln67' <Predicate = true> <Delay = 1.58>
ST_2 : Operation 26 [1/1] (0.00ns)   --->   "%br_ln67 = br void %INNER_LAYER_WEIGHTS_LOOP" [B_RNI_HLS/apc/src/RNI_2.cpp:67]   --->   Operation 26 'br' 'br_ln67' <Predicate = true> <Delay = 0.00>

State 3 <SV = 2> <Delay = 4.14>
ST_3 : Operation 27 [1/1] (0.00ns)   --->   "%neuron_index_4 = load i64 %neuron_index_1" [B_RNI_HLS/apc/src/RNI_2.cpp:67]   --->   Operation 27 'load' 'neuron_index_4' <Predicate = true> <Delay = 0.00>
ST_3 : Operation 28 [1/1] (0.00ns)   --->   "%trunc_ln67_1 = trunc i64 %neuron_index_4" [B_RNI_HLS/apc/src/RNI_2.cpp:67]   --->   Operation 28 'trunc' 'trunc_ln67_1' <Predicate = true> <Delay = 0.00>
ST_3 : Operation 29 [1/1] (3.52ns)   --->   "%icmp_ln67 = icmp_slt  i64 %neuron_index_4, i64 %zext_ln67_1" [B_RNI_HLS/apc/src/RNI_2.cpp:67]   --->   Operation 29 'icmp' 'icmp_ln67' <Predicate = true> <Delay = 3.52> <CoreInst = "Cmp">   --->   Core 9 'Cmp' <Latency = 0> <II = 1> <Delay = 3.52> <FuncUnit> <Opcode : 'icmp'> <InPorts = 2> <OutPorts = 1>
ST_3 : Operation 30 [1/1] (0.00ns)   --->   "%br_ln67 = br i1 %icmp_ln67, void %for.inc57.preheader, void %INNER_LAYER_WEIGHTS_LOOP.split" [B_RNI_HLS/apc/src/RNI_2.cpp:67]   --->   Operation 30 'br' 'br_ln67' <Predicate = true> <Delay = 0.00>
ST_3 : Operation 31 [1/1] (1.82ns)   --->   "%add_ln69 = add i6 %trunc_ln67_1, i6 63" [B_RNI_HLS/apc/src/RNI_2.cpp:69]   --->   Operation 31 'add' 'add_ln69' <Predicate = (icmp_ln67)> <Delay = 1.82> <CoreInst = "Adder">   --->   Core 1 'Adder' <Latency = 0> <II = 1> <Delay = 1.82> <FuncUnit> <Opcode : 'add' 'sub'> <InPorts = 2> <OutPorts = 1>
ST_3 : Operation 32 [1/1] (0.00ns)   --->   "%zext_ln69 = zext i6 %add_ln69" [B_RNI_HLS/apc/src/RNI_2.cpp:69]   --->   Operation 32 'zext' 'zext_ln69' <Predicate = (icmp_ln67)> <Delay = 0.00>
ST_3 : Operation 33 [1/1] (0.00ns)   --->   "%WEIGHTS_INDEX_addr = getelementptr i8 %WEIGHTS_INDEX, i64 0, i64 %zext_ln69" [B_RNI_HLS/apc/src/RNI_2.cpp:69]   --->   Operation 33 'getelementptr' 'WEIGHTS_INDEX_addr' <Predicate = (icmp_ln67)> <Delay = 0.00>
ST_3 : Operation 34 [2/2] (2.32ns)   --->   "%weights_index = load i6 %WEIGHTS_INDEX_addr" [B_RNI_HLS/apc/src/RNI_2.cpp:69]   --->   Operation 34 'load' 'weights_index' <Predicate = (icmp_ln67)> <Delay = 2.32> <CoreInst = "ROM">   --->   Core 95 'ROM' <Latency = 1> <II = 1> <Delay = 2.32> <Storage> <Opcode : 'load'> <Ports = 0> <Width = 8> <Depth = 40> <ROM>
ST_3 : Operation 35 [1/1] (0.00ns)   --->   "%WEIGHTS_INDEX_addr_1 = getelementptr i8 %WEIGHTS_INDEX, i64 0, i64 %neuron_index_4" [B_RNI_HLS/apc/src/RNI_2.cpp:67]   --->   Operation 35 'getelementptr' 'WEIGHTS_INDEX_addr_1' <Predicate = (icmp_ln67)> <Delay = 0.00>
ST_3 : Operation 36 [2/2] (2.32ns)   --->   "%WEIGHTS_INDEX_load = load i6 %WEIGHTS_INDEX_addr_1" [B_RNI_HLS/apc/src/RNI_2.cpp:67]   --->   Operation 36 'load' 'WEIGHTS_INDEX_load' <Predicate = (icmp_ln67)> <Delay = 2.32> <CoreInst = "ROM">   --->   Core 95 'ROM' <Latency = 1> <II = 1> <Delay = 2.32> <Storage> <Opcode : 'load'> <Ports = 0> <Width = 8> <Depth = 40> <ROM>

State 4 <SV = 3> <Delay = 4.23>
ST_4 : Operation 37 [1/1] (0.00ns)   --->   "%speclooptripcount_ln67 = speclooptripcount void @_ssdm_op_SpecLoopTripCount, i64 0, i64 255, i64 127" [B_RNI_HLS/apc/src/RNI_2.cpp:67]   --->   Operation 37 'speclooptripcount' 'speclooptripcount_ln67' <Predicate = true> <Delay = 0.00>
ST_4 : Operation 38 [1/1] (0.00ns)   --->   "%specloopname_ln67 = specloopname void @_ssdm_op_SpecLoopName, void @empty_2" [B_RNI_HLS/apc/src/RNI_2.cpp:67]   --->   Operation 38 'specloopname' 'specloopname_ln67' <Predicate = true> <Delay = 0.00>
ST_4 : Operation 39 [1/2] (2.32ns)   --->   "%weights_index = load i6 %WEIGHTS_INDEX_addr" [B_RNI_HLS/apc/src/RNI_2.cpp:69]   --->   Operation 39 'load' 'weights_index' <Predicate = true> <Delay = 2.32> <CoreInst = "ROM">   --->   Core 95 'ROM' <Latency = 1> <II = 1> <Delay = 2.32> <Storage> <Opcode : 'load'> <Ports = 0> <Width = 8> <Depth = 40> <ROM>
ST_4 : Operation 40 [1/2] (2.32ns)   --->   "%WEIGHTS_INDEX_load = load i6 %WEIGHTS_INDEX_addr_1" [B_RNI_HLS/apc/src/RNI_2.cpp:67]   --->   Operation 40 'load' 'WEIGHTS_INDEX_load' <Predicate = true> <Delay = 2.32> <CoreInst = "ROM">   --->   Core 95 'ROM' <Latency = 1> <II = 1> <Delay = 2.32> <Storage> <Opcode : 'load'> <Ports = 0> <Width = 8> <Depth = 40> <ROM>
ST_4 : Operation 41 [1/1] (0.00ns)   --->   "%NEURONS_MEMBRANE_addr = getelementptr i8 %NEURONS_MEMBRANE, i64 0, i64 %neuron_index_4" [B_RNI_HLS/apc/src/RNI_2.cpp:67]   --->   Operation 41 'getelementptr' 'NEURONS_MEMBRANE_addr' <Predicate = true> <Delay = 0.00>
ST_4 : Operation 42 [1/1] (1.91ns)   --->   "%icmp_ln69 = icmp_slt  i8 %weights_index, i8 %WEIGHTS_INDEX_load" [B_RNI_HLS/apc/src/RNI_2.cpp:69]   --->   Operation 42 'icmp' 'icmp_ln69' <Predicate = true> <Delay = 1.91> <CoreInst = "Cmp">   --->   Core 9 'Cmp' <Latency = 0> <II = 1> <Delay = 1.91> <FuncUnit> <Opcode : 'icmp'> <InPorts = 2> <OutPorts = 1>
ST_4 : Operation 43 [1/1] (0.00ns)   --->   "%br_ln69 = br i1 %icmp_ln69, void %for.end, void %for.body12.lr.ph" [B_RNI_HLS/apc/src/RNI_2.cpp:69]   --->   Operation 43 'br' 'br_ln69' <Predicate = true> <Delay = 0.00>
ST_4 : Operation 44 [1/1] (1.82ns)   --->   "%sub_i135 = sub i6 %trunc_ln67_1, i6 %neuron_index" [B_RNI_HLS/apc/src/RNI_2.cpp:67]   --->   Operation 44 'sub' 'sub_i135' <Predicate = (icmp_ln69)> <Delay = 1.82> <CoreInst = "Adder">   --->   Core 1 'Adder' <Latency = 0> <II = 1> <Delay = 1.82> <FuncUnit> <Opcode : 'add' 'sub'> <InPorts = 2> <OutPorts = 1>
ST_4 : Operation 45 [1/1] (0.00ns)   --->   "%conv_i113 = zext i6 %sub_i135" [B_RNI_HLS/apc/src/RNI_2.cpp:67]   --->   Operation 45 'zext' 'conv_i113' <Predicate = (icmp_ln69)> <Delay = 0.00>
ST_4 : Operation 46 [1/1] (0.00ns)   --->   "%NEURONS_STATE_addr = getelementptr i1 %NEURONS_STATE, i64 0, i64 %conv_i113" [B_RNI_HLS/apc/src/RNI_2.cpp:67]   --->   Operation 46 'getelementptr' 'NEURONS_STATE_addr' <Predicate = (icmp_ln69)> <Delay = 0.00>
ST_4 : Operation 47 [2/2] (2.32ns)   --->   "%NEURONS_STATE_load = load i6 %NEURONS_STATE_addr" [B_RNI_HLS/apc/src/RNI_2.cpp:67]   --->   Operation 47 'load' 'NEURONS_STATE_load' <Predicate = (icmp_ln69)> <Delay = 2.32> <CoreInst = "RAM">   --->   Core 82 'RAM' <Latency = 1> <II = 1> <Delay = 2.32> <Storage> <Opcode : 'load' 'store'> <Ports = 2> <Width = 1> <Depth = 40> <RAM>

State 5 <SV = 4> <Delay = 3.91>
ST_5 : Operation 48 [1/2] (2.32ns)   --->   "%NEURONS_STATE_load = load i6 %NEURONS_STATE_addr" [B_RNI_HLS/apc/src/RNI_2.cpp:67]   --->   Operation 48 'load' 'NEURONS_STATE_load' <Predicate = true> <Delay = 2.32> <CoreInst = "RAM">   --->   Core 82 'RAM' <Latency = 1> <II = 1> <Delay = 2.32> <Storage> <Opcode : 'load' 'store'> <Ports = 2> <Width = 1> <Depth = 40> <RAM>
ST_5 : Operation 49 [2/2] (1.58ns)   --->   "%call_ln69 = call void @inner_layer_Pipeline_INNER_LAYER_WEIGHTS_LOOP, i8 %weights_index, i6 %trunc_ln67_1, i8 %WEIGHTS_INDEX_load, i1 %NEURONS_STATE_load, i8 %WEIGHTS, i8 %NEURONS_MEMBRANE" [B_RNI_HLS/apc/src/RNI_2.cpp:69]   --->   Operation 49 'call' 'call_ln69' <Predicate = true> <Delay = 1.58> <CoreType = "Generic">   --->   Core 0 '' <Latency = 0> <II = 1> <Delay = 1.00> <Generic> <Opcode : >

State 6 <SV = 5> <Delay = 0.00>
ST_6 : Operation 50 [1/2] (0.00ns)   --->   "%call_ln69 = call void @inner_layer_Pipeline_INNER_LAYER_WEIGHTS_LOOP, i8 %weights_index, i6 %trunc_ln67_1, i8 %WEIGHTS_INDEX_load, i1 %NEURONS_STATE_load, i8 %WEIGHTS, i8 %NEURONS_MEMBRANE" [B_RNI_HLS/apc/src/RNI_2.cpp:69]   --->   Operation 50 'call' 'call_ln69' <Predicate = (icmp_ln69)> <Delay = 0.00> <CoreType = "Generic">   --->   Core 0 '' <Latency = 0> <II = 1> <Delay = 1.00> <Generic> <Opcode : >
ST_6 : Operation 51 [1/1] (0.00ns)   --->   "%br_ln0 = br void %for.end"   --->   Operation 51 'br' 'br_ln0' <Predicate = (icmp_ln69)> <Delay = 0.00>

State 7 <SV = 6> <Delay = 2.32>
ST_7 : Operation 52 [2/2] (2.32ns)   --->   "%NEURONS_MEMBRANE_load = load i6 %NEURONS_MEMBRANE_addr" [B_RNI_HLS/apc/src/RNI_2.cpp:77]   --->   Operation 52 'load' 'NEURONS_MEMBRANE_load' <Predicate = true> <Delay = 2.32> <CoreInst = "RAM">   --->   Core 82 'RAM' <Latency = 1> <II = 1> <Delay = 2.32> <Storage> <Opcode : 'load' 'store'> <Ports = 2> <Width = 8> <Depth = 40> <RAM>

State 8 <SV = 7> <Delay = 6.55>
ST_8 : Operation 53 [1/2] (2.32ns)   --->   "%NEURONS_MEMBRANE_load = load i6 %NEURONS_MEMBRANE_addr" [B_RNI_HLS/apc/src/RNI_2.cpp:77]   --->   Operation 53 'load' 'NEURONS_MEMBRANE_load' <Predicate = true> <Delay = 2.32> <CoreInst = "RAM">   --->   Core 82 'RAM' <Latency = 1> <II = 1> <Delay = 2.32> <Storage> <Opcode : 'load' 'store'> <Ports = 2> <Width = 8> <Depth = 40> <RAM>
ST_8 : Operation 54 [1/1] (1.91ns)   --->   "%icmp_ln77 = icmp_sgt  i8 %NEURONS_MEMBRANE_load, i8 25" [B_RNI_HLS/apc/src/RNI_2.cpp:77]   --->   Operation 54 'icmp' 'icmp_ln77' <Predicate = true> <Delay = 1.91> <CoreInst = "Cmp">   --->   Core 9 'Cmp' <Latency = 0> <II = 1> <Delay = 1.91> <FuncUnit> <Opcode : 'icmp'> <InPorts = 2> <OutPorts = 1>
ST_8 : Operation 55 [1/1] (0.00ns)   --->   "%br_ln77 = br i1 %icmp_ln77, void %for.inc37, void %if.then31" [B_RNI_HLS/apc/src/RNI_2.cpp:77]   --->   Operation 55 'br' 'br_ln77' <Predicate = true> <Delay = 0.00>
ST_8 : Operation 56 [1/1] (0.00ns)   --->   "%NEURONS_STATE_addr_1 = getelementptr i1 %NEURONS_STATE, i64 0, i64 %neuron_index_4" [B_RNI_HLS/apc/src/RNI_2.cpp:79]   --->   Operation 56 'getelementptr' 'NEURONS_STATE_addr_1' <Predicate = (icmp_ln77)> <Delay = 0.00>
ST_8 : Operation 57 [1/1] (2.32ns)   --->   "%store_ln79 = store i1 1, i6 %NEURONS_STATE_addr_1" [B_RNI_HLS/apc/src/RNI_2.cpp:79]   --->   Operation 57 'store' 'store_ln79' <Predicate = (icmp_ln77)> <Delay = 2.32> <CoreInst = "RAM">   --->   Core 82 'RAM' <Latency = 1> <II = 1> <Delay = 2.32> <Storage> <Opcode : 'load' 'store'> <Ports = 2> <Width = 1> <Depth = 40> <RAM>
ST_8 : Operation 58 [1/1] (2.32ns)   --->   "%store_ln80 = store i8 0, i6 %NEURONS_MEMBRANE_addr" [B_RNI_HLS/apc/src/RNI_2.cpp:80]   --->   Operation 58 'store' 'store_ln80' <Predicate = (icmp_ln77)> <Delay = 2.32> <CoreInst = "RAM">   --->   Core 82 'RAM' <Latency = 1> <II = 1> <Delay = 2.32> <Storage> <Opcode : 'load' 'store'> <Ports = 2> <Width = 8> <Depth = 40> <RAM>
ST_8 : Operation 59 [1/1] (0.00ns)   --->   "%br_ln81 = br void %for.inc37" [B_RNI_HLS/apc/src/RNI_2.cpp:81]   --->   Operation 59 'br' 'br_ln81' <Predicate = (icmp_ln77)> <Delay = 0.00>
ST_8 : Operation 60 [1/1] (3.52ns)   --->   "%add_ln67 = add i64 %neuron_index_4, i64 1" [B_RNI_HLS/apc/src/RNI_2.cpp:67]   --->   Operation 60 'add' 'add_ln67' <Predicate = true> <Delay = 3.52> <CoreInst = "Adder">   --->   Core 1 'Adder' <Latency = 0> <II = 1> <Delay = 3.52> <FuncUnit> <Opcode : 'add' 'sub'> <InPorts = 2> <OutPorts = 1>
ST_8 : Operation 61 [1/1] (1.58ns)   --->   "%store_ln67 = store i64 %add_ln67, i64 %neuron_index_1" [B_RNI_HLS/apc/src/RNI_2.cpp:67]   --->   Operation 61 'store' 'store_ln67' <Predicate = true> <Delay = 1.58>
ST_8 : Operation 62 [1/1] (0.00ns)   --->   "%br_ln67 = br void %INNER_LAYER_WEIGHTS_LOOP" [B_RNI_HLS/apc/src/RNI_2.cpp:67]   --->   Operation 62 'br' 'br_ln67' <Predicate = true> <Delay = 0.00>

State 9 <SV = 3> <Delay = 5.82>
ST_9 : Operation 63 [2/2] (5.82ns)   --->   "%call_ln67 = call void @inner_layer_Pipeline_NEURONS_STATE_RESET_LOOP, i6 %neuron_index, i6 %NEURONS_INDEX_load, i6 %neuron_index, i1 %NEURONS_STATE" [B_RNI_HLS/apc/src/RNI_2.cpp:67]   --->   Operation 63 'call' 'call_ln67' <Predicate = true> <Delay = 5.82> <CoreType = "Generic">   --->   Core 0 '' <Latency = 0> <II = 1> <Delay = 1.00> <Generic> <Opcode : >

State 10 <SV = 4> <Delay = 0.00>
ST_10 : Operation 64 [1/2] (0.00ns)   --->   "%call_ln67 = call void @inner_layer_Pipeline_NEURONS_STATE_RESET_LOOP, i6 %neuron_index, i6 %NEURONS_INDEX_load, i6 %neuron_index, i1 %NEURONS_STATE" [B_RNI_HLS/apc/src/RNI_2.cpp:67]   --->   Operation 64 'call' 'call_ln67' <Predicate = true> <Delay = 0.00> <CoreType = "Generic">   --->   Core 0 '' <Latency = 0> <II = 1> <Delay = 1.00> <Generic> <Opcode : >
ST_10 : Operation 65 [1/1] (0.00ns)   --->   "%ret_ln87 = ret" [B_RNI_HLS/apc/src/RNI_2.cpp:87]   --->   Operation 65 'ret' 'ret_ln87' <Predicate = true> <Delay = 0.00>


============================================================
+ Verbose Summary: Timing violations
============================================================
Target clock period: 10.000ns, clock uncertainty: 2.700ns.

 <State 1>: 3.300ns
The critical path consists of the following:
	wire read operation ('layer_index_val_read') on port 'layer_index_val' [8]  (0.000 ns)
	'xor' operation ('xor_ln67', B_RNI_HLS/apc/src/RNI_2.cpp:67) [10]  (0.978 ns)
	'getelementptr' operation ('NEURONS_INDEX_addr', B_RNI_HLS/apc/src/RNI_2.cpp:67) [12]  (0.000 ns)
	'load' operation ('neuron_index', B_RNI_HLS/apc/src/RNI_2.cpp:67) on array 'NEURONS_INDEX' [13]  (2.322 ns)

 <State 2>: 3.910ns
The critical path consists of the following:
	'load' operation ('neuron_index', B_RNI_HLS/apc/src/RNI_2.cpp:67) on array 'NEURONS_INDEX' [13]  (2.322 ns)
	'store' operation ('store_ln67', B_RNI_HLS/apc/src/RNI_2.cpp:67) of variable 'zext_ln67', B_RNI_HLS/apc/src/RNI_2.cpp:67 on local variable 'neuron_index' [19]  (1.588 ns)

 <State 3>: 4.147ns
The critical path consists of the following:
	'load' operation ('neuron_index', B_RNI_HLS/apc/src/RNI_2.cpp:67) on local variable 'neuron_index' [22]  (0.000 ns)
	'add' operation ('add_ln69', B_RNI_HLS/apc/src/RNI_2.cpp:69) [29]  (1.825 ns)
	'getelementptr' operation ('WEIGHTS_INDEX_addr', B_RNI_HLS/apc/src/RNI_2.cpp:69) [31]  (0.000 ns)
	'load' operation ('weights_index', B_RNI_HLS/apc/src/RNI_2.cpp:69) on array 'WEIGHTS_INDEX' [32]  (2.322 ns)

 <State 4>: 4.237ns
The critical path consists of the following:
	'load' operation ('weights_index', B_RNI_HLS/apc/src/RNI_2.cpp:69) on array 'WEIGHTS_INDEX' [32]  (2.322 ns)
	'icmp' operation ('icmp_ln69', B_RNI_HLS/apc/src/RNI_2.cpp:69) [36]  (1.915 ns)

 <State 5>: 3.910ns
The critical path consists of the following:
	'load' operation ('NEURONS_STATE_load', B_RNI_HLS/apc/src/RNI_2.cpp:67) on array 'NEURONS_STATE' [42]  (2.322 ns)
	'call' operation ('call_ln69', B_RNI_HLS/apc/src/RNI_2.cpp:69) to 'inner_layer_Pipeline_INNER_LAYER_WEIGHTS_LOOP' [43]  (1.588 ns)

 <State 6>: 0.000ns
The critical path consists of the following:

 <State 7>: 2.322ns
The critical path consists of the following:
	'load' operation ('NEURONS_MEMBRANE_load', B_RNI_HLS/apc/src/RNI_2.cpp:77) on array 'NEURONS_MEMBRANE' [46]  (2.322 ns)

 <State 8>: 6.559ns
The critical path consists of the following:
	'add' operation ('add_ln67', B_RNI_HLS/apc/src/RNI_2.cpp:67) [55]  (3.520 ns)
	'store' operation ('store_ln67', B_RNI_HLS/apc/src/RNI_2.cpp:67) of variable 'add_ln67', B_RNI_HLS/apc/src/RNI_2.cpp:67 on local variable 'neuron_index' [56]  (1.588 ns)
	blocking operation 1.451 ns on control path)

 <State 9>: 5.825ns
The critical path consists of the following:
	'call' operation ('call_ln67', B_RNI_HLS/apc/src/RNI_2.cpp:67) to 'inner_layer_Pipeline_NEURONS_STATE_RESET_LOOP' [59]  (5.825 ns)

 <State 10>: 0.000ns
The critical path consists of the following:


============================================================
+ Verbose Summary: Binding
============================================================
N/A
* FSMD analyzer results:
  - Output states:
 - Input state : 
  - Chain level:
	State 1
	State 2
	State 3
	State 4
	State 5
	State 6
	State 7
	State 8
	State 9
	State 10


============================================================
+ Verbose Summary: Datapath Resource usage 
============================================================
N/A
