

================================================================
== Vitis HLS Report for 'inner_layer'
================================================================
* Date:           Mon Mar 18 18:56:09 2024

* Version:        2023.1.1 (Build 3869133 on Jun 15 2023)
* Project:        B_RNI_HLS
* Solution:       RNI (Vivado IP Flow Target)
* Product family: zynq
* Target device:  xc7z020-clg400-1


================================================================
== Performance Estimates
================================================================
+ Timing: 
    * Summary: 
    +--------+----------+----------+------------+
    |  Clock |  Target  | Estimated| Uncertainty|
    +--------+----------+----------+------------+
    |ap_clk  |  10.00 ns|  6.559 ns|     2.70 ns|
    +--------+----------+----------+------------+

+ Latency: 
    * Summary: 
    +---------+---------+-----------+----------+-----+--------+---------+
    |  Latency (cycles) |  Latency (absolute)  |   Interval   | Pipeline|
    |   min   |   max   |    min    |    max   | min |   max  |   Type  |
    +---------+---------+-----------+----------+-----+--------+---------+
    |        6|   132351|  60.000 ns|  1.324 ms|    6|  132351|       no|
    +---------+---------+-----------+----------+-----+--------+---------+

    + Detail: 
        * Instance: 
        +----------------------------------------------------------+-----------------------------------------------+---------+---------+-----------+----------+-----+-----+---------+
        |                                                          |                                               |  Latency (cycles) |  Latency (absolute)  |  Interval | Pipeline|
        |                         Instance                         |                     Module                    |   min   |   max   |    min    |    max   | min | max |   Type  |
        +----------------------------------------------------------+-----------------------------------------------+---------+---------+-----------+----------+-----+-----+---------+
        |grp_inner_layer_Pipeline_INNER_LAYER_WEIGHTS_LOOP_fu_137  |inner_layer_Pipeline_INNER_LAYER_WEIGHTS_LOOP  |        2|      512|  20.000 ns|  5.120 us|    2|  512|       no|
        |grp_inner_layer_Pipeline_NEURONS_STATE_RESET_LOOP_fu_150  |inner_layer_Pipeline_NEURONS_STATE_RESET_LOOP  |        2|      257|  20.000 ns|  2.570 us|    2|  257|       no|
        +----------------------------------------------------------+-----------------------------------------------+---------+---------+-----------+----------+-----+-----+---------+

        * Loop: 
        +----------------------------+---------+---------+----------+-----------+-----------+---------+----------+
        |                            |  Latency (cycles) | Iteration|  Initiation Interval  |   Trip  |          |
        |          Loop Name         |   min   |   max   |  Latency |  achieved |   target  |  Count  | Pipelined|
        +----------------------------+---------+---------+----------+-----------+-----------+---------+----------+
        |- INNER_LAYER_NEURONS_LOOP  |        0|   132090|   5 ~ 518|          -|          -|  0 ~ 255|        no|
        +----------------------------+---------+---------+----------+-----------+-----------+---------+----------+



================================================================
== Utilization Estimates
================================================================
* Summary: 
+-----------------+---------+-----+--------+-------+-----+
|       Name      | BRAM_18K| DSP |   FF   |  LUT  | URAM|
+-----------------+---------+-----+--------+-------+-----+
|DSP              |        -|    -|       -|      -|    -|
|Expression       |        -|    -|       0|    204|    -|
|FIFO             |        -|    -|       -|      -|    -|
|Instance         |        1|    -|     164|    280|    -|
|Memory           |        0|    -|      28|      6|    -|
|Multiplexer      |        -|    -|       -|    186|    -|
|Register         |        -|    -|     124|      -|    -|
+-----------------+---------+-----+--------+-------+-----+
|Total            |        1|    0|     316|    676|    0|
+-----------------+---------+-----+--------+-------+-----+
|Available        |      280|  220|  106400|  53200|    0|
+-----------------+---------+-----+--------+-------+-----+
|Utilization (%)  |       ~0|    0|      ~0|      1|    0|
+-----------------+---------+-----+--------+-------+-----+

+ Detail: 
    * Instance: 
    +----------------------------------------------------------+-----------------------------------------------+---------+----+-----+-----+-----+
    |                         Instance                         |                     Module                    | BRAM_18K| DSP|  FF | LUT | URAM|
    +----------------------------------------------------------+-----------------------------------------------+---------+----+-----+-----+-----+
    |grp_inner_layer_Pipeline_INNER_LAYER_WEIGHTS_LOOP_fu_137  |inner_layer_Pipeline_INNER_LAYER_WEIGHTS_LOOP  |        1|   0|  154|  209|    0|
    |grp_inner_layer_Pipeline_NEURONS_STATE_RESET_LOOP_fu_150  |inner_layer_Pipeline_NEURONS_STATE_RESET_LOOP  |        0|   0|   10|   71|    0|
    +----------------------------------------------------------+-----------------------------------------------+---------+----+-----+-----+-----+
    |Total                                                     |                                               |        1|   0|  164|  280|    0|
    +----------------------------------------------------------+-----------------------------------------------+---------+----+-----+-----+-----+

    * DSP: 
    N/A

    * Memory: 
    +-----------------+---------------------------------------+---------+----+----+-----+------+-----+------+-------------+
    |      Memory     |                 Module                | BRAM_18K| FF | LUT| URAM| Words| Bits| Banks| W*Bits*Banks|
    +-----------------+---------------------------------------+---------+----+----+-----+------+-----+------+-------------+
    |NEURONS_INDEX_U  |inner_layer_NEURONS_INDEX_ROM_AUTO_1R  |        0|  12|   1|    0|     4|    6|     1|           24|
    |WEIGHTS_INDEX_U  |inner_layer_WEIGHTS_INDEX_ROM_AUTO_1R  |        0|  16|   5|    0|    40|    8|     1|          320|
    +-----------------+---------------------------------------+---------+----+----+-----+------+-----+------+-------------+
    |Total            |                                       |        0|  28|   6|    0|    44|   14|     2|          344|
    +-----------------+---------------------------------------+---------+----+----+-----+------+-----+------+-------------+

    * FIFO: 
    N/A

    * Expression: 
    +---------------------------------+----------+----+---+----+------------+------------+
    |          Variable Name          | Operation| DSP| FF| LUT| Bitwidth P0| Bitwidth P1|
    +---------------------------------+----------+----+---+----+------------+------------+
    |add_ln67_fu_237_p2               |         +|   0|  0|  71|          64|           1|
    |add_ln69_fu_205_p2               |         +|   0|  0|  14|           6|           2|
    |sub_i135_fu_222_p2               |         -|   0|  0|  14|           6|           6|
    |ap_block_state6_on_subcall_done  |       and|   0|  0|   2|           1|           1|
    |icmp_ln67_fu_200_p2              |      icmp|   0|  0|  71|          64|          64|
    |icmp_ln69_fu_216_p2              |      icmp|   0|  0|  15|           8|           8|
    |icmp_ln77_fu_231_p2              |      icmp|   0|  0|  15|           8|           5|
    |xor_ln67_fu_163_p2               |       xor|   0|  0|   2|           1|           2|
    +---------------------------------+----------+----+---+----+------------+------------+
    |Total                            |          |   0|  0| 204|         158|          89|
    +---------------------------------+----------+----+---+----+------------+------------+

    * Multiplexer: 
    +---------------------------+----+-----------+-----+-----------+
    |            Name           | LUT| Input Size| Bits| Total Bits|
    +---------------------------+----+-----------+-----+-----------+
    |NEURONS_MEMBRANE_address0  |  14|          3|    6|         18|
    |NEURONS_MEMBRANE_ce0       |  14|          3|    1|          3|
    |NEURONS_MEMBRANE_d0        |  14|          3|    8|         24|
    |NEURONS_MEMBRANE_we0       |  14|          3|    1|          3|
    |NEURONS_STATE_address0     |  20|          4|    6|         24|
    |NEURONS_STATE_ce0          |  14|          3|    1|          3|
    |NEURONS_STATE_d0           |  14|          3|    1|          3|
    |NEURONS_STATE_we0          |  14|          3|    1|          3|
    |ap_NS_fsm                  |  59|         11|    1|         11|
    |neuron_index_1_fu_42       |   9|          2|   64|        128|
    +---------------------------+----+-----------+-----+-----------+
    |Total                      | 186|         38|   90|        220|
    +---------------------------+----+-----------+-----+-----------+

    * Register: 
    +-----------------------------------------------------------------------+----+----+-----+-----------+
    |                                  Name                                 | FF | LUT| Bits| Const Bits|
    +-----------------------------------------------------------------------+----+----+-----+-----------+
    |NEURONS_INDEX_load_reg_271                                             |   6|   0|    6|          0|
    |NEURONS_MEMBRANE_addr_reg_313                                          |   6|   0|    6|          0|
    |NEURONS_STATE_load_reg_327                                             |   1|   0|    1|          0|
    |WEIGHTS_INDEX_load_reg_308                                             |   8|   0|    8|          0|
    |ap_CS_fsm                                                              |  10|   0|   10|          0|
    |grp_inner_layer_Pipeline_INNER_LAYER_WEIGHTS_LOOP_fu_137_ap_start_reg  |   1|   0|    1|          0|
    |grp_inner_layer_Pipeline_NEURONS_STATE_RESET_LOOP_fu_150_ap_start_reg  |   1|   0|    1|          0|
    |icmp_ln69_reg_318                                                      |   1|   0|    1|          0|
    |neuron_index_1_fu_42                                                   |  64|   0|   64|          0|
    |neuron_index_reg_264                                                   |   6|   0|    6|          0|
    |trunc_ln67_1_reg_284                                                   |   6|   0|    6|          0|
    |weights_index_reg_303                                                  |   8|   0|    8|          0|
    |zext_ln67_1_reg_276                                                    |   6|   0|   64|         58|
    +-----------------------------------------------------------------------+----+----+-----+-----------+
    |Total                                                                  | 124|   0|  182|         58|
    +-----------------------------------------------------------------------+----+----+-----+-----------+



================================================================
== Interface
================================================================
* Summary: 
+---------------------------+-----+-----+------------+------------------+--------------+
|         RTL Ports         | Dir | Bits|  Protocol  |   Source Object  |    C Type    |
+---------------------------+-----+-----+------------+------------------+--------------+
|ap_clk                     |   in|    1|  ap_ctrl_hs|       inner_layer|  return value|
|ap_rst                     |   in|    1|  ap_ctrl_hs|       inner_layer|  return value|
|ap_start                   |   in|    1|  ap_ctrl_hs|       inner_layer|  return value|
|ap_done                    |  out|    1|  ap_ctrl_hs|       inner_layer|  return value|
|ap_idle                    |  out|    1|  ap_ctrl_hs|       inner_layer|  return value|
|ap_ready                   |  out|    1|  ap_ctrl_hs|       inner_layer|  return value|
|layer_index_val            |   in|    2|     ap_none|   layer_index_val|        scalar|
|NEURONS_STATE_address0     |  out|    6|   ap_memory|     NEURONS_STATE|         array|
|NEURONS_STATE_ce0          |  out|    1|   ap_memory|     NEURONS_STATE|         array|
|NEURONS_STATE_we0          |  out|    1|   ap_memory|     NEURONS_STATE|         array|
|NEURONS_STATE_d0           |  out|    1|   ap_memory|     NEURONS_STATE|         array|
|NEURONS_STATE_q0           |   in|    1|   ap_memory|     NEURONS_STATE|         array|
|NEURONS_MEMBRANE_address0  |  out|    6|   ap_memory|  NEURONS_MEMBRANE|         array|
|NEURONS_MEMBRANE_ce0       |  out|    1|   ap_memory|  NEURONS_MEMBRANE|         array|
|NEURONS_MEMBRANE_we0       |  out|    1|   ap_memory|  NEURONS_MEMBRANE|         array|
|NEURONS_MEMBRANE_d0        |  out|    8|   ap_memory|  NEURONS_MEMBRANE|         array|
|NEURONS_MEMBRANE_q0        |   in|    8|   ap_memory|  NEURONS_MEMBRANE|         array|
+---------------------------+-----+-----+------------+------------------+--------------+

============================================================
+ Verbose Summary: Synthesis Manager
============================================================
InlineROM: 1
ExposeGlobal: 0
============================================================
+ Verbose Summary: CDFG Model
============================================================
IsTopModel: 0
ResetActiveHigh: 1
IsCombinational: 2
IsDatapathOnly: 2
HasWiredReturn: 1
HasMFsm: 0
HasVarLatency: 1
IsPipeline: 0
IsRtlPipelined: 0
IsInstanceOverlapped: 0
IsDontTouch: 0
HasImplIP: 0
IsGatedGlobalClock: 0


============================================================
+ Verbose Summary: Schedule
============================================================
* Number of FSM states : 10
* Pipeline : 0
* Dataflow Pipeline: 0

* FSM state transitions: 
1 --> 2 
2 --> 3 
3 --> 4 9 
4 --> 5 6 
5 --> 6 
6 --> 7 
7 --> 8 
8 --> 3 
9 --> 10 
10 --> 

* FSM state operations: 

State 1 <SV = 0> <Delay = 3.30>
ST_1 : Operation 11 [1/1] (0.00ns)   --->   "%neuron_index_1 = alloca i32 1"   --->   Operation 11 'alloca' 'neuron_index_1' <Predicate = true> <Delay = 0.00>
ST_1 : Operation 12 [1/1] (0.00ns)   --->   "%layer_index_val_read = read i2 @_ssdm_op_Read.ap_auto.i2, i2 %layer_index_val"   --->   Operation 12 'read' 'layer_index_val_read' <Predicate = true> <Delay = 0.00>
ST_1 : Operation 13 [1/1] (0.00ns)   --->   "%trunc_ln67 = trunc i2 %layer_index_val_read" [B_RNI_HLS/apc/src/RNI_2.cpp:67]   --->   Operation 13 'trunc' 'trunc_ln67' <Predicate = true> <Delay = 0.00>
ST_1 : Operation 14 [1/1] (0.97ns)   --->   "%xor_ln67 = xor i1 %trunc_ln67, i1 1" [B_RNI_HLS/apc/src/RNI_2.cpp:67]   --->   Operation 14 'xor' 'xor_ln67' <Predicate = true> <Delay = 0.97> <CoreInst = "LogicGate">   --->   Core 74 'LogicGate' <Latency = 0> <II = 1> <Delay = 0.97> <FuncUnit> <Opcode : 'and' 'or' 'xor'> <InPorts = 2> <OutPorts = 1>
ST_1 : Operation 15 [1/1] (0.00ns)   --->   "%zext_ln67_2 = zext i1 %xor_ln67" [B_RNI_HLS/apc/src/RNI_2.cpp:67]   --->   Operation 15 'zext' 'zext_ln67_2' <Predicate = true> <Delay = 0.00>
ST_1 : Operation 16 [1/1] (0.00ns)   --->   "%NEURONS_INDEX_addr = getelementptr i6 %NEURONS_INDEX, i64 0, i64 %zext_ln67_2" [B_RNI_HLS/apc/src/RNI_2.cpp:67]   --->   Operation 16 'getelementptr' 'NEURONS_INDEX_addr' <Predicate = true> <Delay = 0.00>
ST_1 : Operation 17 [2/2] (2.32ns)   --->   "%neuron_index = load i2 %NEURONS_INDEX_addr" [B_RNI_HLS/apc/src/RNI_2.cpp:67]   --->   Operation 17 'load' 'neuron_index' <Predicate = true> <Delay = 2.32> <CoreInst = "ROM">   --->   Core 95 'ROM' <Latency = 1> <II = 1> <Delay = 2.32> <Storage> <Opcode : 'load'> <Ports = 0> <Width = 6> <Depth = 4> <ROM>
ST_1 : Operation 18 [1/1] (0.00ns)   --->   "%conv_i199 = zext i2 %layer_index_val_read"   --->   Operation 18 'zext' 'conv_i199' <Predicate = true> <Delay = 0.00>
ST_1 : Operation 19 [1/1] (0.00ns)   --->   "%NEURONS_INDEX_addr_1 = getelementptr i6 %NEURONS_INDEX, i64 0, i64 %conv_i199"   --->   Operation 19 'getelementptr' 'NEURONS_INDEX_addr_1' <Predicate = true> <Delay = 0.00>
ST_1 : Operation 20 [2/2] (2.32ns)   --->   "%NEURONS_INDEX_load = load i2 %NEURONS_INDEX_addr_1"   --->   Operation 20 'load' 'NEURONS_INDEX_load' <Predicate = true> <Delay = 2.32> <CoreInst = "ROM">   --->   Core 95 'ROM' <Latency = 1> <II = 1> <Delay = 2.32> <Storage> <Opcode : 'load'> <Ports = 0> <Width = 6> <Depth = 4> <ROM>

State 2 <SV = 1> <Delay = 3.91>
ST_2 : Operation 21 [1/2] (2.32ns)   --->   "%neuron_index = load i2 %NEURONS_INDEX_addr" [B_RNI_HLS/apc/src/RNI_2.cpp:67]   --->   Operation 21 'load' 'neuron_index' <Predicate = true> <Delay = 2.32> <CoreInst = "ROM">   --->   Core 95 'ROM' <Latency = 1> <II = 1> <Delay = 2.32> <Storage> <Opcode : 'load'> <Ports = 0> <Width = 6> <Depth = 4> <ROM>
ST_2 : Operation 22 [1/2] (2.32ns)   --->   "%NEURONS_INDEX_load = load i2 %NEURONS_INDEX_addr_1"   --->   Operation 22 'load' 'NEURONS_INDEX_load' <Predicate = true> <Delay = 2.32> <CoreInst = "ROM">   --->   Core 95 'ROM' <Latency = 1> <II = 1> <Delay = 2.32> <Storage> <Opcode : 'load'> <Ports = 0> <Width = 6> <Depth = 4> <ROM>
ST_2 : Operation 23 [1/1] (0.00ns)   --->   "%zext_ln67 = zext i6 %neuron_index" [B_RNI_HLS/apc/src/RNI_2.cpp:67]   --->   Operation 23 'zext' 'zext_ln67' <Predicate = true> <Delay = 0.00>
ST_2 : Operation 24 [1/1] (0.00ns)   --->   "%zext_ln67_1 = zext i6 %NEURONS_INDEX_load" [B_RNI_HLS/apc/src/RNI_2.cpp:67]   --->   Operation 24 'zext' 'zext_ln67_1' <Predicate = true> <Delay = 0.00>
ST_2 : Operation 25 [1/1] (1.58ns)   --->   "%store_ln67 = store i64 %zext_ln67, i64 %neuron_index_1" [B_RNI_HLS/apc/src/RNI_2.cpp:67]   --->   Operation 25 'store' 'store_ln67' <Predicate = true> <Delay = 1.58>
ST_2 : Operation 26 [1/1] (0.00ns)   --->   "%br_ln67 = br void %INNER_LAYER_WEIGHTS_LOOP" [B_RNI_HLS/apc/src/RNI_2.cpp:67]   --->   Operation 26 'br' 'br_ln67' <Predicate = true> <Delay = 0.00>

State 3 <SV = 2> <Delay = 4.14>
ST_3 : Operation 27 [1/1] (0.00ns)   --->   "%neuron_index_4 = load i64 %neuron_index_1" [B_RNI_HLS/apc/src/RNI_2.cpp:67]   --->   Operation 27 'load' 'neuron_index_4' <Predicate = true> <Delay = 0.00>
ST_3 : Operation 28 [1/1] (0.00ns)   --->   "%trunc_ln67_1 = trunc i64 %neuron_index_4" [B_RNI_HLS/apc/src/RNI_2.cpp:67]   --->   Operation 28 'trunc' 'trunc_ln67_1' <Predicate = true> <Delay = 0.00>
ST_3 : Operation 29 [1/1] (3.52ns)   --->   "%icmp_ln67 = icmp_slt  i64 %neuron_index_4, i64 %zext_ln67_1" [B_RNI_HLS/apc/src/RNI_2.cpp:67]   --->   Operation 29 'icmp' 'icmp_ln67' <Predicate = true> <Delay = 3.52> <CoreInst = "Cmp">   --->   Core 9 'Cmp' <Latency = 0> <II = 1> <Delay = 3.52> <FuncUnit> <Opcode : 'icmp'> <InPorts = 2> <OutPorts = 1>
ST_3 : Operation 30 [1/1] (0.00ns)   --->   "%br_ln67 = br i1 %icmp_ln67, void %for.inc57.preheader, void %INNER_LAYER_WEIGHTS_LOOP.split" [B_RNI_HLS/apc/src/RNI_2.cpp:67]   --->   Operation 30 'br' 'br_ln67' <Predicate = true> <Delay = 0.00>
ST_3 : Operation 31 [1/1] (1.82ns)   --->   "%add_ln69 = add i6 %trunc_ln67_1, i6 63" [B_RNI_HLS/apc/src/RNI_2.cpp:69]   --->   Operation 31 'add' 'add_ln69' <Predicate = (icmp_ln67)> <Delay = 1.82> <CoreInst = "Adder">   --->   Core 1 'Adder' <Latency = 0> <II = 1> <Delay = 1.82> <FuncUnit> <Opcode : 'add' 'sub'> <InPorts = 2> <OutPorts = 1>
ST_3 : Operation 32 [1/1] (0.00ns)   --->   "%zext_ln69 = zext i6 %add_ln69" [B_RNI_HLS/apc/src/RNI_2.cpp:69]   --->   Operation 32 'zext' 'zext_ln69' <Predicate = (icmp_ln67)> <Delay = 0.00>
ST_3 : Operation 33 [1/1] (0.00ns)   --->   "%WEIGHTS_INDEX_addr = getelementptr i8 %WEIGHTS_INDEX, i64 0, i64 %zext_ln69" [B_RNI_HLS/apc/src/RNI_2.cpp:69]   --->   Operation 33 'getelementptr' 'WEIGHTS_INDEX_addr' <Predicate = (icmp_ln67)> <Delay = 0.00>
ST_3 : Operation 34 [2/2] (2.32ns)   --->   "%weights_index = load i6 %WEIGHTS_INDEX_addr" [B_RNI_HLS/apc/src/RNI_2.cpp:69]   --->   Operation 34 'load' 'weights_index' <Predicate = (icmp_ln67)> <Delay = 2.32> <CoreInst = "ROM">   --->   Core 95 'ROM' <Latency = 1> <II = 1> <Delay = 2.32> <Storage> <Opcode : 'load'> <Ports = 0> <Width = 8> <Depth = 40> <ROM>
ST_3 : Operation 35 [1/1] (0.00ns)   --->   "%WEIGHTS_INDEX_addr_1 = getelementptr i8 %WEIGHTS_INDEX, i64 0, i64 %neuron_index_4" [B_RNI_HLS/apc/src/RNI_2.cpp:67]   --->   Operation 35 'getelementptr' 'WEIGHTS_INDEX_addr_1' <Predicate = (icmp_ln67)> <Delay = 0.00>
ST_3 : Operation 36 [2/2] (2.32ns)   --->   "%WEIGHTS_INDEX_load = load i6 %WEIGHTS_INDEX_addr_1" [B_RNI_HLS/apc/src/RNI_2.cpp:67]   --->   Operation 36 'load' 'WEIGHTS_INDEX_load' <Predicate = (icmp_ln67)> <Delay = 2.32> <CoreInst = "ROM">   --->   Core 95 'ROM' <Latency = 1> <II = 1> <Delay = 2.32> <Storage> <Opcode : 'load'> <Ports = 0> <Width = 8> <Depth = 40> <ROM>

State 4 <SV = 3> <Delay = 4.23>
ST_4 : Operation 37 [1/1] (0.00ns)   --->   "%speclooptripcount_ln67 = speclooptripcount void @_ssdm_op_SpecLoopTripCount, i64 0, i64 255, i64 127" [B_RNI_HLS/apc/src/RNI_2.cpp:67]   --->   Operation 37 'speclooptripcount' 'speclooptripcount_ln67' <Predicate = true> <Delay = 0.00>
ST_4 : Operation 38 [1/1] (0.00ns)   --->   "%specloopname_ln67 = specloopname void @_ssdm_op_SpecLoopName, void @empty_2" [B_RNI_HLS/apc/src/RNI_2.cpp:67]   --->   Operation 38 'specloopname' 'specloopname_ln67' <Predicate = true> <Delay = 0.00>
ST_4 : Operation 39 [1/2] (2.32ns)   --->   "%weights_index = load i6 %WEIGHTS_INDEX_addr" [B_RNI_HLS/apc/src/RNI_2.cpp:69]   --->   Operation 39 'load' 'weights_index' <Predicate = true> <Delay = 2.32> <CoreInst = "ROM">   --->   Core 95 'ROM' <Latency = 1> <II = 1> <Delay = 2.32> <Storage> <Opcode : 'load'> <Ports = 0> <Width = 8> <Depth = 40> <ROM>
ST_4 : Operation 40 [1/2] (2.32ns)   --->   "%WEIGHTS_INDEX_load = load i6 %WEIGHTS_INDEX_addr_1" [B_RNI_HLS/apc/src/RNI_2.cpp:67]   --->   Operation 40 'load' 'WEIGHTS_INDEX_load' <Predicate = true> <Delay = 2.32> <CoreInst = "ROM">   --->   Core 95 'ROM' <Latency = 1> <II = 1> <Delay = 2.32> <Storage> <Opcode : 'load'> <Ports = 0> <Width = 8> <Depth = 40> <ROM>
ST_4 : Operation 41 [1/1] (0.00ns)   --->   "%NEURONS_MEMBRANE_addr = getelementptr i8 %NEURONS_MEMBRANE, i64 0, i64 %neuron_index_4" [B_RNI_HLS/apc/src/RNI_2.cpp:67]   --->   Operation 41 'getelementptr' 'NEURONS_MEMBRANE_addr' <Predicate = true> <Delay = 0.00>
ST_4 : Operation 42 [1/1] (1.91ns)   --->   "%icmp_ln69 = icmp_slt  i8 %weights_index, i8 %WEIGHTS_INDEX_load" [B_RNI_HLS/apc/src/RNI_2.cpp:69]   --->   Operation 42 'icmp' 'icmp_ln69' <Predicate = true> <Delay = 1.91> <CoreInst = "Cmp">   --->   Core 9 'Cmp' <Latency = 0> <II = 1> <Delay = 1.91> <FuncUnit> <Opcode : 'icmp'> <InPorts = 2> <OutPorts = 1>
ST_4 : Operation 43 [1/1] (0.00ns)   --->   "%br_ln69 = br i1 %icmp_ln69, void %for.end, void %for.body12.lr.ph" [B_RNI_HLS/apc/src/RNI_2.cpp:69]   --->   Operation 43 'br' 'br_ln69' <Predicate = true> <Delay = 0.00>
ST_4 : Operation 44 [1/1] (1.82ns)   --->   "%sub_i135 = sub i6 %trunc_ln67_1, i6 %neuron_index" [B_RNI_HLS/apc/src/RNI_2.cpp:67]   --->   Operation 44 'sub' 'sub_i135' <Predicate = (icmp_ln69)> <Delay = 1.82> <CoreInst = "Adder">   --->   Core 1 'Adder' <Latency = 0> <II = 1> <Delay = 1.82> <FuncUnit> <Opcode : 'add' 'sub'> <InPorts = 2> <OutPorts = 1>
ST_4 : Operation 45 [1/1] (0.00ns)   --->   "%conv_i113 = zext i6 %sub_i135" [B_RNI_HLS/apc/src/RNI_2.cpp:67]   --->   Operation 45 'zext' 'conv_i113' <Predicate = (icmp_ln69)> <Delay = 0.00>
ST_4 : Operation 46 [1/1] (0.00ns)   --->   "%NEURONS_STATE_addr = getelementptr i1 %NEURONS_STATE, i64 0, i64 %conv_i113" [B_RNI_HLS/apc/src/RNI_2.cpp:67]   --->   Operation 46 'getelementptr' 'NEURONS_STATE_addr' <Predicate = (icmp_ln69)> <Delay = 0.00>
ST_4 : Operation 47 [2/2] (2.32ns)   --->   "%NEURONS_STATE_load = load i6 %NEURONS_STATE_addr" [B_RNI_HLS/apc/src/RNI_2.cpp:67]   --->   Operation 47 'load' 'NEURONS_STATE_load' <Predicate = (icmp_ln69)> <Delay = 2.32> <CoreInst = "RAM">   --->   Core 82 'RAM' <Latency = 1> <II = 1> <Delay = 2.32> <Storage> <Opcode : 'load' 'store'> <Ports = 2> <Width = 1> <Depth = 40> <RAM>

State 5 <SV = 4> <Delay = 3.91>
ST_5 : Operation 48 [1/2] (2.32ns)   --->   "%NEURONS_STATE_load = load i6 %NEURONS_STATE_addr" [B_RNI_HLS/apc/src/RNI_2.cpp:67]   --->   Operation 48 'load' 'NEURONS_STATE_load' <Predicate = true> <Delay = 2.32> <CoreInst = "RAM">   --->   Core 82 'RAM' <Latency = 1> <II = 1> <Delay = 2.32> <Storage> <Opcode : 'load' 'store'> <Ports = 2> <Width = 1> <Depth = 40> <RAM>
ST_5 : Operation 49 [2/2] (1.58ns)   --->   "%call_ln69 = call void @inner_layer_Pipeline_INNER_LAYER_WEIGHTS_LOOP, i8 %weights_index, i6 %trunc_ln67_1, i8 %WEIGHTS_INDEX_load, i1 %NEURONS_STATE_load, i8 %WEIGHTS, i8 %NEURONS_MEMBRANE" [B_RNI_HLS/apc/src/RNI_2.cpp:69]   --->   Operation 49 'call' 'call_ln69' <Predicate = true> <Delay = 1.58> <CoreType = "Generic">   --->   Core 0 '' <Latency = 0> <II = 1> <Delay = 1.00> <Generic> <Opcode : >

State 6 <SV = 5> <Delay = 0.00>
ST_6 : Operation 50 [1/2] (0.00ns)   --->   "%call_ln69 = call void @inner_layer_Pipeline_INNER_LAYER_WEIGHTS_LOOP, i8 %weights_index, i6 %trunc_ln67_1, i8 %WEIGHTS_INDEX_load, i1 %NEURONS_STATE_load, i8 %WEIGHTS, i8 %NEURONS_MEMBRANE" [B_RNI_HLS/apc/src/RNI_2.cpp:69]   --->   Operation 50 'call' 'call_ln69' <Predicate = (icmp_ln69)> <Delay = 0.00> <CoreType = "Generic">   --->   Core 0 '' <Latency = 0> <II = 1> <Delay = 1.00> <Generic> <Opcode : >
ST_6 : Operation 51 [1/1] (0.00ns)   --->   "%br_ln0 = br void %for.end"   --->   Operation 51 'br' 'br_ln0' <Predicate = (icmp_ln69)> <Delay = 0.00>

State 7 <SV = 6> <Delay = 2.32>
ST_7 : Operation 52 [2/2] (2.32ns)   --->   "%NEURONS_MEMBRANE_load = load i6 %NEURONS_MEMBRANE_addr" [B_RNI_HLS/apc/src/RNI_2.cpp:77]   --->   Operation 52 'load' 'NEURONS_MEMBRANE_load' <Predicate = true> <Delay = 2.32> <CoreInst = "RAM">   --->   Core 82 'RAM' <Latency = 1> <II = 1> <Delay = 2.32> <Storage> <Opcode : 'load' 'store'> <Ports = 2> <Width = 8> <Depth = 40> <RAM>

State 8 <SV = 7> <Delay = 6.55>
ST_8 : Operation 53 [1/2] (2.32ns)   --->   "%NEURONS_MEMBRANE_load = load i6 %NEURONS_MEMBRANE_addr" [B_RNI_HLS/apc/src/RNI_2.cpp:77]   --->   Operation 53 'load' 'NEURONS_MEMBRANE_load' <Predicate = true> <Delay = 2.32> <CoreInst = "RAM">   --->   Core 82 'RAM' <Latency = 1> <II = 1> <Delay = 2.32> <Storage> <Opcode : 'load' 'store'> <Ports = 2> <Width = 8> <Depth = 40> <RAM>
ST_8 : Operation 54 [1/1] (1.91ns)   --->   "%icmp_ln77 = icmp_sgt  i8 %NEURONS_MEMBRANE_load, i8 25" [B_RNI_HLS/apc/src/RNI_2.cpp:77]   --->   Operation 54 'icmp' 'icmp_ln77' <Predicate = true> <Delay = 1.91> <CoreInst = "Cmp">   --->   Core 9 'Cmp' <Latency = 0> <II = 1> <Delay = 1.91> <FuncUnit> <Opcode : 'icmp'> <InPorts = 2> <OutPorts = 1>
ST_8 : Operation 55 [1/1] (0.00ns)   --->   "%br_ln77 = br i1 %icmp_ln77, void %for.inc37, void %if.then31" [B_RNI_HLS/apc/src/RNI_2.cpp:77]   --->   Operation 55 'br' 'br_ln77' <Predicate = true> <Delay = 0.00>
ST_8 : Operation 56 [1/1] (0.00ns)   --->   "%NEURONS_STATE_addr_1 = getelementptr i1 %NEURONS_STATE, i64 0, i64 %neuron_index_4" [B_RNI_HLS/apc/src/RNI_2.cpp:79]   --->   Operation 56 'getelementptr' 'NEURONS_STATE_addr_1' <Predicate = (icmp_ln77)> <Delay = 0.00>
ST_8 : Operation 57 [1/1] (2.32ns)   --->   "%store_ln79 = store i1 1, i6 %NEURONS_STATE_addr_1" [B_RNI_HLS/apc/src/RNI_2.cpp:79]   --->   Operation 57 'store' 'store_ln79' <Predicate = (icmp_ln77)> <Delay = 2.32> <CoreInst = "RAM">   --->   Core 82 'RAM' <Latency = 1> <II = 1> <Delay = 2.32> <Storage> <Opcode : 'load' 'store'> <Ports = 2> <Width = 1> <Depth = 40> <RAM>
ST_8 : Operation 58 [1/1] (2.32ns)   --->   "%store_ln80 = store i8 0, i6 %NEURONS_MEMBRANE_addr" [B_RNI_HLS/apc/src/RNI_2.cpp:80]   --->   Operation 58 'store' 'store_ln80' <Predicate = (icmp_ln77)> <Delay = 2.32> <CoreInst = "RAM">   --->   Core 82 'RAM' <Latency = 1> <II = 1> <Delay = 2.32> <Storage> <Opcode : 'load' 'store'> <Ports = 2> <Width = 8> <Depth = 40> <RAM>
ST_8 : Operation 59 [1/1] (0.00ns)   --->   "%br_ln81 = br void %for.inc37" [B_RNI_HLS/apc/src/RNI_2.cpp:81]   --->   Operation 59 'br' 'br_ln81' <Predicate = (icmp_ln77)> <Delay = 0.00>
ST_8 : Operation 60 [1/1] (3.52ns)   --->   "%add_ln67 = add i64 %neuron_index_4, i64 1" [B_RNI_HLS/apc/src/RNI_2.cpp:67]   --->   Operation 60 'add' 'add_ln67' <Predicate = true> <Delay = 3.52> <CoreInst = "Adder">   --->   Core 1 'Adder' <Latency = 0> <II = 1> <Delay = 3.52> <FuncUnit> <Opcode : 'add' 'sub'> <InPorts = 2> <OutPorts = 1>
ST_8 : Operation 61 [1/1] (1.58ns)   --->   "%store_ln67 = store i64 %add_ln67, i64 %neuron_index_1" [B_RNI_HLS/apc/src/RNI_2.cpp:67]   --->   Operation 61 'store' 'store_ln67' <Predicate = true> <Delay = 1.58>
ST_8 : Operation 62 [1/1] (0.00ns)   --->   "%br_ln67 = br void %INNER_LAYER_WEIGHTS_LOOP" [B_RNI_HLS/apc/src/RNI_2.cpp:67]   --->   Operation 62 'br' 'br_ln67' <Predicate = true> <Delay = 0.00>

State 9 <SV = 3> <Delay = 5.82>
ST_9 : Operation 63 [2/2] (5.82ns)   --->   "%call_ln67 = call void @inner_layer_Pipeline_NEURONS_STATE_RESET_LOOP, i6 %neuron_index, i6 %NEURONS_INDEX_load, i6 %neuron_index, i1 %NEURONS_STATE" [B_RNI_HLS/apc/src/RNI_2.cpp:67]   --->   Operation 63 'call' 'call_ln67' <Predicate = true> <Delay = 5.82> <CoreType = "Generic">   --->   Core 0 '' <Latency = 0> <II = 1> <Delay = 1.00> <Generic> <Opcode : >

State 10 <SV = 4> <Delay = 0.00>
ST_10 : Operation 64 [1/2] (0.00ns)   --->   "%call_ln67 = call void @inner_layer_Pipeline_NEURONS_STATE_RESET_LOOP, i6 %neuron_index, i6 %NEURONS_INDEX_load, i6 %neuron_index, i1 %NEURONS_STATE" [B_RNI_HLS/apc/src/RNI_2.cpp:67]   --->   Operation 64 'call' 'call_ln67' <Predicate = true> <Delay = 0.00> <CoreType = "Generic">   --->   Core 0 '' <Latency = 0> <II = 1> <Delay = 1.00> <Generic> <Opcode : >
ST_10 : Operation 65 [1/1] (0.00ns)   --->   "%ret_ln87 = ret" [B_RNI_HLS/apc/src/RNI_2.cpp:87]   --->   Operation 65 'ret' 'ret_ln87' <Predicate = true> <Delay = 0.00>


============================================================
+ Verbose Summary: Binding
============================================================
STG Binding: 
---------------- STG Properties BEGIN ----------------
- Is combinational: 0
- Is one-state seq: 0
- Is datapath-only: 0
- Is pipelined: 0
- Is top level: 0
Port [ Return ] is wired: 1; IO mode=ap_ctrl_hs:ce=0
Port [ layer_index_val]:  wired=1; compound=0; hidden=0; nouse=0; global=0; static=0; extern=0; dir=0; type=0; pingpong=0; private_global=0; IO mode=ap_none:ce=0
Port [ NEURONS_INDEX]:  wired=0; compound=1; hidden=1; nouse=0; global=1; static=1; extern=0; dir=0; type=1; pingpong=0; private_global=1; MemPort=[11]; IO mode=ap_memory:ce=0
Port [ NEURONS_STATE]:  wired=1; compound=1; hidden=0; nouse=0; global=1; static=1; extern=0; dir=2; type=1; pingpong=0; private_global=0; MemPort=[23]; IO mode=ap_memory:ce=0
Port [ WEIGHTS_INDEX]:  wired=0; compound=1; hidden=1; nouse=0; global=1; static=1; extern=0; dir=0; type=1; pingpong=0; private_global=0; MemPort=[11]; IO mode=ap_memory:ce=0
Port [ WEIGHTS]:  wired=0; compound=1; hidden=1; nouse=1; global=1; static=1; extern=0; dir=0; type=1; pingpong=0; private_global=0; MemPort=[1]; IO mode=ap_memory:ce=0
Port [ NEURONS_MEMBRANE]:  wired=1; compound=1; hidden=0; nouse=0; global=1; static=1; extern=0; dir=2; type=1; pingpong=0; private_global=0; MemPort=[23]; IO mode=ap_memory:ce=0
---------------- STG Properties END ------------------

---------------- Datapath Model BEGIN ----------------

<LifeTime>
<method=bitvector/>
neuron_index_1         (alloca           ) [ 00111111100]
layer_index_val_read   (read             ) [ 00000000000]
trunc_ln67             (trunc            ) [ 00000000000]
xor_ln67               (xor              ) [ 00000000000]
zext_ln67_2            (zext             ) [ 00000000000]
NEURONS_INDEX_addr     (getelementptr    ) [ 00100000000]
conv_i199              (zext             ) [ 00000000000]
NEURONS_INDEX_addr_1   (getelementptr    ) [ 00100000000]
neuron_index           (load             ) [ 00011111111]
NEURONS_INDEX_load     (load             ) [ 00011111111]
zext_ln67              (zext             ) [ 00000000000]
zext_ln67_1            (zext             ) [ 00011111100]
store_ln67             (store            ) [ 00000000000]
br_ln67                (br               ) [ 00000000000]
neuron_index_4         (load             ) [ 00001111100]
trunc_ln67_1           (trunc            ) [ 00001110000]
icmp_ln67              (icmp             ) [ 00011111100]
br_ln67                (br               ) [ 00000000000]
add_ln69               (add              ) [ 00000000000]
zext_ln69              (zext             ) [ 00000000000]
WEIGHTS_INDEX_addr     (getelementptr    ) [ 00001000000]
WEIGHTS_INDEX_addr_1   (getelementptr    ) [ 00001000000]
speclooptripcount_ln67 (speclooptripcount) [ 00000000000]
specloopname_ln67      (specloopname     ) [ 00000000000]
weights_index          (load             ) [ 00000110000]
WEIGHTS_INDEX_load     (load             ) [ 00000110000]
NEURONS_MEMBRANE_addr  (getelementptr    ) [ 00000111100]
icmp_ln69              (icmp             ) [ 00011111100]
br_ln69                (br               ) [ 00000000000]
sub_i135               (sub              ) [ 00000000000]
conv_i113              (zext             ) [ 00000000000]
NEURONS_STATE_addr     (getelementptr    ) [ 00000100000]
NEURONS_STATE_load     (load             ) [ 00011011100]
call_ln69              (call             ) [ 00000000000]
br_ln0                 (br               ) [ 00000000000]
NEURONS_MEMBRANE_load  (load             ) [ 00000000000]
icmp_ln77              (icmp             ) [ 00011111100]
br_ln77                (br               ) [ 00000000000]
NEURONS_STATE_addr_1   (getelementptr    ) [ 00000000000]
store_ln79             (store            ) [ 00000000000]
store_ln80             (store            ) [ 00000000000]
br_ln81                (br               ) [ 00000000000]
add_ln67               (add              ) [ 00000000000]
store_ln67             (store            ) [ 00000000000]
br_ln67                (br               ) [ 00000000000]
call_ln67              (call             ) [ 00000000000]
ret_ln87               (ret              ) [ 00000000000]
</LifeTime>

<model>

<comp_list>
<comp id="0" class="1000" name="layer_index_val">
<pin_list>
<pin id="1" dir="1" index="0" bw="1" slack="0"/>
</pin_list>
<bind>
<StgValue><ssdm name="layer_index_val"/></StgValue>
</bind>
</comp>

<comp id="2" class="1000" name="NEURONS_INDEX">
<pin_list>
<pin id="3" dir="1" index="0" bw="1" slack="0"/>
</pin_list>
<bind>
<StgValue><ssdm name="NEURONS_INDEX"/><MemPortTyVec>1 1 </MemPortTyVec>
</StgValue>
</bind>
</comp>

<comp id="4" class="1000" name="NEURONS_STATE">
<pin_list>
<pin id="5" dir="1" index="0" bw="1" slack="0"/>
</pin_list>
<bind>
<StgValue><ssdm name="NEURONS_STATE"/><MemPortTyVec>2 3 </MemPortTyVec>
</StgValue>
</bind>
</comp>

<comp id="6" class="1000" name="WEIGHTS_INDEX">
<pin_list>
<pin id="7" dir="1" index="0" bw="1" slack="0"/>
</pin_list>
<bind>
<StgValue><ssdm name="WEIGHTS_INDEX"/><MemPortTyVec>1 1 </MemPortTyVec>
</StgValue>
</bind>
</comp>

<comp id="8" class="1000" name="WEIGHTS">
<pin_list>
<pin id="9" dir="1" index="0" bw="1" slack="0"/>
</pin_list>
<bind>
<StgValue><ssdm name="WEIGHTS"/><MemPortTyVec>1 </MemPortTyVec>
</StgValue>
</bind>
</comp>

<comp id="10" class="1000" name="NEURONS_MEMBRANE">
<pin_list>
<pin id="11" dir="1" index="0" bw="1" slack="0"/>
</pin_list>
<bind>
<StgValue><ssdm name="NEURONS_MEMBRANE"/><MemPortTyVec>2 3 </MemPortTyVec>
</StgValue>
</bind>
</comp>

<comp id="12" class="1001" name="const_12">
<pin_list>
<pin id="13" dir="1" index="0" bw="1" slack="0"/>
</pin_list>
<bind>
<StgValue><ssdm name=""/></StgValue>
</bind>
</comp>

<comp id="14" class="1001" name="const_14">
<pin_list>
<pin id="15" dir="1" index="0" bw="1" slack="0"/>
</pin_list>
<bind>
<StgValue><ssdm name="_ssdm_op_Read.ap_auto.i2"/></StgValue>
</bind>
</comp>

<comp id="16" class="1001" name="const_16">
<pin_list>
<pin id="17" dir="1" index="0" bw="1" slack="0"/>
</pin_list>
<bind>
<StgValue><ssdm name=""/></StgValue>
</bind>
</comp>

<comp id="18" class="1001" name="const_18">
<pin_list>
<pin id="19" dir="1" index="0" bw="1" slack="0"/>
</pin_list>
<bind>
<StgValue><ssdm name=""/></StgValue>
</bind>
</comp>

<comp id="20" class="1001" name="const_20">
<pin_list>
<pin id="21" dir="1" index="0" bw="1" slack="0"/>
</pin_list>
<bind>
<StgValue><ssdm name=""/></StgValue>
</bind>
</comp>

<comp id="22" class="1001" name="const_22">
<pin_list>
<pin id="23" dir="1" index="0" bw="1" slack="2147483647"/>
</pin_list>
<bind>
<StgValue><ssdm name="_ssdm_op_SpecLoopTripCount"/></StgValue>
</bind>
</comp>

<comp id="24" class="1001" name="const_24">
<pin_list>
<pin id="25" dir="1" index="0" bw="1" slack="2147483647"/>
</pin_list>
<bind>
<StgValue><ssdm name=""/></StgValue>
</bind>
</comp>

<comp id="26" class="1001" name="const_26">
<pin_list>
<pin id="27" dir="1" index="0" bw="1" slack="2147483647"/>
</pin_list>
<bind>
<StgValue><ssdm name=""/></StgValue>
</bind>
</comp>

<comp id="28" class="1001" name="const_28">
<pin_list>
<pin id="29" dir="1" index="0" bw="1" slack="2147483647"/>
</pin_list>
<bind>
<StgValue><ssdm name="_ssdm_op_SpecLoopName"/></StgValue>
</bind>
</comp>

<comp id="30" class="1001" name="const_30">
<pin_list>
<pin id="31" dir="1" index="0" bw="1" slack="2147483647"/>
</pin_list>
<bind>
<StgValue><ssdm name="empty_2"/></StgValue>
</bind>
</comp>

<comp id="32" class="1001" name="const_32">
<pin_list>
<pin id="33" dir="1" index="0" bw="1" slack="0"/>
</pin_list>
<bind>
<StgValue><ssdm name="inner_layer_Pipeline_INNER_LAYER_WEIGHTS_LOOP"/></StgValue>
</bind>
</comp>

<comp id="34" class="1001" name="const_34">
<pin_list>
<pin id="35" dir="1" index="0" bw="1" slack="0"/>
</pin_list>
<bind>
<StgValue><ssdm name=""/></StgValue>
</bind>
</comp>

<comp id="36" class="1001" name="const_36">
<pin_list>
<pin id="37" dir="1" index="0" bw="1" slack="0"/>
</pin_list>
<bind>
<StgValue><ssdm name=""/></StgValue>
</bind>
</comp>

<comp id="38" class="1001" name="const_38">
<pin_list>
<pin id="39" dir="1" index="0" bw="1" slack="0"/>
</pin_list>
<bind>
<StgValue><ssdm name=""/></StgValue>
</bind>
</comp>

<comp id="40" class="1001" name="const_40">
<pin_list>
<pin id="41" dir="1" index="0" bw="1" slack="0"/>
</pin_list>
<bind>
<StgValue><ssdm name="inner_layer_Pipeline_NEURONS_STATE_RESET_LOOP"/></StgValue>
</bind>
</comp>

<comp id="42" class="1004" name="neuron_index_1_fu_42">
<pin_list>
<pin id="43" dir="0" index="0" bw="1" slack="0"/>
<pin id="44" dir="1" index="1" bw="64" slack="1"/>
</pin_list>
<bind>
<opcode="alloca(26) " fcode="alloca"/>
<opset="neuron_index_1/1 "/>
</bind>
</comp>

<comp id="46" class="1004" name="layer_index_val_read_read_fu_46">
<pin_list>
<pin id="47" dir="0" index="0" bw="2" slack="0"/>
<pin id="48" dir="0" index="1" bw="2" slack="0"/>
<pin id="49" dir="1" index="2" bw="2" slack="0"/>
</pin_list>
<bind>
<opcode="read(1150) " fcode="read"/>
<opset="layer_index_val_read/1 "/>
</bind>
</comp>

<comp id="52" class="1004" name="NEURONS_INDEX_addr_gep_fu_52">
<pin_list>
<pin id="53" dir="0" index="0" bw="6" slack="0"/>
<pin id="54" dir="0" index="1" bw="1" slack="0"/>
<pin id="55" dir="0" index="2" bw="1" slack="0"/>
<pin id="56" dir="1" index="3" bw="2" slack="0"/>
</pin_list>
<bind>
<opcode="getelementptr(29) " fcode="getelementptr"/>
<opset="NEURONS_INDEX_addr/1 "/>
</bind>
</comp>

<comp id="59" class="1004" name="grp_access_fu_59">
<pin_list>
<pin id="60" dir="0" index="0" bw="2" slack="0"/>
<pin id="61" dir="0" index="1" bw="6" slack="2147483647"/>
<pin id="62" dir="0" index="2" bw="0" slack="0"/>
<pin id="64" dir="0" index="4" bw="2" slack="2147483647"/>
<pin id="65" dir="0" index="5" bw="6" slack="2147483647"/>
<pin id="66" dir="0" index="6" bw="0" slack="2147483647"/>
<pin id="63" dir="1" index="3" bw="6" slack="0"/>
<pin id="67" dir="1" index="7" bw="6" slack="0"/>
</pin_list>
<bind>
<opcode="load(27) " fcode="load"/>
<opset="neuron_index/1 NEURONS_INDEX_load/1 "/>
</bind>
</comp>

<comp id="69" class="1004" name="NEURONS_INDEX_addr_1_gep_fu_69">
<pin_list>
<pin id="70" dir="0" index="0" bw="6" slack="0"/>
<pin id="71" dir="0" index="1" bw="1" slack="0"/>
<pin id="72" dir="0" index="2" bw="2" slack="0"/>
<pin id="73" dir="1" index="3" bw="2" slack="0"/>
</pin_list>
<bind>
<opcode="getelementptr(29) " fcode="getelementptr"/>
<opset="NEURONS_INDEX_addr_1/1 "/>
</bind>
</comp>

<comp id="77" class="1004" name="WEIGHTS_INDEX_addr_gep_fu_77">
<pin_list>
<pin id="78" dir="0" index="0" bw="8" slack="0"/>
<pin id="79" dir="0" index="1" bw="1" slack="0"/>
<pin id="80" dir="0" index="2" bw="6" slack="0"/>
<pin id="81" dir="1" index="3" bw="6" slack="0"/>
</pin_list>
<bind>
<opcode="getelementptr(29) " fcode="getelementptr"/>
<opset="WEIGHTS_INDEX_addr/3 "/>
</bind>
</comp>

<comp id="84" class="1004" name="grp_access_fu_84">
<pin_list>
<pin id="85" dir="0" index="0" bw="6" slack="0"/>
<pin id="86" dir="0" index="1" bw="8" slack="2147483647"/>
<pin id="87" dir="0" index="2" bw="0" slack="0"/>
<pin id="89" dir="0" index="4" bw="6" slack="2147483647"/>
<pin id="90" dir="0" index="5" bw="8" slack="2147483647"/>
<pin id="91" dir="0" index="6" bw="0" slack="2147483647"/>
<pin id="88" dir="1" index="3" bw="8" slack="0"/>
<pin id="92" dir="1" index="7" bw="8" slack="0"/>
</pin_list>
<bind>
<opcode="load(27) " fcode="load"/>
<opset="weights_index/3 WEIGHTS_INDEX_load/3 "/>
</bind>
</comp>

<comp id="94" class="1004" name="WEIGHTS_INDEX_addr_1_gep_fu_94">
<pin_list>
<pin id="95" dir="0" index="0" bw="8" slack="0"/>
<pin id="96" dir="0" index="1" bw="1" slack="0"/>
<pin id="97" dir="0" index="2" bw="64" slack="0"/>
<pin id="98" dir="1" index="3" bw="6" slack="0"/>
</pin_list>
<bind>
<opcode="getelementptr(29) " fcode="getelementptr"/>
<opset="WEIGHTS_INDEX_addr_1/3 "/>
</bind>
</comp>

<comp id="102" class="1004" name="NEURONS_MEMBRANE_addr_gep_fu_102">
<pin_list>
<pin id="103" dir="0" index="0" bw="8" slack="0"/>
<pin id="104" dir="0" index="1" bw="1" slack="0"/>
<pin id="105" dir="0" index="2" bw="64" slack="2147483647"/>
<pin id="106" dir="1" index="3" bw="6" slack="3"/>
</pin_list>
<bind>
<opcode="getelementptr(29) " fcode="getelementptr"/>
<opset="NEURONS_MEMBRANE_addr/4 "/>
</bind>
</comp>

<comp id="109" class="1004" name="NEURONS_STATE_addr_gep_fu_109">
<pin_list>
<pin id="110" dir="0" index="0" bw="1" slack="0"/>
<pin id="111" dir="0" index="1" bw="1" slack="0"/>
<pin id="112" dir="0" index="2" bw="6" slack="0"/>
<pin id="113" dir="1" index="3" bw="6" slack="0"/>
</pin_list>
<bind>
<opcode="getelementptr(29) " fcode="getelementptr"/>
<opset="NEURONS_STATE_addr/4 "/>
</bind>
</comp>

<comp id="116" class="1004" name="grp_access_fu_116">
<pin_list>
<pin id="117" dir="0" index="0" bw="6" slack="0"/>
<pin id="118" dir="0" index="1" bw="1" slack="0"/>
<pin id="119" dir="0" index="2" bw="0" slack="2147483647"/>
<pin id="120" dir="1" index="3" bw="1" slack="0"/>
</pin_list>
<bind>
<opcode="load(27) store(28) " fcode="store"/>
<opset="NEURONS_STATE_load/4 store_ln79/8 "/>
</bind>
</comp>

<comp id="122" class="1004" name="grp_access_fu_122">
<pin_list>
<pin id="123" dir="0" index="0" bw="6" slack="3"/>
<pin id="124" dir="0" index="1" bw="8" slack="0"/>
<pin id="125" dir="0" index="2" bw="0" slack="2147483647"/>
<pin id="126" dir="1" index="3" bw="8" slack="0"/>
</pin_list>
<bind>
<opcode="load(27) store(28) " fcode="store"/>
<opset="NEURONS_MEMBRANE_load/7 store_ln80/8 "/>
</bind>
</comp>

<comp id="127" class="1004" name="NEURONS_STATE_addr_1_gep_fu_127">
<pin_list>
<pin id="128" dir="0" index="0" bw="1" slack="0"/>
<pin id="129" dir="0" index="1" bw="1" slack="0"/>
<pin id="130" dir="0" index="2" bw="64" slack="2147483647"/>
<pin id="131" dir="1" index="3" bw="6" slack="0"/>
</pin_list>
<bind>
<opcode="getelementptr(29) " fcode="getelementptr"/>
<opset="NEURONS_STATE_addr_1/8 "/>
</bind>
</comp>

<comp id="137" class="1004" name="grp_inner_layer_Pipeline_INNER_LAYER_WEIGHTS_LOOP_fu_137">
<pin_list>
<pin id="138" dir="0" index="0" bw="0" slack="0"/>
<pin id="139" dir="0" index="1" bw="8" slack="1"/>
<pin id="140" dir="0" index="2" bw="6" slack="2"/>
<pin id="141" dir="0" index="3" bw="8" slack="1"/>
<pin id="142" dir="0" index="4" bw="1" slack="0"/>
<pin id="143" dir="0" index="5" bw="8" slack="0"/>
<pin id="144" dir="0" index="6" bw="8" slack="0"/>
<pin id="145" dir="1" index="7" bw="0" slack="2147483647"/>
</pin_list>
<bind>
<opcode="call(48) " fcode="call"/>
<opset="call_ln69/5 "/>
</bind>
</comp>

<comp id="150" class="1004" name="grp_inner_layer_Pipeline_NEURONS_STATE_RESET_LOOP_fu_150">
<pin_list>
<pin id="151" dir="0" index="0" bw="0" slack="0"/>
<pin id="152" dir="0" index="1" bw="6" slack="2"/>
<pin id="153" dir="0" index="2" bw="6" slack="2"/>
<pin id="154" dir="0" index="3" bw="6" slack="2"/>
<pin id="155" dir="0" index="4" bw="1" slack="0"/>
<pin id="156" dir="1" index="5" bw="0" slack="2147483647"/>
</pin_list>
<bind>
<opcode="call(48) " fcode="call"/>
<opset="call_ln67/9 "/>
</bind>
</comp>

<comp id="159" class="1004" name="trunc_ln67_fu_159">
<pin_list>
<pin id="160" dir="0" index="0" bw="2" slack="0"/>
<pin id="161" dir="1" index="1" bw="1" slack="0"/>
</pin_list>
<bind>
<opcode="trunc(33) " fcode="trunc"/>
<opset="trunc_ln67/1 "/>
</bind>
</comp>

<comp id="163" class="1004" name="xor_ln67_fu_163">
<pin_list>
<pin id="164" dir="0" index="0" bw="1" slack="0"/>
<pin id="165" dir="0" index="1" bw="1" slack="0"/>
<pin id="166" dir="1" index="2" bw="1" slack="0"/>
</pin_list>
<bind>
<opcode="xor(25) " fcode="xor"/>
<opset="xor_ln67/1 "/>
</bind>
</comp>

<comp id="169" class="1004" name="zext_ln67_2_fu_169">
<pin_list>
<pin id="170" dir="0" index="0" bw="1" slack="0"/>
<pin id="171" dir="1" index="1" bw="64" slack="0"/>
</pin_list>
<bind>
<opcode="zext(34) " fcode="zext"/>
<opset="zext_ln67_2/1 "/>
</bind>
</comp>

<comp id="174" class="1004" name="conv_i199_fu_174">
<pin_list>
<pin id="175" dir="0" index="0" bw="2" slack="0"/>
<pin id="176" dir="1" index="1" bw="64" slack="0"/>
</pin_list>
<bind>
<opcode="zext(34) " fcode="zext"/>
<opset="conv_i199/1 "/>
</bind>
</comp>

<comp id="179" class="1004" name="zext_ln67_fu_179">
<pin_list>
<pin id="180" dir="0" index="0" bw="6" slack="0"/>
<pin id="181" dir="1" index="1" bw="64" slack="0"/>
</pin_list>
<bind>
<opcode="zext(34) " fcode="zext"/>
<opset="zext_ln67/2 "/>
</bind>
</comp>

<comp id="183" class="1004" name="zext_ln67_1_fu_183">
<pin_list>
<pin id="184" dir="0" index="0" bw="6" slack="0"/>
<pin id="185" dir="1" index="1" bw="64" slack="1"/>
</pin_list>
<bind>
<opcode="zext(34) " fcode="zext"/>
<opset="zext_ln67_1/2 "/>
</bind>
</comp>

<comp id="187" class="1004" name="store_ln67_store_fu_187">
<pin_list>
<pin id="188" dir="0" index="0" bw="6" slack="0"/>
<pin id="189" dir="0" index="1" bw="64" slack="1"/>
<pin id="190" dir="1" index="2" bw="0" slack="2147483647"/>
</pin_list>
<bind>
<opcode="store(28) " fcode="store"/>
<opset="store_ln67/2 "/>
</bind>
</comp>

<comp id="192" class="1004" name="neuron_index_4_load_fu_192">
<pin_list>
<pin id="193" dir="0" index="0" bw="64" slack="2"/>
<pin id="194" dir="1" index="1" bw="64" slack="0"/>
</pin_list>
<bind>
<opcode="load(27) " fcode="load"/>
<opset="neuron_index_4/3 "/>
</bind>
</comp>

<comp id="196" class="1004" name="trunc_ln67_1_fu_196">
<pin_list>
<pin id="197" dir="0" index="0" bw="64" slack="0"/>
<pin id="198" dir="1" index="1" bw="6" slack="0"/>
</pin_list>
<bind>
<opcode="trunc(33) " fcode="trunc"/>
<opset="trunc_ln67_1/3 "/>
</bind>
</comp>

<comp id="200" class="1004" name="icmp_ln67_fu_200">
<pin_list>
<pin id="201" dir="0" index="0" bw="64" slack="0"/>
<pin id="202" dir="0" index="1" bw="64" slack="1"/>
<pin id="203" dir="1" index="2" bw="1" slack="2147483647"/>
</pin_list>
<bind>
<opcode="icmp(45) " fcode="icmp"/>
<opset="icmp_ln67/3 "/>
</bind>
</comp>

<comp id="205" class="1004" name="add_ln69_fu_205">
<pin_list>
<pin id="206" dir="0" index="0" bw="6" slack="0"/>
<pin id="207" dir="0" index="1" bw="1" slack="0"/>
<pin id="208" dir="1" index="2" bw="6" slack="0"/>
</pin_list>
<bind>
<opcode="add(8) " fcode="add"/>
<opset="add_ln69/3 "/>
</bind>
</comp>

<comp id="211" class="1004" name="zext_ln69_fu_211">
<pin_list>
<pin id="212" dir="0" index="0" bw="6" slack="0"/>
<pin id="213" dir="1" index="1" bw="64" slack="0"/>
</pin_list>
<bind>
<opcode="zext(34) " fcode="zext"/>
<opset="zext_ln69/3 "/>
</bind>
</comp>

<comp id="216" class="1004" name="icmp_ln69_fu_216">
<pin_list>
<pin id="217" dir="0" index="0" bw="8" slack="0"/>
<pin id="218" dir="0" index="1" bw="8" slack="0"/>
<pin id="219" dir="1" index="2" bw="1" slack="2"/>
</pin_list>
<bind>
<opcode="icmp(45) " fcode="icmp"/>
<opset="icmp_ln69/4 "/>
</bind>
</comp>

<comp id="222" class="1004" name="sub_i135_fu_222">
<pin_list>
<pin id="223" dir="0" index="0" bw="6" slack="1"/>
<pin id="224" dir="0" index="1" bw="6" slack="2"/>
<pin id="225" dir="1" index="2" bw="6" slack="0"/>
</pin_list>
<bind>
<opcode="sub(10) " fcode="sub"/>
<opset="sub_i135/4 "/>
</bind>
</comp>

<comp id="226" class="1004" name="conv_i113_fu_226">
<pin_list>
<pin id="227" dir="0" index="0" bw="6" slack="0"/>
<pin id="228" dir="1" index="1" bw="64" slack="0"/>
</pin_list>
<bind>
<opcode="zext(34) " fcode="zext"/>
<opset="conv_i113/4 "/>
</bind>
</comp>

<comp id="231" class="1004" name="icmp_ln77_fu_231">
<pin_list>
<pin id="232" dir="0" index="0" bw="8" slack="0"/>
<pin id="233" dir="0" index="1" bw="8" slack="0"/>
<pin id="234" dir="1" index="2" bw="1" slack="2147483647"/>
</pin_list>
<bind>
<opcode="icmp(45) " fcode="icmp"/>
<opset="icmp_ln77/8 "/>
</bind>
</comp>

<comp id="237" class="1004" name="add_ln67_fu_237">
<pin_list>
<pin id="238" dir="0" index="0" bw="64" slack="2147483647"/>
<pin id="239" dir="0" index="1" bw="1" slack="0"/>
<pin id="240" dir="1" index="2" bw="64" slack="0"/>
</pin_list>
<bind>
<opcode="add(8) " fcode="add"/>
<opset="add_ln67/8 "/>
</bind>
</comp>

<comp id="242" class="1004" name="store_ln67_store_fu_242">
<pin_list>
<pin id="243" dir="0" index="0" bw="64" slack="0"/>
<pin id="244" dir="0" index="1" bw="64" slack="7"/>
<pin id="245" dir="1" index="2" bw="0" slack="2147483647"/>
</pin_list>
<bind>
<opcode="store(28) " fcode="store"/>
<opset="store_ln67/8 "/>
</bind>
</comp>

<comp id="247" class="1005" name="neuron_index_1_reg_247">
<pin_list>
<pin id="248" dir="0" index="0" bw="64" slack="1"/>
<pin id="249" dir="1" index="1" bw="64" slack="1"/>
</pin_list>
<bind>
<opset="neuron_index_1 "/>
</bind>
</comp>

<comp id="254" class="1005" name="NEURONS_INDEX_addr_reg_254">
<pin_list>
<pin id="255" dir="0" index="0" bw="2" slack="1"/>
<pin id="256" dir="1" index="1" bw="2" slack="1"/>
</pin_list>
<bind>
<opset="NEURONS_INDEX_addr "/>
</bind>
</comp>

<comp id="259" class="1005" name="NEURONS_INDEX_addr_1_reg_259">
<pin_list>
<pin id="260" dir="0" index="0" bw="2" slack="1"/>
<pin id="261" dir="1" index="1" bw="2" slack="1"/>
</pin_list>
<bind>
<opset="NEURONS_INDEX_addr_1 "/>
</bind>
</comp>

<comp id="264" class="1005" name="neuron_index_reg_264">
<pin_list>
<pin id="265" dir="0" index="0" bw="6" slack="2"/>
<pin id="266" dir="1" index="1" bw="6" slack="2"/>
</pin_list>
<bind>
<opset="neuron_index "/>
</bind>
</comp>

<comp id="271" class="1005" name="NEURONS_INDEX_load_reg_271">
<pin_list>
<pin id="272" dir="0" index="0" bw="6" slack="2"/>
<pin id="273" dir="1" index="1" bw="6" slack="2"/>
</pin_list>
<bind>
<opset="NEURONS_INDEX_load "/>
</bind>
</comp>

<comp id="276" class="1005" name="zext_ln67_1_reg_276">
<pin_list>
<pin id="277" dir="0" index="0" bw="64" slack="1"/>
<pin id="278" dir="1" index="1" bw="64" slack="1"/>
</pin_list>
<bind>
<opset="zext_ln67_1 "/>
</bind>
</comp>

<comp id="284" class="1005" name="trunc_ln67_1_reg_284">
<pin_list>
<pin id="285" dir="0" index="0" bw="6" slack="1"/>
<pin id="286" dir="1" index="1" bw="6" slack="1"/>
</pin_list>
<bind>
<opset="trunc_ln67_1 "/>
</bind>
</comp>

<comp id="293" class="1005" name="WEIGHTS_INDEX_addr_reg_293">
<pin_list>
<pin id="294" dir="0" index="0" bw="6" slack="1"/>
<pin id="295" dir="1" index="1" bw="6" slack="1"/>
</pin_list>
<bind>
<opset="WEIGHTS_INDEX_addr "/>
</bind>
</comp>

<comp id="298" class="1005" name="WEIGHTS_INDEX_addr_1_reg_298">
<pin_list>
<pin id="299" dir="0" index="0" bw="6" slack="1"/>
<pin id="300" dir="1" index="1" bw="6" slack="1"/>
</pin_list>
<bind>
<opset="WEIGHTS_INDEX_addr_1 "/>
</bind>
</comp>

<comp id="303" class="1005" name="weights_index_reg_303">
<pin_list>
<pin id="304" dir="0" index="0" bw="8" slack="1"/>
<pin id="305" dir="1" index="1" bw="8" slack="1"/>
</pin_list>
<bind>
<opset="weights_index "/>
</bind>
</comp>

<comp id="308" class="1005" name="WEIGHTS_INDEX_load_reg_308">
<pin_list>
<pin id="309" dir="0" index="0" bw="8" slack="1"/>
<pin id="310" dir="1" index="1" bw="8" slack="1"/>
</pin_list>
<bind>
<opset="WEIGHTS_INDEX_load "/>
</bind>
</comp>

<comp id="313" class="1005" name="NEURONS_MEMBRANE_addr_reg_313">
<pin_list>
<pin id="314" dir="0" index="0" bw="6" slack="3"/>
<pin id="315" dir="1" index="1" bw="6" slack="3"/>
</pin_list>
<bind>
<opset="NEURONS_MEMBRANE_addr "/>
</bind>
</comp>

<comp id="318" class="1005" name="icmp_ln69_reg_318">
<pin_list>
<pin id="319" dir="0" index="0" bw="1" slack="2"/>
<pin id="320" dir="1" index="1" bw="1" slack="2147483647"/>
</pin_list>
<bind>
<opset="icmp_ln69 "/>
</bind>
</comp>

<comp id="322" class="1005" name="NEURONS_STATE_addr_reg_322">
<pin_list>
<pin id="323" dir="0" index="0" bw="6" slack="1"/>
<pin id="324" dir="1" index="1" bw="6" slack="1"/>
</pin_list>
<bind>
<opset="NEURONS_STATE_addr "/>
</bind>
</comp>

<comp id="327" class="1005" name="NEURONS_STATE_load_reg_327">
<pin_list>
<pin id="328" dir="0" index="0" bw="1" slack="1"/>
<pin id="329" dir="1" index="1" bw="1" slack="1"/>
</pin_list>
<bind>
<opset="NEURONS_STATE_load "/>
</bind>
</comp>

</comp_list>

<net_list>
<net id="45"><net_src comp="12" pin="0"/><net_sink comp="42" pin=0"/></net>

<net id="50"><net_src comp="14" pin="0"/><net_sink comp="46" pin=0"/></net>

<net id="51"><net_src comp="0" pin="0"/><net_sink comp="46" pin=1"/></net>

<net id="57"><net_src comp="2" pin="0"/><net_sink comp="52" pin=0"/></net>

<net id="58"><net_src comp="18" pin="0"/><net_sink comp="52" pin=1"/></net>

<net id="68"><net_src comp="52" pin="3"/><net_sink comp="59" pin=2"/></net>

<net id="74"><net_src comp="2" pin="0"/><net_sink comp="69" pin=0"/></net>

<net id="75"><net_src comp="18" pin="0"/><net_sink comp="69" pin=1"/></net>

<net id="76"><net_src comp="69" pin="3"/><net_sink comp="59" pin=0"/></net>

<net id="82"><net_src comp="6" pin="0"/><net_sink comp="77" pin=0"/></net>

<net id="83"><net_src comp="18" pin="0"/><net_sink comp="77" pin=1"/></net>

<net id="93"><net_src comp="77" pin="3"/><net_sink comp="84" pin=2"/></net>

<net id="99"><net_src comp="6" pin="0"/><net_sink comp="94" pin=0"/></net>

<net id="100"><net_src comp="18" pin="0"/><net_sink comp="94" pin=1"/></net>

<net id="101"><net_src comp="94" pin="3"/><net_sink comp="84" pin=0"/></net>

<net id="107"><net_src comp="10" pin="0"/><net_sink comp="102" pin=0"/></net>

<net id="108"><net_src comp="18" pin="0"/><net_sink comp="102" pin=1"/></net>

<net id="114"><net_src comp="4" pin="0"/><net_sink comp="109" pin=0"/></net>

<net id="115"><net_src comp="18" pin="0"/><net_sink comp="109" pin=1"/></net>

<net id="121"><net_src comp="109" pin="3"/><net_sink comp="116" pin=0"/></net>

<net id="132"><net_src comp="4" pin="0"/><net_sink comp="127" pin=0"/></net>

<net id="133"><net_src comp="18" pin="0"/><net_sink comp="127" pin=1"/></net>

<net id="134"><net_src comp="16" pin="0"/><net_sink comp="116" pin=1"/></net>

<net id="135"><net_src comp="127" pin="3"/><net_sink comp="116" pin=0"/></net>

<net id="136"><net_src comp="36" pin="0"/><net_sink comp="122" pin=1"/></net>

<net id="146"><net_src comp="32" pin="0"/><net_sink comp="137" pin=0"/></net>

<net id="147"><net_src comp="116" pin="3"/><net_sink comp="137" pin=4"/></net>

<net id="148"><net_src comp="8" pin="0"/><net_sink comp="137" pin=5"/></net>

<net id="149"><net_src comp="10" pin="0"/><net_sink comp="137" pin=6"/></net>

<net id="157"><net_src comp="40" pin="0"/><net_sink comp="150" pin=0"/></net>

<net id="158"><net_src comp="4" pin="0"/><net_sink comp="150" pin=4"/></net>

<net id="162"><net_src comp="46" pin="2"/><net_sink comp="159" pin=0"/></net>

<net id="167"><net_src comp="159" pin="1"/><net_sink comp="163" pin=0"/></net>

<net id="168"><net_src comp="16" pin="0"/><net_sink comp="163" pin=1"/></net>

<net id="172"><net_src comp="163" pin="2"/><net_sink comp="169" pin=0"/></net>

<net id="173"><net_src comp="169" pin="1"/><net_sink comp="52" pin=2"/></net>

<net id="177"><net_src comp="46" pin="2"/><net_sink comp="174" pin=0"/></net>

<net id="178"><net_src comp="174" pin="1"/><net_sink comp="69" pin=2"/></net>

<net id="182"><net_src comp="59" pin="7"/><net_sink comp="179" pin=0"/></net>

<net id="186"><net_src comp="59" pin="3"/><net_sink comp="183" pin=0"/></net>

<net id="191"><net_src comp="179" pin="1"/><net_sink comp="187" pin=0"/></net>

<net id="195"><net_src comp="192" pin="1"/><net_sink comp="94" pin=2"/></net>

<net id="199"><net_src comp="192" pin="1"/><net_sink comp="196" pin=0"/></net>

<net id="204"><net_src comp="192" pin="1"/><net_sink comp="200" pin=0"/></net>

<net id="209"><net_src comp="196" pin="1"/><net_sink comp="205" pin=0"/></net>

<net id="210"><net_src comp="20" pin="0"/><net_sink comp="205" pin=1"/></net>

<net id="214"><net_src comp="205" pin="2"/><net_sink comp="211" pin=0"/></net>

<net id="215"><net_src comp="211" pin="1"/><net_sink comp="77" pin=2"/></net>

<net id="220"><net_src comp="84" pin="7"/><net_sink comp="216" pin=0"/></net>

<net id="221"><net_src comp="84" pin="3"/><net_sink comp="216" pin=1"/></net>

<net id="229"><net_src comp="222" pin="2"/><net_sink comp="226" pin=0"/></net>

<net id="230"><net_src comp="226" pin="1"/><net_sink comp="109" pin=2"/></net>

<net id="235"><net_src comp="122" pin="3"/><net_sink comp="231" pin=0"/></net>

<net id="236"><net_src comp="34" pin="0"/><net_sink comp="231" pin=1"/></net>

<net id="241"><net_src comp="38" pin="0"/><net_sink comp="237" pin=1"/></net>

<net id="246"><net_src comp="237" pin="2"/><net_sink comp="242" pin=0"/></net>

<net id="250"><net_src comp="42" pin="1"/><net_sink comp="247" pin=0"/></net>

<net id="251"><net_src comp="247" pin="1"/><net_sink comp="187" pin=1"/></net>

<net id="252"><net_src comp="247" pin="1"/><net_sink comp="192" pin=0"/></net>

<net id="253"><net_src comp="247" pin="1"/><net_sink comp="242" pin=1"/></net>

<net id="257"><net_src comp="52" pin="3"/><net_sink comp="254" pin=0"/></net>

<net id="258"><net_src comp="254" pin="1"/><net_sink comp="59" pin=2"/></net>

<net id="262"><net_src comp="69" pin="3"/><net_sink comp="259" pin=0"/></net>

<net id="263"><net_src comp="259" pin="1"/><net_sink comp="59" pin=0"/></net>

<net id="267"><net_src comp="59" pin="7"/><net_sink comp="264" pin=0"/></net>

<net id="268"><net_src comp="264" pin="1"/><net_sink comp="222" pin=1"/></net>

<net id="269"><net_src comp="264" pin="1"/><net_sink comp="150" pin=1"/></net>

<net id="270"><net_src comp="264" pin="1"/><net_sink comp="150" pin=3"/></net>

<net id="274"><net_src comp="59" pin="3"/><net_sink comp="271" pin=0"/></net>

<net id="275"><net_src comp="271" pin="1"/><net_sink comp="150" pin=2"/></net>

<net id="279"><net_src comp="183" pin="1"/><net_sink comp="276" pin=0"/></net>

<net id="280"><net_src comp="276" pin="1"/><net_sink comp="200" pin=1"/></net>

<net id="287"><net_src comp="196" pin="1"/><net_sink comp="284" pin=0"/></net>

<net id="288"><net_src comp="284" pin="1"/><net_sink comp="222" pin=0"/></net>

<net id="289"><net_src comp="284" pin="1"/><net_sink comp="137" pin=2"/></net>

<net id="296"><net_src comp="77" pin="3"/><net_sink comp="293" pin=0"/></net>

<net id="297"><net_src comp="293" pin="1"/><net_sink comp="84" pin=2"/></net>

<net id="301"><net_src comp="94" pin="3"/><net_sink comp="298" pin=0"/></net>

<net id="302"><net_src comp="298" pin="1"/><net_sink comp="84" pin=0"/></net>

<net id="306"><net_src comp="84" pin="7"/><net_sink comp="303" pin=0"/></net>

<net id="307"><net_src comp="303" pin="1"/><net_sink comp="137" pin=1"/></net>

<net id="311"><net_src comp="84" pin="3"/><net_sink comp="308" pin=0"/></net>

<net id="312"><net_src comp="308" pin="1"/><net_sink comp="137" pin=3"/></net>

<net id="316"><net_src comp="102" pin="3"/><net_sink comp="313" pin=0"/></net>

<net id="317"><net_src comp="313" pin="1"/><net_sink comp="122" pin=0"/></net>

<net id="321"><net_src comp="216" pin="2"/><net_sink comp="318" pin=0"/></net>

<net id="325"><net_src comp="109" pin="3"/><net_sink comp="322" pin=0"/></net>

<net id="326"><net_src comp="322" pin="1"/><net_sink comp="116" pin=0"/></net>

<net id="330"><net_src comp="116" pin="3"/><net_sink comp="327" pin=0"/></net>

<net id="331"><net_src comp="327" pin="1"/><net_sink comp="137" pin=4"/></net>

</net_list>

</model> 
---------------- Datapath Model END ------------------

* FSMD analyzer results:
  - Output states:
	Port: NEURONS_INDEX | {}
	Port: NEURONS_STATE | {8 9 10 }
	Port: WEIGHTS_INDEX | {}
	Port: WEIGHTS | {}
	Port: NEURONS_MEMBRANE | {5 6 8 }
 - Input state : 
	Port: inner_layer : layer_index_val | {1 }
	Port: inner_layer : NEURONS_INDEX | {1 2 }
	Port: inner_layer : NEURONS_STATE | {4 5 }
	Port: inner_layer : WEIGHTS_INDEX | {3 4 }
	Port: inner_layer : WEIGHTS | {5 6 }
	Port: inner_layer : NEURONS_MEMBRANE | {5 6 7 8 }
  - Chain level:
	State 1
		xor_ln67 : 1
		zext_ln67_2 : 1
		NEURONS_INDEX_addr : 2
		neuron_index : 3
		NEURONS_INDEX_addr_1 : 1
		NEURONS_INDEX_load : 2
	State 2
		zext_ln67 : 1
		zext_ln67_1 : 1
		store_ln67 : 2
	State 3
		trunc_ln67_1 : 1
		icmp_ln67 : 1
		br_ln67 : 2
		add_ln69 : 2
		zext_ln69 : 3
		WEIGHTS_INDEX_addr : 4
		weights_index : 5
		WEIGHTS_INDEX_addr_1 : 1
		WEIGHTS_INDEX_load : 2
	State 4
		icmp_ln69 : 1
		br_ln69 : 2
		conv_i113 : 1
		NEURONS_STATE_addr : 2
		NEURONS_STATE_load : 3
	State 5
		call_ln69 : 1
	State 6
	State 7
	State 8
		icmp_ln77 : 1
		br_ln77 : 2
		store_ln79 : 1
		store_ln67 : 1
	State 9
	State 10


============================================================
+ Verbose Summary: Datapath Resource usage 
============================================================

* Functional unit list:
|----------|----------------------------------------------------------|---------|---------|---------|
| Operation|                      Functional Unit                     |  Delay  |    FF   |   LUT   |
|----------|----------------------------------------------------------|---------|---------|---------|
|   call   | grp_inner_layer_Pipeline_INNER_LAYER_WEIGHTS_LOOP_fu_137 |  1.588  |   216   |   166   |
|          | grp_inner_layer_Pipeline_NEURONS_STATE_RESET_LOOP_fu_150 |    0    |    8    |    44   |
|----------|----------------------------------------------------------|---------|---------|---------|
|          |                     icmp_ln67_fu_200                     |    0    |    0    |    71   |
|   icmp   |                     icmp_ln69_fu_216                     |    0    |    0    |    15   |
|          |                     icmp_ln77_fu_231                     |    0    |    0    |    15   |
|----------|----------------------------------------------------------|---------|---------|---------|
|    add   |                      add_ln69_fu_205                     |    0    |    0    |    14   |
|          |                      add_ln67_fu_237                     |    0    |    0    |    71   |
|----------|----------------------------------------------------------|---------|---------|---------|
|    sub   |                      sub_i135_fu_222                     |    0    |    0    |    14   |
|----------|----------------------------------------------------------|---------|---------|---------|
|    xor   |                      xor_ln67_fu_163                     |    0    |    0    |    2    |
|----------|----------------------------------------------------------|---------|---------|---------|
|   read   |              layer_index_val_read_read_fu_46             |    0    |    0    |    0    |
|----------|----------------------------------------------------------|---------|---------|---------|
|   trunc  |                     trunc_ln67_fu_159                    |    0    |    0    |    0    |
|          |                    trunc_ln67_1_fu_196                   |    0    |    0    |    0    |
|----------|----------------------------------------------------------|---------|---------|---------|
|          |                    zext_ln67_2_fu_169                    |    0    |    0    |    0    |
|          |                     conv_i199_fu_174                     |    0    |    0    |    0    |
|   zext   |                     zext_ln67_fu_179                     |    0    |    0    |    0    |
|          |                    zext_ln67_1_fu_183                    |    0    |    0    |    0    |
|          |                     zext_ln69_fu_211                     |    0    |    0    |    0    |
|          |                     conv_i113_fu_226                     |    0    |    0    |    0    |
|----------|----------------------------------------------------------|---------|---------|---------|
|   Total  |                                                          |  1.588  |   224   |   412   |
|----------|----------------------------------------------------------|---------|---------|---------|

Memories:
N/A

* Register list:
+-----------------------------+--------+
|                             |   FF   |
+-----------------------------+--------+
| NEURONS_INDEX_addr_1_reg_259|    2   |
|  NEURONS_INDEX_addr_reg_254 |    2   |
|  NEURONS_INDEX_load_reg_271 |    6   |
|NEURONS_MEMBRANE_addr_reg_313|    6   |
|  NEURONS_STATE_addr_reg_322 |    6   |
|  NEURONS_STATE_load_reg_327 |    1   |
| WEIGHTS_INDEX_addr_1_reg_298|    6   |
|  WEIGHTS_INDEX_addr_reg_293 |    6   |
|  WEIGHTS_INDEX_load_reg_308 |    8   |
|      icmp_ln69_reg_318      |    1   |
|    neuron_index_1_reg_247   |   64   |
|     neuron_index_reg_264    |    6   |
|     trunc_ln67_1_reg_284    |    6   |
|    weights_index_reg_303    |    8   |
|     zext_ln67_1_reg_276     |   64   |
+-----------------------------+--------+
|            Total            |   192  |
+-----------------------------+--------+

* Multiplexer (MUX) list: 
|----------------------------------------------------------|------|------|------|--------||---------||---------|
|                           Comp                           |  Pin | Size |  BW  | S x BW ||  Delay  ||   LUT   |
|----------------------------------------------------------|------|------|------|--------||---------||---------|
|                     grp_access_fu_59                     |  p0  |   2  |   2  |    4   ||    9    |
|                     grp_access_fu_59                     |  p2  |   2  |   0  |    0   ||    9    |
|                     grp_access_fu_84                     |  p0  |   2  |   6  |   12   ||    9    |
|                     grp_access_fu_84                     |  p2  |   2  |   0  |    0   ||    9    |
|                     grp_access_fu_116                    |  p0  |   3  |   6  |   18   ||    14   |
| grp_inner_layer_Pipeline_INNER_LAYER_WEIGHTS_LOOP_fu_137 |  p4  |   2  |   1  |    2   ||    9    |
|----------------------------------------------------------|------|------|------|--------||---------||---------|
|                           Total                          |      |      |      |   36   ||  9.6473 ||    59   |
|----------------------------------------------------------|------|------|------|--------||---------||---------|



* Summary:
+-----------+--------+--------+--------+
|           |  Delay |   FF   |   LUT  |
+-----------+--------+--------+--------+
|  Function |    1   |   224  |   412  |
|   Memory  |    -   |    -   |    -   |
|Multiplexer|    9   |    -   |   59   |
|  Register |    -   |   192  |    -   |
+-----------+--------+--------+--------+
|   Total   |   11   |   416  |   471  |
+-----------+--------+--------+--------+
