

================================================================
== Vitis HLS Report for 'RNI'
================================================================
* Date:           Mon Mar 18 20:43:20 2024

* Version:        2023.1.1 (Build 3869133 on Jun 15 2023)
* Project:        B_RNI_HLS
* Solution:       RNI (Vivado IP Flow Target)
* Product family: zynq
* Target device:  xc7z020-clg400-1


================================================================
== Performance Estimates
================================================================
+ Timing: 
    * Summary: 
    +--------+----------+----------+------------+
    |  Clock |  Target  | Estimated| Uncertainty|
    +--------+----------+----------+------------+
    |ap_clk  |  10.00 ns|  6.559 ns|     2.70 ns|
    +--------+----------+----------+------------+

+ Latency: 
    * Summary: 
    +---------+---------+----------+----------+-----+-----+---------+
    |  Latency (cycles) |  Latency (absolute) |  Interval | Pipeline|
    |   min   |   max   |    min   |    max   | min | max |   Type  |
    +---------+---------+----------+----------+-----+-----+---------+
    |        ?|        ?|         ?|         ?|    ?|    ?|       no|
    +---------+---------+----------+----------+-----+-----+---------+

    + Detail: 
        * Instance: 
        N/A

        * Loop: 
        +-------------------+---------+---------+------------+-----------+-----------+------+----------+
        |                   |  Latency (cycles) |  Iteration |  Initiation Interval  | Trip |          |
        |     Loop Name     |   min   |   max   |   Latency  |  achieved |   target  | Count| Pipelined|
        +-------------------+---------+---------+------------+-----------+-----------+------+----------+
        |- VITIS_LOOP_23_1  |        ?|        ?|  101 ~ 4277|          -|          -|     ?|        no|
        | + NEURONS_LOOP    |       64|     4240|     4 ~ 265|          -|          -|    16|        no|
        +-------------------+---------+---------+------------+-----------+-----------+------+----------+

============================================================
+ Verbose Summary: Synthesis Manager
============================================================
InlineROM: 1
ExposeGlobal: 0
============================================================
+ Verbose Summary: CDFG Model
============================================================
IsTopModel: 1
ResetActiveHigh: 1
IsCombinational: 0
IsDatapathOnly: 0
HasWiredReturn: 1
HasMFsm: 0
HasVarLatency: 1
IsPipeline: 0
IsRtlPipelined: 0
IsInstanceOverlapped: 0
IsDontTouch: 0
HasImplIP: 0
IsGatedGlobalClock: 0


============================================================
+ Verbose Summary: Schedule
============================================================
* Number of FSM states : 12
* Pipeline : 0
* Dataflow Pipeline: 0

* FSM state transitions: 
1 --> 2 
2 --> 3 
3 --> 4 
4 --> 5 
5 --> 6 10 
6 --> 7 8 
7 --> 8 
8 --> 9 
9 --> 5 
10 --> 11 
11 --> 12 
12 --> 2 

* FSM state operations: 

State 1 <SV = 0> <Delay = 0.00>
ST_1 : Operation 13 [1/1] (0.00ns)   --->   "%input_list_0_01 = alloca i32 1"   --->   Operation 13 'alloca' 'input_list_0_01' <Predicate = true> <Delay = 0.00>
ST_1 : Operation 14 [1/1] (0.00ns)   --->   "%input_list_1_02 = alloca i32 1"   --->   Operation 14 'alloca' 'input_list_1_02' <Predicate = true> <Delay = 0.00>
ST_1 : Operation 15 [1/1] (0.00ns)   --->   "%input_list_2_03 = alloca i32 1"   --->   Operation 15 'alloca' 'input_list_2_03' <Predicate = true> <Delay = 0.00>
ST_1 : Operation 16 [1/1] (0.00ns)   --->   "%input_list_3_04 = alloca i32 1"   --->   Operation 16 'alloca' 'input_list_3_04' <Predicate = true> <Delay = 0.00>
ST_1 : Operation 17 [1/1] (0.00ns)   --->   "%p_loc = alloca i64 1"   --->   Operation 17 'alloca' 'p_loc' <Predicate = true> <Delay = 0.00>
ST_1 : Operation 18 [1/1] (0.00ns)   --->   "%input_list_0_1_loc = alloca i64 1"   --->   Operation 18 'alloca' 'input_list_0_1_loc' <Predicate = true> <Delay = 0.00>
ST_1 : Operation 19 [1/1] (0.00ns)   --->   "%input_list_1_1_loc = alloca i64 1"   --->   Operation 19 'alloca' 'input_list_1_1_loc' <Predicate = true> <Delay = 0.00>
ST_1 : Operation 20 [1/1] (0.00ns)   --->   "%input_list_2_1_loc = alloca i64 1"   --->   Operation 20 'alloca' 'input_list_2_1_loc' <Predicate = true> <Delay = 0.00>
ST_1 : Operation 21 [1/1] (0.00ns)   --->   "%input_list_3_1_loc = alloca i64 1"   --->   Operation 21 'alloca' 'input_list_3_1_loc' <Predicate = true> <Delay = 0.00>
ST_1 : Operation 22 [1/1] (0.00ns)   --->   "%spectopmodule_ln12 = spectopmodule void @_ssdm_op_SpecTopModule, void @empty_9" [B_RNI_HLS/apc/src/RNI_2.cpp:12]   --->   Operation 22 'spectopmodule' 'spectopmodule_ln12' <Predicate = true> <Delay = 0.00>
ST_1 : Operation 23 [1/1] (0.00ns)   --->   "%specinterface_ln0 = specinterface void @_ssdm_op_SpecInterface, i32 %input_stream_V_data_V, i4 %input_stream_V_keep_V, i4 %input_stream_V_strb_V, i2 %input_stream_V_user_V, i1 %input_stream_V_last_V, i5 %input_stream_V_id_V, i6 %input_stream_V_dest_V, void @empty, i32 1, i32 1, void @empty_0, i32 0, i32 0, void @empty_2, void @empty_2, void @empty_2, i32 0, i32 0, i32 0, i32 0, void @empty_2, void @empty_2, i32 4294967295, i32 0"   --->   Operation 23 'specinterface' 'specinterface_ln0' <Predicate = true> <Delay = 0.00>
ST_1 : Operation 24 [1/1] (0.00ns)   --->   "%specbitsmap_ln0 = specbitsmap void @_ssdm_op_SpecBitsMap, i32 %input_stream_V_data_V"   --->   Operation 24 'specbitsmap' 'specbitsmap_ln0' <Predicate = true> <Delay = 0.00>
ST_1 : Operation 25 [1/1] (0.00ns)   --->   "%specbitsmap_ln0 = specbitsmap void @_ssdm_op_SpecBitsMap, i4 %input_stream_V_keep_V"   --->   Operation 25 'specbitsmap' 'specbitsmap_ln0' <Predicate = true> <Delay = 0.00>
ST_1 : Operation 26 [1/1] (0.00ns)   --->   "%specbitsmap_ln0 = specbitsmap void @_ssdm_op_SpecBitsMap, i4 %input_stream_V_strb_V"   --->   Operation 26 'specbitsmap' 'specbitsmap_ln0' <Predicate = true> <Delay = 0.00>
ST_1 : Operation 27 [1/1] (0.00ns)   --->   "%specbitsmap_ln0 = specbitsmap void @_ssdm_op_SpecBitsMap, i2 %input_stream_V_user_V"   --->   Operation 27 'specbitsmap' 'specbitsmap_ln0' <Predicate = true> <Delay = 0.00>
ST_1 : Operation 28 [1/1] (0.00ns)   --->   "%specbitsmap_ln0 = specbitsmap void @_ssdm_op_SpecBitsMap, i1 %input_stream_V_last_V"   --->   Operation 28 'specbitsmap' 'specbitsmap_ln0' <Predicate = true> <Delay = 0.00>
ST_1 : Operation 29 [1/1] (0.00ns)   --->   "%specbitsmap_ln0 = specbitsmap void @_ssdm_op_SpecBitsMap, i5 %input_stream_V_id_V"   --->   Operation 29 'specbitsmap' 'specbitsmap_ln0' <Predicate = true> <Delay = 0.00>
ST_1 : Operation 30 [1/1] (0.00ns)   --->   "%specbitsmap_ln0 = specbitsmap void @_ssdm_op_SpecBitsMap, i6 %input_stream_V_dest_V"   --->   Operation 30 'specbitsmap' 'specbitsmap_ln0' <Predicate = true> <Delay = 0.00>
ST_1 : Operation 31 [1/1] (0.00ns)   --->   "%specinterface_ln0 = specinterface void @_ssdm_op_SpecInterface, i32 %output_stream_V_data_V, i4 %output_stream_V_keep_V, i4 %output_stream_V_strb_V, i2 %output_stream_V_user_V, i1 %output_stream_V_last_V, i5 %output_stream_V_id_V, i6 %output_stream_V_dest_V, void @empty, i32 1, i32 1, void @empty_0, i32 0, i32 0, void @empty_2, void @empty_2, void @empty_2, i32 0, i32 0, i32 0, i32 0, void @empty_2, void @empty_2, i32 4294967295, i32 0"   --->   Operation 31 'specinterface' 'specinterface_ln0' <Predicate = true> <Delay = 0.00>
ST_1 : Operation 32 [1/1] (0.00ns)   --->   "%specbitsmap_ln0 = specbitsmap void @_ssdm_op_SpecBitsMap, i32 %output_stream_V_data_V"   --->   Operation 32 'specbitsmap' 'specbitsmap_ln0' <Predicate = true> <Delay = 0.00>
ST_1 : Operation 33 [1/1] (0.00ns)   --->   "%specbitsmap_ln0 = specbitsmap void @_ssdm_op_SpecBitsMap, i4 %output_stream_V_keep_V"   --->   Operation 33 'specbitsmap' 'specbitsmap_ln0' <Predicate = true> <Delay = 0.00>
ST_1 : Operation 34 [1/1] (0.00ns)   --->   "%specbitsmap_ln0 = specbitsmap void @_ssdm_op_SpecBitsMap, i4 %output_stream_V_strb_V"   --->   Operation 34 'specbitsmap' 'specbitsmap_ln0' <Predicate = true> <Delay = 0.00>
ST_1 : Operation 35 [1/1] (0.00ns)   --->   "%specbitsmap_ln0 = specbitsmap void @_ssdm_op_SpecBitsMap, i2 %output_stream_V_user_V"   --->   Operation 35 'specbitsmap' 'specbitsmap_ln0' <Predicate = true> <Delay = 0.00>
ST_1 : Operation 36 [1/1] (0.00ns)   --->   "%specbitsmap_ln0 = specbitsmap void @_ssdm_op_SpecBitsMap, i1 %output_stream_V_last_V"   --->   Operation 36 'specbitsmap' 'specbitsmap_ln0' <Predicate = true> <Delay = 0.00>
ST_1 : Operation 37 [1/1] (0.00ns)   --->   "%specbitsmap_ln0 = specbitsmap void @_ssdm_op_SpecBitsMap, i5 %output_stream_V_id_V"   --->   Operation 37 'specbitsmap' 'specbitsmap_ln0' <Predicate = true> <Delay = 0.00>
ST_1 : Operation 38 [1/1] (0.00ns)   --->   "%specbitsmap_ln0 = specbitsmap void @_ssdm_op_SpecBitsMap, i6 %output_stream_V_dest_V"   --->   Operation 38 'specbitsmap' 'specbitsmap_ln0' <Predicate = true> <Delay = 0.00>
ST_1 : Operation 39 [1/1] (0.00ns)   --->   "%specinterface_ln0 = specinterface void @_ssdm_op_SpecInterface, i32 0, void @empty_4, i32 0, i32 0, void @empty_2, i32 0, i32 0, void @empty_6, void @empty_2, void @empty_2, i32 0, i32 0, i32 0, i32 0, void @empty_2, void @empty_2, i32 4294967295, i32 0"   --->   Operation 39 'specinterface' 'specinterface_ln0' <Predicate = true> <Delay = 0.00>
ST_1 : Operation 40 [1/1] (0.00ns)   --->   "%specaxissidechannel_ln23 = specaxissidechannel void @_ssdm_op_SpecAXISSideChannel, i32 %output_stream_V_data_V, i4 %output_stream_V_keep_V, i4 %output_stream_V_strb_V, i2 %output_stream_V_user_V, i1 %output_stream_V_last_V, i5 %output_stream_V_id_V, i6 %output_stream_V_dest_V, void @empty_7" [B_RNI_HLS/apc/src/RNI_2.cpp:23]   --->   Operation 40 'specaxissidechannel' 'specaxissidechannel_ln23' <Predicate = true> <Delay = 0.00>
ST_1 : Operation 41 [1/1] (0.00ns)   --->   "%specaxissidechannel_ln23 = specaxissidechannel void @_ssdm_op_SpecAXISSideChannel, i32 %input_stream_V_data_V, i4 %input_stream_V_keep_V, i4 %input_stream_V_strb_V, i2 %input_stream_V_user_V, i1 %input_stream_V_last_V, i5 %input_stream_V_id_V, i6 %input_stream_V_dest_V, void @empty_8" [B_RNI_HLS/apc/src/RNI_2.cpp:23]   --->   Operation 41 'specaxissidechannel' 'specaxissidechannel_ln23' <Predicate = true> <Delay = 0.00>
ST_1 : Operation 42 [1/1] (0.00ns)   --->   "%br_ln23 = br void %VITIS_LOOP_29_2" [B_RNI_HLS/apc/src/RNI_2.cpp:23]   --->   Operation 42 'br' 'br_ln23' <Predicate = true> <Delay = 0.00>

State 2 <SV = 1> <Delay = 4.73>
ST_2 : Operation 43 [1/1] (0.00ns)   --->   "%input_list_0_01_load = load i8 %input_list_0_01"   --->   Operation 43 'load' 'input_list_0_01_load' <Predicate = true> <Delay = 0.00>
ST_2 : Operation 44 [1/1] (0.00ns)   --->   "%input_list_1_02_load = load i8 %input_list_1_02"   --->   Operation 44 'load' 'input_list_1_02_load' <Predicate = true> <Delay = 0.00>
ST_2 : Operation 45 [1/1] (0.00ns)   --->   "%input_list_2_03_load = load i8 %input_list_2_03"   --->   Operation 45 'load' 'input_list_2_03_load' <Predicate = true> <Delay = 0.00>
ST_2 : Operation 46 [1/1] (0.00ns)   --->   "%input_list_3_04_load = load i8 %input_list_3_04"   --->   Operation 46 'load' 'input_list_3_04_load' <Predicate = true> <Delay = 0.00>
ST_2 : Operation 47 [1/1] (0.00ns)   --->   "%empty = read i54 @_ssdm_op_Read.axis.volatile.i32P0A.i4P0A.i4P0A.i2P0A.i1P0A.i5P0A.i6P0A, i32 %input_stream_V_data_V, i4 %input_stream_V_keep_V, i4 %input_stream_V_strb_V, i2 %input_stream_V_user_V, i1 %input_stream_V_last_V, i5 %input_stream_V_id_V, i6 %input_stream_V_dest_V" [B_RNI_HLS/apc/src/RNI_2.cpp:26]   --->   Operation 47 'read' 'empty' <Predicate = true> <Delay = 0.00> <CoreInst = "axis">   --->   Core 115 'axis' <Latency = 0> <II = 1> <Delay = 1.00> <Adapter> <Opcode : >
ST_2 : Operation 48 [1/1] (0.00ns)   --->   "%input_buffer_data = extractvalue i54 %empty" [B_RNI_HLS/apc/src/RNI_2.cpp:26]   --->   Operation 48 'extractvalue' 'input_buffer_data' <Predicate = true> <Delay = 0.00>
ST_2 : Operation 49 [1/1] (0.00ns)   --->   "%input_buffer_last = extractvalue i54 %empty" [B_RNI_HLS/apc/src/RNI_2.cpp:26]   --->   Operation 49 'extractvalue' 'input_buffer_last' <Predicate = true> <Delay = 0.00>
ST_2 : Operation 50 [1/1] (0.00ns)   --->   "%trunc_ln26 = trunc i32 %input_buffer_data" [B_RNI_HLS/apc/src/RNI_2.cpp:26]   --->   Operation 50 'trunc' 'trunc_ln26' <Predicate = true> <Delay = 0.00>
ST_2 : Operation 51 [2/2] (4.73ns)   --->   "%call_ln26 = call void @RNI_Pipeline_VITIS_LOOP_29_2, i8 %input_list_3_04_load, i8 %input_list_2_03_load, i8 %input_list_1_02_load, i8 %input_list_0_01_load, i8 %trunc_ln26, i8 %input_list_3_1_loc, i8 %input_list_2_1_loc, i8 %input_list_1_1_loc, i8 %input_list_0_1_loc" [B_RNI_HLS/apc/src/RNI_2.cpp:26]   --->   Operation 51 'call' 'call_ln26' <Predicate = true> <Delay = 4.73> <CoreType = "Generic">   --->   Core 0 '' <Latency = 0> <II = 1> <Delay = 1.00> <Generic> <Opcode : >

State 3 <SV = 2> <Delay = 3.23>
ST_3 : Operation 52 [1/2] (3.23ns)   --->   "%call_ln26 = call void @RNI_Pipeline_VITIS_LOOP_29_2, i8 %input_list_3_04_load, i8 %input_list_2_03_load, i8 %input_list_1_02_load, i8 %input_list_0_01_load, i8 %trunc_ln26, i8 %input_list_3_1_loc, i8 %input_list_2_1_loc, i8 %input_list_1_1_loc, i8 %input_list_0_1_loc" [B_RNI_HLS/apc/src/RNI_2.cpp:26]   --->   Operation 52 'call' 'call_ln26' <Predicate = true> <Delay = 3.23> <CoreType = "Generic">   --->   Core 0 '' <Latency = 0> <II = 1> <Delay = 1.00> <Generic> <Opcode : >

State 4 <SV = 3> <Delay = 1.58>
ST_4 : Operation 53 [1/1] (0.00ns)   --->   "%specloopname_ln23 = specloopname void @_ssdm_op_SpecLoopName, void @empty_5" [B_RNI_HLS/apc/src/RNI_2.cpp:23]   --->   Operation 53 'specloopname' 'specloopname_ln23' <Predicate = true> <Delay = 0.00>
ST_4 : Operation 54 [1/1] (0.00ns)   --->   "%input_list_3_1_loc_load = load i8 %input_list_3_1_loc"   --->   Operation 54 'load' 'input_list_3_1_loc_load' <Predicate = true> <Delay = 0.00>
ST_4 : Operation 55 [1/1] (0.00ns)   --->   "%input_list_2_1_loc_load = load i8 %input_list_2_1_loc"   --->   Operation 55 'load' 'input_list_2_1_loc_load' <Predicate = true> <Delay = 0.00>
ST_4 : Operation 56 [1/1] (0.00ns)   --->   "%input_list_1_1_loc_load = load i8 %input_list_1_1_loc"   --->   Operation 56 'load' 'input_list_1_1_loc_load' <Predicate = true> <Delay = 0.00>
ST_4 : Operation 57 [1/1] (0.00ns)   --->   "%input_list_0_1_loc_load = load i8 %input_list_0_1_loc"   --->   Operation 57 'load' 'input_list_0_1_loc_load' <Predicate = true> <Delay = 0.00>
ST_4 : Operation 58 [1/1] (1.58ns)   --->   "%br_ln57 = br void %WEIGHTS_LOOP.i" [B_RNI_HLS/apc/src/RNI_2.cpp:57->B_RNI_HLS/apc/src/RNI_2.cpp:36]   --->   Operation 58 'br' 'br_ln57' <Predicate = true> <Delay = 1.58>

State 5 <SV = 4> <Delay = 4.05>
ST_5 : Operation 59 [1/1] (0.00ns)   --->   "%neuron_index = phi i5 %add_ln57, void %for.inc34.i, i5 0, void %VITIS_LOOP_29_2" [B_RNI_HLS/apc/src/RNI_2.cpp:57->B_RNI_HLS/apc/src/RNI_2.cpp:36]   --->   Operation 59 'phi' 'neuron_index' <Predicate = true> <Delay = 0.00>
ST_5 : Operation 60 [1/1] (1.78ns)   --->   "%icmp_ln57 = icmp_eq  i5 %neuron_index, i5 16" [B_RNI_HLS/apc/src/RNI_2.cpp:57->B_RNI_HLS/apc/src/RNI_2.cpp:36]   --->   Operation 60 'icmp' 'icmp_ln57' <Predicate = true> <Delay = 1.78> <CoreInst = "Cmp">   --->   Core 9 'Cmp' <Latency = 0> <II = 1> <Delay = 1.78> <FuncUnit> <Opcode : 'icmp'> <InPorts = 2> <OutPorts = 1>
ST_5 : Operation 61 [1/1] (1.78ns)   --->   "%add_ln57 = add i5 %neuron_index, i5 1" [B_RNI_HLS/apc/src/RNI_2.cpp:57->B_RNI_HLS/apc/src/RNI_2.cpp:36]   --->   Operation 61 'add' 'add_ln57' <Predicate = true> <Delay = 1.78> <CoreInst = "Adder">   --->   Core 1 'Adder' <Latency = 0> <II = 1> <Delay = 1.78> <FuncUnit> <Opcode : 'add' 'sub'> <InPorts = 2> <OutPorts = 1>
ST_5 : Operation 62 [1/1] (0.00ns)   --->   "%br_ln57 = br i1 %icmp_ln57, void %WEIGHTS_LOOP.i.split, void %for.end.i254.preheader" [B_RNI_HLS/apc/src/RNI_2.cpp:57->B_RNI_HLS/apc/src/RNI_2.cpp:36]   --->   Operation 62 'br' 'br_ln57' <Predicate = true> <Delay = 0.00>
ST_5 : Operation 63 [1/1] (0.00ns)   --->   "%zext_ln57 = zext i5 %neuron_index" [B_RNI_HLS/apc/src/RNI_2.cpp:57->B_RNI_HLS/apc/src/RNI_2.cpp:36]   --->   Operation 63 'zext' 'zext_ln57' <Predicate = (!icmp_ln57)> <Delay = 0.00>
ST_5 : Operation 64 [1/1] (0.00ns)   --->   "%NEURONS_INDEX_addr = getelementptr i6 %NEURONS_INDEX, i64 0, i64 %zext_ln57" [B_RNI_HLS/apc/src/RNI_2.cpp:59->B_RNI_HLS/apc/src/RNI_2.cpp:36]   --->   Operation 64 'getelementptr' 'NEURONS_INDEX_addr' <Predicate = (!icmp_ln57)> <Delay = 0.00>
ST_5 : Operation 65 [2/2] (2.32ns)   --->   "%NEURONS_INDEX_load = load i3 %NEURONS_INDEX_addr" [B_RNI_HLS/apc/src/RNI_2.cpp:59->B_RNI_HLS/apc/src/RNI_2.cpp:36]   --->   Operation 65 'load' 'NEURONS_INDEX_load' <Predicate = (!icmp_ln57)> <Delay = 2.32> <CoreInst = "ROM">   --->   Core 95 'ROM' <Latency = 1> <II = 1> <Delay = 2.32> <Storage> <Opcode : 'load'> <Ports = 0> <Width = 6> <Depth = 5> <ROM>
ST_5 : Operation 66 [1/1] (0.00ns)   --->   "%empty_23 = trunc i5 %neuron_index" [B_RNI_HLS/apc/src/RNI_2.cpp:57->B_RNI_HLS/apc/src/RNI_2.cpp:36]   --->   Operation 66 'trunc' 'empty_23' <Predicate = (!icmp_ln57)> <Delay = 0.00>
ST_5 : Operation 67 [1/1] (0.00ns)   --->   "%neuron_index_cast_cast = zext i4 %empty_23" [B_RNI_HLS/apc/src/RNI_2.cpp:57->B_RNI_HLS/apc/src/RNI_2.cpp:36]   --->   Operation 67 'zext' 'neuron_index_cast_cast' <Predicate = (!icmp_ln57)> <Delay = 0.00>
ST_5 : Operation 68 [1/1] (1.73ns)   --->   "%add_i_i67_i = add i5 %neuron_index_cast_cast, i5 1" [B_RNI_HLS/apc/src/RNI_2.cpp:57->B_RNI_HLS/apc/src/RNI_2.cpp:36]   --->   Operation 68 'add' 'add_i_i67_i' <Predicate = (!icmp_ln57)> <Delay = 1.73> <CoreInst = "Adder">   --->   Core 1 'Adder' <Latency = 0> <II = 1> <Delay = 1.73> <FuncUnit> <Opcode : 'add' 'sub'> <InPorts = 2> <OutPorts = 1>
ST_5 : Operation 69 [1/1] (0.00ns)   --->   "%conv_i63_i = zext i5 %add_i_i67_i" [B_RNI_HLS/apc/src/RNI_2.cpp:57->B_RNI_HLS/apc/src/RNI_2.cpp:36]   --->   Operation 69 'zext' 'conv_i63_i' <Predicate = (!icmp_ln57)> <Delay = 0.00>
ST_5 : Operation 70 [1/1] (0.00ns)   --->   "%WEIGHTS_INDEX_addr = getelementptr i8 %WEIGHTS_INDEX, i64 0, i64 %conv_i63_i" [B_RNI_HLS/apc/src/RNI_2.cpp:57->B_RNI_HLS/apc/src/RNI_2.cpp:36]   --->   Operation 70 'getelementptr' 'WEIGHTS_INDEX_addr' <Predicate = (!icmp_ln57)> <Delay = 0.00>
ST_5 : Operation 71 [2/2] (2.32ns)   --->   "%WEIGHTS_INDEX_load = load i6 %WEIGHTS_INDEX_addr" [B_RNI_HLS/apc/src/RNI_2.cpp:57->B_RNI_HLS/apc/src/RNI_2.cpp:36]   --->   Operation 71 'load' 'WEIGHTS_INDEX_load' <Predicate = (!icmp_ln57)> <Delay = 2.32> <CoreInst = "ROM">   --->   Core 95 'ROM' <Latency = 1> <II = 1> <Delay = 2.32> <Storage> <Opcode : 'load'> <Ports = 0> <Width = 8> <Depth = 41> <ROM>
ST_5 : Operation 72 [1/1] (0.00ns)   --->   "%NEURONS_MEMBRANE_addr = getelementptr i8 %NEURONS_MEMBRANE, i64 0, i64 %zext_ln57" [B_RNI_HLS/apc/src/RNI_2.cpp:57->B_RNI_HLS/apc/src/RNI_2.cpp:36]   --->   Operation 72 'getelementptr' 'NEURONS_MEMBRANE_addr' <Predicate = (!icmp_ln57)> <Delay = 0.00>
ST_5 : Operation 73 [2/2] (2.32ns)   --->   "%NEURONS_MEMBRANE_load = load i6 %NEURONS_MEMBRANE_addr" [B_RNI_HLS/apc/src/RNI_2.cpp:61->B_RNI_HLS/apc/src/RNI_2.cpp:36]   --->   Operation 73 'load' 'NEURONS_MEMBRANE_load' <Predicate = (!icmp_ln57)> <Delay = 2.32> <CoreInst = "RAM">   --->   Core 82 'RAM' <Latency = 1> <II = 1> <Delay = 2.32> <Storage> <Opcode : 'load' 'store'> <Ports = 2> <Width = 8> <Depth = 40> <RAM>
ST_5 : Operation 74 [2/2] (0.00ns)   --->   "%call_ln0 = call void @RNI_Pipeline_NEURONS_LOOP, i8 %NEURONS_MEMBRANE"   --->   Operation 74 'call' 'call_ln0' <Predicate = (icmp_ln57)> <Delay = 0.00> <CoreType = "Generic">   --->   Core 0 '' <Latency = 0> <II = 1> <Delay = 1.00> <Generic> <Opcode : >

State 6 <SV = 5> <Delay = 5.82>
ST_6 : Operation 75 [1/1] (0.00ns)   --->   "%speclooptripcount_ln57 = speclooptripcount void @_ssdm_op_SpecLoopTripCount, i64 16, i64 16, i64 16" [B_RNI_HLS/apc/src/RNI_2.cpp:57->B_RNI_HLS/apc/src/RNI_2.cpp:36]   --->   Operation 75 'speclooptripcount' 'speclooptripcount_ln57' <Predicate = true> <Delay = 0.00>
ST_6 : Operation 76 [1/1] (0.00ns)   --->   "%specloopname_ln57 = specloopname void @_ssdm_op_SpecLoopName, void @empty_1" [B_RNI_HLS/apc/src/RNI_2.cpp:57->B_RNI_HLS/apc/src/RNI_2.cpp:36]   --->   Operation 76 'specloopname' 'specloopname_ln57' <Predicate = true> <Delay = 0.00>
ST_6 : Operation 77 [1/2] (2.32ns)   --->   "%NEURONS_INDEX_load = load i3 %NEURONS_INDEX_addr" [B_RNI_HLS/apc/src/RNI_2.cpp:59->B_RNI_HLS/apc/src/RNI_2.cpp:36]   --->   Operation 77 'load' 'NEURONS_INDEX_load' <Predicate = true> <Delay = 2.32> <CoreInst = "ROM">   --->   Core 95 'ROM' <Latency = 1> <II = 1> <Delay = 2.32> <Storage> <Opcode : 'load'> <Ports = 0> <Width = 6> <Depth = 5> <ROM>
ST_6 : Operation 78 [1/1] (0.00ns)   --->   "%zext_ln59 = zext i6 %NEURONS_INDEX_load" [B_RNI_HLS/apc/src/RNI_2.cpp:59->B_RNI_HLS/apc/src/RNI_2.cpp:36]   --->   Operation 78 'zext' 'zext_ln59' <Predicate = true> <Delay = 0.00>
ST_6 : Operation 79 [1/2] (2.32ns)   --->   "%WEIGHTS_INDEX_load = load i6 %WEIGHTS_INDEX_addr" [B_RNI_HLS/apc/src/RNI_2.cpp:57->B_RNI_HLS/apc/src/RNI_2.cpp:36]   --->   Operation 79 'load' 'WEIGHTS_INDEX_load' <Predicate = true> <Delay = 2.32> <CoreInst = "ROM">   --->   Core 95 'ROM' <Latency = 1> <II = 1> <Delay = 2.32> <Storage> <Opcode : 'load'> <Ports = 0> <Width = 8> <Depth = 41> <ROM>
ST_6 : Operation 80 [1/1] (1.91ns)   --->   "%icmp_ln59 = icmp_slt  i8 %zext_ln59, i8 %WEIGHTS_INDEX_load" [B_RNI_HLS/apc/src/RNI_2.cpp:59->B_RNI_HLS/apc/src/RNI_2.cpp:36]   --->   Operation 80 'icmp' 'icmp_ln59' <Predicate = true> <Delay = 1.91> <CoreInst = "Cmp">   --->   Core 9 'Cmp' <Latency = 0> <II = 1> <Delay = 1.91> <FuncUnit> <Opcode : 'icmp'> <InPorts = 2> <OutPorts = 1>
ST_6 : Operation 81 [1/2] (2.32ns)   --->   "%NEURONS_MEMBRANE_load = load i6 %NEURONS_MEMBRANE_addr" [B_RNI_HLS/apc/src/RNI_2.cpp:61->B_RNI_HLS/apc/src/RNI_2.cpp:36]   --->   Operation 81 'load' 'NEURONS_MEMBRANE_load' <Predicate = true> <Delay = 2.32> <CoreInst = "RAM">   --->   Core 82 'RAM' <Latency = 1> <II = 1> <Delay = 2.32> <Storage> <Opcode : 'load' 'store'> <Ports = 2> <Width = 8> <Depth = 40> <RAM>
ST_6 : Operation 82 [1/1] (1.58ns)   --->   "%br_ln59 = br i1 %icmp_ln59, void %for.end.i, void %for.body13.lr.ph.i" [B_RNI_HLS/apc/src/RNI_2.cpp:59->B_RNI_HLS/apc/src/RNI_2.cpp:36]   --->   Operation 82 'br' 'br_ln59' <Predicate = true> <Delay = 1.58>
ST_6 : Operation 83 [1/1] (0.00ns)   --->   "%trunc_ln59 = trunc i8 %WEIGHTS_INDEX_load" [B_RNI_HLS/apc/src/RNI_2.cpp:59->B_RNI_HLS/apc/src/RNI_2.cpp:36]   --->   Operation 83 'trunc' 'trunc_ln59' <Predicate = (icmp_ln59)> <Delay = 0.00>
ST_6 : Operation 84 [2/2] (1.58ns)   --->   "%call_ln59 = call void @RNI_Pipeline_WEIGHTS_LOOP, i6 %NEURONS_INDEX_load, i8 %NEURONS_MEMBRANE_load, i7 %trunc_ln59, i8 %input_list_0_1_loc_load, i8 %input_list_1_1_loc_load, i8 %input_list_2_1_loc_load, i8 %input_list_3_1_loc_load, i8 %p_loc, i8 %WEIGHTS" [B_RNI_HLS/apc/src/RNI_2.cpp:59->B_RNI_HLS/apc/src/RNI_2.cpp:36]   --->   Operation 84 'call' 'call_ln59' <Predicate = (icmp_ln59)> <Delay = 1.58> <CoreType = "Generic">   --->   Core 0 '' <Latency = 0> <II = 1> <Delay = 1.00> <Generic> <Opcode : >

State 7 <SV = 6> <Delay = 0.00>
ST_7 : Operation 85 [1/2] (0.00ns)   --->   "%call_ln59 = call void @RNI_Pipeline_WEIGHTS_LOOP, i6 %NEURONS_INDEX_load, i8 %NEURONS_MEMBRANE_load, i7 %trunc_ln59, i8 %input_list_0_1_loc_load, i8 %input_list_1_1_loc_load, i8 %input_list_2_1_loc_load, i8 %input_list_3_1_loc_load, i8 %p_loc, i8 %WEIGHTS" [B_RNI_HLS/apc/src/RNI_2.cpp:59->B_RNI_HLS/apc/src/RNI_2.cpp:36]   --->   Operation 85 'call' 'call_ln59' <Predicate = true> <Delay = 0.00> <CoreType = "Generic">   --->   Core 0 '' <Latency = 0> <II = 1> <Delay = 1.00> <Generic> <Opcode : >

State 8 <SV = 7> <Delay = 3.50>
ST_8 : Operation 86 [1/1] (0.00ns)   --->   "%p_loc_load = load i8 %p_loc"   --->   Operation 86 'load' 'p_loc_load' <Predicate = (icmp_ln59)> <Delay = 0.00>
ST_8 : Operation 87 [1/1] (2.32ns)   --->   "%store_ln61 = store i8 %p_loc_load, i6 %NEURONS_MEMBRANE_addr" [B_RNI_HLS/apc/src/RNI_2.cpp:61->B_RNI_HLS/apc/src/RNI_2.cpp:36]   --->   Operation 87 'store' 'store_ln61' <Predicate = (icmp_ln59)> <Delay = 2.32> <CoreInst = "RAM">   --->   Core 82 'RAM' <Latency = 1> <II = 1> <Delay = 2.32> <Storage> <Opcode : 'load' 'store'> <Ports = 2> <Width = 8> <Depth = 40> <RAM>
ST_8 : Operation 88 [1/1] (1.58ns)   --->   "%br_ln64 = br void %for.end.i" [B_RNI_HLS/apc/src/RNI_2.cpp:64->B_RNI_HLS/apc/src/RNI_2.cpp:36]   --->   Operation 88 'br' 'br_ln64' <Predicate = (icmp_ln59)> <Delay = 1.58>
ST_8 : Operation 89 [1/1] (0.00ns) (grouped into LUT with out node icmp_ln64)   --->   "%empty_24 = phi i8 %p_loc_load, void %for.body13.lr.ph.i, i8 %NEURONS_MEMBRANE_load, void %WEIGHTS_LOOP.i.split" [B_RNI_HLS/apc/src/RNI_2.cpp:61->B_RNI_HLS/apc/src/RNI_2.cpp:36]   --->   Operation 89 'phi' 'empty_24' <Predicate = true> <Delay = 0.00>
ST_8 : Operation 90 [1/1] (1.91ns) (out node of the LUT)   --->   "%icmp_ln64 = icmp_sgt  i8 %empty_24, i8 25" [B_RNI_HLS/apc/src/RNI_2.cpp:64->B_RNI_HLS/apc/src/RNI_2.cpp:36]   --->   Operation 90 'icmp' 'icmp_ln64' <Predicate = true> <Delay = 1.91> <CoreInst = "Cmp">   --->   Core 9 'Cmp' <Latency = 0> <II = 1> <Delay = 1.91> <FuncUnit> <Opcode : 'icmp'> <InPorts = 2> <OutPorts = 1>
ST_8 : Operation 91 [1/1] (0.00ns)   --->   "%br_ln64 = br i1 %icmp_ln64, void %for.inc34.i, void %if.then.i252" [B_RNI_HLS/apc/src/RNI_2.cpp:64->B_RNI_HLS/apc/src/RNI_2.cpp:36]   --->   Operation 91 'br' 'br_ln64' <Predicate = true> <Delay = 0.00>

State 9 <SV = 8> <Delay = 2.32>
ST_9 : Operation 92 [1/1] (2.32ns)   --->   "%store_ln67 = store i8 0, i6 %NEURONS_MEMBRANE_addr" [B_RNI_HLS/apc/src/RNI_2.cpp:67->B_RNI_HLS/apc/src/RNI_2.cpp:36]   --->   Operation 92 'store' 'store_ln67' <Predicate = (icmp_ln64)> <Delay = 2.32> <CoreInst = "RAM">   --->   Core 82 'RAM' <Latency = 1> <II = 1> <Delay = 2.32> <Storage> <Opcode : 'load' 'store'> <Ports = 2> <Width = 8> <Depth = 40> <RAM>
ST_9 : Operation 93 [1/1] (0.00ns)   --->   "%br_ln68 = br void %for.inc34.i" [B_RNI_HLS/apc/src/RNI_2.cpp:68->B_RNI_HLS/apc/src/RNI_2.cpp:36]   --->   Operation 93 'br' 'br_ln68' <Predicate = (icmp_ln64)> <Delay = 0.00>
ST_9 : Operation 94 [1/1] (0.00ns)   --->   "%br_ln57 = br void %WEIGHTS_LOOP.i" [B_RNI_HLS/apc/src/RNI_2.cpp:57->B_RNI_HLS/apc/src/RNI_2.cpp:36]   --->   Operation 94 'br' 'br_ln57' <Predicate = true> <Delay = 0.00>

State 10 <SV = 5> <Delay = 0.00>
ST_10 : Operation 95 [1/2] (0.00ns)   --->   "%call_ln0 = call void @RNI_Pipeline_NEURONS_LOOP, i8 %NEURONS_MEMBRANE"   --->   Operation 95 'call' 'call_ln0' <Predicate = true> <Delay = 0.00> <CoreType = "Generic">   --->   Core 0 '' <Latency = 0> <II = 1> <Delay = 1.00> <Generic> <Opcode : >

State 11 <SV = 6> <Delay = 0.00>
ST_11 : Operation 96 [2/2] (0.00ns)   --->   "%call_ln0 = call void @RNI_Pipeline_NEURONS_LOOP1, i8 %NEURONS_MEMBRANE"   --->   Operation 96 'call' 'call_ln0' <Predicate = true> <Delay = 0.00> <CoreType = "Generic">   --->   Core 0 '' <Latency = 0> <II = 1> <Delay = 1.00> <Generic> <Opcode : >
ST_11 : Operation 97 [2/2] (0.00ns)   --->   "%write_ln46 = write void @_ssdm_op_Write.axis.volatile.i32P0A.i4P0A.i4P0A.i2P0A.i1P0A.i5P0A.i6P0A, i32 %output_stream_V_data_V, i4 %output_stream_V_keep_V, i4 %output_stream_V_strb_V, i2 %output_stream_V_user_V, i1 %output_stream_V_last_V, i5 %output_stream_V_id_V, i6 %output_stream_V_dest_V, i32 0, i4 0, i4 0, i2 0, i1 0, i5 0, i6 0" [B_RNI_HLS/apc/src/RNI_2.cpp:46]   --->   Operation 97 'write' 'write_ln46' <Predicate = true> <Delay = 0.00> <CoreInst = "axis">   --->   Core 115 'axis' <Latency = 0> <II = 1> <Delay = 1.00> <Adapter> <Opcode : >

State 12 <SV = 7> <Delay = 0.00>
ST_12 : Operation 98 [1/2] (0.00ns)   --->   "%call_ln0 = call void @RNI_Pipeline_NEURONS_LOOP1, i8 %NEURONS_MEMBRANE"   --->   Operation 98 'call' 'call_ln0' <Predicate = true> <Delay = 0.00> <CoreType = "Generic">   --->   Core 0 '' <Latency = 0> <II = 1> <Delay = 1.00> <Generic> <Opcode : >
ST_12 : Operation 99 [1/2] (0.00ns)   --->   "%write_ln46 = write void @_ssdm_op_Write.axis.volatile.i32P0A.i4P0A.i4P0A.i2P0A.i1P0A.i5P0A.i6P0A, i32 %output_stream_V_data_V, i4 %output_stream_V_keep_V, i4 %output_stream_V_strb_V, i2 %output_stream_V_user_V, i1 %output_stream_V_last_V, i5 %output_stream_V_id_V, i6 %output_stream_V_dest_V, i32 0, i4 0, i4 0, i2 0, i1 0, i5 0, i6 0" [B_RNI_HLS/apc/src/RNI_2.cpp:46]   --->   Operation 99 'write' 'write_ln46' <Predicate = true> <Delay = 0.00> <CoreInst = "axis">   --->   Core 115 'axis' <Latency = 0> <II = 1> <Delay = 1.00> <Adapter> <Opcode : >
ST_12 : Operation 100 [1/1] (0.00ns)   --->   "%br_ln26 = br i1 %input_buffer_last, void %cleanup.cont, void %while.end" [B_RNI_HLS/apc/src/RNI_2.cpp:26]   --->   Operation 100 'br' 'br_ln26' <Predicate = true> <Delay = 0.00>
ST_12 : Operation 101 [1/1] (0.00ns)   --->   "%store_ln23 = store i8 %input_list_3_1_loc_load, i8 %input_list_3_04" [B_RNI_HLS/apc/src/RNI_2.cpp:23]   --->   Operation 101 'store' 'store_ln23' <Predicate = (!input_buffer_last)> <Delay = 0.00>
ST_12 : Operation 102 [1/1] (0.00ns)   --->   "%store_ln23 = store i8 %input_list_2_1_loc_load, i8 %input_list_2_03" [B_RNI_HLS/apc/src/RNI_2.cpp:23]   --->   Operation 102 'store' 'store_ln23' <Predicate = (!input_buffer_last)> <Delay = 0.00>
ST_12 : Operation 103 [1/1] (0.00ns)   --->   "%store_ln23 = store i8 %input_list_1_1_loc_load, i8 %input_list_1_02" [B_RNI_HLS/apc/src/RNI_2.cpp:23]   --->   Operation 103 'store' 'store_ln23' <Predicate = (!input_buffer_last)> <Delay = 0.00>
ST_12 : Operation 104 [1/1] (0.00ns)   --->   "%store_ln23 = store i8 %input_list_0_1_loc_load, i8 %input_list_0_01" [B_RNI_HLS/apc/src/RNI_2.cpp:23]   --->   Operation 104 'store' 'store_ln23' <Predicate = (!input_buffer_last)> <Delay = 0.00>
ST_12 : Operation 105 [1/1] (0.00ns)   --->   "%br_ln23 = br void %VITIS_LOOP_29_2" [B_RNI_HLS/apc/src/RNI_2.cpp:23]   --->   Operation 105 'br' 'br_ln23' <Predicate = (!input_buffer_last)> <Delay = 0.00>
ST_12 : Operation 106 [1/1] (0.00ns)   --->   "%ret_ln51 = ret" [B_RNI_HLS/apc/src/RNI_2.cpp:51]   --->   Operation 106 'ret' 'ret_ln51' <Predicate = (input_buffer_last)> <Delay = 0.00>


============================================================
+ Verbose Summary: Timing violations
============================================================
Target clock period: 10.000ns, clock uncertainty: 2.700ns.

 <State 1>: 0.000ns
The critical path consists of the following:

 <State 2>: 4.738ns
The critical path consists of the following:
	'load' operation ('input_list_0_01_load') on local variable 'input_list_0_01' [50]  (0.000 ns)
	'call' operation ('call_ln26', B_RNI_HLS/apc/src/RNI_2.cpp:26) to 'RNI_Pipeline_VITIS_LOOP_29_2' [59]  (4.738 ns)

 <State 3>: 3.238ns
The critical path consists of the following:
	'call' operation ('call_ln26', B_RNI_HLS/apc/src/RNI_2.cpp:26) to 'RNI_Pipeline_VITIS_LOOP_29_2' [59]  (3.238 ns)

 <State 4>: 1.588ns
The critical path consists of the following:
	multiplexor before 'phi' operation ('neuron_index', B_RNI_HLS/apc/src/RNI_2.cpp:57->B_RNI_HLS/apc/src/RNI_2.cpp:36) with incoming values : ('add_ln57', B_RNI_HLS/apc/src/RNI_2.cpp:57->B_RNI_HLS/apc/src/RNI_2.cpp:36) [66]  (1.588 ns)

 <State 5>: 4.057ns
The critical path consists of the following:
	'phi' operation ('neuron_index', B_RNI_HLS/apc/src/RNI_2.cpp:57->B_RNI_HLS/apc/src/RNI_2.cpp:36) with incoming values : ('add_ln57', B_RNI_HLS/apc/src/RNI_2.cpp:57->B_RNI_HLS/apc/src/RNI_2.cpp:36) [66]  (0.000 ns)
	'add' operation ('add_i_i67_i', B_RNI_HLS/apc/src/RNI_2.cpp:57->B_RNI_HLS/apc/src/RNI_2.cpp:36) [79]  (1.735 ns)
	'getelementptr' operation ('WEIGHTS_INDEX_addr', B_RNI_HLS/apc/src/RNI_2.cpp:57->B_RNI_HLS/apc/src/RNI_2.cpp:36) [81]  (0.000 ns)
	'load' operation ('WEIGHTS_INDEX_load', B_RNI_HLS/apc/src/RNI_2.cpp:57->B_RNI_HLS/apc/src/RNI_2.cpp:36) on array 'WEIGHTS_INDEX' [82]  (2.322 ns)

 <State 6>: 5.825ns
The critical path consists of the following:
	'load' operation ('NEURONS_INDEX_load', B_RNI_HLS/apc/src/RNI_2.cpp:59->B_RNI_HLS/apc/src/RNI_2.cpp:36) on array 'NEURONS_INDEX' [75]  (2.322 ns)
	'icmp' operation ('icmp_ln59', B_RNI_HLS/apc/src/RNI_2.cpp:59->B_RNI_HLS/apc/src/RNI_2.cpp:36) [84]  (1.915 ns)
	multiplexor before 'phi' operation ('empty_24', B_RNI_HLS/apc/src/RNI_2.cpp:61->B_RNI_HLS/apc/src/RNI_2.cpp:36) with incoming values : ('NEURONS_MEMBRANE_load', B_RNI_HLS/apc/src/RNI_2.cpp:61->B_RNI_HLS/apc/src/RNI_2.cpp:36) ('p_loc_load') [94]  (1.588 ns)

 <State 7>: 0.000ns
The critical path consists of the following:

 <State 8>: 3.503ns
The critical path consists of the following:
	'load' operation ('p_loc_load') on local variable 'p_loc' [90]  (0.000 ns)
	multiplexor before 'phi' operation ('empty_24', B_RNI_HLS/apc/src/RNI_2.cpp:61->B_RNI_HLS/apc/src/RNI_2.cpp:36) with incoming values : ('NEURONS_MEMBRANE_load', B_RNI_HLS/apc/src/RNI_2.cpp:61->B_RNI_HLS/apc/src/RNI_2.cpp:36) ('p_loc_load') [94]  (1.588 ns)
	'phi' operation ('empty_24', B_RNI_HLS/apc/src/RNI_2.cpp:61->B_RNI_HLS/apc/src/RNI_2.cpp:36) with incoming values : ('NEURONS_MEMBRANE_load', B_RNI_HLS/apc/src/RNI_2.cpp:61->B_RNI_HLS/apc/src/RNI_2.cpp:36) ('p_loc_load') [94]  (0.000 ns)
	'icmp' operation ('icmp_ln64', B_RNI_HLS/apc/src/RNI_2.cpp:64->B_RNI_HLS/apc/src/RNI_2.cpp:36) [95]  (1.915 ns)

 <State 9>: 2.322ns
The critical path consists of the following:
	'store' operation ('store_ln67', B_RNI_HLS/apc/src/RNI_2.cpp:67->B_RNI_HLS/apc/src/RNI_2.cpp:36) of constant 0 on array 'NEURONS_MEMBRANE' [98]  (2.322 ns)

 <State 10>: 0.000ns
The critical path consists of the following:

 <State 11>: 0.000ns
The critical path consists of the following:

 <State 12>: 0.000ns
The critical path consists of the following:


============================================================
+ Verbose Summary: Binding
============================================================
N/A
* FSMD analyzer results:
  - Output states:
 - Input state : 
  - Chain level:
	State 1
	State 2
	State 3
	State 4
	State 5
	State 6
	State 7
	State 8
	State 9
	State 10
	State 11
	State 12


============================================================
+ Verbose Summary: Datapath Resource usage 
============================================================
N/A
