

================================================================
== Vitis HLS Report for 'RNI_Pipeline_WEIGHTS_LOOP'
================================================================
* Date:           Mon Mar 18 20:33:23 2024

* Version:        2023.1.1 (Build 3869133 on Jun 15 2023)
* Project:        B_RNI_HLS
* Solution:       RNI (Vivado IP Flow Target)
* Product family: zynq
* Target device:  xc7z020-clg400-1


================================================================
== Performance Estimates
================================================================
+ Timing: 
    * Summary: 
    +--------+----------+----------+------------+
    |  Clock |  Target  | Estimated| Uncertainty|
    +--------+----------+----------+------------+
    |ap_clk  |  10.00 ns|  5.108 ns|     2.70 ns|
    +--------+----------+----------+------------+

+ Latency: 
    * Summary: 
    +---------+---------+-----------+----------+-----+-----+---------+
    |  Latency (cycles) |  Latency (absolute)  |  Interval | Pipeline|
    |   min   |   max   |    min    |    max   | min | max |   Type  |
    +---------+---------+-----------+----------+-----+-----+---------+
    |        2|      260|  20.000 ns|  2.600 us|    2|  260|       no|
    +---------+---------+-----------+----------+-----+-----+---------+

    + Detail: 
        * Instance: 
        N/A

        * Loop: 
        +----------------+---------+---------+----------+-----------+-----------+---------+----------+
        |                |  Latency (cycles) | Iteration|  Initiation Interval  |   Trip  |          |
        |    Loop Name   |   min   |   max   |  Latency |  achieved |   target  |  Count  | Pipelined|
        +----------------+---------+---------+----------+-----------+-----------+---------+----------+
        |- WEIGHTS_LOOP  |        0|      258|         5|          1|          1|  0 ~ 255|       yes|
        +----------------+---------+---------+----------+-----------+-----------+---------+----------+

============================================================
+ Verbose Summary: Synthesis Manager
============================================================
InlineROM: 1
ExposeGlobal: 0
============================================================
+ Verbose Summary: CDFG Model
============================================================
IsTopModel: 0
ResetActiveHigh: 1
IsCombinational: 0
IsDatapathOnly: 0
HasWiredReturn: 1
HasMFsm: 2
HasVarLatency: 1
IsPipeline: 0
IsRtlPipelined: 0
IsInstanceOverlapped: 0
IsDontTouch: 0
HasImplIP: 0
IsGatedGlobalClock: 0

+ Individual pipeline summary: 
  * Pipeline-0: initiation interval (II) = 1, depth = 6


============================================================
+ Verbose Summary: Schedule
============================================================
* Number of FSM states : 6
* Pipeline : 1
  Pipeline-0 : II = 1, D = 6, States = { 1 2 3 4 5 6 }
* Dataflow Pipeline: 0

* FSM state transitions: 
1 --> 2 
2 --> 3 
3 --> 4 
4 --> 5 
5 --> 6 
6 --> 

* FSM state operations: 

State 1 <SV = 0> <Delay = 1.58>
ST_1 : Operation 8 [1/1] (0.00ns)   --->   "%temp_1 = alloca i32 1"   --->   Operation 8 'alloca' 'temp_1' <Predicate = true> <Delay = 0.00>
ST_1 : Operation 9 [1/1] (0.00ns)   --->   "%weight_index = alloca i32 1"   --->   Operation 9 'alloca' 'weight_index' <Predicate = true> <Delay = 0.00>
ST_1 : Operation 10 [1/1] (0.00ns)   --->   "%input_list_3_1_reload_read = read i8 @_ssdm_op_Read.ap_auto.i8, i8 %input_list_3_1_reload"   --->   Operation 10 'read' 'input_list_3_1_reload_read' <Predicate = true> <Delay = 0.00>
ST_1 : Operation 11 [1/1] (0.00ns)   --->   "%input_list_2_1_reload_read = read i8 @_ssdm_op_Read.ap_auto.i8, i8 %input_list_2_1_reload"   --->   Operation 11 'read' 'input_list_2_1_reload_read' <Predicate = true> <Delay = 0.00>
ST_1 : Operation 12 [1/1] (0.00ns)   --->   "%input_list_1_1_reload_read = read i8 @_ssdm_op_Read.ap_auto.i8, i8 %input_list_1_1_reload"   --->   Operation 12 'read' 'input_list_1_1_reload_read' <Predicate = true> <Delay = 0.00>
ST_1 : Operation 13 [1/1] (0.00ns)   --->   "%input_list_0_1_reload_read = read i8 @_ssdm_op_Read.ap_auto.i8, i8 %input_list_0_1_reload"   --->   Operation 13 'read' 'input_list_0_1_reload_read' <Predicate = true> <Delay = 0.00>
ST_1 : Operation 14 [1/1] (0.00ns)   --->   "%zext_ln56_1_read = read i7 @_ssdm_op_Read.ap_auto.i7, i7 %zext_ln56_1"   --->   Operation 14 'read' 'zext_ln56_1_read' <Predicate = true> <Delay = 0.00>
ST_1 : Operation 15 [1/1] (0.00ns)   --->   "%NEURONS_MEMBRANE_load_read = read i8 @_ssdm_op_Read.ap_auto.i8, i8 %NEURONS_MEMBRANE_load"   --->   Operation 15 'read' 'NEURONS_MEMBRANE_load_read' <Predicate = true> <Delay = 0.00>
ST_1 : Operation 16 [1/1] (0.00ns)   --->   "%zext_ln56_read = read i6 @_ssdm_op_Read.ap_auto.i6, i6 %zext_ln56"   --->   Operation 16 'read' 'zext_ln56_read' <Predicate = true> <Delay = 0.00>
ST_1 : Operation 17 [1/1] (0.00ns)   --->   "%zext_ln56_1_cast = zext i7 %zext_ln56_1_read"   --->   Operation 17 'zext' 'zext_ln56_1_cast' <Predicate = true> <Delay = 0.00>
ST_1 : Operation 18 [1/1] (0.00ns)   --->   "%zext_ln56_cast = zext i6 %zext_ln56_read"   --->   Operation 18 'zext' 'zext_ln56_cast' <Predicate = true> <Delay = 0.00>
ST_1 : Operation 19 [1/1] (1.58ns)   --->   "%store_ln0 = store i64 %zext_ln56_cast, i64 %weight_index"   --->   Operation 19 'store' 'store_ln0' <Predicate = true> <Delay = 1.58>
ST_1 : Operation 20 [1/1] (1.58ns)   --->   "%store_ln0 = store i8 %NEURONS_MEMBRANE_load_read, i8 %temp_1"   --->   Operation 20 'store' 'store_ln0' <Predicate = true> <Delay = 1.58>
ST_1 : Operation 21 [1/1] (0.00ns)   --->   "%br_ln0 = br void %for.inc.i"   --->   Operation 21 'br' 'br_ln0' <Predicate = true> <Delay = 0.00>

State 2 <SV = 1> <Delay = 5.10>
ST_2 : Operation 22 [1/1] (0.00ns)   --->   "%weight_index_2 = load i64 %weight_index" [B_RNI_HLS/apc/src/RNI_2.cpp:58->B_RNI_HLS/apc/src/RNI_2.cpp:36]   --->   Operation 22 'load' 'weight_index_2' <Predicate = true> <Delay = 0.00>
ST_2 : Operation 23 [1/1] (0.00ns)   --->   "%specpipeline_ln0 = specpipeline void @_ssdm_op_SpecPipeline, i32 4294967295, i32 0, i32 1, i32 0, void @p_str"   --->   Operation 23 'specpipeline' 'specpipeline_ln0' <Predicate = true> <Delay = 0.00>
ST_2 : Operation 24 [1/1] (3.52ns)   --->   "%icmp_ln56 = icmp_eq  i64 %weight_index_2, i64 %zext_ln56_1_cast" [B_RNI_HLS/apc/src/RNI_2.cpp:56->B_RNI_HLS/apc/src/RNI_2.cpp:36]   --->   Operation 24 'icmp' 'icmp_ln56' <Predicate = true> <Delay = 3.52> <CoreInst = "Cmp">   --->   Core 9 'Cmp' <Latency = 0> <II = 1> <Delay = 3.52> <FuncUnit> <Opcode : 'icmp'> <InPorts = 2> <OutPorts = 1>
ST_2 : Operation 25 [1/1] (0.00ns)   --->   "%br_ln56 = br i1 %icmp_ln56, void %for.inc.i.split, void %for.end.loopexit.i.exitStub" [B_RNI_HLS/apc/src/RNI_2.cpp:56->B_RNI_HLS/apc/src/RNI_2.cpp:36]   --->   Operation 25 'br' 'br_ln56' <Predicate = true> <Delay = 0.00>
ST_2 : Operation 26 [1/1] (0.00ns)   --->   "%WEIGHTS_addr = getelementptr i8 %WEIGHTS, i64 0, i64 %weight_index_2" [B_RNI_HLS/apc/src/RNI_2.cpp:58->B_RNI_HLS/apc/src/RNI_2.cpp:36]   --->   Operation 26 'getelementptr' 'WEIGHTS_addr' <Predicate = (!icmp_ln56)> <Delay = 0.00>
ST_2 : Operation 27 [2/2] (3.25ns)   --->   "%WEIGHTS_load = load i8 %WEIGHTS_addr" [B_RNI_HLS/apc/src/RNI_2.cpp:58->B_RNI_HLS/apc/src/RNI_2.cpp:36]   --->   Operation 27 'load' 'WEIGHTS_load' <Predicate = (!icmp_ln56)> <Delay = 3.25> <CoreInst = "ROM">   --->   Core 95 'ROM' <Latency = 1> <II = 1> <Delay = 3.25> <Storage> <Opcode : 'load'> <Ports = 0> <Width = 8> <Depth = 256> <ROM>
ST_2 : Operation 28 [1/1] (0.00ns)   --->   "%trunc_ln58 = trunc i64 %weight_index_2" [B_RNI_HLS/apc/src/RNI_2.cpp:58->B_RNI_HLS/apc/src/RNI_2.cpp:36]   --->   Operation 28 'trunc' 'trunc_ln58' <Predicate = (!icmp_ln56)> <Delay = 0.00>
ST_2 : Operation 29 [1/1] (3.52ns)   --->   "%add_ln56 = add i64 %weight_index_2, i64 1" [B_RNI_HLS/apc/src/RNI_2.cpp:56->B_RNI_HLS/apc/src/RNI_2.cpp:36]   --->   Operation 29 'add' 'add_ln56' <Predicate = (!icmp_ln56)> <Delay = 3.52> <CoreInst = "Adder">   --->   Core 1 'Adder' <Latency = 0> <II = 1> <Delay = 3.52> <FuncUnit> <Opcode : 'add' 'sub'> <InPorts = 2> <OutPorts = 1>
ST_2 : Operation 30 [1/1] (1.58ns)   --->   "%store_ln56 = store i64 %add_ln56, i64 %weight_index" [B_RNI_HLS/apc/src/RNI_2.cpp:56->B_RNI_HLS/apc/src/RNI_2.cpp:36]   --->   Operation 30 'store' 'store_ln56' <Predicate = (!icmp_ln56)> <Delay = 1.58>

State 3 <SV = 2> <Delay = 4.30>
ST_3 : Operation 31 [1/2] (3.25ns)   --->   "%WEIGHTS_load = load i8 %WEIGHTS_addr" [B_RNI_HLS/apc/src/RNI_2.cpp:58->B_RNI_HLS/apc/src/RNI_2.cpp:36]   --->   Operation 31 'load' 'WEIGHTS_load' <Predicate = true> <Delay = 3.25> <CoreInst = "ROM">   --->   Core 95 'ROM' <Latency = 1> <II = 1> <Delay = 3.25> <Storage> <Opcode : 'load'> <Ports = 0> <Width = 8> <Depth = 256> <ROM>
ST_3 : Operation 32 [1/1] (1.82ns)   --->   "%tmp = mux i8 @_ssdm_op_Mux.ap_auto.4i8.i2, i8 %input_list_0_1_reload_read, i8 %input_list_1_1_reload_read, i8 %input_list_2_1_reload_read, i8 %input_list_3_1_reload_read, i2 %trunc_ln58" [B_RNI_HLS/apc/src/RNI_2.cpp:58->B_RNI_HLS/apc/src/RNI_2.cpp:36]   --->   Operation 32 'mux' 'tmp' <Predicate = true> <Delay = 1.82> <CoreInst = "Multiplexer">   --->   Core 76 'Multiplexer' <Latency = 0> <II = 1> <Delay = 1.82> <FuncUnit> <Opcode : 'mux'> <InPorts = 2> <OutPorts = 1>
ST_3 : Operation 33 [3/3] (1.05ns) (grouped into DSP with root node temp)   --->   "%mul_ln58 = mul i8 %WEIGHTS_load, i8 %tmp" [B_RNI_HLS/apc/src/RNI_2.cpp:58->B_RNI_HLS/apc/src/RNI_2.cpp:36]   --->   Operation 33 'mul' 'mul_ln58' <Predicate = true> <Delay = 1.05> <CoreInst = "DSP48">   --->   Core 119 'DSP48' <Latency = 3> <II = 1> <Delay = 2.15> <IPBlock> <Opcode : '<invalid operator> ' 'mul' 'add' 'sub' 'select'> <InPorts = 0> <OutPorts = 1> <Sync> <CReg>

State 4 <SV = 3> <Delay = 1.05>
ST_4 : Operation 34 [2/3] (1.05ns) (grouped into DSP with root node temp)   --->   "%mul_ln58 = mul i8 %WEIGHTS_load, i8 %tmp" [B_RNI_HLS/apc/src/RNI_2.cpp:58->B_RNI_HLS/apc/src/RNI_2.cpp:36]   --->   Operation 34 'mul' 'mul_ln58' <Predicate = true> <Delay = 1.05> <CoreInst = "DSP48">   --->   Core 119 'DSP48' <Latency = 3> <II = 1> <Delay = 2.15> <IPBlock> <Opcode : '<invalid operator> ' 'mul' 'add' 'sub' 'select'> <InPorts = 0> <OutPorts = 1> <Sync> <CReg>

State 5 <SV = 4> <Delay = 2.10>
ST_5 : Operation 35 [1/1] (0.00ns)   --->   "%temp_1_load_1 = load i8 %temp_1" [B_RNI_HLS/apc/src/RNI_2.cpp:58->B_RNI_HLS/apc/src/RNI_2.cpp:36]   --->   Operation 35 'load' 'temp_1_load_1' <Predicate = true> <Delay = 0.00>
ST_5 : Operation 36 [1/3] (0.00ns) (grouped into DSP with root node temp)   --->   "%mul_ln58 = mul i8 %WEIGHTS_load, i8 %tmp" [B_RNI_HLS/apc/src/RNI_2.cpp:58->B_RNI_HLS/apc/src/RNI_2.cpp:36]   --->   Operation 36 'mul' 'mul_ln58' <Predicate = true> <Delay = 0.00> <CoreInst = "DSP48">   --->   Core 119 'DSP48' <Latency = 3> <II = 1> <Delay = 2.15> <IPBlock> <Opcode : '<invalid operator> ' 'mul' 'add' 'sub' 'select'> <InPorts = 0> <OutPorts = 1> <Sync> <CReg>
ST_5 : Operation 37 [2/2] (2.10ns) (root node of the DSP)   --->   "%temp = add i8 %mul_ln58, i8 %temp_1_load_1" [B_RNI_HLS/apc/src/RNI_2.cpp:58->B_RNI_HLS/apc/src/RNI_2.cpp:36]   --->   Operation 37 'add' 'temp' <Predicate = true> <Delay = 2.10> <CoreInst = "DSP48">   --->   Core 119 'DSP48' <Latency = 3> <II = 1> <Delay = 2.15> <IPBlock> <Opcode : '<invalid operator> ' 'mul' 'add' 'sub' 'select'> <InPorts = 0> <OutPorts = 1> <Sync> <CReg>
ST_5 : Operation 43 [1/1] (0.00ns)   --->   "%temp_1_load = load i8 %temp_1"   --->   Operation 43 'load' 'temp_1_load' <Predicate = (icmp_ln56)> <Delay = 0.00>
ST_5 : Operation 44 [1/1] (0.00ns)   --->   "%write_ln0 = write void @_ssdm_op_Write.ap_auto.i8P0A, i8 %p_out, i8 %temp_1_load"   --->   Operation 44 'write' 'write_ln0' <Predicate = (icmp_ln56)> <Delay = 0.00>
ST_5 : Operation 45 [1/1] (0.00ns)   --->   "%ret_ln0 = ret"   --->   Operation 45 'ret' 'ret_ln0' <Predicate = (icmp_ln56)> <Delay = 0.00>

State 6 <SV = 5> <Delay = 3.68>
ST_6 : Operation 38 [1/1] (0.00ns)   --->   "%speclooptripcount_ln56 = speclooptripcount void @_ssdm_op_SpecLoopTripCount, i64 0, i64 255, i64 127" [B_RNI_HLS/apc/src/RNI_2.cpp:56->B_RNI_HLS/apc/src/RNI_2.cpp:36]   --->   Operation 38 'speclooptripcount' 'speclooptripcount_ln56' <Predicate = true> <Delay = 0.00>
ST_6 : Operation 39 [1/1] (0.00ns)   --->   "%specloopname_ln56 = specloopname void @_ssdm_op_SpecLoopName, void @empty_5" [B_RNI_HLS/apc/src/RNI_2.cpp:56->B_RNI_HLS/apc/src/RNI_2.cpp:36]   --->   Operation 39 'specloopname' 'specloopname_ln56' <Predicate = true> <Delay = 0.00>
ST_6 : Operation 40 [1/2] (2.10ns) (root node of the DSP)   --->   "%temp = add i8 %mul_ln58, i8 %temp_1_load_1" [B_RNI_HLS/apc/src/RNI_2.cpp:58->B_RNI_HLS/apc/src/RNI_2.cpp:36]   --->   Operation 40 'add' 'temp' <Predicate = true> <Delay = 2.10> <CoreInst = "DSP48">   --->   Core 119 'DSP48' <Latency = 3> <II = 1> <Delay = 2.15> <IPBlock> <Opcode : '<invalid operator> ' 'mul' 'add' 'sub' 'select'> <InPorts = 0> <OutPorts = 1> <Sync> <CReg>
ST_6 : Operation 41 [1/1] (1.58ns)   --->   "%store_ln56 = store i8 %temp, i8 %temp_1" [B_RNI_HLS/apc/src/RNI_2.cpp:56->B_RNI_HLS/apc/src/RNI_2.cpp:36]   --->   Operation 41 'store' 'store_ln56' <Predicate = true> <Delay = 1.58>
ST_6 : Operation 42 [1/1] (0.00ns)   --->   "%br_ln56 = br void %for.inc.i" [B_RNI_HLS/apc/src/RNI_2.cpp:56->B_RNI_HLS/apc/src/RNI_2.cpp:36]   --->   Operation 42 'br' 'br_ln56' <Predicate = true> <Delay = 0.00>


============================================================
+ Verbose Summary: Timing violations
============================================================
Target clock period: 10.000ns, clock uncertainty: 2.700ns.

 <State 1>: 1.588ns
The critical path consists of the following:
	'alloca' operation ('weight_index') [11]  (0.000 ns)
	'store' operation ('store_ln0') of variable 'zext_ln56_cast' on local variable 'weight_index' [21]  (1.588 ns)

 <State 2>: 5.108ns
The critical path consists of the following:
	'load' operation ('weight_index', B_RNI_HLS/apc/src/RNI_2.cpp:58->B_RNI_HLS/apc/src/RNI_2.cpp:36) on local variable 'weight_index' [25]  (0.000 ns)
	'add' operation ('add_ln56', B_RNI_HLS/apc/src/RNI_2.cpp:56->B_RNI_HLS/apc/src/RNI_2.cpp:36) [39]  (3.520 ns)
	'store' operation ('store_ln56', B_RNI_HLS/apc/src/RNI_2.cpp:56->B_RNI_HLS/apc/src/RNI_2.cpp:36) of variable 'add_ln56', B_RNI_HLS/apc/src/RNI_2.cpp:56->B_RNI_HLS/apc/src/RNI_2.cpp:36 on local variable 'weight_index' [40]  (1.588 ns)

 <State 3>: 4.304ns
The critical path consists of the following:
	'load' operation ('WEIGHTS_load', B_RNI_HLS/apc/src/RNI_2.cpp:58->B_RNI_HLS/apc/src/RNI_2.cpp:36) on array 'WEIGHTS' [34]  (3.254 ns)
	'mul' operation of DSP[38] ('mul_ln58', B_RNI_HLS/apc/src/RNI_2.cpp:58->B_RNI_HLS/apc/src/RNI_2.cpp:36) [37]  (1.050 ns)

 <State 4>: 1.050ns
The critical path consists of the following:
	'mul' operation of DSP[38] ('mul_ln58', B_RNI_HLS/apc/src/RNI_2.cpp:58->B_RNI_HLS/apc/src/RNI_2.cpp:36) [37]  (1.050 ns)

 <State 5>: 2.100ns
The critical path consists of the following:
	'load' operation ('temp_1_load_1', B_RNI_HLS/apc/src/RNI_2.cpp:58->B_RNI_HLS/apc/src/RNI_2.cpp:36) on local variable 'temp' [30]  (0.000 ns)
	'add' operation of DSP[38] ('temp', B_RNI_HLS/apc/src/RNI_2.cpp:58->B_RNI_HLS/apc/src/RNI_2.cpp:36) [38]  (2.100 ns)

 <State 6>: 3.688ns
The critical path consists of the following:
	'add' operation of DSP[38] ('temp', B_RNI_HLS/apc/src/RNI_2.cpp:58->B_RNI_HLS/apc/src/RNI_2.cpp:36) [38]  (2.100 ns)
	'store' operation ('store_ln56', B_RNI_HLS/apc/src/RNI_2.cpp:56->B_RNI_HLS/apc/src/RNI_2.cpp:36) of variable 'temp', B_RNI_HLS/apc/src/RNI_2.cpp:58->B_RNI_HLS/apc/src/RNI_2.cpp:36 on local variable 'temp' [41]  (1.588 ns)


============================================================
+ Verbose Summary: Binding
============================================================
N/A
* FSMD analyzer results:
  - Output states:
 - Input state : 
  - Chain level:
	State 1
	State 2
	State 3
	State 4
	State 5
	State 6


============================================================
+ Verbose Summary: Datapath Resource usage 
============================================================
N/A
