

================================================================
== Vitis HLS Report for 'RNI_Pipeline_WEIGHTS_LOOP'
================================================================
* Date:           Sat Feb 17 17:22:10 2024

* Version:        2023.1.1 (Build 3869133 on Jun 15 2023)
* Project:        RNI_hls
* Solution:       RNI (Vivado IP Flow Target)
* Product family: zynq
* Target device:  xc7z020-clg400-1


================================================================
== Performance Estimates
================================================================
+ Timing: 
    * Summary: 
    +--------+----------+----------+------------+
    |  Clock |  Target  | Estimated| Uncertainty|
    +--------+----------+----------+------------+
    |ap_clk  |  10.00 ns|  7.300 ns|     2.70 ns|
    +--------+----------+----------+------------+

+ Latency: 
    * Summary: 
    +---------+---------+----------+----------+-----+-----+---------+
    |  Latency (cycles) |  Latency (absolute) |  Interval | Pipeline|
    |   min   |   max   |    min   |    max   | min | max |   Type  |
    +---------+---------+----------+----------+-----+-----+---------+
    |        ?|        ?|         ?|         ?|    ?|    ?|       no|
    +---------+---------+----------+----------+-----+-----+---------+

    + Detail: 
        * Instance: 
        N/A

        * Loop: 
        +----------------+---------+---------+----------+-----------+-----------+------+----------+
        |                |  Latency (cycles) | Iteration|  Initiation Interval  | Trip |          |
        |    Loop Name   |   min   |   max   |  Latency |  achieved |   target  | Count| Pipelined|
        +----------------+---------+---------+----------+-----------+-----------+------+----------+
        |- WEIGHTS_LOOP  |        ?|        ?|         5|          2|          1|     ?|       yes|
        +----------------+---------+---------+----------+-----------+-----------+------+----------+



================================================================
== Utilization Estimates
================================================================
* Summary: 
+-----------------+---------+-----+--------+-------+-----+
|       Name      | BRAM_18K| DSP |   FF   |  LUT  | URAM|
+-----------------+---------+-----+--------+-------+-----+
|DSP              |        -|    -|       -|      -|    -|
|Expression       |        -|    -|       0|    257|    -|
|FIFO             |        -|    -|       -|      -|    -|
|Instance         |        -|    2|     165|     50|    -|
|Memory           |        0|    -|       8|      7|    -|
|Multiplexer      |        -|    -|       -|     87|    -|
|Register         |        -|    -|     353|      -|    -|
+-----------------+---------+-----+--------+-------+-----+
|Total            |        0|    2|     526|    401|    0|
+-----------------+---------+-----+--------+-------+-----+
|Available        |      280|  220|  106400|  53200|    0|
+-----------------+---------+-----+--------+-------+-----+
|Utilization (%)  |        0|   ~0|      ~0|     ~0|    0|
+-----------------+---------+-----+--------+-------+-----+

+ Detail: 
    * Instance: 
    +----------------------+-------------------+---------+----+-----+----+-----+
    |       Instance       |       Module      | BRAM_18K| DSP|  FF | LUT| URAM|
    +----------------------+-------------------+---------+----+-----+----+-----+
    |mul_8s_32s_32_2_1_U1  |mul_8s_32s_32_2_1  |        0|   2|  165|  50|    0|
    +----------------------+-------------------+---------+----+-----+----+-----+
    |Total                 |                   |        0|   2|  165|  50|    0|
    +----------------------+-------------------+---------+----+-----+----+-----+

    * DSP: 
    N/A

    * Memory: 
    +-----------+-----------------------------------------------+---------+---+----+-----+------+-----+------+-------------+
    |   Memory  |                     Module                    | BRAM_18K| FF| LUT| URAM| Words| Bits| Banks| W*Bits*Banks|
    +-----------+-----------------------------------------------+---------+---+----+-----+------+-----+------+-------------+
    |WEIGHTS_U  |RNI_Pipeline_WEIGHTS_LOOP_WEIGHTS_ROM_AUTO_1R  |        0|  8|   7|    0|    56|    8|     1|          448|
    +-----------+-----------------------------------------------+---------+---+----+-----+------+-----+------+-------------+
    |Total      |                                               |        0|  8|   7|    0|    56|    8|     1|          448|
    +-----------+-----------------------------------------------+---------+---+----+-----+------+-----+------+-------------+

    * FIFO: 
    N/A

    * Expression: 
    +----------------------------------+----------+----+---+----+------------+------------+
    |           Variable Name          | Operation| DSP| FF| LUT| Bitwidth P0| Bitwidth P1|
    +----------------------------------+----------+----+---+----+------------+------------+
    |add_ln31_fu_229_p2                |         +|   0|  0|  71|          64|           1|
    |add_ln39_fu_254_p2                |         +|   0|  0|  39|          32|          32|
    |add_ln47_1_fu_208_p2              |         +|   0|  0|   7|           4|           4|
    |add_ln47_fu_203_p2                |         +|   0|  0|  13|           4|           2|
    |add_ln49_fu_247_p2                |         +|   0|  0|  39|          32|          32|
    |sub_ln47_fu_213_p2                |         -|   0|  0|   7|           4|           4|
    |ap_block_pp0_stage0_11001         |       and|   0|  0|   2|           1|           1|
    |ap_block_state3_pp0_stage0_iter1  |       and|   0|  0|   2|           1|           1|
    |ap_condition_275                  |       and|   0|  0|   2|           1|           1|
    |ap_predicate_op43_read_state3     |       and|   0|  0|   2|           1|           1|
    |icmp_ln31_fu_194_p2               |      icmp|   0|  0|  71|          64|          64|
    |ap_enable_pp0                     |       xor|   0|  0|   2|           1|           2|
    +----------------------------------+----------+----+---+----+------------+------------+
    |Total                             |          |   0|  0| 257|         209|         145|
    +----------------------------------+----------+----+---+----+------------+------------+

    * Multiplexer: 
    +-------------------------+----+-----------+-----+-----------+
    |           Name          | LUT| Input Size| Bits| Total Bits|
    +-------------------------+----+-----------+-----+-----------+
    |NEURONS_MEM_d0           |  14|          3|   32|         96|
    |WEIGHTS_address0         |  14|          3|    6|         18|
    |ap_NS_fsm                |  14|          3|    1|          3|
    |ap_done_int              |   9|          2|    1|          2|
    |ap_enable_reg_pp0_iter0  |   9|          2|    1|          2|
    |ap_enable_reg_pp0_iter1  |   9|          2|    1|          2|
    |gmem_blk_n_R             |   9|          2|    1|          2|
    |k_fu_68                  |   9|          2|   64|        128|
    +-------------------------+----+-----------+-----+-----------+
    |Total                    |  87|         19|  107|        253|
    +-------------------------+----+-----------+-----+-----------+

    * Register: 
    +----------------------------------------+----+----+-----+-----------+
    |                  Name                  | FF | LUT| Bits| Const Bits|
    +----------------------------------------+----+----+-----+-----------+
    |NEURONS_MEM_addr_reg_302                |   4|   0|    4|          0|
    |NEURONS_MEM_addr_reg_302_pp0_iter1_reg  |   4|   0|    4|          0|
    |NEURONS_STATE_load_reg_336              |   1|   0|    1|          0|
    |WEIGHTS_load_reg_326                    |   8|   0|    8|          0|
    |ap_CS_fsm                               |   2|   0|    2|          0|
    |ap_done_reg                             |   1|   0|    1|          0|
    |ap_enable_reg_pp0_iter0_reg             |   1|   0|    1|          0|
    |ap_enable_reg_pp0_iter1                 |   1|   0|    1|          0|
    |ap_enable_reg_pp0_iter2                 |   1|   0|    1|          0|
    |ap_loop_exit_ready_pp0_iter1_reg        |   1|   0|    1|          0|
    |gmem_addr_read_reg_331                  |  32|   0|   32|          0|
    |icmp_ln31_reg_307                       |   1|   0|    1|          0|
    |j_2_cast_reg_291                        |   4|   0|   64|         60|
    |k_1_reg_296                             |  64|   0|   64|          0|
    |k_1_reg_296_pp0_iter1_reg               |  64|   0|   64|          0|
    |k_fu_68                                 |  64|   0|   64|          0|
    |mul_ln39_reg_350                        |  32|   0|   32|          0|
    |sext_ln31_1_cast_reg_281                |  64|   0|   64|          0|
    |sub_ln47_reg_311                        |   4|   0|    4|          0|
    +----------------------------------------+----+----+-----+-----------+
    |Total                                   | 353|   0|  413|         60|
    +----------------------------------------+----+----+-----+-----------+



================================================================
== Interface
================================================================
* Summary: 
+------------------------+-----+-----+------------+---------------------------+--------------+
|        RTL Ports       | Dir | Bits|  Protocol  |       Source Object       |    C Type    |
+------------------------+-----+-----+------------+---------------------------+--------------+
|ap_clk                  |   in|    1|  ap_ctrl_hs|  RNI_Pipeline_WEIGHTS_LOOP|  return value|
|ap_rst                  |   in|    1|  ap_ctrl_hs|  RNI_Pipeline_WEIGHTS_LOOP|  return value|
|ap_start                |   in|    1|  ap_ctrl_hs|  RNI_Pipeline_WEIGHTS_LOOP|  return value|
|ap_done                 |  out|    1|  ap_ctrl_hs|  RNI_Pipeline_WEIGHTS_LOOP|  return value|
|ap_idle                 |  out|    1|  ap_ctrl_hs|  RNI_Pipeline_WEIGHTS_LOOP|  return value|
|ap_ready                |  out|    1|  ap_ctrl_hs|  RNI_Pipeline_WEIGHTS_LOOP|  return value|
|sext_ln31               |   in|   32|     ap_none|                  sext_ln31|        scalar|
|m_axi_gmem_AWVALID      |  out|    1|       m_axi|                       gmem|       pointer|
|m_axi_gmem_AWREADY      |   in|    1|       m_axi|                       gmem|       pointer|
|m_axi_gmem_AWADDR       |  out|   64|       m_axi|                       gmem|       pointer|
|m_axi_gmem_AWID         |  out|    1|       m_axi|                       gmem|       pointer|
|m_axi_gmem_AWLEN        |  out|   32|       m_axi|                       gmem|       pointer|
|m_axi_gmem_AWSIZE       |  out|    3|       m_axi|                       gmem|       pointer|
|m_axi_gmem_AWBURST      |  out|    2|       m_axi|                       gmem|       pointer|
|m_axi_gmem_AWLOCK       |  out|    2|       m_axi|                       gmem|       pointer|
|m_axi_gmem_AWCACHE      |  out|    4|       m_axi|                       gmem|       pointer|
|m_axi_gmem_AWPROT       |  out|    3|       m_axi|                       gmem|       pointer|
|m_axi_gmem_AWQOS        |  out|    4|       m_axi|                       gmem|       pointer|
|m_axi_gmem_AWREGION     |  out|    4|       m_axi|                       gmem|       pointer|
|m_axi_gmem_AWUSER       |  out|    1|       m_axi|                       gmem|       pointer|
|m_axi_gmem_WVALID       |  out|    1|       m_axi|                       gmem|       pointer|
|m_axi_gmem_WREADY       |   in|    1|       m_axi|                       gmem|       pointer|
|m_axi_gmem_WDATA        |  out|   32|       m_axi|                       gmem|       pointer|
|m_axi_gmem_WSTRB        |  out|    4|       m_axi|                       gmem|       pointer|
|m_axi_gmem_WLAST        |  out|    1|       m_axi|                       gmem|       pointer|
|m_axi_gmem_WID          |  out|    1|       m_axi|                       gmem|       pointer|
|m_axi_gmem_WUSER        |  out|    1|       m_axi|                       gmem|       pointer|
|m_axi_gmem_ARVALID      |  out|    1|       m_axi|                       gmem|       pointer|
|m_axi_gmem_ARREADY      |   in|    1|       m_axi|                       gmem|       pointer|
|m_axi_gmem_ARADDR       |  out|   64|       m_axi|                       gmem|       pointer|
|m_axi_gmem_ARID         |  out|    1|       m_axi|                       gmem|       pointer|
|m_axi_gmem_ARLEN        |  out|   32|       m_axi|                       gmem|       pointer|
|m_axi_gmem_ARSIZE       |  out|    3|       m_axi|                       gmem|       pointer|
|m_axi_gmem_ARBURST      |  out|    2|       m_axi|                       gmem|       pointer|
|m_axi_gmem_ARLOCK       |  out|    2|       m_axi|                       gmem|       pointer|
|m_axi_gmem_ARCACHE      |  out|    4|       m_axi|                       gmem|       pointer|
|m_axi_gmem_ARPROT       |  out|    3|       m_axi|                       gmem|       pointer|
|m_axi_gmem_ARQOS        |  out|    4|       m_axi|                       gmem|       pointer|
|m_axi_gmem_ARREGION     |  out|    4|       m_axi|                       gmem|       pointer|
|m_axi_gmem_ARUSER       |  out|    1|       m_axi|                       gmem|       pointer|
|m_axi_gmem_RVALID       |   in|    1|       m_axi|                       gmem|       pointer|
|m_axi_gmem_RREADY       |  out|    1|       m_axi|                       gmem|       pointer|
|m_axi_gmem_RDATA        |   in|   32|       m_axi|                       gmem|       pointer|
|m_axi_gmem_RLAST        |   in|    1|       m_axi|                       gmem|       pointer|
|m_axi_gmem_RID          |   in|    1|       m_axi|                       gmem|       pointer|
|m_axi_gmem_RFIFONUM     |   in|    9|       m_axi|                       gmem|       pointer|
|m_axi_gmem_RUSER        |   in|    1|       m_axi|                       gmem|       pointer|
|m_axi_gmem_RRESP        |   in|    2|       m_axi|                       gmem|       pointer|
|m_axi_gmem_BVALID       |   in|    1|       m_axi|                       gmem|       pointer|
|m_axi_gmem_BREADY       |  out|    1|       m_axi|                       gmem|       pointer|
|m_axi_gmem_BRESP        |   in|    2|       m_axi|                       gmem|       pointer|
|m_axi_gmem_BID          |   in|    1|       m_axi|                       gmem|       pointer|
|m_axi_gmem_BUSER        |   in|    1|       m_axi|                       gmem|       pointer|
|j_2                     |   in|    4|     ap_none|                        j_2|        scalar|
|sext_ln31_2             |   in|   62|     ap_none|                sext_ln31_2|        scalar|
|sext_ln31_1             |   in|   32|     ap_none|                sext_ln31_1|        scalar|
|cmp12                   |   in|    1|     ap_none|                      cmp12|        scalar|
|trunc_ln31_1            |   in|    4|     ap_none|               trunc_ln31_1|        scalar|
|trunc_ln2               |   in|    4|     ap_none|                  trunc_ln2|        scalar|
|NEURONS_MEM_address0    |  out|    4|   ap_memory|                NEURONS_MEM|         array|
|NEURONS_MEM_ce0         |  out|    1|   ap_memory|                NEURONS_MEM|         array|
|NEURONS_MEM_we0         |  out|    1|   ap_memory|                NEURONS_MEM|         array|
|NEURONS_MEM_d0          |  out|   32|   ap_memory|                NEURONS_MEM|         array|
|NEURONS_MEM_q0          |   in|   32|   ap_memory|                NEURONS_MEM|         array|
|NEURONS_STATE_address0  |  out|    4|   ap_memory|              NEURONS_STATE|         array|
|NEURONS_STATE_ce0       |  out|    1|   ap_memory|              NEURONS_STATE|         array|
|NEURONS_STATE_q0        |   in|    1|   ap_memory|              NEURONS_STATE|         array|
+------------------------+-----+-----+------------+---------------------------+--------------+

