

================================================================
== Vitis HLS Report for 'RNI_Pipeline_WEIGHTS_LOOP'
================================================================
* Date:           Sat Feb 17 17:22:09 2024

* Version:        2023.1.1 (Build 3869133 on Jun 15 2023)
* Project:        RNI_hls
* Solution:       RNI (Vivado IP Flow Target)
* Product family: zynq
* Target device:  xc7z020-clg400-1


================================================================
== Performance Estimates
================================================================
+ Timing: 
    * Summary: 
    +--------+----------+----------+------------+
    |  Clock |  Target  | Estimated| Uncertainty|
    +--------+----------+----------+------------+
    |ap_clk  |  10.00 ns|  7.300 ns|     2.70 ns|
    +--------+----------+----------+------------+

+ Latency: 
    * Summary: 
    +---------+---------+----------+----------+-----+-----+---------+
    |  Latency (cycles) |  Latency (absolute) |  Interval | Pipeline|
    |   min   |   max   |    min   |    max   | min | max |   Type  |
    +---------+---------+----------+----------+-----+-----+---------+
    |        ?|        ?|         ?|         ?|    ?|    ?|       no|
    +---------+---------+----------+----------+-----+-----+---------+

    + Detail: 
        * Instance: 
        N/A

        * Loop: 
        +----------------+---------+---------+----------+-----------+-----------+------+----------+
        |                |  Latency (cycles) | Iteration|  Initiation Interval  | Trip |          |
        |    Loop Name   |   min   |   max   |  Latency |  achieved |   target  | Count| Pipelined|
        +----------------+---------+---------+----------+-----------+-----------+------+----------+
        |- WEIGHTS_LOOP  |        ?|        ?|         5|          2|          1|     ?|       yes|
        +----------------+---------+---------+----------+-----------+-----------+------+----------+

============================================================
+ Verbose Summary: Synthesis Manager
============================================================
InlineROM: 1
ExposeGlobal: 0
============================================================
+ Verbose Summary: CDFG Model
============================================================
IsTopModel: 0
ResetActiveHigh: 1
IsCombinational: 0
IsDatapathOnly: 0
HasWiredReturn: 1
HasMFsm: 2
HasVarLatency: 1
IsPipeline: 0
IsRtlPipelined: 0
IsInstanceOverlapped: 0
IsDontTouch: 0
HasImplIP: 0
IsGatedGlobalClock: 0

+ Individual pipeline summary: 
  * Pipeline-0: initiation interval (II) = 2, depth = 6


============================================================
+ Verbose Summary: Schedule
============================================================
* Number of FSM states : 6
* Pipeline : 1
  Pipeline-0 : II = 2, D = 6, States = { 1 2 3 4 5 6 }
* Dataflow Pipeline: 0

* FSM state transitions: 
1 --> 2 
2 --> 3 
3 --> 4 
4 --> 5 
5 --> 6 
6 --> 

* FSM state operations: 

State 1 <SV = 0> <Delay = 1.58>
ST_1 : Operation 8 [1/1] (0.00ns)   --->   "%k = alloca i32 1"   --->   Operation 8 'alloca' 'k' <Predicate = true> <Delay = 0.00>
ST_1 : Operation 9 [1/1] (0.00ns)   --->   "%trunc_ln2_read = read i4 @_ssdm_op_Read.ap_auto.i4, i4 %trunc_ln2"   --->   Operation 9 'read' 'trunc_ln2_read' <Predicate = true> <Delay = 0.00>
ST_1 : Operation 10 [1/1] (0.00ns)   --->   "%trunc_ln31_1_read = read i4 @_ssdm_op_Read.ap_auto.i4, i4 %trunc_ln31_1"   --->   Operation 10 'read' 'trunc_ln31_1_read' <Predicate = true> <Delay = 0.00>
ST_1 : Operation 11 [1/1] (0.00ns)   --->   "%cmp12_read = read i1 @_ssdm_op_Read.ap_auto.i1, i1 %cmp12"   --->   Operation 11 'read' 'cmp12_read' <Predicate = true> <Delay = 0.00>
ST_1 : Operation 12 [1/1] (0.00ns)   --->   "%sext_ln31_1_read = read i32 @_ssdm_op_Read.ap_auto.i32, i32 %sext_ln31_1"   --->   Operation 12 'read' 'sext_ln31_1_read' <Predicate = true> <Delay = 0.00>
ST_1 : Operation 13 [1/1] (0.00ns)   --->   "%sext_ln31_2_read = read i62 @_ssdm_op_Read.ap_auto.i62, i62 %sext_ln31_2"   --->   Operation 13 'read' 'sext_ln31_2_read' <Predicate = true> <Delay = 0.00>
ST_1 : Operation 14 [1/1] (0.00ns)   --->   "%j_2_read = read i4 @_ssdm_op_Read.ap_auto.i4, i4 %j_2"   --->   Operation 14 'read' 'j_2_read' <Predicate = true> <Delay = 0.00>
ST_1 : Operation 15 [1/1] (0.00ns)   --->   "%sext_ln31_read = read i32 @_ssdm_op_Read.ap_auto.i32, i32 %sext_ln31"   --->   Operation 15 'read' 'sext_ln31_read' <Predicate = true> <Delay = 0.00>
ST_1 : Operation 16 [1/1] (0.00ns)   --->   "%sext_ln31_1_cast = sext i32 %sext_ln31_1_read"   --->   Operation 16 'sext' 'sext_ln31_1_cast' <Predicate = true> <Delay = 0.00>
ST_1 : Operation 17 [1/1] (0.00ns)   --->   "%sext_ln31_2_cast = sext i62 %sext_ln31_2_read"   --->   Operation 17 'sext' 'sext_ln31_2_cast' <Predicate = true> <Delay = 0.00>
ST_1 : Operation 18 [1/1] (0.00ns)   --->   "%j_2_cast = zext i4 %j_2_read"   --->   Operation 18 'zext' 'j_2_cast' <Predicate = true> <Delay = 0.00>
ST_1 : Operation 19 [1/1] (0.00ns)   --->   "%sext_ln31_cast = sext i32 %sext_ln31_read"   --->   Operation 19 'sext' 'sext_ln31_cast' <Predicate = true> <Delay = 0.00>
ST_1 : Operation 20 [1/1] (0.00ns)   --->   "%specinterface_ln0 = specinterface void @_ssdm_op_SpecInterface, i32 %gmem, void @empty_10, i32 0, i32 0, void @empty_9, i32 0, i32 4, void @empty_8, void @empty_12, void @empty_9, i32 16, i32 16, i32 16, i32 16, void @empty_9, void @empty_9, i32 4294967295, i32 0"   --->   Operation 20 'specinterface' 'specinterface_ln0' <Predicate = true> <Delay = 0.00>
ST_1 : Operation 21 [1/1] (1.58ns)   --->   "%store_ln0 = store i64 %sext_ln31_cast, i64 %k"   --->   Operation 21 'store' 'store_ln0' <Predicate = true> <Delay = 1.58>
ST_1 : Operation 22 [1/1] (0.00ns)   --->   "%br_ln0 = br void %for.body11"   --->   Operation 22 'br' 'br_ln0' <Predicate = true> <Delay = 0.00>

State 2 <SV = 1> <Delay = 5.05>
ST_2 : Operation 23 [1/1] (0.00ns)   --->   "%k_1 = load i64 %k"   --->   Operation 23 'load' 'k_1' <Predicate = true> <Delay = 0.00>
ST_2 : Operation 24 [1/1] (0.00ns)   --->   "%NEURONS_MEM_addr = getelementptr i32 %NEURONS_MEM, i64 0, i64 %j_2_cast"   --->   Operation 24 'getelementptr' 'NEURONS_MEM_addr' <Predicate = true> <Delay = 0.00>
ST_2 : Operation 25 [1/1] (3.52ns)   --->   "%icmp_ln31 = icmp_slt  i64 %k_1, i64 %sext_ln31_1_cast" [RNI_hls/apc/src/RNI_v3.c:31]   --->   Operation 25 'icmp' 'icmp_ln31' <Predicate = true> <Delay = 3.52> <CoreInst = "Cmp">   --->   Core 9 'Cmp' <Latency = 0> <II = 1> <Delay = 3.52> <FuncUnit> <Opcode : 'icmp'> <InPorts = 2> <OutPorts = 1>
ST_2 : Operation 26 [1/1] (0.00ns)   --->   "%br_ln31 = br i1 %icmp_ln31, void %for.end.loopexit.exitStub, void %for.body11.split" [RNI_hls/apc/src/RNI_v3.c:31]   --->   Operation 26 'br' 'br_ln31' <Predicate = true> <Delay = 0.00>
ST_2 : Operation 27 [1/1] (0.00ns)   --->   "%empty = trunc i64 %k_1"   --->   Operation 27 'trunc' 'empty' <Predicate = (icmp_ln31)> <Delay = 0.00>
ST_2 : Operation 28 [1/1] (0.00ns)   --->   "%specloopname_ln31 = specloopname void @_ssdm_op_SpecLoopName, void @empty_0" [RNI_hls/apc/src/RNI_v3.c:31]   --->   Operation 28 'specloopname' 'specloopname_ln31' <Predicate = (icmp_ln31)> <Delay = 0.00>
ST_2 : Operation 29 [1/1] (0.00ns)   --->   "%br_ln33 = br i1 %cmp12_read, void %if.else, void %if.then" [RNI_hls/apc/src/RNI_v3.c:33]   --->   Operation 29 'br' 'br_ln33' <Predicate = (icmp_ln31)> <Delay = 0.00>
ST_2 : Operation 30 [1/1] (1.73ns)   --->   "%add_ln47 = add i4 %trunc_ln31_1_read, i4 15" [RNI_hls/apc/src/RNI_v3.c:47]   --->   Operation 30 'add' 'add_ln47' <Predicate = (icmp_ln31 & !cmp12_read)> <Delay = 1.73> <CoreInst = "Adder">   --->   Core 1 'Adder' <Latency = 0> <II = 1> <Delay = 1.73> <FuncUnit> <Opcode : 'add' 'sub'> <InPorts = 2> <OutPorts = 1>
ST_2 : Operation 31 [1/1] (0.00ns) (grouped into TernaryAdder)   --->   "%add_ln47_1 = add i4 %add_ln47, i4 %trunc_ln2_read" [RNI_hls/apc/src/RNI_v3.c:47]   --->   Operation 31 'add' 'add_ln47_1' <Predicate = (icmp_ln31 & !cmp12_read)> <Delay = 0.00> <CoreInst = "TAddSub">   --->   Core 10 'TAddSub' <Latency = 0> <II = 1> <Delay = 1.65> <IPBlock> <Opcode : '<invalid operator> ' 'add' 'sub'> <InPorts = 3> <OutPorts = 1> <Sync> <CReg>
ST_2 : Operation 32 [1/1] (3.31ns) (root node of TernaryAdder)   --->   "%sub_ln47 = sub i4 %add_ln47_1, i4 %empty" [RNI_hls/apc/src/RNI_v3.c:47]   --->   Operation 32 'sub' 'sub_ln47' <Predicate = (icmp_ln31 & !cmp12_read)> <Delay = 3.31> <CoreInst = "TAddSub">   --->   Core 10 'TAddSub' <Latency = 0> <II = 1> <Delay = 1.65> <IPBlock> <Opcode : '<invalid operator> ' 'add' 'sub'> <InPorts = 3> <OutPorts = 1> <Sync> <CReg>
ST_2 : Operation 33 [1/1] (0.00ns)   --->   "%br_ln0 = br void %for.inc"   --->   Operation 33 'br' 'br_ln0' <Predicate = (icmp_ln31 & !cmp12_read)> <Delay = 0.00>
ST_2 : Operation 34 [1/1] (0.00ns)   --->   "%WEIGHTS_addr = getelementptr i8 %WEIGHTS, i64 0, i64 %k_1" [RNI_hls/apc/src/RNI_v3.c:39]   --->   Operation 34 'getelementptr' 'WEIGHTS_addr' <Predicate = (icmp_ln31 & cmp12_read)> <Delay = 0.00>
ST_2 : Operation 35 [2/2] (2.32ns)   --->   "%WEIGHTS_load = load i6 %WEIGHTS_addr" [RNI_hls/apc/src/RNI_v3.c:39]   --->   Operation 35 'load' 'WEIGHTS_load' <Predicate = (icmp_ln31 & cmp12_read)> <Delay = 2.32> <CoreInst = "ROM">   --->   Core 95 'ROM' <Latency = 1> <II = 1> <Delay = 2.32> <Storage> <Opcode : 'load'> <Ports = 0> <Width = 8> <Depth = 56> <ROM>

State 3 <SV = 2> <Delay = 7.30>
ST_3 : Operation 36 [1/1] (0.00ns)   --->   "%specbitsmap_ln0 = specbitsmap void @_ssdm_op_SpecBitsMap, i32 %gmem"   --->   Operation 36 'specbitsmap' 'specbitsmap_ln0' <Predicate = true> <Delay = 0.00>
ST_3 : Operation 37 [1/1] (0.00ns)   --->   "%gmem_addr = getelementptr i32 %gmem, i64 %sext_ln31_2_cast" [RNI_hls/apc/src/RNI_v3.c:31]   --->   Operation 37 'getelementptr' 'gmem_addr' <Predicate = true> <Delay = 0.00>
ST_3 : Operation 38 [1/1] (0.00ns)   --->   "%specpipeline_ln0 = specpipeline void @_ssdm_op_SpecPipeline, i32 4294967295, i32 0, i32 1, i32 0, void @p_str"   --->   Operation 38 'specpipeline' 'specpipeline_ln0' <Predicate = true> <Delay = 0.00>
ST_3 : Operation 39 [1/1] (0.00ns)   --->   "%zext_ln47 = zext i4 %sub_ln47" [RNI_hls/apc/src/RNI_v3.c:47]   --->   Operation 39 'zext' 'zext_ln47' <Predicate = (icmp_ln31 & !cmp12_read)> <Delay = 0.00>
ST_3 : Operation 40 [1/1] (0.00ns)   --->   "%NEURONS_STATE_addr = getelementptr i1 %NEURONS_STATE, i64 0, i64 %zext_ln47" [RNI_hls/apc/src/RNI_v3.c:47]   --->   Operation 40 'getelementptr' 'NEURONS_STATE_addr' <Predicate = (icmp_ln31 & !cmp12_read)> <Delay = 0.00>
ST_3 : Operation 41 [2/2] (2.32ns)   --->   "%NEURONS_STATE_load = load i4 %NEURONS_STATE_addr" [RNI_hls/apc/src/RNI_v3.c:47]   --->   Operation 41 'load' 'NEURONS_STATE_load' <Predicate = (icmp_ln31 & !cmp12_read)> <Delay = 2.32> <CoreInst = "RAM">   --->   Core 82 'RAM' <Latency = 1> <II = 1> <Delay = 2.32> <Storage> <Opcode : 'load' 'store'> <Ports = 2> <Width = 1> <Depth = 14> <RAM>
ST_3 : Operation 42 [1/2] (2.32ns)   --->   "%WEIGHTS_load = load i6 %WEIGHTS_addr" [RNI_hls/apc/src/RNI_v3.c:39]   --->   Operation 42 'load' 'WEIGHTS_load' <Predicate = (icmp_ln31 & cmp12_read)> <Delay = 2.32> <CoreInst = "ROM">   --->   Core 95 'ROM' <Latency = 1> <II = 1> <Delay = 2.32> <Storage> <Opcode : 'load'> <Ports = 0> <Width = 8> <Depth = 56> <ROM>
ST_3 : Operation 43 [1/1] (7.30ns)   --->   "%gmem_addr_read = read i32 @_ssdm_op_Read.m_axi.p1i32, i32 %gmem_addr" [RNI_hls/apc/src/RNI_v3.c:39]   --->   Operation 43 'read' 'gmem_addr_read' <Predicate = (icmp_ln31 & cmp12_read)> <Delay = 7.30> <CoreInst = "m_axi">   --->   Core 113 'm_axi' <Latency = 0> <II = 1> <Delay = 1.00> <Adapter> <Opcode : 'read' 'write' 'readreq' 'writereq' 'writeresp'>
ST_3 : Operation 44 [1/1] (3.52ns)   --->   "%add_ln31 = add i64 %k_1, i64 1" [RNI_hls/apc/src/RNI_v3.c:31]   --->   Operation 44 'add' 'add_ln31' <Predicate = (icmp_ln31)> <Delay = 3.52> <CoreInst = "Adder">   --->   Core 1 'Adder' <Latency = 0> <II = 1> <Delay = 3.52> <FuncUnit> <Opcode : 'add' 'sub'> <InPorts = 2> <OutPorts = 1>
ST_3 : Operation 45 [1/1] (1.58ns)   --->   "%store_ln31 = store i64 %add_ln31, i64 %k" [RNI_hls/apc/src/RNI_v3.c:31]   --->   Operation 45 'store' 'store_ln31' <Predicate = (icmp_ln31)> <Delay = 1.58>
ST_3 : Operation 46 [1/1] (0.00ns)   --->   "%br_ln31 = br void %for.body11" [RNI_hls/apc/src/RNI_v3.c:31]   --->   Operation 46 'br' 'br_ln31' <Predicate = (icmp_ln31)> <Delay = 0.00>

State 4 <SV = 3> <Delay = 6.91>
ST_4 : Operation 47 [1/2] (2.32ns)   --->   "%NEURONS_STATE_load = load i4 %NEURONS_STATE_addr" [RNI_hls/apc/src/RNI_v3.c:47]   --->   Operation 47 'load' 'NEURONS_STATE_load' <Predicate = (!cmp12_read)> <Delay = 2.32> <CoreInst = "RAM">   --->   Core 82 'RAM' <Latency = 1> <II = 1> <Delay = 2.32> <Storage> <Opcode : 'load' 'store'> <Ports = 2> <Width = 1> <Depth = 14> <RAM>
ST_4 : Operation 48 [1/1] (0.00ns)   --->   "%br_ln47 = br i1 %NEURONS_STATE_load, void %if.end, void %if.then26" [RNI_hls/apc/src/RNI_v3.c:47]   --->   Operation 48 'br' 'br_ln47' <Predicate = (!cmp12_read)> <Delay = 0.00>
ST_4 : Operation 49 [1/1] (0.00ns)   --->   "%sext_ln39 = sext i8 %WEIGHTS_load" [RNI_hls/apc/src/RNI_v3.c:39]   --->   Operation 49 'sext' 'sext_ln39' <Predicate = (cmp12_read)> <Delay = 0.00>
ST_4 : Operation 50 [2/2] (6.91ns)   --->   "%mul_ln39 = mul i32 %sext_ln39, i32 %gmem_addr_read" [RNI_hls/apc/src/RNI_v3.c:39]   --->   Operation 50 'mul' 'mul_ln39' <Predicate = (cmp12_read)> <Delay = 6.91> <CoreInst = "Multiplier">   --->   Core 3 'Multiplier' <Latency = 1> <II = 1> <Delay = 6.91> <FuncUnit> <Opcode : 'mul'> <InPorts = 2> <OutPorts = 1>
ST_4 : Operation 66 [1/1] (0.00ns)   --->   "%ret_ln0 = ret"   --->   Operation 66 'ret' 'ret_ln0' <Predicate = (!icmp_ln31)> <Delay = 0.00>

State 5 <SV = 4> <Delay = 6.91>
ST_5 : Operation 51 [1/1] (0.00ns)   --->   "%WEIGHTS_addr_1 = getelementptr i8 %WEIGHTS, i64 0, i64 %k_1" [RNI_hls/apc/src/RNI_v3.c:49]   --->   Operation 51 'getelementptr' 'WEIGHTS_addr_1' <Predicate = (!cmp12_read & NEURONS_STATE_load)> <Delay = 0.00>
ST_5 : Operation 52 [2/2] (2.32ns)   --->   "%WEIGHTS_load_1 = load i6 %WEIGHTS_addr_1" [RNI_hls/apc/src/RNI_v3.c:49]   --->   Operation 52 'load' 'WEIGHTS_load_1' <Predicate = (!cmp12_read & NEURONS_STATE_load)> <Delay = 2.32> <CoreInst = "ROM">   --->   Core 95 'ROM' <Latency = 1> <II = 1> <Delay = 2.32> <Storage> <Opcode : 'load'> <Ports = 0> <Width = 8> <Depth = 56> <ROM>
ST_5 : Operation 53 [2/2] (2.32ns)   --->   "%NEURONS_MEM_load_1 = load i4 %NEURONS_MEM_addr" [RNI_hls/apc/src/RNI_v3.c:49]   --->   Operation 53 'load' 'NEURONS_MEM_load_1' <Predicate = (!cmp12_read & NEURONS_STATE_load)> <Delay = 2.32> <CoreInst = "RAM">   --->   Core 82 'RAM' <Latency = 1> <II = 1> <Delay = 2.32> <Storage> <Opcode : 'load' 'store'> <Ports = 2> <Width = 32> <Depth = 14> <RAM>
ST_5 : Operation 54 [1/2] (6.91ns)   --->   "%mul_ln39 = mul i32 %sext_ln39, i32 %gmem_addr_read" [RNI_hls/apc/src/RNI_v3.c:39]   --->   Operation 54 'mul' 'mul_ln39' <Predicate = (cmp12_read)> <Delay = 6.91> <CoreInst = "Multiplier">   --->   Core 3 'Multiplier' <Latency = 1> <II = 1> <Delay = 6.91> <FuncUnit> <Opcode : 'mul'> <InPorts = 2> <OutPorts = 1>
ST_5 : Operation 55 [2/2] (2.32ns)   --->   "%NEURONS_MEM_load = load i4 %NEURONS_MEM_addr" [RNI_hls/apc/src/RNI_v3.c:39]   --->   Operation 55 'load' 'NEURONS_MEM_load' <Predicate = (cmp12_read)> <Delay = 2.32> <CoreInst = "RAM">   --->   Core 82 'RAM' <Latency = 1> <II = 1> <Delay = 2.32> <Storage> <Opcode : 'load' 'store'> <Ports = 2> <Width = 32> <Depth = 14> <RAM>

State 6 <SV = 5> <Delay = 7.19>
ST_6 : Operation 56 [1/2] (2.32ns)   --->   "%WEIGHTS_load_1 = load i6 %WEIGHTS_addr_1" [RNI_hls/apc/src/RNI_v3.c:49]   --->   Operation 56 'load' 'WEIGHTS_load_1' <Predicate = (!cmp12_read & NEURONS_STATE_load)> <Delay = 2.32> <CoreInst = "ROM">   --->   Core 95 'ROM' <Latency = 1> <II = 1> <Delay = 2.32> <Storage> <Opcode : 'load'> <Ports = 0> <Width = 8> <Depth = 56> <ROM>
ST_6 : Operation 57 [1/1] (0.00ns)   --->   "%sext_ln49 = sext i8 %WEIGHTS_load_1" [RNI_hls/apc/src/RNI_v3.c:49]   --->   Operation 57 'sext' 'sext_ln49' <Predicate = (!cmp12_read & NEURONS_STATE_load)> <Delay = 0.00>
ST_6 : Operation 58 [1/2] (2.32ns)   --->   "%NEURONS_MEM_load_1 = load i4 %NEURONS_MEM_addr" [RNI_hls/apc/src/RNI_v3.c:49]   --->   Operation 58 'load' 'NEURONS_MEM_load_1' <Predicate = (!cmp12_read & NEURONS_STATE_load)> <Delay = 2.32> <CoreInst = "RAM">   --->   Core 82 'RAM' <Latency = 1> <II = 1> <Delay = 2.32> <Storage> <Opcode : 'load' 'store'> <Ports = 2> <Width = 32> <Depth = 14> <RAM>
ST_6 : Operation 59 [1/1] (2.55ns)   --->   "%add_ln49 = add i32 %NEURONS_MEM_load_1, i32 %sext_ln49" [RNI_hls/apc/src/RNI_v3.c:49]   --->   Operation 59 'add' 'add_ln49' <Predicate = (!cmp12_read & NEURONS_STATE_load)> <Delay = 2.55> <CoreInst = "Adder">   --->   Core 1 'Adder' <Latency = 0> <II = 1> <Delay = 2.55> <FuncUnit> <Opcode : 'add' 'sub'> <InPorts = 2> <OutPorts = 1>
ST_6 : Operation 60 [1/1] (2.32ns)   --->   "%store_ln49 = store i32 %add_ln49, i4 %NEURONS_MEM_addr" [RNI_hls/apc/src/RNI_v3.c:49]   --->   Operation 60 'store' 'store_ln49' <Predicate = (!cmp12_read & NEURONS_STATE_load)> <Delay = 2.32> <CoreInst = "RAM">   --->   Core 82 'RAM' <Latency = 1> <II = 1> <Delay = 2.32> <Storage> <Opcode : 'load' 'store'> <Ports = 2> <Width = 32> <Depth = 14> <RAM>
ST_6 : Operation 61 [1/1] (0.00ns)   --->   "%br_ln50 = br void %if.end" [RNI_hls/apc/src/RNI_v3.c:50]   --->   Operation 61 'br' 'br_ln50' <Predicate = (!cmp12_read & NEURONS_STATE_load)> <Delay = 0.00>
ST_6 : Operation 62 [1/2] (2.32ns)   --->   "%NEURONS_MEM_load = load i4 %NEURONS_MEM_addr" [RNI_hls/apc/src/RNI_v3.c:39]   --->   Operation 62 'load' 'NEURONS_MEM_load' <Predicate = (cmp12_read)> <Delay = 2.32> <CoreInst = "RAM">   --->   Core 82 'RAM' <Latency = 1> <II = 1> <Delay = 2.32> <Storage> <Opcode : 'load' 'store'> <Ports = 2> <Width = 32> <Depth = 14> <RAM>
ST_6 : Operation 63 [1/1] (2.55ns)   --->   "%add_ln39 = add i32 %NEURONS_MEM_load, i32 %mul_ln39" [RNI_hls/apc/src/RNI_v3.c:39]   --->   Operation 63 'add' 'add_ln39' <Predicate = (cmp12_read)> <Delay = 2.55> <CoreInst = "Adder">   --->   Core 1 'Adder' <Latency = 0> <II = 1> <Delay = 2.55> <FuncUnit> <Opcode : 'add' 'sub'> <InPorts = 2> <OutPorts = 1>
ST_6 : Operation 64 [1/1] (2.32ns)   --->   "%store_ln39 = store i32 %add_ln39, i4 %NEURONS_MEM_addr" [RNI_hls/apc/src/RNI_v3.c:39]   --->   Operation 64 'store' 'store_ln39' <Predicate = (cmp12_read)> <Delay = 2.32> <CoreInst = "RAM">   --->   Core 82 'RAM' <Latency = 1> <II = 1> <Delay = 2.32> <Storage> <Opcode : 'load' 'store'> <Ports = 2> <Width = 32> <Depth = 14> <RAM>
ST_6 : Operation 65 [1/1] (0.00ns)   --->   "%br_ln40 = br void %for.inc" [RNI_hls/apc/src/RNI_v3.c:40]   --->   Operation 65 'br' 'br_ln40' <Predicate = (cmp12_read)> <Delay = 0.00>


============================================================
+ Verbose Summary: Timing violations
============================================================
Target clock period: 10.000ns, clock uncertainty: 2.700ns.

 <State 1>: 1.588ns
The critical path consists of the following:
	'alloca' operation ('k') [12]  (0.000 ns)
	'store' operation ('store_ln0') of variable 'sext_ln31_cast' on local variable 'k' [25]  (1.588 ns)

 <State 2>: 5.051ns
The critical path consists of the following:
	'add' operation ('add_ln47', RNI_hls/apc/src/RNI_v3.c:47) [40]  (1.735 ns)
	'add' operation ('add_ln47_1', RNI_hls/apc/src/RNI_v3.c:47) [41]  (0.000 ns)
	'sub' operation ('sub_ln47', RNI_hls/apc/src/RNI_v3.c:47) [42]  (3.316 ns)

 <State 3>: 7.300ns
The critical path consists of the following:
	'getelementptr' operation ('gmem_addr', RNI_hls/apc/src/RNI_v3.c:31) [31]  (0.000 ns)
	bus read operation ('gmem_addr_read', RNI_hls/apc/src/RNI_v3.c:39) on port 'gmem' (RNI_hls/apc/src/RNI_v3.c:39) [61]  (7.300 ns)

 <State 4>: 6.912ns
The critical path consists of the following:
	'mul' operation ('mul_ln39', RNI_hls/apc/src/RNI_v3.c:39) [62]  (6.912 ns)

 <State 5>: 6.912ns
The critical path consists of the following:
	'mul' operation ('mul_ln39', RNI_hls/apc/src/RNI_v3.c:39) [62]  (6.912 ns)

 <State 6>: 7.196ns
The critical path consists of the following:
	'load' operation ('WEIGHTS_load_1', RNI_hls/apc/src/RNI_v3.c:49) on array 'WEIGHTS' [49]  (2.322 ns)
	'add' operation ('add_ln49', RNI_hls/apc/src/RNI_v3.c:49) [52]  (2.552 ns)
	'store' operation ('store_ln49', RNI_hls/apc/src/RNI_v3.c:49) of variable 'add_ln49', RNI_hls/apc/src/RNI_v3.c:49 on array 'NEURONS_MEM' [53]  (2.322 ns)


============================================================
+ Verbose Summary: Binding
============================================================
N/A
* FSMD analyzer results:
  - Output states:
 - Input state : 
  - Chain level:
	State 1
	State 2
	State 3
	State 4
	State 5
	State 6


============================================================
+ Verbose Summary: Datapath Resource usage 
============================================================
N/A
