================================================================
== Design Size Report
================================================================

* Instructions per Function for each Compilation Phase
+-----------------+----------------------+--------------+---------------+----------------------+---------------+
| Function        | Location             | Compile/Link | Unroll/Inline | Performance/Pipeline | Optimizations |
+-----------------+----------------------+--------------+---------------+----------------------+---------------+
| + color_convert | color_convert.cpp:7  | 5,250        | 657           | 310                  | 332           |
|    channels     | color_convert.hpp:20 |   178        |  16           |                      |               |
+-----------------+----------------------+--------------+---------------+----------------------+---------------+

* Description of Compilation Phases
+----------------------+------------------------------------------------------------+
| Compilation Phase    | Description                                                |
+----------------------+------------------------------------------------------------+
| Compile/Link         | All functions are compiled and linked into a single design |
| Unroll/Inline        | After user unroll and inline pragmas are applied           |
| Performance/Pipeline | After performance and pipeline pragmas are applied         |
| Optimizations        | After high level synthesis optimizations                   |
+----------------------+------------------------------------------------------------+

* Design Size Message Settings
+---------------------------------------------+--------+------------------------------------------------------------------+
| Message Setting                             | Value  | Description                                                      |
+---------------------------------------------+--------+------------------------------------------------------------------+
| config_compile -design_size_maximum_warning | 100000 | Show a warning when total design instructions exceeds this value |
+---------------------------------------------+--------+------------------------------------------------------------------+


