================================================================
== Design Size Report
================================================================

* Instructions per Function for each Compilation Phase
+-----------------+--------------+-----------------+---------------+----------------------+---------------+
| Function        | Location     | Compile/Link    | Unroll/Inline | Performance/Pipeline | Optimizations |
+-----------------+--------------+-----------------+---------------+----------------------+---------------+
| + RNI           | RNI_2.cpp:12 | 4,944           | 435           | 182                  | 215           |
|    input_layer  | RNI_2.cpp:54 |   682           |  69           |                      |               |
|    inner_layer  | RNI_2.cpp:72 | 1,948 (2 calls) | 140 (2 calls) |                      |               |
|    output_layer | RNI_2.cpp:98 | 1,213           |  84           |                      |               |
+-----------------+--------------+-----------------+---------------+----------------------+---------------+

* Description of Compilation Phases
+----------------------+------------------------------------------------------------+
| Compilation Phase    | Description                                                |
+----------------------+------------------------------------------------------------+
| Compile/Link         | All functions are compiled and linked into a single design |
| Unroll/Inline        | After user unroll and inline pragmas are applied           |
| Performance/Pipeline | After performance and pipeline pragmas are applied         |
| Optimizations        | After high level synthesis optimizations                   |
+----------------------+------------------------------------------------------------+

* Design Size Message Settings
+---------------------------------------------+--------+------------------------------------------------------------------+
| Message Setting                             | Value  | Description                                                      |
+---------------------------------------------+--------+------------------------------------------------------------------+
| config_compile -design_size_maximum_warning | 100000 | Show a warning when total design instructions exceeds this value |
+---------------------------------------------+--------+------------------------------------------------------------------+


