

================================================================
== Vitis HLS Report for 'inner_layer'
================================================================
* Date:           Mon Mar 18 18:56:09 2024

* Version:        2023.1.1 (Build 3869133 on Jun 15 2023)
* Project:        B_RNI_HLS
* Solution:       RNI (Vivado IP Flow Target)
* Product family: zynq
* Target device:  xc7z020-clg400-1


================================================================
== Performance Estimates
================================================================
+ Timing: 
    * Summary: 
    +--------+----------+----------+------------+
    |  Clock |  Target  | Estimated| Uncertainty|
    +--------+----------+----------+------------+
    |ap_clk  |  10.00 ns|  6.559 ns|     2.70 ns|
    +--------+----------+----------+------------+

+ Latency: 
    * Summary: 
    +---------+---------+-----------+----------+-----+--------+---------+
    |  Latency (cycles) |  Latency (absolute)  |   Interval   | Pipeline|
    |   min   |   max   |    min    |    max   | min |   max  |   Type  |
    +---------+---------+-----------+----------+-----+--------+---------+
    |        6|   132351|  60.000 ns|  1.324 ms|    6|  132351|       no|
    +---------+---------+-----------+----------+-----+--------+---------+

    + Detail: 
        * Instance: 
        +----------------------------------------------------------+-----------------------------------------------+---------+---------+-----------+----------+-----+-----+---------+
        |                                                          |                                               |  Latency (cycles) |  Latency (absolute)  |  Interval | Pipeline|
        |                         Instance                         |                     Module                    |   min   |   max   |    min    |    max   | min | max |   Type  |
        +----------------------------------------------------------+-----------------------------------------------+---------+---------+-----------+----------+-----+-----+---------+
        |grp_inner_layer_Pipeline_INNER_LAYER_WEIGHTS_LOOP_fu_137  |inner_layer_Pipeline_INNER_LAYER_WEIGHTS_LOOP  |        2|      512|  20.000 ns|  5.120 us|    2|  512|       no|
        |grp_inner_layer_Pipeline_NEURONS_STATE_RESET_LOOP_fu_150  |inner_layer_Pipeline_NEURONS_STATE_RESET_LOOP  |        2|      257|  20.000 ns|  2.570 us|    2|  257|       no|
        +----------------------------------------------------------+-----------------------------------------------+---------+---------+-----------+----------+-----+-----+---------+

        * Loop: 
        +----------------------------+---------+---------+----------+-----------+-----------+---------+----------+
        |                            |  Latency (cycles) | Iteration|  Initiation Interval  |   Trip  |          |
        |          Loop Name         |   min   |   max   |  Latency |  achieved |   target  |  Count  | Pipelined|
        +----------------------------+---------+---------+----------+-----------+-----------+---------+----------+
        |- INNER_LAYER_NEURONS_LOOP  |        0|   132090|   5 ~ 518|          -|          -|  0 ~ 255|        no|
        +----------------------------+---------+---------+----------+-----------+-----------+---------+----------+



================================================================
== Utilization Estimates
================================================================
* Summary: 
+-----------------+---------+-----+--------+-------+-----+
|       Name      | BRAM_18K| DSP |   FF   |  LUT  | URAM|
+-----------------+---------+-----+--------+-------+-----+
|DSP              |        -|    -|       -|      -|    -|
|Expression       |        -|    -|       0|    204|    -|
|FIFO             |        -|    -|       -|      -|    -|
|Instance         |        1|    -|     164|    280|    -|
|Memory           |        0|    -|      28|      6|    -|
|Multiplexer      |        -|    -|       -|    186|    -|
|Register         |        -|    -|     124|      -|    -|
+-----------------+---------+-----+--------+-------+-----+
|Total            |        1|    0|     316|    676|    0|
+-----------------+---------+-----+--------+-------+-----+
|Available        |      280|  220|  106400|  53200|    0|
+-----------------+---------+-----+--------+-------+-----+
|Utilization (%)  |       ~0|    0|      ~0|      1|    0|
+-----------------+---------+-----+--------+-------+-----+

+ Detail: 
    * Instance: 
    +----------------------------------------------------------+-----------------------------------------------+---------+----+-----+-----+-----+
    |                         Instance                         |                     Module                    | BRAM_18K| DSP|  FF | LUT | URAM|
    +----------------------------------------------------------+-----------------------------------------------+---------+----+-----+-----+-----+
    |grp_inner_layer_Pipeline_INNER_LAYER_WEIGHTS_LOOP_fu_137  |inner_layer_Pipeline_INNER_LAYER_WEIGHTS_LOOP  |        1|   0|  154|  209|    0|
    |grp_inner_layer_Pipeline_NEURONS_STATE_RESET_LOOP_fu_150  |inner_layer_Pipeline_NEURONS_STATE_RESET_LOOP  |        0|   0|   10|   71|    0|
    +----------------------------------------------------------+-----------------------------------------------+---------+----+-----+-----+-----+
    |Total                                                     |                                               |        1|   0|  164|  280|    0|
    +----------------------------------------------------------+-----------------------------------------------+---------+----+-----+-----+-----+

    * DSP: 
    N/A

    * Memory: 
    +-----------------+---------------------------------------+---------+----+----+-----+------+-----+------+-------------+
    |      Memory     |                 Module                | BRAM_18K| FF | LUT| URAM| Words| Bits| Banks| W*Bits*Banks|
    +-----------------+---------------------------------------+---------+----+----+-----+------+-----+------+-------------+
    |NEURONS_INDEX_U  |inner_layer_NEURONS_INDEX_ROM_AUTO_1R  |        0|  12|   1|    0|     4|    6|     1|           24|
    |WEIGHTS_INDEX_U  |inner_layer_WEIGHTS_INDEX_ROM_AUTO_1R  |        0|  16|   5|    0|    40|    8|     1|          320|
    +-----------------+---------------------------------------+---------+----+----+-----+------+-----+------+-------------+
    |Total            |                                       |        0|  28|   6|    0|    44|   14|     2|          344|
    +-----------------+---------------------------------------+---------+----+----+-----+------+-----+------+-------------+

    * FIFO: 
    N/A

    * Expression: 
    +---------------------------------+----------+----+---+----+------------+------------+
    |          Variable Name          | Operation| DSP| FF| LUT| Bitwidth P0| Bitwidth P1|
    +---------------------------------+----------+----+---+----+------------+------------+
    |add_ln67_fu_237_p2               |         +|   0|  0|  71|          64|           1|
    |add_ln69_fu_205_p2               |         +|   0|  0|  14|           6|           2|
    |sub_i135_fu_222_p2               |         -|   0|  0|  14|           6|           6|
    |ap_block_state6_on_subcall_done  |       and|   0|  0|   2|           1|           1|
    |icmp_ln67_fu_200_p2              |      icmp|   0|  0|  71|          64|          64|
    |icmp_ln69_fu_216_p2              |      icmp|   0|  0|  15|           8|           8|
    |icmp_ln77_fu_231_p2              |      icmp|   0|  0|  15|           8|           5|
    |xor_ln67_fu_163_p2               |       xor|   0|  0|   2|           1|           2|
    +---------------------------------+----------+----+---+----+------------+------------+
    |Total                            |          |   0|  0| 204|         158|          89|
    +---------------------------------+----------+----+---+----+------------+------------+

    * Multiplexer: 
    +---------------------------+----+-----------+-----+-----------+
    |            Name           | LUT| Input Size| Bits| Total Bits|
    +---------------------------+----+-----------+-----+-----------+
    |NEURONS_MEMBRANE_address0  |  14|          3|    6|         18|
    |NEURONS_MEMBRANE_ce0       |  14|          3|    1|          3|
    |NEURONS_MEMBRANE_d0        |  14|          3|    8|         24|
    |NEURONS_MEMBRANE_we0       |  14|          3|    1|          3|
    |NEURONS_STATE_address0     |  20|          4|    6|         24|
    |NEURONS_STATE_ce0          |  14|          3|    1|          3|
    |NEURONS_STATE_d0           |  14|          3|    1|          3|
    |NEURONS_STATE_we0          |  14|          3|    1|          3|
    |ap_NS_fsm                  |  59|         11|    1|         11|
    |neuron_index_1_fu_42       |   9|          2|   64|        128|
    +---------------------------+----+-----------+-----+-----------+
    |Total                      | 186|         38|   90|        220|
    +---------------------------+----+-----------+-----+-----------+

    * Register: 
    +-----------------------------------------------------------------------+----+----+-----+-----------+
    |                                  Name                                 | FF | LUT| Bits| Const Bits|
    +-----------------------------------------------------------------------+----+----+-----+-----------+
    |NEURONS_INDEX_load_reg_271                                             |   6|   0|    6|          0|
    |NEURONS_MEMBRANE_addr_reg_313                                          |   6|   0|    6|          0|
    |NEURONS_STATE_load_reg_327                                             |   1|   0|    1|          0|
    |WEIGHTS_INDEX_load_reg_308                                             |   8|   0|    8|          0|
    |ap_CS_fsm                                                              |  10|   0|   10|          0|
    |grp_inner_layer_Pipeline_INNER_LAYER_WEIGHTS_LOOP_fu_137_ap_start_reg  |   1|   0|    1|          0|
    |grp_inner_layer_Pipeline_NEURONS_STATE_RESET_LOOP_fu_150_ap_start_reg  |   1|   0|    1|          0|
    |icmp_ln69_reg_318                                                      |   1|   0|    1|          0|
    |neuron_index_1_fu_42                                                   |  64|   0|   64|          0|
    |neuron_index_reg_264                                                   |   6|   0|    6|          0|
    |trunc_ln67_1_reg_284                                                   |   6|   0|    6|          0|
    |weights_index_reg_303                                                  |   8|   0|    8|          0|
    |zext_ln67_1_reg_276                                                    |   6|   0|   64|         58|
    +-----------------------------------------------------------------------+----+----+-----+-----------+
    |Total                                                                  | 124|   0|  182|         58|
    +-----------------------------------------------------------------------+----+----+-----+-----------+



================================================================
== Interface
================================================================
* Summary: 
+---------------------------+-----+-----+------------+------------------+--------------+
|         RTL Ports         | Dir | Bits|  Protocol  |   Source Object  |    C Type    |
+---------------------------+-----+-----+------------+------------------+--------------+
|ap_clk                     |   in|    1|  ap_ctrl_hs|       inner_layer|  return value|
|ap_rst                     |   in|    1|  ap_ctrl_hs|       inner_layer|  return value|
|ap_start                   |   in|    1|  ap_ctrl_hs|       inner_layer|  return value|
|ap_done                    |  out|    1|  ap_ctrl_hs|       inner_layer|  return value|
|ap_idle                    |  out|    1|  ap_ctrl_hs|       inner_layer|  return value|
|ap_ready                   |  out|    1|  ap_ctrl_hs|       inner_layer|  return value|
|layer_index_val            |   in|    2|     ap_none|   layer_index_val|        scalar|
|NEURONS_STATE_address0     |  out|    6|   ap_memory|     NEURONS_STATE|         array|
|NEURONS_STATE_ce0          |  out|    1|   ap_memory|     NEURONS_STATE|         array|
|NEURONS_STATE_we0          |  out|    1|   ap_memory|     NEURONS_STATE|         array|
|NEURONS_STATE_d0           |  out|    1|   ap_memory|     NEURONS_STATE|         array|
|NEURONS_STATE_q0           |   in|    1|   ap_memory|     NEURONS_STATE|         array|
|NEURONS_MEMBRANE_address0  |  out|    6|   ap_memory|  NEURONS_MEMBRANE|         array|
|NEURONS_MEMBRANE_ce0       |  out|    1|   ap_memory|  NEURONS_MEMBRANE|         array|
|NEURONS_MEMBRANE_we0       |  out|    1|   ap_memory|  NEURONS_MEMBRANE|         array|
|NEURONS_MEMBRANE_d0        |  out|    8|   ap_memory|  NEURONS_MEMBRANE|         array|
|NEURONS_MEMBRANE_q0        |   in|    8|   ap_memory|  NEURONS_MEMBRANE|         array|
+---------------------------+-----+-----+------------+------------------+--------------+

