

================================================================
== Vitis HLS Report for 'RNI_Pipeline_OUTPUT_LAYER_WEIGHTS_LOOP'
================================================================
* Date:           Mon Mar 18 18:56:09 2024

* Version:        2023.1.1 (Build 3869133 on Jun 15 2023)
* Project:        B_RNI_HLS
* Solution:       RNI (Vivado IP Flow Target)
* Product family: zynq
* Target device:  xc7z020-clg400-1


================================================================
== Performance Estimates
================================================================
+ Timing: 
    * Summary: 
    +--------+----------+----------+------------+
    |  Clock |  Target  | Estimated| Uncertainty|
    +--------+----------+----------+------------+
    |ap_clk  |  10.00 ns|  6.559 ns|     2.70 ns|
    +--------+----------+----------+------------+

+ Latency: 
    * Summary: 
    +---------+---------+-----------+----------+-----+-----+---------+
    |  Latency (cycles) |  Latency (absolute)  |  Interval | Pipeline|
    |   min   |   max   |    min    |    max   | min | max |   Type  |
    +---------+---------+-----------+----------+-----+-----+---------+
    |        2|      512|  20.000 ns|  5.120 us|    2|  512|       no|
    +---------+---------+-----------+----------+-----+-----+---------+

    + Detail: 
        * Instance: 
        N/A

        * Loop: 
        +-----------------------------+---------+---------+----------+-----------+-----------+---------+----------+
        |                             |  Latency (cycles) | Iteration|  Initiation Interval  |   Trip  |          |
        |          Loop Name          |   min   |   max   |  Latency |  achieved |   target  |  Count  | Pipelined|
        +-----------------------------+---------+---------+----------+-----------+-----------+---------+----------+
        |- OUTPUT_LAYER_WEIGHTS_LOOP  |        0|      510|         3|          2|          1|  0 ~ 255|       yes|
        +-----------------------------+---------+---------+----------+-----------+-----------+---------+----------+



================================================================
== Utilization Estimates
================================================================
* Summary: 
+-----------------+---------+-----+--------+-------+-----+
|       Name      | BRAM_18K| DSP |   FF   |  LUT  | URAM|
+-----------------+---------+-----+--------+-------+-----+
|DSP              |        -|    -|       -|      -|    -|
|Expression       |        -|    -|       0|    159|    -|
|FIFO             |        -|    -|       -|      -|    -|
|Instance         |        -|    -|       -|      -|    -|
|Memory           |        -|    -|       -|      -|    -|
|Multiplexer      |        -|    -|       -|     50|    -|
|Register         |        -|    -|     154|      -|    -|
+-----------------+---------+-----+--------+-------+-----+
|Total            |        0|    0|     154|    209|    0|
+-----------------+---------+-----+--------+-------+-----+
|Available        |      280|  220|  106400|  53200|    0|
+-----------------+---------+-----+--------+-------+-----+
|Utilization (%)  |        0|    0|      ~0|     ~0|    0|
+-----------------+---------+-----+--------+-------+-----+

+ Detail: 
    * Instance: 
    N/A

    * DSP: 
    N/A

    * Memory: 
    N/A

    * FIFO: 
    N/A

    * Expression: 
    +---------------------+----------+----+---+----+------------+------------+
    |    Variable Name    | Operation| DSP| FF| LUT| Bitwidth P0| Bitwidth P1|
    +---------------------+----------+----+---+----+------------+------------+
    |NEURONS_MEMBRANE_d0  |         +|   0|  0|  15|           8|           8|
    |add_ln93_fu_121_p2   |         +|   0|  0|  71|          64|           1|
    |icmp_ln93_fu_116_p2  |      icmp|   0|  0|  71|          64|          64|
    |ap_enable_pp0        |       xor|   0|  0|   2|           1|           2|
    +---------------------+----------+----+---+----+------------+------------+
    |Total                |          |   0|  0| 159|         137|          75|
    +---------------------+----------+----+---+----+------------+------------+

    * Multiplexer: 
    +-------------------------+----+-----------+-----+-----------+
    |           Name          | LUT| Input Size| Bits| Total Bits|
    +-------------------------+----+-----------+-----+-----------+
    |ap_NS_fsm                |  14|          3|    1|          3|
    |ap_done_int              |   9|          2|    1|          2|
    |ap_enable_reg_pp0_iter0  |   9|          2|    1|          2|
    |ap_enable_reg_pp0_iter1  |   9|          2|    1|          2|
    |weights_index_fu_42      |   9|          2|   64|        128|
    +-------------------------+----+-----------+-----+-----------+
    |Total                    |  50|         11|   68|        137|
    +-------------------------+----+-----------+-----+-----------+

    * Register: 
    +-------------------------------+----+----+-----+-----------+
    |              Name             | FF | LUT| Bits| Const Bits|
    +-------------------------------+----+----+-----+-----------+
    |NEURONS_MEMBRANE_addr_reg_159  |   6|   0|    6|          0|
    |WEIGHTS_load_reg_173           |   8|   0|    8|          0|
    |ap_CS_fsm                      |   2|   0|    2|          0|
    |ap_done_reg                    |   1|   0|    1|          0|
    |ap_enable_reg_pp0_iter0_reg    |   1|   0|    1|          0|
    |ap_enable_reg_pp0_iter1        |   1|   0|    1|          0|
    |icmp_ln93_reg_164              |   1|   0|    1|          0|
    |sext_ln93_1_cast_reg_149       |  64|   0|   64|          0|
    |weights_index_fu_42            |  64|   0|   64|          0|
    |zext_ln91_cast_reg_154         |   6|   0|   64|         58|
    +-------------------------------+----+----+-----+-----------+
    |Total                          | 154|   0|  212|         58|
    +-------------------------------+----+----+-----+-----------+



================================================================
== Interface
================================================================
* Summary: 
+---------------------------+-----+-----+------------+----------------------------------------+--------------+
|         RTL Ports         | Dir | Bits|  Protocol  |              Source Object             |    C Type    |
+---------------------------+-----+-----+------------+----------------------------------------+--------------+
|ap_clk                     |   in|    1|  ap_ctrl_hs|  RNI_Pipeline_OUTPUT_LAYER_WEIGHTS_LOOP|  return value|
|ap_rst                     |   in|    1|  ap_ctrl_hs|  RNI_Pipeline_OUTPUT_LAYER_WEIGHTS_LOOP|  return value|
|ap_start                   |   in|    1|  ap_ctrl_hs|  RNI_Pipeline_OUTPUT_LAYER_WEIGHTS_LOOP|  return value|
|ap_done                    |  out|    1|  ap_ctrl_hs|  RNI_Pipeline_OUTPUT_LAYER_WEIGHTS_LOOP|  return value|
|ap_idle                    |  out|    1|  ap_ctrl_hs|  RNI_Pipeline_OUTPUT_LAYER_WEIGHTS_LOOP|  return value|
|ap_ready                   |  out|    1|  ap_ctrl_hs|  RNI_Pipeline_OUTPUT_LAYER_WEIGHTS_LOOP|  return value|
|sext_ln93                  |   in|    8|     ap_none|                               sext_ln93|        scalar|
|zext_ln91                  |   in|    6|     ap_none|                               zext_ln91|        scalar|
|sext_ln93_1                |   in|    8|     ap_none|                             sext_ln93_1|        scalar|
|neuron_state               |   in|    1|     ap_none|                            neuron_state|        scalar|
|WEIGHTS_address0           |  out|    8|   ap_memory|                                 WEIGHTS|         array|
|WEIGHTS_ce0                |  out|    1|   ap_memory|                                 WEIGHTS|         array|
|WEIGHTS_q0                 |   in|    8|   ap_memory|                                 WEIGHTS|         array|
|NEURONS_MEMBRANE_address0  |  out|    6|   ap_memory|                        NEURONS_MEMBRANE|         array|
|NEURONS_MEMBRANE_ce0       |  out|    1|   ap_memory|                        NEURONS_MEMBRANE|         array|
|NEURONS_MEMBRANE_we0       |  out|    1|   ap_memory|                        NEURONS_MEMBRANE|         array|
|NEURONS_MEMBRANE_d0        |  out|    8|   ap_memory|                        NEURONS_MEMBRANE|         array|
|NEURONS_MEMBRANE_q0        |   in|    8|   ap_memory|                        NEURONS_MEMBRANE|         array|
+---------------------------+-----+-----+------------+----------------------------------------+--------------+

