

================================================================
== Vitis HLS Report for 'RNI_Pipeline_NEURONS_LOOP1'
================================================================
* Date:           Mon Mar 18 20:43:20 2024

* Version:        2023.1.1 (Build 3869133 on Jun 15 2023)
* Project:        B_RNI_HLS
* Solution:       RNI (Vivado IP Flow Target)
* Product family: zynq
* Target device:  xc7z020-clg400-1


================================================================
== Performance Estimates
================================================================
+ Timing: 
    * Summary: 
    +--------+----------+----------+------------+
    |  Clock |  Target  | Estimated| Uncertainty|
    +--------+----------+----------+------------+
    |ap_clk  |  10.00 ns|  6.559 ns|     2.70 ns|
    +--------+----------+----------+------------+

+ Latency: 
    * Summary: 
    +---------+---------+----------+----------+-----+-----+---------+
    |  Latency (cycles) |  Latency (absolute) |  Interval | Pipeline|
    |   min   |   max   |    min   |    max   | min | max |   Type  |
    +---------+---------+----------+----------+-----+-----+---------+
    |       18|       18|  0.180 us|  0.180 us|   18|   18|       no|
    +---------+---------+----------+----------+-----+-----+---------+

    + Detail: 
        * Instance: 
        N/A

        * Loop: 
        +----------------+---------+---------+----------+-----------+-----------+------+----------+
        |                |  Latency (cycles) | Iteration|  Initiation Interval  | Trip |          |
        |    Loop Name   |   min   |   max   |  Latency |  achieved |   target  | Count| Pipelined|
        +----------------+---------+---------+----------+-----------+-----------+------+----------+
        |- NEURONS_LOOP  |       16|       16|         2|          1|          1|    16|       yes|
        +----------------+---------+---------+----------+-----------+-----------+------+----------+



================================================================
== Utilization Estimates
================================================================
* Summary: 
+-----------------+---------+-----+--------+-------+-----+
|       Name      | BRAM_18K| DSP |   FF   |  LUT  | URAM|
+-----------------+---------+-----+--------+-------+-----+
|DSP              |        -|    -|       -|      -|    -|
|Expression       |        -|    -|       0|     45|    -|
|FIFO             |        -|    -|       -|      -|    -|
|Instance         |        -|    -|       -|      -|    -|
|Memory           |        -|    -|       -|      -|    -|
|Multiplexer      |        -|    -|       -|     36|    -|
|Register         |        -|    -|      15|      -|    -|
+-----------------+---------+-----+--------+-------+-----+
|Total            |        0|    0|      15|     81|    0|
+-----------------+---------+-----+--------+-------+-----+
|Available        |      280|  220|  106400|  53200|    0|
+-----------------+---------+-----+--------+-------+-----+
|Utilization (%)  |        0|    0|      ~0|     ~0|    0|
+-----------------+---------+-----+--------+-------+-----+

+ Detail: 
    * Instance: 
    N/A

    * DSP: 
    N/A

    * Memory: 
    N/A

    * FIFO: 
    N/A

    * Expression: 
    +--------------------+----------+----+---+----+------------+------------+
    |    Variable Name   | Operation| DSP| FF| LUT| Bitwidth P0| Bitwidth P1|
    +--------------------+----------+----+---+----+------------+------------+
    |add_ln74_fu_73_p2   |         +|   0|  0|  14|           6|           1|
    |icmp_ln74_fu_62_p2  |      icmp|   0|  0|  14|           6|           6|
    |icmp_ln85_fu_84_p2  |      icmp|   0|  0|  15|           8|           5|
    |ap_enable_pp0       |       xor|   0|  0|   2|           1|           2|
    +--------------------+----------+----+---+----+------------+------------+
    |Total               |          |   0|  0|  45|          21|          14|
    +--------------------+----------+----+---+----+------------+------------+

    * Multiplexer: 
    +---------------------------------+----+-----------+-----+-----------+
    |               Name              | LUT| Input Size| Bits| Total Bits|
    +---------------------------------+----+-----------+-----+-----------+
    |ap_done_int                      |   9|          2|    1|          2|
    |ap_enable_reg_pp0_iter1          |   9|          2|    1|          2|
    |ap_sig_allocacmp_neuron_index_1  |   9|          2|    6|         12|
    |neuron_index_fu_32               |   9|          2|    6|         12|
    +---------------------------------+----+-----------+-----+-----------+
    |Total                            |  36|          8|   14|         28|
    +---------------------------------+----+-----------+-----+-----------+

    * Register: 
    +-------------------------------+---+----+-----+-----------+
    |              Name             | FF| LUT| Bits| Const Bits|
    +-------------------------------+---+----+-----+-----------+
    |NEURONS_MEMBRANE_addr_reg_100  |  6|   0|    6|          0|
    |ap_CS_fsm                      |  1|   0|    1|          0|
    |ap_done_reg                    |  1|   0|    1|          0|
    |ap_enable_reg_pp0_iter1        |  1|   0|    1|          0|
    |neuron_index_fu_32             |  6|   0|    6|          0|
    +-------------------------------+---+----+-----+-----------+
    |Total                          | 15|   0|   15|          0|
    +-------------------------------+---+----+-----+-----------+



================================================================
== Interface
================================================================
* Summary: 
+---------------------------+-----+-----+------------+----------------------------+--------------+
|         RTL Ports         | Dir | Bits|  Protocol  |        Source Object       |    C Type    |
+---------------------------+-----+-----+------------+----------------------------+--------------+
|ap_clk                     |   in|    1|  ap_ctrl_hs|  RNI_Pipeline_NEURONS_LOOP1|  return value|
|ap_rst                     |   in|    1|  ap_ctrl_hs|  RNI_Pipeline_NEURONS_LOOP1|  return value|
|ap_start                   |   in|    1|  ap_ctrl_hs|  RNI_Pipeline_NEURONS_LOOP1|  return value|
|ap_done                    |  out|    1|  ap_ctrl_hs|  RNI_Pipeline_NEURONS_LOOP1|  return value|
|ap_idle                    |  out|    1|  ap_ctrl_hs|  RNI_Pipeline_NEURONS_LOOP1|  return value|
|ap_ready                   |  out|    1|  ap_ctrl_hs|  RNI_Pipeline_NEURONS_LOOP1|  return value|
|NEURONS_MEMBRANE_address0  |  out|    6|   ap_memory|            NEURONS_MEMBRANE|         array|
|NEURONS_MEMBRANE_ce0       |  out|    1|   ap_memory|            NEURONS_MEMBRANE|         array|
|NEURONS_MEMBRANE_we0       |  out|    1|   ap_memory|            NEURONS_MEMBRANE|         array|
|NEURONS_MEMBRANE_d0        |  out|    8|   ap_memory|            NEURONS_MEMBRANE|         array|
|NEURONS_MEMBRANE_address1  |  out|    6|   ap_memory|            NEURONS_MEMBRANE|         array|
|NEURONS_MEMBRANE_ce1       |  out|    1|   ap_memory|            NEURONS_MEMBRANE|         array|
|NEURONS_MEMBRANE_q1        |   in|    8|   ap_memory|            NEURONS_MEMBRANE|         array|
+---------------------------+-----+-----+------------+----------------------------+--------------+

