

================================================================
== Vitis HLS Report for 'RNI_Pipeline_VITIS_LOOP_41_3'
================================================================
* Date:           Mon Mar 18 19:54:09 2024

* Version:        2023.1.1 (Build 3869133 on Jun 15 2023)
* Project:        B_RNI_HLS
* Solution:       RNI (Vivado IP Flow Target)
* Product family: zynq
* Target device:  xc7z020-clg400-1


================================================================
== Performance Estimates
================================================================
+ Timing: 
    * Summary: 
    +--------+----------+----------+------------+
    |  Clock |  Target  | Estimated| Uncertainty|
    +--------+----------+----------+------------+
    |ap_clk  |  10.00 ns|  3.662 ns|     2.70 ns|
    +--------+----------+----------+------------+

+ Latency: 
    * Summary: 
    +---------+---------+-----------+-----------+-----+-----+---------+
    |  Latency (cycles) |   Latency (absolute)  |  Interval | Pipeline|
    |   min   |   max   |    min    |    max    | min | max |   Type  |
    +---------+---------+-----------+-----------+-----+-----+---------+
    |        6|        6|  60.000 ns|  60.000 ns|    6|    6|       no|
    +---------+---------+-----------+-----------+-----+-----+---------+

    + Detail: 
        * Instance: 
        N/A

        * Loop: 
        +-------------------+---------+---------+----------+-----------+-----------+------+----------+
        |                   |  Latency (cycles) | Iteration|  Initiation Interval  | Trip |          |
        |     Loop Name     |   min   |   max   |  Latency |  achieved |   target  | Count| Pipelined|
        +-------------------+---------+---------+----------+-----------+-----------+------+----------+
        |- VITIS_LOOP_41_3  |        4|        4|         1|          1|          1|     4|       yes|
        +-------------------+---------+---------+----------+-----------+-----------+------+----------+



================================================================
== Utilization Estimates
================================================================
* Summary: 
+-----------------+---------+-----+--------+-------+-----+
|       Name      | BRAM_18K| DSP |   FF   |  LUT  | URAM|
+-----------------+---------+-----+--------+-------+-----+
|DSP              |        -|    -|       -|      -|    -|
|Expression       |        -|    -|       0|    127|    -|
|FIFO             |        -|    -|       -|      -|    -|
|Instance         |        -|    -|       0|     20|    -|
|Memory           |        -|    -|       -|      -|    -|
|Multiplexer      |        -|    -|       -|     27|    -|
|Register         |        -|    -|      37|      -|    -|
+-----------------+---------+-----+--------+-------+-----+
|Total            |        0|    0|      37|    174|    0|
+-----------------+---------+-----+--------+-------+-----+
|Available        |      280|  220|  106400|  53200|    0|
+-----------------+---------+-----+--------+-------+-----+
|Utilization (%)  |        0|    0|      ~0|     ~0|    0|
+-----------------+---------+-----+--------+-------+-----+

+ Detail: 
    * Instance: 
    +-------------------+---------------+---------+----+---+----+-----+
    |      Instance     |     Module    | BRAM_18K| DSP| FF| LUT| URAM|
    +-------------------+---------------+---------+----+---+----+-----+
    |mux_4_2_1_1_1_U40  |mux_4_2_1_1_1  |        0|   0|  0|  20|    0|
    +-------------------+---------------+---------+----+---+----+-----+
    |Total              |               |        0|   0|  0|  20|    0|
    +-------------------+---------------+---------+----+---+----+-----+

    * DSP: 
    N/A

    * Memory: 
    N/A

    * FIFO: 
    N/A

    * Expression: 
    +--------------------------------+----------+----+---+----+------------+------------+
    |          Variable Name         | Operation| DSP| FF| LUT| Bitwidth P0| Bitwidth P1|
    +--------------------------------+----------+----+---+----+------------+------------+
    |add_ln41_fu_63_p2               |         +|   0|  0|  11|           3|           1|
    |output_buffer_data_1_fu_120_p2  |       and|   0|  0|  32|          32|          32|
    |icmp_ln41_fu_57_p2              |      icmp|   0|  0|  13|           3|           4|
    |shl_ln42_fu_106_p2              |       shl|   0|  0|  71|          25|          25|
    +--------------------------------+----------+----+---+----+------------+------------+
    |Total                           |          |   0|  0| 127|          63|          62|
    +--------------------------------+----------+----+---+----+------------+------------+

    * Multiplexer: 
    +----------------------+----+-----------+-----+-----------+
    |         Name         | LUT| Input Size| Bits| Total Bits|
    +----------------------+----+-----------+-----+-----------+
    |ap_done_int           |   9|          2|    1|          2|
    |ap_sig_allocacmp_i_1  |   9|          2|    3|          6|
    |i_fu_38               |   9|          2|    3|          6|
    +----------------------+----+-----------+-----+-----------+
    |Total                 |  27|          6|    7|         14|
    +----------------------+----+-----------+-----+-----------+

    * Register: 
    +--------------------------+----+----+-----+-----------+
    |           Name           | FF | LUT| Bits| Const Bits|
    +--------------------------+----+----+-----+-----------+
    |ap_CS_fsm                 |   1|   0|    1|          0|
    |ap_done_reg               |   1|   0|    1|          0|
    |i_fu_38                   |   3|   0|    3|          0|
    |output_buffer_data_fu_34  |  32|   0|   32|          0|
    +--------------------------+----+----+-----+-----------+
    |Total                     |  37|   0|   37|          0|
    +--------------------------+----+----+-----+-----------+



================================================================
== Interface
================================================================
* Summary: 
+-------------------------------+-----+-----+------------+------------------------------+--------------+
|           RTL Ports           | Dir | Bits|  Protocol  |         Source Object        |    C Type    |
+-------------------------------+-----+-----+------------+------------------------------+--------------+
|ap_clk                         |   in|    1|  ap_ctrl_hs|  RNI_Pipeline_VITIS_LOOP_41_3|  return value|
|ap_rst                         |   in|    1|  ap_ctrl_hs|  RNI_Pipeline_VITIS_LOOP_41_3|  return value|
|ap_start                       |   in|    1|  ap_ctrl_hs|  RNI_Pipeline_VITIS_LOOP_41_3|  return value|
|ap_done                        |  out|    1|  ap_ctrl_hs|  RNI_Pipeline_VITIS_LOOP_41_3|  return value|
|ap_idle                        |  out|    1|  ap_ctrl_hs|  RNI_Pipeline_VITIS_LOOP_41_3|  return value|
|ap_ready                       |  out|    1|  ap_ctrl_hs|  RNI_Pipeline_VITIS_LOOP_41_3|  return value|
|output_buffer_data_out         |  out|   32|      ap_vld|        output_buffer_data_out|       pointer|
|output_buffer_data_out_ap_vld  |  out|    1|      ap_vld|        output_buffer_data_out|       pointer|
+-------------------------------+-----+-----+------------+------------------------------+--------------+

