

================================================================
== Vitis HLS Report for 'pixel_pack_Pipeline_VITIS_LOOP_101_9'
================================================================
* Date:           Fri Sep  6 14:45:49 2024

* Version:        2023.1.1 (Build 3869133 on Jun 15 2023)
* Project:        pixel_pack
* Solution:       solution1 (Vivado IP Flow Target)
* Product family: zynq
* Target device:  xc7z020-clg400-1


================================================================
== Performance Estimates
================================================================
+ Timing: 
    * Summary: 
    +--------+---------+----------+------------+
    |  Clock |  Target | Estimated| Uncertainty|
    +--------+---------+----------+------------+
    |ap_clk  |  7.00 ns|  1.915 ns|     1.89 ns|
    +--------+---------+----------+------------+

+ Latency: 
    * Summary: 
    +---------+---------+----------+----------+-----+-----+---------+
    |  Latency (cycles) |  Latency (absolute) |  Interval | Pipeline|
    |   min   |   max   |    min   |    max   | min | max |   Type  |
    +---------+---------+----------+----------+-----+-----+---------+
    |        ?|        ?|         ?|         ?|    ?|    ?|       no|
    +---------+---------+----------+----------+-----+-----+---------+

    + Detail: 
        * Instance: 
        N/A

        * Loop: 
        +--------------------+---------+---------+----------+-----------+-----------+------+----------+
        |                    |  Latency (cycles) | Iteration|  Initiation Interval  | Trip |          |
        |      Loop Name     |   min   |   max   |  Latency |  achieved |   target  | Count| Pipelined|
        +--------------------+---------+---------+----------+-----------+-----------+------+----------+
        |- VITIS_LOOP_101_9  |        ?|        ?|         2|          2|          2|     ?|       yes|
        +--------------------+---------+---------+----------+-----------+-----------+------+----------+

============================================================
+ Verbose Summary: Synthesis Manager
============================================================
InlineROM: 1
ExposeGlobal: 0
============================================================
+ Verbose Summary: CDFG Model
============================================================
IsTopModel: 0
ResetActiveHigh: 1
IsCombinational: 0
IsDatapathOnly: 0
HasWiredReturn: 1
HasMFsm: 2
HasVarLatency: 1
IsPipeline: 0
IsRtlPipelined: 0
IsInstanceOverlapped: 0
IsDontTouch: 0
HasImplIP: 0
IsGatedGlobalClock: 0

+ Individual pipeline summary: 
  * Pipeline-0: initiation interval (II) = 2, depth = 2


============================================================
+ Verbose Summary: Schedule
============================================================
* Number of FSM states : 2
* Pipeline : 1
  Pipeline-0 : II = 2, D = 2, States = { 1 2 }
* Dataflow Pipeline: 0

* FSM state transitions: 
1 --> 2 
2 --> 

* FSM state operations: 

State 1 <SV = 0> <Delay = 0.00>
ST_1 : Operation 5 [1/1] (0.00ns)   --->   "%specaxissidechannel_ln0 = specaxissidechannel void @_ssdm_op_SpecAXISSideChannel, i32 %stream_out_32_V_data_V, i4 %stream_out_32_V_keep_V, i4 %stream_out_32_V_strb_V, i1 %stream_out_32_V_user_V, i1 %stream_out_32_V_last_V, i1 0, i1 0, void @empty_11"   --->   Operation 5 'specaxissidechannel' 'specaxissidechannel_ln0' <Predicate = true> <Delay = 0.00>
ST_1 : Operation 6 [1/1] (0.00ns)   --->   "%specaxissidechannel_ln0 = specaxissidechannel void @_ssdm_op_SpecAXISSideChannel, i24 %stream_in_24_V_data_V, i3 %stream_in_24_V_keep_V, i3 %stream_in_24_V_strb_V, i1 %stream_in_24_V_user_V, i1 %stream_in_24_V_last_V, i1 0, i1 0, void @empty_12"   --->   Operation 6 'specaxissidechannel' 'specaxissidechannel_ln0' <Predicate = true> <Delay = 0.00>
ST_1 : Operation 7 [1/1] (0.00ns)   --->   "%specinterface_ln0 = specinterface void @_ssdm_op_SpecInterface, i1 %stream_out_32_V_last_V, void @empty_2, i32 0, i32 0, void @empty_3, i32 0, i32 0, void @empty_4, void @empty_4, void @empty_4, i32 0, i32 0, i32 0, i32 0, void @empty_4, void @empty_4, i32 4294967295, i32 0"   --->   Operation 7 'specinterface' 'specinterface_ln0' <Predicate = true> <Delay = 0.00>
ST_1 : Operation 8 [1/1] (0.00ns)   --->   "%specinterface_ln0 = specinterface void @_ssdm_op_SpecInterface, i1 %stream_out_32_V_user_V, void @empty_2, i32 0, i32 0, void @empty_3, i32 0, i32 0, void @empty_4, void @empty_4, void @empty_4, i32 0, i32 0, i32 0, i32 0, void @empty_4, void @empty_4, i32 4294967295, i32 0"   --->   Operation 8 'specinterface' 'specinterface_ln0' <Predicate = true> <Delay = 0.00>
ST_1 : Operation 9 [1/1] (0.00ns)   --->   "%specinterface_ln0 = specinterface void @_ssdm_op_SpecInterface, i4 %stream_out_32_V_strb_V, void @empty_2, i32 0, i32 0, void @empty_3, i32 0, i32 0, void @empty_4, void @empty_4, void @empty_4, i32 0, i32 0, i32 0, i32 0, void @empty_4, void @empty_4, i32 4294967295, i32 0"   --->   Operation 9 'specinterface' 'specinterface_ln0' <Predicate = true> <Delay = 0.00>
ST_1 : Operation 10 [1/1] (0.00ns)   --->   "%specinterface_ln0 = specinterface void @_ssdm_op_SpecInterface, i4 %stream_out_32_V_keep_V, void @empty_2, i32 0, i32 0, void @empty_3, i32 0, i32 0, void @empty_4, void @empty_4, void @empty_4, i32 0, i32 0, i32 0, i32 0, void @empty_4, void @empty_4, i32 4294967295, i32 0"   --->   Operation 10 'specinterface' 'specinterface_ln0' <Predicate = true> <Delay = 0.00>
ST_1 : Operation 11 [1/1] (0.00ns)   --->   "%specinterface_ln0 = specinterface void @_ssdm_op_SpecInterface, i32 %stream_out_32_V_data_V, void @empty_2, i32 0, i32 0, void @empty_3, i32 0, i32 0, void @empty_4, void @empty_4, void @empty_4, i32 0, i32 0, i32 0, i32 0, void @empty_4, void @empty_4, i32 4294967295, i32 0"   --->   Operation 11 'specinterface' 'specinterface_ln0' <Predicate = true> <Delay = 0.00>
ST_1 : Operation 12 [1/1] (0.00ns)   --->   "%specinterface_ln0 = specinterface void @_ssdm_op_SpecInterface, i1 %stream_in_24_V_last_V, void @empty_2, i32 0, i32 0, void @empty_3, i32 0, i32 0, void @empty_4, void @empty_4, void @empty_4, i32 0, i32 0, i32 0, i32 0, void @empty_4, void @empty_4, i32 4294967295, i32 0"   --->   Operation 12 'specinterface' 'specinterface_ln0' <Predicate = true> <Delay = 0.00>
ST_1 : Operation 13 [1/1] (0.00ns)   --->   "%specinterface_ln0 = specinterface void @_ssdm_op_SpecInterface, i1 %stream_in_24_V_user_V, void @empty_2, i32 0, i32 0, void @empty_3, i32 0, i32 0, void @empty_4, void @empty_4, void @empty_4, i32 0, i32 0, i32 0, i32 0, void @empty_4, void @empty_4, i32 4294967295, i32 0"   --->   Operation 13 'specinterface' 'specinterface_ln0' <Predicate = true> <Delay = 0.00>
ST_1 : Operation 14 [1/1] (0.00ns)   --->   "%specinterface_ln0 = specinterface void @_ssdm_op_SpecInterface, i3 %stream_in_24_V_strb_V, void @empty_2, i32 0, i32 0, void @empty_3, i32 0, i32 0, void @empty_4, void @empty_4, void @empty_4, i32 0, i32 0, i32 0, i32 0, void @empty_4, void @empty_4, i32 4294967295, i32 0"   --->   Operation 14 'specinterface' 'specinterface_ln0' <Predicate = true> <Delay = 0.00>
ST_1 : Operation 15 [1/1] (0.00ns)   --->   "%specinterface_ln0 = specinterface void @_ssdm_op_SpecInterface, i3 %stream_in_24_V_keep_V, void @empty_2, i32 0, i32 0, void @empty_3, i32 0, i32 0, void @empty_4, void @empty_4, void @empty_4, i32 0, i32 0, i32 0, i32 0, void @empty_4, void @empty_4, i32 4294967295, i32 0"   --->   Operation 15 'specinterface' 'specinterface_ln0' <Predicate = true> <Delay = 0.00>
ST_1 : Operation 16 [1/1] (0.00ns)   --->   "%specinterface_ln0 = specinterface void @_ssdm_op_SpecInterface, i24 %stream_in_24_V_data_V, void @empty_2, i32 0, i32 0, void @empty_3, i32 0, i32 0, void @empty_4, void @empty_4, void @empty_4, i32 0, i32 0, i32 0, i32 0, void @empty_4, void @empty_4, i32 4294967295, i32 0"   --->   Operation 16 'specinterface' 'specinterface_ln0' <Predicate = true> <Delay = 0.00>
ST_1 : Operation 17 [1/1] (0.00ns)   --->   "%br_ln0 = br void %for.inc147"   --->   Operation 17 'br' 'br_ln0' <Predicate = true> <Delay = 0.00>
ST_1 : Operation 18 [1/1] (0.00ns)   --->   "%empty = read i32 @_ssdm_op_Read.axis.volatile.i24P0A.i3P0A.i3P0A.i1P0A.i1P0A, i24 %stream_in_24_V_data_V, i3 %stream_in_24_V_keep_V, i3 %stream_in_24_V_strb_V, i1 %stream_in_24_V_user_V, i1 %stream_in_24_V_last_V" [pixel_pack/pixel_pack.cpp:106]   --->   Operation 18 'read' 'empty' <Predicate = true> <Delay = 0.00> <CoreInst = "axis">   --->   Core 115 'axis' <Latency = 0> <II = 1> <Delay = 1.00> <Adapter> <Opcode : >
ST_1 : Operation 19 [1/1] (0.00ns)   --->   "%in_pixel_data = extractvalue i32 %empty" [pixel_pack/pixel_pack.cpp:106]   --->   Operation 19 'extractvalue' 'in_pixel_data' <Predicate = true> <Delay = 0.00>
ST_1 : Operation 20 [1/1] (0.00ns)   --->   "%tmp_3 = partselect i8 @_ssdm_op_PartSelect.i8.i24.i32.i32, i24 %in_pixel_data, i32 8, i32 15" [pixel_pack/pixel_pack.cpp:112]   --->   Operation 20 'partselect' 'tmp_3' <Predicate = true> <Delay = 0.00>
ST_1 : Operation 21 [1/1] (0.00ns)   --->   "%tmp_5 = partselect i8 @_ssdm_op_PartSelect.i8.i24.i32.i32, i24 %in_pixel_data, i32 16, i32 23" [pixel_pack/pixel_pack.cpp:114]   --->   Operation 21 'partselect' 'tmp_5' <Predicate = true> <Delay = 0.00>
ST_1 : Operation 22 [1/1] (0.00ns)   --->   "%trunc_ln116 = trunc i24 %in_pixel_data" [pixel_pack/pixel_pack.cpp:116]   --->   Operation 22 'trunc' 'trunc_ln116' <Predicate = true> <Delay = 0.00>

State 2 <SV = 1> <Delay = 1.91>
ST_2 : Operation 23 [1/1] (0.00ns)   --->   "%specpipeline_ln102 = specpipeline void @_ssdm_op_SpecPipeline, i32 2, i32 0, i32 0, i32 0, void @empty_4" [pixel_pack/pixel_pack.cpp:102]   --->   Operation 23 'specpipeline' 'specpipeline_ln102' <Predicate = true> <Delay = 0.00>
ST_2 : Operation 24 [1/1] (0.00ns)   --->   "%specloopname_ln101 = specloopname void @_ssdm_op_SpecLoopName, void @empty_10" [pixel_pack/pixel_pack.cpp:101]   --->   Operation 24 'specloopname' 'specloopname_ln101' <Predicate = true> <Delay = 0.00>
ST_2 : Operation 25 [1/1] (0.00ns) (grouped into LUT with out node user_5)   --->   "%in_pixel_user_7 = extractvalue i32 %empty" [pixel_pack/pixel_pack.cpp:106]   --->   Operation 25 'extractvalue' 'in_pixel_user_7' <Predicate = true> <Delay = 0.00>
ST_2 : Operation 26 [1/1] (0.00ns)   --->   "%empty_37 = read i32 @_ssdm_op_Read.axis.volatile.i24P0A.i3P0A.i3P0A.i1P0A.i1P0A, i24 %stream_in_24_V_data_V, i3 %stream_in_24_V_keep_V, i3 %stream_in_24_V_strb_V, i1 %stream_in_24_V_user_V, i1 %stream_in_24_V_last_V" [pixel_pack/pixel_pack.cpp:106]   --->   Operation 26 'read' 'empty_37' <Predicate = true> <Delay = 0.00> <CoreInst = "axis">   --->   Core 115 'axis' <Latency = 0> <II = 1> <Delay = 1.00> <Adapter> <Opcode : >
ST_2 : Operation 27 [1/1] (0.00ns)   --->   "%in_pixel_data_8 = extractvalue i32 %empty_37" [pixel_pack/pixel_pack.cpp:106]   --->   Operation 27 'extractvalue' 'in_pixel_data_8' <Predicate = true> <Delay = 0.00>
ST_2 : Operation 28 [1/1] (0.00ns) (grouped into LUT with out node user_5)   --->   "%in_pixel_user = extractvalue i32 %empty_37" [pixel_pack/pixel_pack.cpp:106]   --->   Operation 28 'extractvalue' 'in_pixel_user' <Predicate = true> <Delay = 0.00>
ST_2 : Operation 29 [1/1] (0.00ns)   --->   "%in_pixel_last = extractvalue i32 %empty_37" [pixel_pack/pixel_pack.cpp:106]   --->   Operation 29 'extractvalue' 'in_pixel_last' <Predicate = true> <Delay = 0.00>
ST_2 : Operation 30 [1/1] (0.97ns) (out node of the LUT)   --->   "%user_5 = or i1 %in_pixel_user, i1 %in_pixel_user_7" [pixel_pack/pixel_pack.cpp:107]   --->   Operation 30 'or' 'user_5' <Predicate = true> <Delay = 0.97> <CoreInst = "LogicGate">   --->   Core 74 'LogicGate' <Latency = 0> <II = 1> <Delay = 0.97> <FuncUnit> <Opcode : 'and' 'or' 'xor'> <InPorts = 2> <OutPorts = 1>
ST_2 : Operation 31 [1/1] (0.00ns)   --->   "%tmp_4 = partselect i8 @_ssdm_op_PartSelect.i8.i24.i32.i32, i24 %in_pixel_data_8, i32 8, i32 15" [pixel_pack/pixel_pack.cpp:112]   --->   Operation 31 'partselect' 'tmp_4' <Predicate = true> <Delay = 0.00>
ST_2 : Operation 32 [1/1] (0.00ns)   --->   "%zext_ln112 = zext i8 %tmp_3" [pixel_pack/pixel_pack.cpp:112]   --->   Operation 32 'zext' 'zext_ln112' <Predicate = true> <Delay = 0.00>
ST_2 : Operation 33 [1/1] (0.00ns)   --->   "%zext_ln112_1 = zext i8 %tmp_4" [pixel_pack/pixel_pack.cpp:112]   --->   Operation 33 'zext' 'zext_ln112_1' <Predicate = true> <Delay = 0.00>
ST_2 : Operation 34 [1/1] (1.91ns)   --->   "%out_c1 = add i9 %zext_ln112_1, i9 %zext_ln112" [pixel_pack/pixel_pack.cpp:112]   --->   Operation 34 'add' 'out_c1' <Predicate = true> <Delay = 1.91> <CoreInst = "Adder">   --->   Core 1 'Adder' <Latency = 0> <II = 1> <Delay = 1.91> <FuncUnit> <Opcode : 'add' 'sub'> <InPorts = 2> <OutPorts = 1>
ST_2 : Operation 35 [1/1] (0.00ns)   --->   "%tmp_6 = partselect i8 @_ssdm_op_PartSelect.i8.i24.i32.i32, i24 %in_pixel_data_8, i32 16, i32 23" [pixel_pack/pixel_pack.cpp:114]   --->   Operation 35 'partselect' 'tmp_6' <Predicate = true> <Delay = 0.00>
ST_2 : Operation 36 [1/1] (0.00ns)   --->   "%zext_ln114 = zext i8 %tmp_5" [pixel_pack/pixel_pack.cpp:114]   --->   Operation 36 'zext' 'zext_ln114' <Predicate = true> <Delay = 0.00>
ST_2 : Operation 37 [1/1] (0.00ns)   --->   "%zext_ln114_1 = zext i8 %tmp_6" [pixel_pack/pixel_pack.cpp:114]   --->   Operation 37 'zext' 'zext_ln114_1' <Predicate = true> <Delay = 0.00>
ST_2 : Operation 38 [1/1] (1.91ns)   --->   "%out_c2 = add i9 %zext_ln114_1, i9 %zext_ln114" [pixel_pack/pixel_pack.cpp:114]   --->   Operation 38 'add' 'out_c2' <Predicate = true> <Delay = 1.91> <CoreInst = "Adder">   --->   Core 1 'Adder' <Latency = 0> <II = 1> <Delay = 1.91> <FuncUnit> <Opcode : 'add' 'sub'> <InPorts = 2> <OutPorts = 1>
ST_2 : Operation 39 [1/1] (0.00ns)   --->   "%tmp_s = partselect i8 @_ssdm_op_PartSelect.i8.i9.i32.i32, i9 %out_c1, i32 1, i32 8" [pixel_pack/pixel_pack.cpp:117]   --->   Operation 39 'partselect' 'tmp_s' <Predicate = true> <Delay = 0.00>
ST_2 : Operation 40 [1/1] (0.00ns)   --->   "%trunc_ln118 = trunc i24 %in_pixel_data_8" [pixel_pack/pixel_pack.cpp:118]   --->   Operation 40 'trunc' 'trunc_ln118' <Predicate = true> <Delay = 0.00>
ST_2 : Operation 41 [1/1] (0.00ns)   --->   "%tmp_1 = partselect i8 @_ssdm_op_PartSelect.i8.i9.i32.i32, i9 %out_c2, i32 1, i32 8" [pixel_pack/pixel_pack.cpp:119]   --->   Operation 41 'partselect' 'tmp_1' <Predicate = true> <Delay = 0.00>
ST_2 : Operation 42 [1/1] (0.00ns)   --->   "%out_data = bitconcatenate i32 @_ssdm_op_BitConcatenate.i32.i8.i8.i8.i8, i8 %tmp_1, i8 %trunc_ln118, i8 %tmp_s, i8 %trunc_ln116" [pixel_pack/pixel_pack.cpp:119]   --->   Operation 42 'bitconcatenate' 'out_data' <Predicate = true> <Delay = 0.00>
ST_2 : Operation 43 [1/1] (0.00ns)   --->   "%write_ln123 = write void @_ssdm_op_Write.axis.volatile.i32P0A.i4P0A.i4P0A.i1P0A.i1P0A, i32 %stream_out_32_V_data_V, i4 %stream_out_32_V_keep_V, i4 %stream_out_32_V_strb_V, i1 %stream_out_32_V_user_V, i1 %stream_out_32_V_last_V, i32 %out_data, i4 0, i4 0, i1 %user_5, i1 %in_pixel_last" [pixel_pack/pixel_pack.cpp:123]   --->   Operation 43 'write' 'write_ln123' <Predicate = true> <Delay = 0.00> <CoreInst = "axis">   --->   Core 115 'axis' <Latency = 0> <II = 1> <Delay = 1.00> <Adapter> <Opcode : >
ST_2 : Operation 44 [1/1] (0.00ns)   --->   "%br_ln101 = br i1 %in_pixel_last, void %for.inc147, void %sw.epilog.loopexit.exitStub" [pixel_pack/pixel_pack.cpp:101]   --->   Operation 44 'br' 'br_ln101' <Predicate = true> <Delay = 0.00>
ST_2 : Operation 45 [1/1] (0.00ns)   --->   "%ret_ln0 = ret"   --->   Operation 45 'ret' 'ret_ln0' <Predicate = (in_pixel_last)> <Delay = 0.00>


============================================================
+ Verbose Summary: Timing violations
============================================================
Target clock period: 7.000ns, clock uncertainty: 1.890ns.

 <State 1>: 0.000ns
The critical path consists of the following:

 <State 2>: 1.915ns
The critical path consists of the following:
	axis read operation ('empty_37', pixel_pack/pixel_pack.cpp:106) on port 'stream_in_24_V_data_V' (pixel_pack/pixel_pack.cpp:106) [30]  (0.000 ns)
	'add' operation ('out_c1', pixel_pack/pixel_pack.cpp:112) [39]  (1.915 ns)


============================================================
+ Verbose Summary: Binding
============================================================
N/A
* FSMD analyzer results:
  - Output states:
 - Input state : 
  - Chain level:
	State 1
	State 2


============================================================
+ Verbose Summary: Datapath Resource usage 
============================================================
N/A
