

================================================================
== Vitis HLS Report for 'pixel_pack_Pipeline_VITIS_LOOP_47_4'
================================================================
* Date:           Fri Sep  6 14:45:50 2024

* Version:        2023.1.1 (Build 3869133 on Jun 15 2023)
* Project:        pixel_pack
* Solution:       solution1 (Vivado IP Flow Target)
* Product family: zynq
* Target device:  xc7z020-clg400-1


================================================================
== Performance Estimates
================================================================
+ Timing: 
    * Summary: 
    +--------+---------+----------+------------+
    |  Clock |  Target | Estimated| Uncertainty|
    +--------+---------+----------+------------+
    |ap_clk  |  7.00 ns|      0 ns|     1.89 ns|
    +--------+---------+----------+------------+

+ Latency: 
    * Summary: 
    +---------+---------+----------+----------+-----+-----+---------+
    |  Latency (cycles) |  Latency (absolute) |  Interval | Pipeline|
    |   min   |   max   |    min   |    max   | min | max |   Type  |
    +---------+---------+----------+----------+-----+-----+---------+
    |        ?|        ?|         ?|         ?|    ?|    ?|       no|
    +---------+---------+----------+----------+-----+-----+---------+

    + Detail: 
        * Instance: 
        N/A

        * Loop: 
        +-------------------+---------+---------+----------+-----------+-----------+------+----------+
        |                   |  Latency (cycles) | Iteration|  Initiation Interval  | Trip |          |
        |     Loop Name     |   min   |   max   |  Latency |  achieved |   target  | Count| Pipelined|
        +-------------------+---------+---------+----------+-----------+-----------+------+----------+
        |- VITIS_LOOP_47_4  |        ?|        ?|         1|          1|          1|     ?|       yes|
        +-------------------+---------+---------+----------+-----------+-----------+------+----------+



================================================================
== Utilization Estimates
================================================================
* Summary: 
+-----------------+---------+-----+--------+-------+-----+
|       Name      | BRAM_18K| DSP |   FF   |  LUT  | URAM|
+-----------------+---------+-----+--------+-------+-----+
|DSP              |        -|    -|       -|      -|    -|
|Expression       |        -|    -|       0|      2|    -|
|FIFO             |        -|    -|       -|      -|    -|
|Instance         |        -|    -|       -|      -|    -|
|Memory           |        -|    -|       -|      -|    -|
|Multiplexer      |        -|    -|       -|     27|    -|
|Register         |        -|    -|       2|      -|    -|
+-----------------+---------+-----+--------+-------+-----+
|Total            |        0|    0|       2|     29|    0|
+-----------------+---------+-----+--------+-------+-----+
|Available        |      280|  220|  106400|  53200|    0|
+-----------------+---------+-----+--------+-------+-----+
|Utilization (%)  |        0|    0|      ~0|     ~0|    0|
+-----------------+---------+-----+--------+-------+-----+

+ Detail: 
    * Instance: 
    N/A

    * DSP: 
    N/A

    * Memory: 
    N/A

    * FIFO: 
    N/A

    * Expression: 
    +----------------------------------+----------+----+---+----+------------+------------+
    |           Variable Name          | Operation| DSP| FF| LUT| Bitwidth P0| Bitwidth P1|
    +----------------------------------+----------+----+---+----+------------+------------+
    |ap_block_state1_pp0_stage0_iter0  |        or|   0|  0|   2|           1|           1|
    +----------------------------------+----------+----+---+----+------------+------------+
    |Total                             |          |   0|  0|   2|           1|           1|
    +----------------------------------+----------+----+---+----+------------+------------+

    * Multiplexer: 
    +---------------------------+----+-----------+-----+-----------+
    |            Name           | LUT| Input Size| Bits| Total Bits|
    +---------------------------+----+-----------+-----+-----------+
    |ap_done_int                |   9|          2|    1|          2|
    |stream_in_24_TDATA_blk_n   |   9|          2|    1|          2|
    |stream_out_32_TDATA_blk_n  |   9|          2|    1|          2|
    +---------------------------+----+-----------+-----+-----------+
    |Total                      |  27|          6|    3|          6|
    +---------------------------+----+-----------+-----+-----------+

    * Register: 
    +-------------+---+----+-----+-----------+
    |     Name    | FF| LUT| Bits| Const Bits|
    +-------------+---+----+-----+-----------+
    |ap_CS_fsm    |  1|   0|    1|          0|
    |ap_done_reg  |  1|   0|    1|          0|
    +-------------+---+----+-----+-----------+
    |Total        |  2|   0|    2|          0|
    +-------------+---+----+-----+-----------+



================================================================
== Interface
================================================================
* Summary: 
+----------------------+-----+-----+------------+-------------------------------------+--------------+
|       RTL Ports      | Dir | Bits|  Protocol  |            Source Object            |    C Type    |
+----------------------+-----+-----+------------+-------------------------------------+--------------+
|ap_clk                |   in|    1|  ap_ctrl_hs|  pixel_pack_Pipeline_VITIS_LOOP_47_4|  return value|
|ap_rst                |   in|    1|  ap_ctrl_hs|  pixel_pack_Pipeline_VITIS_LOOP_47_4|  return value|
|ap_start              |   in|    1|  ap_ctrl_hs|  pixel_pack_Pipeline_VITIS_LOOP_47_4|  return value|
|ap_done               |  out|    1|  ap_ctrl_hs|  pixel_pack_Pipeline_VITIS_LOOP_47_4|  return value|
|ap_idle               |  out|    1|  ap_ctrl_hs|  pixel_pack_Pipeline_VITIS_LOOP_47_4|  return value|
|ap_ready              |  out|    1|  ap_ctrl_hs|  pixel_pack_Pipeline_VITIS_LOOP_47_4|  return value|
|stream_in_24_TVALID   |   in|    1|        axis|                stream_in_24_V_data_V|       pointer|
|stream_in_24_TDATA    |   in|   24|        axis|                stream_in_24_V_data_V|       pointer|
|stream_out_32_TREADY  |   in|    1|        axis|               stream_out_32_V_data_V|       pointer|
|stream_out_32_TDATA   |  out|   32|        axis|               stream_out_32_V_data_V|       pointer|
|stream_in_24_TREADY   |  out|    1|        axis|                stream_in_24_V_last_V|       pointer|
|stream_in_24_TLAST    |   in|    1|        axis|                stream_in_24_V_last_V|       pointer|
|stream_in_24_TKEEP    |   in|    3|        axis|                stream_in_24_V_keep_V|       pointer|
|stream_in_24_TSTRB    |   in|    3|        axis|                stream_in_24_V_strb_V|       pointer|
|stream_in_24_TUSER    |   in|    1|        axis|                stream_in_24_V_user_V|       pointer|
|alpha                 |   in|    8|     ap_none|                                alpha|        scalar|
|stream_out_32_TVALID  |  out|    1|        axis|               stream_out_32_V_last_V|       pointer|
|stream_out_32_TLAST   |  out|    1|        axis|               stream_out_32_V_last_V|       pointer|
|stream_out_32_TKEEP   |  out|    4|        axis|               stream_out_32_V_keep_V|       pointer|
|stream_out_32_TSTRB   |  out|    4|        axis|               stream_out_32_V_strb_V|       pointer|
|stream_out_32_TUSER   |  out|    1|        axis|               stream_out_32_V_user_V|       pointer|
+----------------------+-----+-----+------------+-------------------------------------+--------------+

============================================================
+ Verbose Summary: Synthesis Manager
============================================================
InlineROM: 1
ExposeGlobal: 0
============================================================
+ Verbose Summary: CDFG Model
============================================================
IsTopModel: 0
ResetActiveHigh: 1
IsCombinational: 2
IsDatapathOnly: 2
HasWiredReturn: 1
HasMFsm: 2
HasVarLatency: 1
IsPipeline: 0
IsRtlPipelined: 0
IsInstanceOverlapped: 0
IsDontTouch: 0
HasImplIP: 0
IsGatedGlobalClock: 0

+ Individual pipeline summary: 
  * Pipeline-0: initiation interval (II) = 1, depth = 1


============================================================
+ Verbose Summary: Schedule
============================================================
* Number of FSM states : 1
* Pipeline : 1
  Pipeline-0 : II = 1, D = 1, States = { 1 }
* Dataflow Pipeline: 0

* FSM state transitions: 
1 --> 

* FSM state operations: 

State 1 <SV = 0> <Delay = 0.00>
ST_1 : Operation 4 [1/1] (0.00ns)   --->   "%specaxissidechannel_ln0 = specaxissidechannel void @_ssdm_op_SpecAXISSideChannel, i32 %stream_out_32_V_data_V, i4 %stream_out_32_V_keep_V, i4 %stream_out_32_V_strb_V, i1 %stream_out_32_V_user_V, i1 %stream_out_32_V_last_V, i1 0, i1 0, void @empty_11"   --->   Operation 4 'specaxissidechannel' 'specaxissidechannel_ln0' <Predicate = true> <Delay = 0.00>
ST_1 : Operation 5 [1/1] (0.00ns)   --->   "%specaxissidechannel_ln0 = specaxissidechannel void @_ssdm_op_SpecAXISSideChannel, i24 %stream_in_24_V_data_V, i3 %stream_in_24_V_keep_V, i3 %stream_in_24_V_strb_V, i1 %stream_in_24_V_user_V, i1 %stream_in_24_V_last_V, i1 0, i1 0, void @empty_12"   --->   Operation 5 'specaxissidechannel' 'specaxissidechannel_ln0' <Predicate = true> <Delay = 0.00>
ST_1 : Operation 6 [1/1] (0.00ns)   --->   "%specinterface_ln0 = specinterface void @_ssdm_op_SpecInterface, i1 %stream_out_32_V_last_V, void @empty_2, i32 0, i32 0, void @empty_3, i32 0, i32 0, void @empty_4, void @empty_4, void @empty_4, i32 0, i32 0, i32 0, i32 0, void @empty_4, void @empty_4, i32 4294967295, i32 0"   --->   Operation 6 'specinterface' 'specinterface_ln0' <Predicate = true> <Delay = 0.00>
ST_1 : Operation 7 [1/1] (0.00ns)   --->   "%specinterface_ln0 = specinterface void @_ssdm_op_SpecInterface, i1 %stream_out_32_V_user_V, void @empty_2, i32 0, i32 0, void @empty_3, i32 0, i32 0, void @empty_4, void @empty_4, void @empty_4, i32 0, i32 0, i32 0, i32 0, void @empty_4, void @empty_4, i32 4294967295, i32 0"   --->   Operation 7 'specinterface' 'specinterface_ln0' <Predicate = true> <Delay = 0.00>
ST_1 : Operation 8 [1/1] (0.00ns)   --->   "%specinterface_ln0 = specinterface void @_ssdm_op_SpecInterface, i4 %stream_out_32_V_strb_V, void @empty_2, i32 0, i32 0, void @empty_3, i32 0, i32 0, void @empty_4, void @empty_4, void @empty_4, i32 0, i32 0, i32 0, i32 0, void @empty_4, void @empty_4, i32 4294967295, i32 0"   --->   Operation 8 'specinterface' 'specinterface_ln0' <Predicate = true> <Delay = 0.00>
ST_1 : Operation 9 [1/1] (0.00ns)   --->   "%specinterface_ln0 = specinterface void @_ssdm_op_SpecInterface, i4 %stream_out_32_V_keep_V, void @empty_2, i32 0, i32 0, void @empty_3, i32 0, i32 0, void @empty_4, void @empty_4, void @empty_4, i32 0, i32 0, i32 0, i32 0, void @empty_4, void @empty_4, i32 4294967295, i32 0"   --->   Operation 9 'specinterface' 'specinterface_ln0' <Predicate = true> <Delay = 0.00>
ST_1 : Operation 10 [1/1] (0.00ns)   --->   "%specinterface_ln0 = specinterface void @_ssdm_op_SpecInterface, i32 %stream_out_32_V_data_V, void @empty_2, i32 0, i32 0, void @empty_3, i32 0, i32 0, void @empty_4, void @empty_4, void @empty_4, i32 0, i32 0, i32 0, i32 0, void @empty_4, void @empty_4, i32 4294967295, i32 0"   --->   Operation 10 'specinterface' 'specinterface_ln0' <Predicate = true> <Delay = 0.00>
ST_1 : Operation 11 [1/1] (0.00ns)   --->   "%specinterface_ln0 = specinterface void @_ssdm_op_SpecInterface, i1 %stream_in_24_V_last_V, void @empty_2, i32 0, i32 0, void @empty_3, i32 0, i32 0, void @empty_4, void @empty_4, void @empty_4, i32 0, i32 0, i32 0, i32 0, void @empty_4, void @empty_4, i32 4294967295, i32 0"   --->   Operation 11 'specinterface' 'specinterface_ln0' <Predicate = true> <Delay = 0.00>
ST_1 : Operation 12 [1/1] (0.00ns)   --->   "%specinterface_ln0 = specinterface void @_ssdm_op_SpecInterface, i1 %stream_in_24_V_user_V, void @empty_2, i32 0, i32 0, void @empty_3, i32 0, i32 0, void @empty_4, void @empty_4, void @empty_4, i32 0, i32 0, i32 0, i32 0, void @empty_4, void @empty_4, i32 4294967295, i32 0"   --->   Operation 12 'specinterface' 'specinterface_ln0' <Predicate = true> <Delay = 0.00>
ST_1 : Operation 13 [1/1] (0.00ns)   --->   "%specinterface_ln0 = specinterface void @_ssdm_op_SpecInterface, i3 %stream_in_24_V_strb_V, void @empty_2, i32 0, i32 0, void @empty_3, i32 0, i32 0, void @empty_4, void @empty_4, void @empty_4, i32 0, i32 0, i32 0, i32 0, void @empty_4, void @empty_4, i32 4294967295, i32 0"   --->   Operation 13 'specinterface' 'specinterface_ln0' <Predicate = true> <Delay = 0.00>
ST_1 : Operation 14 [1/1] (0.00ns)   --->   "%specinterface_ln0 = specinterface void @_ssdm_op_SpecInterface, i3 %stream_in_24_V_keep_V, void @empty_2, i32 0, i32 0, void @empty_3, i32 0, i32 0, void @empty_4, void @empty_4, void @empty_4, i32 0, i32 0, i32 0, i32 0, void @empty_4, void @empty_4, i32 4294967295, i32 0"   --->   Operation 14 'specinterface' 'specinterface_ln0' <Predicate = true> <Delay = 0.00>
ST_1 : Operation 15 [1/1] (0.00ns)   --->   "%specinterface_ln0 = specinterface void @_ssdm_op_SpecInterface, i24 %stream_in_24_V_data_V, void @empty_2, i32 0, i32 0, void @empty_3, i32 0, i32 0, void @empty_4, void @empty_4, void @empty_4, i32 0, i32 0, i32 0, i32 0, void @empty_4, void @empty_4, i32 4294967295, i32 0"   --->   Operation 15 'specinterface' 'specinterface_ln0' <Predicate = true> <Delay = 0.00>
ST_1 : Operation 16 [1/1] (0.00ns)   --->   "%alpha_read = read i8 @_ssdm_op_Read.ap_auto.i8, i8 %alpha"   --->   Operation 16 'read' 'alpha_read' <Predicate = true> <Delay = 0.00>
ST_1 : Operation 17 [1/1] (0.00ns)   --->   "%br_ln0 = br void %while.body34"   --->   Operation 17 'br' 'br_ln0' <Predicate = true> <Delay = 0.00>
ST_1 : Operation 18 [1/1] (0.00ns)   --->   "%specpipeline_ln48 = specpipeline void @_ssdm_op_SpecPipeline, i32 1, i32 0, i32 0, i32 0, void @empty_4" [pixel_pack/pixel_pack.cpp:48]   --->   Operation 18 'specpipeline' 'specpipeline_ln48' <Predicate = true> <Delay = 0.00>
ST_1 : Operation 19 [1/1] (0.00ns)   --->   "%specloopname_ln47 = specloopname void @_ssdm_op_SpecLoopName, void @empty_7" [pixel_pack/pixel_pack.cpp:47]   --->   Operation 19 'specloopname' 'specloopname_ln47' <Predicate = true> <Delay = 0.00>
ST_1 : Operation 20 [1/1] (0.00ns)   --->   "%empty = read i32 @_ssdm_op_Read.axis.volatile.i24P0A.i3P0A.i3P0A.i1P0A.i1P0A, i24 %stream_in_24_V_data_V, i3 %stream_in_24_V_keep_V, i3 %stream_in_24_V_strb_V, i1 %stream_in_24_V_user_V, i1 %stream_in_24_V_last_V" [pixel_pack/pixel_pack.cpp:50]   --->   Operation 20 'read' 'empty' <Predicate = true> <Delay = 0.00> <CoreInst = "axis">   --->   Core 115 'axis' <Latency = 0> <II = 1> <Delay = 1.00> <Adapter> <Opcode : >
ST_1 : Operation 21 [1/1] (0.00ns)   --->   "%in_pixel_data = extractvalue i32 %empty" [pixel_pack/pixel_pack.cpp:50]   --->   Operation 21 'extractvalue' 'in_pixel_data' <Predicate = true> <Delay = 0.00>
ST_1 : Operation 22 [1/1] (0.00ns)   --->   "%in_pixel_user = extractvalue i32 %empty" [pixel_pack/pixel_pack.cpp:50]   --->   Operation 22 'extractvalue' 'in_pixel_user' <Predicate = true> <Delay = 0.00>
ST_1 : Operation 23 [1/1] (0.00ns)   --->   "%in_pixel_last = extractvalue i32 %empty" [pixel_pack/pixel_pack.cpp:50]   --->   Operation 23 'extractvalue' 'in_pixel_last' <Predicate = true> <Delay = 0.00>
ST_1 : Operation 24 [1/1] (0.00ns)   --->   "%data = bitconcatenate i32 @_ssdm_op_BitConcatenate.i32.i8.i24, i8 %alpha_read, i24 %in_pixel_data" [pixel_pack/pixel_pack.cpp:52]   --->   Operation 24 'bitconcatenate' 'data' <Predicate = true> <Delay = 0.00>
ST_1 : Operation 25 [1/1] (0.00ns)   --->   "%write_ln57 = write void @_ssdm_op_Write.axis.volatile.i32P0A.i4P0A.i4P0A.i1P0A.i1P0A, i32 %stream_out_32_V_data_V, i4 %stream_out_32_V_keep_V, i4 %stream_out_32_V_strb_V, i1 %stream_out_32_V_user_V, i1 %stream_out_32_V_last_V, i32 %data, i4 0, i4 0, i1 %in_pixel_user, i1 %in_pixel_last" [pixel_pack/pixel_pack.cpp:57]   --->   Operation 25 'write' 'write_ln57' <Predicate = true> <Delay = 0.00> <CoreInst = "axis">   --->   Core 115 'axis' <Latency = 0> <II = 1> <Delay = 1.00> <Adapter> <Opcode : >
ST_1 : Operation 26 [1/1] (0.00ns)   --->   "%br_ln47 = br i1 %in_pixel_last, void %while.body34, void %sw.epilog.loopexit7.exitStub" [pixel_pack/pixel_pack.cpp:47]   --->   Operation 26 'br' 'br_ln47' <Predicate = true> <Delay = 0.00>
ST_1 : Operation 27 [1/1] (0.00ns)   --->   "%ret_ln0 = ret"   --->   Operation 27 'ret' 'ret_ln0' <Predicate = (in_pixel_last)> <Delay = 0.00>


============================================================
+ Verbose Summary: Binding
============================================================
STG Binding: 
---------------- STG Properties BEGIN ----------------
- Is combinational: 0
- Is one-state seq: 0
- Is datapath-only: 0
- Is pipelined: 0
- Is top level: 0
Port [ Return ] is wired: 1; IO mode=ap_ctrl_hs:ce=0
Port [ stream_in_24_V_data_V]:  wired=1; compound=1; hidden=0; nouse=0; global=0; static=0; extern=0; dir=0; type=0; pingpong=0; private_global=0; IO mode=axis:ce=0
Port [ stream_in_24_V_keep_V]:  wired=1; compound=1; hidden=0; nouse=0; global=0; static=0; extern=0; dir=0; type=0; pingpong=0; private_global=0; IO mode=axis:ce=0
Port [ stream_in_24_V_strb_V]:  wired=1; compound=1; hidden=0; nouse=0; global=0; static=0; extern=0; dir=0; type=0; pingpong=0; private_global=0; IO mode=axis:ce=0
Port [ stream_in_24_V_user_V]:  wired=1; compound=1; hidden=0; nouse=0; global=0; static=0; extern=0; dir=0; type=0; pingpong=0; private_global=0; IO mode=axis:ce=0
Port [ stream_in_24_V_last_V]:  wired=1; compound=1; hidden=0; nouse=0; global=0; static=0; extern=0; dir=0; type=0; pingpong=0; private_global=0; IO mode=axis:ce=0
Port [ alpha]:  wired=1; compound=0; hidden=0; nouse=0; global=0; static=0; extern=0; dir=0; type=0; pingpong=0; private_global=0; IO mode=ap_none:ce=0
Port [ stream_out_32_V_data_V]:  wired=1; compound=1; hidden=0; nouse=0; global=0; static=0; extern=0; dir=1; type=0; pingpong=0; private_global=0; IO mode=axis:ce=0
Port [ stream_out_32_V_keep_V]:  wired=1; compound=1; hidden=0; nouse=0; global=0; static=0; extern=0; dir=1; type=0; pingpong=0; private_global=0; IO mode=axis:ce=0
Port [ stream_out_32_V_strb_V]:  wired=1; compound=1; hidden=0; nouse=0; global=0; static=0; extern=0; dir=1; type=0; pingpong=0; private_global=0; IO mode=axis:ce=0
Port [ stream_out_32_V_user_V]:  wired=1; compound=1; hidden=0; nouse=0; global=0; static=0; extern=0; dir=1; type=0; pingpong=0; private_global=0; IO mode=axis:ce=0
Port [ stream_out_32_V_last_V]:  wired=1; compound=1; hidden=0; nouse=0; global=0; static=0; extern=0; dir=1; type=0; pingpong=0; private_global=0; IO mode=axis:ce=0
---------------- STG Properties END ------------------

---------------- Datapath Model BEGIN ----------------

<LifeTime>
<method=bitvector/>
specaxissidechannel_ln0 (specaxissidechannel) [ 00]
specaxissidechannel_ln0 (specaxissidechannel) [ 00]
specinterface_ln0       (specinterface      ) [ 00]
specinterface_ln0       (specinterface      ) [ 00]
specinterface_ln0       (specinterface      ) [ 00]
specinterface_ln0       (specinterface      ) [ 00]
specinterface_ln0       (specinterface      ) [ 00]
specinterface_ln0       (specinterface      ) [ 00]
specinterface_ln0       (specinterface      ) [ 00]
specinterface_ln0       (specinterface      ) [ 00]
specinterface_ln0       (specinterface      ) [ 00]
specinterface_ln0       (specinterface      ) [ 00]
alpha_read              (read               ) [ 00]
br_ln0                  (br                 ) [ 00]
specpipeline_ln48       (specpipeline       ) [ 00]
specloopname_ln47       (specloopname       ) [ 00]
empty                   (read               ) [ 00]
in_pixel_data           (extractvalue       ) [ 00]
in_pixel_user           (extractvalue       ) [ 00]
in_pixel_last           (extractvalue       ) [ 01]
data                    (bitconcatenate     ) [ 00]
write_ln57              (write              ) [ 00]
br_ln47                 (br                 ) [ 00]
ret_ln0                 (ret                ) [ 00]
</LifeTime>

<model>

<comp_list>
<comp id="0" class="1000" name="stream_in_24_V_data_V">
<pin_list>
<pin id="1" dir="1" index="0" bw="1" slack="0"/>
</pin_list>
<bind>
<StgValue><ssdm name="stream_in_24_V_data_V"/></StgValue>
</bind>
</comp>

<comp id="2" class="1000" name="stream_in_24_V_keep_V">
<pin_list>
<pin id="3" dir="1" index="0" bw="1" slack="0"/>
</pin_list>
<bind>
<StgValue><ssdm name="stream_in_24_V_keep_V"/></StgValue>
</bind>
</comp>

<comp id="4" class="1000" name="stream_in_24_V_strb_V">
<pin_list>
<pin id="5" dir="1" index="0" bw="1" slack="0"/>
</pin_list>
<bind>
<StgValue><ssdm name="stream_in_24_V_strb_V"/></StgValue>
</bind>
</comp>

<comp id="6" class="1000" name="stream_in_24_V_user_V">
<pin_list>
<pin id="7" dir="1" index="0" bw="1" slack="0"/>
</pin_list>
<bind>
<StgValue><ssdm name="stream_in_24_V_user_V"/></StgValue>
</bind>
</comp>

<comp id="8" class="1000" name="stream_in_24_V_last_V">
<pin_list>
<pin id="9" dir="1" index="0" bw="1" slack="0"/>
</pin_list>
<bind>
<StgValue><ssdm name="stream_in_24_V_last_V"/></StgValue>
</bind>
</comp>

<comp id="10" class="1000" name="alpha">
<pin_list>
<pin id="11" dir="1" index="0" bw="1" slack="0"/>
</pin_list>
<bind>
<StgValue><ssdm name="alpha"/></StgValue>
</bind>
</comp>

<comp id="12" class="1000" name="stream_out_32_V_data_V">
<pin_list>
<pin id="13" dir="1" index="0" bw="1" slack="0"/>
</pin_list>
<bind>
<StgValue><ssdm name="stream_out_32_V_data_V"/></StgValue>
</bind>
</comp>

<comp id="14" class="1000" name="stream_out_32_V_keep_V">
<pin_list>
<pin id="15" dir="1" index="0" bw="1" slack="0"/>
</pin_list>
<bind>
<StgValue><ssdm name="stream_out_32_V_keep_V"/></StgValue>
</bind>
</comp>

<comp id="16" class="1000" name="stream_out_32_V_strb_V">
<pin_list>
<pin id="17" dir="1" index="0" bw="1" slack="0"/>
</pin_list>
<bind>
<StgValue><ssdm name="stream_out_32_V_strb_V"/></StgValue>
</bind>
</comp>

<comp id="18" class="1000" name="stream_out_32_V_user_V">
<pin_list>
<pin id="19" dir="1" index="0" bw="1" slack="0"/>
</pin_list>
<bind>
<StgValue><ssdm name="stream_out_32_V_user_V"/></StgValue>
</bind>
</comp>

<comp id="20" class="1000" name="stream_out_32_V_last_V">
<pin_list>
<pin id="21" dir="1" index="0" bw="1" slack="0"/>
</pin_list>
<bind>
<StgValue><ssdm name="stream_out_32_V_last_V"/></StgValue>
</bind>
</comp>

<comp id="22" class="1001" name="const_22">
<pin_list>
<pin id="23" dir="1" index="0" bw="1" slack="2147483647"/>
</pin_list>
<bind>
<StgValue><ssdm name="_ssdm_op_SpecAXISSideChannel"/></StgValue>
</bind>
</comp>

<comp id="24" class="1001" name="const_24">
<pin_list>
<pin id="25" dir="1" index="0" bw="1" slack="2147483647"/>
</pin_list>
<bind>
<StgValue><ssdm name=""/></StgValue>
</bind>
</comp>

<comp id="26" class="1001" name="const_26">
<pin_list>
<pin id="27" dir="1" index="0" bw="1" slack="2147483647"/>
</pin_list>
<bind>
<StgValue><ssdm name="empty_11"/></StgValue>
</bind>
</comp>

<comp id="28" class="1001" name="const_28">
<pin_list>
<pin id="29" dir="1" index="0" bw="1" slack="2147483647"/>
</pin_list>
<bind>
<StgValue><ssdm name="empty_12"/></StgValue>
</bind>
</comp>

<comp id="30" class="1001" name="const_30">
<pin_list>
<pin id="31" dir="1" index="0" bw="1" slack="2147483647"/>
</pin_list>
<bind>
<StgValue><ssdm name="_ssdm_op_SpecInterface"/></StgValue>
</bind>
</comp>

<comp id="32" class="1001" name="const_32">
<pin_list>
<pin id="33" dir="1" index="0" bw="1" slack="2147483647"/>
</pin_list>
<bind>
<StgValue><ssdm name="empty_2"/></StgValue>
</bind>
</comp>

<comp id="34" class="1001" name="const_34">
<pin_list>
<pin id="35" dir="1" index="0" bw="1" slack="2147483647"/>
</pin_list>
<bind>
<StgValue><ssdm name=""/></StgValue>
</bind>
</comp>

<comp id="36" class="1001" name="const_36">
<pin_list>
<pin id="37" dir="1" index="0" bw="1" slack="2147483647"/>
</pin_list>
<bind>
<StgValue><ssdm name="empty_3"/></StgValue>
</bind>
</comp>

<comp id="38" class="1001" name="const_38">
<pin_list>
<pin id="39" dir="1" index="0" bw="1" slack="2147483647"/>
</pin_list>
<bind>
<StgValue><ssdm name="empty_4"/></StgValue>
</bind>
</comp>

<comp id="40" class="1001" name="const_40">
<pin_list>
<pin id="41" dir="1" index="0" bw="1" slack="2147483647"/>
</pin_list>
<bind>
<StgValue><ssdm name=""/></StgValue>
</bind>
</comp>

<comp id="42" class="1001" name="const_42">
<pin_list>
<pin id="43" dir="1" index="0" bw="1" slack="0"/>
</pin_list>
<bind>
<StgValue><ssdm name="_ssdm_op_Read.ap_auto.i8"/></StgValue>
</bind>
</comp>

<comp id="44" class="1001" name="const_44">
<pin_list>
<pin id="45" dir="1" index="0" bw="1" slack="2147483647"/>
</pin_list>
<bind>
<StgValue><ssdm name="_ssdm_op_SpecPipeline"/></StgValue>
</bind>
</comp>

<comp id="46" class="1001" name="const_46">
<pin_list>
<pin id="47" dir="1" index="0" bw="1" slack="2147483647"/>
</pin_list>
<bind>
<StgValue><ssdm name=""/></StgValue>
</bind>
</comp>

<comp id="48" class="1001" name="const_48">
<pin_list>
<pin id="49" dir="1" index="0" bw="1" slack="2147483647"/>
</pin_list>
<bind>
<StgValue><ssdm name="_ssdm_op_SpecLoopName"/></StgValue>
</bind>
</comp>

<comp id="50" class="1001" name="const_50">
<pin_list>
<pin id="51" dir="1" index="0" bw="1" slack="2147483647"/>
</pin_list>
<bind>
<StgValue><ssdm name="empty_7"/></StgValue>
</bind>
</comp>

<comp id="52" class="1001" name="const_52">
<pin_list>
<pin id="53" dir="1" index="0" bw="1" slack="0"/>
</pin_list>
<bind>
<StgValue><ssdm name="_ssdm_op_Read.axis.volatile.i24P0A.i3P0A.i3P0A.i1P0A.i1P0A"/></StgValue>
</bind>
</comp>

<comp id="54" class="1001" name="const_54">
<pin_list>
<pin id="55" dir="1" index="0" bw="1" slack="0"/>
</pin_list>
<bind>
<StgValue><ssdm name="_ssdm_op_BitConcatenate.i32.i8.i24"/></StgValue>
</bind>
</comp>

<comp id="56" class="1001" name="const_56">
<pin_list>
<pin id="57" dir="1" index="0" bw="1" slack="0"/>
</pin_list>
<bind>
<StgValue><ssdm name="_ssdm_op_Write.axis.volatile.i32P0A.i4P0A.i4P0A.i1P0A.i1P0A"/></StgValue>
</bind>
</comp>

<comp id="58" class="1001" name="const_58">
<pin_list>
<pin id="59" dir="1" index="0" bw="1" slack="0"/>
</pin_list>
<bind>
<StgValue><ssdm name=""/></StgValue>
</bind>
</comp>

<comp id="60" class="1004" name="alpha_read_read_fu_60">
<pin_list>
<pin id="61" dir="0" index="0" bw="8" slack="0"/>
<pin id="62" dir="0" index="1" bw="8" slack="0"/>
<pin id="63" dir="1" index="2" bw="8" slack="0"/>
</pin_list>
<bind>
<opcode="read(1150) " fcode="read"/>
<opset="alpha_read/1 "/>
</bind>
</comp>

<comp id="66" class="1004" name="empty_read_fu_66">
<pin_list>
<pin id="67" dir="0" index="0" bw="32" slack="0"/>
<pin id="68" dir="0" index="1" bw="24" slack="0"/>
<pin id="69" dir="0" index="2" bw="3" slack="0"/>
<pin id="70" dir="0" index="3" bw="3" slack="0"/>
<pin id="71" dir="0" index="4" bw="1" slack="0"/>
<pin id="72" dir="0" index="5" bw="1" slack="0"/>
<pin id="73" dir="1" index="6" bw="32" slack="0"/>
</pin_list>
<bind>
<opcode="read(1150) " fcode="read"/>
<opset="empty/1 "/>
</bind>
</comp>

<comp id="80" class="1004" name="write_ln57_write_fu_80">
<pin_list>
<pin id="81" dir="0" index="0" bw="0" slack="0"/>
<pin id="82" dir="0" index="1" bw="32" slack="0"/>
<pin id="83" dir="0" index="2" bw="4" slack="0"/>
<pin id="84" dir="0" index="3" bw="4" slack="0"/>
<pin id="85" dir="0" index="4" bw="1" slack="0"/>
<pin id="86" dir="0" index="5" bw="1" slack="0"/>
<pin id="87" dir="0" index="6" bw="32" slack="0"/>
<pin id="88" dir="0" index="7" bw="1" slack="0"/>
<pin id="89" dir="0" index="8" bw="1" slack="0"/>
<pin id="90" dir="0" index="9" bw="1" slack="0"/>
<pin id="91" dir="0" index="10" bw="1" slack="0"/>
<pin id="92" dir="1" index="11" bw="0" slack="2147483647"/>
</pin_list>
<bind>
<opcode="write(1151) " fcode="write"/>
<opset="write_ln57/1 "/>
</bind>
</comp>

<comp id="101" class="1004" name="in_pixel_data_fu_101">
<pin_list>
<pin id="102" dir="0" index="0" bw="32" slack="0"/>
<pin id="103" dir="1" index="1" bw="24" slack="0"/>
</pin_list>
<bind>
<opcode="extractvalue(56) " fcode="extractvalue"/>
<opset="in_pixel_data/1 "/>
</bind>
</comp>

<comp id="105" class="1004" name="in_pixel_user_fu_105">
<pin_list>
<pin id="106" dir="0" index="0" bw="32" slack="0"/>
<pin id="107" dir="1" index="1" bw="1" slack="0"/>
</pin_list>
<bind>
<opcode="extractvalue(56) " fcode="extractvalue"/>
<opset="in_pixel_user/1 "/>
</bind>
</comp>

<comp id="110" class="1004" name="in_pixel_last_fu_110">
<pin_list>
<pin id="111" dir="0" index="0" bw="32" slack="0"/>
<pin id="112" dir="1" index="1" bw="1" slack="0"/>
</pin_list>
<bind>
<opcode="extractvalue(56) " fcode="extractvalue"/>
<opset="in_pixel_last/1 "/>
</bind>
</comp>

<comp id="115" class="1004" name="data_fu_115">
<pin_list>
<pin id="116" dir="0" index="0" bw="32" slack="0"/>
<pin id="117" dir="0" index="1" bw="8" slack="0"/>
<pin id="118" dir="0" index="2" bw="24" slack="0"/>
<pin id="119" dir="1" index="3" bw="32" slack="0"/>
</pin_list>
<bind>
<opcode="bitconcatenate(1004) " fcode="bitconcatenate"/>
<opset="data/1 "/>
</bind>
</comp>

</comp_list>

<net_list>
<net id="64"><net_src comp="42" pin="0"/><net_sink comp="60" pin=0"/></net>

<net id="65"><net_src comp="10" pin="0"/><net_sink comp="60" pin=1"/></net>

<net id="74"><net_src comp="52" pin="0"/><net_sink comp="66" pin=0"/></net>

<net id="75"><net_src comp="0" pin="0"/><net_sink comp="66" pin=1"/></net>

<net id="76"><net_src comp="2" pin="0"/><net_sink comp="66" pin=2"/></net>

<net id="77"><net_src comp="4" pin="0"/><net_sink comp="66" pin=3"/></net>

<net id="78"><net_src comp="6" pin="0"/><net_sink comp="66" pin=4"/></net>

<net id="79"><net_src comp="8" pin="0"/><net_sink comp="66" pin=5"/></net>

<net id="93"><net_src comp="56" pin="0"/><net_sink comp="80" pin=0"/></net>

<net id="94"><net_src comp="12" pin="0"/><net_sink comp="80" pin=1"/></net>

<net id="95"><net_src comp="14" pin="0"/><net_sink comp="80" pin=2"/></net>

<net id="96"><net_src comp="16" pin="0"/><net_sink comp="80" pin=3"/></net>

<net id="97"><net_src comp="18" pin="0"/><net_sink comp="80" pin=4"/></net>

<net id="98"><net_src comp="20" pin="0"/><net_sink comp="80" pin=5"/></net>

<net id="99"><net_src comp="58" pin="0"/><net_sink comp="80" pin=7"/></net>

<net id="100"><net_src comp="58" pin="0"/><net_sink comp="80" pin=8"/></net>

<net id="104"><net_src comp="66" pin="6"/><net_sink comp="101" pin=0"/></net>

<net id="108"><net_src comp="66" pin="6"/><net_sink comp="105" pin=0"/></net>

<net id="109"><net_src comp="105" pin="1"/><net_sink comp="80" pin=9"/></net>

<net id="113"><net_src comp="66" pin="6"/><net_sink comp="110" pin=0"/></net>

<net id="114"><net_src comp="110" pin="1"/><net_sink comp="80" pin=10"/></net>

<net id="120"><net_src comp="54" pin="0"/><net_sink comp="115" pin=0"/></net>

<net id="121"><net_src comp="60" pin="2"/><net_sink comp="115" pin=1"/></net>

<net id="122"><net_src comp="101" pin="1"/><net_sink comp="115" pin=2"/></net>

<net id="123"><net_src comp="115" pin="3"/><net_sink comp="80" pin=6"/></net>

</net_list>

</model> 
---------------- Datapath Model END ------------------

* FSMD analyzer results:
  - Output states:
	Port: stream_in_24_V_data_V | {}
	Port: stream_in_24_V_keep_V | {}
	Port: stream_in_24_V_strb_V | {}
	Port: stream_in_24_V_user_V | {}
	Port: stream_in_24_V_last_V | {}
	Port: stream_out_32_V_data_V | {1 }
	Port: stream_out_32_V_keep_V | {1 }
	Port: stream_out_32_V_strb_V | {1 }
	Port: stream_out_32_V_user_V | {1 }
	Port: stream_out_32_V_last_V | {1 }
 - Input state : 
	Port: pixel_pack_Pipeline_VITIS_LOOP_47_4 : stream_in_24_V_data_V | {1 }
	Port: pixel_pack_Pipeline_VITIS_LOOP_47_4 : stream_in_24_V_keep_V | {1 }
	Port: pixel_pack_Pipeline_VITIS_LOOP_47_4 : stream_in_24_V_strb_V | {1 }
	Port: pixel_pack_Pipeline_VITIS_LOOP_47_4 : stream_in_24_V_user_V | {1 }
	Port: pixel_pack_Pipeline_VITIS_LOOP_47_4 : stream_in_24_V_last_V | {1 }
	Port: pixel_pack_Pipeline_VITIS_LOOP_47_4 : alpha | {1 }
	Port: pixel_pack_Pipeline_VITIS_LOOP_47_4 : stream_out_32_V_data_V | {}
	Port: pixel_pack_Pipeline_VITIS_LOOP_47_4 : stream_out_32_V_keep_V | {}
	Port: pixel_pack_Pipeline_VITIS_LOOP_47_4 : stream_out_32_V_strb_V | {}
	Port: pixel_pack_Pipeline_VITIS_LOOP_47_4 : stream_out_32_V_user_V | {}
	Port: pixel_pack_Pipeline_VITIS_LOOP_47_4 : stream_out_32_V_last_V | {}
  - Chain level:
	State 1
		data : 1
		write_ln57 : 2
		br_ln47 : 1


============================================================
+ Verbose Summary: Datapath Resource usage 
============================================================

* Functional unit list:
|----------|------------------------|
| Operation|     Functional Unit    |
|----------|------------------------|
|   read   |  alpha_read_read_fu_60 |
|          |    empty_read_fu_66    |
|----------|------------------------|
|   write  | write_ln57_write_fu_80 |
|----------|------------------------|
|          |  in_pixel_data_fu_101  |
|extractvalue|  in_pixel_user_fu_105  |
|          |  in_pixel_last_fu_110  |
|----------|------------------------|
|bitconcatenate|       data_fu_115      |
|----------|------------------------|
|   Total  |                        |
|----------|------------------------|

Memories:
N/A

* Register list:
N/A

* Multiplexer (MUX) list: 
|--------|------|------|------|--------|
|  Comp  |  Pin | Size |  BW  | S x BW |
|--------|------|------|------|--------|
|  Total |      |      |      |    0   |
|--------|------|------|------|--------|



* Summary:
+-----------+
|           |
+-----------+
|  Function |
|   Memory  |
|Multiplexer|
|  Register |
+-----------+
|   Total   |
+-----------+
