

================================================================
== Vitis HLS Report for 'pixel_pack_Pipeline_VITIS_LOOP_62_5'
================================================================
* Date:           Fri Sep  6 14:45:49 2024

* Version:        2023.1.1 (Build 3869133 on Jun 15 2023)
* Project:        pixel_pack
* Solution:       solution1 (Vivado IP Flow Target)
* Product family: zynq
* Target device:  xc7z020-clg400-1


================================================================
== Performance Estimates
================================================================
+ Timing: 
    * Summary: 
    +--------+---------+----------+------------+
    |  Clock |  Target | Estimated| Uncertainty|
    +--------+---------+----------+------------+
    |ap_clk  |  7.00 ns|  3.415 ns|     1.89 ns|
    +--------+---------+----------+------------+

+ Latency: 
    * Summary: 
    +---------+---------+----------+----------+-----+-----+---------+
    |  Latency (cycles) |  Latency (absolute) |  Interval | Pipeline|
    |   min   |   max   |    min   |    max   | min | max |   Type  |
    +---------+---------+----------+----------+-----+-----+---------+
    |        ?|        ?|         ?|         ?|    ?|    ?|       no|
    +---------+---------+----------+----------+-----+-----+---------+

    + Detail: 
        * Instance: 
        N/A

        * Loop: 
        +-------------------+---------+---------+----------+-----------+-----------+------+----------+
        |                   |  Latency (cycles) | Iteration|  Initiation Interval  | Trip |          |
        |     Loop Name     |   min   |   max   |  Latency |  achieved |   target  | Count| Pipelined|
        +-------------------+---------+---------+----------+-----------+-----------+------+----------+
        |- VITIS_LOOP_62_5  |        ?|        ?|         4|          4|          4|     ?|       yes|
        +-------------------+---------+---------+----------+-----------+-----------+------+----------+

============================================================
+ Verbose Summary: Synthesis Manager
============================================================
InlineROM: 1
ExposeGlobal: 0
============================================================
+ Verbose Summary: CDFG Model
============================================================
IsTopModel: 0
ResetActiveHigh: 1
IsCombinational: 0
IsDatapathOnly: 0
HasWiredReturn: 1
HasMFsm: 2
HasVarLatency: 1
IsPipeline: 0
IsRtlPipelined: 0
IsInstanceOverlapped: 0
IsDontTouch: 0
HasImplIP: 0
IsGatedGlobalClock: 0

+ Individual pipeline summary: 
  * Pipeline-0: initiation interval (II) = 4, depth = 4


============================================================
+ Verbose Summary: Schedule
============================================================
* Number of FSM states : 4
* Pipeline : 1
  Pipeline-0 : II = 4, D = 4, States = { 1 2 3 4 }
* Dataflow Pipeline: 0

* FSM state transitions: 
1 --> 2 
2 --> 3 
3 --> 4 
4 --> 

* FSM state operations: 

State 1 <SV = 0> <Delay = 3.17>
ST_1 : Operation 7 [1/1] (0.00ns)   --->   "%specaxissidechannel_ln0 = specaxissidechannel void @_ssdm_op_SpecAXISSideChannel, i32 %stream_out_32_V_data_V, i4 %stream_out_32_V_keep_V, i4 %stream_out_32_V_strb_V, i1 %stream_out_32_V_user_V, i1 %stream_out_32_V_last_V, i1 0, i1 0, void @empty_11"   --->   Operation 7 'specaxissidechannel' 'specaxissidechannel_ln0' <Predicate = true> <Delay = 0.00>
ST_1 : Operation 8 [1/1] (0.00ns)   --->   "%specaxissidechannel_ln0 = specaxissidechannel void @_ssdm_op_SpecAXISSideChannel, i24 %stream_in_24_V_data_V, i3 %stream_in_24_V_keep_V, i3 %stream_in_24_V_strb_V, i1 %stream_in_24_V_user_V, i1 %stream_in_24_V_last_V, i1 0, i1 0, void @empty_12"   --->   Operation 8 'specaxissidechannel' 'specaxissidechannel_ln0' <Predicate = true> <Delay = 0.00>
ST_1 : Operation 9 [1/1] (0.00ns)   --->   "%specinterface_ln0 = specinterface void @_ssdm_op_SpecInterface, i1 %stream_out_32_V_last_V, void @empty_2, i32 0, i32 0, void @empty_3, i32 0, i32 0, void @empty_4, void @empty_4, void @empty_4, i32 0, i32 0, i32 0, i32 0, void @empty_4, void @empty_4, i32 4294967295, i32 0"   --->   Operation 9 'specinterface' 'specinterface_ln0' <Predicate = true> <Delay = 0.00>
ST_1 : Operation 10 [1/1] (0.00ns)   --->   "%specinterface_ln0 = specinterface void @_ssdm_op_SpecInterface, i1 %stream_out_32_V_user_V, void @empty_2, i32 0, i32 0, void @empty_3, i32 0, i32 0, void @empty_4, void @empty_4, void @empty_4, i32 0, i32 0, i32 0, i32 0, void @empty_4, void @empty_4, i32 4294967295, i32 0"   --->   Operation 10 'specinterface' 'specinterface_ln0' <Predicate = true> <Delay = 0.00>
ST_1 : Operation 11 [1/1] (0.00ns)   --->   "%specinterface_ln0 = specinterface void @_ssdm_op_SpecInterface, i4 %stream_out_32_V_strb_V, void @empty_2, i32 0, i32 0, void @empty_3, i32 0, i32 0, void @empty_4, void @empty_4, void @empty_4, i32 0, i32 0, i32 0, i32 0, void @empty_4, void @empty_4, i32 4294967295, i32 0"   --->   Operation 11 'specinterface' 'specinterface_ln0' <Predicate = true> <Delay = 0.00>
ST_1 : Operation 12 [1/1] (0.00ns)   --->   "%specinterface_ln0 = specinterface void @_ssdm_op_SpecInterface, i4 %stream_out_32_V_keep_V, void @empty_2, i32 0, i32 0, void @empty_3, i32 0, i32 0, void @empty_4, void @empty_4, void @empty_4, i32 0, i32 0, i32 0, i32 0, void @empty_4, void @empty_4, i32 4294967295, i32 0"   --->   Operation 12 'specinterface' 'specinterface_ln0' <Predicate = true> <Delay = 0.00>
ST_1 : Operation 13 [1/1] (0.00ns)   --->   "%specinterface_ln0 = specinterface void @_ssdm_op_SpecInterface, i32 %stream_out_32_V_data_V, void @empty_2, i32 0, i32 0, void @empty_3, i32 0, i32 0, void @empty_4, void @empty_4, void @empty_4, i32 0, i32 0, i32 0, i32 0, void @empty_4, void @empty_4, i32 4294967295, i32 0"   --->   Operation 13 'specinterface' 'specinterface_ln0' <Predicate = true> <Delay = 0.00>
ST_1 : Operation 14 [1/1] (0.00ns)   --->   "%specinterface_ln0 = specinterface void @_ssdm_op_SpecInterface, i1 %stream_in_24_V_last_V, void @empty_2, i32 0, i32 0, void @empty_3, i32 0, i32 0, void @empty_4, void @empty_4, void @empty_4, i32 0, i32 0, i32 0, i32 0, void @empty_4, void @empty_4, i32 4294967295, i32 0"   --->   Operation 14 'specinterface' 'specinterface_ln0' <Predicate = true> <Delay = 0.00>
ST_1 : Operation 15 [1/1] (0.00ns)   --->   "%specinterface_ln0 = specinterface void @_ssdm_op_SpecInterface, i1 %stream_in_24_V_user_V, void @empty_2, i32 0, i32 0, void @empty_3, i32 0, i32 0, void @empty_4, void @empty_4, void @empty_4, i32 0, i32 0, i32 0, i32 0, void @empty_4, void @empty_4, i32 4294967295, i32 0"   --->   Operation 15 'specinterface' 'specinterface_ln0' <Predicate = true> <Delay = 0.00>
ST_1 : Operation 16 [1/1] (0.00ns)   --->   "%specinterface_ln0 = specinterface void @_ssdm_op_SpecInterface, i3 %stream_in_24_V_strb_V, void @empty_2, i32 0, i32 0, void @empty_3, i32 0, i32 0, void @empty_4, void @empty_4, void @empty_4, i32 0, i32 0, i32 0, i32 0, void @empty_4, void @empty_4, i32 4294967295, i32 0"   --->   Operation 16 'specinterface' 'specinterface_ln0' <Predicate = true> <Delay = 0.00>
ST_1 : Operation 17 [1/1] (0.00ns)   --->   "%specinterface_ln0 = specinterface void @_ssdm_op_SpecInterface, i3 %stream_in_24_V_keep_V, void @empty_2, i32 0, i32 0, void @empty_3, i32 0, i32 0, void @empty_4, void @empty_4, void @empty_4, i32 0, i32 0, i32 0, i32 0, void @empty_4, void @empty_4, i32 4294967295, i32 0"   --->   Operation 17 'specinterface' 'specinterface_ln0' <Predicate = true> <Delay = 0.00>
ST_1 : Operation 18 [1/1] (0.00ns)   --->   "%specinterface_ln0 = specinterface void @_ssdm_op_SpecInterface, i24 %stream_in_24_V_data_V, void @empty_2, i32 0, i32 0, void @empty_3, i32 0, i32 0, void @empty_4, void @empty_4, void @empty_4, i32 0, i32 0, i32 0, i32 0, void @empty_4, void @empty_4, i32 4294967295, i32 0"   --->   Operation 18 'specinterface' 'specinterface_ln0' <Predicate = true> <Delay = 0.00>
ST_1 : Operation 19 [1/1] (1.58ns)   --->   "%br_ln0 = br void %while.cond51"   --->   Operation 19 'br' 'br_ln0' <Predicate = true> <Delay = 1.58>
ST_1 : Operation 20 [1/1] (0.00ns)   --->   "%delayed_last = phi i1 %last_4, void %if.end85, i1 0, void %newFuncRoot"   --->   Operation 20 'phi' 'delayed_last' <Predicate = true> <Delay = 0.00>
ST_1 : Operation 21 [1/1] (0.00ns)   --->   "%last_4 = phi i1 %last_6_3861, void %if.end85, i1 0, void %newFuncRoot" [pixel_pack/pixel_pack.cpp:69]   --->   Operation 21 'phi' 'last_4' <Predicate = true> <Delay = 0.00>
ST_1 : Operation 22 [1/1] (0.00ns)   --->   "%br_ln62 = br i1 %delayed_last, void %for.body60, void %sw.epilog.loopexit6.exitStub" [pixel_pack/pixel_pack.cpp:62]   --->   Operation 22 'br' 'br_ln62' <Predicate = true> <Delay = 0.00>
ST_1 : Operation 23 [1/1] (0.00ns)   --->   "%specpipeline_ln63 = specpipeline void @_ssdm_op_SpecPipeline, i32 4, i32 0, i32 0, i32 0, void @empty_4" [pixel_pack/pixel_pack.cpp:63]   --->   Operation 23 'specpipeline' 'specpipeline_ln63' <Predicate = (!delayed_last)> <Delay = 0.00>
ST_1 : Operation 24 [1/1] (0.00ns)   --->   "%specloopname_ln62 = specloopname void @_ssdm_op_SpecLoopName, void @empty_9" [pixel_pack/pixel_pack.cpp:62]   --->   Operation 24 'specloopname' 'specloopname_ln62' <Predicate = (!delayed_last)> <Delay = 0.00>
ST_1 : Operation 25 [1/1] (1.58ns)   --->   "%br_ln68 = br i1 %last_4, void %if.then61, void %if.end85" [pixel_pack/pixel_pack.cpp:68]   --->   Operation 25 'br' 'br_ln68' <Predicate = (!delayed_last)> <Delay = 1.58>
ST_1 : Operation 26 [1/1] (0.00ns)   --->   "%empty = read i32 @_ssdm_op_Read.axis.volatile.i24P0A.i3P0A.i3P0A.i1P0A.i1P0A, i24 %stream_in_24_V_data_V, i3 %stream_in_24_V_keep_V, i3 %stream_in_24_V_strb_V, i1 %stream_in_24_V_user_V, i1 %stream_in_24_V_last_V" [pixel_pack/pixel_pack.cpp:69]   --->   Operation 26 'read' 'empty' <Predicate = (!delayed_last & !last_4)> <Delay = 0.00> <CoreInst = "axis">   --->   Core 115 'axis' <Latency = 0> <II = 1> <Delay = 1.00> <Adapter> <Opcode : >
ST_1 : Operation 27 [1/1] (0.00ns)   --->   "%in_pixel_data = extractvalue i32 %empty" [pixel_pack/pixel_pack.cpp:69]   --->   Operation 27 'extractvalue' 'in_pixel_data' <Predicate = (!delayed_last & !last_4)> <Delay = 0.00>
ST_1 : Operation 28 [1/1] (0.00ns)   --->   "%in_pixel_user_4 = extractvalue i32 %empty" [pixel_pack/pixel_pack.cpp:69]   --->   Operation 28 'extractvalue' 'in_pixel_user_4' <Predicate = (!delayed_last & !last_4)> <Delay = 0.00>
ST_1 : Operation 29 [1/1] (0.00ns)   --->   "%in_pixel_last = extractvalue i32 %empty" [pixel_pack/pixel_pack.cpp:69]   --->   Operation 29 'extractvalue' 'in_pixel_last' <Predicate = (!delayed_last & !last_4)> <Delay = 0.00>
ST_1 : Operation 30 [1/1] (0.00ns)   --->   "%trunc_ln72 = trunc i24 %in_pixel_data" [pixel_pack/pixel_pack.cpp:72]   --->   Operation 30 'trunc' 'trunc_ln72' <Predicate = (!delayed_last & !last_4)> <Delay = 0.00>
ST_1 : Operation 64 [1/1] (0.00ns)   --->   "%ret_ln0 = ret"   --->   Operation 64 'ret' 'ret_ln0' <Predicate = (delayed_last)> <Delay = 0.00>

State 2 <SV = 1> <Delay = 1.82>
ST_2 : Operation 31 [1/1] (0.00ns)   --->   "%data = partset i32 @_ssdm_op_PartSet.i32.i32.i8.i32.i32, i32 0, i8 %trunc_ln72, i32 0, i32 7" [pixel_pack/pixel_pack.cpp:72]   --->   Operation 31 'partset' 'data' <Predicate = (!delayed_last & !last_4)> <Delay = 0.00>
ST_2 : Operation 32 [1/1] (1.82ns)   --->   "%br_ln68 = br i1 %in_pixel_last, void %if.then61.1, void %if.then79" [pixel_pack/pixel_pack.cpp:68]   --->   Operation 32 'br' 'br_ln68' <Predicate = (!delayed_last & !last_4)> <Delay = 1.82>
ST_2 : Operation 33 [1/1] (0.00ns)   --->   "%empty_31 = read i32 @_ssdm_op_Read.axis.volatile.i24P0A.i3P0A.i3P0A.i1P0A.i1P0A, i24 %stream_in_24_V_data_V, i3 %stream_in_24_V_keep_V, i3 %stream_in_24_V_strb_V, i1 %stream_in_24_V_user_V, i1 %stream_in_24_V_last_V" [pixel_pack/pixel_pack.cpp:69]   --->   Operation 33 'read' 'empty_31' <Predicate = (!delayed_last & !last_4 & !in_pixel_last)> <Delay = 0.00> <CoreInst = "axis">   --->   Core 115 'axis' <Latency = 0> <II = 1> <Delay = 1.00> <Adapter> <Opcode : >
ST_2 : Operation 34 [1/1] (0.00ns)   --->   "%in_pixel_data_2 = extractvalue i32 %empty_31" [pixel_pack/pixel_pack.cpp:69]   --->   Operation 34 'extractvalue' 'in_pixel_data_2' <Predicate = (!delayed_last & !last_4 & !in_pixel_last)> <Delay = 0.00>
ST_2 : Operation 35 [1/1] (0.00ns) (grouped into LUT with out node user_2)   --->   "%in_pixel_user = extractvalue i32 %empty_31" [pixel_pack/pixel_pack.cpp:69]   --->   Operation 35 'extractvalue' 'in_pixel_user' <Predicate = (!delayed_last & !last_4 & !in_pixel_last)> <Delay = 0.00>
ST_2 : Operation 36 [1/1] (0.00ns)   --->   "%in_pixel_last_1 = extractvalue i32 %empty_31" [pixel_pack/pixel_pack.cpp:69]   --->   Operation 36 'extractvalue' 'in_pixel_last_1' <Predicate = (!delayed_last & !last_4 & !in_pixel_last)> <Delay = 0.00>
ST_2 : Operation 37 [1/1] (0.97ns) (out node of the LUT)   --->   "%user_2 = or i1 %in_pixel_user, i1 %in_pixel_user_4" [pixel_pack/pixel_pack.cpp:70]   --->   Operation 37 'or' 'user_2' <Predicate = (!delayed_last & !last_4 & !in_pixel_last)> <Delay = 0.97> <CoreInst = "LogicGate">   --->   Core 74 'LogicGate' <Latency = 0> <II = 1> <Delay = 0.97> <FuncUnit> <Opcode : 'and' 'or' 'xor'> <InPorts = 2> <OutPorts = 1>
ST_2 : Operation 38 [1/1] (0.00ns)   --->   "%trunc_ln72_1 = trunc i24 %in_pixel_data_2" [pixel_pack/pixel_pack.cpp:72]   --->   Operation 38 'trunc' 'trunc_ln72_1' <Predicate = (!delayed_last & !last_4 & !in_pixel_last)> <Delay = 0.00>

State 3 <SV = 2> <Delay = 1.82>
ST_3 : Operation 39 [1/1] (0.00ns)   --->   "%data_1 = partset i32 @_ssdm_op_PartSet.i32.i32.i8.i32.i32, i32 %data, i8 %trunc_ln72_1, i32 8, i32 15" [pixel_pack/pixel_pack.cpp:72]   --->   Operation 39 'partset' 'data_1' <Predicate = (!delayed_last & !last_4 & !in_pixel_last)> <Delay = 0.00>
ST_3 : Operation 40 [1/1] (1.82ns)   --->   "%br_ln68 = br i1 %in_pixel_last_1, void %if.then61.2, void %if.then79" [pixel_pack/pixel_pack.cpp:68]   --->   Operation 40 'br' 'br_ln68' <Predicate = (!delayed_last & !last_4 & !in_pixel_last)> <Delay = 1.82>
ST_3 : Operation 41 [1/1] (0.00ns)   --->   "%empty_32 = read i32 @_ssdm_op_Read.axis.volatile.i24P0A.i3P0A.i3P0A.i1P0A.i1P0A, i24 %stream_in_24_V_data_V, i3 %stream_in_24_V_keep_V, i3 %stream_in_24_V_strb_V, i1 %stream_in_24_V_user_V, i1 %stream_in_24_V_last_V" [pixel_pack/pixel_pack.cpp:69]   --->   Operation 41 'read' 'empty_32' <Predicate = (!delayed_last & !last_4 & !in_pixel_last & !in_pixel_last_1)> <Delay = 0.00> <CoreInst = "axis">   --->   Core 115 'axis' <Latency = 0> <II = 1> <Delay = 1.00> <Adapter> <Opcode : >
ST_3 : Operation 42 [1/1] (0.00ns)   --->   "%in_pixel_data_3 = extractvalue i32 %empty_32" [pixel_pack/pixel_pack.cpp:69]   --->   Operation 42 'extractvalue' 'in_pixel_data_3' <Predicate = (!delayed_last & !last_4 & !in_pixel_last & !in_pixel_last_1)> <Delay = 0.00>
ST_3 : Operation 43 [1/1] (0.00ns) (grouped into LUT with out node user_3)   --->   "%in_pixel_user_2 = extractvalue i32 %empty_32" [pixel_pack/pixel_pack.cpp:69]   --->   Operation 43 'extractvalue' 'in_pixel_user_2' <Predicate = (!delayed_last & !last_4 & !in_pixel_last & !in_pixel_last_1)> <Delay = 0.00>
ST_3 : Operation 44 [1/1] (0.00ns)   --->   "%in_pixel_last_2 = extractvalue i32 %empty_32" [pixel_pack/pixel_pack.cpp:69]   --->   Operation 44 'extractvalue' 'in_pixel_last_2' <Predicate = (!delayed_last & !last_4 & !in_pixel_last & !in_pixel_last_1)> <Delay = 0.00>
ST_3 : Operation 45 [1/1] (0.97ns) (out node of the LUT)   --->   "%user_3 = or i1 %in_pixel_user_2, i1 %user_2" [pixel_pack/pixel_pack.cpp:70]   --->   Operation 45 'or' 'user_3' <Predicate = (!delayed_last & !last_4 & !in_pixel_last & !in_pixel_last_1)> <Delay = 0.97> <CoreInst = "LogicGate">   --->   Core 74 'LogicGate' <Latency = 0> <II = 1> <Delay = 0.97> <FuncUnit> <Opcode : 'and' 'or' 'xor'> <InPorts = 2> <OutPorts = 1>
ST_3 : Operation 46 [1/1] (0.00ns)   --->   "%trunc_ln72_2 = trunc i24 %in_pixel_data_3" [pixel_pack/pixel_pack.cpp:72]   --->   Operation 46 'trunc' 'trunc_ln72_2' <Predicate = (!delayed_last & !last_4 & !in_pixel_last & !in_pixel_last_1)> <Delay = 0.00>
ST_3 : Operation 47 [1/1] (0.00ns)   --->   "%data_2 = partset i32 @_ssdm_op_PartSet.i32.i32.i8.i32.i32, i32 %data_1, i8 %trunc_ln72_2, i32 16, i32 23" [pixel_pack/pixel_pack.cpp:72]   --->   Operation 47 'partset' 'data_2' <Predicate = (!delayed_last & !last_4 & !in_pixel_last & !in_pixel_last_1)> <Delay = 0.00>
ST_3 : Operation 48 [1/1] (1.82ns)   --->   "%br_ln68 = br i1 %in_pixel_last_2, void %if.then61.3, void %if.then79" [pixel_pack/pixel_pack.cpp:68]   --->   Operation 48 'br' 'br_ln68' <Predicate = (!delayed_last & !last_4 & !in_pixel_last & !in_pixel_last_1)> <Delay = 1.82>

State 4 <SV = 3> <Delay = 3.41>
ST_4 : Operation 49 [1/1] (0.00ns)   --->   "%empty_33 = read i32 @_ssdm_op_Read.axis.volatile.i24P0A.i3P0A.i3P0A.i1P0A.i1P0A, i24 %stream_in_24_V_data_V, i3 %stream_in_24_V_keep_V, i3 %stream_in_24_V_strb_V, i1 %stream_in_24_V_user_V, i1 %stream_in_24_V_last_V" [pixel_pack/pixel_pack.cpp:69]   --->   Operation 49 'read' 'empty_33' <Predicate = (!delayed_last & !last_4 & !in_pixel_last & !in_pixel_last_1 & !in_pixel_last_2)> <Delay = 0.00> <CoreInst = "axis">   --->   Core 115 'axis' <Latency = 0> <II = 1> <Delay = 1.00> <Adapter> <Opcode : >
ST_4 : Operation 50 [1/1] (0.00ns)   --->   "%in_pixel_data_4 = extractvalue i32 %empty_33" [pixel_pack/pixel_pack.cpp:69]   --->   Operation 50 'extractvalue' 'in_pixel_data_4' <Predicate = (!delayed_last & !last_4 & !in_pixel_last & !in_pixel_last_1 & !in_pixel_last_2)> <Delay = 0.00>
ST_4 : Operation 51 [1/1] (0.00ns) (grouped into LUT with out node user_4)   --->   "%in_pixel_user_3 = extractvalue i32 %empty_33" [pixel_pack/pixel_pack.cpp:69]   --->   Operation 51 'extractvalue' 'in_pixel_user_3' <Predicate = (!delayed_last & !last_4 & !in_pixel_last & !in_pixel_last_1 & !in_pixel_last_2)> <Delay = 0.00>
ST_4 : Operation 52 [1/1] (0.00ns)   --->   "%in_pixel_last_3 = extractvalue i32 %empty_33" [pixel_pack/pixel_pack.cpp:69]   --->   Operation 52 'extractvalue' 'in_pixel_last_3' <Predicate = (!delayed_last & !last_4 & !in_pixel_last & !in_pixel_last_1 & !in_pixel_last_2)> <Delay = 0.00>
ST_4 : Operation 53 [1/1] (0.97ns) (out node of the LUT)   --->   "%user_4 = or i1 %in_pixel_user_3, i1 %user_3" [pixel_pack/pixel_pack.cpp:70]   --->   Operation 53 'or' 'user_4' <Predicate = (!delayed_last & !last_4 & !in_pixel_last & !in_pixel_last_1 & !in_pixel_last_2)> <Delay = 0.97> <CoreInst = "LogicGate">   --->   Core 74 'LogicGate' <Latency = 0> <II = 1> <Delay = 0.97> <FuncUnit> <Opcode : 'and' 'or' 'xor'> <InPorts = 2> <OutPorts = 1>
ST_4 : Operation 54 [1/1] (0.00ns)   --->   "%trunc_ln72_3 = trunc i24 %in_pixel_data_4" [pixel_pack/pixel_pack.cpp:72]   --->   Operation 54 'trunc' 'trunc_ln72_3' <Predicate = (!delayed_last & !last_4 & !in_pixel_last & !in_pixel_last_1 & !in_pixel_last_2)> <Delay = 0.00>
ST_4 : Operation 55 [1/1] (0.00ns)   --->   "%data_3 = bitconcatenate i32 @_ssdm_op_BitConcatenate.i32.i8.i8.i8.i8, i8 %trunc_ln72_3, i8 %trunc_ln72_2, i8 %trunc_ln72_1, i8 %trunc_ln72" [pixel_pack/pixel_pack.cpp:72]   --->   Operation 55 'bitconcatenate' 'data_3' <Predicate = (!delayed_last & !last_4 & !in_pixel_last & !in_pixel_last_1 & !in_pixel_last_2)> <Delay = 0.00>
ST_4 : Operation 56 [1/1] (1.82ns)   --->   "%br_ln73 = br void %if.then79" [pixel_pack/pixel_pack.cpp:73]   --->   Operation 56 'br' 'br_ln73' <Predicate = (!delayed_last & !last_4 & !in_pixel_last & !in_pixel_last_1 & !in_pixel_last_2)> <Delay = 1.82>
ST_4 : Operation 57 [1/1] (0.00ns)   --->   "%p_0 = phi i32 %data_3, void %if.then61.3, i32 %data, void %if.then61, i32 %data_1, void %if.then61.1, i32 %data_2, void %if.then61.2"   --->   Operation 57 'phi' 'p_0' <Predicate = (!delayed_last & !last_4)> <Delay = 0.00>
ST_4 : Operation 58 [1/1] (0.00ns)   --->   "%p_041 = phi i1 %user_4, void %if.then61.3, i1 %in_pixel_user_4, void %if.then61, i1 %user_2, void %if.then61.1, i1 %user_3, void %if.then61.2"   --->   Operation 58 'phi' 'p_041' <Predicate = (!delayed_last & !last_4)> <Delay = 0.00>
ST_4 : Operation 59 [1/1] (0.00ns)   --->   "%p_040 = phi i1 %in_pixel_last_3, void %if.then61.3, i1 1, void %if.then61, i1 1, void %if.then61.1, i1 1, void %if.then61.2"   --->   Operation 59 'phi' 'p_040' <Predicate = (!delayed_last & !last_4)> <Delay = 0.00>
ST_4 : Operation 60 [1/1] (0.00ns)   --->   "%write_ln79 = write void @_ssdm_op_Write.axis.volatile.i32P0A.i4P0A.i4P0A.i1P0A.i1P0A, i32 %stream_out_32_V_data_V, i4 %stream_out_32_V_keep_V, i4 %stream_out_32_V_strb_V, i1 %stream_out_32_V_user_V, i1 %stream_out_32_V_last_V, i32 %p_0, i4 0, i4 0, i1 %p_041, i1 %p_040" [pixel_pack/pixel_pack.cpp:79]   --->   Operation 60 'write' 'write_ln79' <Predicate = (!delayed_last & !last_4)> <Delay = 0.00> <CoreInst = "axis">   --->   Core 115 'axis' <Latency = 0> <II = 1> <Delay = 1.00> <Adapter> <Opcode : >
ST_4 : Operation 61 [1/1] (1.58ns)   --->   "%br_ln80 = br void %if.end85" [pixel_pack/pixel_pack.cpp:80]   --->   Operation 61 'br' 'br_ln80' <Predicate = (!delayed_last & !last_4)> <Delay = 1.58>
ST_4 : Operation 62 [1/1] (0.00ns)   --->   "%last_6_3861 = phi i1 %p_040, void %if.then79, i1 1, void %for.body60" [pixel_pack/pixel_pack.cpp:69]   --->   Operation 62 'phi' 'last_6_3861' <Predicate = (!delayed_last)> <Delay = 0.00>
ST_4 : Operation 63 [1/1] (0.00ns)   --->   "%br_ln62 = br void %while.cond51" [pixel_pack/pixel_pack.cpp:62]   --->   Operation 63 'br' 'br_ln62' <Predicate = (!delayed_last)> <Delay = 0.00>


============================================================
+ Verbose Summary: Timing violations
============================================================
Target clock period: 7.000ns, clock uncertainty: 1.890ns.

 <State 1>: 3.176ns
The critical path consists of the following:
	multiplexor before 'phi' operation ('last', pixel_pack/pixel_pack.cpp:69) with incoming values : ('in_pixel.last', pixel_pack/pixel_pack.cpp:69) [26]  (1.588 ns)
	'phi' operation ('last', pixel_pack/pixel_pack.cpp:69) with incoming values : ('in_pixel.last', pixel_pack/pixel_pack.cpp:69) [26]  (0.000 ns)
	multiplexor before 'phi' operation ('last_6_3861', pixel_pack/pixel_pack.cpp:69) with incoming values : ('in_pixel.last', pixel_pack/pixel_pack.cpp:69) [74]  (1.588 ns)

 <State 2>: 1.827ns
The critical path consists of the following:
	multiplexor before 'phi' operation ('data') with incoming values : ('data', pixel_pack/pixel_pack.cpp:72) [68]  (1.827 ns)

 <State 3>: 1.827ns
The critical path consists of the following:
	multiplexor before 'phi' operation ('data') with incoming values : ('data', pixel_pack/pixel_pack.cpp:72) [68]  (1.827 ns)

 <State 4>: 3.415ns
The critical path consists of the following:
	axis read operation ('empty_33', pixel_pack/pixel_pack.cpp:69) on port 'stream_in_24_V_data_V' (pixel_pack/pixel_pack.cpp:69) [59]  (0.000 ns)
	multiplexor before 'phi' operation ('in_pixel.last') with incoming values : ('in_pixel.last', pixel_pack/pixel_pack.cpp:69) [70]  (1.827 ns)
	'phi' operation ('in_pixel.last') with incoming values : ('in_pixel.last', pixel_pack/pixel_pack.cpp:69) [70]  (0.000 ns)
	multiplexor before 'phi' operation ('last_6_3861', pixel_pack/pixel_pack.cpp:69) with incoming values : ('in_pixel.last', pixel_pack/pixel_pack.cpp:69) [74]  (1.588 ns)
	'phi' operation ('last_6_3861', pixel_pack/pixel_pack.cpp:69) with incoming values : ('in_pixel.last', pixel_pack/pixel_pack.cpp:69) [74]  (0.000 ns)


============================================================
+ Verbose Summary: Binding
============================================================
N/A
* FSMD analyzer results:
  - Output states:
 - Input state : 
  - Chain level:
	State 1
	State 2
	State 3
	State 4


============================================================
+ Verbose Summary: Datapath Resource usage 
============================================================
N/A
