

================================================================
== Vitis HLS Report for 'pixel_unpack_Pipeline_VITIS_LOOP_68_7'
================================================================
* Date:           Fri Sep  6 14:46:31 2024

* Version:        2023.1.1 (Build 3869133 on Jun 15 2023)
* Project:        pixel_unpack
* Solution:       solution1 (Vivado IP Flow Target)
* Product family: zynq
* Target device:  xc7z020-clg400-1


================================================================
== Performance Estimates
================================================================
+ Timing: 
    * Summary: 
    +--------+---------+----------+------------+
    |  Clock |  Target | Estimated| Uncertainty|
    +--------+---------+----------+------------+
    |ap_clk  |  7.00 ns|      0 ns|     1.89 ns|
    +--------+---------+----------+------------+

+ Latency: 
    * Summary: 
    +---------+---------+----------+----------+-----+-----+---------+
    |  Latency (cycles) |  Latency (absolute) |  Interval | Pipeline|
    |   min   |   max   |    min   |    max   | min | max |   Type  |
    +---------+---------+----------+----------+-----+-----+---------+
    |        ?|        ?|         ?|         ?|    ?|    ?|       no|
    +---------+---------+----------+----------+-----+-----+---------+

    + Detail: 
        * Instance: 
        N/A

        * Loop: 
        +-------------------+---------+---------+----------+-----------+-----------+------+----------+
        |                   |  Latency (cycles) | Iteration|  Initiation Interval  | Trip |          |
        |     Loop Name     |   min   |   max   |  Latency |  achieved |   target  | Count| Pipelined|
        +-------------------+---------+---------+----------+-----------+-----------+------+----------+
        |- VITIS_LOOP_68_7  |        ?|        ?|         2|          2|          2|     ?|       yes|
        +-------------------+---------+---------+----------+-----------+-----------+------+----------+



================================================================
== Utilization Estimates
================================================================
* Summary: 
+-----------------+---------+-----+--------+-------+-----+
|       Name      | BRAM_18K| DSP |   FF   |  LUT  | URAM|
+-----------------+---------+-----+--------+-------+-----+
|DSP              |        -|    -|       -|      -|    -|
|Expression       |        -|    -|       0|      2|    -|
|FIFO             |        -|    -|       -|      -|    -|
|Instance         |        -|    -|       -|      -|    -|
|Memory           |        -|    -|       -|      -|    -|
|Multiplexer      |        -|    -|       -|     83|    -|
|Register         |        -|    -|      20|      -|    -|
+-----------------+---------+-----+--------+-------+-----+
|Total            |        0|    0|      20|     85|    0|
+-----------------+---------+-----+--------+-------+-----+
|Available        |      280|  220|  106400|  53200|    0|
+-----------------+---------+-----+--------+-------+-----+
|Utilization (%)  |        0|    0|      ~0|     ~0|    0|
+-----------------+---------+-----+--------+-------+-----+

+ Detail: 
    * Instance: 
    N/A

    * DSP: 
    N/A

    * Memory: 
    N/A

    * FIFO: 
    N/A

    * Expression: 
    +----------------------------------+----------+----+---+----+------------+------------+
    |           Variable Name          | Operation| DSP| FF| LUT| Bitwidth P0| Bitwidth P1|
    +----------------------------------+----------+----+---+----+------------+------------+
    |ap_block_state1_pp0_stage0_iter0  |        or|   0|  0|   2|           1|           1|
    +----------------------------------+----------+----+---+----+------------+------------+
    |Total                             |          |   0|  0|   2|           1|           1|
    +----------------------------------+----------+----+---+----+------------+------------+

    * Multiplexer: 
    +---------------------------+----+-----------+-----+-----------+
    |            Name           | LUT| Input Size| Bits| Total Bits|
    +---------------------------+----+-----------+-----+-----------+
    |ap_NS_fsm                  |  14|          3|    1|          3|
    |ap_done_int                |   9|          2|    1|          2|
    |stream_in_32_TDATA_blk_n   |   9|          2|    1|          2|
    |stream_out_24_TDATA        |  14|          3|   24|         72|
    |stream_out_24_TDATA_blk_n  |   9|          2|    1|          2|
    |stream_out_24_TLAST        |  14|          3|    1|          3|
    |stream_out_24_TUSER        |  14|          3|    1|          3|
    +---------------------------+----+-----------+-----+-----------+
    |Total                      |  83|         18|   30|         87|
    +---------------------------+----+-----------+-----+-----------+

    * Register: 
    +-----------------------+----+----+-----+-----------+
    |          Name         | FF | LUT| Bits| Const Bits|
    +-----------------------+----+----+-----+-----------+
    |ap_CS_fsm              |   2|   0|    2|          0|
    |ap_done_reg            |   1|   0|    1|          0|
    |in_pixel_last_reg_135  |   1|   0|    1|          0|
    |out_data_2_reg_140     |  16|   0|   16|          0|
    +-----------------------+----+----+-----+-----------+
    |Total                  |  20|   0|   20|          0|
    +-----------------------+----+----+-----+-----------+



================================================================
== Interface
================================================================
* Summary: 
+----------------------+-----+-----+------------+---------------------------------------+--------------+
|       RTL Ports      | Dir | Bits|  Protocol  |             Source Object             |    C Type    |
+----------------------+-----+-----+------------+---------------------------------------+--------------+
|ap_clk                |   in|    1|  ap_ctrl_hs|  pixel_unpack_Pipeline_VITIS_LOOP_68_7|  return value|
|ap_rst                |   in|    1|  ap_ctrl_hs|  pixel_unpack_Pipeline_VITIS_LOOP_68_7|  return value|
|ap_start              |   in|    1|  ap_ctrl_hs|  pixel_unpack_Pipeline_VITIS_LOOP_68_7|  return value|
|ap_done               |  out|    1|  ap_ctrl_hs|  pixel_unpack_Pipeline_VITIS_LOOP_68_7|  return value|
|ap_idle               |  out|    1|  ap_ctrl_hs|  pixel_unpack_Pipeline_VITIS_LOOP_68_7|  return value|
|ap_ready              |  out|    1|  ap_ctrl_hs|  pixel_unpack_Pipeline_VITIS_LOOP_68_7|  return value|
|stream_out_24_TREADY  |   in|    1|        axis|                 stream_out_24_V_data_V|       pointer|
|stream_out_24_TDATA   |  out|   24|        axis|                 stream_out_24_V_data_V|       pointer|
|stream_in_32_TDATA    |   in|   32|        axis|                  stream_in_32_V_data_V|       pointer|
|stream_in_32_TVALID   |   in|    1|        axis|                  stream_in_32_V_data_V|       pointer|
|stream_in_32_TREADY   |  out|    1|        axis|                  stream_in_32_V_last_V|       pointer|
|stream_in_32_TLAST    |   in|    1|        axis|                  stream_in_32_V_last_V|       pointer|
|stream_in_32_TKEEP    |   in|    4|        axis|                  stream_in_32_V_keep_V|       pointer|
|stream_in_32_TSTRB    |   in|    4|        axis|                  stream_in_32_V_strb_V|       pointer|
|stream_in_32_TUSER    |   in|    1|        axis|                  stream_in_32_V_user_V|       pointer|
|stream_out_24_TVALID  |  out|    1|        axis|                 stream_out_24_V_last_V|       pointer|
|stream_out_24_TLAST   |  out|    1|        axis|                 stream_out_24_V_last_V|       pointer|
|stream_out_24_TKEEP   |  out|    3|        axis|                 stream_out_24_V_keep_V|       pointer|
|stream_out_24_TSTRB   |  out|    3|        axis|                 stream_out_24_V_strb_V|       pointer|
|stream_out_24_TUSER   |  out|    1|        axis|                 stream_out_24_V_user_V|       pointer|
+----------------------+-----+-----+------------+---------------------------------------+--------------+

============================================================
+ Verbose Summary: Synthesis Manager
============================================================
InlineROM: 1
ExposeGlobal: 0
============================================================
+ Verbose Summary: CDFG Model
============================================================
IsTopModel: 0
ResetActiveHigh: 1
IsCombinational: 2
IsDatapathOnly: 2
HasWiredReturn: 1
HasMFsm: 2
HasVarLatency: 1
IsPipeline: 0
IsRtlPipelined: 0
IsInstanceOverlapped: 0
IsDontTouch: 0
HasImplIP: 0
IsGatedGlobalClock: 0

+ Individual pipeline summary: 
  * Pipeline-0: initiation interval (II) = 2, depth = 2


============================================================
+ Verbose Summary: Schedule
============================================================
* Number of FSM states : 2
* Pipeline : 1
  Pipeline-0 : II = 2, D = 2, States = { 1 2 }
* Dataflow Pipeline: 0

* FSM state transitions: 
1 --> 2 
2 --> 

* FSM state operations: 

State 1 <SV = 0> <Delay = 0.00>
ST_1 : Operation 5 [1/1] (0.00ns)   --->   "%specaxissidechannel_ln0 = specaxissidechannel void @_ssdm_op_SpecAXISSideChannel, i24 %stream_out_24_V_data_V, i3 %stream_out_24_V_keep_V, i3 %stream_out_24_V_strb_V, i1 %stream_out_24_V_user_V, i1 %stream_out_24_V_last_V, i1 0, i1 0, void @empty_5"   --->   Operation 5 'specaxissidechannel' 'specaxissidechannel_ln0' <Predicate = true> <Delay = 0.00>
ST_1 : Operation 6 [1/1] (0.00ns)   --->   "%specaxissidechannel_ln0 = specaxissidechannel void @_ssdm_op_SpecAXISSideChannel, i32 %stream_in_32_V_data_V, i4 %stream_in_32_V_keep_V, i4 %stream_in_32_V_strb_V, i1 %stream_in_32_V_user_V, i1 %stream_in_32_V_last_V, i1 0, i1 0, void @empty_14"   --->   Operation 6 'specaxissidechannel' 'specaxissidechannel_ln0' <Predicate = true> <Delay = 0.00>
ST_1 : Operation 7 [1/1] (0.00ns)   --->   "%specinterface_ln0 = specinterface void @_ssdm_op_SpecInterface, i1 %stream_out_24_V_last_V, void @empty, i32 0, i32 0, void @empty_13, i32 0, i32 0, void @empty_0, void @empty_0, void @empty_0, i32 0, i32 0, i32 0, i32 0, void @empty_0, void @empty_0, i32 4294967295, i32 0"   --->   Operation 7 'specinterface' 'specinterface_ln0' <Predicate = true> <Delay = 0.00>
ST_1 : Operation 8 [1/1] (0.00ns)   --->   "%specinterface_ln0 = specinterface void @_ssdm_op_SpecInterface, i1 %stream_out_24_V_user_V, void @empty, i32 0, i32 0, void @empty_13, i32 0, i32 0, void @empty_0, void @empty_0, void @empty_0, i32 0, i32 0, i32 0, i32 0, void @empty_0, void @empty_0, i32 4294967295, i32 0"   --->   Operation 8 'specinterface' 'specinterface_ln0' <Predicate = true> <Delay = 0.00>
ST_1 : Operation 9 [1/1] (0.00ns)   --->   "%specinterface_ln0 = specinterface void @_ssdm_op_SpecInterface, i3 %stream_out_24_V_strb_V, void @empty, i32 0, i32 0, void @empty_13, i32 0, i32 0, void @empty_0, void @empty_0, void @empty_0, i32 0, i32 0, i32 0, i32 0, void @empty_0, void @empty_0, i32 4294967295, i32 0"   --->   Operation 9 'specinterface' 'specinterface_ln0' <Predicate = true> <Delay = 0.00>
ST_1 : Operation 10 [1/1] (0.00ns)   --->   "%specinterface_ln0 = specinterface void @_ssdm_op_SpecInterface, i3 %stream_out_24_V_keep_V, void @empty, i32 0, i32 0, void @empty_13, i32 0, i32 0, void @empty_0, void @empty_0, void @empty_0, i32 0, i32 0, i32 0, i32 0, void @empty_0, void @empty_0, i32 4294967295, i32 0"   --->   Operation 10 'specinterface' 'specinterface_ln0' <Predicate = true> <Delay = 0.00>
ST_1 : Operation 11 [1/1] (0.00ns)   --->   "%specinterface_ln0 = specinterface void @_ssdm_op_SpecInterface, i24 %stream_out_24_V_data_V, void @empty, i32 0, i32 0, void @empty_13, i32 0, i32 0, void @empty_0, void @empty_0, void @empty_0, i32 0, i32 0, i32 0, i32 0, void @empty_0, void @empty_0, i32 4294967295, i32 0"   --->   Operation 11 'specinterface' 'specinterface_ln0' <Predicate = true> <Delay = 0.00>
ST_1 : Operation 12 [1/1] (0.00ns)   --->   "%specinterface_ln0 = specinterface void @_ssdm_op_SpecInterface, i1 %stream_in_32_V_last_V, void @empty, i32 0, i32 0, void @empty_13, i32 0, i32 0, void @empty_0, void @empty_0, void @empty_0, i32 0, i32 0, i32 0, i32 0, void @empty_0, void @empty_0, i32 4294967295, i32 0"   --->   Operation 12 'specinterface' 'specinterface_ln0' <Predicate = true> <Delay = 0.00>
ST_1 : Operation 13 [1/1] (0.00ns)   --->   "%specinterface_ln0 = specinterface void @_ssdm_op_SpecInterface, i1 %stream_in_32_V_user_V, void @empty, i32 0, i32 0, void @empty_13, i32 0, i32 0, void @empty_0, void @empty_0, void @empty_0, i32 0, i32 0, i32 0, i32 0, void @empty_0, void @empty_0, i32 4294967295, i32 0"   --->   Operation 13 'specinterface' 'specinterface_ln0' <Predicate = true> <Delay = 0.00>
ST_1 : Operation 14 [1/1] (0.00ns)   --->   "%specinterface_ln0 = specinterface void @_ssdm_op_SpecInterface, i4 %stream_in_32_V_strb_V, void @empty, i32 0, i32 0, void @empty_13, i32 0, i32 0, void @empty_0, void @empty_0, void @empty_0, i32 0, i32 0, i32 0, i32 0, void @empty_0, void @empty_0, i32 4294967295, i32 0"   --->   Operation 14 'specinterface' 'specinterface_ln0' <Predicate = true> <Delay = 0.00>
ST_1 : Operation 15 [1/1] (0.00ns)   --->   "%specinterface_ln0 = specinterface void @_ssdm_op_SpecInterface, i4 %stream_in_32_V_keep_V, void @empty, i32 0, i32 0, void @empty_13, i32 0, i32 0, void @empty_0, void @empty_0, void @empty_0, i32 0, i32 0, i32 0, i32 0, void @empty_0, void @empty_0, i32 4294967295, i32 0"   --->   Operation 15 'specinterface' 'specinterface_ln0' <Predicate = true> <Delay = 0.00>
ST_1 : Operation 16 [1/1] (0.00ns)   --->   "%specinterface_ln0 = specinterface void @_ssdm_op_SpecInterface, i32 %stream_in_32_V_data_V, void @empty, i32 0, i32 0, void @empty_13, i32 0, i32 0, void @empty_0, void @empty_0, void @empty_0, i32 0, i32 0, i32 0, i32 0, void @empty_0, void @empty_0, i32 4294967295, i32 0"   --->   Operation 16 'specinterface' 'specinterface_ln0' <Predicate = true> <Delay = 0.00>
ST_1 : Operation 17 [1/1] (0.00ns)   --->   "%br_ln0 = br void %for.body99"   --->   Operation 17 'br' 'br_ln0' <Predicate = true> <Delay = 0.00>
ST_1 : Operation 18 [1/1] (0.00ns)   --->   "%empty = read i42 @_ssdm_op_Read.axis.volatile.i32P0A.i4P0A.i4P0A.i1P0A.i1P0A, i32 %stream_in_32_V_data_V, i4 %stream_in_32_V_keep_V, i4 %stream_in_32_V_strb_V, i1 %stream_in_32_V_user_V, i1 %stream_in_32_V_last_V" [pixel_unpack/pixel_unpack.cpp:70]   --->   Operation 18 'read' 'empty' <Predicate = true> <Delay = 0.00> <CoreInst = "axis">   --->   Core 115 'axis' <Latency = 0> <II = 1> <Delay = 1.00> <Adapter> <Opcode : >
ST_1 : Operation 19 [1/1] (0.00ns)   --->   "%in_pixel_data = extractvalue i42 %empty" [pixel_unpack/pixel_unpack.cpp:70]   --->   Operation 19 'extractvalue' 'in_pixel_data' <Predicate = true> <Delay = 0.00>
ST_1 : Operation 20 [1/1] (0.00ns)   --->   "%in_pixel_user = extractvalue i42 %empty" [pixel_unpack/pixel_unpack.cpp:70]   --->   Operation 20 'extractvalue' 'in_pixel_user' <Predicate = true> <Delay = 0.00>
ST_1 : Operation 21 [1/1] (0.00ns)   --->   "%in_pixel_last = extractvalue i42 %empty" [pixel_unpack/pixel_unpack.cpp:70]   --->   Operation 21 'extractvalue' 'in_pixel_last' <Predicate = true> <Delay = 0.00>
ST_1 : Operation 22 [1/1] (0.00ns)   --->   "%out_data = trunc i32 %in_pixel_data" [pixel_unpack/pixel_unpack.cpp:76]   --->   Operation 22 'trunc' 'out_data' <Predicate = true> <Delay = 0.00>
ST_1 : Operation 23 [1/1] (0.00ns)   --->   "%zext_ln76 = zext i16 %out_data" [pixel_unpack/pixel_unpack.cpp:76]   --->   Operation 23 'zext' 'zext_ln76' <Predicate = true> <Delay = 0.00>
ST_1 : Operation 24 [1/1] (0.00ns)   --->   "%write_ln80 = write void @_ssdm_op_Write.axis.volatile.i24P0A.i3P0A.i3P0A.i1P0A.i1P0A, i24 %stream_out_24_V_data_V, i3 %stream_out_24_V_keep_V, i3 %stream_out_24_V_strb_V, i1 %stream_out_24_V_user_V, i1 %stream_out_24_V_last_V, i24 %zext_ln76, i3 0, i3 0, i1 %in_pixel_user, i1 0" [pixel_unpack/pixel_unpack.cpp:80]   --->   Operation 24 'write' 'write_ln80' <Predicate = true> <Delay = 0.00> <CoreInst = "axis">   --->   Core 115 'axis' <Latency = 0> <II = 1> <Delay = 1.00> <Adapter> <Opcode : >
ST_1 : Operation 25 [1/1] (0.00ns)   --->   "%out_data_2 = partselect i16 @_ssdm_op_PartSelect.i16.i32.i32.i32, i32 %in_pixel_data, i32 16, i32 31" [pixel_unpack/pixel_unpack.cpp:76]   --->   Operation 25 'partselect' 'out_data_2' <Predicate = true> <Delay = 0.00>

State 2 <SV = 1> <Delay = 0.00>
ST_2 : Operation 26 [1/1] (0.00ns)   --->   "%specpipeline_ln69 = specpipeline void @_ssdm_op_SpecPipeline, i32 2, i32 0, i32 0, i32 0, void @empty_0" [pixel_unpack/pixel_unpack.cpp:69]   --->   Operation 26 'specpipeline' 'specpipeline_ln69' <Predicate = true> <Delay = 0.00>
ST_2 : Operation 27 [1/1] (0.00ns)   --->   "%specloopname_ln68 = specloopname void @_ssdm_op_SpecLoopName, void @empty_11" [pixel_unpack/pixel_unpack.cpp:68]   --->   Operation 27 'specloopname' 'specloopname_ln68' <Predicate = true> <Delay = 0.00>
ST_2 : Operation 28 [1/1] (0.00ns)   --->   "%zext_ln76_1 = zext i16 %out_data_2" [pixel_unpack/pixel_unpack.cpp:76]   --->   Operation 28 'zext' 'zext_ln76_1' <Predicate = true> <Delay = 0.00>
ST_2 : Operation 29 [1/1] (0.00ns)   --->   "%write_ln80 = write void @_ssdm_op_Write.axis.volatile.i24P0A.i3P0A.i3P0A.i1P0A.i1P0A, i24 %stream_out_24_V_data_V, i3 %stream_out_24_V_keep_V, i3 %stream_out_24_V_strb_V, i1 %stream_out_24_V_user_V, i1 %stream_out_24_V_last_V, i24 %zext_ln76_1, i3 0, i3 0, i1 0, i1 %in_pixel_last" [pixel_unpack/pixel_unpack.cpp:80]   --->   Operation 29 'write' 'write_ln80' <Predicate = true> <Delay = 0.00> <CoreInst = "axis">   --->   Core 115 'axis' <Latency = 0> <II = 1> <Delay = 1.00> <Adapter> <Opcode : >
ST_2 : Operation 30 [1/1] (0.00ns)   --->   "%br_ln68 = br i1 %in_pixel_last, void %for.body99, void %sw.epilog.loopexit5.exitStub" [pixel_unpack/pixel_unpack.cpp:68]   --->   Operation 30 'br' 'br_ln68' <Predicate = true> <Delay = 0.00>
ST_2 : Operation 31 [1/1] (0.00ns)   --->   "%ret_ln0 = ret"   --->   Operation 31 'ret' 'ret_ln0' <Predicate = (in_pixel_last)> <Delay = 0.00>


============================================================
+ Verbose Summary: Binding
============================================================
STG Binding: 
---------------- STG Properties BEGIN ----------------
- Is combinational: 0
- Is one-state seq: 0
- Is datapath-only: 0
- Is pipelined: 0
- Is top level: 0
Port [ Return ] is wired: 1; IO mode=ap_ctrl_hs:ce=0
Port [ stream_in_32_V_data_V]:  wired=1; compound=1; hidden=0; nouse=0; global=0; static=0; extern=0; dir=0; type=0; pingpong=0; private_global=0; IO mode=axis:ce=0
Port [ stream_in_32_V_keep_V]:  wired=1; compound=1; hidden=0; nouse=0; global=0; static=0; extern=0; dir=0; type=0; pingpong=0; private_global=0; IO mode=axis:ce=0
Port [ stream_in_32_V_strb_V]:  wired=1; compound=1; hidden=0; nouse=0; global=0; static=0; extern=0; dir=0; type=0; pingpong=0; private_global=0; IO mode=axis:ce=0
Port [ stream_in_32_V_user_V]:  wired=1; compound=1; hidden=0; nouse=0; global=0; static=0; extern=0; dir=0; type=0; pingpong=0; private_global=0; IO mode=axis:ce=0
Port [ stream_in_32_V_last_V]:  wired=1; compound=1; hidden=0; nouse=0; global=0; static=0; extern=0; dir=0; type=0; pingpong=0; private_global=0; IO mode=axis:ce=0
Port [ stream_out_24_V_data_V]:  wired=1; compound=1; hidden=0; nouse=0; global=0; static=0; extern=0; dir=1; type=0; pingpong=0; private_global=0; IO mode=axis:ce=0
Port [ stream_out_24_V_keep_V]:  wired=1; compound=1; hidden=0; nouse=0; global=0; static=0; extern=0; dir=1; type=0; pingpong=0; private_global=0; IO mode=axis:ce=0
Port [ stream_out_24_V_strb_V]:  wired=1; compound=1; hidden=0; nouse=0; global=0; static=0; extern=0; dir=1; type=0; pingpong=0; private_global=0; IO mode=axis:ce=0
Port [ stream_out_24_V_user_V]:  wired=1; compound=1; hidden=0; nouse=0; global=0; static=0; extern=0; dir=1; type=0; pingpong=0; private_global=0; IO mode=axis:ce=0
Port [ stream_out_24_V_last_V]:  wired=1; compound=1; hidden=0; nouse=0; global=0; static=0; extern=0; dir=1; type=0; pingpong=0; private_global=0; IO mode=axis:ce=0
---------------- STG Properties END ------------------

---------------- Datapath Model BEGIN ----------------

<LifeTime>
<method=bitvector/>
specaxissidechannel_ln0 (specaxissidechannel) [ 000]
specaxissidechannel_ln0 (specaxissidechannel) [ 000]
specinterface_ln0       (specinterface      ) [ 000]
specinterface_ln0       (specinterface      ) [ 000]
specinterface_ln0       (specinterface      ) [ 000]
specinterface_ln0       (specinterface      ) [ 000]
specinterface_ln0       (specinterface      ) [ 000]
specinterface_ln0       (specinterface      ) [ 000]
specinterface_ln0       (specinterface      ) [ 000]
specinterface_ln0       (specinterface      ) [ 000]
specinterface_ln0       (specinterface      ) [ 000]
specinterface_ln0       (specinterface      ) [ 000]
br_ln0                  (br                 ) [ 000]
empty                   (read               ) [ 000]
in_pixel_data           (extractvalue       ) [ 000]
in_pixel_user           (extractvalue       ) [ 000]
in_pixel_last           (extractvalue       ) [ 001]
out_data                (trunc              ) [ 000]
zext_ln76               (zext               ) [ 000]
write_ln80              (write              ) [ 000]
out_data_2              (partselect         ) [ 001]
specpipeline_ln69       (specpipeline       ) [ 000]
specloopname_ln68       (specloopname       ) [ 000]
zext_ln76_1             (zext               ) [ 000]
write_ln80              (write              ) [ 000]
br_ln68                 (br                 ) [ 000]
ret_ln0                 (ret                ) [ 000]
</LifeTime>

<model>

<comp_list>
<comp id="0" class="1000" name="stream_in_32_V_data_V">
<pin_list>
<pin id="1" dir="1" index="0" bw="1" slack="0"/>
</pin_list>
<bind>
<StgValue><ssdm name="stream_in_32_V_data_V"/></StgValue>
</bind>
</comp>

<comp id="2" class="1000" name="stream_in_32_V_keep_V">
<pin_list>
<pin id="3" dir="1" index="0" bw="1" slack="0"/>
</pin_list>
<bind>
<StgValue><ssdm name="stream_in_32_V_keep_V"/></StgValue>
</bind>
</comp>

<comp id="4" class="1000" name="stream_in_32_V_strb_V">
<pin_list>
<pin id="5" dir="1" index="0" bw="1" slack="0"/>
</pin_list>
<bind>
<StgValue><ssdm name="stream_in_32_V_strb_V"/></StgValue>
</bind>
</comp>

<comp id="6" class="1000" name="stream_in_32_V_user_V">
<pin_list>
<pin id="7" dir="1" index="0" bw="1" slack="0"/>
</pin_list>
<bind>
<StgValue><ssdm name="stream_in_32_V_user_V"/></StgValue>
</bind>
</comp>

<comp id="8" class="1000" name="stream_in_32_V_last_V">
<pin_list>
<pin id="9" dir="1" index="0" bw="1" slack="0"/>
</pin_list>
<bind>
<StgValue><ssdm name="stream_in_32_V_last_V"/></StgValue>
</bind>
</comp>

<comp id="10" class="1000" name="stream_out_24_V_data_V">
<pin_list>
<pin id="11" dir="1" index="0" bw="1" slack="0"/>
</pin_list>
<bind>
<StgValue><ssdm name="stream_out_24_V_data_V"/></StgValue>
</bind>
</comp>

<comp id="12" class="1000" name="stream_out_24_V_keep_V">
<pin_list>
<pin id="13" dir="1" index="0" bw="1" slack="0"/>
</pin_list>
<bind>
<StgValue><ssdm name="stream_out_24_V_keep_V"/></StgValue>
</bind>
</comp>

<comp id="14" class="1000" name="stream_out_24_V_strb_V">
<pin_list>
<pin id="15" dir="1" index="0" bw="1" slack="0"/>
</pin_list>
<bind>
<StgValue><ssdm name="stream_out_24_V_strb_V"/></StgValue>
</bind>
</comp>

<comp id="16" class="1000" name="stream_out_24_V_user_V">
<pin_list>
<pin id="17" dir="1" index="0" bw="1" slack="0"/>
</pin_list>
<bind>
<StgValue><ssdm name="stream_out_24_V_user_V"/></StgValue>
</bind>
</comp>

<comp id="18" class="1000" name="stream_out_24_V_last_V">
<pin_list>
<pin id="19" dir="1" index="0" bw="1" slack="0"/>
</pin_list>
<bind>
<StgValue><ssdm name="stream_out_24_V_last_V"/></StgValue>
</bind>
</comp>

<comp id="20" class="1001" name="const_20">
<pin_list>
<pin id="21" dir="1" index="0" bw="1" slack="2147483647"/>
</pin_list>
<bind>
<StgValue><ssdm name="_ssdm_op_SpecAXISSideChannel"/></StgValue>
</bind>
</comp>

<comp id="22" class="1001" name="const_22">
<pin_list>
<pin id="23" dir="1" index="0" bw="1" slack="2147483647"/>
</pin_list>
<bind>
<StgValue><ssdm name=""/></StgValue>
</bind>
</comp>

<comp id="24" class="1001" name="const_24">
<pin_list>
<pin id="25" dir="1" index="0" bw="1" slack="2147483647"/>
</pin_list>
<bind>
<StgValue><ssdm name="empty_5"/></StgValue>
</bind>
</comp>

<comp id="26" class="1001" name="const_26">
<pin_list>
<pin id="27" dir="1" index="0" bw="1" slack="2147483647"/>
</pin_list>
<bind>
<StgValue><ssdm name="empty_14"/></StgValue>
</bind>
</comp>

<comp id="28" class="1001" name="const_28">
<pin_list>
<pin id="29" dir="1" index="0" bw="1" slack="2147483647"/>
</pin_list>
<bind>
<StgValue><ssdm name="_ssdm_op_SpecInterface"/></StgValue>
</bind>
</comp>

<comp id="30" class="1001" name="const_30">
<pin_list>
<pin id="31" dir="1" index="0" bw="1" slack="2147483647"/>
</pin_list>
<bind>
<StgValue><ssdm name="empty"/></StgValue>
</bind>
</comp>

<comp id="32" class="1001" name="const_32">
<pin_list>
<pin id="33" dir="1" index="0" bw="1" slack="2147483647"/>
</pin_list>
<bind>
<StgValue><ssdm name=""/></StgValue>
</bind>
</comp>

<comp id="34" class="1001" name="const_34">
<pin_list>
<pin id="35" dir="1" index="0" bw="1" slack="2147483647"/>
</pin_list>
<bind>
<StgValue><ssdm name="empty_13"/></StgValue>
</bind>
</comp>

<comp id="36" class="1001" name="const_36">
<pin_list>
<pin id="37" dir="1" index="0" bw="1" slack="2147483647"/>
</pin_list>
<bind>
<StgValue><ssdm name="empty_0"/></StgValue>
</bind>
</comp>

<comp id="38" class="1001" name="const_38">
<pin_list>
<pin id="39" dir="1" index="0" bw="1" slack="2147483647"/>
</pin_list>
<bind>
<StgValue><ssdm name=""/></StgValue>
</bind>
</comp>

<comp id="40" class="1001" name="const_40">
<pin_list>
<pin id="41" dir="1" index="0" bw="1" slack="0"/>
</pin_list>
<bind>
<StgValue><ssdm name="_ssdm_op_Read.axis.volatile.i32P0A.i4P0A.i4P0A.i1P0A.i1P0A"/></StgValue>
</bind>
</comp>

<comp id="42" class="1001" name="const_42">
<pin_list>
<pin id="43" dir="1" index="0" bw="1" slack="0"/>
</pin_list>
<bind>
<StgValue><ssdm name="_ssdm_op_Write.axis.volatile.i24P0A.i3P0A.i3P0A.i1P0A.i1P0A"/></StgValue>
</bind>
</comp>

<comp id="44" class="1001" name="const_44">
<pin_list>
<pin id="45" dir="1" index="0" bw="1" slack="0"/>
</pin_list>
<bind>
<StgValue><ssdm name=""/></StgValue>
</bind>
</comp>

<comp id="46" class="1001" name="const_46">
<pin_list>
<pin id="47" dir="1" index="0" bw="1" slack="0"/>
</pin_list>
<bind>
<StgValue><ssdm name=""/></StgValue>
</bind>
</comp>

<comp id="48" class="1001" name="const_48">
<pin_list>
<pin id="49" dir="1" index="0" bw="1" slack="0"/>
</pin_list>
<bind>
<StgValue><ssdm name="_ssdm_op_PartSelect.i16.i32.i32.i32"/></StgValue>
</bind>
</comp>

<comp id="50" class="1001" name="const_50">
<pin_list>
<pin id="51" dir="1" index="0" bw="1" slack="0"/>
</pin_list>
<bind>
<StgValue><ssdm name=""/></StgValue>
</bind>
</comp>

<comp id="52" class="1001" name="const_52">
<pin_list>
<pin id="53" dir="1" index="0" bw="1" slack="0"/>
</pin_list>
<bind>
<StgValue><ssdm name=""/></StgValue>
</bind>
</comp>

<comp id="54" class="1001" name="const_54">
<pin_list>
<pin id="55" dir="1" index="0" bw="1" slack="2147483647"/>
</pin_list>
<bind>
<StgValue><ssdm name="_ssdm_op_SpecPipeline"/></StgValue>
</bind>
</comp>

<comp id="56" class="1001" name="const_56">
<pin_list>
<pin id="57" dir="1" index="0" bw="1" slack="2147483647"/>
</pin_list>
<bind>
<StgValue><ssdm name=""/></StgValue>
</bind>
</comp>

<comp id="58" class="1001" name="const_58">
<pin_list>
<pin id="59" dir="1" index="0" bw="1" slack="2147483647"/>
</pin_list>
<bind>
<StgValue><ssdm name="_ssdm_op_SpecLoopName"/></StgValue>
</bind>
</comp>

<comp id="60" class="1001" name="const_60">
<pin_list>
<pin id="61" dir="1" index="0" bw="1" slack="2147483647"/>
</pin_list>
<bind>
<StgValue><ssdm name="empty_11"/></StgValue>
</bind>
</comp>

<comp id="62" class="1004" name="empty_read_fu_62">
<pin_list>
<pin id="63" dir="0" index="0" bw="42" slack="0"/>
<pin id="64" dir="0" index="1" bw="32" slack="0"/>
<pin id="65" dir="0" index="2" bw="4" slack="0"/>
<pin id="66" dir="0" index="3" bw="4" slack="0"/>
<pin id="67" dir="0" index="4" bw="1" slack="0"/>
<pin id="68" dir="0" index="5" bw="1" slack="0"/>
<pin id="69" dir="1" index="6" bw="42" slack="0"/>
</pin_list>
<bind>
<opcode="read(1150) " fcode="read"/>
<opset="empty/1 "/>
</bind>
</comp>

<comp id="76" class="1004" name="grp_write_fu_76">
<pin_list>
<pin id="77" dir="0" index="0" bw="0" slack="0"/>
<pin id="78" dir="0" index="1" bw="24" slack="0"/>
<pin id="79" dir="0" index="2" bw="3" slack="0"/>
<pin id="80" dir="0" index="3" bw="3" slack="0"/>
<pin id="81" dir="0" index="4" bw="1" slack="0"/>
<pin id="82" dir="0" index="5" bw="1" slack="0"/>
<pin id="83" dir="0" index="6" bw="16" slack="0"/>
<pin id="84" dir="0" index="7" bw="1" slack="0"/>
<pin id="85" dir="0" index="8" bw="1" slack="0"/>
<pin id="86" dir="0" index="9" bw="1" slack="0"/>
<pin id="87" dir="0" index="10" bw="1" slack="0"/>
<pin id="88" dir="1" index="11" bw="0" slack="2147483647"/>
</pin_list>
<bind>
<opcode="write(1151) " fcode="write"/>
<opset="write_ln80/1 write_ln80/2 "/>
</bind>
</comp>

<comp id="99" class="1004" name="in_pixel_data_fu_99">
<pin_list>
<pin id="100" dir="0" index="0" bw="42" slack="0"/>
<pin id="101" dir="1" index="1" bw="32" slack="0"/>
</pin_list>
<bind>
<opcode="extractvalue(56) " fcode="extractvalue"/>
<opset="in_pixel_data/1 "/>
</bind>
</comp>

<comp id="103" class="1004" name="in_pixel_user_fu_103">
<pin_list>
<pin id="104" dir="0" index="0" bw="42" slack="0"/>
<pin id="105" dir="1" index="1" bw="1" slack="0"/>
</pin_list>
<bind>
<opcode="extractvalue(56) " fcode="extractvalue"/>
<opset="in_pixel_user/1 "/>
</bind>
</comp>

<comp id="108" class="1004" name="in_pixel_last_fu_108">
<pin_list>
<pin id="109" dir="0" index="0" bw="42" slack="0"/>
<pin id="110" dir="1" index="1" bw="1" slack="1"/>
</pin_list>
<bind>
<opcode="extractvalue(56) " fcode="extractvalue"/>
<opset="in_pixel_last/1 "/>
</bind>
</comp>

<comp id="112" class="1004" name="out_data_fu_112">
<pin_list>
<pin id="113" dir="0" index="0" bw="32" slack="0"/>
<pin id="114" dir="1" index="1" bw="16" slack="0"/>
</pin_list>
<bind>
<opcode="trunc(33) " fcode="trunc"/>
<opset="out_data/1 "/>
</bind>
</comp>

<comp id="116" class="1004" name="zext_ln76_fu_116">
<pin_list>
<pin id="117" dir="0" index="0" bw="16" slack="0"/>
<pin id="118" dir="1" index="1" bw="24" slack="0"/>
</pin_list>
<bind>
<opcode="zext(34) " fcode="zext"/>
<opset="zext_ln76/1 "/>
</bind>
</comp>

<comp id="121" class="1004" name="out_data_2_fu_121">
<pin_list>
<pin id="122" dir="0" index="0" bw="16" slack="0"/>
<pin id="123" dir="0" index="1" bw="32" slack="0"/>
<pin id="124" dir="0" index="2" bw="6" slack="0"/>
<pin id="125" dir="0" index="3" bw="6" slack="0"/>
<pin id="126" dir="1" index="4" bw="16" slack="1"/>
</pin_list>
<bind>
<opcode="partselect(1002) " fcode="partselect"/>
<opset="out_data_2/1 "/>
</bind>
</comp>

<comp id="131" class="1004" name="zext_ln76_1_fu_131">
<pin_list>
<pin id="132" dir="0" index="0" bw="16" slack="1"/>
<pin id="133" dir="1" index="1" bw="24" slack="0"/>
</pin_list>
<bind>
<opcode="zext(34) " fcode="zext"/>
<opset="zext_ln76_1/2 "/>
</bind>
</comp>

<comp id="135" class="1005" name="in_pixel_last_reg_135">
<pin_list>
<pin id="136" dir="0" index="0" bw="1" slack="1"/>
<pin id="137" dir="1" index="1" bw="1" slack="1"/>
</pin_list>
<bind>
<opset="in_pixel_last "/>
</bind>
</comp>

<comp id="140" class="1005" name="out_data_2_reg_140">
<pin_list>
<pin id="141" dir="0" index="0" bw="16" slack="1"/>
<pin id="142" dir="1" index="1" bw="16" slack="1"/>
</pin_list>
<bind>
<opset="out_data_2 "/>
</bind>
</comp>

</comp_list>

<net_list>
<net id="70"><net_src comp="40" pin="0"/><net_sink comp="62" pin=0"/></net>

<net id="71"><net_src comp="0" pin="0"/><net_sink comp="62" pin=1"/></net>

<net id="72"><net_src comp="2" pin="0"/><net_sink comp="62" pin=2"/></net>

<net id="73"><net_src comp="4" pin="0"/><net_sink comp="62" pin=3"/></net>

<net id="74"><net_src comp="6" pin="0"/><net_sink comp="62" pin=4"/></net>

<net id="75"><net_src comp="8" pin="0"/><net_sink comp="62" pin=5"/></net>

<net id="89"><net_src comp="42" pin="0"/><net_sink comp="76" pin=0"/></net>

<net id="90"><net_src comp="10" pin="0"/><net_sink comp="76" pin=1"/></net>

<net id="91"><net_src comp="12" pin="0"/><net_sink comp="76" pin=2"/></net>

<net id="92"><net_src comp="14" pin="0"/><net_sink comp="76" pin=3"/></net>

<net id="93"><net_src comp="16" pin="0"/><net_sink comp="76" pin=4"/></net>

<net id="94"><net_src comp="18" pin="0"/><net_sink comp="76" pin=5"/></net>

<net id="95"><net_src comp="44" pin="0"/><net_sink comp="76" pin=7"/></net>

<net id="96"><net_src comp="44" pin="0"/><net_sink comp="76" pin=8"/></net>

<net id="97"><net_src comp="46" pin="0"/><net_sink comp="76" pin=10"/></net>

<net id="98"><net_src comp="46" pin="0"/><net_sink comp="76" pin=9"/></net>

<net id="102"><net_src comp="62" pin="6"/><net_sink comp="99" pin=0"/></net>

<net id="106"><net_src comp="62" pin="6"/><net_sink comp="103" pin=0"/></net>

<net id="107"><net_src comp="103" pin="1"/><net_sink comp="76" pin=9"/></net>

<net id="111"><net_src comp="62" pin="6"/><net_sink comp="108" pin=0"/></net>

<net id="115"><net_src comp="99" pin="1"/><net_sink comp="112" pin=0"/></net>

<net id="119"><net_src comp="112" pin="1"/><net_sink comp="116" pin=0"/></net>

<net id="120"><net_src comp="116" pin="1"/><net_sink comp="76" pin=6"/></net>

<net id="127"><net_src comp="48" pin="0"/><net_sink comp="121" pin=0"/></net>

<net id="128"><net_src comp="99" pin="1"/><net_sink comp="121" pin=1"/></net>

<net id="129"><net_src comp="50" pin="0"/><net_sink comp="121" pin=2"/></net>

<net id="130"><net_src comp="52" pin="0"/><net_sink comp="121" pin=3"/></net>

<net id="134"><net_src comp="131" pin="1"/><net_sink comp="76" pin=6"/></net>

<net id="138"><net_src comp="108" pin="1"/><net_sink comp="135" pin=0"/></net>

<net id="139"><net_src comp="135" pin="1"/><net_sink comp="76" pin=10"/></net>

<net id="143"><net_src comp="121" pin="4"/><net_sink comp="140" pin=0"/></net>

<net id="144"><net_src comp="140" pin="1"/><net_sink comp="131" pin=0"/></net>

</net_list>

</model> 
---------------- Datapath Model END ------------------

* FSMD analyzer results:
  - Output states:
	Port: stream_in_32_V_data_V | {}
	Port: stream_in_32_V_keep_V | {}
	Port: stream_in_32_V_strb_V | {}
	Port: stream_in_32_V_user_V | {}
	Port: stream_in_32_V_last_V | {}
	Port: stream_out_24_V_data_V | {1 2 }
	Port: stream_out_24_V_keep_V | {1 2 }
	Port: stream_out_24_V_strb_V | {1 2 }
	Port: stream_out_24_V_user_V | {1 2 }
	Port: stream_out_24_V_last_V | {1 2 }
 - Input state : 
	Port: pixel_unpack_Pipeline_VITIS_LOOP_68_7 : stream_in_32_V_data_V | {1 }
	Port: pixel_unpack_Pipeline_VITIS_LOOP_68_7 : stream_in_32_V_keep_V | {1 }
	Port: pixel_unpack_Pipeline_VITIS_LOOP_68_7 : stream_in_32_V_strb_V | {1 }
	Port: pixel_unpack_Pipeline_VITIS_LOOP_68_7 : stream_in_32_V_user_V | {1 }
	Port: pixel_unpack_Pipeline_VITIS_LOOP_68_7 : stream_in_32_V_last_V | {1 }
	Port: pixel_unpack_Pipeline_VITIS_LOOP_68_7 : stream_out_24_V_data_V | {}
	Port: pixel_unpack_Pipeline_VITIS_LOOP_68_7 : stream_out_24_V_keep_V | {}
	Port: pixel_unpack_Pipeline_VITIS_LOOP_68_7 : stream_out_24_V_strb_V | {}
	Port: pixel_unpack_Pipeline_VITIS_LOOP_68_7 : stream_out_24_V_user_V | {}
	Port: pixel_unpack_Pipeline_VITIS_LOOP_68_7 : stream_out_24_V_last_V | {}
  - Chain level:
	State 1
		out_data : 1
		zext_ln76 : 2
		write_ln80 : 3
		out_data_2 : 1
	State 2
		write_ln80 : 1


============================================================
+ Verbose Summary: Datapath Resource usage 
============================================================

* Functional unit list:
|----------|----------------------|
| Operation|    Functional Unit   |
|----------|----------------------|
|   read   |   empty_read_fu_62   |
|----------|----------------------|
|   write  |    grp_write_fu_76   |
|----------|----------------------|
|          |  in_pixel_data_fu_99 |
|extractvalue| in_pixel_user_fu_103 |
|          | in_pixel_last_fu_108 |
|----------|----------------------|
|   trunc  |    out_data_fu_112   |
|----------|----------------------|
|   zext   |   zext_ln76_fu_116   |
|          |  zext_ln76_1_fu_131  |
|----------|----------------------|
|partselect|   out_data_2_fu_121  |
|----------|----------------------|
|   Total  |                      |
|----------|----------------------|

Memories:
N/A

* Register list:
+---------------------+--------+
|                     |   FF   |
+---------------------+--------+
|in_pixel_last_reg_135|    1   |
|  out_data_2_reg_140 |   16   |
+---------------------+--------+
|        Total        |   17   |
+---------------------+--------+

* Multiplexer (MUX) list: 
|-----------------|------|------|------|--------||---------||---------|
|       Comp      |  Pin | Size |  BW  | S x BW ||  Delay  ||   LUT   |
|-----------------|------|------|------|--------||---------||---------|
| grp_write_fu_76 |  p6  |   2  |  16  |   32   ||    9    |
| grp_write_fu_76 |  p9  |   2  |   1  |    2   ||    9    |
| grp_write_fu_76 |  p10 |   2  |   1  |    2   ||    9    |
|-----------------|------|------|------|--------||---------||---------|
|      Total      |      |      |      |   36   ||  4.764  ||    27   |
|-----------------|------|------|------|--------||---------||---------|



* Summary:
+-----------+--------+--------+--------+
|           |  Delay |   FF   |   LUT  |
+-----------+--------+--------+--------+
|  Function |    -   |    -   |    -   |
|   Memory  |    -   |    -   |    -   |
|Multiplexer|    4   |    -   |   27   |
|  Register |    -   |   17   |    -   |
+-----------+--------+--------+--------+
|   Total   |    4   |   17   |   27   |
+-----------+--------+--------+--------+
