

================================================================
== Vitis HLS Report for 'pixel_unpack_Pipeline_VITIS_LOOP_19_1'
================================================================
* Date:           Fri Sep  6 14:46:32 2024

* Version:        2023.1.1 (Build 3869133 on Jun 15 2023)
* Project:        pixel_unpack
* Solution:       solution1 (Vivado IP Flow Target)
* Product family: zynq
* Target device:  xc7z020-clg400-1


================================================================
== Performance Estimates
================================================================
+ Timing: 
    * Summary: 
    +--------+---------+----------+------------+
    |  Clock |  Target | Estimated| Uncertainty|
    +--------+---------+----------+------------+
    |ap_clk  |  7.00 ns|  0.978 ns|     1.89 ns|
    +--------+---------+----------+------------+

+ Latency: 
    * Summary: 
    +---------+---------+----------+----------+-----+-----+---------+
    |  Latency (cycles) |  Latency (absolute) |  Interval | Pipeline|
    |   min   |   max   |    min   |    max   | min | max |   Type  |
    +---------+---------+----------+----------+-----+-----+---------+
    |        ?|        ?|         ?|         ?|    ?|    ?|       no|
    +---------+---------+----------+----------+-----+-----+---------+

    + Detail: 
        * Instance: 
        N/A

        * Loop: 
        +-------------------+---------+---------+----------+-----------+-----------+------+----------+
        |                   |  Latency (cycles) | Iteration|  Initiation Interval  | Trip |          |
        |     Loop Name     |   min   |   max   |  Latency |  achieved |   target  | Count| Pipelined|
        +-------------------+---------+---------+----------+-----------+-----------+------+----------+
        |- VITIS_LOOP_19_1  |        ?|        ?|         6|          4|          4|     ?|       yes|
        +-------------------+---------+---------+----------+-----------+-----------+------+----------+



================================================================
== Utilization Estimates
================================================================
* Summary: 
+-----------------+---------+-----+--------+-------+-----+
|       Name      | BRAM_18K| DSP |   FF   |  LUT  | URAM|
+-----------------+---------+-----+--------+-------+-----+
|DSP              |        -|    -|       -|      -|    -|
|Expression       |        -|    -|       0|     18|    -|
|FIFO             |        -|    -|       -|      -|    -|
|Instance         |        -|    -|       -|      -|    -|
|Memory           |        -|    -|       -|      -|    -|
|Multiplexer      |        -|    -|       -|    132|    -|
|Register         |        -|    -|     109|      -|    -|
+-----------------+---------+-----+--------+-------+-----+
|Total            |        0|    0|     109|    150|    0|
+-----------------+---------+-----+--------+-------+-----+
|Available        |      280|  220|  106400|  53200|    0|
+-----------------+---------+-----+--------+-------+-----+
|Utilization (%)  |        0|    0|      ~0|     ~0|    0|
+-----------------+---------+-----+--------+-------+-----+

+ Detail: 
    * Instance: 
    N/A

    * DSP: 
    N/A

    * Memory: 
    N/A

    * FIFO: 
    N/A

    * Expression: 
    +----------------------------------+----------+----+---+----+------------+------------+
    |           Variable Name          | Operation| DSP| FF| LUT| Bitwidth P0| Bitwidth P1|
    +----------------------------------+----------+----+---+----+------------+------------+
    |ap_block_pp0_stage2_01001         |       and|   0|  0|   2|           1|           1|
    |ap_block_pp0_stage3_01001         |       and|   0|  0|   2|           1|           1|
    |ap_block_pp0_stage0_01001         |        or|   0|  0|   2|           1|           1|
    |ap_block_state3_pp0_stage2_iter0  |        or|   0|  0|   2|           1|           1|
    |has_user_fu_169_p2                |        or|   0|  0|   2|           1|           1|
    |last_fu_182_p2                    |        or|   0|  0|   2|           1|           1|
    |or_ln27_fu_163_p2                 |        or|   0|  0|   2|           1|           1|
    |or_ln28_fu_176_p2                 |        or|   0|  0|   2|           1|           1|
    |ap_enable_pp0                     |       xor|   0|  0|   2|           1|           2|
    +----------------------------------+----------+----+---+----+------------+------------+
    |Total                             |          |   0|  0|  18|           9|          10|
    +----------------------------------+----------+----+---+----+------------+------------+

    * Multiplexer: 
    +----------------------------------+----+-----------+-----+-----------+
    |               Name               | LUT| Input Size| Bits| Total Bits|
    +----------------------------------+----+-----------+-----+-----------+
    |ap_NS_fsm                         |  25|          5|    1|          5|
    |ap_done_int                       |   9|          2|    1|          2|
    |ap_enable_reg_pp0_iter0           |   9|          2|    1|          2|
    |ap_enable_reg_pp0_iter1           |   9|          2|    1|          2|
    |ap_loop_exit_ready_pp0_iter1_reg  |   9|          2|    1|          2|
    |stream_in_32_TDATA_blk_n          |   9|          2|    1|          2|
    |stream_out_24_TDATA               |  25|          5|   24|        120|
    |stream_out_24_TDATA_blk_n         |   9|          2|    1|          2|
    |stream_out_24_TLAST               |  14|          3|    1|          3|
    |stream_out_24_TUSER               |  14|          3|    1|          3|
    +----------------------------------+----+-----------+-----+-----------+
    |Total                             | 132|         28|   33|        143|
    +----------------------------------+----+-----------+-----+-----------+

    * Register: 
    +----------------------------------+----+----+-----+-----------+
    |               Name               | FF | LUT| Bits| Const Bits|
    +----------------------------------+----+----+-----+-----------+
    |ap_CS_fsm                         |   4|   0|    4|          0|
    |ap_done_reg                       |   1|   0|    1|          0|
    |ap_enable_reg_pp0_iter0_reg       |   1|   0|    1|          0|
    |ap_enable_reg_pp0_iter1           |   1|   0|    1|          0|
    |ap_loop_exit_ready_pp0_iter1_reg  |   1|   0|    1|          0|
    |empty_19_reg_232_3                |   1|   0|    1|          0|
    |empty_19_reg_232_4                |   1|   0|    1|          0|
    |empty_reg_216_3                   |   1|   0|    1|          0|
    |empty_reg_216_4                   |   1|   0|    1|          0|
    |last_reg_248                      |   1|   0|    1|          0|
    |out_pixel_data_8_reg_258          |  24|   0|   24|          0|
    |out_pixel_data_reg_222            |  24|   0|   24|          0|
    |tmp_2_reg_243                     |  16|   0|   16|          0|
    |tmp_reg_227                       |   8|   0|    8|          0|
    |trunc_ln31_1_reg_253              |   8|   0|    8|          0|
    |trunc_ln31_reg_238                |  16|   0|   16|          0|
    +----------------------------------+----+----+-----+-----------+
    |Total                             | 109|   0|  109|          0|
    +----------------------------------+----+----+-----+-----------+



================================================================
== Interface
================================================================
* Summary: 
+----------------------+-----+-----+------------+---------------------------------------+--------------+
|       RTL Ports      | Dir | Bits|  Protocol  |             Source Object             |    C Type    |
+----------------------+-----+-----+------------+---------------------------------------+--------------+
|ap_clk                |   in|    1|  ap_ctrl_hs|  pixel_unpack_Pipeline_VITIS_LOOP_19_1|  return value|
|ap_rst                |   in|    1|  ap_ctrl_hs|  pixel_unpack_Pipeline_VITIS_LOOP_19_1|  return value|
|ap_start              |   in|    1|  ap_ctrl_hs|  pixel_unpack_Pipeline_VITIS_LOOP_19_1|  return value|
|ap_done               |  out|    1|  ap_ctrl_hs|  pixel_unpack_Pipeline_VITIS_LOOP_19_1|  return value|
|ap_idle               |  out|    1|  ap_ctrl_hs|  pixel_unpack_Pipeline_VITIS_LOOP_19_1|  return value|
|ap_ready              |  out|    1|  ap_ctrl_hs|  pixel_unpack_Pipeline_VITIS_LOOP_19_1|  return value|
|stream_out_24_TREADY  |   in|    1|        axis|                 stream_out_24_V_data_V|       pointer|
|stream_out_24_TDATA   |  out|   24|        axis|                 stream_out_24_V_data_V|       pointer|
|stream_in_32_TDATA    |   in|   32|        axis|                  stream_in_32_V_data_V|       pointer|
|stream_in_32_TVALID   |   in|    1|        axis|                  stream_in_32_V_data_V|       pointer|
|stream_in_32_TREADY   |  out|    1|        axis|                  stream_in_32_V_last_V|       pointer|
|stream_in_32_TLAST    |   in|    1|        axis|                  stream_in_32_V_last_V|       pointer|
|stream_in_32_TKEEP    |   in|    4|        axis|                  stream_in_32_V_keep_V|       pointer|
|stream_in_32_TSTRB    |   in|    4|        axis|                  stream_in_32_V_strb_V|       pointer|
|stream_in_32_TUSER    |   in|    1|        axis|                  stream_in_32_V_user_V|       pointer|
|stream_out_24_TVALID  |  out|    1|        axis|                 stream_out_24_V_last_V|       pointer|
|stream_out_24_TLAST   |  out|    1|        axis|                 stream_out_24_V_last_V|       pointer|
|stream_out_24_TKEEP   |  out|    3|        axis|                 stream_out_24_V_keep_V|       pointer|
|stream_out_24_TSTRB   |  out|    3|        axis|                 stream_out_24_V_strb_V|       pointer|
|stream_out_24_TUSER   |  out|    1|        axis|                 stream_out_24_V_user_V|       pointer|
+----------------------+-----+-----+------------+---------------------------------------+--------------+

============================================================
+ Verbose Summary: Synthesis Manager
============================================================
InlineROM: 1
ExposeGlobal: 0
============================================================
+ Verbose Summary: CDFG Model
============================================================
IsTopModel: 0
ResetActiveHigh: 1
IsCombinational: 2
IsDatapathOnly: 2
HasWiredReturn: 1
HasMFsm: 2
HasVarLatency: 1
IsPipeline: 0
IsRtlPipelined: 0
IsInstanceOverlapped: 0
IsDontTouch: 0
HasImplIP: 0
IsGatedGlobalClock: 0

+ Individual pipeline summary: 
  * Pipeline-0: initiation interval (II) = 4, depth = 6


============================================================
+ Verbose Summary: Schedule
============================================================
* Number of FSM states : 6
* Pipeline : 1
  Pipeline-0 : II = 4, D = 6, States = { 1 2 3 4 5 6 }
* Dataflow Pipeline: 0

* FSM state transitions: 
1 --> 2 
2 --> 3 
3 --> 4 
4 --> 5 
5 --> 6 
6 --> 

* FSM state operations: 

State 1 <SV = 0> <Delay = 0.00>
ST_1 : Operation 9 [1/1] (0.00ns)   --->   "%specaxissidechannel_ln0 = specaxissidechannel void @_ssdm_op_SpecAXISSideChannel, i24 %stream_out_24_V_data_V, i3 %stream_out_24_V_keep_V, i3 %stream_out_24_V_strb_V, i1 %stream_out_24_V_user_V, i1 %stream_out_24_V_last_V, i1 0, i1 0, void @empty_5"   --->   Operation 9 'specaxissidechannel' 'specaxissidechannel_ln0' <Predicate = true> <Delay = 0.00>
ST_1 : Operation 10 [1/1] (0.00ns)   --->   "%specaxissidechannel_ln0 = specaxissidechannel void @_ssdm_op_SpecAXISSideChannel, i32 %stream_in_32_V_data_V, i4 %stream_in_32_V_keep_V, i4 %stream_in_32_V_strb_V, i1 %stream_in_32_V_user_V, i1 %stream_in_32_V_last_V, i1 0, i1 0, void @empty_14"   --->   Operation 10 'specaxissidechannel' 'specaxissidechannel_ln0' <Predicate = true> <Delay = 0.00>
ST_1 : Operation 11 [1/1] (0.00ns)   --->   "%specinterface_ln0 = specinterface void @_ssdm_op_SpecInterface, i1 %stream_out_24_V_last_V, void @empty, i32 0, i32 0, void @empty_13, i32 0, i32 0, void @empty_0, void @empty_0, void @empty_0, i32 0, i32 0, i32 0, i32 0, void @empty_0, void @empty_0, i32 4294967295, i32 0"   --->   Operation 11 'specinterface' 'specinterface_ln0' <Predicate = true> <Delay = 0.00>
ST_1 : Operation 12 [1/1] (0.00ns)   --->   "%specinterface_ln0 = specinterface void @_ssdm_op_SpecInterface, i1 %stream_out_24_V_user_V, void @empty, i32 0, i32 0, void @empty_13, i32 0, i32 0, void @empty_0, void @empty_0, void @empty_0, i32 0, i32 0, i32 0, i32 0, void @empty_0, void @empty_0, i32 4294967295, i32 0"   --->   Operation 12 'specinterface' 'specinterface_ln0' <Predicate = true> <Delay = 0.00>
ST_1 : Operation 13 [1/1] (0.00ns)   --->   "%specinterface_ln0 = specinterface void @_ssdm_op_SpecInterface, i3 %stream_out_24_V_strb_V, void @empty, i32 0, i32 0, void @empty_13, i32 0, i32 0, void @empty_0, void @empty_0, void @empty_0, i32 0, i32 0, i32 0, i32 0, void @empty_0, void @empty_0, i32 4294967295, i32 0"   --->   Operation 13 'specinterface' 'specinterface_ln0' <Predicate = true> <Delay = 0.00>
ST_1 : Operation 14 [1/1] (0.00ns)   --->   "%specinterface_ln0 = specinterface void @_ssdm_op_SpecInterface, i3 %stream_out_24_V_keep_V, void @empty, i32 0, i32 0, void @empty_13, i32 0, i32 0, void @empty_0, void @empty_0, void @empty_0, i32 0, i32 0, i32 0, i32 0, void @empty_0, void @empty_0, i32 4294967295, i32 0"   --->   Operation 14 'specinterface' 'specinterface_ln0' <Predicate = true> <Delay = 0.00>
ST_1 : Operation 15 [1/1] (0.00ns)   --->   "%specinterface_ln0 = specinterface void @_ssdm_op_SpecInterface, i24 %stream_out_24_V_data_V, void @empty, i32 0, i32 0, void @empty_13, i32 0, i32 0, void @empty_0, void @empty_0, void @empty_0, i32 0, i32 0, i32 0, i32 0, void @empty_0, void @empty_0, i32 4294967295, i32 0"   --->   Operation 15 'specinterface' 'specinterface_ln0' <Predicate = true> <Delay = 0.00>
ST_1 : Operation 16 [1/1] (0.00ns)   --->   "%specinterface_ln0 = specinterface void @_ssdm_op_SpecInterface, i1 %stream_in_32_V_last_V, void @empty, i32 0, i32 0, void @empty_13, i32 0, i32 0, void @empty_0, void @empty_0, void @empty_0, i32 0, i32 0, i32 0, i32 0, void @empty_0, void @empty_0, i32 4294967295, i32 0"   --->   Operation 16 'specinterface' 'specinterface_ln0' <Predicate = true> <Delay = 0.00>
ST_1 : Operation 17 [1/1] (0.00ns)   --->   "%specinterface_ln0 = specinterface void @_ssdm_op_SpecInterface, i1 %stream_in_32_V_user_V, void @empty, i32 0, i32 0, void @empty_13, i32 0, i32 0, void @empty_0, void @empty_0, void @empty_0, i32 0, i32 0, i32 0, i32 0, void @empty_0, void @empty_0, i32 4294967295, i32 0"   --->   Operation 17 'specinterface' 'specinterface_ln0' <Predicate = true> <Delay = 0.00>
ST_1 : Operation 18 [1/1] (0.00ns)   --->   "%specinterface_ln0 = specinterface void @_ssdm_op_SpecInterface, i4 %stream_in_32_V_strb_V, void @empty, i32 0, i32 0, void @empty_13, i32 0, i32 0, void @empty_0, void @empty_0, void @empty_0, i32 0, i32 0, i32 0, i32 0, void @empty_0, void @empty_0, i32 4294967295, i32 0"   --->   Operation 18 'specinterface' 'specinterface_ln0' <Predicate = true> <Delay = 0.00>
ST_1 : Operation 19 [1/1] (0.00ns)   --->   "%specinterface_ln0 = specinterface void @_ssdm_op_SpecInterface, i4 %stream_in_32_V_keep_V, void @empty, i32 0, i32 0, void @empty_13, i32 0, i32 0, void @empty_0, void @empty_0, void @empty_0, i32 0, i32 0, i32 0, i32 0, void @empty_0, void @empty_0, i32 4294967295, i32 0"   --->   Operation 19 'specinterface' 'specinterface_ln0' <Predicate = true> <Delay = 0.00>
ST_1 : Operation 20 [1/1] (0.00ns)   --->   "%specinterface_ln0 = specinterface void @_ssdm_op_SpecInterface, i32 %stream_in_32_V_data_V, void @empty, i32 0, i32 0, void @empty_13, i32 0, i32 0, void @empty_0, void @empty_0, void @empty_0, i32 0, i32 0, i32 0, i32 0, void @empty_0, void @empty_0, i32 4294967295, i32 0"   --->   Operation 20 'specinterface' 'specinterface_ln0' <Predicate = true> <Delay = 0.00>
ST_1 : Operation 21 [1/1] (0.00ns)   --->   "%br_ln0 = br void %for.body8"   --->   Operation 21 'br' 'br_ln0' <Predicate = true> <Delay = 0.00>
ST_1 : Operation 22 [1/1] (0.00ns)   --->   "%empty = read i42 @_ssdm_op_Read.axis.volatile.i32P0A.i4P0A.i4P0A.i1P0A.i1P0A, i32 %stream_in_32_V_data_V, i4 %stream_in_32_V_keep_V, i4 %stream_in_32_V_strb_V, i1 %stream_in_32_V_user_V, i1 %stream_in_32_V_last_V" [pixel_unpack/pixel_unpack.cpp:25]   --->   Operation 22 'read' 'empty' <Predicate = true> <Delay = 0.00> <CoreInst = "axis">   --->   Core 115 'axis' <Latency = 0> <II = 1> <Delay = 1.00> <Adapter> <Opcode : >
ST_1 : Operation 23 [1/1] (0.00ns)   --->   "%in_pixel_data = extractvalue i42 %empty" [pixel_unpack/pixel_unpack.cpp:25]   --->   Operation 23 'extractvalue' 'in_pixel_data' <Predicate = true> <Delay = 0.00>
ST_1 : Operation 24 [1/1] (0.00ns)   --->   "%out_pixel_data = trunc i32 %in_pixel_data" [pixel_unpack/pixel_unpack.cpp:31]   --->   Operation 24 'trunc' 'out_pixel_data' <Predicate = true> <Delay = 0.00>
ST_1 : Operation 25 [1/1] (0.00ns)   --->   "%tmp = partselect i8 @_ssdm_op_PartSelect.i8.i32.i32.i32, i32 %in_pixel_data, i32 24, i32 31" [pixel_unpack/pixel_unpack.cpp:31]   --->   Operation 25 'partselect' 'tmp' <Predicate = true> <Delay = 0.00>

State 2 <SV = 1> <Delay = 0.00>
ST_2 : Operation 26 [1/1] (0.00ns)   --->   "%empty_19 = read i42 @_ssdm_op_Read.axis.volatile.i32P0A.i4P0A.i4P0A.i1P0A.i1P0A, i32 %stream_in_32_V_data_V, i4 %stream_in_32_V_keep_V, i4 %stream_in_32_V_strb_V, i1 %stream_in_32_V_user_V, i1 %stream_in_32_V_last_V" [pixel_unpack/pixel_unpack.cpp:25]   --->   Operation 26 'read' 'empty_19' <Predicate = true> <Delay = 0.00> <CoreInst = "axis">   --->   Core 115 'axis' <Latency = 0> <II = 1> <Delay = 1.00> <Adapter> <Opcode : >
ST_2 : Operation 27 [1/1] (0.00ns)   --->   "%in_pixel_data_1 = extractvalue i42 %empty_19" [pixel_unpack/pixel_unpack.cpp:25]   --->   Operation 27 'extractvalue' 'in_pixel_data_1' <Predicate = true> <Delay = 0.00>
ST_2 : Operation 28 [1/1] (0.00ns)   --->   "%trunc_ln31 = trunc i32 %in_pixel_data_1" [pixel_unpack/pixel_unpack.cpp:31]   --->   Operation 28 'trunc' 'trunc_ln31' <Predicate = true> <Delay = 0.00>
ST_2 : Operation 29 [1/1] (0.00ns)   --->   "%tmp_2 = partselect i16 @_ssdm_op_PartSelect.i16.i32.i32.i32, i32 %in_pixel_data_1, i32 16, i32 31" [pixel_unpack/pixel_unpack.cpp:31]   --->   Operation 29 'partselect' 'tmp_2' <Predicate = true> <Delay = 0.00>

State 3 <SV = 2> <Delay = 0.97>
ST_3 : Operation 30 [1/1] (0.00ns) (grouped into LUT with out node has_user)   --->   "%in_pixel_user_2 = extractvalue i42 %empty" [pixel_unpack/pixel_unpack.cpp:25]   --->   Operation 30 'extractvalue' 'in_pixel_user_2' <Predicate = true> <Delay = 0.00>
ST_3 : Operation 31 [1/1] (0.00ns) (grouped into LUT with out node last)   --->   "%in_pixel_last = extractvalue i42 %empty" [pixel_unpack/pixel_unpack.cpp:25]   --->   Operation 31 'extractvalue' 'in_pixel_last' <Predicate = true> <Delay = 0.00>
ST_3 : Operation 32 [1/1] (0.00ns) (grouped into LUT with out node has_user)   --->   "%in_pixel_user = extractvalue i42 %empty_19" [pixel_unpack/pixel_unpack.cpp:25]   --->   Operation 32 'extractvalue' 'in_pixel_user' <Predicate = true> <Delay = 0.00>
ST_3 : Operation 33 [1/1] (0.00ns) (grouped into LUT with out node last)   --->   "%in_pixel_last_1 = extractvalue i42 %empty_19" [pixel_unpack/pixel_unpack.cpp:25]   --->   Operation 33 'extractvalue' 'in_pixel_last_1' <Predicate = true> <Delay = 0.00>
ST_3 : Operation 34 [1/1] (0.00ns)   --->   "%empty_20 = read i42 @_ssdm_op_Read.axis.volatile.i32P0A.i4P0A.i4P0A.i1P0A.i1P0A, i32 %stream_in_32_V_data_V, i4 %stream_in_32_V_keep_V, i4 %stream_in_32_V_strb_V, i1 %stream_in_32_V_user_V, i1 %stream_in_32_V_last_V" [pixel_unpack/pixel_unpack.cpp:25]   --->   Operation 34 'read' 'empty_20' <Predicate = true> <Delay = 0.00> <CoreInst = "axis">   --->   Core 115 'axis' <Latency = 0> <II = 1> <Delay = 1.00> <Adapter> <Opcode : >
ST_3 : Operation 35 [1/1] (0.00ns)   --->   "%in_pixel_data_2 = extractvalue i42 %empty_20" [pixel_unpack/pixel_unpack.cpp:25]   --->   Operation 35 'extractvalue' 'in_pixel_data_2' <Predicate = true> <Delay = 0.00>
ST_3 : Operation 36 [1/1] (0.00ns) (grouped into LUT with out node has_user)   --->   "%in_pixel_user_1 = extractvalue i42 %empty_20" [pixel_unpack/pixel_unpack.cpp:25]   --->   Operation 36 'extractvalue' 'in_pixel_user_1' <Predicate = true> <Delay = 0.00>
ST_3 : Operation 37 [1/1] (0.00ns) (grouped into LUT with out node last)   --->   "%in_pixel_last_2 = extractvalue i42 %empty_20" [pixel_unpack/pixel_unpack.cpp:25]   --->   Operation 37 'extractvalue' 'in_pixel_last_2' <Predicate = true> <Delay = 0.00>
ST_3 : Operation 38 [1/1] (0.00ns) (grouped into LUT with out node has_user)   --->   "%or_ln27 = or i1 %in_pixel_user, i1 %in_pixel_user_1" [pixel_unpack/pixel_unpack.cpp:27]   --->   Operation 38 'or' 'or_ln27' <Predicate = true> <Delay = 0.00> <CoreInst = "LogicGate">   --->   Core 74 'LogicGate' <Latency = 0> <II = 1> <Delay = 0.97> <FuncUnit> <Opcode : 'and' 'or' 'xor'> <InPorts = 2> <OutPorts = 1>
ST_3 : Operation 39 [1/1] (0.97ns) (out node of the LUT)   --->   "%has_user = or i1 %or_ln27, i1 %in_pixel_user_2" [pixel_unpack/pixel_unpack.cpp:27]   --->   Operation 39 'or' 'has_user' <Predicate = true> <Delay = 0.97> <CoreInst = "LogicGate">   --->   Core 74 'LogicGate' <Latency = 0> <II = 1> <Delay = 0.97> <FuncUnit> <Opcode : 'and' 'or' 'xor'> <InPorts = 2> <OutPorts = 1>
ST_3 : Operation 40 [1/1] (0.00ns) (grouped into LUT with out node last)   --->   "%or_ln28 = or i1 %in_pixel_last, i1 %in_pixel_last_2" [pixel_unpack/pixel_unpack.cpp:28]   --->   Operation 40 'or' 'or_ln28' <Predicate = true> <Delay = 0.00> <CoreInst = "LogicGate">   --->   Core 74 'LogicGate' <Latency = 0> <II = 1> <Delay = 0.97> <FuncUnit> <Opcode : 'and' 'or' 'xor'> <InPorts = 2> <OutPorts = 1>
ST_3 : Operation 41 [1/1] (0.97ns) (out node of the LUT)   --->   "%last = or i1 %or_ln28, i1 %in_pixel_last_1" [pixel_unpack/pixel_unpack.cpp:28]   --->   Operation 41 'or' 'last' <Predicate = true> <Delay = 0.97> <CoreInst = "LogicGate">   --->   Core 74 'LogicGate' <Latency = 0> <II = 1> <Delay = 0.97> <FuncUnit> <Opcode : 'and' 'or' 'xor'> <InPorts = 2> <OutPorts = 1>
ST_3 : Operation 42 [1/1] (0.00ns)   --->   "%write_ln34 = write void @_ssdm_op_Write.axis.volatile.i24P0A.i3P0A.i3P0A.i1P0A.i1P0A, i24 %stream_out_24_V_data_V, i3 %stream_out_24_V_keep_V, i3 %stream_out_24_V_strb_V, i1 %stream_out_24_V_user_V, i1 %stream_out_24_V_last_V, i24 %out_pixel_data, i3 0, i3 0, i1 %has_user, i1 0" [pixel_unpack/pixel_unpack.cpp:34]   --->   Operation 42 'write' 'write_ln34' <Predicate = true> <Delay = 0.00> <CoreInst = "axis">   --->   Core 115 'axis' <Latency = 0> <II = 1> <Delay = 1.00> <Adapter> <Opcode : >
ST_3 : Operation 43 [1/1] (0.00ns)   --->   "%trunc_ln31_1 = trunc i32 %in_pixel_data_2" [pixel_unpack/pixel_unpack.cpp:31]   --->   Operation 43 'trunc' 'trunc_ln31_1' <Predicate = true> <Delay = 0.00>
ST_3 : Operation 44 [1/1] (0.00ns)   --->   "%out_pixel_data_8 = partselect i24 @_ssdm_op_PartSelect.i24.i32.i32.i32, i32 %in_pixel_data_2, i32 8, i32 31" [pixel_unpack/pixel_unpack.cpp:31]   --->   Operation 44 'partselect' 'out_pixel_data_8' <Predicate = true> <Delay = 0.00>
ST_3 : Operation 45 [1/1] (0.00ns)   --->   "%br_ln19 = br i1 %last, void %for.body8, void %sw.epilog.loopexit8.exitStub" [pixel_unpack/pixel_unpack.cpp:19]   --->   Operation 45 'br' 'br_ln19' <Predicate = true> <Delay = 0.00>

State 4 <SV = 3> <Delay = 0.00>
ST_4 : Operation 46 [1/1] (0.00ns)   --->   "%out_pixel_data_6 = bitconcatenate i24 @_ssdm_op_BitConcatenate.i24.i16.i8, i16 %trunc_ln31, i8 %tmp" [pixel_unpack/pixel_unpack.cpp:31]   --->   Operation 46 'bitconcatenate' 'out_pixel_data_6' <Predicate = true> <Delay = 0.00>
ST_4 : Operation 47 [1/1] (0.00ns)   --->   "%write_ln34 = write void @_ssdm_op_Write.axis.volatile.i24P0A.i3P0A.i3P0A.i1P0A.i1P0A, i24 %stream_out_24_V_data_V, i3 %stream_out_24_V_keep_V, i3 %stream_out_24_V_strb_V, i1 %stream_out_24_V_user_V, i1 %stream_out_24_V_last_V, i24 %out_pixel_data_6, i3 0, i3 0, i1 0, i1 0" [pixel_unpack/pixel_unpack.cpp:34]   --->   Operation 47 'write' 'write_ln34' <Predicate = true> <Delay = 0.00> <CoreInst = "axis">   --->   Core 115 'axis' <Latency = 0> <II = 1> <Delay = 1.00> <Adapter> <Opcode : >

State 5 <SV = 4> <Delay = 0.00>
ST_5 : Operation 48 [1/1] (0.00ns)   --->   "%out_pixel_data_7 = bitconcatenate i24 @_ssdm_op_BitConcatenate.i24.i8.i16, i8 %trunc_ln31_1, i16 %tmp_2" [pixel_unpack/pixel_unpack.cpp:31]   --->   Operation 48 'bitconcatenate' 'out_pixel_data_7' <Predicate = true> <Delay = 0.00>
ST_5 : Operation 49 [1/1] (0.00ns)   --->   "%write_ln34 = write void @_ssdm_op_Write.axis.volatile.i24P0A.i3P0A.i3P0A.i1P0A.i1P0A, i24 %stream_out_24_V_data_V, i3 %stream_out_24_V_keep_V, i3 %stream_out_24_V_strb_V, i1 %stream_out_24_V_user_V, i1 %stream_out_24_V_last_V, i24 %out_pixel_data_7, i3 0, i3 0, i1 0, i1 0" [pixel_unpack/pixel_unpack.cpp:34]   --->   Operation 49 'write' 'write_ln34' <Predicate = true> <Delay = 0.00> <CoreInst = "axis">   --->   Core 115 'axis' <Latency = 0> <II = 1> <Delay = 1.00> <Adapter> <Opcode : >

State 6 <SV = 5> <Delay = 0.00>
ST_6 : Operation 50 [1/1] (0.00ns)   --->   "%specpipeline_ln20 = specpipeline void @_ssdm_op_SpecPipeline, i32 4, i32 0, i32 0, i32 0, void @empty_0" [pixel_unpack/pixel_unpack.cpp:20]   --->   Operation 50 'specpipeline' 'specpipeline_ln20' <Predicate = true> <Delay = 0.00>
ST_6 : Operation 51 [1/1] (0.00ns)   --->   "%specloopname_ln19 = specloopname void @_ssdm_op_SpecLoopName, void @empty_8" [pixel_unpack/pixel_unpack.cpp:19]   --->   Operation 51 'specloopname' 'specloopname_ln19' <Predicate = true> <Delay = 0.00>
ST_6 : Operation 52 [1/1] (0.00ns)   --->   "%write_ln34 = write void @_ssdm_op_Write.axis.volatile.i24P0A.i3P0A.i3P0A.i1P0A.i1P0A, i24 %stream_out_24_V_data_V, i3 %stream_out_24_V_keep_V, i3 %stream_out_24_V_strb_V, i1 %stream_out_24_V_user_V, i1 %stream_out_24_V_last_V, i24 %out_pixel_data_8, i3 0, i3 0, i1 0, i1 %last" [pixel_unpack/pixel_unpack.cpp:34]   --->   Operation 52 'write' 'write_ln34' <Predicate = true> <Delay = 0.00> <CoreInst = "axis">   --->   Core 115 'axis' <Latency = 0> <II = 1> <Delay = 1.00> <Adapter> <Opcode : >
ST_6 : Operation 53 [1/1] (0.00ns)   --->   "%ret_ln0 = ret"   --->   Operation 53 'ret' 'ret_ln0' <Predicate = (last)> <Delay = 0.00>


============================================================
+ Verbose Summary: Binding
============================================================
STG Binding: 
---------------- STG Properties BEGIN ----------------
- Is combinational: 0
- Is one-state seq: 0
- Is datapath-only: 0
- Is pipelined: 0
- Is top level: 0
Port [ Return ] is wired: 1; IO mode=ap_ctrl_hs:ce=0
Port [ stream_in_32_V_data_V]:  wired=1; compound=1; hidden=0; nouse=0; global=0; static=0; extern=0; dir=0; type=0; pingpong=0; private_global=0; IO mode=axis:ce=0
Port [ stream_in_32_V_keep_V]:  wired=1; compound=1; hidden=0; nouse=0; global=0; static=0; extern=0; dir=0; type=0; pingpong=0; private_global=0; IO mode=axis:ce=0
Port [ stream_in_32_V_strb_V]:  wired=1; compound=1; hidden=0; nouse=0; global=0; static=0; extern=0; dir=0; type=0; pingpong=0; private_global=0; IO mode=axis:ce=0
Port [ stream_in_32_V_user_V]:  wired=1; compound=1; hidden=0; nouse=0; global=0; static=0; extern=0; dir=0; type=0; pingpong=0; private_global=0; IO mode=axis:ce=0
Port [ stream_in_32_V_last_V]:  wired=1; compound=1; hidden=0; nouse=0; global=0; static=0; extern=0; dir=0; type=0; pingpong=0; private_global=0; IO mode=axis:ce=0
Port [ stream_out_24_V_data_V]:  wired=1; compound=1; hidden=0; nouse=0; global=0; static=0; extern=0; dir=1; type=0; pingpong=0; private_global=0; IO mode=axis:ce=0
Port [ stream_out_24_V_keep_V]:  wired=1; compound=1; hidden=0; nouse=0; global=0; static=0; extern=0; dir=1; type=0; pingpong=0; private_global=0; IO mode=axis:ce=0
Port [ stream_out_24_V_strb_V]:  wired=1; compound=1; hidden=0; nouse=0; global=0; static=0; extern=0; dir=1; type=0; pingpong=0; private_global=0; IO mode=axis:ce=0
Port [ stream_out_24_V_user_V]:  wired=1; compound=1; hidden=0; nouse=0; global=0; static=0; extern=0; dir=1; type=0; pingpong=0; private_global=0; IO mode=axis:ce=0
Port [ stream_out_24_V_last_V]:  wired=1; compound=1; hidden=0; nouse=0; global=0; static=0; extern=0; dir=1; type=0; pingpong=0; private_global=0; IO mode=axis:ce=0
---------------- STG Properties END ------------------

---------------- Datapath Model BEGIN ----------------

<LifeTime>
<method=bitvector/>
specaxissidechannel_ln0 (specaxissidechannel) [ 0000000]
specaxissidechannel_ln0 (specaxissidechannel) [ 0000000]
specinterface_ln0       (specinterface      ) [ 0000000]
specinterface_ln0       (specinterface      ) [ 0000000]
specinterface_ln0       (specinterface      ) [ 0000000]
specinterface_ln0       (specinterface      ) [ 0000000]
specinterface_ln0       (specinterface      ) [ 0000000]
specinterface_ln0       (specinterface      ) [ 0000000]
specinterface_ln0       (specinterface      ) [ 0000000]
specinterface_ln0       (specinterface      ) [ 0000000]
specinterface_ln0       (specinterface      ) [ 0000000]
specinterface_ln0       (specinterface      ) [ 0000000]
br_ln0                  (br                 ) [ 0000000]
empty                   (read               ) [ 0011000]
in_pixel_data           (extractvalue       ) [ 0000000]
out_pixel_data          (trunc              ) [ 0011000]
tmp                     (partselect         ) [ 0011100]
empty_19                (read               ) [ 0001000]
in_pixel_data_1         (extractvalue       ) [ 0000000]
trunc_ln31              (trunc              ) [ 0001100]
tmp_2                   (partselect         ) [ 0101110]
in_pixel_user_2         (extractvalue       ) [ 0000000]
in_pixel_last           (extractvalue       ) [ 0000000]
in_pixel_user           (extractvalue       ) [ 0000000]
in_pixel_last_1         (extractvalue       ) [ 0000000]
empty_20                (read               ) [ 0000000]
in_pixel_data_2         (extractvalue       ) [ 0000000]
in_pixel_user_1         (extractvalue       ) [ 0000000]
in_pixel_last_2         (extractvalue       ) [ 0000000]
or_ln27                 (or                 ) [ 0000000]
has_user                (or                 ) [ 0000000]
or_ln28                 (or                 ) [ 0000000]
last                    (or                 ) [ 0110111]
write_ln34              (write              ) [ 0000000]
trunc_ln31_1            (trunc              ) [ 0100110]
out_pixel_data_8        (partselect         ) [ 0110111]
br_ln19                 (br                 ) [ 0000000]
out_pixel_data_6        (bitconcatenate     ) [ 0000000]
write_ln34              (write              ) [ 0000000]
out_pixel_data_7        (bitconcatenate     ) [ 0000000]
write_ln34              (write              ) [ 0000000]
specpipeline_ln20       (specpipeline       ) [ 0000000]
specloopname_ln19       (specloopname       ) [ 0000000]
write_ln34              (write              ) [ 0000000]
ret_ln0                 (ret                ) [ 0000000]
</LifeTime>

<model>

<comp_list>
<comp id="0" class="1000" name="stream_in_32_V_data_V">
<pin_list>
<pin id="1" dir="1" index="0" bw="1" slack="0"/>
</pin_list>
<bind>
<StgValue><ssdm name="stream_in_32_V_data_V"/></StgValue>
</bind>
</comp>

<comp id="2" class="1000" name="stream_in_32_V_keep_V">
<pin_list>
<pin id="3" dir="1" index="0" bw="1" slack="0"/>
</pin_list>
<bind>
<StgValue><ssdm name="stream_in_32_V_keep_V"/></StgValue>
</bind>
</comp>

<comp id="4" class="1000" name="stream_in_32_V_strb_V">
<pin_list>
<pin id="5" dir="1" index="0" bw="1" slack="0"/>
</pin_list>
<bind>
<StgValue><ssdm name="stream_in_32_V_strb_V"/></StgValue>
</bind>
</comp>

<comp id="6" class="1000" name="stream_in_32_V_user_V">
<pin_list>
<pin id="7" dir="1" index="0" bw="1" slack="0"/>
</pin_list>
<bind>
<StgValue><ssdm name="stream_in_32_V_user_V"/></StgValue>
</bind>
</comp>

<comp id="8" class="1000" name="stream_in_32_V_last_V">
<pin_list>
<pin id="9" dir="1" index="0" bw="1" slack="0"/>
</pin_list>
<bind>
<StgValue><ssdm name="stream_in_32_V_last_V"/></StgValue>
</bind>
</comp>

<comp id="10" class="1000" name="stream_out_24_V_data_V">
<pin_list>
<pin id="11" dir="1" index="0" bw="1" slack="0"/>
</pin_list>
<bind>
<StgValue><ssdm name="stream_out_24_V_data_V"/></StgValue>
</bind>
</comp>

<comp id="12" class="1000" name="stream_out_24_V_keep_V">
<pin_list>
<pin id="13" dir="1" index="0" bw="1" slack="0"/>
</pin_list>
<bind>
<StgValue><ssdm name="stream_out_24_V_keep_V"/></StgValue>
</bind>
</comp>

<comp id="14" class="1000" name="stream_out_24_V_strb_V">
<pin_list>
<pin id="15" dir="1" index="0" bw="1" slack="0"/>
</pin_list>
<bind>
<StgValue><ssdm name="stream_out_24_V_strb_V"/></StgValue>
</bind>
</comp>

<comp id="16" class="1000" name="stream_out_24_V_user_V">
<pin_list>
<pin id="17" dir="1" index="0" bw="1" slack="0"/>
</pin_list>
<bind>
<StgValue><ssdm name="stream_out_24_V_user_V"/></StgValue>
</bind>
</comp>

<comp id="18" class="1000" name="stream_out_24_V_last_V">
<pin_list>
<pin id="19" dir="1" index="0" bw="1" slack="0"/>
</pin_list>
<bind>
<StgValue><ssdm name="stream_out_24_V_last_V"/></StgValue>
</bind>
</comp>

<comp id="20" class="1001" name="const_20">
<pin_list>
<pin id="21" dir="1" index="0" bw="1" slack="2147483647"/>
</pin_list>
<bind>
<StgValue><ssdm name="_ssdm_op_SpecAXISSideChannel"/></StgValue>
</bind>
</comp>

<comp id="22" class="1001" name="const_22">
<pin_list>
<pin id="23" dir="1" index="0" bw="1" slack="2147483647"/>
</pin_list>
<bind>
<StgValue><ssdm name=""/></StgValue>
</bind>
</comp>

<comp id="24" class="1001" name="const_24">
<pin_list>
<pin id="25" dir="1" index="0" bw="1" slack="2147483647"/>
</pin_list>
<bind>
<StgValue><ssdm name="empty_5"/></StgValue>
</bind>
</comp>

<comp id="26" class="1001" name="const_26">
<pin_list>
<pin id="27" dir="1" index="0" bw="1" slack="2147483647"/>
</pin_list>
<bind>
<StgValue><ssdm name="empty_14"/></StgValue>
</bind>
</comp>

<comp id="28" class="1001" name="const_28">
<pin_list>
<pin id="29" dir="1" index="0" bw="1" slack="2147483647"/>
</pin_list>
<bind>
<StgValue><ssdm name="_ssdm_op_SpecInterface"/></StgValue>
</bind>
</comp>

<comp id="30" class="1001" name="const_30">
<pin_list>
<pin id="31" dir="1" index="0" bw="1" slack="2147483647"/>
</pin_list>
<bind>
<StgValue><ssdm name="empty"/></StgValue>
</bind>
</comp>

<comp id="32" class="1001" name="const_32">
<pin_list>
<pin id="33" dir="1" index="0" bw="1" slack="2147483647"/>
</pin_list>
<bind>
<StgValue><ssdm name=""/></StgValue>
</bind>
</comp>

<comp id="34" class="1001" name="const_34">
<pin_list>
<pin id="35" dir="1" index="0" bw="1" slack="2147483647"/>
</pin_list>
<bind>
<StgValue><ssdm name="empty_13"/></StgValue>
</bind>
</comp>

<comp id="36" class="1001" name="const_36">
<pin_list>
<pin id="37" dir="1" index="0" bw="1" slack="2147483647"/>
</pin_list>
<bind>
<StgValue><ssdm name="empty_0"/></StgValue>
</bind>
</comp>

<comp id="38" class="1001" name="const_38">
<pin_list>
<pin id="39" dir="1" index="0" bw="1" slack="2147483647"/>
</pin_list>
<bind>
<StgValue><ssdm name=""/></StgValue>
</bind>
</comp>

<comp id="40" class="1001" name="const_40">
<pin_list>
<pin id="41" dir="1" index="0" bw="1" slack="0"/>
</pin_list>
<bind>
<StgValue><ssdm name="_ssdm_op_Read.axis.volatile.i32P0A.i4P0A.i4P0A.i1P0A.i1P0A"/></StgValue>
</bind>
</comp>

<comp id="42" class="1001" name="const_42">
<pin_list>
<pin id="43" dir="1" index="0" bw="1" slack="0"/>
</pin_list>
<bind>
<StgValue><ssdm name="_ssdm_op_PartSelect.i8.i32.i32.i32"/></StgValue>
</bind>
</comp>

<comp id="44" class="1001" name="const_44">
<pin_list>
<pin id="45" dir="1" index="0" bw="1" slack="0"/>
</pin_list>
<bind>
<StgValue><ssdm name=""/></StgValue>
</bind>
</comp>

<comp id="46" class="1001" name="const_46">
<pin_list>
<pin id="47" dir="1" index="0" bw="1" slack="0"/>
</pin_list>
<bind>
<StgValue><ssdm name=""/></StgValue>
</bind>
</comp>

<comp id="48" class="1001" name="const_48">
<pin_list>
<pin id="49" dir="1" index="0" bw="1" slack="0"/>
</pin_list>
<bind>
<StgValue><ssdm name="_ssdm_op_PartSelect.i16.i32.i32.i32"/></StgValue>
</bind>
</comp>

<comp id="50" class="1001" name="const_50">
<pin_list>
<pin id="51" dir="1" index="0" bw="1" slack="0"/>
</pin_list>
<bind>
<StgValue><ssdm name=""/></StgValue>
</bind>
</comp>

<comp id="52" class="1001" name="const_52">
<pin_list>
<pin id="53" dir="1" index="0" bw="1" slack="0"/>
</pin_list>
<bind>
<StgValue><ssdm name="_ssdm_op_Write.axis.volatile.i24P0A.i3P0A.i3P0A.i1P0A.i1P0A"/></StgValue>
</bind>
</comp>

<comp id="54" class="1001" name="const_54">
<pin_list>
<pin id="55" dir="1" index="0" bw="1" slack="0"/>
</pin_list>
<bind>
<StgValue><ssdm name=""/></StgValue>
</bind>
</comp>

<comp id="56" class="1001" name="const_56">
<pin_list>
<pin id="57" dir="1" index="0" bw="1" slack="0"/>
</pin_list>
<bind>
<StgValue><ssdm name=""/></StgValue>
</bind>
</comp>

<comp id="58" class="1001" name="const_58">
<pin_list>
<pin id="59" dir="1" index="0" bw="1" slack="0"/>
</pin_list>
<bind>
<StgValue><ssdm name="_ssdm_op_PartSelect.i24.i32.i32.i32"/></StgValue>
</bind>
</comp>

<comp id="60" class="1001" name="const_60">
<pin_list>
<pin id="61" dir="1" index="0" bw="1" slack="0"/>
</pin_list>
<bind>
<StgValue><ssdm name=""/></StgValue>
</bind>
</comp>

<comp id="62" class="1001" name="const_62">
<pin_list>
<pin id="63" dir="1" index="0" bw="1" slack="0"/>
</pin_list>
<bind>
<StgValue><ssdm name="_ssdm_op_BitConcatenate.i24.i16.i8"/></StgValue>
</bind>
</comp>

<comp id="64" class="1001" name="const_64">
<pin_list>
<pin id="65" dir="1" index="0" bw="1" slack="0"/>
</pin_list>
<bind>
<StgValue><ssdm name="_ssdm_op_BitConcatenate.i24.i8.i16"/></StgValue>
</bind>
</comp>

<comp id="66" class="1001" name="const_66">
<pin_list>
<pin id="67" dir="1" index="0" bw="1" slack="2147483647"/>
</pin_list>
<bind>
<StgValue><ssdm name="_ssdm_op_SpecPipeline"/></StgValue>
</bind>
</comp>

<comp id="68" class="1001" name="const_68">
<pin_list>
<pin id="69" dir="1" index="0" bw="1" slack="2147483647"/>
</pin_list>
<bind>
<StgValue><ssdm name=""/></StgValue>
</bind>
</comp>

<comp id="70" class="1001" name="const_70">
<pin_list>
<pin id="71" dir="1" index="0" bw="1" slack="2147483647"/>
</pin_list>
<bind>
<StgValue><ssdm name="_ssdm_op_SpecLoopName"/></StgValue>
</bind>
</comp>

<comp id="72" class="1001" name="const_72">
<pin_list>
<pin id="73" dir="1" index="0" bw="1" slack="2147483647"/>
</pin_list>
<bind>
<StgValue><ssdm name="empty_8"/></StgValue>
</bind>
</comp>

<comp id="74" class="1004" name="grp_read_fu_74">
<pin_list>
<pin id="75" dir="0" index="0" bw="42" slack="0"/>
<pin id="76" dir="0" index="1" bw="32" slack="0"/>
<pin id="77" dir="0" index="2" bw="4" slack="0"/>
<pin id="78" dir="0" index="3" bw="4" slack="0"/>
<pin id="79" dir="0" index="4" bw="1" slack="0"/>
<pin id="80" dir="0" index="5" bw="1" slack="0"/>
<pin id="81" dir="1" index="6" bw="42" slack="0"/>
</pin_list>
<bind>
<opcode="read(1150) " fcode="read"/>
<opset="empty/1 empty_19/2 empty_20/3 "/>
</bind>
</comp>

<comp id="88" class="1004" name="grp_write_fu_88">
<pin_list>
<pin id="89" dir="0" index="0" bw="0" slack="0"/>
<pin id="90" dir="0" index="1" bw="24" slack="0"/>
<pin id="91" dir="0" index="2" bw="3" slack="0"/>
<pin id="92" dir="0" index="3" bw="3" slack="0"/>
<pin id="93" dir="0" index="4" bw="1" slack="0"/>
<pin id="94" dir="0" index="5" bw="1" slack="0"/>
<pin id="95" dir="0" index="6" bw="24" slack="0"/>
<pin id="96" dir="0" index="7" bw="1" slack="0"/>
<pin id="97" dir="0" index="8" bw="1" slack="0"/>
<pin id="98" dir="0" index="9" bw="1" slack="0"/>
<pin id="99" dir="0" index="10" bw="1" slack="0"/>
<pin id="100" dir="1" index="11" bw="0" slack="2147483647"/>
</pin_list>
<bind>
<opcode="write(1151) " fcode="write"/>
<opset="write_ln34/3 write_ln34/4 write_ln34/5 write_ln34/6 "/>
</bind>
</comp>

<comp id="111" class="1004" name="grp_fu_111">
<pin_list>
<pin id="112" dir="0" index="0" bw="42" slack="0"/>
<pin id="113" dir="1" index="1" bw="32" slack="0"/>
</pin_list>
<bind>
<opcode="extractvalue(56) " fcode="extractvalue"/>
<opset="in_pixel_data/1 in_pixel_data_1/2 in_pixel_data_2/3 "/>
</bind>
</comp>

<comp id="115" class="1004" name="out_pixel_data_fu_115">
<pin_list>
<pin id="116" dir="0" index="0" bw="32" slack="0"/>
<pin id="117" dir="1" index="1" bw="24" slack="2"/>
</pin_list>
<bind>
<opcode="trunc(33) " fcode="trunc"/>
<opset="out_pixel_data/1 "/>
</bind>
</comp>

<comp id="119" class="1004" name="tmp_fu_119">
<pin_list>
<pin id="120" dir="0" index="0" bw="8" slack="0"/>
<pin id="121" dir="0" index="1" bw="32" slack="0"/>
<pin id="122" dir="0" index="2" bw="6" slack="0"/>
<pin id="123" dir="0" index="3" bw="6" slack="0"/>
<pin id="124" dir="1" index="4" bw="8" slack="3"/>
</pin_list>
<bind>
<opcode="partselect(1002) " fcode="partselect"/>
<opset="tmp/1 "/>
</bind>
</comp>

<comp id="129" class="1004" name="trunc_ln31_fu_129">
<pin_list>
<pin id="130" dir="0" index="0" bw="32" slack="0"/>
<pin id="131" dir="1" index="1" bw="16" slack="2"/>
</pin_list>
<bind>
<opcode="trunc(33) " fcode="trunc"/>
<opset="trunc_ln31/2 "/>
</bind>
</comp>

<comp id="133" class="1004" name="tmp_2_fu_133">
<pin_list>
<pin id="134" dir="0" index="0" bw="16" slack="0"/>
<pin id="135" dir="0" index="1" bw="32" slack="0"/>
<pin id="136" dir="0" index="2" bw="6" slack="0"/>
<pin id="137" dir="0" index="3" bw="6" slack="0"/>
<pin id="138" dir="1" index="4" bw="16" slack="3"/>
</pin_list>
<bind>
<opcode="partselect(1002) " fcode="partselect"/>
<opset="tmp_2/2 "/>
</bind>
</comp>

<comp id="143" class="1004" name="in_pixel_user_2_fu_143">
<pin_list>
<pin id="144" dir="0" index="0" bw="42" slack="2"/>
<pin id="145" dir="1" index="1" bw="1" slack="0"/>
</pin_list>
<bind>
<opcode="extractvalue(56) " fcode="extractvalue"/>
<opset="in_pixel_user_2/3 "/>
</bind>
</comp>

<comp id="146" class="1004" name="in_pixel_last_fu_146">
<pin_list>
<pin id="147" dir="0" index="0" bw="42" slack="2"/>
<pin id="148" dir="1" index="1" bw="1" slack="0"/>
</pin_list>
<bind>
<opcode="extractvalue(56) " fcode="extractvalue"/>
<opset="in_pixel_last/3 "/>
</bind>
</comp>

<comp id="149" class="1004" name="in_pixel_user_fu_149">
<pin_list>
<pin id="150" dir="0" index="0" bw="42" slack="1"/>
<pin id="151" dir="1" index="1" bw="1" slack="0"/>
</pin_list>
<bind>
<opcode="extractvalue(56) " fcode="extractvalue"/>
<opset="in_pixel_user/3 "/>
</bind>
</comp>

<comp id="152" class="1004" name="in_pixel_last_1_fu_152">
<pin_list>
<pin id="153" dir="0" index="0" bw="42" slack="1"/>
<pin id="154" dir="1" index="1" bw="1" slack="0"/>
</pin_list>
<bind>
<opcode="extractvalue(56) " fcode="extractvalue"/>
<opset="in_pixel_last_1/3 "/>
</bind>
</comp>

<comp id="155" class="1004" name="in_pixel_user_1_fu_155">
<pin_list>
<pin id="156" dir="0" index="0" bw="42" slack="0"/>
<pin id="157" dir="1" index="1" bw="1" slack="0"/>
</pin_list>
<bind>
<opcode="extractvalue(56) " fcode="extractvalue"/>
<opset="in_pixel_user_1/3 "/>
</bind>
</comp>

<comp id="159" class="1004" name="in_pixel_last_2_fu_159">
<pin_list>
<pin id="160" dir="0" index="0" bw="42" slack="0"/>
<pin id="161" dir="1" index="1" bw="1" slack="0"/>
</pin_list>
<bind>
<opcode="extractvalue(56) " fcode="extractvalue"/>
<opset="in_pixel_last_2/3 "/>
</bind>
</comp>

<comp id="163" class="1004" name="or_ln27_fu_163">
<pin_list>
<pin id="164" dir="0" index="0" bw="1" slack="0"/>
<pin id="165" dir="0" index="1" bw="1" slack="0"/>
<pin id="166" dir="1" index="2" bw="1" slack="0"/>
</pin_list>
<bind>
<opcode="or(24) " fcode="or"/>
<opset="or_ln27/3 "/>
</bind>
</comp>

<comp id="169" class="1004" name="has_user_fu_169">
<pin_list>
<pin id="170" dir="0" index="0" bw="1" slack="0"/>
<pin id="171" dir="0" index="1" bw="1" slack="0"/>
<pin id="172" dir="1" index="2" bw="1" slack="0"/>
</pin_list>
<bind>
<opcode="or(24) " fcode="or"/>
<opset="has_user/3 "/>
</bind>
</comp>

<comp id="176" class="1004" name="or_ln28_fu_176">
<pin_list>
<pin id="177" dir="0" index="0" bw="1" slack="0"/>
<pin id="178" dir="0" index="1" bw="1" slack="0"/>
<pin id="179" dir="1" index="2" bw="1" slack="0"/>
</pin_list>
<bind>
<opcode="or(24) " fcode="or"/>
<opset="or_ln28/3 "/>
</bind>
</comp>

<comp id="182" class="1004" name="last_fu_182">
<pin_list>
<pin id="183" dir="0" index="0" bw="1" slack="0"/>
<pin id="184" dir="0" index="1" bw="1" slack="0"/>
<pin id="185" dir="1" index="2" bw="1" slack="3"/>
</pin_list>
<bind>
<opcode="or(24) " fcode="or"/>
<opset="last/3 "/>
</bind>
</comp>

<comp id="188" class="1004" name="trunc_ln31_1_fu_188">
<pin_list>
<pin id="189" dir="0" index="0" bw="32" slack="0"/>
<pin id="190" dir="1" index="1" bw="8" slack="2"/>
</pin_list>
<bind>
<opcode="trunc(33) " fcode="trunc"/>
<opset="trunc_ln31_1/3 "/>
</bind>
</comp>

<comp id="192" class="1004" name="out_pixel_data_8_fu_192">
<pin_list>
<pin id="193" dir="0" index="0" bw="24" slack="0"/>
<pin id="194" dir="0" index="1" bw="32" slack="0"/>
<pin id="195" dir="0" index="2" bw="5" slack="0"/>
<pin id="196" dir="0" index="3" bw="6" slack="0"/>
<pin id="197" dir="1" index="4" bw="24" slack="3"/>
</pin_list>
<bind>
<opcode="partselect(1002) " fcode="partselect"/>
<opset="out_pixel_data_8/3 "/>
</bind>
</comp>

<comp id="202" class="1004" name="out_pixel_data_6_fu_202">
<pin_list>
<pin id="203" dir="0" index="0" bw="24" slack="0"/>
<pin id="204" dir="0" index="1" bw="16" slack="2"/>
<pin id="205" dir="0" index="2" bw="8" slack="3"/>
<pin id="206" dir="1" index="3" bw="24" slack="0"/>
</pin_list>
<bind>
<opcode="bitconcatenate(1004) " fcode="bitconcatenate"/>
<opset="out_pixel_data_6/4 "/>
</bind>
</comp>

<comp id="209" class="1004" name="out_pixel_data_7_fu_209">
<pin_list>
<pin id="210" dir="0" index="0" bw="24" slack="0"/>
<pin id="211" dir="0" index="1" bw="8" slack="2"/>
<pin id="212" dir="0" index="2" bw="16" slack="3"/>
<pin id="213" dir="1" index="3" bw="24" slack="0"/>
</pin_list>
<bind>
<opcode="bitconcatenate(1004) " fcode="bitconcatenate"/>
<opset="out_pixel_data_7/5 "/>
</bind>
</comp>

<comp id="216" class="1005" name="empty_reg_216">
<pin_list>
<pin id="217" dir="0" index="0" bw="42" slack="2"/>
<pin id="218" dir="1" index="1" bw="42" slack="2"/>
</pin_list>
<bind>
<opset="empty "/>
</bind>
</comp>

<comp id="222" class="1005" name="out_pixel_data_reg_222">
<pin_list>
<pin id="223" dir="0" index="0" bw="24" slack="2"/>
<pin id="224" dir="1" index="1" bw="24" slack="2"/>
</pin_list>
<bind>
<opset="out_pixel_data "/>
</bind>
</comp>

<comp id="227" class="1005" name="tmp_reg_227">
<pin_list>
<pin id="228" dir="0" index="0" bw="8" slack="3"/>
<pin id="229" dir="1" index="1" bw="8" slack="3"/>
</pin_list>
<bind>
<opset="tmp "/>
</bind>
</comp>

<comp id="232" class="1005" name="empty_19_reg_232">
<pin_list>
<pin id="233" dir="0" index="0" bw="42" slack="1"/>
<pin id="234" dir="1" index="1" bw="42" slack="1"/>
</pin_list>
<bind>
<opset="empty_19 "/>
</bind>
</comp>

<comp id="238" class="1005" name="trunc_ln31_reg_238">
<pin_list>
<pin id="239" dir="0" index="0" bw="16" slack="2"/>
<pin id="240" dir="1" index="1" bw="16" slack="2"/>
</pin_list>
<bind>
<opset="trunc_ln31 "/>
</bind>
</comp>

<comp id="243" class="1005" name="tmp_2_reg_243">
<pin_list>
<pin id="244" dir="0" index="0" bw="16" slack="3"/>
<pin id="245" dir="1" index="1" bw="16" slack="3"/>
</pin_list>
<bind>
<opset="tmp_2 "/>
</bind>
</comp>

<comp id="248" class="1005" name="last_reg_248">
<pin_list>
<pin id="249" dir="0" index="0" bw="1" slack="3"/>
<pin id="250" dir="1" index="1" bw="1" slack="3"/>
</pin_list>
<bind>
<opset="last "/>
</bind>
</comp>

<comp id="253" class="1005" name="trunc_ln31_1_reg_253">
<pin_list>
<pin id="254" dir="0" index="0" bw="8" slack="2"/>
<pin id="255" dir="1" index="1" bw="8" slack="2"/>
</pin_list>
<bind>
<opset="trunc_ln31_1 "/>
</bind>
</comp>

<comp id="258" class="1005" name="out_pixel_data_8_reg_258">
<pin_list>
<pin id="259" dir="0" index="0" bw="24" slack="3"/>
<pin id="260" dir="1" index="1" bw="24" slack="3"/>
</pin_list>
<bind>
<opset="out_pixel_data_8 "/>
</bind>
</comp>

</comp_list>

<net_list>
<net id="82"><net_src comp="40" pin="0"/><net_sink comp="74" pin=0"/></net>

<net id="83"><net_src comp="0" pin="0"/><net_sink comp="74" pin=1"/></net>

<net id="84"><net_src comp="2" pin="0"/><net_sink comp="74" pin=2"/></net>

<net id="85"><net_src comp="4" pin="0"/><net_sink comp="74" pin=3"/></net>

<net id="86"><net_src comp="6" pin="0"/><net_sink comp="74" pin=4"/></net>

<net id="87"><net_src comp="8" pin="0"/><net_sink comp="74" pin=5"/></net>

<net id="101"><net_src comp="52" pin="0"/><net_sink comp="88" pin=0"/></net>

<net id="102"><net_src comp="10" pin="0"/><net_sink comp="88" pin=1"/></net>

<net id="103"><net_src comp="12" pin="0"/><net_sink comp="88" pin=2"/></net>

<net id="104"><net_src comp="14" pin="0"/><net_sink comp="88" pin=3"/></net>

<net id="105"><net_src comp="16" pin="0"/><net_sink comp="88" pin=4"/></net>

<net id="106"><net_src comp="18" pin="0"/><net_sink comp="88" pin=5"/></net>

<net id="107"><net_src comp="54" pin="0"/><net_sink comp="88" pin=7"/></net>

<net id="108"><net_src comp="54" pin="0"/><net_sink comp="88" pin=8"/></net>

<net id="109"><net_src comp="56" pin="0"/><net_sink comp="88" pin=10"/></net>

<net id="110"><net_src comp="56" pin="0"/><net_sink comp="88" pin=9"/></net>

<net id="114"><net_src comp="74" pin="6"/><net_sink comp="111" pin=0"/></net>

<net id="118"><net_src comp="111" pin="1"/><net_sink comp="115" pin=0"/></net>

<net id="125"><net_src comp="42" pin="0"/><net_sink comp="119" pin=0"/></net>

<net id="126"><net_src comp="111" pin="1"/><net_sink comp="119" pin=1"/></net>

<net id="127"><net_src comp="44" pin="0"/><net_sink comp="119" pin=2"/></net>

<net id="128"><net_src comp="46" pin="0"/><net_sink comp="119" pin=3"/></net>

<net id="132"><net_src comp="111" pin="1"/><net_sink comp="129" pin=0"/></net>

<net id="139"><net_src comp="48" pin="0"/><net_sink comp="133" pin=0"/></net>

<net id="140"><net_src comp="111" pin="1"/><net_sink comp="133" pin=1"/></net>

<net id="141"><net_src comp="50" pin="0"/><net_sink comp="133" pin=2"/></net>

<net id="142"><net_src comp="46" pin="0"/><net_sink comp="133" pin=3"/></net>

<net id="158"><net_src comp="74" pin="6"/><net_sink comp="155" pin=0"/></net>

<net id="162"><net_src comp="74" pin="6"/><net_sink comp="159" pin=0"/></net>

<net id="167"><net_src comp="149" pin="1"/><net_sink comp="163" pin=0"/></net>

<net id="168"><net_src comp="155" pin="1"/><net_sink comp="163" pin=1"/></net>

<net id="173"><net_src comp="163" pin="2"/><net_sink comp="169" pin=0"/></net>

<net id="174"><net_src comp="143" pin="1"/><net_sink comp="169" pin=1"/></net>

<net id="175"><net_src comp="169" pin="2"/><net_sink comp="88" pin=9"/></net>

<net id="180"><net_src comp="146" pin="1"/><net_sink comp="176" pin=0"/></net>

<net id="181"><net_src comp="159" pin="1"/><net_sink comp="176" pin=1"/></net>

<net id="186"><net_src comp="176" pin="2"/><net_sink comp="182" pin=0"/></net>

<net id="187"><net_src comp="152" pin="1"/><net_sink comp="182" pin=1"/></net>

<net id="191"><net_src comp="111" pin="1"/><net_sink comp="188" pin=0"/></net>

<net id="198"><net_src comp="58" pin="0"/><net_sink comp="192" pin=0"/></net>

<net id="199"><net_src comp="111" pin="1"/><net_sink comp="192" pin=1"/></net>

<net id="200"><net_src comp="60" pin="0"/><net_sink comp="192" pin=2"/></net>

<net id="201"><net_src comp="46" pin="0"/><net_sink comp="192" pin=3"/></net>

<net id="207"><net_src comp="62" pin="0"/><net_sink comp="202" pin=0"/></net>

<net id="208"><net_src comp="202" pin="3"/><net_sink comp="88" pin=6"/></net>

<net id="214"><net_src comp="64" pin="0"/><net_sink comp="209" pin=0"/></net>

<net id="215"><net_src comp="209" pin="3"/><net_sink comp="88" pin=6"/></net>

<net id="219"><net_src comp="74" pin="6"/><net_sink comp="216" pin=0"/></net>

<net id="220"><net_src comp="216" pin="1"/><net_sink comp="143" pin=0"/></net>

<net id="221"><net_src comp="216" pin="1"/><net_sink comp="146" pin=0"/></net>

<net id="225"><net_src comp="115" pin="1"/><net_sink comp="222" pin=0"/></net>

<net id="226"><net_src comp="222" pin="1"/><net_sink comp="88" pin=6"/></net>

<net id="230"><net_src comp="119" pin="4"/><net_sink comp="227" pin=0"/></net>

<net id="231"><net_src comp="227" pin="1"/><net_sink comp="202" pin=2"/></net>

<net id="235"><net_src comp="74" pin="6"/><net_sink comp="232" pin=0"/></net>

<net id="236"><net_src comp="232" pin="1"/><net_sink comp="149" pin=0"/></net>

<net id="237"><net_src comp="232" pin="1"/><net_sink comp="152" pin=0"/></net>

<net id="241"><net_src comp="129" pin="1"/><net_sink comp="238" pin=0"/></net>

<net id="242"><net_src comp="238" pin="1"/><net_sink comp="202" pin=1"/></net>

<net id="246"><net_src comp="133" pin="4"/><net_sink comp="243" pin=0"/></net>

<net id="247"><net_src comp="243" pin="1"/><net_sink comp="209" pin=2"/></net>

<net id="251"><net_src comp="182" pin="2"/><net_sink comp="248" pin=0"/></net>

<net id="252"><net_src comp="248" pin="1"/><net_sink comp="88" pin=10"/></net>

<net id="256"><net_src comp="188" pin="1"/><net_sink comp="253" pin=0"/></net>

<net id="257"><net_src comp="253" pin="1"/><net_sink comp="209" pin=1"/></net>

<net id="261"><net_src comp="192" pin="4"/><net_sink comp="258" pin=0"/></net>

<net id="262"><net_src comp="258" pin="1"/><net_sink comp="88" pin=6"/></net>

</net_list>

</model> 
---------------- Datapath Model END ------------------

* FSMD analyzer results:
  - Output states:
	Port: stream_in_32_V_data_V | {}
	Port: stream_in_32_V_keep_V | {}
	Port: stream_in_32_V_strb_V | {}
	Port: stream_in_32_V_user_V | {}
	Port: stream_in_32_V_last_V | {}
	Port: stream_out_24_V_data_V | {3 4 5 6 }
	Port: stream_out_24_V_keep_V | {3 4 5 6 }
	Port: stream_out_24_V_strb_V | {3 4 5 6 }
	Port: stream_out_24_V_user_V | {3 4 5 6 }
	Port: stream_out_24_V_last_V | {3 4 5 6 }
 - Input state : 
	Port: pixel_unpack_Pipeline_VITIS_LOOP_19_1 : stream_in_32_V_data_V | {1 2 3 }
	Port: pixel_unpack_Pipeline_VITIS_LOOP_19_1 : stream_in_32_V_keep_V | {1 2 3 }
	Port: pixel_unpack_Pipeline_VITIS_LOOP_19_1 : stream_in_32_V_strb_V | {1 2 3 }
	Port: pixel_unpack_Pipeline_VITIS_LOOP_19_1 : stream_in_32_V_user_V | {1 2 3 }
	Port: pixel_unpack_Pipeline_VITIS_LOOP_19_1 : stream_in_32_V_last_V | {1 2 3 }
	Port: pixel_unpack_Pipeline_VITIS_LOOP_19_1 : stream_out_24_V_data_V | {}
	Port: pixel_unpack_Pipeline_VITIS_LOOP_19_1 : stream_out_24_V_keep_V | {}
	Port: pixel_unpack_Pipeline_VITIS_LOOP_19_1 : stream_out_24_V_strb_V | {}
	Port: pixel_unpack_Pipeline_VITIS_LOOP_19_1 : stream_out_24_V_user_V | {}
	Port: pixel_unpack_Pipeline_VITIS_LOOP_19_1 : stream_out_24_V_last_V | {}
  - Chain level:
	State 1
		out_pixel_data : 1
		tmp : 1
	State 2
		trunc_ln31 : 1
		tmp_2 : 1
	State 3
		or_ln27 : 1
		has_user : 1
		or_ln28 : 1
		last : 1
		write_ln34 : 1
		trunc_ln31_1 : 1
		out_pixel_data_8 : 1
		br_ln19 : 1
	State 4
		write_ln34 : 1
	State 5
		write_ln34 : 1
	State 6


============================================================
+ Verbose Summary: Datapath Resource usage 
============================================================

* Functional unit list:
|----------|-------------------------|---------|---------|
| Operation|     Functional Unit     |    FF   |   LUT   |
|----------|-------------------------|---------|---------|
|          |      or_ln27_fu_163     |    0    |    2    |
|    or    |     has_user_fu_169     |    0    |    2    |
|          |      or_ln28_fu_176     |    0    |    2    |
|          |       last_fu_182       |    0    |    2    |
|----------|-------------------------|---------|---------|
|   read   |      grp_read_fu_74     |    0    |    0    |
|----------|-------------------------|---------|---------|
|   write  |     grp_write_fu_88     |    0    |    0    |
|----------|-------------------------|---------|---------|
|          |        grp_fu_111       |    0    |    0    |
|          |  in_pixel_user_2_fu_143 |    0    |    0    |
|          |   in_pixel_last_fu_146  |    0    |    0    |
|extractvalue|   in_pixel_user_fu_149  |    0    |    0    |
|          |  in_pixel_last_1_fu_152 |    0    |    0    |
|          |  in_pixel_user_1_fu_155 |    0    |    0    |
|          |  in_pixel_last_2_fu_159 |    0    |    0    |
|----------|-------------------------|---------|---------|
|          |  out_pixel_data_fu_115  |    0    |    0    |
|   trunc  |    trunc_ln31_fu_129    |    0    |    0    |
|          |   trunc_ln31_1_fu_188   |    0    |    0    |
|----------|-------------------------|---------|---------|
|          |        tmp_fu_119       |    0    |    0    |
|partselect|       tmp_2_fu_133      |    0    |    0    |
|          | out_pixel_data_8_fu_192 |    0    |    0    |
|----------|-------------------------|---------|---------|
|bitconcatenate| out_pixel_data_6_fu_202 |    0    |    0    |
|          | out_pixel_data_7_fu_209 |    0    |    0    |
|----------|-------------------------|---------|---------|
|   Total  |                         |    0    |    8    |
|----------|-------------------------|---------|---------|

Memories:
N/A

* Register list:
+------------------------+--------+
|                        |   FF   |
+------------------------+--------+
|    empty_19_reg_232    |   42   |
|      empty_reg_216     |   42   |
|      last_reg_248      |    1   |
|out_pixel_data_8_reg_258|   24   |
| out_pixel_data_reg_222 |   24   |
|      tmp_2_reg_243     |   16   |
|       tmp_reg_227      |    8   |
|  trunc_ln31_1_reg_253  |    8   |
|   trunc_ln31_reg_238   |   16   |
+------------------------+--------+
|          Total         |   181  |
+------------------------+--------+

* Multiplexer (MUX) list: 
|-----------------|------|------|------|--------||---------||---------|
|       Comp      |  Pin | Size |  BW  | S x BW ||  Delay  ||   LUT   |
|-----------------|------|------|------|--------||---------||---------|
| grp_write_fu_88 |  p6  |   4  |  24  |   96   ||    20   |
| grp_write_fu_88 |  p9  |   2  |   1  |    2   ||    9    |
| grp_write_fu_88 |  p10 |   2  |   1  |    2   ||    9    |
|-----------------|------|------|------|--------||---------||---------|
|      Total      |      |      |      |   100  ||  5.0026 ||    38   |
|-----------------|------|------|------|--------||---------||---------|



* Summary:
+-----------+--------+--------+--------+
|           |  Delay |   FF   |   LUT  |
+-----------+--------+--------+--------+
|  Function |    -   |    0   |    8   |
|   Memory  |    -   |    -   |    -   |
|Multiplexer|    5   |    -   |   38   |
|  Register |    -   |   181  |    -   |
+-----------+--------+--------+--------+
|   Total   |    5   |   181  |   46   |
+-----------+--------+--------+--------+
